This is cutadapt 1.18 with Python 3.7.0
Command line parameters: -j 3 -a AGATCGGAAGAGC -A AGATCGGAAGAGC --trim-n -m 50 -q 20,20 -o /home1/gyang/work_space/4.ProjectET/batch14_cr/2.cutdata/Morula_Tead4_rep2.R1_cut.fq -p /home1/gyang/work_space/4.ProjectET/batch14_cr/2.cutdata/Morula_Tead4_rep2.R2_cut.fq Morula_Tead4_rep2.R1.fq.gz Morula_Tead4_rep2.R2.fq.gz
Processing reads on 3 cores in paired-end mode ...
Finished in 498.42 s (14 us/read; 4.16 M reads/minute).

=== Summary ===

Total read pairs processed:         34,535,240
  Read 1 with adapter:               1,173,949 (3.4%)
  Read 2 with adapter:               1,186,754 (3.4%)
Pairs that were too short:              68,696 (0.2%)
Pairs written (passing filters):    34,466,544 (99.8%)

Total basepairs processed: 10,360,572,000 bp
  Read 1: 5,180,286,000 bp
  Read 2: 5,180,286,000 bp
Quality-trimmed:              30,797,344 bp (0.3%)
  Read 1:    12,110,384 bp
  Read 2:    18,686,960 bp
Total written (filtered):  10,303,780,209 bp (99.5%)
  Read 1: 5,153,168,966 bp
  Read 2: 5,150,611,243 bp

=== First read: Adapter 1 ===

Sequence: AGATCGGAAGAGC; Type: regular 3'; Length: 13; Trimmed: 1173949 times.

No. of allowed errors:
0-9 bp: 0; 10-13 bp: 1

Bases preceding removed adapters:
  A: 28.7%
  C: 24.4%
  G: 25.6%
  T: 21.4%
  none/other: 0.0%

Overview of removed sequences
length	count	expect	max.err	error counts
3	861003	539613.1	0	861003
4	165007	134903.3	0	165007
5	34246	33725.8	0	34246
6	4354	8431.5	0	4354
7	2436	2107.9	0	2436
8	2786	527.0	0	2786
9	3616	131.7	0	2699 917
10	3071	32.9	1	1695 1376
11	4486	8.2	1	2560 1926
12	3274	2.1	1	2096 1178
13	2357	0.5	1	1545 812
14	3009	0.5	1	1804 1205
15	2453	0.5	1	1533 920
16	3090	0.5	1	1783 1307
17	3365	0.5	1	1976 1389
18	2096	0.5	1	1371 725
19	1705	0.5	1	1048 657
20	2168	0.5	1	1337 831
21	2202	0.5	1	1387 815
22	1471	0.5	1	931 540
23	2057	0.5	1	1228 829
24	2542	0.5	1	1410 1132
25	1711	0.5	1	1021 690
26	1615	0.5	1	961 654
27	2012	0.5	1	1241 771
28	1617	0.5	1	1010 607
29	2520	0.5	1	1476 1044
30	1678	0.5	1	1062 616
31	1407	0.5	1	865 542
32	1518	0.5	1	933 585
33	2117	0.5	1	1210 907
34	2011	0.5	1	1192 819
35	1176	0.5	1	733 443
36	1918	0.5	1	1103 815
37	1451	0.5	1	891 560
38	1333	0.5	1	786 547
39	1269	0.5	1	744 525
40	1124	0.5	1	632 492
41	1361	0.5	1	816 545
42	1297	0.5	1	787 510
43	1295	0.5	1	738 557
44	1429	0.5	1	794 635
45	1214	0.5	1	713 501
46	745	0.5	1	402 343
47	696	0.5	1	375 321
48	765	0.5	1	432 333
49	721	0.5	1	417 304
50	842	0.5	1	463 379
51	1092	0.5	1	605 487
52	771	0.5	1	434 337
53	661	0.5	1	372 289
54	777	0.5	1	434 343
55	820	0.5	1	500 320
56	777	0.5	1	449 328
57	817	0.5	1	489 328
58	1019	0.5	1	635 384
59	822	0.5	1	463 359
60	713	0.5	1	410 303
61	765	0.5	1	438 327
62	954	0.5	1	599 355
63	793	0.5	1	457 336
64	853	0.5	1	535 318
65	714	0.5	1	415 299
66	980	0.5	1	630 350
67	1041	0.5	1	651 390
68	1233	0.5	1	820 413
69	940	0.5	1	566 374
70	863	0.5	1	585 278
71	288	0.5	1	152 136
72	262	0.5	1	126 136
73	376	0.5	1	207 169
74	432	0.5	1	261 171
75	428	0.5	1	276 152
76	448	0.5	1	242 206
77	425	0.5	1	259 166
78	326	0.5	1	218 108
79	256	0.5	1	129 127
80	160	0.5	1	84 76
81	142	0.5	1	67 75
82	87	0.5	1	43 44
83	76	0.5	1	32 44
84	73	0.5	1	24 49
85	76	0.5	1	17 59
86	67	0.5	1	25 42
87	68	0.5	1	15 53
88	60	0.5	1	18 42
89	48	0.5	1	10 38
90	52	0.5	1	17 35
91	39	0.5	1	11 28
92	44	0.5	1	8 36
93	39	0.5	1	13 26
94	57	0.5	1	6 51
95	46	0.5	1	13 33
96	40	0.5	1	10 30
97	52	0.5	1	20 32
98	55	0.5	1	11 44
99	57	0.5	1	12 45
100	63	0.5	1	20 43
101	57	0.5	1	15 42
102	58	0.5	1	14 44
103	61	0.5	1	21 40
104	63	0.5	1	22 41
105	62	0.5	1	15 47
106	57	0.5	1	18 39
107	48	0.5	1	14 34
108	53	0.5	1	15 38
109	45	0.5	1	15 30
110	62	0.5	1	15 47
111	50	0.5	1	17 33
112	55	0.5	1	17 38
113	55	0.5	1	15 40
114	69	0.5	1	16 53
115	43	0.5	1	7 36
116	54	0.5	1	11 43
117	51	0.5	1	23 28
118	50	0.5	1	13 37
119	41	0.5	1	16 25
120	48	0.5	1	15 33
121	35	0.5	1	11 24
122	41	0.5	1	10 31
123	44	0.5	1	13 31
124	37	0.5	1	8 29
125	46	0.5	1	6 40
126	34	0.5	1	7 27
127	31	0.5	1	6 25
128	34	0.5	1	12 22
129	30	0.5	1	4 26
130	26	0.5	1	6 20
131	22	0.5	1	1 21
132	23	0.5	1	0 23
133	20	0.5	1	0 20
134	26	0.5	1	0 26
135	28	0.5	1	0 28
136	13	0.5	1	0 13
137	28	0.5	1	0 28
138	20	0.5	1	0 20
139	40	0.5	1	0 40
140	21	0.5	1	0 21
141	24	0.5	1	0 24
142	24	0.5	1	0 24
143	15	0.5	1	0 15
144	27	0.5	1	0 27
145	29	0.5	1	0 29
146	33	0.5	1	0 33
147	47	0.5	1	0 47
148	48	0.5	1	0 48
149	92	0.5	1	0 92
150	246	0.5	1	0 246

=== Second read: Adapter 2 ===

Sequence: AGATCGGAAGAGC; Type: regular 3'; Length: 13; Trimmed: 1186754 times.

No. of allowed errors:
0-9 bp: 0; 10-13 bp: 1

Bases preceding removed adapters:
  A: 28.5%
  C: 24.1%
  G: 25.6%
  T: 21.8%
  none/other: 0.0%

Overview of removed sequences
length	count	expect	max.err	error counts
3	870322	539613.1	0	870322
4	168662	134903.3	0	168662
5	34931	33725.8	0	34931
6	4550	8431.5	0	4550
7	2773	2107.9	0	2773
8	2885	527.0	0	2885
9	3521	131.7	0	2661 860
10	3604	32.9	1	2038 1566
11	4515	8.2	1	2608 1907
12	4153	2.1	1	2751 1402
13	2406	0.5	1	1648 758
14	3167	0.5	1	2073 1094
15	2212	0.5	1	1459 753
16	2664	0.5	1	1828 836
17	2932	0.5	1	2011 921
18	1941	0.5	1	1361 580
19	3140	0.5	1	2133 1007
20	2105	0.5	1	1395 710
21	2589	0.5	1	1721 868
22	1965	0.5	1	1393 572
23	2032	0.5	1	1417 615
24	3852	0.5	1	2659 1193
25	1907	0.5	1	1316 591
26	1952	0.5	1	1287 665
27	2804	0.5	1	1778 1026
28	2550	0.5	1	1883 667
29	2242	0.5	1	1446 796
30	2940	0.5	1	2167 773
31	1664	0.5	1	1086 578
32	3913	0.5	1	3070 843
33	2203	0.5	1	1538 665
34	1108	0.5	1	673 435
35	1920	0.5	1	1466 454
36	1093	0.5	1	706 387
37	1101	0.5	1	729 372
38	804	0.5	1	519 285
39	862	0.5	1	575 287
40	692	0.5	1	429 263
41	1060	0.5	1	770 290
42	1417	0.5	1	1042 375
43	632	0.5	1	413 219
44	1048	0.5	1	739 309
45	1800	0.5	1	1480 320
46	839	0.5	1	572 267
47	556	0.5	1	380 176
48	1153	0.5	1	859 294
49	491	0.5	1	318 173
50	430	0.5	1	271 159
51	1219	0.5	1	936 283
52	824	0.5	1	603 221
53	446	0.5	1	255 191
54	575	0.5	1	373 202
55	518	0.5	1	356 162
56	426	0.5	1	262 164
57	409	0.5	1	266 143
58	607	0.5	1	435 172
59	475	0.5	1	309 166
60	402	0.5	1	266 136
61	419	0.5	1	266 153
62	463	0.5	1	306 157
63	525	0.5	1	345 180
64	578	0.5	1	384 194
65	478	0.5	1	302 176
66	480	0.5	1	303 177
67	473	0.5	1	296 177
68	538	0.5	1	354 184
69	458	0.5	1	289 169
70	419	0.5	1	251 168
71	410	0.5	1	255 155
72	355	0.5	1	201 154
73	309	0.5	1	180 129
74	258	0.5	1	155 103
75	221	0.5	1	125 96
76	229	0.5	1	117 112
77	211	0.5	1	114 97
78	163	0.5	1	87 76
79	119	0.5	1	46 73
80	140	0.5	1	66 74
81	113	0.5	1	56 57
82	94	0.5	1	24 70
83	79	0.5	1	30 49
84	73	0.5	1	35 38
85	78	0.5	1	28 50
86	81	0.5	1	29 52
87	83	0.5	1	27 56
88	86	0.5	1	26 60
89	70	0.5	1	22 48
90	61	0.5	1	19 42
91	46	0.5	1	13 33
92	52	0.5	1	14 38
93	57	0.5	1	16 41
94	61	0.5	1	15 46
95	46	0.5	1	14 32
96	44	0.5	1	18 26
97	45	0.5	1	16 29
98	62	0.5	1	19 43
99	61	0.5	1	18 43
100	69	0.5	1	25 44
101	51	0.5	1	11 40
102	61	0.5	1	22 39
103	57	0.5	1	24 33
104	70	0.5	1	21 49
105	52	0.5	1	20 32
106	59	0.5	1	28 31
107	54	0.5	1	17 37
108	62	0.5	1	27 35
109	59	0.5	1	18 41
110	45	0.5	1	18 27
111	79	0.5	1	26 53
112	70	0.5	1	28 42
113	74	0.5	1	28 46
114	67	0.5	1	26 41
115	63	0.5	1	18 45
116	59	0.5	1	22 37
117	56	0.5	1	11 45
118	66	0.5	1	17 49
119	59	0.5	1	24 35
120	63	0.5	1	19 44
121	57	0.5	1	23 34
122	58	0.5	1	18 40
123	50	0.5	1	12 38
124	59	0.5	1	25 34
125	50	0.5	1	14 36
126	40	0.5	1	12 28
127	43	0.5	1	8 35
128	32	0.5	1	7 25
129	36	0.5	1	6 30
130	39	0.5	1	7 32
131	17	0.5	1	2 15
132	22	0.5	1	0 22
133	22	0.5	1	0 22
134	25	0.5	1	0 25
135	24	0.5	1	0 24
136	18	0.5	1	0 18
137	15	0.5	1	0 15
138	18	0.5	1	0 18
139	20	0.5	1	0 20
140	15	0.5	1	0 15
141	25	0.5	1	0 25
142	22	0.5	1	0 22
143	7	0.5	1	0 7
144	18	0.5	1	1 17
145	22	0.5	1	0 22
146	17	0.5	1	0 17
147	25	0.5	1	0 25
148	29	0.5	1	0 29
149	15	0.5	1	0 15
150	78	0.5	1	0 78

