This is cutadapt 1.18 with Python 3.7.0
Command line parameters: -j 3 -a AGATCGGAAGAGC -A AGATCGGAAGAGC --trim-n -m 50 -q 20,20 -o /home1/gyang/work_space/4.ProjectET/batch19_cr/2.cutdata/TE_Tead4_rep1.R1_cut.fq -p /home1/gyang/work_space/4.ProjectET/batch19_cr/2.cutdata/TE_Tead4_rep1.R2_cut.fq TE_Tead4_rep1.R1.fq.gz TE_Tead4_rep1.R2.fq.gz
Processing reads on 3 cores in paired-end mode ...
Finished in 1167.86 s (31 us/read; 1.93 M reads/minute).

=== Summary ===

Total read pairs processed:         37,596,351
  Read 1 with adapter:               1,349,551 (3.6%)
  Read 2 with adapter:               1,367,073 (3.6%)
Pairs that were too short:              72,254 (0.2%)
Pairs written (passing filters):    37,524,097 (99.8%)

Total basepairs processed: 11,278,905,300 bp
  Read 1: 5,639,452,650 bp
  Read 2: 5,639,452,650 bp
Quality-trimmed:              38,076,693 bp (0.3%)
  Read 1:    15,706,908 bp
  Read 2:    22,369,785 bp
Total written (filtered):  11,210,698,388 bp (99.4%)
  Read 1: 5,606,755,844 bp
  Read 2: 5,603,942,544 bp

=== First read: Adapter 1 ===

Sequence: AGATCGGAAGAGC; Type: regular 3'; Length: 13; Trimmed: 1349551 times.

No. of allowed errors:
0-9 bp: 0; 10-13 bp: 1

Bases preceding removed adapters:
  A: 28.1%
  C: 24.4%
  G: 27.7%
  T: 19.8%
  none/other: 0.0%

Overview of removed sequences
length	count	expect	max.err	error counts
3	938599	587443.0	0	938599
4	183155	146860.7	0	183155
5	38356	36715.2	0	38356
6	6614	9178.8	0	6614
7	4666	2294.7	0	4666
8	5347	573.7	0	5347
9	6591	143.4	0	5636 955
10	5450	35.9	1	3363 2087
11	8063	9.0	1	4701 3362
12	5472	2.2	1	3471 2001
13	4354	0.6	1	2762 1592
14	5825	0.6	1	3452 2373
15	4866	0.6	1	3028 1838
16	7244	0.6	1	4024 3220
17	8246	0.6	1	4873 3373
18	5039	0.6	1	3344 1695
19	3699	0.6	1	2383 1316
20	4514	0.6	1	2836 1678
21	3707	0.6	1	2275 1432
22	2971	0.6	1	1876 1095
23	3567	0.6	1	2169 1398
24	4954	0.6	1	2745 2209
25	3635	0.6	1	2100 1535
26	3016	0.6	1	1775 1241
27	4245	0.6	1	2617 1628
28	3984	0.6	1	2407 1577
29	5346	0.6	1	3082 2264
30	3349	0.6	1	2170 1179
31	2649	0.6	1	1642 1007
32	2697	0.6	1	1687 1010
33	3495	0.6	1	1910 1585
34	3847	0.6	1	2268 1579
35	2386	0.6	1	1538 848
36	2360	0.6	1	1384 976
37	2377	0.6	1	1412 965
38	2692	0.6	1	1571 1121
39	2688	0.6	1	1527 1161
40	2776	0.6	1	1655 1121
41	1659	0.6	1	969 690
42	1549	0.6	1	930 619
43	1871	0.6	1	1058 813
44	1580	0.6	1	880 700
45	1589	0.6	1	962 627
46	835	0.6	1	446 389
47	1003	0.6	1	605 398
48	1233	0.6	1	745 488
49	1037	0.6	1	612 425
50	1123	0.6	1	653 470
51	1331	0.6	1	758 573
52	806	0.6	1	490 316
53	599	0.6	1	322 277
54	828	0.6	1	454 374
55	914	0.6	1	577 337
56	786	0.6	1	447 339
57	902	0.6	1	556 346
58	1092	0.6	1	622 470
59	1151	0.6	1	666 485
60	870	0.6	1	497 373
61	858	0.6	1	475 383
62	1098	0.6	1	652 446
63	779	0.6	1	445 334
64	672	0.6	1	397 275
65	704	0.6	1	395 309
66	908	0.6	1	602 306
67	831	0.6	1	469 362
68	1127	0.6	1	691 436
69	973	0.6	1	574 399
70	955	0.6	1	571 384
71	318	0.6	1	139 179
72	254	0.6	1	128 126
73	298	0.6	1	172 126
74	344	0.6	1	210 134
75	345	0.6	1	212 133
76	297	0.6	1	167 130
77	289	0.6	1	153 136
78	320	0.6	1	190 130
79	181	0.6	1	91 90
80	133	0.6	1	76 57
81	99	0.6	1	38 61
82	74	0.6	1	32 42
83	52	0.6	1	20 32
84	40	0.6	1	8 32
85	33	0.6	1	5 28
86	24	0.6	1	3 21
87	20	0.6	1	3 17
88	45	0.6	1	6 39
89	28	0.6	1	7 21
90	24	0.6	1	6 18
91	29	0.6	1	5 24
92	25	0.6	1	10 15
93	34	0.6	1	6 28
94	35	0.6	1	8 27
95	20	0.6	1	2 18
96	25	0.6	1	3 22
97	40	0.6	1	0 40
98	13	0.6	1	2 11
99	24	0.6	1	4 20
100	27	0.6	1	2 25
101	35	0.6	1	5 30
102	25	0.6	1	4 21
103	28	0.6	1	2 26
104	25	0.6	1	4 21
105	35	0.6	1	3 32
106	42	0.6	1	10 32
107	23	0.6	1	2 21
108	30	0.6	1	3 27
109	39	0.6	1	4 35
110	23	0.6	1	4 19
111	16	0.6	1	2 14
112	26	0.6	1	5 21
113	29	0.6	1	0 29
114	34	0.6	1	4 30
115	43	0.6	1	3 40
116	32	0.6	1	4 28
117	24	0.6	1	2 22
118	39	0.6	1	3 36
119	19	0.6	1	0 19
120	20	0.6	1	0 20
121	21	0.6	1	2 19
122	24	0.6	1	3 21
123	24	0.6	1	3 21
124	31	0.6	1	5 26
125	18	0.6	1	2 16
126	17	0.6	1	3 14
127	20	0.6	1	1 19
128	14	0.6	1	0 14
129	24	0.6	1	0 24
130	26	0.6	1	0 26
131	13	0.6	1	0 13
132	18	0.6	1	0 18
133	17	0.6	1	0 17
134	28	0.6	1	0 28
135	26	0.6	1	0 26
136	17	0.6	1	0 17
137	30	0.6	1	1 29
138	7	0.6	1	1 6
139	25	0.6	1	1 24
140	26	0.6	1	1 25
141	41	0.6	1	0 41
142	9	0.6	1	0 9
143	22	0.6	1	0 22
144	26	0.6	1	0 26
145	38	0.6	1	0 38
146	23	0.6	1	0 23
147	33	0.6	1	0 33
148	35	0.6	1	0 35
149	73	0.6	1	0 73
150	244	0.6	1	0 244

=== Second read: Adapter 2 ===

Sequence: AGATCGGAAGAGC; Type: regular 3'; Length: 13; Trimmed: 1367073 times.

No. of allowed errors:
0-9 bp: 0; 10-13 bp: 1

Bases preceding removed adapters:
  A: 27.9%
  C: 24.0%
  G: 27.7%
  T: 20.4%
  none/other: 0.0%

Overview of removed sequences
length	count	expect	max.err	error counts
3	952743	587443.0	0	952743
4	186937	146860.7	0	186937
5	38430	36715.2	0	38430
6	7105	9178.8	0	7105
7	5621	2294.7	0	5621
8	5594	573.7	0	5594
9	6168	143.4	0	5259 909
10	6418	35.9	1	4091 2327
11	7770	9.0	1	4730 3040
12	7031	2.2	1	4606 2425
13	4720	0.6	1	3284 1436
14	6863	0.6	1	4370 2493
15	4235	0.6	1	2928 1307
16	5301	0.6	1	3835 1466
17	7630	0.6	1	5278 2352
18	4182	0.6	1	2925 1257
19	7940	0.6	1	5460 2480
20	4326	0.6	1	2897 1429
21	4165	0.6	1	2829 1336
22	3834	0.6	1	2704 1130
23	3908	0.6	1	2691 1217
24	9706	0.6	1	7022 2684
25	2989	0.6	1	2087 902
26	3352	0.6	1	2384 968
27	4740	0.6	1	2964 1776
28	5669	0.6	1	4338 1331
29	2971	0.6	1	1878 1093
30	5757	0.6	1	4382 1375
31	2550	0.6	1	1716 834
32	6675	0.6	1	5275 1400
33	3532	0.6	1	2529 1003
34	1599	0.6	1	1063 536
35	3374	0.6	1	2638 736
36	1615	0.6	1	1114 501
37	1595	0.6	1	1104 491
38	1493	0.6	1	1105 388
39	1343	0.6	1	910 433
40	1111	0.6	1	759 352
41	1449	0.6	1	1054 395
42	1926	0.6	1	1381 545
43	800	0.6	1	487 313
44	1100	0.6	1	769 331
45	2275	0.6	1	1779 496
46	854	0.6	1	563 291
47	577	0.6	1	379 198
48	1492	0.6	1	1163 329
49	581	0.6	1	395 186
50	474	0.6	1	282 192
51	1227	0.6	1	924 303
52	975	0.6	1	719 256
53	439	0.6	1	274 165
54	536	0.6	1	349 187
55	458	0.6	1	303 155
56	353	0.6	1	211 142
57	400	0.6	1	257 143
58	632	0.6	1	450 182
59	487	0.6	1	298 189
60	499	0.6	1	309 190
61	464	0.6	1	311 153
62	424	0.6	1	273 151
63	421	0.6	1	278 143
64	461	0.6	1	298 163
65	362	0.6	1	209 153
66	380	0.6	1	247 133
67	452	0.6	1	277 175
68	426	0.6	1	259 167
69	486	0.6	1	307 179
70	482	0.6	1	314 168
71	446	0.6	1	278 168
72	342	0.6	1	190 152
73	275	0.6	1	162 113
74	209	0.6	1	117 92
75	166	0.6	1	95 71
76	164	0.6	1	81 83
77	156	0.6	1	94 62
78	169	0.6	1	80 89
79	94	0.6	1	47 47
80	82	0.6	1	32 50
81	69	0.6	1	31 38
82	48	0.6	1	23 25
83	63	0.6	1	23 40
84	44	0.6	1	12 32
85	28	0.6	1	5 23
86	37	0.6	1	6 31
87	26	0.6	1	8 18
88	39	0.6	1	9 30
89	30	0.6	1	5 25
90	24	0.6	1	3 21
91	26	0.6	1	4 22
92	27	0.6	1	5 22
93	55	0.6	1	5 50
94	24	0.6	1	3 21
95	26	0.6	1	5 21
96	26	0.6	1	5 21
97	20	0.6	1	3 17
98	15	0.6	1	3 12
99	43	0.6	1	5 38
100	47	0.6	1	13 34
101	35	0.6	1	9 26
102	56	0.6	1	15 41
103	37	0.6	1	7 30
104	36	0.6	1	2 34
105	60	0.6	1	2 58
106	45	0.6	1	8 37
107	46	0.6	1	8 38
108	31	0.6	1	6 25
109	43	0.6	1	6 37
110	38	0.6	1	10 28
111	41	0.6	1	5 36
112	43	0.6	1	14 29
113	38	0.6	1	12 26
114	37	0.6	1	10 27
115	43	0.6	1	5 38
116	27	0.6	1	6 21
117	29	0.6	1	3 26
118	30	0.6	1	4 26
119	24	0.6	1	4 20
120	33	0.6	1	4 29
121	22	0.6	1	6 16
122	22	0.6	1	2 20
123	14	0.6	1	2 12
124	21	0.6	1	2 19
125	25	0.6	1	0 25
126	28	0.6	1	3 25
127	18	0.6	1	1 17
128	17	0.6	1	1 16
129	43	0.6	1	1 42
130	21	0.6	1	0 21
131	16	0.6	1	1 15
132	17	0.6	1	1 16
133	21	0.6	1	0 21
134	29	0.6	1	0 29
135	19	0.6	1	0 19
136	19	0.6	1	0 19
137	12	0.6	1	2 10
138	6	0.6	1	0 6
139	20	0.6	1	0 20
140	15	0.6	1	0 15
141	23	0.6	1	0 23
142	17	0.6	1	0 17
143	17	0.6	1	0 17
144	6	0.6	1	0 6
145	16	0.6	1	0 16
146	17	0.6	1	0 17
147	17	0.6	1	0 17
148	12	0.6	1	0 12
149	12	0.6	1	0 12
150	55	0.6	1	0 55

