This is cutadapt 1.18 with Python 3.7.0
Command line parameters: -j 3 -a AGATCGGAAGAGC -A AGATCGGAAGAGC --trim-n -m 50 -q 20,20 -o /home1/gyang/work_space/4.ProjectET/batch19_cr/2.cutdata/TE_Tfap2c_rep2.R1_cut.fq -p /home1/gyang/work_space/4.ProjectET/batch19_cr/2.cutdata/TE_Tfap2c_rep2.R2_cut.fq TE_Tfap2c_rep2.R1.fq.gz TE_Tfap2c_rep2.R2.fq.gz
Processing reads on 3 cores in paired-end mode ...
Finished in 1136.64 s (32 us/read; 1.89 M reads/minute).

=== Summary ===

Total read pairs processed:         35,896,803
  Read 1 with adapter:               1,236,426 (3.4%)
  Read 2 with adapter:               1,262,241 (3.5%)
Pairs that were too short:              63,361 (0.2%)
Pairs written (passing filters):    35,833,442 (99.8%)

Total basepairs processed: 10,769,040,900 bp
  Read 1: 5,384,520,450 bp
  Read 2: 5,384,520,450 bp
Quality-trimmed:              32,535,275 bp (0.3%)
  Read 1:    14,051,567 bp
  Read 2:    18,483,708 bp
Total written (filtered):  10,710,142,731 bp (99.5%)
  Read 1: 5,355,809,911 bp
  Read 2: 5,354,332,820 bp

=== First read: Adapter 1 ===

Sequence: AGATCGGAAGAGC; Type: regular 3'; Length: 13; Trimmed: 1236426 times.

No. of allowed errors:
0-9 bp: 0; 10-13 bp: 1

Bases preceding removed adapters:
  A: 27.3%
  C: 26.0%
  G: 28.2%
  T: 18.5%
  none/other: 0.0%

Overview of removed sequences
length	count	expect	max.err	error counts
3	877643	560887.5	0	877643
4	166714	140221.9	0	166714
5	35979	35055.5	0	35979
6	5941	8763.9	0	5941
7	4110	2191.0	0	4110
8	4439	547.7	0	4439
9	5563	136.9	0	4790 773
10	4921	34.2	1	3059 1862
11	6488	8.6	1	3885 2603
12	4544	2.1	1	3070 1474
13	3675	0.5	1	2463 1212
14	4742	0.5	1	2960 1782
15	4045	0.5	1	2631 1414
16	5993	0.5	1	3666 2327
17	7024	0.5	1	4393 2631
18	4339	0.5	1	3037 1302
19	3306	0.5	1	2272 1034
20	3877	0.5	1	2589 1288
21	3237	0.5	1	2143 1094
22	2428	0.5	1	1660 768
23	2901	0.5	1	1818 1083
24	3980	0.5	1	2353 1627
25	2901	0.5	1	1835 1066
26	2338	0.5	1	1505 833
27	3421	0.5	1	2225 1196
28	3321	0.5	1	2138 1183
29	4562	0.5	1	2850 1712
30	2697	0.5	1	1843 854
31	2282	0.5	1	1449 833
32	2166	0.5	1	1405 761
33	2609	0.5	1	1591 1018
34	2902	0.5	1	1794 1108
35	1809	0.5	1	1212 597
36	1677	0.5	1	1106 571
37	1588	0.5	1	1016 572
38	2311	0.5	1	1465 846
39	2405	0.5	1	1447 958
40	2862	0.5	1	1643 1219
41	1876	0.5	1	1172 704
42	1066	0.5	1	709 357
43	1582	0.5	1	952 630
44	1218	0.5	1	718 500
45	1357	0.5	1	893 464
46	712	0.5	1	391 321
47	957	0.5	1	578 379
48	1271	0.5	1	830 441
49	818	0.5	1	501 317
50	872	0.5	1	549 323
51	1063	0.5	1	698 365
52	646	0.5	1	402 244
53	407	0.5	1	247 160
54	692	0.5	1	423 269
55	691	0.5	1	463 228
56	581	0.5	1	350 231
57	620	0.5	1	388 232
58	609	0.5	1	362 247
59	862	0.5	1	537 325
60	571	0.5	1	315 256
61	492	0.5	1	297 195
62	749	0.5	1	487 262
63	534	0.5	1	308 226
64	326	0.5	1	185 141
65	448	0.5	1	274 174
66	699	0.5	1	473 226
67	496	0.5	1	262 234
68	642	0.5	1	447 195
69	683	0.5	1	412 271
70	693	0.5	1	432 261
71	236	0.5	1	116 120
72	212	0.5	1	112 100
73	221	0.5	1	137 84
74	231	0.5	1	131 100
75	279	0.5	1	185 94
76	259	0.5	1	148 111
77	256	0.5	1	140 116
78	213	0.5	1	135 78
79	144	0.5	1	77 67
80	114	0.5	1	47 67
81	68	0.5	1	33 35
82	70	0.5	1	21 49
83	37	0.5	1	11 26
84	55	0.5	1	11 44
85	41	0.5	1	7 34
86	42	0.5	1	5 37
87	28	0.5	1	3 25
88	25	0.5	1	5 20
89	37	0.5	1	4 33
90	37	0.5	1	5 32
91	28	0.5	1	3 25
92	28	0.5	1	2 26
93	33	0.5	1	3 30
94	36	0.5	1	3 33
95	31	0.5	1	5 26
96	24	0.5	1	2 22
97	24	0.5	1	1 23
98	27	0.5	1	0 27
99	23	0.5	1	3 20
100	32	0.5	1	6 26
101	29	0.5	1	6 23
102	38	0.5	1	3 35
103	37	0.5	1	3 34
104	27	0.5	1	4 23
105	32	0.5	1	2 30
106	27	0.5	1	5 22
107	39	0.5	1	2 37
108	36	0.5	1	2 34
109	27	0.5	1	3 24
110	31	0.5	1	4 27
111	25	0.5	1	3 22
112	24	0.5	1	4 20
113	32	0.5	1	1 31
114	16	0.5	1	0 16
115	21	0.5	1	1 20
116	26	0.5	1	1 25
117	21	0.5	1	0 21
118	21	0.5	1	1 20
119	37	0.5	1	0 37
120	26	0.5	1	1 25
121	24	0.5	1	1 23
122	45	0.5	1	2 43
123	17	0.5	1	1 16
124	29	0.5	1	1 28
125	32	0.5	1	0 32
126	54	0.5	1	3 51
127	15	0.5	1	2 13
128	21	0.5	1	0 21
129	24	0.5	1	0 24
130	27	0.5	1	0 27
131	30	0.5	1	0 30
132	31	0.5	1	1 30
133	30	0.5	1	0 30
134	14	0.5	1	0 14
135	32	0.5	1	0 32
136	34	0.5	1	0 34
137	17	0.5	1	0 17
138	22	0.5	1	0 22
139	25	0.5	1	1 24
140	31	0.5	1	1 30
141	23	0.5	1	1 22
142	30	0.5	1	0 30
143	11	0.5	1	0 11
144	12	0.5	1	0 12
145	28	0.5	1	0 28
146	24	0.5	1	0 24
147	29	0.5	1	1 28
148	38	0.5	1	0 38
149	51	0.5	1	0 51
150	190	0.5	1	3 187

=== Second read: Adapter 2 ===

Sequence: AGATCGGAAGAGC; Type: regular 3'; Length: 13; Trimmed: 1262241 times.

No. of allowed errors:
0-9 bp: 0; 10-13 bp: 1

Bases preceding removed adapters:
  A: 27.4%
  C: 25.4%
  G: 28.4%
  T: 18.8%
  none/other: 0.0%

Overview of removed sequences
length	count	expect	max.err	error counts
3	902227	560887.5	0	902227
4	169899	140221.9	0	169899
5	36375	35055.5	0	36375
6	5949	8763.9	0	5949
7	4537	2191.0	0	4537
8	4552	547.7	0	4552
9	5000	136.9	0	4255 745
10	5801	34.2	1	3500 2301
11	6079	8.6	1	3729 2350
12	5881	2.1	1	3724 2157
13	3666	0.5	1	2521 1145
14	5661	0.5	1	3558 2103
15	3379	0.5	1	2324 1055
16	4199	0.5	1	3038 1161
17	6491	0.5	1	4426 2065
18	3435	0.5	1	2451 984
19	6559	0.5	1	4436 2123
20	3258	0.5	1	2154 1104
21	3247	0.5	1	2187 1060
22	3098	0.5	1	2084 1014
23	3201	0.5	1	2123 1078
24	7504	0.5	1	5216 2288
25	2521	0.5	1	1727 794
26	2644	0.5	1	1740 904
27	3432	0.5	1	2092 1340
28	4694	0.5	1	3455 1239
29	2439	0.5	1	1530 909
30	4627	0.5	1	3420 1207
31	2015	0.5	1	1338 677
32	4973	0.5	1	3764 1209
33	2766	0.5	1	1915 851
34	1475	0.5	1	926 549
35	2714	0.5	1	2085 629
36	1459	0.5	1	987 472
37	1472	0.5	1	1015 457
38	1308	0.5	1	905 403
39	1174	0.5	1	771 403
40	954	0.5	1	616 338
41	1261	0.5	1	845 416
42	1449	0.5	1	1023 426
43	574	0.5	1	336 238
44	878	0.5	1	588 290
45	1663	0.5	1	1303 360
46	657	0.5	1	427 230
47	470	0.5	1	264 206
48	1209	0.5	1	914 295
49	458	0.5	1	285 173
50	345	0.5	1	206 139
51	1037	0.5	1	780 257
52	829	0.5	1	593 236
53	354	0.5	1	225 129
54	440	0.5	1	284 156
55	338	0.5	1	216 122
56	311	0.5	1	174 137
57	315	0.5	1	196 119
58	471	0.5	1	300 171
59	421	0.5	1	256 165
60	446	0.5	1	271 175
61	398	0.5	1	227 171
62	366	0.5	1	217 149
63	350	0.5	1	227 123
64	390	0.5	1	243 147
65	284	0.5	1	173 111
66	317	0.5	1	173 144
67	372	0.5	1	220 152
68	384	0.5	1	230 154
69	416	0.5	1	249 167
70	383	0.5	1	231 152
71	371	0.5	1	218 153
72	299	0.5	1	165 134
73	201	0.5	1	117 84
74	184	0.5	1	105 79
75	150	0.5	1	71 79
76	129	0.5	1	66 63
77	121	0.5	1	54 67
78	139	0.5	1	72 67
79	91	0.5	1	38 53
80	76	0.5	1	30 46
81	86	0.5	1	29 57
82	50	0.5	1	13 37
83	42	0.5	1	9 33
84	46	0.5	1	13 33
85	35	0.5	1	6 29
86	41	0.5	1	9 32
87	38	0.5	1	6 32
88	37	0.5	1	3 34
89	35	0.5	1	2 33
90	37	0.5	1	5 32
91	34	0.5	1	6 28
92	29	0.5	1	2 27
93	34	0.5	1	5 29
94	30	0.5	1	5 25
95	29	0.5	1	2 27
96	34	0.5	1	3 31
97	40	0.5	1	2 38
98	19	0.5	1	5 14
99	27	0.5	1	2 25
100	36	0.5	1	4 32
101	44	0.5	1	7 37
102	42	0.5	1	7 35
103	32	0.5	1	7 25
104	39	0.5	1	6 33
105	29	0.5	1	5 24
106	18	0.5	1	1 17
107	28	0.5	1	3 25
108	58	0.5	1	6 52
109	40	0.5	1	6 34
110	43	0.5	1	1 42
111	31	0.5	1	2 29
112	29	0.5	1	6 23
113	32	0.5	1	6 26
114	41	0.5	1	5 36
115	32	0.5	1	5 27
116	18	0.5	1	1 17
117	24	0.5	1	2 22
118	34	0.5	1	6 28
119	29	0.5	1	2 27
120	22	0.5	1	2 20
121	12	0.5	1	0 12
122	27	0.5	1	3 24
123	32	0.5	1	5 27
124	21	0.5	1	4 17
125	22	0.5	1	0 22
126	37	0.5	1	1 36
127	30	0.5	1	4 26
128	40	0.5	1	2 38
129	29	0.5	1	1 28
130	28	0.5	1	1 27
131	23	0.5	1	0 23
132	28	0.5	1	0 28
133	16	0.5	1	0 16
134	21	0.5	1	0 21
135	24	0.5	1	1 23
136	19	0.5	1	2 17
137	18	0.5	1	0 18
138	12	0.5	1	0 12
139	28	0.5	1	1 27
140	28	0.5	1	1 27
141	18	0.5	1	0 18
142	17	0.5	1	0 17
143	23	0.5	1	0 23
144	12	0.5	1	0 12
145	28	0.5	1	0 28
146	30	0.5	1	0 30
147	22	0.5	1	0 22
148	31	0.5	1	0 31
149	28	0.5	1	0 28
150	101	0.5	1	4 97

