This is cutadapt 1.18 with Python 3.7.11
Command line parameters: -j 3 -a AGATCGGAAGAGC -A AGATCGGAAGAGC --trim-n -m 50 -q 20,20 -o /home1/gyang/work_space/4.ProjectET/batch24_cr/2.cutdata/8Cell_siTfap2c_Tead4_rep2.R1_cut.fq -p /home1/gyang/work_space/4.ProjectET/batch24_cr/2.cutdata/8Cell_siTfap2c_Tead4_rep2.R2_cut.fq 8Cell_siTfap2c_Tead4_rep2.R1.fq.gz 8Cell_siTfap2c_Tead4_rep2.R2.fq.gz
Processing reads on 3 cores in paired-end mode ...
Finished in 774.74 s (14 us/read; 4.14 M reads/minute).

=== Summary ===

Total read pairs processed:         53,496,867
  Read 1 with adapter:              18,125,283 (33.9%)
  Read 2 with adapter:              13,867,193 (25.9%)
Pairs that were too short:           8,265,502 (15.5%)
Pairs written (passing filters):    45,231,365 (84.5%)

Total basepairs processed: 16,049,060,100 bp
  Read 1: 8,024,530,050 bp
  Read 2: 8,024,530,050 bp
Quality-trimmed:              56,622,277 bp (0.4%)
  Read 1:    17,589,344 bp
  Read 2:    39,032,933 bp
Total written (filtered):  12,571,776,512 bp (78.3%)
  Read 1: 6,287,702,754 bp
  Read 2: 6,284,073,758 bp

=== First read: Adapter 1 ===

Sequence: AGATCGGAAGAGC; Type: regular 3'; Length: 13; Trimmed: 18125283 times.

No. of allowed errors:
0-9 bp: 0; 10-13 bp: 1

Bases preceding removed adapters:
  A: 19.6%
  C: 2.2%
  G: 3.7%
  T: 50.9%
  none/other: 23.6%

Overview of removed sequences
length	count	expect	max.err	error counts
3	943984	835888.5	0	943984
4	250146	208972.1	0	250146
5	112802	52243.0	0	112802
6	87480	13060.8	0	87480
7	81661	3265.2	0	81661
8	87963	816.3	0	87963
9	82954	204.1	0	80608 2346
10	78130	51.0	1	74468 3662
11	85215	12.8	1	80013 5202
12	93163	3.2	1	87966 5197
13	77138	0.8	1	72889 4249
14	81154	0.8	1	76308 4846
15	82997	0.8	1	78581 4416
16	76235	0.8	1	71422 4813
17	83320	0.8	1	78164 5156
18	86194	0.8	1	81995 4199
19	76901	0.8	1	73013 3888
20	81131	0.8	1	76815 4316
21	85036	0.8	1	80431 4605
22	73194	0.8	1	69569 3625
23	74038	0.8	1	69994 4044
24	84151	0.8	1	78913 5238
25	74484	0.8	1	70580 3904
26	78394	0.8	1	74429 3965
27	85894	0.8	1	81313 4581
28	75784	0.8	1	71802 3982
29	79159	0.8	1	74157 5002
30	79945	0.8	1	76006 3939
31	76418	0.8	1	72518 3900
32	83324	0.8	1	79412 3912
33	90051	0.8	1	85195 4856
34	84414	0.8	1	79710 4704
35	81598	0.8	1	77780 3818
36	90663	0.8	1	85942 4721
37	82783	0.8	1	78839 3944
38	84514	0.8	1	80452 4062
39	88372	0.8	1	84092 4280
40	84829	0.8	1	80489 4340
41	88408	0.8	1	84008 4400
42	97914	0.8	1	93574 4340
43	87356	0.8	1	82666 4690
44	94952	0.8	1	89762 5190
45	138741	0.8	1	134229 4512
46	43528	0.8	1	39439 4089
47	77120	0.8	1	74401 2719
48	91005	0.8	1	87021 3984
49	88784	0.8	1	84865 3919
50	79122	0.8	1	75476 3646
51	102850	0.8	1	97575 5275
52	89983	0.8	1	85938 4045
53	83426	0.8	1	79810 3616
54	99754	0.8	1	95447 4307
55	98608	0.8	1	94159 4449
56	90490	0.8	1	86088 4402
57	102952	0.8	1	98751 4201
58	108321	0.8	1	103792 4529
59	88604	0.8	1	84035 4569
60	89331	0.8	1	85903 3428
61	74044	0.8	1	70469 3575
62	97194	0.8	1	93135 4059
63	108700	0.8	1	104585 4115
64	93614	0.8	1	89671 3943
65	77493	0.8	1	72970 4523
66	155440	0.8	1	150055 5385
67	132529	0.8	1	127052 5477
68	177772	0.8	1	172029 5743
69	94162	0.8	1	88806 5356
70	77346	0.8	1	73395 3951
71	20696	0.8	1	18588 2108
72	29753	0.8	1	28331 1422
73	62076	0.8	1	60169 1907
74	83209	0.8	1	80277 2932
75	99935	0.8	1	96264 3671
76	97931	0.8	1	94181 3750
77	98187	0.8	1	94326 3861
78	103645	0.8	1	99782 3863
79	95943	0.8	1	92067 3876
80	95458	0.8	1	91580 3878
81	103304	0.8	1	99326 3978
82	99812	0.8	1	95614 4198
83	97178	0.8	1	93120 4058
84	105028	0.8	1	100756 4272
85	97949	0.8	1	93932 4017
86	100227	0.8	1	96221 4006
87	106496	0.8	1	102267 4229
88	99872	0.8	1	95854 4018
89	97224	0.8	1	93351 3873
90	108701	0.8	1	104393 4308
91	98725	0.8	1	94813 3912
92	97097	0.8	1	93338 3759
93	110120	0.8	1	105792 4328
94	103195	0.8	1	99024 4171
95	103146	0.8	1	99127 4019
96	111345	0.8	1	107051 4294
97	104914	0.8	1	100996 3918
98	106509	0.8	1	102416 4093
99	110497	0.8	1	106173 4324
100	103740	0.8	1	99755 3985
101	100834	0.8	1	97013 3821
102	108555	0.8	1	104463 4092
103	102357	0.8	1	98396 3961
104	105645	0.8	1	101665 3980
105	120888	0.8	1	116329 4559
106	111137	0.8	1	106946 4191
107	112507	0.8	1	108296 4211
108	120990	0.8	1	116524 4466
109	120874	0.8	1	116300 4574
110	121706	0.8	1	117113 4593
111	138459	0.8	1	133396 5063
112	127133	0.8	1	122614 4519
113	128643	0.8	1	123875 4768
114	144403	0.8	1	139300 5103
115	140166	0.8	1	135224 4942
116	146960	0.8	1	141922 5038
117	161265	0.8	1	155756 5509
118	147430	0.8	1	142296 5134
119	148944	0.8	1	143902 5042
120	159206	0.8	1	153877 5329
121	150101	0.8	1	145062 5039
122	151316	0.8	1	146407 4909
123	158360	0.8	1	153243 5117
124	145401	0.8	1	140762 4639
125	137305	0.8	1	132777 4528
126	132836	0.8	1	128620 4216
127	116296	0.8	1	112656 3640
128	101258	0.8	1	98120 3138
129	88365	0.8	1	85702 2663
130	60672	0.8	1	58922 1750
131	31278	0.8	1	30384 894
132	16238	0.8	1	15788 450
133	4867	0.8	1	4725 142
134	1214	0.8	1	1171 43
135	226	0.8	1	186 40
136	95	0.8	1	79 16
137	44	0.8	1	20 24
138	133	0.8	1	97 36
139	51	0.8	1	20 31
140	51	0.8	1	26 25
141	136	0.8	1	98 38
142	39	0.8	1	12 27
143	374	0.8	1	334 40
144	63	0.8	1	22 41
145	68	0.8	1	4 64
146	106	0.8	1	16 90
147	257	0.8	1	35 222
148	1282	0.8	1	15 1267
149	21787	0.8	1	40 21747
150	4269894	0.8	1	1190 4268704

=== Second read: Adapter 2 ===

Sequence: AGATCGGAAGAGC; Type: regular 3'; Length: 13; Trimmed: 13867193 times.

No. of allowed errors:
0-9 bp: 0; 10-13 bp: 1

Bases preceding removed adapters:
  A: 25.3%
  C: 2.9%
  G: 4.8%
  T: 66.9%
  none/other: 0.0%

Overview of removed sequences
length	count	expect	max.err	error counts
3	955499	835888.5	0	955499
4	251899	208972.1	0	251899
5	113250	52243.0	0	113250
6	87925	13060.8	0	87925
7	83291	3265.2	0	83291
8	94847	816.3	0	94847
9	74631	204.1	0	72517 2114
10	80677	51.0	1	75877 4800
11	83350	12.8	1	78257 5093
12	94263	3.2	1	89054 5209
13	78604	0.8	1	74612 3992
14	85195	0.8	1	79843 5352
15	79060	0.8	1	74887 4173
16	76647	0.8	1	72638 4009
17	92613	0.8	1	87777 4836
18	71596	0.8	1	67958 3638
19	104534	0.8	1	98923 5611
20	73989	0.8	1	69952 4037
21	76373	0.8	1	72791 3582
22	70041	0.8	1	66680 3361
23	75354	0.8	1	71514 3840
24	164030	0.8	1	156021 8009
25	63513	0.8	1	60836 2677
26	66497	0.8	1	63684 2813
27	60106	0.8	1	56333 3773
28	119887	0.8	1	115717 4170
29	35300	0.8	1	32859 2441
30	122386	0.8	1	118323 4063
31	51819	0.8	1	48706 3113
32	236754	0.8	1	230732 6022
33	93900	0.8	1	89596 4304
34	33120	0.8	1	30824 2296
35	137762	0.8	1	134118 3644
36	52216	0.8	1	49716 2500
37	55399	0.8	1	53313 2086
38	55874	0.8	1	53736 2138
39	53876	0.8	1	51855 2021
40	42097	0.8	1	40360 1737
41	83520	0.8	1	80813 2707
42	127548	0.8	1	124431 3117
43	58182	0.8	1	55737 2445
44	96573	0.8	1	93048 3525
45	253343	0.8	1	249367 3976
46	69898	0.8	1	66940 2958
47	64755	0.8	1	62317 2438
48	166518	0.8	1	163184 3334
49	81363	0.8	1	78755 2608
50	51236	0.8	1	49174 2062
51	175236	0.8	1	171559 3677
52	185886	0.8	1	182131 3755
53	98884	0.8	1	96151 2733
54	102941	0.8	1	100129 2812
55	122212	0.8	1	119671 2541
56	67666	0.8	1	65545 2121
57	92131	0.8	1	89856 2275
58	116653	0.8	1	114309 2344
59	69340	0.8	1	67559 1781
60	49888	0.8	1	48367 1521
61	45452	0.8	1	44220 1232
62	51418	0.8	1	50062 1356
63	63843	0.8	1	62407 1436
64	83448	0.8	1	81762 1686
65	69407	0.8	1	67481 1926
66	78888	0.8	1	76911 1977
67	73489	0.8	1	71464 2025
68	80338	0.8	1	78108 2230
69	83636	0.8	1	81455 2181
70	78566	0.8	1	76470 2096
71	94982	0.8	1	92705 2277
72	97991	0.8	1	95491 2500
73	101736	0.8	1	99241 2495
74	96003	0.8	1	93584 2419
75	99922	0.8	1	97585 2337
76	93241	0.8	1	91058 2183
77	93760	0.8	1	91512 2248
78	101753	0.8	1	99536 2217
79	90702	0.8	1	88757 1945
80	92376	0.8	1	90499 1877
81	100319	0.8	1	98378 1941
82	91707	0.8	1	89786 1921
83	92074	0.8	1	90180 1894
84	99472	0.8	1	97560 1912
85	92638	0.8	1	90715 1923
86	100434	0.8	1	98454 1980
87	111049	0.8	1	108900 2149
88	107742	0.8	1	105771 1971
89	95764	0.8	1	93970 1794
90	102275	0.8	1	100272 2003
91	91768	0.8	1	89906 1862
92	89341	0.8	1	87524 1817
93	105168	0.8	1	103261 1907
94	99337	0.8	1	97535 1802
95	101969	0.8	1	99953 2016
96	110409	0.8	1	108378 2031
97	100660	0.8	1	98847 1813
98	102047	0.8	1	100286 1761
99	103955	0.8	1	102108 1847
100	100359	0.8	1	98618 1741
101	95549	0.8	1	93809 1740
102	101355	0.8	1	99642 1713
103	94471	0.8	1	92798 1673
104	100383	0.8	1	98637 1746
105	115324	0.8	1	113314 2010
106	109965	0.8	1	108127 1838
107	112231	0.8	1	110267 1964
108	120873	0.8	1	118929 1944
109	120389	0.8	1	118446 1943
110	118230	0.8	1	116242 1988
111	134867	0.8	1	132740 2127
112	124836	0.8	1	122934 1902
113	130799	0.8	1	128779 2020
114	146554	0.8	1	144364 2190
115	142205	0.8	1	140065 2140
116	151456	0.8	1	149254 2202
117	156067	0.8	1	153812 2255
118	144682	0.8	1	142656 2026
119	145426	0.8	1	143353 2073
120	156759	0.8	1	154592 2167
121	148594	0.8	1	146590 2004
122	148528	0.8	1	146670 1858
123	157170	0.8	1	155048 2122
124	144979	0.8	1	142977 2002
125	136819	0.8	1	134945 1874
126	132614	0.8	1	130807 1807
127	115939	0.8	1	114406 1533
128	101285	0.8	1	99857 1428
129	88191	0.8	1	87030 1161
130	60237	0.8	1	59452 785
131	31130	0.8	1	30693 437
132	16121	0.8	1	15911 210
133	4839	0.8	1	4768 71
134	1222	0.8	1	1183 39
135	211	0.8	1	188 23
136	112	0.8	1	89 23
137	47	0.8	1	23 24
138	120	0.8	1	100 20
139	51	0.8	1	25 26
140	36	0.8	1	26 10
141	128	0.8	1	106 22
142	31	0.8	1	12 19
143	369	0.8	1	340 29
144	37	0.8	1	22 15
145	23	0.8	1	3 20
146	45	0.8	1	19 26
147	69	0.8	1	36 33
148	44	0.8	1	22 22
149	211	0.8	1	85 126
150	4185	0.8	1	1315 2870

