
	Position file = 200_mESC_peaks.narrowPeak
	Genome = mm10
	Output Directory = /home1/gyang/work_space/4.ProjectET/analysis/figs1/1.atac_peak/../2.atac_motif/200_mESC_peakAnalysis
	Using actual sizes of regions (-size given)
	Fragment size set to given
	Using 10 CPUs
	Motif length set at 8,
	Found mset for "mouse", will check against vertebrates motifs
	Peak/BED file conversion summary:
		BED/Header formatted lines: 34762
		peakfile formatted lines: 0

	Peak File Statistics:
		Total Peaks: 34762
		Redundant Peak IDs: 0
		Peaks lacking information: 0 (need at least 5 columns per peak)
		Peaks with misformatted coordinates: 0 (should be integer)
		Peaks with misformatted strand: 0 (should be either +/- or 0/1)

	Peak file looks good!

	Background fragment size set to 418 (avg size of targets)
	Background files for 418 bp fragments found.

	Extracting sequences from directory: /usr/local/software/homer/.//data/genomes/mm10//
	Extracting 3630 sequences from chr1
	Extracting 2256 sequences from chr2
	Extracting 1830 sequences from chr3
	Extracting 1838 sequences from chr4
	Extracting 1847 sequences from chr5
	Extracting 1804 sequences from chr6
	Extracting 2080 sequences from chr7
	Extracting 3269 sequences from chr8
	Extracting 1654 sequences from chr9
	Extracting 1733 sequences from chr10
	Extracting 2190 sequences from chr11
	Extracting 1288 sequences from chr12
	Extracting 1449 sequences from chr13
	Extracting 1660 sequences from chr14
	Extracting 1162 sequences from chr15
	Extracting 1076 sequences from chr16
	Extracting 1413 sequences from chr17
	Extracting 1100 sequences from chr18
	Extracting 880 sequences from chr19
	Extracting 603 sequences from chrX

	Not removing redundant sequences


	Sequences processed:
		Auto detected maximum sequence length of 454 bp
		34762 total

	Frequency Bins: 0.2 0.25 0.3 0.35 0.4 0.45 0.5 0.6 0.7 0.8
	Freq	Bin	Count
	0.25	1	4
	0.3	2	26
	0.35	3	292
	0.4	4	1871
	0.45	5	6698
	0.5	6	10054
	0.6	7	13097
	0.7	8	2560
	0.8	9	159
	10	10	1

	Total sequences set to 69524

	Choosing background that matches in CpG/GC content...
	Bin	# Targets	# Background	Background Weight
	1	4	4	1.000
	2	26	26	1.000
	3	292	292	1.000
	4	1871	1871	1.000
	5	6698	6698	1.000
	6	10054	10054	1.000
	7	13097	13097	1.000
	8	2560	2560	1.000
	9	159	159	1.000
	10	1	1	1.000
	Assembling sequence file...
	Normalizing lower order oligos using homer2

	Reading input files...
	69524 total sequences read
	Autonormalization: 1-mers (4 total)
		A	25.20%	25.33%	0.995
		C	24.80%	24.67%	1.005
		G	24.80%	24.67%	1.005
		T	25.20%	25.33%	0.995
	Autonormalization: 2-mers (16 total)
		AA	7.17%	6.78%	1.057
		CA	7.27%	7.71%	0.943
		GA	6.34%	6.41%	0.988
		TA	4.43%	4.42%	1.002
		AC	5.23%	5.37%	0.973
		CC	7.19%	7.20%	0.999
		GC	6.05%	5.69%	1.062
		TC	6.34%	6.41%	0.988
		AG	8.06%	8.03%	1.004
		CG	2.27%	1.75%	1.298
		GG	7.19%	7.20%	0.999
		TG	7.27%	7.71%	0.943
		AT	4.74%	5.14%	0.923
		CT	8.06%	8.03%	1.004
		GT	5.23%	5.37%	0.973
		TT	7.17%	6.78%	1.057
	Autonormalization: 3-mers (64 total)
	Normalization weights can be found in file: /home1/gyang/work_space/4.ProjectET/analysis/figs1/1.atac_peak/../2.atac_motif/200_mESC_peakAnalysis/seq.autonorm.tsv
	Converging on autonormalization solution:
	...............................................................................
	Final normalization:	Autonormalization: 1-mers (4 total)
		A	25.20%	25.18%	1.001
		C	24.80%	24.82%	0.999
		G	24.80%	24.82%	0.999
		T	25.20%	25.18%	1.001
	Autonormalization: 2-mers (16 total)
		AA	7.17%	7.07%	1.014
		CA	7.27%	7.35%	0.989
		GA	6.34%	6.37%	0.995
		TA	4.43%	4.39%	1.008
		AC	5.23%	5.23%	1.000
		CC	7.19%	7.24%	0.994
		GC	6.05%	5.99%	1.010
		TC	6.34%	6.37%	0.995
		AG	8.06%	8.00%	1.008
		CG	2.27%	2.24%	1.013
		GG	7.19%	7.24%	0.994
		TG	7.27%	7.35%	0.989
		AT	4.74%	4.89%	0.970
		CT	8.06%	8.00%	1.008
		GT	5.23%	5.23%	1.000
		TT	7.17%	7.07%	1.014
	Autonormalization: 3-mers (64 total)
	Finished preparing sequence/group files

	----------------------------------------------------------
	Known motif enrichment

	Reading input files...
	69524 total sequences read
	414 motifs loaded
	Cache length = 11180
	Using binomial scoring
	Checking enrichment of 414 motif(s)
	|0%                                    50%                                  100%|
	=================================================================================
	Preparing HTML output with sequence logos...
		1 of 414 (1e-864) OCT4-SOX2-TCF-NANOG(POU,Homeobox,HMG)/mES-Oct4-ChIP-Seq(GSE11431)/Homer
		2 of 414 (1e-569) CTCF(Zf)/CD4+-CTCF-ChIP-Seq(Barski_et_al.)/Homer
		3 of 414 (1e-526) KLF3(Zf)/MEF-Klf3-ChIP-Seq(GSE44748)/Homer
		4 of 414 (1e-473) Sox2(HMG)/mES-Sox2-ChIP-Seq(GSE11431)/Homer
		5 of 414 (1e-460) BORIS(Zf)/K562-CTCFL-ChIP-Seq(GSE32465)/Homer
		6 of 414 (1e-413) Klf4(Zf)/mES-Klf4-ChIP-Seq(GSE11431)/Homer
		7 of 414 (1e-409) KLF5(Zf)/LoVo-KLF5-ChIP-Seq(GSE49402)/Homer
		8 of 414 (1e-393) Sp2(Zf)/HEK293-Sp2.eGFP-ChIP-Seq(Encode)/Homer
		9 of 414 (1e-384) Sox17(HMG)/Endoderm-Sox17-ChIP-Seq(GSE61475)/Homer
		10 of 414 (1e-333) KLF6(Zf)/PDAC-KLF6-ChIP-Seq(GSE64557)/Homer
		11 of 414 (1e-326) EKLF(Zf)/Erythrocyte-Klf1-ChIP-Seq(GSE20478)/Homer
		12 of 414 (1e-310) Sox15(HMG)/CPA-Sox15-ChIP-Seq(GSE62909)/Homer
		13 of 414 (1e-309) Sox3(HMG)/NPC-Sox3-ChIP-Seq(GSE33059)/Homer
		14 of 414 (1e-248) Oct4(POU,Homeobox)/mES-Oct4-ChIP-Seq(GSE11431)/Homer
		15 of 414 (1e-245) Brn1(POU,Homeobox)/NPC-Brn1-ChIP-Seq(GSE35496)/Homer
		16 of 414 (1e-232) Sp5(Zf)/mES-Sp5.Flag-ChIP-Seq(GSE72989)/Homer
		17 of 414 (1e-216) TEAD1(TEAD)/HepG2-TEAD1-ChIP-Seq(Encode)/Homer
		18 of 414 (1e-215) Sox6(HMG)/Myotubes-Sox6-ChIP-Seq(GSE32627)/Homer
		19 of 414 (1e-205) Oct6(POU,Homeobox)/NPC-Pou3f1-ChIP-Seq(GSE35496)/Homer
		20 of 414 (1e-203) Zic3(Zf)/mES-Zic3-ChIP-Seq(GSE37889)/Homer
		21 of 414 (1e-197) TEAD4(TEA)/Tropoblast-Tead4-ChIP-Seq(GSE37350)/Homer
		22 of 414 (1e-189) Sp1(Zf)/Promoter/Homer
		23 of 414 (1e-184) Unknown-ESC-element(?)/mES-Nanog-ChIP-Seq(GSE11724)/Homer
		24 of 414 (1e-180) TEAD(TEA)/Fibroblast-PU.1-ChIP-Seq(Unpublished)/Homer
		25 of 414 (1e-179) Sox4(HMG)/proB-Sox4-ChIP-Seq(GSE50066)/Homer
		26 of 414 (1e-175) Sox10(HMG)/SciaticNerve-Sox3-ChIP-Seq(GSE35132)/Homer
		27 of 414 (1e-164) Klf9(Zf)/GBM-Klf9-ChIP-Seq(GSE62211)/Homer
		28 of 414 (1e-150) Elk4(ETS)/Hela-Elk4-ChIP-Seq(GSE31477)/Homer
		29 of 414 (1e-147) TEAD2(TEA)/Py2T-Tead2-ChIP-Seq(GSE55709)/Homer
		30 of 414 (1e-143) Elk1(ETS)/Hela-Elk1-ChIP-Seq(GSE31477)/Homer
		31 of 414 (1e-129) TEAD3(TEA)/HepG2-TEAD3-ChIP-Seq(Encode)/Homer
		32 of 414 (1e-125) Oct2(POU,Homeobox)/Bcell-Oct2-ChIP-Seq(GSE21512)/Homer
		33 of 414 (1e-124) Ronin(THAP)/ES-Thap11-ChIP-Seq(GSE51522)/Homer
		34 of 414 (1e-121) Zic(Zf)/Cerebellum-ZIC1.2-ChIP-Seq(GSE60731)/Homer
		35 of 414 (1e-99) KLF14(Zf)/HEK293-KLF14.GFP-ChIP-Seq(GSE58341)/Homer
		36 of 414 (1e-96) Sox9(HMG)/Limb-SOX9-ChIP-Seq(GSE73225)/Homer
		37 of 414 (1e-90) Esrrb(NR)/mES-Esrrb-ChIP-Seq(GSE11431)/Homer
		38 of 414 (1e-86) ELF1(ETS)/Jurkat-ELF1-ChIP-Seq(SRA014231)/Homer
		39 of 414 (1e-85) Fli1(ETS)/CD8-FLI-ChIP-Seq(GSE20898)/Homer
		40 of 414 (1e-74) Tcfcp2l1(CP2)/mES-Tcfcp2l1-ChIP-Seq(GSE11431)/Homer
		41 of 414 (1e-73) Bach1(bZIP)/K562-Bach1-ChIP-Seq(GSE31477)/Homer
		42 of 414 (1e-72) GFY(?)/Promoter/Homer
		43 of 414 (1e-71) ETV4(ETS)/HepG2-ETV4-ChIP-Seq(ENCODE)/Homer
		44 of 414 (1e-67) GFY-Staf(?,Zf)/Promoter/Homer
		45 of 414 (1e-67) Nrf2(bZIP)/Lymphoblast-Nrf2-ChIP-Seq(GSE37589)/Homer
		46 of 414 (1e-64) GABPA(ETS)/Jurkat-GABPa-ChIP-Seq(GSE17954)/Homer
		47 of 414 (1e-63) KLF10(Zf)/HEK293-KLF10.GFP-ChIP-Seq(GSE58341)/Homer
		48 of 414 (1e-57) NF-E2(bZIP)/K562-NFE2-ChIP-Seq(GSE31477)/Homer
		49 of 414 (1e-56) ETS(ETS)/Promoter/Homer
		50 of 414 (1e-56) NFkB-p65(RHD)/GM12787-p65-ChIP-Seq(GSE19485)/Homer
		51 of 414 (1e-51) GLI3(Zf)/Limb-GLI3-ChIP-Chip(GSE11077)/Homer
		52 of 414 (1e-51) E2F4(E2F)/K562-E2F4-ChIP-Seq(GSE31477)/Homer
		53 of 414 (1e-44) ETV1(ETS)/GIST48-ETV1-ChIP-Seq(GSE22441)/Homer
		54 of 414 (1e-42) Nr5a2(NR)/Pancreas-LRH1-ChIP-Seq(GSE34295)/Homer
		55 of 414 (1e-41) SF1(NR)/H295R-Nr5a1-ChIP-Seq(GSE44220)/Homer
		56 of 414 (1e-41) Dlx3(Homeobox)/Kerainocytes-Dlx3-ChIP-Seq(GSE89884)/Homer
		57 of 414 (1e-39) OCT:OCT(POU,Homeobox,IR1)/NPC-Brn2-ChIP-Seq(GSE35496)/Homer
		58 of 414 (1e-38) NFkB-p65-Rel(RHD)/ThioMac-LPS-Expression(GSE23622)/Homer
		59 of 414 (1e-37) NFY(CCAAT)/Promoter/Homer
		60 of 414 (1e-35) CTCF-SatelliteElement(Zf?)/CD4+-CTCF-ChIP-Seq(Barski_et_al.)/Homer
		61 of 414 (1e-35) Elf4(ETS)/BMDM-Elf4-ChIP-Seq(GSE88699)/Homer
		62 of 414 (1e-35) EWS:FLI1-fusion(ETS)/SK_N_MC-EWS:FLI1-ChIP-Seq(SRA014231)/Homer
		63 of 414 (1e-32) Nr5a2(NR)/mES-Nr5a2-ChIP-Seq(GSE19019)/Homer
		64 of 414 (1e-32) SPDEF(ETS)/VCaP-SPDEF-ChIP-Seq(SRA014231)/Homer
		65 of 414 (1e-31) ELF5(ETS)/T47D-ELF5-ChIP-Seq(GSE30407)/Homer
		66 of 414 (1e-31) ELF3(ETS)/PDAC-ELF3-ChIP-Seq(GSE64557)/Homer
		67 of 414 (1e-30) ETS1(ETS)/Jurkat-ETS1-ChIP-Seq(GSE17954)/Homer
		68 of 414 (1e-30) Jun-AP1(bZIP)/K562-cJun-ChIP-Seq(GSE31477)/Homer
		69 of 414 (1e-29) GLIS3(Zf)/Thyroid-Glis3.GFP-ChIP-Seq(GSE103297)/Homer
		70 of 414 (1e-29) Stat3(Stat)/mES-Stat3-ChIP-Seq(GSE11431)/Homer
		71 of 414 (1e-28) RFX(HTH)/K562-RFX3-ChIP-Seq(SRA012198)/Homer
		72 of 414 (1e-27) LEF1(HMG)/H1-LEF1-ChIP-Seq(GSE64758)/Homer
		73 of 414 (1e-26) Oct4:Sox17(POU,Homeobox,HMG)/F9-Sox17-ChIP-Seq(GSE44553)/Homer
		74 of 414 (1e-26) Etv2(ETS)/ES-ER71-ChIP-Seq(GSE59402)/Homer(0.967)
		75 of 414 (1e-26) Lhx2(Homeobox)/HFSC-Lhx2-ChIP-Seq(GSE48068)/Homer
		76 of 414 (1e-26) NFE2L2(bZIP)/HepG2-NFE2L2-ChIP-Seq(Encode)/Homer
		77 of 414 (1e-25) Lhx1(Homeobox)/EmbryoCarcinoma-Lhx1-ChIP-Seq(GSE70957)/Homer
		78 of 414 (1e-25) NFkB-p50,p52(RHD)/Monocyte-p50-ChIP-Chip(Schreiber_et_al.)/Homer
		79 of 414 (1e-25) Fra2(bZIP)/Striatum-Fra2-ChIP-Seq(GSE43429)/Homer
		80 of 414 (1e-25) E2F7(E2F)/Hela-E2F7-ChIP-Seq(GSE32673)/Homer
		81 of 414 (1e-24) RAR:RXR(NR),DR5/ES-RAR-ChIP-Seq(GSE56893)/Homer
		82 of 414 (1e-24) Atf3(bZIP)/GBM-ATF3-ChIP-Seq(GSE33912)/Homer
		83 of 414 (1e-24) MYNN(Zf)/HEK293-MYNN.eGFP-ChIP-Seq(Encode)/Homer
		84 of 414 (1e-23) Rfx2(HTH)/LoVo-RFX2-ChIP-Seq(GSE49402)/Homer
		85 of 414 (1e-23) PBX1(Homeobox)/MCF7-PBX1-ChIP-Seq(GSE28007)/Homer
		86 of 414 (1e-23) Bach2(bZIP)/OCILy7-Bach2-ChIP-Seq(GSE44420)/Homer
		87 of 414 (1e-22) AP-2alpha(AP2)/Hela-AP2alpha-ChIP-Seq(GSE31477)/Homer
		88 of 414 (1e-22) Fosl2(bZIP)/3T3L1-Fosl2-ChIP-Seq(GSE56872)/Homer
		89 of 414 (1e-22) Foxa3(Forkhead)/Liver-Foxa3-ChIP-Seq(GSE77670)/Homer
		90 of 414 (1e-22) STAT1(Stat)/HelaS3-STAT1-ChIP-Seq(GSE12782)/Homer
		91 of 414 (1e-21) TFE3(bHLH)/MEF-TFE3-ChIP-Seq(GSE75757)/Homer
		92 of 414 (1e-21) EHF(ETS)/LoVo-EHF-ChIP-Seq(GSE49402)/Homer
		93 of 414 (1e-21) FOXK2(Forkhead)/U2OS-FOXK2-ChIP-Seq(E-MTAB-2204)/Homer
		94 of 414 (1e-21) JunB(bZIP)/DendriticCells-Junb-ChIP-Seq(GSE36099)/Homer
		95 of 414 (1e-20) Atf4(bZIP)/MEF-Atf4-ChIP-Seq(GSE35681)/Homer
		96 of 414 (1e-20) Nur77(NR)/K562-NR4A1-ChIP-Seq(GSE31363)/Homer
		97 of 414 (1e-19) FOXP1(Forkhead)/H9-FOXP1-ChIP-Seq(GSE31006)/Homer
		98 of 414 (1e-19) Fra1(bZIP)/BT549-Fra1-ChIP-Seq(GSE46166)/Homer
		99 of 414 (1e-19) Isl1(Homeobox)/Neuron-Isl1-ChIP-Seq(GSE31456)/Homer
		100 of 414 (1e-18) Foxa2(Forkhead)/Liver-Foxa2-ChIP-Seq(GSE25694)/Homer
		101 of 414 (1e-18) STAT6(Stat)/CD4-Stat6-ChIP-Seq(GSE22104)/Homer
		102 of 414 (1e-18) STAT5(Stat)/mCD4+-Stat5-ChIP-Seq(GSE12346)/Homer
		103 of 414 (1e-18) CEBP(bZIP)/ThioMac-CEBPb-ChIP-Seq(GSE21512)/Homer
		104 of 414 (1e-18) EWS:ERG-fusion(ETS)/CADO_ES1-EWS:ERG-ChIP-Seq(SRA014231)/Homer
		105 of 414 (1e-18) ERG(ETS)/VCaP-ERG-ChIP-Seq(GSE14097)/Homer
		106 of 414 (1e-17) CEBP:AP1(bZIP)/ThioMac-CEBPb-ChIP-Seq(GSE21512)/Homer
		107 of 414 (1e-16) E-box(bHLH)/Promoter/Homer
		108 of 414 (1e-16) E2F1(E2F)/Hela-E2F1-ChIP-Seq(GSE22478)/Homer
		109 of 414 (1e-16) ZNF652/HepG2-ZNF652.Flag-ChIP-Seq(Encode)/Homer
		110 of 414 (1e-16) AP-1(bZIP)/ThioMac-PU.1-ChIP-Seq(GSE21512)/Homer
		111 of 414 (1e-15) STAT4(Stat)/CD4-Stat4-ChIP-Seq(GSE22104)/Homer
		112 of 414 (1e-15) STAT6(Stat)/Macrophage-Stat6-ChIP-Seq(GSE38377)/Homer
		113 of 414 (1e-15) Foxh1(Forkhead)/hESC-FOXH1-ChIP-Seq(GSE29422)/Homer
		114 of 414 (1e-14) TCFL2(HMG)/K562-TCF7L2-ChIP-Seq(GSE29196)/Homer
		115 of 414 (1e-14) E2F3(E2F)/MEF-E2F3-ChIP-Seq(GSE71376)/Homer
		116 of 414 (1e-14) Six4(Homeobox)/MCF7-SIX4-ChIP-Seq(Encode)/Homer
		117 of 414 (1e-13) PU.1(ETS)/ThioMac-PU.1-ChIP-Seq(GSE21512)/Homer
		118 of 414 (1e-13) USF1(bHLH)/GM12878-Usf1-ChIP-Seq(GSE32465)/Homer
		119 of 414 (1e-13) Lhx3(Homeobox)/Neuron-Lhx3-ChIP-Seq(GSE31456)/Homer
		120 of 414 (1e-13) AP-2gamma(AP2)/MCF7-TFAP2C-ChIP-Seq(GSE21234)/Homer
		121 of 414 (1e-13) Ets1-distal(ETS)/CD4+-PolII-ChIP-Seq(Barski_et_al.)/Homer
		122 of 414 (1e-13) Stat3+il21(Stat)/CD4-Stat3-ChIP-Seq(GSE19198)/Homer
		123 of 414 (1e-13) Foxo3(Forkhead)/U2OS-Foxo3-ChIP-Seq(E-MTAB-2701)/Homer
		124 of 414 (1e-13) Brn2(POU,Homeobox)/NPC-Brn2-ChIP-Seq(GSE35496)/Homer
		125 of 414 (1e-12) E2F6(E2F)/Hela-E2F6-ChIP-Seq(GSE31477)/Homer
		126 of 414 (1e-12) GFX(?)/Promoter/Homer
		127 of 414 (1e-12) REST-NRSF(Zf)/Jurkat-NRSF-ChIP-Seq/Homer
		128 of 414 (1e-11) X-box(HTH)/NPC-H3K4me1-ChIP-Seq(GSE16256)/Homer
		129 of 414 (1e-11) NFIL3(bZIP)/HepG2-NFIL3-ChIP-Seq(Encode)/Homer
		130 of 414 (1e-11) Brachyury(T-box)/Mesoendoderm-Brachyury-ChIP-exo(GSE54963)/Homer
		131 of 414 (1e-11) E2F(E2F)/Hela-CellCycle-Expression/Homer
		132 of 414 (1e-10) ETS:E-box(ETS,bHLH)/HPC7-Scl-ChIP-Seq(GSE22178)/Homer
		133 of 414 (1e-10) c-Myc(bHLH)/LNCAP-cMyc-ChIP-Seq(Unpublished)/Homer
		134 of 414 (1e-10) Chop(bZIP)/MEF-Chop-ChIP-Seq(GSE35681)/Homer
		135 of 414 (1e-9) bHLHE40(bHLH)/HepG2-BHLHE40-ChIP-Seq(GSE31477)/Homer
		136 of 414 (1e-9) BATF(bZIP)/Th17-BATF-ChIP-Seq(GSE39756)/Homer
		137 of 414 (1e-9) Zfp281(Zf)/ES-Zfp281-ChIP-Seq(GSE81042)/Homer
		138 of 414 (1e-9) GATA(Zf),IR4/iTreg-Gata3-ChIP-Seq(GSE20898)/Homer
		139 of 414 (1e-8) EAR2(NR)/K562-NR2F6-ChIP-Seq(Encode)/Homer
		140 of 414 (1e-8) Tcf3(HMG)/mES-Tcf3-ChIP-Seq(GSE11724)/Homer
		141 of 414 (1e-8) FOXK1(Forkhead)/HEK293-FOXK1-ChIP-Seq(GSE51673)/Homer
		142 of 414 (1e-8) COUP-TFII(NR)/K562-NR2F1-ChIP-Seq(Encode)/Homer
		143 of 414 (1e-8) CHR(?)/Hela-CellCycle-Expression/Homer
		144 of 414 (1e-8) NRF1(NRF)/MCF7-NRF1-ChIP-Seq(Unpublished)/Homer
		145 of 414 (1e-8) ZNF143|STAF(Zf)/CUTLL-ZNF143-ChIP-Seq(GSE29600)/Homer
		146 of 414 (1e-8) ZBTB33(Zf)/GM12878-ZBTB33-ChIP-Seq(GSE32465)/Homer
		147 of 414 (1e-7) Rfx6(HTH)/Min6b1-Rfx6.HA-ChIP-Seq(GSE62844)/Homer
		148 of 414 (1e-7) Usf2(bHLH)/C2C12-Usf2-ChIP-Seq(GSE36030)/Homer
		149 of 414 (1e-7) Rfx5(HTH)/GM12878-Rfx5-ChIP-Seq(GSE31477)/Homer
		150 of 414 (1e-7) RAR:RXR(NR),DR5/ES-RAR-ChIP-Seq(GSE56893)/Homer
		151 of 414 (1e-6) MafK(bZIP)/C2C12-MafK-ChIP-Seq(GSE36030)/Homer
		152 of 414 (1e-6) EBF(EBF)/proBcell-EBF-ChIP-Seq(GSE21978)/Homer
		153 of 414 (1e-6) HLF(bZIP)/HSC-HLF.Flag-ChIP-Seq(GSE69817)/Homer
		154 of 414 (1e-6) CRE(bZIP)/Promoter/Homer
		155 of 414 (1e-6) TATA-Box(TBP)/Promoter/Homer
		156 of 414 (1e-6) Rfx1(HTH)/NPC-H3K4me1-ChIP-Seq(GSE16256)/Homer
		157 of 414 (1e-5) Pitx1:Ebox(Homeobox,bHLH)/Hindlimb-Pitx1-ChIP-Seq(GSE41591)/Homer
		158 of 414 (1e-5) Six2(Homeobox)/NephronProgenitor-Six2-ChIP-Seq(GSE39837)/Homer
		159 of 414 (1e-5) IRF4(IRF)/GM12878-IRF4-ChIP-Seq(GSE32465)/Homer
		160 of 414 (1e-5) Pbx3(Homeobox)/GM12878-PBX3-ChIP-Seq(GSE32465)/Homer
		161 of 414 (1e-5) DMRT1(DM)/Testis-DMRT1-ChIP-Seq(GSE64892)/Homer
		162 of 414 (1e-5) COUP-TFII(NR)/Artia-Nr2f2-ChIP-Seq(GSE46497)/Homer
		163 of 414 (1e-5) JunD(bZIP)/K562-JunD-ChIP-Seq/Homer
		164 of 414 (1e-5) RUNX(Runt)/HPC7-Runx1-ChIP-Seq(GSE22178)/Homer
		165 of 414 (1e-4) Mef2a(MADS)/HL1-Mef2a.biotin-ChIP-Seq(GSE21529)/Homer
		166 of 414 (1e-4) TR4(NR),DR1/Hela-TR4-ChIP-Seq(GSE24685)/Homer
		167 of 414 (1e-4) Six1(Homeobox)/Myoblast-Six1-ChIP-Chip(GSE20150)/Homer
		168 of 414 (1e-4) FoxL2(Forkhead)/Ovary-FoxL2-ChIP-Seq(GSE60858)/Homer
		169 of 414 (1e-4) RARg(NR)/ES-RARg-ChIP-Seq(GSE30538)/Homer
		170 of 414 (1e-4) SpiB(ETS)/OCILY3-SPIB-ChIP-Seq(GSE56857)/Homer
		171 of 414 (1e-4) PU.1:IRF8(ETS:IRF)/pDC-Irf8-ChIP-Seq(GSE66899)/Homer
		172 of 414 (1e-4) Maz(Zf)/HepG2-Maz-ChIP-Seq(GSE31477)/Homer
		173 of 414 (1e-4) GRHL2(CP2)/HBE-GRHL2-ChIP-Seq(GSE46194)/Homer
		174 of 414 (1e-3) Arnt:Ahr(bHLH)/MCF7-Arnt-ChIP-Seq(Lo_et_al.)/Homer
		175 of 414 (1e-3) VDR(NR),DR3/GM10855-VDR+vitD-ChIP-Seq(GSE22484)/Homer
		176 of 414 (1e-3) FOXA1(Forkhead)/MCF7-FOXA1-ChIP-Seq(GSE26831)/Homer
		177 of 414 (1e-3) CArG(MADS)/PUER-Srf-ChIP-Seq(Sullivan_et_al.)/Homer
		178 of 414 (1e-3) Pknox1(Homeobox)/ES-Prep1-ChIP-Seq(GSE63282)/Homer
		179 of 414 (1e-3) EBF2(EBF)/BrownAdipose-EBF2-ChIP-Seq(GSE97114)/Homer
		180 of 414 (1e-3) Pit1+1bp(Homeobox)/GCrat-Pit1-ChIP-Seq(GSE58009)/Homer
		181 of 414 (1e-3) ZSCAN22(Zf)/HEK293-ZSCAN22.GFP-ChIP-Seq(GSE58341)/Homer
		182 of 414 (1e-2) EBF1(EBF)/Near-E2A-ChIP-Seq(GSE21512)/Homer
		183 of 414 (1e-2) LXRE(NR),DR4/RAW-LXRb.biotin-ChIP-Seq(GSE21512)/Homer
		184 of 414 (1e-2) WT1(Zf)/Kidney-WT1-ChIP-Seq(GSE90016)/Homer
		185 of 414 (1e-2) ZNF7(Zf)/HepG2-ZNF7.Flag-ChIP-Seq(Encode)/Homer
		186 of 414 (1e-2) Rbpj1(?)/Panc1-Rbpj1-ChIP-Seq(GSE47459)/Homer
		187 of 414 (1e-2) ETS:RUNX(ETS,Runt)/Jurkat-RUNX1-ChIP-Seq(GSE17954)/Homer
		188 of 414 (1e-2) PRDM10(Zf)/HEK293-PRDM10.eGFP-ChIP-Seq(Encode)/Homer
		189 of 414 (1e-2) Atf2(bZIP)/3T3L1-Atf2-ChIP-Seq(GSE56872)/Homer
		190 of 414 (1e-2) FOXA1(Forkhead)/LNCAP-FOXA1-ChIP-Seq(GSE27824)/Homer
		191 of 414 (1e-2) Atf7(bZIP)/3T3L1-Atf7-ChIP-Seq(GSE56872)/Homer
		192 of 414 (1e-2) p73(p53)/Trachea-p73-ChIP-Seq(PRJNA310161)/Homer
		193 of 414 (1e-2) RORgt(NR)/EL4-RORgt.Flag-ChIP-Seq(GSE56019)/Homer
		194 of 414 (1e-2) RORgt(NR)/EL4-RORgt.Flag-ChIP-Seq(GSE56019)/Homer
		195 of 414 (1e-2) NF1:FOXA1(CTF,Forkhead)/LNCAP-FOXA1-ChIP-Seq(GSE27824)/Homer
	----------------------------------------------------------
	De novo motif finding (HOMER)

	Scanning input files...
	Parsing sequences...
	|0%                                   50%                                  100%|
	================================================================================
	Total number of Oligos: 32896
	Autoadjustment for sequence coverage in background: 1.29x

	Oligos: 32896 of 34497 max
	Tree  : 67052 of 172485 max
	Optimizing memory usage...
	Cache length = 11180
	Using binomial scoring

	Global Optimization Phase: Looking for enriched oligos with up to 2 mismatches...

	Screening oligos 32896 (allowing 0 mismatches):
	|0%                                   50%                                  100%|
	================================================================================
		0.00% skipped, 100.00% checked (32896 of 32896), of those checked:
		0.00% not in target, 0.00% increased p-value, 0.00% high p-value

	Screening oligos 32896 (allowing 1 mismatches):
	|0%                                   50%                                  100%|
	================================================================================
		0.00% skipped, 100.00% checked (32896 of 32896), of those checked:
		0.00% not in target, 45.91% increased p-value, 38.46% high p-value

	Screening oligos 32896 (allowing 2 mismatches):
	|0%                                   50%                                  100%|
	================================================================================
		54.98% skipped, 45.02% checked (14809 of 32896), of those checked:
		0.00% not in target, 29.56% increased p-value, 0.00% high p-value
	Reading input files...
	69524 total sequences read
	Cache length = 11180
	Using binomial scoring

	Local Optimization Phase:
	1 of 25 Initial Sequence: ACAATAGA... (-859.845)
		Round 1: -987.63 ACAATAGA T:1747.0(4.90%),B:592.6(1.35%),P:1e-428
		Round 2: -987.63 ACAATAGA T:1747.0(4.90%),B:592.6(1.35%),P:1e-428
		=Final=: -1158.28 ACAATAGA T:1489.0(4.28%),B:307.5(0.91%),P:1e-503
		Performing exhaustive masking of motif...
		Reprioritizing potential motifs...
	2 of 25 Initial Sequence: TCCTTTGT... (-419.626)
		Round 1: -1148.07 KCCTTTGT T:14014.5(33.18%),B:10823.1(22.01%),P:1e-498
		Round 2: -1148.07 KCCTTTGT T:14014.5(33.18%),B:10823.1(22.01%),P:1e-498
		=Final=: -829.06 KCCTTTGT T:8225.0(23.66%),B:5166.5(15.32%),P:1e-360
		Performing exhaustive masking of motif...
		Reprioritizing potential motifs...
	3 of 25 Initial Sequence: ATGCTAAT... (-405.778)
		Round 1: -739.73 ATGCTAAT T:2735.9(7.57%),B:1459.8(3.30%),P:1e-321
		Round 2: -739.73 ATGCTAAT T:2735.9(7.57%),B:1459.8(3.30%),P:1e-321
		=Final=: -721.29 ATGCTAAT T:3070.0(8.83%),B:1412.2(4.19%),P:1e-313
		Performing exhaustive masking of motif...
		Reprioritizing potential motifs...
	4 of 25 Initial Sequence: CGGAATTC... (-379.649)
		Round 1: -705.01 CGGAATTC T:13277.0(31.74%),B:11363.9(22.97%),P:1e-306
		Round 2: -729.26 HGGAATKY T:7286.6(18.91%),B:5479.7(11.82%),P:1e-316
		Round 3: -729.26 HGGAATKY T:7286.6(18.91%),B:5479.7(11.82%),P:1e-316
		=Final=: -566.96 HGGAATKY T:7376.0(21.22%),B:4899.3(14.52%),P:1e-246
		Performing exhaustive masking of motif...
		Reprioritizing potential motifs...
	5 of 25 Initial Sequence: TAGGCGGG... (-314.977)
		Round 1: -401.99 TAGGCGGG T:15684.4(36.31%),B:15087.2(29.29%),P:1e-174
		Round 2: -668.75 AGGGTGKG T:16816.9(38.35%),B:15051.2(29.23%),P:1e-290
		Round 3: -850.44 DGGGYGKR T:20043.4(43.82%),B:17567.8(33.20%),P:1e-369
		Round 4: -850.44 DGGGYGKR T:20043.4(43.82%),B:17567.8(33.20%),P:1e-369
		=Final=: -569.65 DGGGYGKR T:14250.0(40.99%),B:10925.2(32.39%),P:1e-247
		Performing exhaustive masking of motif...
		Reprioritizing potential motifs...
	6 of 25 Initial Sequence: TGACCTTG... (-299.861)
		Round 1: -352.32 TRACCTTG T:2464.2(6.84%),B:1702.3(3.83%),P:1e-153
		Round 2: -352.32 TRACCTTG T:2464.2(6.84%),B:1702.3(3.83%),P:1e-153
		=Final=: -413.32 TRACCTTG T:2954.0(8.50%),B:1641.5(4.87%),P:1e-179
		Performing exhaustive masking of motif...
		Reprioritizing potential motifs...
	7 of 25 Initial Sequence: CTGAATAG... (-239.087)
		Round 1: -357.59 CTGAWTAG T:2269.5(6.32%),B:1519.4(3.43%),P:1e-155
		Round 2: -410.38 CYGATTGG T:11045.2(27.22%),B:10155.7(20.80%),P:1e-178
		Round 3: -410.38 CYGATTGG T:11045.2(27.22%),B:10155.7(20.80%),P:1e-178
		=Final=: -273.56 CYGATTGG T:5064.0(14.57%),B:3558.9(10.55%),P:1e-118
		Performing exhaustive masking of motif...
		Reprioritizing potential motifs...
	8 of 25 Initial Sequence: TGAATAGG... (-213.302)
		Round 1: -422.46 WGAATAGG T:3601.6(9.84%),B:2630.9(5.86%),P:1e-183
		Round 2: -422.46 WGAATAGG T:3601.6(9.84%),B:2630.9(5.86%),P:1e-183
		=Final=: -377.86 WGAATAGG T:3509.0(10.09%),B:2108.1(6.25%),P:1e-164
		Performing exhaustive masking of motif...
		Reprioritizing potential motifs...
	9 of 25 Initial Sequence: TTTGAATG... (-188.186)
		Round 1: -213.87 TTTGAATG T:1528.0(4.30%),B:1070.9(2.43%),P:1e-92
		Round 2: -213.87 TTTGAATG T:1528.0(4.30%),B:1070.9(2.43%),P:1e-92
		=Final=: -270.26 TTTGAATG T:1879.0(5.41%),B:1029.2(3.05%),P:1e-117
		Performing exhaustive masking of motif...
		Reprioritizing potential motifs...
	10 of 25 Initial Sequence: GCATTACA... (-148.558)
		Round 1: -225.00 GCATTGCA T:7794.1(20.09%),B:7503.7(15.83%),P:1e-97
		Round 2: -246.93 GYATTGCA T:13267.8(31.73%),B:13351.4(26.41%),P:1e-107
		Round 3: -246.93 GYATTGCA T:13267.8(31.73%),B:13351.4(26.41%),P:1e-107
		=Final=: -214.53 GYATTGCA T:4914.0(14.14%),B:3574.2(10.60%),P:1e-93
		Performing exhaustive masking of motif...
		Reprioritizing potential motifs...
	11 of 25 Initial Sequence: CCGGTTTC... (-145.791)
		Round 1: -245.33 CCGGTTTC T:16279.6(37.39%),B:16680.4(31.83%),P:1e-106
		Round 2: -245.33 CCGGTTTC T:16279.6(37.39%),B:16680.4(31.83%),P:1e-106
		=Final=: -157.75 CCGGTTTC T:5052.0(14.53%),B:3855.8(11.43%),P:1e-68
		Performing exhaustive masking of motif...
		Reprioritizing potential motifs...
	12 of 25 Initial Sequence: ACAACGCC... (-141.277)
		Round 1: -184.04 NCAACGCN T:13133.1(31.46%),B:13627.4(26.87%),P:1e-79
		Round 2: -190.05 ACAACGCN T:10919.7(26.96%),B:11119.3(22.54%),P:1e-82
		Round 3: -201.75 ACAACGCY T:11987.4(29.17%),B:12227.2(24.48%),P:1e-87
		Round 4: -201.75 ACAACGCY T:11987.4(29.17%),B:12227.2(24.48%),P:1e-87
		=Final=: -132.12 ACAACGCY T:7081.0(20.37%),B:5754.0(17.06%),P:1e-57
		Performing exhaustive masking of motif...
		Reprioritizing potential motifs...
	13 of 25 Initial Sequence: TAATTAGT... (-133.920)
		Round 1: -165.50 TAATTAGT T:900.1(2.56%),B:576.0(1.31%),P:1e-71
		Round 2: -165.50 TAATTAGT T:900.1(2.56%),B:576.0(1.31%),P:1e-71
		=Final=: -231.99 TAATTAGT T:695.0(2.00%),B:266.4(0.79%),P:1e-100
		Performing exhaustive masking of motif...
		Reprioritizing potential motifs...
	14 of 25 Initial Sequence: ACCAGGGG... (-129.408)
		Round 1: -204.37 ACTAGGGG T:1496.9(4.21%),B:1056.7(2.40%),P:1e-88
		Round 2: -204.37 ACTAGGGG T:1496.9(4.21%),B:1056.7(2.40%),P:1e-88
		=Final=: -259.96 ACTAGGGG T:1863.0(5.36%),B:1030.3(3.05%),P:1e-112
		Performing exhaustive masking of motif...
		Reprioritizing potential motifs...
	15 of 25 Initial Sequence: ATAGCTAA... (-119.927)
		Round 1: -121.26 ATAGCTAA T:490.9(1.40%),B:279.7(0.64%),P:1e-52
		Round 2: -121.26 ATAGCTAA T:490.9(1.40%),B:279.7(0.64%),P:1e-52
		=Final=: -209.23 ATAGCTAA T:682.0(1.96%),B:273.9(0.81%),P:1e-90
		Performing exhaustive masking of motif...
		Reprioritizing potential motifs...
	16 of 25 Initial Sequence: GCTTCTAA... (-110.921)
		Round 1: -139.33 GCTTCTAA T:1336.7(3.77%),B:1022.5(2.32%),P:1e-60
		Round 2: -139.33 GCTTCTAA T:1336.7(3.77%),B:1022.5(2.32%),P:1e-60
		=Final=: -175.29 GCTTCTAA T:1661.0(4.78%),B:995.6(2.95%),P:1e-76
		Performing exhaustive masking of motif...
		Reprioritizing potential motifs...
	17 of 25 Initial Sequence: CAGCAGGT... (-111.127)
		Round 1: -182.83 CAGCAGGT T:5339.7(14.24%),B:5045.0(10.94%),P:1e-79
		Round 2: -182.83 CAGCAGGT T:5339.7(14.24%),B:5045.0(10.94%),P:1e-79
		=Final=: -215.93 CAGCAGGT T:6004.0(17.27%),B:4510.5(13.37%),P:1e-93
		Performing exhaustive masking of motif...
		Reprioritizing potential motifs...
	18 of 25 Initial Sequence: CCGGAAGT... (-106.111)
		Round 1: -247.94 CCGGAAGT T:6141.9(16.19%),B:5642.5(12.15%),P:1e-107
		Round 2: -281.56 CCGGAARV T:10278.7(25.60%),B:9911.0(20.36%),P:1e-122
		Round 3: -281.56 CCGGAARV T:10278.7(25.60%),B:9911.0(20.36%),P:1e-122
		=Final=: -289.41 CCGGAARV T:5385.0(15.49%),B:3792.2(11.24%),P:1e-125
		Performing exhaustive masking of motif...
		Reprioritizing potential motifs...
	19 of 25 Initial Sequence: TGGGCCTA... (-102.680)
		Round 1: -108.10 TGGGCCTA T:569.9(1.62%),B:362.5(0.83%),P:1e-46
		Round 2: -120.12 TCGGCYTA T:1696.8(4.76%),B:1423.1(3.22%),P:1e-52
		Round 3: -120.12 TCGGCYTA T:1696.8(4.76%),B:1423.1(3.22%),P:1e-52
		=Final=: -125.35 TCGGCYTA T:2043.0(5.88%),B:1387.4(4.11%),P:1e-54
		Performing exhaustive masking of motif...
		Reprioritizing potential motifs...
	20 of 25 Initial Sequence: GGGAATCC... (-98.852)
		Round 1: -173.11 GGGAATCC T:1507.2(4.24%),B:1121.1(2.54%),P:1e-75
		Round 2: -173.11 GGGAATCC T:1507.2(4.24%),B:1121.1(2.54%),P:1e-75
		=Final=: -156.88 GGGAATCC T:827.0(2.38%),B:410.4(1.22%),P:1e-68
		Performing exhaustive masking of motif...
		Reprioritizing potential motifs...
	21 of 25 Initial Sequence: TTTACTAA... (-98.301)
		Round 1: -98.30 TTTACTAA T:560.8(1.60%),B:367.5(0.84%),P:1e-42
		Round 2: -98.30 TTTACTAA T:560.8(1.60%),B:367.5(0.84%),P:1e-42
		=Final=: -172.12 TTTACTAA T:780.0(2.24%),B:364.8(1.08%),P:1e-74
		Performing exhaustive masking of motif...
		Reprioritizing potential motifs...
	22 of 25 Initial Sequence: TGAATTCT... (-94.999)
		Round 1: -126.01 TGAATTCT T:1629.4(4.58%),B:1341.8(3.03%),P:1e-54
		Round 2: -126.01 TGAATTCT T:1629.4(4.58%),B:1341.8(3.03%),P:1e-54
		=Final=: -109.89 TGAATTCT T:1907.0(5.49%),B:1310.3(3.88%),P:1e-47
		Performing exhaustive masking of motif...
		Reprioritizing potential motifs...
	23 of 25 Initial Sequence: GGAGGCTA... (-91.276)
		Round 1: -161.79 GGAGGCTA T:2919.9(8.05%),B:2560.8(5.71%),P:1e-70
		Round 2: -161.79 GGAGGCTA T:2919.9(8.05%),B:2560.8(5.71%),P:1e-70
		=Final=: -170.28 GGAGGCTA T:3395.0(9.77%),B:2401.5(7.12%),P:1e-73
		Performing exhaustive masking of motif...
		Reprioritizing potential motifs...
	24 of 25 Initial Sequence: CACTCCCT... (-87.446)
		Round 1: -127.49 MACTCCCT T:3769.1(10.28%),B:3583.6(7.90%),P:1e-55
		Round 2: -139.39 MACTYCCT T:4871.7(13.08%),B:4728.5(10.29%),P:1e-60
		Round 3: -146.75 MACTCCCT T:7373.7(19.11%),B:7445.4(15.72%),P:1e-63
		Round 4: -146.75 MACTCCCT T:7373.7(19.11%),B:7445.4(15.72%),P:1e-63
		=Final=: -174.64 MACTCCCT T:5465.0(15.72%),B:4163.2(12.34%),P:1e-75
		Performing exhaustive masking of motif...
		Reprioritizing potential motifs...
	25 of 25 Initial Sequence: GCACTTAT... (-85.438)
		Round 1: -85.44 GCACTTAT T:345.4(0.99%),B:198.4(0.45%),P:1e-37
		Round 2: -85.44 GCACTTAT T:345.4(0.99%),B:198.4(0.45%),P:1e-37
		=Final=: -168.92 GCACTTAT T:513.0(1.48%),B:198.4(0.59%),P:1e-73
		Performing exhaustive masking of motif...
		Reprioritizing potential motifs...

	Finalizing Enrichment Statistics (new in v3.4)
	Reading input files...
	69524 total sequences read
	Cache length = 11180
	Using binomial scoring
	Checking enrichment of 25 motif(s)
	|0%                                    50%                                  100%|
	=================================================================================
	Output in file: /home1/gyang/work_space/4.ProjectET/analysis/figs1/1.atac_peak/../2.atac_motif/200_mESC_peakAnalysis/homerMotifs.motifs8

	(Motifs in homer2 format)
	Determining similar motifs... 25 reduced to 16 motifs
	Outputing HTML and sequence logos for motif comparison...
	Checking de novo motifs against known motifs...
	Formatting HTML page...
		1 of 16 (1e-503) similar to SOX15/MA1152.1/Jaspar(0.849)
		2 of 16 (1e-314) similar to Brn1(POU,Homeobox)/NPC-Brn1-ChIP-Seq(GSE35496)/Homer(0.962)
		3 of 16 (1e-260) similar to TEAD4/MA0809.1/Jaspar(0.943)
		4 of 16 (1e-258) similar to KLF5(Zf)/LoVo-KLF5-ChIP-Seq(GSE49402)/Homer(0.838)
		5 of 16 (1e-183) similar to Esrrg/MA0643.1/Jaspar(0.897)
		6 of 16 (1e-125) similar to NFYA/MA0060.3/Jaspar(0.849)
		7 of 16 (1e-113) similar to POU6F1/MA0628.1/Jaspar(0.927)
		8 of 16 (1e-113) similar to MZF1(var.2)/MA0057.1/Jaspar(0.708)
		9 of 16 (1e-97) similar to Unknown-ESC-element(?)/mES-Nanog-ChIP-Seq(GSE11724)/Homer(0.884)
		10 of 16 (1e-86) similar to Gata1/MA0035.3/Jaspar(0.633)
		11 of 16 (1e-82) similar to Smad3(MAD)/NPC-Smad3-ChIP-Seq(GSE36673)/Homer(0.585)
		12 of 16 (1e-77) similar to PB0194.1_Zbtb12_2/Jaspar(0.695)
		13 of 16 (1e-72) similar to ISL2/MA0914.1/Jaspar(0.841)
		14 of 16 (1e-69) similar to TFCP2/MA0145.3/Jaspar(0.833)
		15 of 16 (1e-62) similar to Sox10(HMG)/SciaticNerve-Sox3-ChIP-Seq(GSE35132)/Homer(0.749)
		16 of 16 (1e-59) similar to OTX1/MA0711.1/Jaspar(0.672)
	Job finished - if results look good, please send beer to ..

	Cleaning up tmp files...

