
	Position file = ICM_rep2_peaks.narrowPeak
	Genome = mm10
	Output Directory = /home1/gyang/work_space/4.ProjectET/analysis/figs1/1.atac_peak/../2.atac_motif/ICM_rep2_peakAnalysis
	Using actual sizes of regions (-size given)
	Fragment size set to given
	Using 10 CPUs
	Motif length set at 8,
	Found mset for "mouse", will check against vertebrates motifs
	Peak/BED file conversion summary:
		BED/Header formatted lines: 14980
		peakfile formatted lines: 0

	Peak File Statistics:
		Total Peaks: 14980
		Redundant Peak IDs: 0
		Peaks lacking information: 0 (need at least 5 columns per peak)
		Peaks with misformatted coordinates: 0 (should be integer)
		Peaks with misformatted strand: 0 (should be either +/- or 0/1)

	Peak file looks good!

	Background fragment size set to 385 (avg size of targets)
	Could not find background files for 385 bp fragments
	Below are the sizes that are already available prepared.
		200
		332
		342
		354
		368
		373
		384
		390
		392
		400
		416
		418
		419
		420
		424
		433
		438
		444
		454
		457
		461
		463
		468
		475
		502
		534
		536
		539
		562
		566
		567
		570
		589
		590
		603
		624
		644
		648
		671
		674
		703
		712
		724
		736
		740
		743
		758
		998
		999
		1078
		1142
		1222
		1249
		1259
		1262
		1288
		1376
		1455
		1619
		1925
		1959
		2017
		2116
		2151
		2488
		2499
		7879
		7974
	HOMER will now create background files for 385 bp fragments
	To CANCEL and rerun with a differet "-size <#>", hit <CTRL+C> now!
		5
		4
		3
		2
		1
	Preparsing genome for 385 bp fragments...(will probably take 1-5 min)
	preparse size set to 385

	By default, using /usr/local/software/homer/.//data/genomes/mm10//mm10.tss for reference positions
	Output files will be placed in /usr/local/software/homer/.//data/genomes/mm10//preparsed//mm10.385.* ...
	By default, HOMER will set the the preparsed Directory to be group read/write
chmod: changing permissions of ‘/usr/local/software/homer/.//data/genomes/mm10//preparsed/’: Operation not permitted
	Extracting sequences

	Extracting sequences from directory: /usr/local/software/homer/.//data/genomes/mm10//
	Extracting 80842 sequences from chr1
	Extracting 97479 sequences from chr2
	Extracting 66564 sequences from chr3
	Extracting 74197 sequences from chr4
	Extracting 76189 sequences from chr5
	Extracting 72532 sequences from chr6
	Extracting 91377 sequences from chr7
	Extracting 56437 sequences from chr8
	Extracting 68172 sequences from chr9
	Extracting 61870 sequences from chr10
	Extracting 74036 sequences from chr11
	Extracting 46334 sequences from chr12
	Extracting 53671 sequences from chr13
	Extracting 49814 sequences from chr14
	Extracting 46096 sequences from chr15
	Extracting 43248 sequences from chr16
	Extracting 51753 sequences from chr17
	Extracting 37026 sequences from chr18
	Extracting 36016 sequences from chr19
	Extracting 69911 sequences from chrX
	Extracting 9921 sequences from chrY
	Extracting 94 sequences from chr1_GL456211_random
	Extracting 167 sequences from chr1_GL456221_random
	Extracting 63 sequences from chr4_GL456216_random
	Extracting 278 sequences from chr4_GL456350_random
	Extracting 53 sequences from chr4_JH584292_random
	Extracting 170 sequences from chr4_JH584293_random
	Extracting 172 sequences from chr4_JH584294_random
	Extracting 203 sequences from chr5_GL456354_random
	Extracting 99 sequences from chr5_JH584296_random
	Extracting 101 sequences from chr5_JH584297_random
	Extracting 187 sequences from chr5_JH584298_random
	Extracting 450 sequences from chr5_JH584299_random
	Extracting 157 sequences from chr7_GL456219_random
	Extracting 90 sequences from chrUn_JH584304
	Extracting 311 sequences from chrX_GL456233_random
		3223 of 1265926 removed because they had >70.00% Ns (i.e. masked repeats)

	Sequences processed:
		Auto detected maximum sequence length of 385 bp
		100000
		200000
		300000
		400000
		500000
		600000
		700000
		800000
		900000
		1000000
		1100000
		1200000
		1262703 total

	Frequency Bins: 0.01 0.02 0.03 0.04 0.05 0.06 0.08 0.1 0.12 0.14 0.16
	Freq	Bin	Count
	0.01	0	722781
	0.02	1	378840
	0.03	2	93088
	0.04	3	24972
	0.05	4	10838
	0.06	5	6903
	0.08	6	8696
	0.1	7	6973
	0.12	8	4836
	0.14	9	2565
	0.16	10	1523
	11	11	688
	Frequency Bins: 0.2 0.25 0.3 0.35 0.4 0.45 0.5 0.6 0.7 0.8
	Freq	Bin	Count
	0.2	0	173
	0.25	1	2703
	0.3	2	24275
	0.35	3	102308
	0.4	4	250450
	0.45	5	351733
	0.5	6	296170
	0.6	7	201346
	0.7	8	25224
	0.8	9	7685
	10	10	636


	Extracting sequences from directory: /usr/local/software/homer/.//data/genomes/mm10//
	Extracting 1096 sequences from chr1
	Extracting 1115 sequences from chr2
	Extracting 846 sequences from chr3
	Extracting 898 sequences from chr4
	Extracting 841 sequences from chr5
	Extracting 841 sequences from chr6
	Extracting 967 sequences from chr7
	Extracting 675 sequences from chr8
	Extracting 772 sequences from chr9
	Extracting 816 sequences from chr10
	Extracting 1079 sequences from chr11
	Extracting 631 sequences from chr12
	Extracting 752 sequences from chr13
	Extracting 551 sequences from chr14
	Extracting 538 sequences from chr15
	Extracting 557 sequences from chr16
	Extracting 622 sequences from chr17
	Extracting 548 sequences from chr18
	Extracting 495 sequences from chr19
	Extracting 340 sequences from chrX

	Not removing redundant sequences


	Sequences processed:
		Auto detected maximum sequence length of 200 bp
		14980 total

	Frequency Bins: 0.2 0.25 0.3 0.35 0.4 0.45 0.5 0.6 0.7 0.8
	Freq	Bin	Count
	0.25	1	2
	0.3	2	16
	0.35	3	131
	0.4	4	1096
	0.45	5	3783
	0.5	6	4972
	0.6	7	4411
	0.7	8	560
	0.8	9	9

	Total sequences set to 50000

	Choosing background that matches in CpG/GC content...
	Bin	# Targets	# Background	Background Weight
	1	2	5	0.935
	2	16	37	1.011
	3	131	306	1.001
	4	1096	2562	1.000
	5	3783	8844	1.000
	6	4972	11623	1.000
	7	4411	10312	1.000
	8	560	1309	1.000
	9	9	21	1.002
	Assembling sequence file...
	Normalizing lower order oligos using homer2

	Reading input files...
	49999 total sequences read
	Autonormalization: 1-mers (4 total)
		A	26.11%	26.18%	0.997
		C	23.89%	23.82%	1.003
		G	23.89%	23.82%	1.003
		T	26.11%	26.18%	0.997
	Autonormalization: 2-mers (16 total)
		AA	7.53%	7.25%	1.038
		CA	7.23%	7.75%	0.933
		GA	6.41%	6.40%	1.000
		TA	4.95%	4.77%	1.037
		AC	5.34%	5.44%	0.982
		CC	6.72%	6.71%	1.002
		GC	5.42%	5.27%	1.029
		TC	6.41%	6.40%	1.000
		AG	8.10%	7.96%	1.016
		CG	1.83%	1.40%	1.307
		GG	6.72%	6.71%	1.002
		TG	7.23%	7.75%	0.933
		AT	5.15%	5.52%	0.933
		CT	8.10%	7.96%	1.016
		GT	5.34%	5.44%	0.982
		TT	7.53%	7.25%	1.038
	Autonormalization: 3-mers (64 total)
	Normalization weights can be found in file: /home1/gyang/work_space/4.ProjectET/analysis/figs1/1.atac_peak/../2.atac_motif/ICM_rep2_peakAnalysis/seq.autonorm.tsv
	Converging on autonormalization solution:
	...............................................................................
	Final normalization:	Autonormalization: 1-mers (4 total)
		A	26.11%	26.10%	1.001
		C	23.89%	23.90%	0.999
		G	23.89%	23.90%	0.999
		T	26.11%	26.10%	1.001
	Autonormalization: 2-mers (16 total)
		AA	7.53%	7.48%	1.007
		CA	7.23%	7.36%	0.982
		GA	6.41%	6.42%	0.998
		TA	4.95%	4.84%	1.024
		AC	5.34%	5.32%	1.005
		CC	6.72%	6.75%	0.996
		GC	5.42%	5.42%	1.000
		TC	6.41%	6.42%	0.998
		AG	8.10%	8.01%	1.011
		CG	1.83%	1.78%	1.026
		GG	6.72%	6.75%	0.996
		TG	7.23%	7.36%	0.982
		AT	5.15%	5.29%	0.973
		CT	8.10%	8.01%	1.011
		GT	5.34%	5.32%	1.005
		TT	7.53%	7.48%	1.007
	Autonormalization: 3-mers (64 total)
	Finished preparing sequence/group files

	----------------------------------------------------------
	Known motif enrichment

	Reading input files...
	49999 total sequences read
	414 motifs loaded
	Cache length = 11180
	Using binomial scoring
	Checking enrichment of 414 motif(s)
	|0%                                    50%                                  100%|
	=================================================================================
	Preparing HTML output with sequence logos...
		1 of 414 (1e-591) KLF5(Zf)/LoVo-KLF5-ChIP-Seq(GSE49402)/Homer
		2 of 414 (1e-487) Klf4(Zf)/mES-Klf4-ChIP-Seq(GSE11431)/Homer
		3 of 414 (1e-470) Sp2(Zf)/HEK293-Sp2.eGFP-ChIP-Seq(Encode)/Homer
		4 of 414 (1e-465) KLF3(Zf)/MEF-Klf3-ChIP-Seq(GSE44748)/Homer
		5 of 414 (1e-445) Gata1(Zf)/K562-GATA1-ChIP-Seq(GSE18829)/Homer
		6 of 414 (1e-424) KLF6(Zf)/PDAC-KLF6-ChIP-Seq(GSE64557)/Homer
		7 of 414 (1e-413) EKLF(Zf)/Erythrocyte-Klf1-ChIP-Seq(GSE20478)/Homer
		8 of 414 (1e-404) Gata2(Zf)/K562-GATA2-ChIP-Seq(GSE18829)/Homer
		9 of 414 (1e-345) Gata6(Zf)/HUG1N-GATA6-ChIP-Seq(GSE51936)/Homer
		10 of 414 (1e-341) TEAD1(TEAD)/HepG2-TEAD1-ChIP-Seq(Encode)/Homer
		11 of 414 (1e-340) TEAD4(TEA)/Tropoblast-Tead4-ChIP-Seq(GSE37350)/Homer
		12 of 414 (1e-316) Gata4(Zf)/Heart-Gata4-ChIP-Seq(GSE35151)/Homer
		13 of 414 (1e-288) TEAD2(TEA)/Py2T-Tead2-ChIP-Seq(GSE55709)/Homer
		14 of 414 (1e-263) GATA3(Zf)/iTreg-Gata3-ChIP-Seq(GSE20898)/Homer
		15 of 414 (1e-262) TEAD3(TEA)/HepG2-TEAD3-ChIP-Seq(Encode)/Homer
		16 of 414 (1e-252) TEAD(TEA)/Fibroblast-PU.1-ChIP-Seq(Unpublished)/Homer
		17 of 414 (1e-247) Sp5(Zf)/mES-Sp5.Flag-ChIP-Seq(GSE72989)/Homer
		18 of 414 (1e-213) KLF14(Zf)/HEK293-KLF14.GFP-ChIP-Seq(GSE58341)/Homer
		19 of 414 (1e-206) Klf9(Zf)/GBM-Klf9-ChIP-Seq(GSE62211)/Homer
		20 of 414 (1e-193) AP-2alpha(AP2)/Hela-AP2alpha-ChIP-Seq(GSE31477)/Homer
		21 of 414 (1e-187) OCT4-SOX2-TCF-NANOG(POU,Homeobox,HMG)/mES-Oct4-ChIP-Seq(GSE11431)/Homer
		22 of 414 (1e-175) AP-2gamma(AP2)/MCF7-TFAP2C-ChIP-Seq(GSE21234)/Homer
		23 of 414 (1e-156) Sp1(Zf)/Promoter/Homer
		24 of 414 (1e-150) SF1(NR)/H295R-Nr5a1-ChIP-Seq(GSE44220)/Homer
		25 of 414 (1e-145) Brn1(POU,Homeobox)/NPC-Brn1-ChIP-Seq(GSE35496)/Homer
		26 of 414 (1e-139) Nr5a2(NR)/mES-Nr5a2-ChIP-Seq(GSE19019)/Homer
		27 of 414 (1e-136) Esrrb(NR)/mES-Esrrb-ChIP-Seq(GSE11431)/Homer
		28 of 414 (1e-129) Oct4(POU,Homeobox)/mES-Oct4-ChIP-Seq(GSE11431)/Homer
		29 of 414 (1e-125) RAR:RXR(NR),DR5/ES-RAR-ChIP-Seq(GSE56893)/Homer
		30 of 414 (1e-114) Nr5a2(NR)/Pancreas-LRH1-ChIP-Seq(GSE34295)/Homer
		31 of 414 (1e-114) Ronin(THAP)/ES-Thap11-ChIP-Seq(GSE51522)/Homer
		32 of 414 (1e-113) Sox2(HMG)/mES-Sox2-ChIP-Seq(GSE11431)/Homer
		33 of 414 (1e-108) KLF10(Zf)/HEK293-KLF10.GFP-ChIP-Seq(GSE58341)/Homer
		34 of 414 (1e-90) Sox17(HMG)/Endoderm-Sox17-ChIP-Seq(GSE61475)/Homer
		35 of 414 (1e-90) Oct6(POU,Homeobox)/NPC-Pou3f1-ChIP-Seq(GSE35496)/Homer
		36 of 414 (1e-87) Sox3(HMG)/NPC-Sox3-ChIP-Seq(GSE33059)/Homer
		37 of 414 (1e-85) Elf4(ETS)/BMDM-Elf4-ChIP-Seq(GSE88699)/Homer
		38 of 414 (1e-82) GABPA(ETS)/Jurkat-GABPa-ChIP-Seq(GSE17954)/Homer
		39 of 414 (1e-81) ELF5(ETS)/T47D-ELF5-ChIP-Seq(GSE30407)/Homer
		40 of 414 (1e-78) Oct2(POU,Homeobox)/Bcell-Oct2-ChIP-Seq(GSE21512)/Homer
		41 of 414 (1e-78) ELF1(ETS)/Jurkat-ELF1-ChIP-Seq(SRA014231)/Homer
		42 of 414 (1e-76) Elk1(ETS)/Hela-Elk1-ChIP-Seq(GSE31477)/Homer
		43 of 414 (1e-75) Sox15(HMG)/CPA-Sox15-ChIP-Seq(GSE62909)/Homer
		44 of 414 (1e-71) Elk4(ETS)/Hela-Elk4-ChIP-Seq(GSE31477)/Homer
		45 of 414 (1e-71) ELF3(ETS)/PDAC-ELF3-ChIP-Seq(GSE64557)/Homer
		46 of 414 (1e-64) RARg(NR)/ES-RARg-ChIP-Seq(GSE30538)/Homer
		47 of 414 (1e-62) ETV1(ETS)/GIST48-ETV1-ChIP-Seq(GSE22441)/Homer
		48 of 414 (1e-61) NFY(CCAAT)/Promoter/Homer
		49 of 414 (1e-61) ETV4(ETS)/HepG2-ETV4-ChIP-Seq(ENCODE)/Homer
		50 of 414 (1e-61) GFY-Staf(?,Zf)/Promoter/Homer
		51 of 414 (1e-57) CTCF(Zf)/CD4+-CTCF-ChIP-Seq(Barski_et_al.)/Homer
		52 of 414 (1e-57) ETS(ETS)/Promoter/Homer
		53 of 414 (1e-56) SPDEF(ETS)/VCaP-SPDEF-ChIP-Seq(SRA014231)/Homer
		54 of 414 (1e-54) ETS1(ETS)/Jurkat-ETS1-ChIP-Seq(GSE17954)/Homer
		55 of 414 (1e-54) EAR2(NR)/K562-NR2F6-ChIP-Seq(Encode)/Homer
		56 of 414 (1e-54) GFY(?)/Promoter/Homer
		57 of 414 (1e-53) Sox6(HMG)/Myotubes-Sox6-ChIP-Seq(GSE32627)/Homer
		58 of 414 (1e-50) Nrf2(bZIP)/Lymphoblast-Nrf2-ChIP-Seq(GSE37589)/Homer
		59 of 414 (1e-50) Bach1(bZIP)/K562-Bach1-ChIP-Seq(GSE31477)/Homer
		60 of 414 (1e-49) EHF(ETS)/LoVo-EHF-ChIP-Seq(GSE49402)/Homer
		61 of 414 (1e-49) COUP-TFII(NR)/K562-NR2F1-ChIP-Seq(Encode)/Homer
		62 of 414 (1e-44) BORIS(Zf)/K562-CTCFL-ChIP-Seq(GSE32465)/Homer
		63 of 414 (1e-39) TFE3(bHLH)/MEF-TFE3-ChIP-Seq(GSE75757)/Homer
		64 of 414 (1e-39) Sox4(HMG)/proB-Sox4-ChIP-Seq(GSE50066)/Homer
		65 of 414 (1e-37) Fli1(ETS)/CD8-FLI-ChIP-Seq(GSE20898)/Homer
		66 of 414 (1e-35) COUP-TFII(NR)/Artia-Nr2f2-ChIP-Seq(GSE46497)/Homer
		67 of 414 (1e-35) NF-E2(bZIP)/K562-NFE2-ChIP-Seq(GSE31477)/Homer
		68 of 414 (1e-34) E-box(bHLH)/Promoter/Homer
		69 of 414 (1e-34) GATA(Zf),IR4/iTreg-Gata3-ChIP-Seq(GSE20898)/Homer
		70 of 414 (1e-33) E2F4(E2F)/K562-E2F4-ChIP-Seq(GSE31477)/Homer
		71 of 414 (1e-32) NFE2L2(bZIP)/HepG2-NFE2L2-ChIP-Seq(Encode)/Homer
		72 of 414 (1e-32) USF1(bHLH)/GM12878-Usf1-ChIP-Seq(GSE32465)/Homer
		73 of 414 (1e-32) Fosl2(bZIP)/3T3L1-Fosl2-ChIP-Seq(GSE56872)/Homer
		74 of 414 (1e-31) Sox10(HMG)/SciaticNerve-Sox3-ChIP-Seq(GSE35132)/Homer
		75 of 414 (1e-30) Usf2(bHLH)/C2C12-Usf2-ChIP-Seq(GSE36030)/Homer
		76 of 414 (1e-30) Etv2(ETS)/ES-ER71-ChIP-Seq(GSE59402)/Homer(0.967)
		77 of 414 (1e-29) Jun-AP1(bZIP)/K562-cJun-ChIP-Seq(GSE31477)/Homer
		78 of 414 (1e-29) JunB(bZIP)/DendriticCells-Junb-ChIP-Seq(GSE36099)/Homer
		79 of 414 (1e-29) Bach2(bZIP)/OCILy7-Bach2-ChIP-Seq(GSE44420)/Homer
		80 of 414 (1e-29) Stat3(Stat)/mES-Stat3-ChIP-Seq(GSE11431)/Homer
		81 of 414 (1e-27) E2F7(E2F)/Hela-E2F7-ChIP-Seq(GSE32673)/Homer
		82 of 414 (1e-27) bHLHE40(bHLH)/HepG2-BHLHE40-ChIP-Seq(GSE31477)/Homer
		83 of 414 (1e-27) Tcfcp2l1(CP2)/mES-Tcfcp2l1-ChIP-Seq(GSE11431)/Homer
		84 of 414 (1e-27) Atf3(bZIP)/GBM-ATF3-ChIP-Seq(GSE33912)/Homer
		85 of 414 (1e-26) STAT5(Stat)/mCD4+-Stat5-ChIP-Seq(GSE12346)/Homer
		86 of 414 (1e-26) STAT1(Stat)/HelaS3-STAT1-ChIP-Seq(GSE12782)/Homer
		87 of 414 (1e-25) Fra2(bZIP)/Striatum-Fra2-ChIP-Seq(GSE43429)/Homer
		88 of 414 (1e-25) AP-1(bZIP)/ThioMac-PU.1-ChIP-Seq(GSE21512)/Homer
		89 of 414 (1e-20) Foxa3(Forkhead)/Liver-Foxa3-ChIP-Seq(GSE77670)/Homer
		90 of 414 (1e-20) Nur77(NR)/K562-NR4A1-ChIP-Seq(GSE31363)/Homer
		91 of 414 (1e-20) BATF(bZIP)/Th17-BATF-ChIP-Seq(GSE39756)/Homer
		92 of 414 (1e-20) Maz(Zf)/HepG2-Maz-ChIP-Seq(GSE31477)/Homer
		93 of 414 (1e-19) ZNF143|STAF(Zf)/CUTLL-ZNF143-ChIP-Seq(GSE29600)/Homer
		94 of 414 (1e-19) MYNN(Zf)/HEK293-MYNN.eGFP-ChIP-Seq(Encode)/Homer
		95 of 414 (1e-18) Foxa2(Forkhead)/Liver-Foxa2-ChIP-Seq(GSE25694)/Homer
		96 of 414 (1e-18) c-Myc(bHLH)/LNCAP-cMyc-ChIP-Seq(Unpublished)/Homer
		97 of 414 (1e-17) ERG(ETS)/VCaP-ERG-ChIP-Seq(GSE14097)/Homer
		98 of 414 (1e-17) Cdx2(Homeobox)/mES-Cdx2-ChIP-Seq(GSE14586)/Homer
		99 of 414 (1e-17) Fra1(bZIP)/BT549-Fra1-ChIP-Seq(GSE46166)/Homer
		100 of 414 (1e-17) Stat3+il21(Stat)/CD4-Stat3-ChIP-Seq(GSE19198)/Homer
		101 of 414 (1e-16) EWS:FLI1-fusion(ETS)/SK_N_MC-EWS:FLI1-ChIP-Seq(SRA014231)/Homer
		102 of 414 (1e-16) E2F1(E2F)/Hela-E2F1-ChIP-Seq(GSE22478)/Homer
		103 of 414 (1e-16) LEF1(HMG)/H1-LEF1-ChIP-Seq(GSE64758)/Homer
		104 of 414 (1e-16) STAT4(Stat)/CD4-Stat4-ChIP-Seq(GSE22104)/Homer
		105 of 414 (1e-16) Rfx5(HTH)/GM12878-Rfx5-ChIP-Seq(GSE31477)/Homer
		106 of 414 (1e-15) PRDM10(Zf)/HEK293-PRDM10.eGFP-ChIP-Seq(Encode)/Homer
		107 of 414 (1e-15) GFX(?)/Promoter/Homer
		108 of 414 (1e-15) GSC(Homeobox)/FrogEmbryos-GSC-ChIP-Seq(DRA000576)/Homer
		109 of 414 (1e-14) PU.1(ETS)/ThioMac-PU.1-ChIP-Seq(GSE21512)/Homer
		110 of 414 (1e-14) RFX(HTH)/K562-RFX3-ChIP-Seq(SRA012198)/Homer
		111 of 414 (1e-14) CRE(bZIP)/Promoter/Homer
		112 of 414 (1e-14) FOXA1(Forkhead)/MCF7-FOXA1-ChIP-Seq(GSE26831)/Homer
		113 of 414 (1e-13) CDX4(Homeobox)/ZebrafishEmbryos-Cdx4.Myc-ChIP-Seq(GSE48254)/Homer
		114 of 414 (1e-13) OCT:OCT(POU,Homeobox,IR1)/NPC-Brn2-ChIP-Seq(GSE35496)/Homer
		115 of 414 (1e-13) CLOCK(bHLH)/Liver-Clock-ChIP-Seq(GSE39860)/Homer
		116 of 414 (1e-13) Mef2a(MADS)/HL1-Mef2a.biotin-ChIP-Seq(GSE21529)/Homer
		117 of 414 (1e-12) Rfx2(HTH)/LoVo-RFX2-ChIP-Seq(GSE49402)/Homer
		118 of 414 (1e-12) PBX1(Homeobox)/MCF7-PBX1-ChIP-Seq(GSE28007)/Homer
		119 of 414 (1e-12) Sox9(HMG)/Limb-SOX9-ChIP-Seq(GSE73225)/Homer
		120 of 414 (1e-12) NFkB-p65-Rel(RHD)/ThioMac-LPS-Expression(GSE23622)/Homer
		121 of 414 (1e-11) MITF(bHLH)/MastCells-MITF-ChIP-Seq(GSE48085)/Homer
		122 of 414 (1e-11) ZNF711(Zf)/SHSY5Y-ZNF711-ChIP-Seq(GSE20673)/Homer
		123 of 414 (1e-11) ETS:RUNX(ETS,Runt)/Jurkat-RUNX1-ChIP-Seq(GSE17954)/Homer
		124 of 414 (1e-10) FOXA1(Forkhead)/LNCAP-FOXA1-ChIP-Seq(GSE27824)/Homer
		125 of 414 (1e-10) FOXP1(Forkhead)/H9-FOXP1-ChIP-Seq(GSE31006)/Homer
		126 of 414 (1e-10) Pknox1(Homeobox)/ES-Prep1-ChIP-Seq(GSE63282)/Homer
		127 of 414 (1e-9) Oct4:Sox17(POU,Homeobox,HMG)/F9-Sox17-ChIP-Seq(GSE44553)/Homer
		128 of 414 (1e-9) CRX(Homeobox)/Retina-Crx-ChIP-Seq(GSE20012)/Homer
		129 of 414 (1e-9) GATA:SCL(Zf,bHLH)/Ter119-SCL-ChIP-Seq(GSE18720)/Homer
		130 of 414 (1e-9) GATA(Zf),IR3/iTreg-Gata3-ChIP-Seq(GSE20898)/Homer
		131 of 414 (1e-8) HNF4a(NR),DR1/HepG2-HNF4a-ChIP-Seq(GSE25021)/Homer
		132 of 414 (1e-8) Erra(NR)/HepG2-Erra-ChIP-Seq(GSE31477)/Homer
		133 of 414 (1e-8) Bcl6(Zf)/Liver-Bcl6-ChIP-Seq(GSE31578)/Homer
		134 of 414 (1e-8) ETS:E-box(ETS,bHLH)/HPC7-Scl-ChIP-Seq(GSE22178)/Homer
		135 of 414 (1e-8) FOXA1:AR(Forkhead,NR)/LNCAP-AR-ChIP-Seq(GSE27824)/Homer
		136 of 414 (1e-7) CEBP(bZIP)/ThioMac-CEBPb-ChIP-Seq(GSE21512)/Homer
		137 of 414 (1e-7) TR4(NR),DR1/Hela-TR4-ChIP-Seq(GSE24685)/Homer
		138 of 414 (1e-7) JunD(bZIP)/K562-JunD-ChIP-Seq/Homer
		139 of 414 (1e-7) ZBTB33(Zf)/GM12878-ZBTB33-ChIP-Seq(GSE32465)/Homer
		140 of 414 (1e-7) Ets1-distal(ETS)/CD4+-PolII-ChIP-Seq(Barski_et_al.)/Homer
		141 of 414 (1e-7) E2F(E2F)/Hela-CellCycle-Expression/Homer
		142 of 414 (1e-7) SpiB(ETS)/OCILY3-SPIB-ChIP-Seq(GSE56857)/Homer
		143 of 414 (1e-7) Rfx6(HTH)/Min6b1-Rfx6.HA-ChIP-Seq(GSE62844)/Homer
		144 of 414 (1e-7) X-box(HTH)/NPC-H3K4me1-ChIP-Seq(GSE16256)/Homer
		145 of 414 (1e-6) E2F6(E2F)/Hela-E2F6-ChIP-Seq(GSE31477)/Homer
		146 of 414 (1e-6) Foxo3(Forkhead)/U2OS-Foxo3-ChIP-Seq(E-MTAB-2701)/Homer
		147 of 414 (1e-6) FOXK2(Forkhead)/U2OS-FOXK2-ChIP-Seq(E-MTAB-2204)/Homer
		148 of 414 (1e-6) Pbx3(Homeobox)/GM12878-PBX3-ChIP-Seq(GSE32465)/Homer
		149 of 414 (1e-6) Fox:Ebox(Forkhead,bHLH)/Panc1-Foxa2-ChIP-Seq(GSE47459)/Homer
		150 of 414 (1e-5) GATA3(Zf),DR8/iTreg-Gata3-ChIP-Seq(GSE20898)/Homer
		151 of 414 (1e-5) RARa(NR)/K562-RARa-ChIP-Seq(Encode)/Homer
		152 of 414 (1e-5) E2F3(E2F)/MEF-E2F3-ChIP-Seq(GSE71376)/Homer
		153 of 414 (1e-5) NFIL3(bZIP)/HepG2-NFIL3-ChIP-Seq(Encode)/Homer
		154 of 414 (1e-5) RUNX(Runt)/HPC7-Runx1-ChIP-Seq(GSE22178)/Homer
		155 of 414 (1e-5) Zfp281(Zf)/ES-Zfp281-ChIP-Seq(GSE81042)/Homer
		156 of 414 (1e-5) Brachyury(T-box)/Mesoendoderm-Brachyury-ChIP-exo(GSE54963)/Homer
		157 of 414 (1e-4) LXRE(NR),DR4/RAW-LXRb.biotin-ChIP-Seq(GSE21512)/Homer
		158 of 414 (1e-4) FoxL2(Forkhead)/Ovary-FoxL2-ChIP-Seq(GSE60858)/Homer
		159 of 414 (1e-4) EWS:ERG-fusion(ETS)/CADO_ES1-EWS:ERG-ChIP-Seq(SRA014231)/Homer
		160 of 414 (1e-4) GATA3(Zf),DR4/iTreg-Gata3-ChIP-Seq(GSE20898)/Homer
		161 of 414 (1e-4) VDR(NR),DR3/GM10855-VDR+vitD-ChIP-Seq(GSE22484)/Homer
		162 of 414 (1e-4) ZNF467(Zf)/HEK293-ZNF467.GFP-ChIP-Seq(GSE58341)/Homer
		163 of 414 (1e-4) ERE(NR),IR3/MCF7-ERa-ChIP-Seq(Unpublished)/Homer
		164 of 414 (1e-4) CTCF-SatelliteElement(Zf?)/CD4+-CTCF-ChIP-Seq(Barski_et_al.)/Homer
		165 of 414 (1e-4) Reverb(NR),DR2/RAW-Reverba.biotin-ChIP-Seq(GSE45914)/Homer
		166 of 414 (1e-4) MafK(bZIP)/C2C12-MafK-ChIP-Seq(GSE36030)/Homer
		167 of 414 (1e-4) FOXM1(Forkhead)/MCF7-FOXM1-ChIP-Seq(GSE72977)/Homer
		168 of 414 (1e-3) IRF4(IRF)/GM12878-IRF4-ChIP-Seq(GSE32465)/Homer
		169 of 414 (1e-3) Gfi1b(Zf)/HPC7-Gfi1b-ChIP-Seq(GSE22178)/Homer
		170 of 414 (1e-3) p53(p53)/mES-cMyc-ChIP-Seq(GSE11431)/Homer
		171 of 414 (1e-3) Atf2(bZIP)/3T3L1-Atf2-ChIP-Seq(GSE56872)/Homer
		172 of 414 (1e-3) TATA-Box(TBP)/Promoter/Homer
		173 of 414 (1e-3) Rfx1(HTH)/NPC-H3K4me1-ChIP-Seq(GSE16256)/Homer
		174 of 414 (1e-3) ZFX(Zf)/mES-Zfx-ChIP-Seq(GSE11431)/Homer
		175 of 414 (1e-2) THRa(NR)/C17.2-THRa-ChIP-Seq(GSE38347)/Homer
		176 of 414 (1e-2) Atf4(bZIP)/MEF-Atf4-ChIP-Seq(GSE35681)/Homer
		177 of 414 (1e-2) n-Myc(bHLH)/mES-nMyc-ChIP-Seq(GSE11431)/Homer
		178 of 414 (1e-2) p73(p53)/Trachea-p73-ChIP-Seq(PRJNA310161)/Homer
		179 of 414 (1e-2) NFkB-p65(RHD)/GM12787-p65-ChIP-Seq(GSE19485)/Homer
		180 of 414 (1e-2) Tbr1(T-box)/Cortex-Tbr1-ChIP-Seq(GSE71384)/Homer
		181 of 414 (1e-2) STAT6(Stat)/Macrophage-Stat6-ChIP-Seq(GSE38377)/Homer
		182 of 414 (1e-2) Tcf7(HMG)/GM12878-TCF7-ChIP-Seq(Encode)/Homer
		183 of 414 (1e-2) GRHL2(CP2)/HBE-GRHL2-ChIP-Seq(GSE46194)/Homer
		184 of 414 (1e-2) STAT6(Stat)/CD4-Stat6-ChIP-Seq(GSE22104)/Homer
	----------------------------------------------------------
	De novo motif finding (HOMER)

	Scanning input files...
	Parsing sequences...
	|0%                                   50%                                  100%|
	================================================================================
	Total number of Oligos: 32896
	Autoadjustment for sequence coverage in background: 1.26x

	Oligos: 32896 of 34497 max
	Tree  : 66888 of 172485 max
	Optimizing memory usage...
	Cache length = 11180
	Using binomial scoring

	Global Optimization Phase: Looking for enriched oligos with up to 2 mismatches...

	Screening oligos 32896 (allowing 0 mismatches):
	|0%                                   50%                                  100%|
	================================================================================
		0.00% skipped, 100.00% checked (32896 of 32896), of those checked:
		0.00% not in target, 0.00% increased p-value, 0.00% high p-value

	Screening oligos 32896 (allowing 1 mismatches):
	|0%                                   50%                                  100%|
	================================================================================
		0.00% skipped, 100.00% checked (32896 of 32896), of those checked:
		0.00% not in target, 47.41% increased p-value, 45.23% high p-value

	Screening oligos 32896 (allowing 2 mismatches):
	|0%                                   50%                                  100%|
	================================================================================
		59.51% skipped, 40.49% checked (13320 of 32896), of those checked:
		0.00% not in target, 26.96% increased p-value, 0.00% high p-value
	Reading input files...
	49999 total sequences read
	Cache length = 11180
	Using binomial scoring

	Local Optimization Phase:
	1 of 25 Initial Sequence: AGATAACG... (-480.273)
		Round 1: -1013.14 AGATAAGR T:6276.7(34.23%),B:8849.5(18.72%),P:1e-439
		Round 2: -1025.42 AGATAAAA T:4239.2(24.65%),B:5163.6(11.39%),P:1e-445
		Round 3: -1040.68 TGATAAGR T:3340.7(19.99%),B:3621.5(8.13%),P:1e-451
		Round 4: -1187.10 AGATAAGA T:3358.0(20.08%),B:3380.0(7.61%),P:1e-515
		Round 5: -1187.10 AGATAAGA T:3358.0(20.08%),B:3380.0(7.61%),P:1e-515
		=Final=: -1060.87 AGATAAGA T:3268.0(21.82%),B:3137.0(9.26%),P:1e-460
		Performing exhaustive masking of motif...
		Reprioritizing potential motifs...
	2 of 25 Initial Sequence: GGGTGTGG... (-433.499)
		Round 1: -789.09 GGGTGTGG T:3396.8(20.28%),B:4274.8(9.52%),P:1e-342
		Round 2: -789.09 GGGTGTGG T:3396.8(20.28%),B:4274.8(9.52%),P:1e-342
		=Final=: -699.66 GGGTGTGG T:3304.0(22.06%),B:3839.2(11.33%),P:1e-303
		Performing exhaustive masking of motif...
		Reprioritizing potential motifs...
	3 of 25 Initial Sequence: GTAAATTC... (-365.837)
		Round 1: -479.07 GTAAATTC T:815.4(5.30%),B:611.3(1.42%),P:1e-208
		Round 2: -479.07 GTAAATTC T:815.4(5.30%),B:611.3(1.42%),P:1e-208
		=Final=: -384.39 GTAAATTC T:539.0(3.60%),B:282.6(0.83%),P:1e-166
		Performing exhaustive masking of motif...
		Reprioritizing potential motifs...
	4 of 25 Initial Sequence: ACATTCCG... (-339.527)
		Round 1: -541.52 ACATTCCG T:2781.2(16.94%),B:3819.5(8.55%),P:1e-235
		Round 2: -594.99 VCATTCCG T:2609.8(15.98%),B:3355.8(7.56%),P:1e-258
		Round 3: -681.30 ACATTCCT T:1962.5(12.28%),B:2056.2(4.70%),P:1e-295
		Round 4: -681.30 ACATTCCT T:1962.5(12.28%),B:2056.2(4.70%),P:1e-295
		=Final=: -794.24 ACATTCCT T:2221.0(14.83%),B:1978.4(5.84%),P:1e-344
		Performing exhaustive masking of motif...
		Reprioritizing potential motifs...
	5 of 25 Initial Sequence: GCCAATCA... (-329.883)
		Round 1: -637.14 GCCAATCV T:3428.7(20.45%),B:4754.2(10.54%),P:1e-276
		Round 2: -637.14 GCCAATCV T:3428.7(20.45%),B:4754.2(10.54%),P:1e-276
		=Final=: -429.62 GCCAATCV T:2861.0(19.10%),B:3718.7(10.98%),P:1e-186
		Performing exhaustive masking of motif...
		Reprioritizing potential motifs...
	6 of 25 Initial Sequence: CAAGGTCA... (-319.922)
		Round 1: -402.67 CAAGGTCW T:4003.9(23.45%),B:6792.6(14.70%),P:1e-174
		Round 2: -492.87 CAAGGRCT T:3365.1(20.12%),B:5107.5(11.27%),P:1e-214
		Round 3: -492.87 CAAGGRCT T:3365.1(20.12%),B:5107.5(11.27%),P:1e-214
		=Final=: -380.25 CAAGGRCT T:3295.0(22.00%),B:4651.2(13.73%),P:1e-165
		Performing exhaustive masking of motif...
		Reprioritizing potential motifs...
	7 of 25 Initial Sequence: TCTATTGT... (-279.912)
		Round 1: -475.15 TCTATTGT T:1174.7(7.54%),B:1141.9(2.64%),P:1e-206
		Round 2: -475.15 TCTATTGT T:1174.7(7.54%),B:1141.9(2.64%),P:1e-206
		=Final=: -534.78 TCTATTGT T:963.0(6.43%),B:626.1(1.85%),P:1e-232
		Performing exhaustive masking of motif...
		Reprioritizing potential motifs...
	8 of 25 Initial Sequence: CCTTAGGC... (-273.396)
		Round 1: -562.97 CCTTAGGC T:4432.1(25.61%),B:6971.8(15.06%),P:1e-244
		Round 2: -562.97 CCTTAGGC T:4432.1(25.61%),B:6971.8(15.06%),P:1e-244
		=Final=: -388.95 CCTTAGGC T:2616.0(17.46%),B:3397.6(10.03%),P:1e-168
		Performing exhaustive masking of motif...
		Reprioritizing potential motifs...
	9 of 25 Initial Sequence: CGGAATTC... (-227.268)
		Round 1: -291.61 CGGAATTC T:3212.9(19.30%),B:5651.5(12.39%),P:1e-126
		Round 2: -291.61 CGGAATTC T:3212.9(19.30%),B:5651.5(12.39%),P:1e-126
		=Final=: -231.33 CGGAATTC T:3016.0(20.13%),B:4670.5(13.78%),P:1e-100
		Performing exhaustive masking of motif...
		Reprioritizing potential motifs...
	10 of 25 Initial Sequence: CCGCCCTA... (-214.562)
		Round 1: -308.15 CCGCCCTH T:2866.4(17.41%),B:4828.4(10.69%),P:1e-133
		Round 2: -421.28 CCGCCCAC T:4265.8(24.78%),B:7255.8(15.62%),P:1e-182
		Round 3: -421.28 CCGCCCAC T:4265.8(24.78%),B:7255.8(15.62%),P:1e-182
		=Final=: -246.52 CCGCCCAC T:3359.0(22.42%),B:5270.4(15.56%),P:1e-107
		Performing exhaustive masking of motif...
		Reprioritizing potential motifs...
	11 of 25 Initial Sequence: ATTTGCAT... (-202.132)
		Round 1: -230.79 ATTTGCAT T:798.9(5.19%),B:948.8(2.20%),P:1e-100
		Round 2: -230.79 ATTTGCAT T:798.9(5.19%),B:948.8(2.20%),P:1e-100
		=Final=: -299.81 ATTTGCAT T:975.0(6.51%),B:919.8(2.71%),P:1e-130
		Performing exhaustive masking of motif...
		Reprioritizing potential motifs...
	12 of 25 Initial Sequence: GGTGTAAC... (-192.574)
		Round 1: -211.89 GGTGTAAC T:387.5(2.55%),B:313.5(0.73%),P:1e-92
		Round 2: -240.53 GGTGKARC T:2310.6(14.29%),B:3951.2(8.84%),P:1e-104
		Round 3: -240.53 GGTGKARC T:2310.6(14.29%),B:3951.2(8.84%),P:1e-104
		=Final=: -324.00 GGTGKARC T:2567.0(17.14%),B:3498.8(10.33%),P:1e-140
		Performing exhaustive masking of motif...
		Reprioritizing potential motifs...
	13 of 25 Initial Sequence: TTCTAAGA... (-189.241)
		Round 1: -395.36 TTCTTAGA T:2201.0(13.66%),B:3149.3(7.11%),P:1e-171
		Round 2: -395.36 TTCTTAGA T:2201.0(13.66%),B:3149.3(7.11%),P:1e-171
		=Final=: -210.57 TTCTTAGA T:993.0(6.63%),B:1109.4(3.27%),P:1e-91
		Performing exhaustive masking of motif...
		Reprioritizing potential motifs...
	14 of 25 Initial Sequence: ACTTCCTT... (-162.977)
		Round 1: -201.08 ACTTCCTT T:1109.8(7.14%),B:1606.3(3.69%),P:1e-87
		Round 2: -201.08 ACTTCCTT T:1109.8(7.14%),B:1606.3(3.69%),P:1e-87
		=Final=: -219.69 ACTTCCTT T:1271.0(8.48%),B:1539.0(4.54%),P:1e-95
		Performing exhaustive masking of motif...
		Reprioritizing potential motifs...
	15 of 25 Initial Sequence: TAGTCCAC... (-144.430)
		Round 1: -144.43 TAGTCCAC T:270.8(1.79%),B:223.8(0.52%),P:1e-62
		Round 2: -144.43 TAGTCCAC T:270.8(1.79%),B:223.8(0.52%),P:1e-62
		=Final=: -228.94 TAGTCCAC T:370.0(2.47%),B:219.7(0.65%),P:1e-99
		Performing exhaustive masking of motif...
		Reprioritizing potential motifs...
	16 of 25 Initial Sequence: TTGTTAAC... (-142.291)
		Round 1: -213.44 TWGTAAAC T:1695.6(10.70%),B:2761.1(6.26%),P:1e-92
		Round 2: -213.44 TWGTAAAC T:1695.6(10.70%),B:2761.1(6.26%),P:1e-92
		=Final=: -229.17 TWGTAAAC T:938.0(6.26%),B:986.9(2.91%),P:1e-99
		Performing exhaustive masking of motif...
		Reprioritizing potential motifs...
	17 of 25 Initial Sequence: ATAGTTCC... (-141.706)
		Round 1: -204.86 ATAGTTCC T:635.5(4.15%),B:714.8(1.66%),P:1e-88
		Round 2: -204.86 ATAGTTCC T:635.5(4.15%),B:714.8(1.66%),P:1e-88
		=Final=: -212.26 ATAGTTCC T:386.0(2.58%),B:251.4(0.74%),P:1e-92
		Performing exhaustive masking of motif...
		Reprioritizing potential motifs...
	18 of 25 Initial Sequence: TTAGCTAT... (-136.564)
		Round 1: -136.75 TTAYCTAG T:445.1(2.93%),B:518.2(1.21%),P:1e-59
		Round 2: -136.75 TTAYCTAG T:445.1(2.93%),B:518.2(1.21%),P:1e-59
		=Final=: -199.86 TTAYCTAG T:577.0(3.85%),B:508.9(1.50%),P:1e-86
		Performing exhaustive masking of motif...
		Reprioritizing potential motifs...
	19 of 25 Initial Sequence: CTAAGTAT... (-128.534)
		Round 1: -128.53 CTAAGTAT T:299.1(1.98%),B:288.6(0.67%),P:1e-55
		Round 2: -128.53 CTAAGTAT T:299.1(1.98%),B:288.6(0.67%),P:1e-55
		=Final=: -164.90 CTAAGTAT T:376.0(2.51%),B:287.8(0.85%),P:1e-71
		Performing exhaustive masking of motif...
		Reprioritizing potential motifs...
	20 of 25 Initial Sequence: CTATAGTT... (-127.754)
		Round 1: -170.09 CTATAGTT T:470.9(3.09%),B:498.1(1.16%),P:1e-73
		Round 2: -170.09 CTATAGTT T:470.9(3.09%),B:498.1(1.16%),P:1e-73
		=Final=: -202.77 CTATAGTT T:345.0(2.30%),B:213.5(0.63%),P:1e-88
		Performing exhaustive masking of motif...
		Reprioritizing potential motifs...
	21 of 25 Initial Sequence: ACTTAGCT... (-116.739)
		Round 1: -116.74 ACTTAGCT T:342.4(2.26%),B:378.6(0.88%),P:1e-50
		Round 2: -116.74 ACTTAGCT T:342.4(2.26%),B:378.6(0.88%),P:1e-50
		=Final=: -139.66 ACTTAGCT T:417.0(2.78%),B:374.6(1.11%),P:1e-60
		Performing exhaustive masking of motif...
		Reprioritizing potential motifs...
	22 of 25 Initial Sequence: CATTCAAA... (-114.568)
		Round 1: -171.16 CATTCAAA T:1124.6(7.23%),B:1734.9(3.98%),P:1e-74
		Round 2: -171.16 CATTCAAA T:1124.6(7.23%),B:1734.9(3.98%),P:1e-74
		=Final=: -221.63 CATTCAAA T:1023.0(6.83%),B:1133.8(3.35%),P:1e-96
		Performing exhaustive masking of motif...
		Reprioritizing potential motifs...
	23 of 25 Initial Sequence: GTGACTTT... (-111.050)
		Round 1: -128.17 GTGACTYW T:933.5(6.04%),B:1495.4(3.44%),P:1e-55
		Round 2: -128.17 GTGACTYW T:933.5(6.04%),B:1495.4(3.44%),P:1e-55
		=Final=: -130.12 GTGACTYW T:1074.0(7.17%),B:1454.3(4.29%),P:1e-56
		Performing exhaustive masking of motif...
		Reprioritizing potential motifs...
	24 of 25 Initial Sequence: CAACTGGG... (-98.936)
		Round 1: -98.94 CAACTGGG T:364.8(2.40%),B:452.8(1.05%),P:1e-42
		Round 2: -98.94 CAACTGGG T:364.8(2.40%),B:452.8(1.05%),P:1e-42
		=Final=: -100.26 CAACTGGG T:420.0(2.80%),B:445.4(1.31%),P:1e-43
		Performing exhaustive masking of motif...
		Reprioritizing potential motifs...
	25 of 25 Initial Sequence: AGATAGCG... (-93.860)
		Round 1: -114.64 AGATAGCG T:320.9(2.11%),B:344.2(0.80%),P:1e-49
		Round 2: -114.64 AGATAGCG T:320.9(2.11%),B:344.2(0.80%),P:1e-49
		=Final=: -153.39 AGATAGCG T:406.0(2.71%),B:340.9(1.01%),P:1e-66
		Performing exhaustive masking of motif...
		Reprioritizing potential motifs...

	Finalizing Enrichment Statistics (new in v3.4)
	Reading input files...
	49999 total sequences read
	Cache length = 11180
	Using binomial scoring
	Checking enrichment of 25 motif(s)
	|0%                                    50%                                  100%|
	=================================================================================
	Output in file: /home1/gyang/work_space/4.ProjectET/analysis/figs1/1.atac_peak/../2.atac_motif/ICM_rep2_peakAnalysis/homerMotifs.motifs8

	(Motifs in homer2 format)
	Determining similar motifs... 25 reduced to 15 motifs
	Outputing HTML and sequence logos for motif comparison...
	Checking de novo motifs against known motifs...
	Formatting HTML page...
		1 of 15 (1e-460) similar to Gata6(Zf)/HUG1N-GATA6-ChIP-Seq(GSE51936)/Homer(0.990)
		2 of 15 (1e-352) similar to TEAD3/MA0808.1/Jaspar(0.968)
		3 of 15 (1e-303) similar to KLF9/MA1107.1/Jaspar(0.937)
		4 of 15 (1e-230) similar to SOX15/MA1152.1/Jaspar(0.845)
		5 of 15 (1e-187) similar to NFY(CCAAT)/Promoter/Homer(0.906)
		6 of 15 (1e-177) similar to AP-2gamma(AP2)/MCF7-TFAP2C-ChIP-Seq(GSE21234)/Homer(0.875)
		7 of 15 (1e-174) similar to Nr5a2(NR)/mES-Nr5a2-ChIP-Seq(GSE19019)/Homer(0.861)
		8 of 15 (1e-169) similar to HOXD11/MA0908.1/Jaspar(0.780)
		9 of 15 (1e-131) similar to Egr2(Zf)/Thymocytes-Egr2-ChIP-Seq(GSE34254)/Homer(0.865)
		10 of 15 (1e-102) similar to ELF3(ETS)/PDAC-ELF3-ChIP-Seq(GSE64557)/Homer(0.862)
		11 of 15 (1e-102) similar to ZNF354C/MA0130.1/Jaspar(0.747)
		12 of 15 (1e-95) similar to STAT5(Stat)/mCD4+-Stat5-ChIP-Seq(GSE12346)/Homer(0.828)
		13 of 15 (1e-92) similar to PB0072.1_Sox5_1/Jaspar(0.729)
		14 of 15 (1e-92) similar to Pax2/MA0067.1/Jaspar(0.777)
		15 of 15 (1e-46) similar to MYB/MA0100.3/Jaspar(0.808)
	Job finished - if results look good, please send beer to ..

	Cleaning up tmp files...

