This is cutadapt 1.18 with Python 3.7.0
Command line parameters: -j 3 -a AGATCGGAAGAGC -A AGATCGGAAGAGC --trim-n -m 80 -q 20,20 -o /home1/gyang/work_space/4.ProjectET/batch17_rna/2.cutdata/midBlast_siTfap2c_rep2.R1_cut.fq -p /home1/gyang/work_space/4.ProjectET/batch17_rna/2.cutdata/midBlast_siTfap2c_rep2.R2_cut.fq midBlast_siTfap2c_rep2.R1.fq.gz midBlast_siTfap2c_rep2.R2.fq.gz
Processing reads on 3 cores in paired-end mode ...
Finished in 473.12 s (19 us/read; 3.16 M reads/minute).

=== Summary ===

Total read pairs processed:         24,925,312
  Read 1 with adapter:                 743,501 (3.0%)
  Read 2 with adapter:                 973,199 (3.9%)
Pairs that were too short:              69,238 (0.3%)
Pairs written (passing filters):    24,856,074 (99.7%)

Total basepairs processed: 7,477,593,600 bp
  Read 1: 3,738,796,800 bp
  Read 2: 3,738,796,800 bp
Quality-trimmed:              20,171,792 bp (0.3%)
  Read 1:     9,724,985 bp
  Read 2:    10,446,807 bp
Total written (filtered):  7,430,538,209 bp (99.4%)
  Read 1: 3,715,767,924 bp
  Read 2: 3,714,770,285 bp

=== First read: Adapter 1 ===

Sequence: AGATCGGAAGAGC; Type: regular 3'; Length: 13; Trimmed: 743501 times.

No. of allowed errors:
0-9 bp: 0; 10-13 bp: 1

Bases preceding removed adapters:
  A: 20.5%
  C: 37.3%
  G: 27.7%
  T: 14.6%
  none/other: 0.0%

Overview of removed sequences
length	count	expect	max.err	error counts
3	457052	389458.0	0	457052
4	100289	97364.5	0	100289
5	23843	24341.1	0	23843
6	5598	6085.3	0	5598
7	4720	1521.3	0	4720
8	4382	380.3	0	4382
9	5136	95.1	0	4631 505
10	4616	23.8	1	2862 1754
11	6713	5.9	1	3889 2824
12	4892	1.5	1	3138 1754
13	4575	0.4	1	2882 1693
14	4730	0.4	1	2838 1892
15	5236	0.4	1	3132 2104
16	5552	0.4	1	3240 2312
17	8032	0.4	1	4499 3533
18	3356	0.4	1	2243 1113
19	2979	0.4	1	1940 1039
20	4630	0.4	1	2749 1881
21	3444	0.4	1	2193 1251
22	3477	0.4	1	2153 1324
23	3459	0.4	1	2075 1384
24	4403	0.4	1	2478 1925
25	3589	0.4	1	2021 1568
26	2346	0.4	1	1448 898
27	3001	0.4	1	1942 1059
28	3569	0.4	1	2158 1411
29	3925	0.4	1	2319 1606
30	2613	0.4	1	1657 956
31	2273	0.4	1	1560 713
32	2898	0.4	1	1818 1080
33	3187	0.4	1	2027 1160
34	2868	0.4	1	1826 1042
35	4285	0.4	1	2596 1689
36	2002	0.4	1	1345 657
37	2567	0.4	1	1743 824
38	1917	0.4	1	1300 617
39	2720	0.4	1	1654 1066
40	1884	0.4	1	1258 626
41	2609	0.4	1	1663 946
42	2330	0.4	1	1492 838
43	3940	0.4	1	2252 1688
44	2200	0.4	1	1435 765
45	2507	0.4	1	1787 720
46	1207	0.4	1	810 397
47	1147	0.4	1	725 422
48	1427	0.4	1	927 500
49	826	0.4	1	511 315
50	749	0.4	1	437 312
51	827	0.4	1	511 316
52	376	0.4	1	227 149
53	247	0.4	1	116 131
54	421	0.4	1	249 172
55	369	0.4	1	217 152
56	305	0.4	1	195 110
57	318	0.4	1	203 115
58	318	0.4	1	195 123
59	356	0.4	1	222 134
60	209	0.4	1	108 101
61	191	0.4	1	118 73
62	245	0.4	1	145 100
63	179	0.4	1	103 76
64	154	0.4	1	78 76
65	235	0.4	1	141 94
66	266	0.4	1	161 105
67	218	0.4	1	134 84
68	228	0.4	1	123 105
69	202	0.4	1	122 80
70	202	0.4	1	117 85
71	67	0.4	1	32 35
72	74	0.4	1	44 30
73	104	0.4	1	58 46
74	144	0.4	1	62 82
75	130	0.4	1	66 64
76	126	0.4	1	70 56
77	138	0.4	1	73 65
78	135	0.4	1	74 61
79	116	0.4	1	66 50
80	80	0.4	1	48 32
81	59	0.4	1	27 32
82	42	0.4	1	14 28
83	21	0.4	1	7 14
84	30	0.4	1	7 23
85	28	0.4	1	8 20
86	24	0.4	1	7 17
87	12	0.4	1	4 8
88	12	0.4	1	2 10
89	17	0.4	1	4 13
90	18	0.4	1	3 15
91	17	0.4	1	3 14
92	12	0.4	1	4 8
93	11	0.4	1	2 9
94	11	0.4	1	1 10
95	8	0.4	1	3 5
96	8	0.4	1	2 6
97	12	0.4	1	3 9
98	14	0.4	1	2 12
99	11	0.4	1	4 7
100	5	0.4	1	2 3
101	19	0.4	1	1 18
102	17	0.4	1	3 14
103	10	0.4	1	0 10
104	9	0.4	1	0 9
105	12	0.4	1	3 9
106	7	0.4	1	3 4
107	8	0.4	1	0 8
108	15	0.4	1	0 15
109	17	0.4	1	2 15
110	14	0.4	1	1 13
111	13	0.4	1	0 13
112	8	0.4	1	0 8
113	11	0.4	1	2 9
114	8	0.4	1	0 8
115	17	0.4	1	0 17
116	20	0.4	1	2 18
117	9	0.4	1	1 8
118	13	0.4	1	0 13
119	13	0.4	1	0 13
120	9	0.4	1	0 9
121	17	0.4	1	1 16
122	9	0.4	1	0 9
123	5	0.4	1	0 5
124	8	0.4	1	1 7
125	8	0.4	1	0 8
126	9	0.4	1	0 9
127	9	0.4	1	1 8
128	16	0.4	1	4 12
129	4	0.4	1	0 4
130	11	0.4	1	0 11
131	4	0.4	1	0 4
132	7	0.4	1	0 7
133	13	0.4	1	0 13
134	8	0.4	1	0 8
135	8	0.4	1	0 8
136	2	0.4	1	0 2
137	6	0.4	1	0 6
138	6	0.4	1	0 6
139	14	0.4	1	0 14
140	3	0.4	1	0 3
141	3	0.4	1	0 3
142	11	0.4	1	0 11
143	3	0.4	1	0 3
144	2	0.4	1	0 2
145	1	0.4	1	0 1
146	3	0.4	1	0 3
147	3	0.4	1	1 2
148	2	0.4	1	0 2
149	3	0.4	1	0 3
150	2	0.4	1	0 2

=== Second read: Adapter 2 ===

Sequence: AGATCGGAAGAGC; Type: regular 3'; Length: 13; Trimmed: 973199 times.

No. of allowed errors:
0-9 bp: 0; 10-13 bp: 1

Bases preceding removed adapters:
  A: 29.1%
  C: 26.2%
  G: 32.0%
  T: 12.7%
  none/other: 0.0%

Overview of removed sequences
length	count	expect	max.err	error counts
3	628508	389458.0	0	628508
4	110500	97364.5	0	110500
5	27275	24341.1	0	27275
6	8405	6085.3	0	8405
7	6825	1521.3	0	6825
8	5636	380.3	0	5636
9	5293	95.1	0	4637 656
10	7432	23.8	1	5064 2368
11	7050	5.9	1	4920 2130
12	7423	1.5	1	5145 2278
13	5348	0.4	1	3952 1396
14	7719	0.4	1	5290 2429
15	5124	0.4	1	4003 1121
16	5585	0.4	1	4401 1184
17	7886	0.4	1	5830 2056
18	3365	0.4	1	2591 774
19	8492	0.4	1	6202 2290
20	5075	0.4	1	3941 1134
21	4170	0.4	1	3258 912
22	4602	0.4	1	3332 1270
23	4201	0.4	1	3066 1135
24	7069	0.4	1	4508 2561
25	3658	0.4	1	2730 928
26	3190	0.4	1	2155 1035
27	4037	0.4	1	2602 1435
28	3846	0.4	1	2750 1096
29	3871	0.4	1	2814 1057
30	5334	0.4	1	3745 1589
31	3870	0.4	1	2930 940
32	4704	0.4	1	3168 1536
33	4098	0.4	1	2862 1236
34	7273	0.4	1	4751 2522
35	2627	0.4	1	2008 619
36	3592	0.4	1	2353 1239
37	3357	0.4	1	2358 999
38	2206	0.4	1	1547 659
39	3410	0.4	1	2305 1105
40	1823	0.4	1	1340 483
41	2905	0.4	1	2005 900
42	3218	0.4	1	2370 848
43	1432	0.4	1	918 514
44	3082	0.4	1	2200 882
45	2110	0.4	1	1369 741
46	1618	0.4	1	1080 538
47	2253	0.4	1	1665 588
48	1633	0.4	1	1180 453
49	1295	0.4	1	881 414
50	867	0.4	1	651 216
51	326	0.4	1	201 125
52	263	0.4	1	149 114
53	273	0.4	1	181 92
54	352	0.4	1	241 111
55	189	0.4	1	104 85
56	240	0.4	1	141 99
57	468	0.4	1	344 124
58	228	0.4	1	121 107
59	155	0.4	1	80 75
60	326	0.4	1	206 120
61	140	0.4	1	69 71
62	141	0.4	1	54 87
63	235	0.4	1	157 78
64	258	0.4	1	159 99
65	178	0.4	1	86 92
66	168	0.4	1	98 70
67	161	0.4	1	61 100
68	132	0.4	1	64 68
69	142	0.4	1	64 78
70	156	0.4	1	76 80
71	113	0.4	1	43 70
72	120	0.4	1	62 58
73	133	0.4	1	62 71
74	122	0.4	1	60 62
75	116	0.4	1	47 69
76	107	0.4	1	38 69
77	120	0.4	1	51 69
78	92	0.4	1	32 60
79	88	0.4	1	28 60
80	64	0.4	1	36 28
81	50	0.4	1	26 24
82	52	0.4	1	13 39
83	59	0.4	1	14 45
84	46	0.4	1	10 36
85	43	0.4	1	8 35
86	33	0.4	1	5 28
87	48	0.4	1	15 33
88	42	0.4	1	10 32
89	49	0.4	1	5 44
90	48	0.4	1	9 39
91	40	0.4	1	6 34
92	27	0.4	1	4 23
93	49	0.4	1	4 45
94	57	0.4	1	4 53
95	52	0.4	1	6 46
96	50	0.4	1	5 45
97	41	0.4	1	4 37
98	38	0.4	1	4 34
99	57	0.4	1	9 48
100	82	0.4	1	16 66
101	71	0.4	1	11 60
102	90	0.4	1	20 70
103	71	0.4	1	17 54
104	73	0.4	1	8 65
105	75	0.4	1	15 60
106	79	0.4	1	18 61
107	62	0.4	1	12 50
108	55	0.4	1	8 47
109	87	0.4	1	19 68
110	75	0.4	1	12 63
111	61	0.4	1	19 42
112	82	0.4	1	12 70
113	61	0.4	1	11 50
114	54	0.4	1	10 44
115	48	0.4	1	5 43
116	58	0.4	1	14 44
117	51	0.4	1	7 44
118	41	0.4	1	5 36
119	58	0.4	1	8 50
120	46	0.4	1	3 43
121	46	0.4	1	5 41
122	38	0.4	1	6 32
123	22	0.4	1	3 19
124	35	0.4	1	4 31
125	45	0.4	1	2 43
126	62	0.4	1	0 62
127	44	0.4	1	2 42
128	44	0.4	1	1 43
129	18	0.4	1	1 17
130	43	0.4	1	1 42
131	50	0.4	1	0 50
132	32	0.4	1	0 32
133	41	0.4	1	3 38
134	14	0.4	1	1 13
135	20	0.4	1	0 20
136	32	0.4	1	0 32
137	61	0.4	1	0 61
138	73	0.4	1	0 73
139	48	0.4	1	0 48
140	34	0.4	1	0 34
141	44	0.4	1	0 44
142	45	0.4	1	0 45
143	21	0.4	1	0 21
144	25	0.4	1	0 25
145	23	0.4	1	0 23
146	36	0.4	1	0 36
147	44	0.4	1	0 44

