This is cutadapt 1.18 with Python 3.7.0
Command line parameters: -j 3 -a AGATCGGAAGAGC -A AGATCGGAAGAGC --trim-n -m 80 -q 20,20 -o /home1/gyang/work_space/4.ProjectET/batch17_rna/2.cutdata/midBlast_Ctrl_rep3.R1_cut.fq -p /home1/gyang/work_space/4.ProjectET/batch17_rna/2.cutdata/midBlast_Ctrl_rep3.R2_cut.fq midBlast_Ctrl_rep3.R1.fq.gz midBlast_Ctrl_rep3.R2.fq.gz
Processing reads on 3 cores in paired-end mode ...
Finished in 489.30 s (19 us/read; 3.19 M reads/minute).

=== Summary ===

Total read pairs processed:         26,037,808
  Read 1 with adapter:                 740,867 (2.8%)
  Read 2 with adapter:                 970,083 (3.7%)
Pairs that were too short:              66,217 (0.3%)
Pairs written (passing filters):    25,971,591 (99.7%)

Total basepairs processed: 7,811,342,400 bp
  Read 1: 3,905,671,200 bp
  Read 2: 3,905,671,200 bp
Quality-trimmed:              19,914,119 bp (0.3%)
  Read 1:     9,224,839 bp
  Read 2:    10,689,280 bp
Total written (filtered):  7,764,569,841 bp (99.4%)
  Read 1: 3,882,841,019 bp
  Read 2: 3,881,728,822 bp

=== First read: Adapter 1 ===

Sequence: AGATCGGAAGAGC; Type: regular 3'; Length: 13; Trimmed: 740867 times.

No. of allowed errors:
0-9 bp: 0; 10-13 bp: 1

Bases preceding removed adapters:
  A: 19.8%
  C: 37.8%
  G: 27.3%
  T: 15.1%
  none/other: 0.0%

Overview of removed sequences
length	count	expect	max.err	error counts
3	441629	406840.8	0	441629
4	104458	101710.2	0	104458
5	22501	25427.5	0	22501
6	5193	6356.9	0	5193
7	4476	1589.2	0	4476
8	4116	397.3	0	4116
9	4844	99.3	0	4272 572
10	4264	24.8	1	2624 1640
11	6395	6.2	1	3626 2769
12	4635	1.6	1	2976 1659
13	4553	0.4	1	2827 1726
14	4656	0.4	1	2787 1869
15	5229	0.4	1	3107 2122
16	5403	0.4	1	3125 2278
17	8231	0.4	1	4737 3494
18	3592	0.4	1	2338 1254
19	2954	0.4	1	1921 1033
20	4652	0.4	1	2824 1828
21	3471	0.4	1	2238 1233
22	3882	0.4	1	2376 1506
23	3242	0.4	1	1993 1249
24	4881	0.4	1	2705 2176
25	4021	0.4	1	2133 1888
26	2722	0.4	1	1665 1057
27	3074	0.4	1	1971 1103
28	3762	0.4	1	2317 1445
29	4253	0.4	1	2448 1805
30	2830	0.4	1	1772 1058
31	2822	0.4	1	1772 1050
32	3088	0.4	1	2019 1069
33	3707	0.4	1	2374 1333
34	3310	0.4	1	2064 1246
35	3933	0.4	1	2275 1658
36	2155	0.4	1	1440 715
37	4557	0.4	1	2969 1588
38	1988	0.4	1	1292 696
39	3154	0.4	1	2083 1071
40	3410	0.4	1	2238 1172
41	1729	0.4	1	1114 615
42	2377	0.4	1	1568 809
43	3190	0.4	1	1976 1214
44	2923	0.4	1	1856 1067
45	2596	0.4	1	1816 780
46	1185	0.4	1	709 476
47	1282	0.4	1	836 446
48	1830	0.4	1	1139 691
49	1222	0.4	1	728 494
50	984	0.4	1	552 432
51	1064	0.4	1	662 402
52	575	0.4	1	329 246
53	430	0.4	1	232 198
54	623	0.4	1	341 282
55	585	0.4	1	342 243
56	469	0.4	1	256 213
57	503	0.4	1	278 225
58	563	0.4	1	353 210
59	541	0.4	1	294 247
60	321	0.4	1	185 136
61	298	0.4	1	142 156
62	347	0.4	1	201 146
63	278	0.4	1	162 116
64	268	0.4	1	140 128
65	358	0.4	1	224 134
66	471	0.4	1	264 207
67	355	0.4	1	218 137
68	408	0.4	1	204 204
69	306	0.4	1	186 120
70	317	0.4	1	210 107
71	86	0.4	1	51 35
72	102	0.4	1	48 54
73	124	0.4	1	70 54
74	177	0.4	1	86 91
75	219	0.4	1	121 98
76	230	0.4	1	109 121
77	234	0.4	1	120 114
78	181	0.4	1	88 93
79	130	0.4	1	74 56
80	90	0.4	1	55 35
81	55	0.4	1	33 22
82	48	0.4	1	25 23
83	32	0.4	1	14 18
84	31	0.4	1	10 21
85	11	0.4	1	2 9
86	16	0.4	1	3 13
87	19	0.4	1	5 14
88	15	0.4	1	0 15
89	13	0.4	1	4 9
90	10	0.4	1	4 6
91	17	0.4	1	3 14
92	15	0.4	1	2 13
93	10	0.4	1	3 7
94	21	0.4	1	6 15
95	17	0.4	1	2 15
96	8	0.4	1	1 7
97	10	0.4	1	4 6
98	21	0.4	1	2 19
99	4	0.4	1	1 3
100	6	0.4	1	1 5
101	16	0.4	1	4 12
102	13	0.4	1	3 10
103	9	0.4	1	0 9
104	16	0.4	1	1 15
105	9	0.4	1	0 9
106	7	0.4	1	0 7
107	7	0.4	1	1 6
108	7	0.4	1	1 6
109	11	0.4	1	2 9
110	25	0.4	1	1 24
111	11	0.4	1	0 11
112	13	0.4	1	2 11
113	13	0.4	1	0 13
114	13	0.4	1	2 11
115	7	0.4	1	0 7
116	40	0.4	1	1 39
117	8	0.4	1	0 8
118	10	0.4	1	1 9
119	10	0.4	1	0 10
120	8	0.4	1	1 7
121	20	0.4	1	0 20
122	5	0.4	1	0 5
123	23	0.4	1	1 22
124	9	0.4	1	0 9
125	7	0.4	1	0 7
126	5	0.4	1	1 4
127	7	0.4	1	0 7
128	5	0.4	1	0 5
129	10	0.4	1	0 10
130	14	0.4	1	0 14
131	16	0.4	1	0 16
132	7	0.4	1	0 7
133	10	0.4	1	1 9
134	10	0.4	1	1 9
135	9	0.4	1	0 9
136	6	0.4	1	0 6
138	4	0.4	1	0 4
139	6	0.4	1	0 6
140	1	0.4	1	0 1
141	9	0.4	1	0 9
142	19	0.4	1	0 19
143	6	0.4	1	0 6
144	5	0.4	1	0 5
145	2	0.4	1	0 2
146	4	0.4	1	1 3
149	1	0.4	1	0 1
150	1	0.4	1	0 1

=== Second read: Adapter 2 ===

Sequence: AGATCGGAAGAGC; Type: regular 3'; Length: 13; Trimmed: 970083 times.

No. of allowed errors:
0-9 bp: 0; 10-13 bp: 1

Bases preceding removed adapters:
  A: 31.2%
  C: 27.0%
  G: 29.2%
  T: 12.6%
  none/other: 0.0%

Overview of removed sequences
length	count	expect	max.err	error counts
3	612041	406840.8	0	612041
4	115665	101710.2	0	115665
5	27887	25427.5	0	27887
6	8214	6356.9	0	8214
7	6544	1589.2	0	6544
8	5497	397.3	0	5497
9	5081	99.3	0	4430 651
10	7406	24.8	1	5022 2384
11	7213	6.2	1	4994 2219
12	7138	1.6	1	5104 2034
13	5505	0.4	1	4102 1403
14	7275	0.4	1	5035 2240
15	5316	0.4	1	4252 1064
16	5973	0.4	1	4805 1168
17	7829	0.4	1	5881 1948
18	3440	0.4	1	2701 739
19	8782	0.4	1	6385 2397
20	5315	0.4	1	4140 1175
21	4661	0.4	1	3660 1001
22	4659	0.4	1	3445 1214
23	4483	0.4	1	3227 1256
24	7455	0.4	1	4802 2653
25	3637	0.4	1	2702 935
26	3374	0.4	1	2221 1153
27	4475	0.4	1	2832 1643
28	3813	0.4	1	2814 999
29	4291	0.4	1	3107 1184
30	5435	0.4	1	3896 1539
31	4383	0.4	1	3335 1048
32	5109	0.4	1	3487 1622
33	4318	0.4	1	3082 1236
34	8150	0.4	1	5296 2854
35	2751	0.4	1	2070 681
36	4216	0.4	1	2647 1569
37	3199	0.4	1	2240 959
38	2487	0.4	1	1671 816
39	3403	0.4	1	2302 1101
40	2049	0.4	1	1488 561
41	3301	0.4	1	2190 1111
42	3383	0.4	1	2505 878
43	1637	0.4	1	1052 585
44	3214	0.4	1	2315 899
45	2236	0.4	1	1501 735
46	1671	0.4	1	1102 569
47	2353	0.4	1	1685 668
48	1793	0.4	1	1281 512
49	1465	0.4	1	1030 435
50	976	0.4	1	802 174
51	407	0.4	1	264 143
52	290	0.4	1	188 102
53	297	0.4	1	186 111
54	396	0.4	1	266 130
55	241	0.4	1	126 115
56	274	0.4	1	154 120
57	535	0.4	1	374 161
58	282	0.4	1	156 126
59	195	0.4	1	101 94
60	327	0.4	1	216 111
61	175	0.4	1	83 92
62	160	0.4	1	73 87
63	295	0.4	1	191 104
64	291	0.4	1	184 107
65	185	0.4	1	88 97
66	227	0.4	1	108 119
67	158	0.4	1	59 99
68	171	0.4	1	75 96
69	151	0.4	1	71 80
70	169	0.4	1	96 73
71	125	0.4	1	70 55
72	148	0.4	1	71 77
73	139	0.4	1	55 84
74	126	0.4	1	58 68
75	132	0.4	1	59 73
76	144	0.4	1	63 81
77	164	0.4	1	66 98
78	96	0.4	1	46 50
79	87	0.4	1	29 58
80	85	0.4	1	43 42
81	73	0.4	1	30 43
82	67	0.4	1	15 52
83	61	0.4	1	8 53
84	63	0.4	1	10 53
85	35	0.4	1	11 24
86	51	0.4	1	7 44
87	48	0.4	1	6 42
88	45	0.4	1	4 41
89	49	0.4	1	6 43
90	30	0.4	1	2 28
91	41	0.4	1	5 36
92	31	0.4	1	3 28
93	59	0.4	1	4 55
94	46	0.4	1	3 43
95	65	0.4	1	1 64
96	42	0.4	1	1 41
97	31	0.4	1	5 26
98	35	0.4	1	4 31
99	43	0.4	1	7 36
100	56	0.4	1	14 42
101	60	0.4	1	8 52
102	65	0.4	1	5 60
103	77	0.4	1	12 65
104	66	0.4	1	9 57
105	59	0.4	1	5 54
106	54	0.4	1	6 48
107	46	0.4	1	7 39
108	43	0.4	1	4 39
109	55	0.4	1	4 51
110	43	0.4	1	5 38
111	27	0.4	1	2 25
112	64	0.4	1	6 58
113	47	0.4	1	6 41
114	31	0.4	1	4 27
115	48	0.4	1	4 44
116	38	0.4	1	7 31
117	60	0.4	1	3 57
118	35	0.4	1	4 31
119	43	0.4	1	2 41
120	29	0.4	1	4 25
121	44	0.4	1	3 41
122	36	0.4	1	1 35
123	34	0.4	1	6 28
124	38	0.4	1	2 36
125	40	0.4	1	0 40
126	85	0.4	1	2 83
127	50	0.4	1	0 50
128	39	0.4	1	0 39
129	34	0.4	1	0 34
130	54	0.4	1	0 54
131	27	0.4	1	0 27
132	27	0.4	1	1 26
133	37	0.4	1	1 36
134	23	0.4	1	2 21
135	17	0.4	1	1 16
136	27	0.4	1	0 27
137	71	0.4	1	0 71
138	86	0.4	1	0 86
139	41	0.4	1	0 41
140	35	0.4	1	0 35
141	43	0.4	1	0 43
142	41	0.4	1	1 40
143	28	0.4	1	0 28
144	34	0.4	1	0 34
145	64	0.4	1	0 64
146	47	0.4	1	0 47
147	50	0.4	1	0 50

