This is cutadapt 1.18 with Python 3.7.0
Command line parameters: -j 3 -a AGATCGGAAGAGC -A AGATCGGAAGAGC --trim-n -m 80 -q 20,20 -o /home1/gyang/work_space/4.ProjectET/batch17_rna/2.cutdata/midBlast_Ctrl_rep1.R1_cut.fq -p /home1/gyang/work_space/4.ProjectET/batch17_rna/2.cutdata/midBlast_Ctrl_rep1.R2_cut.fq midBlast_Ctrl_rep1.R1.fq.gz midBlast_Ctrl_rep1.R2.fq.gz
Processing reads on 3 cores in paired-end mode ...
Finished in 428.96 s (20 us/read; 3.07 M reads/minute).

=== Summary ===

Total read pairs processed:         21,929,899
  Read 1 with adapter:                 632,001 (2.9%)
  Read 2 with adapter:                 844,834 (3.9%)
Pairs that were too short:              63,962 (0.3%)
Pairs written (passing filters):    21,865,937 (99.7%)

Total basepairs processed: 6,578,969,700 bp
  Read 1: 3,289,484,850 bp
  Read 2: 3,289,484,850 bp
Quality-trimmed:              19,906,490 bp (0.3%)
  Read 1:     9,869,098 bp
  Read 2:    10,037,392 bp
Total written (filtered):  6,533,281,461 bp (99.3%)
  Read 1: 3,266,921,604 bp
  Read 2: 3,266,359,857 bp

=== First read: Adapter 1 ===

Sequence: AGATCGGAAGAGC; Type: regular 3'; Length: 13; Trimmed: 632001 times.

No. of allowed errors:
0-9 bp: 0; 10-13 bp: 1

Bases preceding removed adapters:
  A: 18.8%
  C: 39.0%
  G: 27.7%
  T: 14.4%
  none/other: 0.0%

Overview of removed sequences
length	count	expect	max.err	error counts
3	359986	342654.7	0	359986
4	86122	85663.7	0	86122
5	19199	21415.9	0	19199
6	4925	5354.0	0	4925
7	4561	1338.5	0	4561
8	3641	334.6	0	3641
9	4413	83.7	0	3985 428
10	3931	20.9	1	2336 1595
11	6167	5.2	1	3500 2667
12	4298	1.3	1	2637 1661
13	4281	0.3	1	2471 1810
14	4611	0.3	1	2644 1967
15	4892	0.3	1	2687 2205
16	5628	0.3	1	3058 2570
17	7916	0.3	1	4143 3773
18	3386	0.3	1	2129 1257
19	2851	0.3	1	1748 1103
20	4385	0.3	1	2625 1760
21	3129	0.3	1	1959 1170
22	3910	0.3	1	2264 1646
23	3319	0.3	1	1937 1382
24	4320	0.3	1	2301 2019
25	3760	0.3	1	1967 1793
26	2451	0.3	1	1477 974
27	2893	0.3	1	1827 1066
28	4309	0.3	1	2531 1778
29	3742	0.3	1	2111 1631
30	2745	0.3	1	1669 1076
31	2576	0.3	1	1630 946
32	3062	0.3	1	1913 1149
33	3367	0.3	1	2108 1259
34	3858	0.3	1	2303 1555
35	4104	0.3	1	2527 1577
36	1936	0.3	1	1264 672
37	2964	0.3	1	1978 986
38	3930	0.3	1	2387 1543
39	2805	0.3	1	1758 1047
40	2124	0.3	1	1383 741
41	2917	0.3	1	1926 991
42	2670	0.3	1	1757 913
43	3404	0.3	1	2159 1245
44	2563	0.3	1	1660 903
45	3078	0.3	1	2187 891
46	1372	0.3	1	866 506
47	1651	0.3	1	1037 614
48	2625	0.3	1	1646 979
49	1268	0.3	1	732 536
50	713	0.3	1	392 321
51	1128	0.3	1	689 439
52	607	0.3	1	365 242
53	251	0.3	1	118 133
54	532	0.3	1	275 257
55	529	0.3	1	284 245
56	382	0.3	1	220 162
57	304	0.3	1	180 124
58	347	0.3	1	200 147
59	419	0.3	1	246 173
60	199	0.3	1	120 79
61	216	0.3	1	113 103
62	299	0.3	1	165 134
63	161	0.3	1	96 65
64	162	0.3	1	94 68
65	309	0.3	1	173 136
66	346	0.3	1	197 149
67	182	0.3	1	101 81
68	247	0.3	1	145 102
69	207	0.3	1	127 80
70	210	0.3	1	128 82
71	107	0.3	1	61 46
72	90	0.3	1	37 53
73	103	0.3	1	54 49
74	169	0.3	1	88 81
75	169	0.3	1	83 86
76	205	0.3	1	117 88
77	193	0.3	1	94 99
78	175	0.3	1	98 77
79	136	0.3	1	92 44
80	95	0.3	1	61 34
81	55	0.3	1	30 25
82	49	0.3	1	21 28
83	51	0.3	1	24 27
84	46	0.3	1	18 28
85	24	0.3	1	9 15
86	26	0.3	1	9 17
87	14	0.3	1	5 9
88	17	0.3	1	2 15
89	19	0.3	1	9 10
90	9	0.3	1	2 7
91	11	0.3	1	6 5
92	13	0.3	1	4 9
93	5	0.3	1	1 4
94	6	0.3	1	0 6
95	14	0.3	1	0 14
96	16	0.3	1	0 16
97	8	0.3	1	2 6
98	23	0.3	1	2 21
99	8	0.3	1	2 6
100	12	0.3	1	2 10
101	19	0.3	1	3 16
102	8	0.3	1	0 8
103	6	0.3	1	0 6
104	11	0.3	1	3 8
105	4	0.3	1	0 4
106	3	0.3	1	1 2
107	6	0.3	1	1 5
108	13	0.3	1	0 13
109	7	0.3	1	1 6
110	21	0.3	1	0 21
111	15	0.3	1	0 15
112	11	0.3	1	3 8
113	8	0.3	1	0 8
114	7	0.3	1	0 7
115	7	0.3	1	0 7
116	12	0.3	1	1 11
117	3	0.3	1	0 3
118	11	0.3	1	1 10
119	3	0.3	1	0 3
120	5	0.3	1	0 5
121	10	0.3	1	2 8
122	8	0.3	1	0 8
123	7	0.3	1	1 6
124	11	0.3	1	1 10
125	4	0.3	1	1 3
126	6	0.3	1	0 6
127	15	0.3	1	0 15
128	1	0.3	1	0 1
129	11	0.3	1	0 11
130	8	0.3	1	0 8
131	3	0.3	1	1 2
132	8	0.3	1	0 8
133	4	0.3	1	0 4
134	6	0.3	1	0 6
135	2	0.3	1	1 1
136	7	0.3	1	0 7
137	6	0.3	1	0 6
138	3	0.3	1	0 3
139	3	0.3	1	0 3
140	3	0.3	1	0 3
141	3	0.3	1	0 3
142	12	0.3	1	0 12
143	5	0.3	1	0 5
144	7	0.3	1	3 4
145	2	0.3	1	0 2
147	1	0.3	1	0 1
148	1	0.3	1	0 1
150	1	0.3	1	0 1

=== Second read: Adapter 2 ===

Sequence: AGATCGGAAGAGC; Type: regular 3'; Length: 13; Trimmed: 844834 times.

No. of allowed errors:
0-9 bp: 0; 10-13 bp: 1

Bases preceding removed adapters:
  A: 30.2%
  C: 27.7%
  G: 29.7%
  T: 12.4%
  none/other: 0.0%

Overview of removed sequences
length	count	expect	max.err	error counts
3	494525	342654.7	0	494525
4	95342	85663.7	0	95342
5	24865	21415.9	0	24865
6	8891	5354.0	0	8891
7	7339	1338.5	0	7339
8	5996	334.6	0	5996
9	5489	83.7	0	4932 557
10	7756	20.9	1	5705 2051
11	7698	5.2	1	5628 2070
12	7437	1.3	1	5426 2011
13	6059	0.3	1	4700 1359
14	7816	0.3	1	5654 2162
15	5767	0.3	1	4677 1090
16	6807	0.3	1	5491 1316
17	8532	0.3	1	6640 1892
18	3709	0.3	1	2952 757
19	9552	0.3	1	7226 2326
20	6118	0.3	1	4857 1261
21	4921	0.3	1	4017 904
22	4975	0.3	1	3858 1117
23	4694	0.3	1	3498 1196
24	8274	0.3	1	5192 3082
25	3692	0.3	1	2843 849
26	3505	0.3	1	2380 1125
27	4557	0.3	1	2915 1642
28	3995	0.3	1	3004 991
29	4363	0.3	1	3204 1159
30	5461	0.3	1	4024 1437
31	4837	0.3	1	3704 1133
32	5400	0.3	1	3828 1572
33	4378	0.3	1	3096 1282
34	8796	0.3	1	5709 3087
35	2928	0.3	1	2272 656
36	4479	0.3	1	2936 1543
37	3446	0.3	1	2584 862
38	2543	0.3	1	1809 734
39	3437	0.3	1	2373 1064
40	2149	0.3	1	1606 543
41	3785	0.3	1	2634 1151
42	3462	0.3	1	2692 770
43	1719	0.3	1	1168 551
44	3673	0.3	1	2735 938
45	2525	0.3	1	1760 765
46	1959	0.3	1	1334 625
47	2711	0.3	1	2035 676
48	1983	0.3	1	1511 472
49	1851	0.3	1	1434 417
50	1390	0.3	1	1153 237
51	439	0.3	1	308 131
52	339	0.3	1	222 117
53	348	0.3	1	228 120
54	410	0.3	1	297 113
55	227	0.3	1	118 109
56	270	0.3	1	180 90
57	539	0.3	1	389 150
58	271	0.3	1	165 106
59	215	0.3	1	113 102
60	394	0.3	1	268 126
61	163	0.3	1	83 80
62	176	0.3	1	95 81
63	278	0.3	1	199 79
64	281	0.3	1	182 99
65	182	0.3	1	114 68
66	189	0.3	1	100 89
67	170	0.3	1	84 86
68	186	0.3	1	83 103
69	141	0.3	1	66 75
70	167	0.3	1	85 82
71	131	0.3	1	65 66
72	152	0.3	1	74 78
73	141	0.3	1	73 68
74	141	0.3	1	70 71
75	163	0.3	1	85 78
76	130	0.3	1	63 67
77	145	0.3	1	55 90
78	115	0.3	1	54 61
79	111	0.3	1	45 66
80	81	0.3	1	43 38
81	85	0.3	1	42 43
82	63	0.3	1	13 50
83	57	0.3	1	17 40
84	45	0.3	1	8 37
85	48	0.3	1	9 39
86	42	0.3	1	9 33
87	45	0.3	1	7 38
88	30	0.3	1	7 23
89	38	0.3	1	4 34
90	34	0.3	1	4 30
91	30	0.3	1	6 24
92	35	0.3	1	8 27
93	51	0.3	1	3 48
94	41	0.3	1	3 38
95	39	0.3	1	2 37
96	18	0.3	1	2 16
97	20	0.3	1	4 16
98	31	0.3	1	5 26
99	26	0.3	1	1 25
100	44	0.3	1	8 36
101	47	0.3	1	6 41
102	53	0.3	1	6 47
103	41	0.3	1	5 36
104	53	0.3	1	4 49
105	33	0.3	1	4 29
106	41	0.3	1	3 38
107	28	0.3	1	2 26
108	32	0.3	1	2 30
109	62	0.3	1	5 57
110	37	0.3	1	4 33
111	36	0.3	1	5 31
112	61	0.3	1	0 61
113	29	0.3	1	2 27
114	30	0.3	1	3 27
115	22	0.3	1	3 19
116	27	0.3	1	2 25
117	39	0.3	1	4 35
118	23	0.3	1	5 18
119	37	0.3	1	4 33
120	34	0.3	1	1 33
121	29	0.3	1	3 26
122	33	0.3	1	3 30
123	22	0.3	1	0 22
124	32	0.3	1	1 31
125	53	0.3	1	4 49
126	67	0.3	1	2 65
127	38	0.3	1	1 37
128	38	0.3	1	1 37
129	26	0.3	1	1 25
130	19	0.3	1	0 19
131	32	0.3	1	3 29
132	34	0.3	1	0 34
133	37	0.3	1	0 37
134	20	0.3	1	3 17
135	16	0.3	1	1 15
136	32	0.3	1	0 32
137	46	0.3	1	0 46
138	85	0.3	1	0 85
139	41	0.3	1	0 41
140	29	0.3	1	0 29
141	37	0.3	1	0 37
142	42	0.3	1	1 41
143	32	0.3	1	0 32
144	32	0.3	1	0 32
145	24	0.3	1	0 24
146	30	0.3	1	0 30
147	40	0.3	1	0 40

