This is cutadapt 1.18 with Python 3.7.0
Command line parameters: -j 3 -a AGATCGGAAGAGC -A AGATCGGAAGAGC --trim-n -m 80 -q 20,20 -o /home1/gyang/work_space/4.ProjectET/batch17_rna/2.cutdata/midBlast_siTfap2c_rep3.R1_cut.fq -p /home1/gyang/work_space/4.ProjectET/batch17_rna/2.cutdata/midBlast_siTfap2c_rep3.R2_cut.fq midBlast_siTfap2c_rep3.R1.fq.gz midBlast_siTfap2c_rep3.R2.fq.gz
Processing reads on 3 cores in paired-end mode ...
Finished in 413.10 s (20 us/read; 3.06 M reads/minute).

=== Summary ===

Total read pairs processed:         21,051,650
  Read 1 with adapter:                 630,972 (3.0%)
  Read 2 with adapter:                 830,438 (3.9%)
Pairs that were too short:              71,281 (0.3%)
Pairs written (passing filters):    20,980,369 (99.7%)

Total basepairs processed: 6,315,495,000 bp
  Read 1: 3,157,747,500 bp
  Read 2: 3,157,747,500 bp
Quality-trimmed:              19,280,199 bp (0.3%)
  Read 1:     9,609,232 bp
  Read 2:     9,670,967 bp
Total written (filtered):  6,271,332,170 bp (99.3%)
  Read 1: 3,135,854,473 bp
  Read 2: 3,135,477,697 bp

=== First read: Adapter 1 ===

Sequence: AGATCGGAAGAGC; Type: regular 3'; Length: 13; Trimmed: 630972 times.

No. of allowed errors:
0-9 bp: 0; 10-13 bp: 1

Bases preceding removed adapters:
  A: 21.4%
  C: 36.0%
  G: 27.0%
  T: 15.6%
  none/other: 0.0%

Overview of removed sequences
length	count	expect	max.err	error counts
3	396634	328932.0	0	396634
4	86370	82233.0	0	86370
5	19477	20558.3	0	19477
6	3989	5139.6	0	3989
7	2911	1284.9	0	2911
8	3025	321.2	0	3025
9	3617	80.3	0	3175 442
10	3381	20.1	1	1988 1393
11	5112	5.0	1	2786 2326
12	3628	1.3	1	2257 1371
13	3224	0.3	1	1942 1282
14	3557	0.3	1	2046 1511
15	3488	0.3	1	1976 1512
16	4323	0.3	1	2312 2011
17	5249	0.3	1	2955 2294
18	2820	0.3	1	1727 1093
19	2275	0.3	1	1353 922
20	3181	0.3	1	1878 1303
21	2868	0.3	1	1766 1102
22	2668	0.3	1	1617 1051
23	2748	0.3	1	1598 1150
24	3421	0.3	1	1826 1595
25	3006	0.3	1	1568 1438
26	2159	0.3	1	1270 889
27	2554	0.3	1	1557 997
28	2550	0.3	1	1507 1043
29	2946	0.3	1	1669 1277
30	1951	0.3	1	1147 804
31	1976	0.3	1	1161 815
32	2050	0.3	1	1252 798
33	2533	0.3	1	1411 1122
34	2671	0.3	1	1599 1072
35	1723	0.3	1	1036 687
36	2315	0.3	1	1359 956
37	2877	0.3	1	1664 1213
38	1712	0.3	1	986 726
39	1977	0.3	1	1190 787
40	1586	0.3	1	953 633
41	1756	0.3	1	1025 731
42	1721	0.3	1	1044 677
43	2058	0.3	1	1176 882
44	2132	0.3	1	1261 871
45	2037	0.3	1	1336 701
46	1112	0.3	1	654 458
47	1085	0.3	1	622 463
48	1565	0.3	1	953 612
49	1049	0.3	1	618 431
50	880	0.3	1	492 388
51	1062	0.3	1	638 424
52	541	0.3	1	290 251
53	453	0.3	1	225 228
54	572	0.3	1	308 264
55	503	0.3	1	297 206
56	480	0.3	1	267 213
57	503	0.3	1	301 202
58	577	0.3	1	336 241
59	553	0.3	1	334 219
60	364	0.3	1	200 164
61	295	0.3	1	142 153
62	378	0.3	1	216 162
63	235	0.3	1	134 101
64	261	0.3	1	157 104
65	370	0.3	1	233 137
66	559	0.3	1	329 230
67	371	0.3	1	225 146
68	345	0.3	1	194 151
69	268	0.3	1	140 128
70	282	0.3	1	164 118
71	74	0.3	1	41 33
72	88	0.3	1	47 41
73	150	0.3	1	68 82
74	150	0.3	1	83 67
75	212	0.3	1	97 115
76	202	0.3	1	95 107
77	193	0.3	1	89 104
78	167	0.3	1	80 87
79	108	0.3	1	66 42
80	79	0.3	1	40 39
81	38	0.3	1	24 14
82	34	0.3	1	17 17
83	24	0.3	1	9 15
84	14	0.3	1	4 10
85	17	0.3	1	2 15
86	13	0.3	1	5 8
87	14	0.3	1	3 11
88	14	0.3	1	4 10
89	13	0.3	1	4 9
90	6	0.3	1	0 6
91	9	0.3	1	2 7
92	3	0.3	1	0 3
93	9	0.3	1	1 8
94	5	0.3	1	4 1
95	4	0.3	1	1 3
96	6	0.3	1	1 5
97	15	0.3	1	0 15
98	14	0.3	1	1 13
99	9	0.3	1	3 6
100	16	0.3	1	2 14
101	11	0.3	1	1 10
102	16	0.3	1	3 13
103	10	0.3	1	1 9
104	9	0.3	1	1 8
105	10	0.3	1	1 9
106	8	0.3	1	3 5
107	20	0.3	1	1 19
108	15	0.3	1	1 14
109	12	0.3	1	3 9
110	5	0.3	1	1 4
111	9	0.3	1	1 8
112	11	0.3	1	0 11
113	10	0.3	1	1 9
114	13	0.3	1	1 12
115	16	0.3	1	1 15
116	10	0.3	1	0 10
117	16	0.3	1	2 14
118	7	0.3	1	0 7
119	3	0.3	1	1 2
120	12	0.3	1	1 11
121	4	0.3	1	0 4
122	10	0.3	1	0 10
123	6	0.3	1	0 6
124	10	0.3	1	0 10
125	1	0.3	1	0 1
126	8	0.3	1	0 8
127	3	0.3	1	0 3
128	10	0.3	1	0 10
129	4	0.3	1	0 4
130	5	0.3	1	0 5
131	4	0.3	1	0 4
132	5	0.3	1	0 5
133	9	0.3	1	0 9
134	4	0.3	1	0 4
135	5	0.3	1	0 5
136	2	0.3	1	0 2
137	1	0.3	1	0 1
139	5	0.3	1	0 5
140	2	0.3	1	0 2
141	4	0.3	1	0 4
142	10	0.3	1	0 10
143	3	0.3	1	0 3
144	5	0.3	1	1 4
145	3	0.3	1	0 3
146	3	0.3	1	0 3
149	2	0.3	1	0 2
150	2	0.3	1	0 2

=== Second read: Adapter 2 ===

Sequence: AGATCGGAAGAGC; Type: regular 3'; Length: 13; Trimmed: 830438 times.

No. of allowed errors:
0-9 bp: 0; 10-13 bp: 1

Bases preceding removed adapters:
  A: 30.4%
  C: 25.1%
  G: 30.8%
  T: 13.6%
  none/other: 0.0%

Overview of removed sequences
length	count	expect	max.err	error counts
3	555036	328932.0	0	555036
4	97704	82233.0	0	97704
5	21742	20558.3	0	21742
6	5804	5139.6	0	5804
7	4387	1284.9	0	4387
8	3895	321.2	0	3895
9	3624	80.3	0	3130 494
10	5051	20.1	1	3293 1758
11	5010	5.0	1	3359 1651
12	5531	1.3	1	3740 1791
13	3698	0.3	1	2750 948
14	5421	0.3	1	3668 1753
15	3850	0.3	1	2969 881
16	3974	0.3	1	3036 938
17	5450	0.3	1	3940 1510
18	2280	0.3	1	1664 616
19	5761	0.3	1	4108 1653
20	3622	0.3	1	2633 989
21	3068	0.3	1	2328 740
22	3410	0.3	1	2470 940
23	3069	0.3	1	2250 819
24	5755	0.3	1	3748 2007
25	3060	0.3	1	2324 736
26	2531	0.3	1	1786 745
27	3052	0.3	1	2083 969
28	2894	0.3	1	2100 794
29	3098	0.3	1	2240 858
30	3673	0.3	1	2668 1005
31	3380	0.3	1	2554 826
32	3585	0.3	1	2502 1083
33	3144	0.3	1	2250 894
34	6375	0.3	1	4463 1912
35	2403	0.3	1	1802 601
36	2994	0.3	1	2088 906
37	2440	0.3	1	1732 708
38	1996	0.3	1	1340 656
39	2479	0.3	1	1697 782
40	1577	0.3	1	1110 467
41	2148	0.3	1	1477 671
42	2512	0.3	1	1755 757
43	1237	0.3	1	848 389
44	2637	0.3	1	1892 745
45	1898	0.3	1	1300 598
46	1306	0.3	1	827 479
47	1775	0.3	1	1298 477
48	1253	0.3	1	847 406
49	1081	0.3	1	724 357
50	701	0.3	1	497 204
51	317	0.3	1	207 110
52	217	0.3	1	132 85
53	270	0.3	1	155 115
54	343	0.3	1	223 120
55	203	0.3	1	109 94
56	226	0.3	1	131 95
57	458	0.3	1	324 134
58	221	0.3	1	126 95
59	178	0.3	1	93 85
60	312	0.3	1	200 112
61	159	0.3	1	93 66
62	130	0.3	1	65 65
63	206	0.3	1	149 57
64	218	0.3	1	147 71
65	175	0.3	1	102 73
66	209	0.3	1	128 81
67	168	0.3	1	86 82
68	165	0.3	1	91 74
69	117	0.3	1	50 67
70	133	0.3	1	75 58
71	113	0.3	1	62 51
72	135	0.3	1	72 63
73	122	0.3	1	63 59
74	106	0.3	1	49 57
75	106	0.3	1	55 51
76	136	0.3	1	64 72
77	106	0.3	1	45 61
78	79	0.3	1	38 41
79	93	0.3	1	51 42
80	65	0.3	1	21 44
81	61	0.3	1	24 37
82	52	0.3	1	19 33
83	56	0.3	1	15 41
84	57	0.3	1	13 44
85	41	0.3	1	7 34
86	43	0.3	1	10 33
87	40	0.3	1	7 33
88	40	0.3	1	4 36
89	24	0.3	1	8 16
90	24	0.3	1	3 21
91	38	0.3	1	5 33
92	34	0.3	1	4 30
93	36	0.3	1	3 33
94	34	0.3	1	6 28
95	36	0.3	1	5 31
96	23	0.3	1	2 21
97	38	0.3	1	5 33
98	36	0.3	1	5 31
99	49	0.3	1	11 38
100	57	0.3	1	14 43
101	62	0.3	1	14 48
102	57	0.3	1	13 44
103	65	0.3	1	7 58
104	68	0.3	1	14 54
105	55	0.3	1	6 49
106	51	0.3	1	12 39
107	56	0.3	1	18 38
108	72	0.3	1	23 49
109	51	0.3	1	12 39
110	44	0.3	1	13 31
111	54	0.3	1	9 45
112	59	0.3	1	7 52
113	49	0.3	1	8 41
114	42	0.3	1	10 32
115	32	0.3	1	7 25
116	33	0.3	1	5 28
117	53	0.3	1	8 45
118	29	0.3	1	4 25
119	32	0.3	1	6 26
120	23	0.3	1	4 19
121	21	0.3	1	4 17
122	20	0.3	1	4 16
123	36	0.3	1	3 33
124	37	0.3	1	5 32
125	35	0.3	1	2 33
126	41	0.3	1	2 39
127	29	0.3	1	1 28
128	37	0.3	1	2 35
129	37	0.3	1	0 37
130	25	0.3	1	3 22
131	18	0.3	1	0 18
132	26	0.3	1	2 24
133	25	0.3	1	1 24
134	17	0.3	1	0 17
135	14	0.3	1	0 14
136	20	0.3	1	0 20
137	42	0.3	1	0 42
138	41	0.3	1	0 41
139	30	0.3	1	0 30
140	19	0.3	1	0 19
141	20	0.3	1	0 20
142	44	0.3	1	0 44
143	13	0.3	1	0 13
144	21	0.3	1	0 21
145	37	0.3	1	0 37
146	34	0.3	1	0 34
147	36	0.3	1	0 36

