This is cutadapt 1.18 with Python 3.7.0
Command line parameters: -j 3 -a AGATCGGAAGAGC -A AGATCGGAAGAGC --trim-n -m 80 -q 20,20 -o /home1/gyang/work_space/4.ProjectET/batch17_rna/2.cutdata/midBlast_Ctrl_rep2.R1_cut.fq -p /home1/gyang/work_space/4.ProjectET/batch17_rna/2.cutdata/midBlast_Ctrl_rep2.R2_cut.fq midBlast_Ctrl_rep2.R1.fq.gz midBlast_Ctrl_rep2.R2.fq.gz
Processing reads on 3 cores in paired-end mode ...
Finished in 489.13 s (19 us/read; 3.22 M reads/minute).

=== Summary ===

Total read pairs processed:         26,289,632
  Read 1 with adapter:                 734,997 (2.8%)
  Read 2 with adapter:                 956,180 (3.6%)
Pairs that were too short:              67,882 (0.3%)
Pairs written (passing filters):    26,221,750 (99.7%)

Total basepairs processed: 7,886,889,600 bp
  Read 1: 3,943,444,800 bp
  Read 2: 3,943,444,800 bp
Quality-trimmed:              20,046,962 bp (0.3%)
  Read 1:     9,033,538 bp
  Read 2:    11,013,424 bp
Total written (filtered):  7,840,523,741 bp (99.4%)
  Read 1: 3,920,860,616 bp
  Read 2: 3,919,663,125 bp

=== First read: Adapter 1 ===

Sequence: AGATCGGAAGAGC; Type: regular 3'; Length: 13; Trimmed: 734997 times.

No. of allowed errors:
0-9 bp: 0; 10-13 bp: 1

Bases preceding removed adapters:
  A: 20.1%
  C: 37.0%
  G: 27.4%
  T: 15.6%
  none/other: 0.0%

Overview of removed sequences
length	count	expect	max.err	error counts
3	446649	410775.5	0	446649
4	105333	102693.9	0	105333
5	22124	25673.5	0	22124
6	5030	6418.4	0	5030
7	4346	1604.6	0	4346
8	3862	401.1	0	3862
9	4626	100.3	0	4081 545
10	4140	25.1	1	2485 1655
11	6283	6.3	1	3560 2723
12	4442	1.6	1	2812 1630
13	4252	0.4	1	2577 1675
14	4741	0.4	1	2737 2004
15	4610	0.4	1	2746 1864
16	5648	0.4	1	3265 2383
17	7587	0.4	1	4259 3328
18	3350	0.4	1	2188 1162
19	3016	0.4	1	1905 1111
20	4306	0.4	1	2612 1694
21	3577	0.4	1	2237 1340
22	3524	0.4	1	2155 1369
23	3103	0.4	1	1890 1213
24	4565	0.4	1	2535 2030
25	3736	0.4	1	1982 1754
26	2599	0.4	1	1608 991
27	2912	0.4	1	1844 1068
28	3557	0.4	1	2116 1441
29	3969	0.4	1	2298 1671
30	2628	0.4	1	1645 983
31	2363	0.4	1	1523 840
32	3304	0.4	1	2160 1144
33	2458	0.4	1	1518 940
34	3800	0.4	1	2341 1459
35	1870	0.4	1	1188 682
36	2816	0.4	1	1797 1019
37	3493	0.4	1	2221 1272
38	2056	0.4	1	1366 690
39	2410	0.4	1	1507 903
40	2339	0.4	1	1443 896
41	2907	0.4	1	1892 1015
42	2897	0.4	1	1881 1016
43	2982	0.4	1	1782 1200
44	2230	0.4	1	1375 855
45	2966	0.4	1	2070 896
46	1160	0.4	1	731 429
47	1949	0.4	1	1134 815
48	3282	0.4	1	2090 1192
49	1402	0.4	1	874 528
50	490	0.4	1	259 231
51	907	0.4	1	568 339
52	570	0.4	1	364 206
53	179	0.4	1	97 82
54	312	0.4	1	167 145
55	319	0.4	1	171 148
56	242	0.4	1	145 97
57	185	0.4	1	108 77
58	227	0.4	1	116 111
59	294	0.4	1	177 117
60	138	0.4	1	76 62
61	149	0.4	1	76 73
62	185	0.4	1	102 83
63	95	0.4	1	55 40
64	109	0.4	1	63 46
65	183	0.4	1	108 75
66	217	0.4	1	123 94
67	177	0.4	1	108 69
68	175	0.4	1	73 102
69	166	0.4	1	89 77
70	204	0.4	1	121 83
71	129	0.4	1	76 53
72	93	0.4	1	42 51
73	88	0.4	1	41 47
74	125	0.4	1	51 74
75	139	0.4	1	65 74
76	169	0.4	1	90 79
77	165	0.4	1	81 84
78	186	0.4	1	94 92
79	133	0.4	1	70 63
80	123	0.4	1	72 51
81	70	0.4	1	42 28
82	45	0.4	1	27 18
83	29	0.4	1	15 14
84	59	0.4	1	17 42
85	35	0.4	1	19 16
86	18	0.4	1	6 12
87	21	0.4	1	6 15
88	23	0.4	1	8 15
89	18	0.4	1	4 14
90	11	0.4	1	6 5
91	23	0.4	1	3 20
92	18	0.4	1	4 14
93	7	0.4	1	2 5
94	20	0.4	1	2 18
95	9	0.4	1	0 9
96	15	0.4	1	4 11
97	16	0.4	1	1 15
98	15	0.4	1	1 14
99	12	0.4	1	2 10
100	9	0.4	1	2 7
101	18	0.4	1	2 16
102	9	0.4	1	3 6
103	13	0.4	1	2 11
104	6	0.4	1	0 6
105	11	0.4	1	2 9
106	8	0.4	1	1 7
107	12	0.4	1	1 11
108	11	0.4	1	4 7
109	11	0.4	1	1 10
110	17	0.4	1	2 15
111	5	0.4	1	2 3
112	5	0.4	1	1 4
113	16	0.4	1	1 15
114	12	0.4	1	0 12
115	21	0.4	1	1 20
116	22	0.4	1	0 22
117	4	0.4	1	0 4
118	14	0.4	1	0 14
119	9	0.4	1	0 9
120	15	0.4	1	1 14
121	14	0.4	1	1 13
122	10	0.4	1	0 10
123	8	0.4	1	0 8
124	7	0.4	1	0 7
125	5	0.4	1	0 5
126	17	0.4	1	1 16
127	8	0.4	1	0 8
128	6	0.4	1	0 6
129	10	0.4	1	0 10
130	14	0.4	1	1 13
131	5	0.4	1	0 5
132	10	0.4	1	0 10
133	9	0.4	1	1 8
134	15	0.4	1	2 13
135	10	0.4	1	1 9
136	3	0.4	1	0 3
137	3	0.4	1	0 3
138	6	0.4	1	0 6
139	3	0.4	1	0 3
140	2	0.4	1	0 2
141	9	0.4	1	0 9
142	20	0.4	1	0 20
143	2	0.4	1	0 2
144	6	0.4	1	0 6
145	4	0.4	1	1 3
148	3	0.4	1	0 3
149	3	0.4	1	0 3
150	1	0.4	1	0 1

=== Second read: Adapter 2 ===

Sequence: AGATCGGAAGAGC; Type: regular 3'; Length: 13; Trimmed: 956180 times.

No. of allowed errors:
0-9 bp: 0; 10-13 bp: 1

Bases preceding removed adapters:
  A: 31.3%
  C: 26.8%
  G: 29.2%
  T: 12.7%
  none/other: 0.0%

Overview of removed sequences
length	count	expect	max.err	error counts
3	613985	410775.5	0	613985
4	115247	102693.9	0	115247
5	27537	25673.5	0	27537
6	7866	6418.4	0	7866
7	6306	1604.6	0	6306
8	5173	401.1	0	5173
9	4867	100.3	0	4193 674
10	7028	25.1	1	4843 2185
11	6737	6.3	1	4574 2163
12	6821	1.6	1	4752 2069
13	5220	0.4	1	3877 1343
14	6980	0.4	1	4885 2095
15	5072	0.4	1	3996 1076
16	5596	0.4	1	4437 1159
17	7517	0.4	1	5647 1870
18	3190	0.4	1	2396 794
19	8339	0.4	1	6013 2326
20	4944	0.4	1	3728 1216
21	4355	0.4	1	3376 979
22	4448	0.4	1	3295 1153
23	4073	0.4	1	2915 1158
24	6817	0.4	1	4182 2635
25	3335	0.4	1	2469 866
26	3152	0.4	1	2139 1013
27	3934	0.4	1	2516 1418
28	3753	0.4	1	2703 1050
29	3826	0.4	1	2760 1066
30	5062	0.4	1	3600 1462
31	3803	0.4	1	2778 1025
32	4652	0.4	1	3141 1511
33	3840	0.4	1	2662 1178
34	7077	0.4	1	4614 2463
35	2516	0.4	1	1880 636
36	3857	0.4	1	2520 1337
37	3149	0.4	1	2180 969
38	2196	0.4	1	1441 755
39	3079	0.4	1	2097 982
40	1837	0.4	1	1326 511
41	3025	0.4	1	1993 1032
42	2974	0.4	1	2205 769
43	1525	0.4	1	948 577
44	2912	0.4	1	2056 856
45	2055	0.4	1	1377 678
46	1482	0.4	1	941 541
47	2082	0.4	1	1488 594
48	1502	0.4	1	1057 445
49	1263	0.4	1	942 321
50	847	0.4	1	669 178
51	376	0.4	1	218 158
52	278	0.4	1	174 104
53	287	0.4	1	175 112
54	339	0.4	1	212 127
55	234	0.4	1	104 130
56	250	0.4	1	137 113
57	504	0.4	1	341 163
58	279	0.4	1	152 127
59	210	0.4	1	101 109
60	336	0.4	1	227 109
61	166	0.4	1	91 75
62	141	0.4	1	70 71
63	222	0.4	1	146 76
64	220	0.4	1	135 85
65	153	0.4	1	86 67
66	206	0.4	1	104 102
67	217	0.4	1	101 116
68	143	0.4	1	79 64
69	149	0.4	1	72 77
70	168	0.4	1	79 89
71	156	0.4	1	77 79
72	121	0.4	1	65 56
73	124	0.4	1	60 64
74	116	0.4	1	59 57
75	124	0.4	1	67 57
76	129	0.4	1	58 71
77	119	0.4	1	44 75
78	113	0.4	1	45 68
79	117	0.4	1	52 65
80	89	0.4	1	43 46
81	68	0.4	1	30 38
82	66	0.4	1	19 47
83	68	0.4	1	19 49
84	64	0.4	1	11 53
85	50	0.4	1	17 33
86	50	0.4	1	9 41
87	54	0.4	1	3 51
88	52	0.4	1	7 45
89	37	0.4	1	6 31
90	54	0.4	1	5 49
91	52	0.4	1	6 46
92	55	0.4	1	6 49
93	61	0.4	1	3 58
94	63	0.4	1	7 56
95	57	0.4	1	6 51
96	35	0.4	1	5 30
97	36	0.4	1	1 35
98	30	0.4	1	2 28
99	52	0.4	1	5 47
100	55	0.4	1	9 46
101	79	0.4	1	11 68
102	57	0.4	1	7 50
103	81	0.4	1	8 73
104	50	0.4	1	12 38
105	43	0.4	1	4 39
106	46	0.4	1	5 41
107	51	0.4	1	7 44
108	57	0.4	1	8 49
109	62	0.4	1	5 57
110	48	0.4	1	2 46
111	47	0.4	1	8 39
112	67	0.4	1	6 61
113	41	0.4	1	5 36
114	29	0.4	1	3 26
115	32	0.4	1	4 28
116	37	0.4	1	3 34
117	46	0.4	1	0 46
118	50	0.4	1	3 47
119	38	0.4	1	3 35
120	33	0.4	1	3 30
121	41	0.4	1	4 37
122	29	0.4	1	3 26
123	30	0.4	1	5 25
124	51	0.4	1	3 48
125	42	0.4	1	1 41
126	85	0.4	1	0 85
127	45	0.4	1	0 45
128	57	0.4	1	1 56
129	36	0.4	1	1 35
130	47	0.4	1	1 46
131	49	0.4	1	1 48
132	55	0.4	1	3 52
133	42	0.4	1	0 42
134	16	0.4	1	0 16
135	20	0.4	1	0 20
136	44	0.4	1	0 44
137	63	0.4	1	0 63
138	59	0.4	1	0 59
139	50	0.4	1	3 47
140	41	0.4	1	0 41
141	65	0.4	1	0 65
142	45	0.4	1	0 45
143	18	0.4	1	0 18
144	40	0.4	1	0 40
145	36	0.4	1	0 36
146	43	0.4	1	0 43
147	39	0.4	1	0 39

