This is cutadapt 1.16 with Python 3.6.4
Command line parameters: -j 2 -a AGATCGGAAGAGC -A AGATCGGAAGAGC --trim-n -m 50 -q 20,20 -o /home1/gyang/work_space/4.ProjectET/batch7_cr/2.cutdata/TSC_Gata3_1k_rep1.R1_cut.fq -p /home1/gyang/work_space/4.ProjectET/batch7_cr/2.cutdata/TSC_Gata3_1k_rep1.R2_cut.fq TSC_Gata3_1k_rep1.R1.fq.gz TSC_Gata3_1k_rep1.R2.fq.gz
Running on 2 cores
Trimming 2 adapters with at most 10.0% errors in paired-end mode ...
Finished in 2725.86 s (37 us/read; 1.64 M reads/minute).

=== Summary ===

Total read pairs processed:         74,439,011
  Read 1 with adapter:              28,968,531 (38.9%)
  Read 2 with adapter:              22,787,769 (30.6%)
Pairs that were too short:           7,201,226 (9.7%)
Pairs written (passing filters):    67,237,785 (90.3%)

Total basepairs processed: 22,331,703,300 bp
  Read 1: 11,165,851,650 bp
  Read 2: 11,165,851,650 bp
Quality-trimmed:              72,316,673 bp (0.3%)
  Read 1:    23,297,435 bp
  Read 2:    49,019,238 bp
Total written (filtered):  18,532,344,192 bp (83.0%)
  Read 1: 9,266,425,690 bp
  Read 2: 9,265,918,502 bp

=== First read: Adapter 1 ===

Sequence: AGATCGGAAGAGC; Type: regular 3'; Length: 13; Trimmed: 28968531 times.

No. of allowed errors:
0-9 bp: 0; 10-13 bp: 1

Bases preceding removed adapters:
  A: 13.7%
  C: 18.5%
  G: 25.7%
  T: 20.7%
  none/other: 21.4%

Overview of removed sequences
length	count	expect	max.err	error counts
3	1254048	1163109.5	0	1254048
4	542710	290777.4	0	542710
5	420759	72694.3	0	420759
6	379264	18173.6	0	379264
7	370422	4543.4	0	370422
8	384577	1135.8	0	384577
9	373178	284.0	0	370229 2949
10	370085	71.0	1	356753 13332
11	372059	17.7	1	352029 20030
12	334709	4.4	1	317163 17546
13	305493	1.1	1	289017 16476
14	305462	1.1	1	288200 17262
15	322813	1.1	1	305193 17620
16	346304	1.1	1	324954 21350
17	404841	1.1	1	380132 24709
18	392184	1.1	1	371752 20432
19	345261	1.1	1	327851 17410
20	333539	1.1	1	315714 17825
21	296600	1.1	1	280696 15904
22	266722	1.1	1	253183 13539
23	254547	1.1	1	240769 13778
24	258521	1.1	1	241951 16570
25	259459	1.1	1	245113 14346
26	275597	1.1	1	261272 14325
27	314647	1.1	1	297866 16781
28	332043	1.1	1	314366 17677
29	378298	1.1	1	355921 22377
30	361056	1.1	1	343127 17929
31	323647	1.1	1	307277 16370
32	294680	1.1	1	279428 15252
33	252149	1.1	1	238257 13892
34	249843	1.1	1	236168 13675
35	235387	1.1	1	222215 13172
36	267545	1.1	1	252097 15448
37	253086	1.1	1	239907 13179
38	294706	1.1	1	279851 14855
39	327770	1.1	1	310501 17269
40	319310	1.1	1	303671 15639
41	274212	1.1	1	258727 15485
42	238602	1.1	1	226323 12279
43	208213	1.1	1	194951 13262
44	198767	1.1	1	185647 13120
45	278864	1.1	1	268918 9946
46	98263	1.1	1	87410 10853
47	188598	1.1	1	180802 7796
48	223581	1.1	1	212354 11227
49	231792	1.1	1	219676 12116
50	237763	1.1	1	224823 12940
51	245114	1.1	1	231452 13662
52	209939	1.1	1	196962 12977
53	170617	1.1	1	155916 14701
54	161426	1.1	1	146052 15374
55	159330	1.1	1	150165 9165
56	145356	1.1	1	136701 8655
57	165484	1.1	1	156465 9019
58	198194	1.1	1	187482 10712
59	200786	1.1	1	187555 13231
60	245264	1.1	1	227371 17893
61	212888	1.1	1	201345 11543
62	193093	1.1	1	182998 10095
63	172901	1.1	1	164696 8205
64	135366	1.1	1	128205 7161
65	107102	1.1	1	99653 7449
66	183025	1.1	1	174369 8656
67	171082	1.1	1	161202 9880
68	255398	1.1	1	245708 9690
69	193663	1.1	1	182646 11017
70	193116	1.1	1	185304 7812
71	30921	1.1	1	25631 5290
72	31775	1.1	1	28902 2873
73	88160	1.1	1	84306 3854
74	105034	1.1	1	99862 5172
75	107914	1.1	1	102241 5673
76	101977	1.1	1	96291 5686
77	100439	1.1	1	94954 5485
78	106051	1.1	1	100107 5944
79	104903	1.1	1	98866 6037
80	118959	1.1	1	112351 6608
81	125340	1.1	1	118628 6712
82	119063	1.1	1	112831 6232
83	104521	1.1	1	98595 5926
84	98635	1.1	1	92985 5650
85	94918	1.1	1	89424 5494
86	86329	1.1	1	81143 5186
87	82284	1.1	1	77430 4854
88	80470	1.1	1	75648 4822
89	88530	1.1	1	83516 5014
90	90778	1.1	1	85415 5363
91	92323	1.1	1	87080 5243
92	97646	1.1	1	92230 5416
93	86310	1.1	1	81311 4999
94	91288	1.1	1	86220 5068
95	71064	1.1	1	66813 4251
96	72557	1.1	1	68251 4306
97	61130	1.1	1	57456 3674
98	64936	1.1	1	61178 3758
99	60642	1.1	1	57100 3542
100	59377	1.1	1	55906 3471
101	64776	1.1	1	61084 3692
102	65273	1.1	1	61560 3713
103	64200	1.1	1	60642 3558
104	59828	1.1	1	56463 3365
105	50448	1.1	1	47422 3026
106	43094	1.1	1	40469 2625
107	40145	1.1	1	37545 2600
108	37489	1.1	1	35079 2410
109	35405	1.1	1	33030 2375
110	34872	1.1	1	32586 2286
111	36127	1.1	1	33811 2316
112	35627	1.1	1	33256 2371
113	34199	1.1	1	32076 2123
114	32410	1.1	1	30291 2119
115	27163	1.1	1	25285 1878
116	21807	1.1	1	20302 1505
117	19419	1.1	1	18062 1357
118	17206	1.1	1	15902 1304
119	14689	1.1	1	13507 1182
120	13889	1.1	1	12803 1086
121	12331	1.1	1	11420 911
122	10944	1.1	1	10119 825
123	10057	1.1	1	9296 761
124	8402	1.1	1	7718 684
125	6892	1.1	1	6318 574
126	6841	1.1	1	6327 514
127	6511	1.1	1	6075 436
128	5770	1.1	1	5403 367
129	4650	1.1	1	4399 251
130	4051	1.1	1	3827 224
131	5465	1.1	1	5172 293
132	3039	1.1	1	2889 150
133	2255	1.1	1	2162 93
134	1773	1.1	1	1656 117
135	1648	1.1	1	1552 96
136	497	1.1	1	424 73
137	236	1.1	1	171 65
138	217	1.1	1	162 55
139	218	1.1	1	178 40
140	335	1.1	1	264 71
141	474	1.1	1	371 103
142	247	1.1	1	160 87
143	287	1.1	1	188 99
144	170	1.1	1	73 97
145	202	1.1	1	31 171
146	267	1.1	1	19 248
147	699	1.1	1	38 661
148	4443	1.1	1	23 4420
149	40263	1.1	1	106 40157
150	6185887	1.1	1	11330 6174557

=== Second read: Adapter 2 ===

Sequence: AGATCGGAAGAGC; Type: regular 3'; Length: 13; Trimmed: 22787769 times.

No. of allowed errors:
0-9 bp: 0; 10-13 bp: 1

Bases preceding removed adapters:
  A: 17.5%
  C: 23.4%
  G: 32.5%
  T: 26.5%
  none/other: 0.1%

Overview of removed sequences
length	count	expect	max.err	error counts
3	1282625	1163109.5	0	1282625
4	545682	290777.4	0	545682
5	422989	72694.3	0	422989
6	373242	18173.6	0	373242
7	379256	4543.4	0	379256
8	409617	1135.8	0	409617
9	347928	284.0	0	346790 1138
10	379965	71.0	1	369010 10955
11	368823	17.7	1	356103 12720
12	342745	4.4	1	330312 12433
13	305116	1.1	1	295692 9424
14	318848	1.1	1	305245 13603
15	312124	1.1	1	301468 10656
16	344715	1.1	1	334123 10592
17	432925	1.1	1	418397 14528
18	344646	1.1	1	334278 10368
19	435986	1.1	1	421460 14526
20	288958	1.1	1	279430 9528
21	281358	1.1	1	272307 9051
22	262852	1.1	1	254772 8080
23	260698	1.1	1	251458 9240
24	572933	1.1	1	554560 18373
25	219121	1.1	1	211662 7459
26	204615	1.1	1	198342 6273
27	181447	1.1	1	172251 9196
28	575765	1.1	1	563968 11797
29	125659	1.1	1	117050 8609
30	554902	1.1	1	542861 12041
31	179909	1.1	1	169793 10116
32	841889	1.1	1	827074 14815
33	220013	1.1	1	211820 8193
34	83016	1.1	1	77678 5338
35	424054	1.1	1	416712 7342
36	183705	1.1	1	177645 6060
37	152984	1.1	1	147815 5169
38	199478	1.1	1	194263 5215
39	171819	1.1	1	166806 5013
40	152732	1.1	1	147818 4914
41	277396	1.1	1	270558 6838
42	316345	1.1	1	309573 6772
43	125200	1.1	1	120566 4634
44	197771	1.1	1	191453 6318
45	511221	1.1	1	504028 7193
46	139904	1.1	1	134438 5466
47	152325	1.1	1	147313 5012
48	388824	1.1	1	381702 7122
49	225274	1.1	1	219641 5633
50	124540	1.1	1	119688 4852
51	362655	1.1	1	355478 7177
52	372965	1.1	1	365972 6993
53	228653	1.1	1	223381 5272
54	168539	1.1	1	164012 4527
55	195509	1.1	1	191508 4001
56	127562	1.1	1	124049 3513
57	172883	1.1	1	169123 3760
58	180686	1.1	1	177054 3632
59	143275	1.1	1	140055 3220
60	111693	1.1	1	108906 2787
61	97739	1.1	1	95359 2380
62	84570	1.1	1	82331 2239
63	81918	1.1	1	79792 2126
64	100368	1.1	1	98080 2288
65	98376	1.1	1	96024 2352
66	103881	1.1	1	101420 2461
67	105122	1.1	1	102593 2529
68	117614	1.1	1	114918 2696
69	132179	1.1	1	129186 2993
70	142350	1.1	1	139207 3143
71	154389	1.1	1	151024 3365
72	139744	1.1	1	136540 3204
73	132015	1.1	1	128943 3072
74	114547	1.1	1	111835 2712
75	108117	1.1	1	105621 2496
76	99386	1.1	1	97040 2346
77	99064	1.1	1	96717 2347
78	105939	1.1	1	103641 2298
79	102432	1.1	1	100100 2332
80	117555	1.1	1	115051 2504
81	123592	1.1	1	121013 2579
82	114060	1.1	1	111470 2590
83	101412	1.1	1	99049 2363
84	95863	1.1	1	93482 2381
85	88411	1.1	1	86069 2342
86	84199	1.1	1	82131 2068
87	85375	1.1	1	83521 1854
88	83063	1.1	1	81208 1855
89	81575	1.1	1	79773 1802
90	87512	1.1	1	85554 1958
91	88097	1.1	1	86257 1840
92	92927	1.1	1	91134 1793
93	84699	1.1	1	82903 1796
94	89512	1.1	1	87741 1771
95	71135	1.1	1	69609 1526
96	73045	1.1	1	71629 1416
97	60833	1.1	1	59558 1275
98	63499	1.1	1	62206 1293
99	59085	1.1	1	57895 1190
100	57878	1.1	1	56716 1162
101	62500	1.1	1	61252 1248
102	64202	1.1	1	62969 1233
103	62612	1.1	1	61474 1138
104	59704	1.1	1	58572 1132
105	50216	1.1	1	49329 887
106	43115	1.1	1	42293 822
107	40383	1.1	1	39560 823
108	37525	1.1	1	36734 791
109	35779	1.1	1	35037 742
110	34564	1.1	1	33836 728
111	35888	1.1	1	35211 677
112	35497	1.1	1	34853 644
113	34511	1.1	1	33915 596
114	32701	1.1	1	32042 659
115	27165	1.1	1	26639 526
116	22060	1.1	1	21591 469
117	18987	1.1	1	18637 350
118	17119	1.1	1	16737 382
119	14642	1.1	1	14328 314
120	14079	1.1	1	13782 297
121	12271	1.1	1	12003 268
122	10992	1.1	1	10755 237
123	10097	1.1	1	9889 208
124	8502	1.1	1	8318 184
125	6884	1.1	1	6709 175
126	6616	1.1	1	6464 152
127	5835	1.1	1	5718 117
128	5435	1.1	1	5313 122
129	4465	1.1	1	4355 110
130	3897	1.1	1	3790 107
131	5375	1.1	1	5083 292
132	2921	1.1	1	2843 78
133	2160	1.1	1	2104 56
134	1693	1.1	1	1615 78
135	1572	1.1	1	1515 57
136	403	1.1	1	357 46
137	133	1.1	1	94 39
138	129	1.1	1	112 17
139	105	1.1	1	72 33
140	234	1.1	1	201 33
141	360	1.1	1	312 48
142	169	1.1	1	139 30
143	244	1.1	1	214 30
144	127	1.1	1	86 41
145	62	1.1	1	18 44
146	57	1.1	1	23 34
147	70	1.1	1	38 32
148	81	1.1	1	22 59
149	542	1.1	1	268 274
150	21653	1.1	1	11318 10335

