This is cutadapt 1.16 with Python 3.6.4
Command line parameters: -j 2 -a AGATCGGAAGAGC -A AGATCGGAAGAGC --trim-n -m 50 -q 20,20 -o /home1/gyang/work_space/4.ProjectET/batch7_cr/2.cutdata/TSC_Gata3_1k_rep2.R1_cut.fq -p /home1/gyang/work_space/4.ProjectET/batch7_cr/2.cutdata/TSC_Gata3_1k_rep2.R2_cut.fq TSC_Gata3_1k_rep2.R1.fq.gz TSC_Gata3_1k_rep2.R2.fq.gz
Running on 2 cores
Trimming 2 adapters with at most 10.0% errors in paired-end mode ...
Finished in 2209.29 s (40 us/read; 1.49 M reads/minute).

=== Summary ===

Total read pairs processed:         54,710,141
  Read 1 with adapter:              18,552,902 (33.9%)
  Read 2 with adapter:              14,372,341 (26.3%)
Pairs that were too short:           5,005,308 (9.1%)
Pairs written (passing filters):    49,704,833 (90.9%)

Total basepairs processed: 16,413,042,300 bp
  Read 1: 8,206,521,150 bp
  Read 2: 8,206,521,150 bp
Quality-trimmed:              54,234,896 bp (0.3%)
  Read 1:    16,959,143 bp
  Read 2:    37,275,753 bp
Total written (filtered):  13,887,529,069 bp (84.6%)
  Read 1: 6,946,837,008 bp
  Read 2: 6,940,692,061 bp

=== First read: Adapter 1 ===

Sequence: AGATCGGAAGAGC; Type: regular 3'; Length: 13; Trimmed: 18552902 times.

No. of allowed errors:
0-9 bp: 0; 10-13 bp: 1

Bases preceding removed adapters:
  A: 14.1%
  C: 18.3%
  G: 24.1%
  T: 20.0%
  none/other: 23.4%

Overview of removed sequences
length	count	expect	max.err	error counts
3	981331	854846.0	0	981331
4	379850	213711.5	0	379850
5	288971	53427.9	0	288971
6	234093	13357.0	0	234093
7	214484	3339.2	0	214484
8	235283	834.8	0	235283
9	226649	208.7	0	225066 1583
10	219963	52.2	1	208387 11576
11	228636	13.0	1	209154 19482
12	199540	3.3	1	185529 14011
13	186727	0.8	1	172912 13815
14	183674	0.8	1	168744 14930
15	194719	0.8	1	179571 15148
16	203600	0.8	1	186939 16661
17	252994	0.8	1	230102 22892
18	219621	0.8	1	205317 14304
19	205697	0.8	1	191630 14067
20	195785	0.8	1	181344 14441
21	181063	0.8	1	166823 14240
22	155877	0.8	1	146161 9716
23	155855	0.8	1	144449 11406
24	152693	0.8	1	140537 12156
25	158142	0.8	1	146743 11399
26	165901	0.8	1	154348 11553
27	189500	0.8	1	175773 13727
28	198655	0.8	1	185036 13619
29	232307	0.8	1	213911 18396
30	209520	0.8	1	196947 12573
31	195963	0.8	1	183264 12699
32	179987	0.8	1	167960 12027
33	152248	0.8	1	141540 10708
34	152100	0.8	1	141876 10224
35	152134	0.8	1	140310 11824
36	153906	0.8	1	143536 10370
37	153113	0.8	1	143008 10105
38	179279	0.8	1	167668 11611
39	189109	0.8	1	176924 12185
40	194171	0.8	1	181979 12192
41	164956	0.8	1	154376 10580
42	144916	0.8	1	135649 9267
43	122545	0.8	1	113710 8835
44	117408	0.8	1	107822 9586
45	160929	0.8	1	153480 7449
46	69468	0.8	1	61357 8111
47	114434	0.8	1	107857 6577
48	125450	0.8	1	118053 7397
49	138574	0.8	1	129682 8892
50	151008	0.8	1	140494 10514
51	160009	0.8	1	148865 11144
52	120237	0.8	1	112598 7639
53	100917	0.8	1	94626 6291
54	96622	0.8	1	90209 6413
55	87788	0.8	1	82315 5473
56	89534	0.8	1	83708 5826
57	93880	0.8	1	87702 6178
58	109841	0.8	1	102325 7516
59	136093	0.8	1	126912 9181
60	142525	0.8	1	134104 8421
61	152674	0.8	1	143082 9592
62	113104	0.8	1	106448 6656
63	96965	0.8	1	91409 5556
64	85557	0.8	1	79836 5721
65	79686	0.8	1	73982 5704
66	89141	0.8	1	83574 5567
67	94488	0.8	1	87535 6953
68	148339	0.8	1	140671 7668
69	156247	0.8	1	145679 10568
70	237280	0.8	1	227937 9343
71	26586	0.8	1	20720 5866
72	7056	0.8	1	5459 1597
73	20856	0.8	1	19193 1663
74	41163	0.8	1	38860 2303
75	55171	0.8	1	52042 3129
76	57608	0.8	1	54225 3383
77	58988	0.8	1	55397 3591
78	63402	0.8	1	59486 3916
79	64895	0.8	1	61029 3866
80	74857	0.8	1	70391 4466
81	80052	0.8	1	75214 4838
82	74663	0.8	1	70260 4403
83	65335	0.8	1	61254 4081
84	61212	0.8	1	57344 3868
85	58484	0.8	1	54767 3717
86	55688	0.8	1	52206 3482
87	52928	0.8	1	49379 3549
88	53284	0.8	1	49816 3468
89	62758	0.8	1	59058 3700
90	59479	0.8	1	55658 3821
91	60665	0.8	1	56734 3931
92	64020	0.8	1	60118 3902
93	56410	0.8	1	52907 3503
94	58556	0.8	1	55047 3509
95	45837	0.8	1	42899 2938
96	46372	0.8	1	43459 2913
97	39732	0.8	1	37188 2544
98	42187	0.8	1	39651 2536
99	39521	0.8	1	36998 2523
100	38731	0.8	1	36274 2457
101	42510	0.8	1	39964 2546
102	43308	0.8	1	40798 2510
103	41677	0.8	1	39205 2472
104	38544	0.8	1	36247 2297
105	32761	0.8	1	30741 2020
106	28066	0.8	1	26328 1738
107	26327	0.8	1	24634 1693
108	25039	0.8	1	23386 1653
109	23839	0.8	1	22275 1564
110	23578	0.8	1	22128 1450
111	24341	0.8	1	22710 1631
112	24098	0.8	1	22504 1594
113	23538	0.8	1	22035 1503
114	22568	0.8	1	21218 1350
115	18685	0.8	1	17545 1140
116	15473	0.8	1	14418 1055
117	13487	0.8	1	12556 931
118	11374	0.8	1	10561 813
119	9981	0.8	1	9196 785
120	9265	0.8	1	8525 740
121	8134	0.8	1	7532 602
122	7211	0.8	1	6684 527
123	6622	0.8	1	6129 493
124	5609	0.8	1	5205 404
125	4668	0.8	1	4309 359
126	4464	0.8	1	4096 368
127	4074	0.8	1	3782 292
128	3737	0.8	1	3486 251
129	3244	0.8	1	3019 225
130	2712	0.8	1	2548 164
131	3420	0.8	1	3190 230
132	2005	0.8	1	1869 136
133	1559	0.8	1	1426 133
134	1169	0.8	1	1053 116
135	1192	0.8	1	1100 92
136	297	0.8	1	225 72
137	143	0.8	1	66 77
138	216	0.8	1	135 81
139	102	0.8	1	19 83
140	128	0.8	1	14 114
141	392	0.8	1	230 162
142	187	0.8	1	28 159
143	465	0.8	1	261 204
144	295	0.8	1	54 241
145	437	0.8	1	16 421
146	549	0.8	1	20 529
147	1170	0.8	1	20 1150
148	3227	0.8	1	17 3210
149	34233	0.8	1	117 34116
150	4312531	0.8	1	7778 4304753

=== Second read: Adapter 2 ===

Sequence: AGATCGGAAGAGC; Type: regular 3'; Length: 13; Trimmed: 14372341 times.

No. of allowed errors:
0-9 bp: 0; 10-13 bp: 1

Bases preceding removed adapters:
  A: 18.7%
  C: 23.6%
  G: 31.4%
  T: 26.2%
  none/other: 0.1%

Overview of removed sequences
length	count	expect	max.err	error counts
3	1021981	854846.0	0	1021981
4	387644	213711.5	0	387644
5	277046	53427.9	0	277046
6	234315	13357.0	0	234315
7	235451	3339.2	0	235451
8	263769	834.8	0	263769
9	208244	208.7	0	207348 896
10	234430	52.2	1	224607 9823
11	228770	13.0	1	216822 11948
12	211912	3.3	1	201102 10810
13	189648	0.8	1	181636 8012
14	196920	0.8	1	186057 10863
15	188861	0.8	1	180819 8042
16	209110	0.8	1	199783 9327
17	263155	0.8	1	251453 11702
18	203387	0.8	1	195667 7720
19	264593	0.8	1	253282 11311
20	163306	0.8	1	156134 7172
21	176087	0.8	1	168177 7910
22	159529	0.8	1	152799 6730
23	157243	0.8	1	150317 6926
24	296763	0.8	1	283806 12957
25	148657	0.8	1	142254 6403
26	146256	0.8	1	140334 5922
27	132931	0.8	1	124719 8212
28	330160	0.8	1	320386 9774
29	97164	0.8	1	90011 7153
30	343212	0.8	1	333283 9929
31	108948	0.8	1	101677 7271
32	502763	0.8	1	490856 11907
33	142483	0.8	1	135797 6686
34	58028	0.8	1	53636 4392
35	253534	0.8	1	247750 5784
36	109667	0.8	1	104948 4719
37	105356	0.8	1	101255 4101
38	112454	0.8	1	108519 3935
39	107942	0.8	1	104139 3803
40	89381	0.8	1	85891 3490
41	167170	0.8	1	162371 4799
42	190605	0.8	1	185659 4946
43	75745	0.8	1	72308 3437
44	119231	0.8	1	114692 4539
45	315568	0.8	1	310082 5486
46	89279	0.8	1	85209 4070
47	88875	0.8	1	85344 3531
48	239721	0.8	1	234508 5213
49	130618	0.8	1	126387 4231
50	79563	0.8	1	76012 3551
51	224518	0.8	1	219057 5461
52	245177	0.8	1	239734 5443
53	128870	0.8	1	125113 3757
54	102055	0.8	1	98805 3250
55	111846	0.8	1	108878 2968
56	70862	0.8	1	68374 2488
57	99676	0.8	1	97154 2522
58	105761	0.8	1	102913 2848
59	86775	0.8	1	84231 2544
60	70012	0.8	1	67832 2180
61	62025	0.8	1	59994 2031
62	52179	0.8	1	50420 1759
63	51368	0.8	1	49714 1654
64	62987	0.8	1	61231 1756
65	60378	0.8	1	58522 1856
66	63065	0.8	1	61237 1828
67	63790	0.8	1	61956 1834
68	71201	0.8	1	69093 2108
69	81637	0.8	1	79383 2254
70	90428	0.8	1	87891 2537
71	99683	0.8	1	97013 2670
72	89526	0.8	1	87170 2356
73	81284	0.8	1	79149 2135
74	72489	0.8	1	70411 2078
75	68311	0.8	1	66412 1899
76	62902	0.8	1	61128 1774
77	62075	0.8	1	60250 1825
78	66285	0.8	1	64519 1766
79	65643	0.8	1	63837 1806
80	75814	0.8	1	73792 2022
81	80563	0.8	1	78416 2147
82	72774	0.8	1	70852 1922
83	64893	0.8	1	63118 1775
84	60552	0.8	1	58701 1851
85	56351	0.8	1	54504 1847
86	54032	0.8	1	52179 1853
87	54358	0.8	1	52930 1428
88	53210	0.8	1	51685 1525
89	53735	0.8	1	52125 1610
90	57869	0.8	1	56370 1499
91	58820	0.8	1	57457 1363
92	62162	0.8	1	60679 1483
93	55937	0.8	1	54675 1262
94	58027	0.8	1	56725 1302
95	46186	0.8	1	45077 1109
96	46661	0.8	1	45560 1101
97	39280	0.8	1	38314 966
98	40967	0.8	1	40049 918
99	38460	0.8	1	37541 919
100	37755	0.8	1	36898 857
101	42387	0.8	1	41522 865
102	43926	0.8	1	42904 1022
103	42162	0.8	1	41349 813
104	38246	0.8	1	37397 849
105	31832	0.8	1	31117 715
106	27644	0.8	1	27043 601
107	25976	0.8	1	25366 610
108	24721	0.8	1	24172 549
109	23611	0.8	1	23086 525
110	23129	0.8	1	22618 511
111	23820	0.8	1	23330 490
112	23698	0.8	1	23233 465
113	23499	0.8	1	23032 467
114	22283	0.8	1	21804 479
115	18206	0.8	1	17823 383
116	15318	0.8	1	14974 344
117	13212	0.8	1	12897 315
118	11443	0.8	1	11172 271
119	10036	0.8	1	9748 288
120	9408	0.8	1	9168 240
121	8149	0.8	1	7930 219
122	7315	0.8	1	7120 195
123	6814	0.8	1	6635 179
124	5703	0.8	1	5560 143
125	4740	0.8	1	4620 120
126	4506	0.8	1	4375 131
127	4139	0.8	1	4037 102
128	3810	0.8	1	3734 76
129	3253	0.8	1	3162 91
130	2702	0.8	1	2642 60
131	3363	0.8	1	3201 162
132	1987	0.8	1	1902 85
133	1510	0.8	1	1466 44
134	1112	0.8	1	1075 37
135	1166	0.8	1	1116 50
136	255	0.8	1	224 31
137	100	0.8	1	79 21
138	169	0.8	1	139 30
139	44	0.8	1	22 22
140	34	0.8	1	21 13
141	308	0.8	1	287 21
142	66	0.8	1	32 34
143	344	0.8	1	316 28
144	81	0.8	1	59 22
145	41	0.8	1	16 25
146	50	0.8	1	27 23
147	33	0.8	1	12 21
148	58	0.8	1	13 45
149	442	0.8	1	203 239
150	16801	0.8	1	8258 8543

