This is cutadapt 1.16 with Python 3.6.4
Command line parameters: -j 2 -a AGATCGGAAGAGC -A AGATCGGAAGAGC --trim-n -m 50 -q 20,20 -o /home1/gyang/work_space/4.ProjectET/batch7_cr/2.cutdata/TSC_Tfap2c_1k_rep2.R1_cut.fq -p /home1/gyang/work_space/4.ProjectET/batch7_cr/2.cutdata/TSC_Tfap2c_1k_rep2.R2_cut.fq TSC_Tfap2c_1k_rep2.R1.fq.gz TSC_Tfap2c_1k_rep2.R2.fq.gz
Running on 2 cores
Trimming 2 adapters with at most 10.0% errors in paired-end mode ...
Finished in 3270.69 s (34 us/read; 1.78 M reads/minute).

=== Summary ===

Total read pairs processed:         97,155,568
  Read 1 with adapter:              27,416,612 (28.2%)
  Read 2 with adapter:              20,137,016 (20.7%)
Pairs that were too short:           9,159,548 (9.4%)
Pairs written (passing filters):    87,996,020 (90.6%)

Total basepairs processed: 29,146,670,400 bp
  Read 1: 14,573,335,200 bp
  Read 2: 14,573,335,200 bp
Quality-trimmed:             108,963,543 bp (0.4%)
  Read 1:    41,553,523 bp
  Read 2:    67,410,020 bp
Total written (filtered):  24,873,531,134 bp (85.3%)
  Read 1: 12,436,701,922 bp
  Read 2: 12,436,829,212 bp

=== First read: Adapter 1 ===

Sequence: AGATCGGAAGAGC; Type: regular 3'; Length: 13; Trimmed: 27416612 times.

No. of allowed errors:
0-9 bp: 0; 10-13 bp: 1

Bases preceding removed adapters:
  A: 16.2%
  C: 10.7%
  G: 15.8%
  T: 30.6%
  none/other: 26.6%

Overview of removed sequences
length	count	expect	max.err	error counts
3	1833136	1518055.8	0	1833136
4	550660	379513.9	0	550660
5	322591	94878.5	0	322591
6	253511	23719.6	0	253511
7	242739	5929.9	0	242739
8	248725	1482.5	0	248725
9	243691	370.6	0	240428 3263
10	239996	92.7	1	229937 10059
11	247985	23.2	1	233520 14465
12	232411	5.8	1	219810 12601
13	215952	1.4	1	203946 12006
14	218335	1.4	1	204840 13495
15	219164	1.4	1	206906 12258
16	226686	1.4	1	211545 15141
17	250528	1.4	1	234087 16441
18	243264	1.4	1	229908 13356
19	218799	1.4	1	207038 11761
20	218012	1.4	1	205762 12250
21	205433	1.4	1	194233 11200
22	190618	1.4	1	180471 10147
23	185297	1.4	1	174885 10412
24	191658	1.4	1	179010 12648
25	187002	1.4	1	176094 10908
26	188130	1.4	1	177781 10349
27	207434	1.4	1	195763 11671
28	208437	1.4	1	196965 11472
29	228940	1.4	1	214631 14309
30	223237	1.4	1	211538 11699
31	210668	1.4	1	199929 10739
32	201934	1.4	1	191362 10572
33	193253	1.4	1	181350 11903
34	198335	1.4	1	185482 12853
35	188907	1.4	1	179083 9824
36	183648	1.4	1	173144 10504
37	190539	1.4	1	180260 10279
38	204870	1.4	1	192921 11949
39	214058	1.4	1	201946 12112
40	227513	1.4	1	214752 12761
41	196355	1.4	1	185902 10453
42	178698	1.4	1	169068 9630
43	170287	1.4	1	159782 10505
44	167706	1.4	1	156204 11502
45	248526	1.4	1	240081 8445
46	72766	1.4	1	63876 8890
47	150894	1.4	1	144165 6729
48	179851	1.4	1	170406 9445
49	175863	1.4	1	166636 9227
50	172871	1.4	1	162662 10209
51	191202	1.4	1	180017 11185
52	170615	1.4	1	159128 11487
53	150405	1.4	1	136532 13873
54	154808	1.4	1	139123 15685
55	156945	1.4	1	147842 9103
56	137575	1.4	1	129172 8403
57	156579	1.4	1	147762 8817
58	167690	1.4	1	157932 9758
59	164395	1.4	1	152640 11755
60	185400	1.4	1	168424 16976
61	153453	1.4	1	144537 8916
62	167254	1.4	1	158595 8659
63	164329	1.4	1	156672 7657
64	125275	1.4	1	118431 6844
65	110462	1.4	1	103126 7336
66	197194	1.4	1	189394 7800
67	153480	1.4	1	143970 9510
68	219132	1.4	1	210372 8760
69	182565	1.4	1	172345 10220
70	194003	1.4	1	186083 7920
71	27617	1.4	1	22508 5109
72	27689	1.4	1	25034 2655
73	85445	1.4	1	81823 3622
74	110082	1.4	1	104996 5086
75	118987	1.4	1	113282 5705
76	117331	1.4	1	111235 6096
77	117648	1.4	1	111412 6236
78	120810	1.4	1	114437 6373
79	119831	1.4	1	113369 6462
80	125982	1.4	1	119382 6600
81	131943	1.4	1	124978 6965
82	129022	1.4	1	122225 6797
83	122196	1.4	1	115640 6556
84	117686	1.4	1	111512 6174
85	118277	1.4	1	112221 6056
86	111077	1.4	1	105029 6048
87	109738	1.4	1	104034 5704
88	108160	1.4	1	102311 5849
89	113726	1.4	1	107737 5989
90	114293	1.4	1	108227 6066
91	114111	1.4	1	108112 5999
92	115453	1.4	1	109332 6121
93	113258	1.4	1	107312 5946
94	113425	1.4	1	107571 5854
95	104597	1.4	1	99215 5382
96	103588	1.4	1	98220 5368
97	97404	1.4	1	92258 5146
98	97831	1.4	1	92814 5017
99	95672	1.4	1	90810 4862
100	93927	1.4	1	89202 4725
101	95233	1.4	1	90532 4701
102	96806	1.4	1	91939 4867
103	95190	1.4	1	90626 4564
104	92558	1.4	1	88014 4544
105	88497	1.4	1	84070 4427
106	83412	1.4	1	79392 4020
107	81518	1.4	1	77398 4120
108	78612	1.4	1	74650 3962
109	75439	1.4	1	71720 3719
110	73515	1.4	1	69875 3640
111	72902	1.4	1	69236 3666
112	70386	1.4	1	66902 3484
113	69033	1.4	1	65754 3279
114	68060	1.4	1	64815 3245
115	62459	1.4	1	59392 3067
116	58445	1.4	1	55628 2817
117	54838	1.4	1	52298 2540
118	49013	1.4	1	46741 2272
119	44739	1.4	1	42565 2174
120	39401	1.4	1	37491 1910
121	33780	1.4	1	32072 1708
122	27374	1.4	1	26016 1358
123	23622	1.4	1	22438 1184
124	18220	1.4	1	17189 1031
125	14097	1.4	1	13322 775
126	11377	1.4	1	10670 707
127	9157	1.4	1	8659 498
128	7054	1.4	1	6650 404
129	5004	1.4	1	4697 307
130	3818	1.4	1	3570 248
131	4170	1.4	1	3951 219
132	2481	1.4	1	2331 150
133	1816	1.4	1	1662 154
134	1442	1.4	1	1340 102
135	1382	1.4	1	1262 120
136	450	1.4	1	368 82
137	311	1.4	1	206 105
138	316	1.4	1	244 72
139	373	1.4	1	259 114
140	477	1.4	1	379 98
141	932	1.4	1	761 171
142	379	1.4	1	224 155
143	1608	1.4	1	1439 169
144	305	1.4	1	95 210
145	346	1.4	1	49 297
146	520	1.4	1	38 482
147	1205	1.4	1	61 1144
148	2979	1.4	1	26 2953
149	45813	1.4	1	163 45650
150	7276268	1.4	1	23207 7253061

=== Second read: Adapter 2 ===

Sequence: AGATCGGAAGAGC; Type: regular 3'; Length: 13; Trimmed: 20137016 times.

No. of allowed errors:
0-9 bp: 0; 10-13 bp: 1

Bases preceding removed adapters:
  A: 22.0%
  C: 14.5%
  G: 21.3%
  T: 42.0%
  none/other: 0.2%

Overview of removed sequences
length	count	expect	max.err	error counts
3	1868832	1518055.8	0	1868832
4	556321	379513.9	0	556321
5	324468	94878.5	0	324468
6	249585	23719.6	0	249585
7	249480	5929.9	0	249480
8	265398	1482.5	0	265398
9	226020	370.6	0	224285 1735
10	247203	92.7	1	238399 8804
11	245267	23.2	1	235663 9604
12	238898	5.8	1	229334 9564
13	216784	1.4	1	209748 7036
14	226460	1.4	1	216439 10021
15	211884	1.4	1	204409 7475
16	224648	1.4	1	217280 7368
17	267184	1.4	1	257601 9583
18	213208	1.4	1	206566 6642
19	279980	1.4	1	269630 10350
20	189394	1.4	1	182733 6661
21	195342	1.4	1	188756 6586
22	188499	1.4	1	182270 6229
23	189178	1.4	1	182272 6906
24	383181	1.4	1	369240 13941
25	155464	1.4	1	150270 5194
26	145841	1.4	1	140805 5036
27	135771	1.4	1	128655 7116
28	350911	1.4	1	342350 8561
29	88425	1.4	1	82640 5785
30	349501	1.4	1	340762 8739
31	125608	1.4	1	118663 6945
32	597117	1.4	1	585710 11407
33	165699	1.4	1	159157 6542
34	65131	1.4	1	60755 4376
35	316305	1.4	1	310189 6116
36	135756	1.4	1	131083 4673
37	109673	1.4	1	105612 4061
38	139344	1.4	1	135326 4018
39	120258	1.4	1	116303 3955
40	105169	1.4	1	101723 3446
41	197655	1.4	1	192400 5255
42	249710	1.4	1	243872 5838
43	101613	1.4	1	97617 3996
44	170156	1.4	1	164579 5577
45	432788	1.4	1	425983 6805
46	117453	1.4	1	112816 4637
47	118997	1.4	1	114796 4201
48	319633	1.4	1	313543 6090
49	169253	1.4	1	164857 4396
50	91140	1.4	1	87361 3779
51	295376	1.4	1	289230 6146
52	308224	1.4	1	301912 6312
53	197069	1.4	1	192352 4717
54	159685	1.4	1	155342 4343
55	177652	1.4	1	173667 3985
56	112039	1.4	1	108905 3134
57	148465	1.4	1	145020 3445
58	159381	1.4	1	156158 3223
59	115074	1.4	1	112269 2805
60	87104	1.4	1	84739 2365
61	79150	1.4	1	77121 2029
62	76075	1.4	1	74046 2029
63	80855	1.4	1	78736 2119
64	102514	1.4	1	100112 2402
65	100879	1.4	1	98191 2688
66	106536	1.4	1	103872 2664
67	105674	1.4	1	103052 2622
68	111673	1.4	1	108996 2677
69	119475	1.4	1	116513 2962
70	126447	1.4	1	123338 3109
71	137517	1.4	1	134290 3227
72	132325	1.4	1	129129 3196
73	134649	1.4	1	131477 3172
74	122069	1.4	1	119116 2953
75	118929	1.4	1	116076 2853
76	113516	1.4	1	110823 2693
77	114708	1.4	1	111966 2742
78	119855	1.4	1	117037 2818
79	116423	1.4	1	113638 2785
80	123983	1.4	1	121280 2703
81	130156	1.4	1	127299 2857
82	121719	1.4	1	118934 2785
83	117451	1.4	1	114714 2737
84	113664	1.4	1	111051 2613
85	111076	1.4	1	108287 2789
86	110743	1.4	1	108244 2499
87	112341	1.4	1	109935 2406
88	111568	1.4	1	109175 2393
89	106062	1.4	1	103715 2347
90	109665	1.4	1	107203 2462
91	108846	1.4	1	106514 2332
92	109459	1.4	1	107221 2238
93	110648	1.4	1	108317 2331
94	110804	1.4	1	108506 2298
95	103605	1.4	1	101493 2112
96	103203	1.4	1	101106 2097
97	94690	1.4	1	92634 2056
98	94733	1.4	1	92826 1907
99	93407	1.4	1	91630 1777
100	95245	1.4	1	93432 1813
101	98280	1.4	1	96357 1923
102	101307	1.4	1	99390 1917
103	90629	1.4	1	88740 1889
104	88043	1.4	1	86329 1714
105	83742	1.4	1	82219 1523
106	81724	1.4	1	80227 1497
107	81001	1.4	1	79408 1593
108	78549	1.4	1	77156 1393
109	75532	1.4	1	74071 1461
110	71616	1.4	1	70187 1429
111	71561	1.4	1	70246 1315
112	69407	1.4	1	68180 1227
113	69190	1.4	1	67933 1257
114	68375	1.4	1	67188 1187
115	62434	1.4	1	61328 1106
116	58960	1.4	1	57958 1002
117	53237	1.4	1	52329 908
118	48288	1.4	1	47386 902
119	43929	1.4	1	43082 847
120	39026	1.4	1	38293 733
121	33423	1.4	1	32800 623
122	27013	1.4	1	26477 536
123	23473	1.4	1	23030 443
124	18220	1.4	1	17811 409
125	14073	1.4	1	13771 302
126	10973	1.4	1	10749 224
127	8287	1.4	1	8068 219
128	6629	1.4	1	6466 163
129	4790	1.4	1	4651 139
130	3621	1.4	1	3488 133
131	3969	1.4	1	3766 203
132	2290	1.4	1	2227 63
133	1661	1.4	1	1557 104
134	1293	1.4	1	1236 57
135	1250	1.4	1	1192 58
136	321	1.4	1	266 55
137	112	1.4	1	72 40
138	209	1.4	1	170 39
139	224	1.4	1	156 68
140	349	1.4	1	293 56
141	803	1.4	1	746 57
142	243	1.4	1	195 48
143	1531	1.4	1	1477 54
144	152	1.4	1	91 61
145	79	1.4	1	24 55
146	106	1.4	1	38 68
147	119	1.4	1	58 61
148	116	1.4	1	37 79
149	721	1.4	1	331 390
150	32145	1.4	1	23289 8856

