This is cutadapt 1.16 with Python 3.6.4
Command line parameters: -j 2 -a AGATCGGAAGAGC -A AGATCGGAAGAGC --trim-n -m 50 -q 20,20 -o /home1/gyang/work_space/4.ProjectET/batch7_cr/2.cutdata/TSC_Gata3_50k_rep1.R1_cut.fq -p /home1/gyang/work_space/4.ProjectET/batch7_cr/2.cutdata/TSC_Gata3_50k_rep1.R2_cut.fq TSC_Gata3_50k_rep1.R1.fq.gz TSC_Gata3_50k_rep1.R2.fq.gz
Running on 2 cores
Trimming 2 adapters with at most 10.0% errors in paired-end mode ...
Finished in 2285.92 s (39 us/read; 1.53 M reads/minute).

=== Summary ===

Total read pairs processed:         58,364,498
  Read 1 with adapter:              18,281,456 (31.3%)
  Read 2 with adapter:              17,705,918 (30.3%)
Pairs that were too short:           1,752,722 (3.0%)
Pairs written (passing filters):    56,611,776 (97.0%)

Total basepairs processed: 17,509,349,400 bp
  Read 1: 8,754,674,700 bp
  Read 2: 8,754,674,700 bp
Quality-trimmed:              98,034,669 bp (0.6%)
  Read 1:    58,163,379 bp
  Read 2:    39,871,290 bp
Total written (filtered):  15,620,612,511 bp (89.2%)
  Read 1: 7,812,405,543 bp
  Read 2: 7,808,206,968 bp

=== First read: Adapter 1 ===

Sequence: AGATCGGAAGAGC; Type: regular 3'; Length: 13; Trimmed: 18281456 times.

No. of allowed errors:
0-9 bp: 0; 10-13 bp: 1

Bases preceding removed adapters:
  A: 21.6%
  C: 13.9%
  G: 19.4%
  T: 41.7%
  none/other: 3.4%

Overview of removed sequences
length	count	expect	max.err	error counts
3	1227266	911945.3	0	1227266
4	407033	227986.3	0	407033
5	263770	56996.6	0	263770
6	219728	14249.1	0	219728
7	218224	3562.3	0	218224
8	228009	890.6	0	228009
9	223731	222.6	0	222057 1674
10	220444	55.7	1	211781 8663
11	225804	13.9	1	212542 13262
12	209514	3.5	1	198349 11165
13	195325	0.9	1	184412 10913
14	197473	0.9	1	185332 12141
15	201184	0.9	1	189329 11855
16	214742	0.9	1	200962 13780
17	243118	0.9	1	226916 16202
18	237458	0.9	1	224584 12874
19	215882	0.9	1	204306 11576
20	212361	0.9	1	200460 11901
21	198153	0.9	1	187096 11057
22	184307	0.9	1	174458 9849
23	180373	0.9	1	169546 10827
24	185030	0.9	1	173140 11890
25	184166	0.9	1	173451 10715
26	187113	0.9	1	176954 10159
27	207525	0.9	1	195854 11671
28	211400	0.9	1	199990 11410
29	235723	0.9	1	221053 14670
30	231732	0.9	1	219704 12028
31	215448	0.9	1	204098 11350
32	203323	0.9	1	192704 10619
33	188951	0.9	1	177476 11475
34	196960	0.9	1	184295 12665
35	185317	0.9	1	175266 10051
36	184925	0.9	1	174456 10469
37	188210	0.9	1	177478 10732
38	212316	0.9	1	199702 12614
39	229261	0.9	1	215380 13881
40	216691	0.9	1	204351 12340
41	206446	0.9	1	193876 12570
42	220978	0.9	1	207667 13311
43	157577	0.9	1	141647 15930
44	180565	0.9	1	166567 13998
45	297828	0.9	1	283186 14642
46	100555	0.9	1	86699 13856
47	218275	0.9	1	195434 22841
48	1368680	0.9	1	1329626 39054
49	1006860	0.9	1	959076 47784
50	144997	0.9	1	116465 28532
51	285102	0.9	1	274215 10887
52	215771	0.9	1	203924 11847
53	72866	0.9	1	66002 6864
54	27163	0.9	1	23360 3803
55	90558	0.9	1	85673 4885
56	68975	0.9	1	63251 5724
57	19464	0.9	1	16202 3262
58	21350	0.9	1	19579 1771
59	34575	0.9	1	32593 1982
60	15374	0.9	1	13476 1898
61	20173	0.9	1	17941 2232
62	81853	0.9	1	79382 2471
63	26360	0.9	1	23306 3054
64	24596	0.9	1	22741 1855
65	24408	0.9	1	21996 2412
66	74636	0.9	1	71521 3115
67	17640	0.9	1	14599 3041
68	15759	0.9	1	14193 1566
69	28256	0.9	1	26454 1802
70	45073	0.9	1	42824 2249
71	16517	0.9	1	14392 2125
72	10227	0.9	1	8880 1347
73	20943	0.9	1	19518 1425
74	44103	0.9	1	41817 2286
75	68380	0.9	1	65106 3274
76	83566	0.9	1	79386 4180
77	91317	0.9	1	86514 4803
78	98521	0.9	1	93103 5418
79	99417	0.9	1	94348 5069
80	111516	0.9	1	105489 6027
81	115616	0.9	1	109688 5928
82	108645	0.9	1	103010 5635
83	100398	0.9	1	95058 5340
84	92800	0.9	1	87837 4963
85	87253	0.9	1	82556 4697
86	83070	0.9	1	78645 4425
87	81741	0.9	1	77417 4324
88	78205	0.9	1	74009 4196
89	82190	0.9	1	77789 4401
90	88022	0.9	1	83428 4594
91	88913	0.9	1	84334 4579
92	92835	0.9	1	87975 4860
93	88056	0.9	1	83578 4478
94	87825	0.9	1	83415 4410
95	74877	0.9	1	70881 3996
96	74961	0.9	1	71009 3952
97	67765	0.9	1	64199 3566
98	67977	0.9	1	64578 3399
99	66279	0.9	1	62766 3513
100	66323	0.9	1	62919 3404
101	71826	0.9	1	68178 3648
102	72007	0.9	1	68527 3480
103	69951	0.9	1	66404 3547
104	67334	0.9	1	63988 3346
105	60883	0.9	1	57917 2966
106	56219	0.9	1	53330 2889
107	50970	0.9	1	48288 2682
108	49586	0.9	1	46978 2608
109	46629	0.9	1	44211 2418
110	47347	0.9	1	44943 2404
111	47160	0.9	1	44823 2337
112	47844	0.9	1	45558 2286
113	46470	0.9	1	44312 2158
114	44174	0.9	1	42039 2135
115	37785	0.9	1	35999 1786
116	33685	0.9	1	32061 1624
117	29658	0.9	1	28285 1373
118	25227	0.9	1	23946 1281
119	22043	0.9	1	20838 1205
120	19619	0.9	1	18509 1110
121	16346	0.9	1	15497 849
122	13491	0.9	1	12710 781
123	10705	0.9	1	10151 554
124	8861	0.9	1	8372 489
125	5791	0.9	1	5458 333
126	4358	0.9	1	4069 289
127	2935	0.9	1	2764 171
128	2587	0.9	1	2421 166
129	1977	0.9	1	1835 142
130	1452	0.9	1	1330 122
131	1423	0.9	1	916 507
132	688	0.9	1	619 69
133	436	0.9	1	367 69
134	336	0.9	1	247 89
135	277	0.9	1	187 90
136	99	0.9	1	67 32
137	80	0.9	1	38 42
138	58	0.9	1	43 15
139	63	0.9	1	20 43
140	45	0.9	1	13 32
141	53	0.9	1	20 33
142	37	0.9	1	17 20
143	45	0.9	1	19 26
144	40	0.9	1	15 25
145	50	0.9	1	5 45
146	65	0.9	1	10 55
147	115	0.9	1	15 100
148	261	0.9	1	7 254
149	2741	0.9	1	21 2720
150	620663	0.9	1	1632 619031

=== Second read: Adapter 2 ===

Sequence: AGATCGGAAGAGC; Type: regular 3'; Length: 13; Trimmed: 17705918 times.

No. of allowed errors:
0-9 bp: 0; 10-13 bp: 1

Bases preceding removed adapters:
  A: 22.5%
  C: 14.2%
  G: 20.2%
  T: 43.1%
  none/other: 0.0%

Overview of removed sequences
length	count	expect	max.err	error counts
3	1233092	911945.3	0	1233092
4	409252	227986.3	0	409252
5	267865	56996.6	0	267865
6	216832	14249.1	0	216832
7	225358	3562.3	0	225358
8	247049	890.6	0	247049
9	203568	222.6	0	202695 873
10	228633	55.7	1	220022 8611
11	222463	13.9	1	213262 9201
12	214115	3.5	1	204434 9681
13	197115	0.9	1	190043 7072
14	205420	0.9	1	196176 9244
15	193310	0.9	1	186318 6992
16	215176	0.9	1	207377 7799
17	256556	0.9	1	246228 10328
18	210342	0.9	1	203227 7115
19	280486	0.9	1	269537 10949
20	186603	0.9	1	179330 7273
21	182702	0.9	1	175780 6922
22	181562	0.9	1	174806 6756
23	184965	0.9	1	177608 7357
24	416795	0.9	1	402123 14672
25	139346	0.9	1	133789 5557
26	133337	0.9	1	128435 4902
27	116308	0.9	1	109781 6527
28	362276	0.9	1	352501 9775
29	82341	0.9	1	76558 5783
30	360015	0.9	1	349860 10155
31	123838	0.9	1	116841 6997
32	529163	0.9	1	517016 12147
33	164792	0.9	1	157766 7026
34	74702	0.9	1	69914 4788
35	292854	0.9	1	285599 7255
36	161382	0.9	1	155959 5423
37	122645	0.9	1	117897 4748
38	159396	0.9	1	154750 4646
39	135756	0.9	1	131416 4340
40	116268	0.9	1	112167 4101
41	199885	0.9	1	194271 5614
42	238976	0.9	1	232781 6195
43	109072	0.9	1	104838 4234
44	164961	0.9	1	159525 5436
45	346662	0.9	1	340104 6558
46	121564	0.9	1	116801 4763
47	132288	0.9	1	127756 4532
48	295126	0.9	1	288410 6716
49	182401	0.9	1	177414 4987
50	97246	0.9	1	93428 3818
51	263061	0.9	1	257094 5967
52	253117	0.9	1	246831 6286
53	194115	0.9	1	189461 4654
54	160455	0.9	1	156108 4347
55	163759	0.9	1	159900 3859
56	117205	0.9	1	113792 3413
57	167623	0.9	1	163820 3803
58	157684	0.9	1	153926 3758
59	138085	0.9	1	134700 3385
60	113673	0.9	1	110695 2978
61	94446	0.9	1	91950 2496
62	86350	0.9	1	84110 2240
63	88831	0.9	1	86470 2361
64	103454	0.9	1	100884 2570
65	99158	0.9	1	96552 2606
66	104032	0.9	1	101181 2851
67	100617	0.9	1	97953 2664
68	107164	0.9	1	104324 2840
69	115777	0.9	1	112861 2916
70	125555	0.9	1	122407 3148
71	135548	0.9	1	132352 3196
72	125933	0.9	1	122909 3024
73	119651	0.9	1	116962 2689
74	109168	0.9	1	106599 2569
75	103441	0.9	1	100937 2504
76	99402	0.9	1	97085 2317
77	98727	0.9	1	96251 2476
78	103720	0.9	1	101187 2533
79	100785	0.9	1	98316 2469
80	112406	0.9	1	109867 2539
81	117022	0.9	1	114338 2684
82	106621	0.9	1	104188 2433
83	99523	0.9	1	97167 2356
84	92189	0.9	1	90024 2165
85	85947	0.9	1	83937 2010
86	84060	0.9	1	82090 1970
87	85107	0.9	1	83206 1901
88	82485	0.9	1	80722 1763
89	82154	0.9	1	80288 1866
90	86286	0.9	1	84309 1977
91	86404	0.9	1	84560 1844
92	89451	0.9	1	87435 2016
93	86911	0.9	1	85091 1820
94	87364	0.9	1	85462 1902
95	75614	0.9	1	73994 1620
96	75879	0.9	1	74348 1531
97	67813	0.9	1	66410 1403
98	65667	0.9	1	64298 1369
99	65533	0.9	1	64190 1343
100	65196	0.9	1	63839 1357
101	70951	0.9	1	69535 1416
102	72210	0.9	1	70884 1326
103	68548	0.9	1	67252 1296
104	64914	0.9	1	63714 1200
105	59025	0.9	1	57893 1132
106	55741	0.9	1	54658 1083
107	50851	0.9	1	49936 915
108	49408	0.9	1	48485 923
109	46963	0.9	1	46100 863
110	46997	0.9	1	46197 800
111	46885	0.9	1	46094 791
112	47718	0.9	1	46914 804
113	46890	0.9	1	46152 738
114	44718	0.9	1	43948 770
115	38114	0.9	1	37486 628
116	33949	0.9	1	33365 584
117	29270	0.9	1	28796 474
118	25104	0.9	1	24645 459
119	21779	0.9	1	21394 385
120	19495	0.9	1	19143 352
121	16394	0.9	1	16056 338
122	13437	0.9	1	13189 248
123	10789	0.9	1	10539 250
124	8903	0.9	1	8730 173
125	5894	0.9	1	5754 140
126	4410	0.9	1	4292 118
127	2973	0.9	1	2898 75
128	2599	0.9	1	2517 82
129	1981	0.9	1	1932 49
130	1433	0.9	1	1372 61
131	995	0.9	1	938 57
132	686	0.9	1	645 41
133	410	0.9	1	379 31
134	285	0.9	1	257 28
135	219	0.9	1	191 28
136	94	0.9	1	68 26
137	68	0.9	1	43 25
138	58	0.9	1	40 18
139	44	0.9	1	22 22
140	44	0.9	1	13 31
141	43	0.9	1	25 18
142	32	0.9	1	17 15
143	41	0.9	1	20 21
144	36	0.9	1	13 23
145	36	0.9	1	6 30
146	41	0.9	1	13 28
147	33	0.9	1	12 21
148	43	0.9	1	9 34
149	85	0.9	1	34 51
150	2255	0.9	1	1635 620

