This is cutadapt 1.16 with Python 3.6.4
Command line parameters: -j 2 -a AGATCGGAAGAGC -A AGATCGGAAGAGC --trim-n -m 50 -q 20,20 -o /home1/gyang/work_space/4.ProjectET/batch7_cr/2.cutdata/TSC_Tfap2c_1k_rep1.R1_cut.fq -p /home1/gyang/work_space/4.ProjectET/batch7_cr/2.cutdata/TSC_Tfap2c_1k_rep1.R2_cut.fq TSC_Tfap2c_1k_rep1.R1.fq.gz TSC_Tfap2c_1k_rep1.R2.fq.gz
Running on 2 cores
Trimming 2 adapters with at most 10.0% errors in paired-end mode ...
Finished in 2406.38 s (38 us/read; 1.58 M reads/minute).

=== Summary ===

Total read pairs processed:         63,379,203
  Read 1 with adapter:              18,702,592 (29.5%)
  Read 2 with adapter:              13,592,536 (21.4%)
Pairs that were too short:           6,085,983 (9.6%)
Pairs written (passing filters):    57,293,220 (90.4%)

Total basepairs processed: 19,013,760,900 bp
  Read 1: 9,506,880,450 bp
  Read 2: 9,506,880,450 bp
Quality-trimmed:              70,178,298 bp (0.4%)
  Read 1:    26,928,529 bp
  Read 2:    43,249,769 bp
Total written (filtered):  16,177,454,389 bp (85.1%)
  Read 1: 8,087,933,229 bp
  Read 2: 8,089,521,160 bp

=== First read: Adapter 1 ===

Sequence: AGATCGGAAGAGC; Type: regular 3'; Length: 13; Trimmed: 18702592 times.

No. of allowed errors:
0-9 bp: 0; 10-13 bp: 1

Bases preceding removed adapters:
  A: 17.0%
  C: 11.8%
  G: 15.8%
  T: 28.0%
  none/other: 27.4%

Overview of removed sequences
length	count	expect	max.err	error counts
3	1165547	990300.0	0	1165547
4	371878	247575.0	0	371878
5	240962	61893.8	0	240962
6	189551	15473.4	0	189551
7	184075	3868.4	0	184075
8	193471	967.1	0	193471
9	181483	241.8	0	178902 2581
10	179817	60.4	1	171690 8127
11	185731	15.1	1	173631 12100
12	173738	3.8	1	162402 11336
13	163011	0.9	1	151909 11102
14	160381	0.9	1	148402 11979
15	163040	0.9	1	151411 11629
16	168285	0.9	1	155110 13175
17	192456	0.9	1	177222 15234
18	186279	0.9	1	174010 12269
19	163010	0.9	1	152522 10488
20	161354	0.9	1	150277 11077
21	152016	0.9	1	141934 10082
22	143934	0.9	1	134668 9266
23	135878	0.9	1	126787 9091
24	137914	0.9	1	127395 10519
25	136022	0.9	1	126591 9431
26	137459	0.9	1	128318 9141
27	153203	0.9	1	142870 10333
28	155769	0.9	1	145197 10572
29	172578	0.9	1	159995 12583
30	167773	0.9	1	157263 10510
31	155887	0.9	1	145474 10413
32	148557	0.9	1	138892 9665
33	137653	0.9	1	127819 9834
34	136739	0.9	1	127545 9194
35	139927	0.9	1	128416 11511
36	142239	0.9	1	132881 9358
37	131891	0.9	1	122933 8958
38	149338	0.9	1	139148 10190
39	156430	0.9	1	146359 10071
40	152359	0.9	1	141971 10388
41	149528	0.9	1	139525 10003
42	139499	0.9	1	130890 8609
43	115316	0.9	1	106543 8773
44	117841	0.9	1	108297 9544
45	171280	0.9	1	163989 7291
46	58310	0.9	1	50426 7884
47	105509	0.9	1	99590 5919
48	131721	0.9	1	123609 8112
49	121768	0.9	1	113820 7948
50	119375	0.9	1	111086 8289
51	138986	0.9	1	129896 9090
52	117218	0.9	1	109706 7512
53	96351	0.9	1	89852 6499
54	104558	0.9	1	97380 7178
55	117537	0.9	1	110265 7272
56	97227	0.9	1	90109 7118
57	112727	0.9	1	105779 6948
58	115442	0.9	1	108169 7273
59	115440	0.9	1	107646 7794
60	110264	0.9	1	103487 6777
61	98426	0.9	1	91083 7343
62	117242	0.9	1	110376 6866
63	113659	0.9	1	107393 6266
64	81409	0.9	1	75793 5616
65	73656	0.9	1	67205 6451
66	145812	0.9	1	139423 6389
67	98339	0.9	1	90485 7854
68	136165	0.9	1	129391 6774
69	112209	0.9	1	104664 7545
70	119572	0.9	1	113486 6086
71	20263	0.9	1	16176 4087
72	20209	0.9	1	17925 2284
73	50783	0.9	1	47811 2972
74	69481	0.9	1	65376 4105
75	76734	0.9	1	71973 4761
76	78348	0.9	1	73233 5115
77	77409	0.9	1	72360 5049
78	78824	0.9	1	73564 5260
79	78235	0.9	1	73182 5053
80	79779	0.9	1	74473 5306
81	84397	0.9	1	78829 5568
82	81610	0.9	1	76291 5319
83	77842	0.9	1	72819 5023
84	72939	0.9	1	68328 4611
85	71666	0.9	1	66786 4880
86	68652	0.9	1	64023 4629
87	67429	0.9	1	62956 4473
88	65450	0.9	1	61042 4408
89	68752	0.9	1	64316 4436
90	66334	0.9	1	61894 4440
91	64625	0.9	1	60367 4258
92	65839	0.9	1	61476 4363
93	63625	0.9	1	59364 4261
94	63242	0.9	1	59098 4144
95	57201	0.9	1	53453 3748
96	57830	0.9	1	53891 3939
97	52131	0.9	1	48532 3599
98	52146	0.9	1	48748 3398
99	49237	0.9	1	45965 3272
100	48604	0.9	1	45429 3175
101	48549	0.9	1	45375 3174
102	49341	0.9	1	46200 3141
103	48144	0.9	1	45012 3132
104	45959	0.9	1	43000 2959
105	44555	0.9	1	41554 3001
106	42198	0.9	1	39588 2610
107	40345	0.9	1	37743 2602
108	38340	0.9	1	35803 2537
109	36945	0.9	1	34655 2290
110	34771	0.9	1	32568 2203
111	43567	0.9	1	41221 2346
112	35968	0.9	1	33785 2183
113	33420	0.9	1	31308 2112
114	33160	0.9	1	31087 2073
115	30403	0.9	1	28536 1867
116	28596	0.9	1	26808 1788
117	28799	0.9	1	27213 1586
118	25047	0.9	1	23508 1539
119	22210	0.9	1	20810 1400
120	19247	0.9	1	18074 1173
121	16591	0.9	1	15561 1030
122	13696	0.9	1	12868 828
123	11488	0.9	1	10703 785
124	8916	0.9	1	8367 549
125	7083	0.9	1	6635 448
126	7305	0.9	1	6856 449
127	6954	0.9	1	6554 400
128	4618	0.9	1	4342 276
129	3142	0.9	1	2941 201
130	2657	0.9	1	2515 142
131	4066	0.9	1	3835 231
132	1816	0.9	1	1692 124
133	1376	0.9	1	1231 145
134	1089	0.9	1	974 115
135	1142	0.9	1	1023 119
136	1091	0.9	1	1006 85
137	852	0.9	1	768 84
138	540	0.9	1	456 84
139	505	0.9	1	424 81
140	478	0.9	1	405 73
141	1074	0.9	1	949 125
142	267	0.9	1	171 96
143	1078	0.9	1	964 114
144	334	0.9	1	188 146
145	514	0.9	1	341 173
146	980	0.9	1	688 292
147	880	0.9	1	138 742
148	2001	0.9	1	68 1933
149	17325	0.9	1	211 17114
150	5103533	0.9	1	6650 5096883

=== Second read: Adapter 2 ===

Sequence: AGATCGGAAGAGC; Type: regular 3'; Length: 13; Trimmed: 13592536 times.

No. of allowed errors:
0-9 bp: 0; 10-13 bp: 1

Bases preceding removed adapters:
  A: 23.2%
  C: 16.1%
  G: 21.7%
  T: 38.9%
  none/other: 0.1%

Overview of removed sequences
length	count	expect	max.err	error counts
3	1186863	990300.0	0	1186863
4	374928	247575.0	0	374928
5	242633	61893.8	0	242633
6	187174	15473.4	0	187174
7	189393	3868.4	0	189393
8	206717	967.1	0	206717
9	168665	241.8	0	167370 1295
10	185000	60.4	1	177592 7408
11	185464	15.1	1	177058 8406
12	177778	3.8	1	169802 7976
13	164077	0.9	1	157409 6668
14	166272	0.9	1	157707 8565
15	158087	0.9	1	151522 6565
16	170327	0.9	1	163184 7143
17	200643	0.9	1	191884 8759
18	165715	0.9	1	158942 6773
19	211643	0.9	1	202200 9443
20	141385	0.9	1	134895 6490
21	145258	0.9	1	139272 5986
22	141482	0.9	1	135653 5829
23	137491	0.9	1	131133 6358
24	269956	0.9	1	258547 11409
25	115664	0.9	1	110678 4986
26	111269	0.9	1	106918 4351
27	110328	0.9	1	103353 6975
28	259247	0.9	1	251865 7382
29	70216	0.9	1	64331 5885
30	255916	0.9	1	248453 7463
31	102439	0.9	1	94839 7600
32	434636	0.9	1	425479 9157
33	129809	0.9	1	123901 5908
34	48233	0.9	1	44056 4177
35	220442	0.9	1	215606 4836
36	95456	0.9	1	91504 3952
37	85222	0.9	1	81828 3394
38	98976	0.9	1	95602 3374
39	87664	0.9	1	84157 3507
40	71552	0.9	1	68151 3401
41	141625	0.9	1	136844 4781
42	180212	0.9	1	175435 4777
43	74273	0.9	1	70750 3523
44	122121	0.9	1	116774 5347
45	287348	0.9	1	282059 5289
46	84027	0.9	1	80103 3924
47	81368	0.9	1	77164 4204
48	228317	0.9	1	223449 4868
49	114305	0.9	1	110576 3729
50	59581	0.9	1	55932 3649
51	217810	0.9	1	212596 5214
52	226378	0.9	1	221042 5336
53	138735	0.9	1	134587 4148
54	117531	0.9	1	113756 3775
55	123152	0.9	1	119981 3171
56	73542	0.9	1	70697 2845
57	102153	0.9	1	99263 2890
58	104741	0.9	1	101997 2744
59	74880	0.9	1	72458 2422
60	55887	0.9	1	53841 2046
61	48162	0.9	1	46475 1687
62	46353	0.9	1	44670 1683
63	49756	0.9	1	47930 1826
64	63851	0.9	1	61862 1989
65	65540	0.9	1	63303 2237
66	73684	0.9	1	71358 2326
67	70994	0.9	1	68734 2260
68	74690	0.9	1	72374 2316
69	79725	0.9	1	77277 2448
70	82358	0.9	1	79817 2541
71	89133	0.9	1	86473 2660
72	85217	0.9	1	82509 2708
73	81922	0.9	1	79458 2464
74	78608	0.9	1	76148 2460
75	76576	0.9	1	74230 2346
76	74486	0.9	1	72186 2300
77	74843	0.9	1	72497 2346
78	76882	0.9	1	74515 2367
79	74007	0.9	1	71768 2239
80	78662	0.9	1	76441 2221
81	81048	0.9	1	78811 2237
82	75445	0.9	1	73181 2264
83	73460	0.9	1	71274 2186
84	69891	0.9	1	67720 2171
85	68023	0.9	1	65877 2146
86	66836	0.9	1	64742 2094
87	67168	0.9	1	65133 2035
88	65618	0.9	1	63744 1874
89	62773	0.9	1	60848 1925
90	63834	0.9	1	62034 1800
91	61866	0.9	1	60092 1774
92	62790	0.9	1	61020 1770
93	61685	0.9	1	60038 1647
94	62098	0.9	1	60455 1643
95	56736	0.9	1	55147 1589
96	57368	0.9	1	55649 1719
97	50737	0.9	1	49272 1465
98	49878	0.9	1	48563 1315
99	47676	0.9	1	46337 1339
100	47963	0.9	1	46721 1242
101	48928	0.9	1	47568 1360
102	50198	0.9	1	48850 1348
103	46674	0.9	1	45364 1310
104	44841	0.9	1	43659 1182
105	42953	0.9	1	41823 1130
106	41653	0.9	1	40469 1184
107	39414	0.9	1	38354 1060
108	38052	0.9	1	37059 993
109	36783	0.9	1	35829 954
110	34242	0.9	1	33354 888
111	42915	0.9	1	41920 995
112	34854	0.9	1	33932 922
113	33308	0.9	1	32460 848
114	32801	0.9	1	32050 751
115	29950	0.9	1	29281 669
116	28073	0.9	1	27439 634
117	26606	0.9	1	26000 606
118	23318	0.9	1	22776 542
119	21328	0.9	1	20848 480
120	18785	0.9	1	18303 482
121	16037	0.9	1	15637 400
122	13280	0.9	1	12949 331
123	11223	0.9	1	10969 254
124	8752	0.9	1	8510 242
125	6791	0.9	1	6589 202
126	6145	0.9	1	5992 153
127	4231	0.9	1	4067 164
128	3176	0.9	1	3068 108
129	2471	0.9	1	2389 82
130	1912	0.9	1	1843 69
131	3147	0.9	1	2989 158
132	1355	0.9	1	1308 47
133	1004	0.9	1	921 83
134	722	0.9	1	659 63
135	774	0.9	1	714 60
136	192	0.9	1	145 47
137	82	0.9	1	56 26
138	196	0.9	1	180 16
139	65	0.9	1	31 34
140	52	0.9	1	20 32
141	558	0.9	1	524 34
142	79	0.9	1	50 29
143	783	0.9	1	750 33
144	87	0.9	1	56 31
145	47	0.9	1	15 32
146	187	0.9	1	136 51
147	109	0.9	1	78 31
148	60	0.9	1	22 38
149	358	0.9	1	164 194
150	12637	0.9	1	6529 6108

