This is cutadapt 1.16 with Python 3.6.4
Command line parameters: -j 2 -a AGATCGGAAGAGC -A AGATCGGAAGAGC --trim-n -m 50 -q 20,20 -o /home1/gyang/work_space/4.ProjectET/batch7_cr/2.cutdata/TSC_Tfap2c_10k_rep1.R1_cut.fq -p /home1/gyang/work_space/4.ProjectET/batch7_cr/2.cutdata/TSC_Tfap2c_10k_rep1.R2_cut.fq TSC_Tfap2c_10k_rep1.R1.fq.gz TSC_Tfap2c_10k_rep1.R2.fq.gz
Running on 2 cores
Trimming 2 adapters with at most 10.0% errors in paired-end mode ...
Finished in 2472.96 s (37 us/read; 1.60 M reads/minute).

=== Summary ===

Total read pairs processed:         66,097,558
  Read 1 with adapter:              19,785,216 (29.9%)
  Read 2 with adapter:              17,768,793 (26.9%)
Pairs that were too short:           3,968,893 (6.0%)
Pairs written (passing filters):    62,128,665 (94.0%)

Total basepairs processed: 19,829,267,400 bp
  Read 1: 9,914,633,700 bp
  Read 2: 9,914,633,700 bp
Quality-trimmed:              79,622,138 bp (0.4%)
  Read 1:    34,487,894 bp
  Read 2:    45,134,244 bp
Total written (filtered):  17,299,314,889 bp (87.2%)
  Read 1: 8,648,434,828 bp
  Read 2: 8,650,880,061 bp

=== First read: Adapter 1 ===

Sequence: AGATCGGAAGAGC; Type: regular 3'; Length: 13; Trimmed: 19785216 times.

No. of allowed errors:
0-9 bp: 0; 10-13 bp: 1

Bases preceding removed adapters:
  A: 20.1%
  C: 14.1%
  G: 18.5%
  T: 37.2%
  none/other: 10.1%

Overview of removed sequences
length	count	expect	max.err	error counts
3	1315994	1032774.3	0	1315994
4	423292	258193.6	0	423292
5	266425	64548.4	0	266425
6	221272	16137.1	0	221272
7	217792	4034.3	0	217792
8	225430	1008.6	0	225430
9	221168	252.1	0	219932 1236
10	217783	63.0	1	212230 5553
11	220245	15.8	1	212228 8017
12	201992	3.9	1	196191 5801
13	186915	1.0	1	181312 5603
14	186310	1.0	1	179722 6588
15	190940	1.0	1	185117 5823
16	201678	1.0	1	193900 7778
17	229867	1.0	1	220912 8955
18	226161	1.0	1	219859 6302
19	200137	1.0	1	195115 5022
20	195458	1.0	1	189650 5808
21	178385	1.0	1	173062 5323
22	163160	1.0	1	158857 4303
23	154766	1.0	1	150068 4698
24	159946	1.0	1	153560 6386
25	157435	1.0	1	152447 4988
26	163437	1.0	1	158837 4600
27	184692	1.0	1	179269 5423
28	189257	1.0	1	184056 5201
29	214778	1.0	1	207136 7642
30	209330	1.0	1	204099 5231
31	194493	1.0	1	189554 4939
32	179953	1.0	1	175255 4698
33	164481	1.0	1	159181 5300
34	162198	1.0	1	157074 5124
35	155206	1.0	1	150514 4692
36	170363	1.0	1	163726 6637
37	168261	1.0	1	163844 4417
38	175786	1.0	1	171611 4175
39	201832	1.0	1	196016 5816
40	198750	1.0	1	193191 5559
41	195433	1.0	1	186340 9093
42	162541	1.0	1	157396 5145
43	163819	1.0	1	156831 6988
44	129840	1.0	1	124950 4890
45	227263	1.0	1	221007 6256
46	56371	1.0	1	52827 3544
47	138258	1.0	1	134123 4135
48	279327	1.0	1	271762 7565
49	150121	1.0	1	144781 5340
50	121095	1.0	1	116297 4798
51	229037	1.0	1	222563 6474
52	141416	1.0	1	135491 5925
53	89198	1.0	1	83947 5251
54	163943	1.0	1	155302 8641
55	255802	1.0	1	250694 5108
56	125415	1.0	1	121295 4120
57	165581	1.0	1	162044 3537
58	95654	1.0	1	92180 3474
59	216232	1.0	1	210214 6018
60	86406	1.0	1	81519 4887
61	69617	1.0	1	67402 2215
62	183544	1.0	1	180755 2789
63	126211	1.0	1	123723 2488
64	43068	1.0	1	41341 1727
65	81477	1.0	1	79538 1939
66	199173	1.0	1	196456 2717
67	51950	1.0	1	49406 2544
68	116130	1.0	1	113862 2268
69	137796	1.0	1	134575 3221
70	189303	1.0	1	185420 3883
71	18047	1.0	1	15858 2189
72	14823	1.0	1	14003 820
73	56109	1.0	1	54912 1197
74	87399	1.0	1	85723 1676
75	100372	1.0	1	98212 2160
76	101664	1.0	1	99262 2402
77	102376	1.0	1	99876 2500
78	105450	1.0	1	102927 2523
79	106264	1.0	1	103532 2732
80	115156	1.0	1	112327 2829
81	122484	1.0	1	119645 2839
82	118375	1.0	1	115519 2856
83	110241	1.0	1	107565 2676
84	105449	1.0	1	102761 2688
85	100768	1.0	1	98162 2606
86	98201	1.0	1	95736 2465
87	99077	1.0	1	96664 2413
88	95700	1.0	1	93185 2515
89	101366	1.0	1	98738 2628
90	106675	1.0	1	103977 2698
91	107431	1.0	1	104914 2517
92	110301	1.0	1	107461 2840
93	108450	1.0	1	105811 2639
94	109289	1.0	1	106700 2589
95	98605	1.0	1	96306 2299
96	99658	1.0	1	97158 2500
97	91798	1.0	1	89548 2250
98	93905	1.0	1	91676 2229
99	92335	1.0	1	90186 2149
100	91783	1.0	1	89734 2049
101	94399	1.0	1	92192 2207
102	97713	1.0	1	95480 2233
103	95944	1.0	1	93814 2130
104	94578	1.0	1	92491 2087
105	90423	1.0	1	88348 2075
106	85577	1.0	1	83728 1849
107	83438	1.0	1	81575 1863
108	83184	1.0	1	81353 1831
109	80588	1.0	1	78904 1684
110	80824	1.0	1	79172 1652
111	83818	1.0	1	82044 1774
112	82673	1.0	1	81003 1670
113	82924	1.0	1	81217 1707
114	83344	1.0	1	81681 1663
115	77650	1.0	1	76132 1518
116	74192	1.0	1	72749 1443
117	70739	1.0	1	69315 1424
118	64567	1.0	1	63298 1269
119	59001	1.0	1	57830 1171
120	54240	1.0	1	53245 995
121	46884	1.0	1	45993 891
122	39871	1.0	1	39097 774
123	33534	1.0	1	32925 609
124	26517	1.0	1	26026 491
125	19454	1.0	1	19096 358
126	14668	1.0	1	14362 306
127	10248	1.0	1	10030 218
128	7284	1.0	1	7127 157
129	4566	1.0	1	4475 91
130	2926	1.0	1	2828 98
131	1954	1.0	1	1873 81
132	1168	1.0	1	1105 63
133	707	1.0	1	658 49
134	508	1.0	1	468 40
135	478	1.0	1	428 50
136	186	1.0	1	143 43
137	143	1.0	1	98 45
138	230	1.0	1	183 47
139	228	1.0	1	172 56
140	324	1.0	1	256 68
141	865	1.0	1	785 80
142	200	1.0	1	133 67
143	385	1.0	1	308 77
144	150	1.0	1	64 86
145	119	1.0	1	17 102
146	169	1.0	1	36 133
147	338	1.0	1	27 311
148	780	1.0	1	13 767
149	7766	1.0	1	31 7735
150	1986810	1.0	1	1821 1984989

=== Second read: Adapter 2 ===

Sequence: AGATCGGAAGAGC; Type: regular 3'; Length: 13; Trimmed: 17768793 times.

No. of allowed errors:
0-9 bp: 0; 10-13 bp: 1

Bases preceding removed adapters:
  A: 22.4%
  C: 15.4%
  G: 20.4%
  T: 41.7%
  none/other: 0.0%

Overview of removed sequences
length	count	expect	max.err	error counts
3	1332561	1032774.3	0	1332561
4	427289	258193.6	0	427289
5	268758	64548.4	0	268758
6	216660	16137.1	0	216660
7	222458	4034.3	0	222458
8	237379	1008.6	0	237379
9	206576	252.1	0	205455 1121
10	222763	63.0	1	215957 6806
11	217875	15.8	1	210591 7284
12	206386	3.9	1	199304 7082
13	186832	1.0	1	181417 5415
14	192392	1.0	1	184847 7545
15	184722	1.0	1	179093 5629
16	200586	1.0	1	194875 5711
17	243503	1.0	1	235895 7608
18	199312	1.0	1	194104 5208
19	250668	1.0	1	242552 8116
20	171625	1.0	1	166551 5074
21	170839	1.0	1	165738 5101
22	160239	1.0	1	155742 4497
23	158342	1.0	1	153306 5036
24	331494	1.0	1	320881 10613
25	135565	1.0	1	131601 3964
26	126889	1.0	1	123169 3720
27	111791	1.0	1	106660 5131
28	324425	1.0	1	317752 6673
29	78760	1.0	1	74537 4223
30	321913	1.0	1	314928 6985
31	115793	1.0	1	110804 4989
32	516945	1.0	1	507928 9017
33	152855	1.0	1	147979 4876
34	53802	1.0	1	50768 3034
35	272527	1.0	1	267917 4610
36	114528	1.0	1	111181 3347
37	106538	1.0	1	103340 3198
38	121872	1.0	1	118787 3085
39	112230	1.0	1	109353 2877
40	93272	1.0	1	90551 2721
41	180769	1.0	1	176781 3988
42	217118	1.0	1	212721 4397
43	84758	1.0	1	81958 2800
44	140127	1.0	1	136243 3884
45	355091	1.0	1	350227 4864
46	98818	1.0	1	95713 3105
47	102802	1.0	1	99766 3036
48	276189	1.0	1	271570 4619
49	151434	1.0	1	148112 3322
50	82883	1.0	1	80243 2640
51	265489	1.0	1	261076 4413
52	270809	1.0	1	266210 4599
53	169938	1.0	1	166654 3284
54	131436	1.0	1	128474 2962
55	150327	1.0	1	147600 2727
56	95341	1.0	1	93093 2248
57	125764	1.0	1	123373 2391
58	135677	1.0	1	133331 2346
59	101662	1.0	1	99592 2070
60	77372	1.0	1	75667 1705
61	70993	1.0	1	69438 1555
62	66898	1.0	1	65453 1445
63	69380	1.0	1	67923 1457
64	87089	1.0	1	85266 1823
65	82077	1.0	1	80221 1856
66	87032	1.0	1	85173 1859
67	86836	1.0	1	85042 1794
68	94328	1.0	1	92391 1937
69	103928	1.0	1	101905 2023
70	112087	1.0	1	109880 2207
71	124330	1.0	1	121899 2431
72	116842	1.0	1	114566 2276
73	116113	1.0	1	113902 2211
74	105498	1.0	1	103412 2086
75	102532	1.0	1	100556 1976
76	98383	1.0	1	96463 1920
77	99847	1.0	1	97948 1899
78	104902	1.0	1	102915 1987
79	102472	1.0	1	100472 2000
80	113148	1.0	1	111235 1913
81	120607	1.0	1	118575 2032
82	111931	1.0	1	109909 2022
83	105967	1.0	1	104050 1917
84	102187	1.0	1	100256 1931
85	97183	1.0	1	95333 1850
86	98527	1.0	1	96709 1818
87	102210	1.0	1	100385 1825
88	100546	1.0	1	98834 1712
89	98345	1.0	1	96467 1878
90	102408	1.0	1	100593 1815
91	101875	1.0	1	100170 1705
92	103900	1.0	1	102165 1735
93	105471	1.0	1	103617 1854
94	106378	1.0	1	104589 1789
95	97210	1.0	1	95650 1560
96	98527	1.0	1	96858 1669
97	87749	1.0	1	86136 1613
98	90724	1.0	1	89222 1502
99	90663	1.0	1	89204 1459
100	92169	1.0	1	90729 1440
101	95059	1.0	1	93605 1454
102	98628	1.0	1	97161 1467
103	93565	1.0	1	92063 1502
104	93177	1.0	1	91787 1390
105	90137	1.0	1	88819 1318
106	86093	1.0	1	84785 1308
107	84078	1.0	1	82759 1319
108	83632	1.0	1	82419 1213
109	80687	1.0	1	79530 1157
110	79980	1.0	1	78806 1174
111	82766	1.0	1	81604 1162
112	81885	1.0	1	80791 1094
113	83084	1.0	1	81970 1114
114	83622	1.0	1	82422 1200
115	77615	1.0	1	76544 1071
116	74536	1.0	1	73507 1029
117	69150	1.0	1	68241 909
118	63707	1.0	1	62833 874
119	58155	1.0	1	57359 796
120	53788	1.0	1	53101 687
121	46478	1.0	1	45862 616
122	39515	1.0	1	38932 583
123	33408	1.0	1	33002 406
124	26427	1.0	1	26063 364
125	19390	1.0	1	19108 282
126	14416	1.0	1	14189 227
127	9617	1.0	1	9446 171
128	7005	1.0	1	6889 116
129	4443	1.0	1	4350 93
130	2774	1.0	1	2714 60
131	1876	1.0	1	1799 77
132	1099	1.0	1	1046 53
133	629	1.0	1	572 57
134	464	1.0	1	409 55
135	409	1.0	1	372 37
136	121	1.0	1	86 35
137	73	1.0	1	35 38
138	169	1.0	1	147 22
139	159	1.0	1	112 47
140	245	1.0	1	195 50
141	792	1.0	1	743 49
142	141	1.0	1	115 26
143	345	1.0	1	312 33
144	92	1.0	1	64 28
145	49	1.0	1	13 36
146	77	1.0	1	50 27
147	53	1.0	1	21 32
148	45	1.0	1	11 34
149	120	1.0	1	39 81
150	2958	1.0	1	1457 1501

