This is cutadapt 1.16 with Python 3.6.4
Command line parameters: -j 3 -a AGATCGGAAGAGC -A AGATCGGAAGAGC --trim-n -m 50 -q 20,20 -o /home1/gyang/work_space/4.ProjectET/batch10_cr/2.cutdata/TSC_Tead4_SC_10k_rep1.R1_cut.fq -p /home1/gyang/work_space/4.ProjectET/batch10_cr/2.cutdata/TSC_Tead4_SC_10k_rep1.R2_cut.fq TSC_Tead4_SC_10k_rep1.R1.fq.gz TSC_Tead4_SC_10k_rep1.R2.fq.gz
Running on 3 cores
Trimming 2 adapters with at most 10.0% errors in paired-end mode ...
Finished in 1233.90 s (29 us/read; 2.06 M reads/minute).

=== Summary ===

Total read pairs processed:         42,316,899
  Read 1 with adapter:               1,440,543 (3.4%)
  Read 2 with adapter:               1,473,333 (3.5%)
Pairs that were too short:              65,162 (0.2%)
Pairs written (passing filters):    42,251,737 (99.8%)

Total basepairs processed: 12,695,069,700 bp
  Read 1: 6,347,534,850 bp
  Read 2: 6,347,534,850 bp
Quality-trimmed:              32,262,786 bp (0.3%)
  Read 1:    10,905,865 bp
  Read 2:    21,356,921 bp
Total written (filtered):  12,634,734,793 bp (99.5%)
  Read 1: 6,320,448,315 bp
  Read 2: 6,314,286,478 bp

=== First read: Adapter 1 ===

Sequence: AGATCGGAAGAGC; Type: regular 3'; Length: 13; Trimmed: 1440543 times.

No. of allowed errors:
0-9 bp: 0; 10-13 bp: 1

Bases preceding removed adapters:
  A: 28.3%
  C: 25.0%
  G: 26.4%
  T: 20.3%
  none/other: 0.0%

Overview of removed sequences
length	count	expect	max.err	error counts
3	1043532	661201.5	0	1043532
4	204679	165300.4	0	204679
5	42475	41325.1	0	42475
6	5686	10331.3	0	5686
7	3526	2582.8	0	3526
8	4104	645.7	0	4104
9	5033	161.4	0	4200 833
10	4569	40.4	1	2744 1825
11	5993	10.1	1	3456 2537
12	4046	2.5	1	2748 1298
13	3955	0.6	1	2633 1322
14	3928	0.6	1	2518 1410
15	4130	0.6	1	2647 1483
16	4102	0.6	1	2562 1540
17	5848	0.6	1	3590 2258
18	3663	0.6	1	2526 1137
19	3086	0.6	1	2052 1034
20	3561	0.6	1	2382 1179
21	3320	0.6	1	2216 1104
22	2483	0.6	1	1709 774
23	3049	0.6	1	1923 1126
24	3595	0.6	1	2157 1438
25	2995	0.6	1	1856 1139
26	2368	0.6	1	1540 828
27	3039	0.6	1	1900 1139
28	3082	0.6	1	1958 1124
29	4035	0.6	1	2413 1622
30	2517	0.6	1	1749 768
31	2393	0.6	1	1647 746
32	2410	0.6	1	1578 832
33	2386	0.6	1	1476 910
34	2938	0.6	1	1767 1171
35	1691	0.6	1	1147 544
36	2270	0.6	1	1464 806
37	2301	0.6	1	1399 902
38	2062	0.6	1	1262 800
39	2297	0.6	1	1398 899
40	1740	0.6	1	1124 616
41	2042	0.6	1	1164 878
42	1803	0.6	1	1105 698
43	1674	0.6	1	1053 621
44	768	0.6	1	410 358
45	977	0.6	1	588 389
46	945	0.6	1	587 358
47	801	0.6	1	484 317
48	986	0.6	1	585 401
49	1173	0.6	1	699 474
50	673	0.6	1	389 284
51	664	0.6	1	382 282
52	775	0.6	1	448 327
53	630	0.6	1	384 246
54	669	0.6	1	385 284
55	668	0.6	1	395 273
56	750	0.6	1	433 317
57	811	0.6	1	470 341
58	628	0.6	1	382 246
59	788	0.6	1	457 331
60	976	0.6	1	628 348
61	886	0.6	1	536 350
62	770	0.6	1	479 291
63	709	0.6	1	427 282
64	672	0.6	1	441 231
65	757	0.6	1	462 295
66	1001	0.6	1	640 361
67	1065	0.6	1	641 424
68	1438	0.6	1	961 477
69	532	0.6	1	262 270
70	260	0.6	1	134 126
71	292	0.6	1	169 123
72	337	0.6	1	188 149
73	307	0.6	1	182 125
74	310	0.6	1	186 124
75	272	0.6	1	161 111
76	256	0.6	1	134 122
77	218	0.6	1	120 98
78	179	0.6	1	92 87
79	67	0.6	1	42 25
80	72	0.6	1	41 31
81	51	0.6	1	29 22
82	43	0.6	1	19 24
83	37	0.6	1	17 20
84	56	0.6	1	12 44
85	31	0.6	1	3 28
86	37	0.6	1	2 35
87	45	0.6	1	5 40
88	28	0.6	1	5 23
89	35	0.6	1	8 27
90	40	0.6	1	6 34
91	28	0.6	1	2 26
92	30	0.6	1	3 27
93	32	0.6	1	2 30
94	25	0.6	1	5 20
95	23	0.6	1	6 17
96	20	0.6	1	1 19
97	27	0.6	1	3 24
98	19	0.6	1	1 18
99	20	0.6	1	4 16
100	47	0.6	1	7 40
101	30	0.6	1	4 26
102	27	0.6	1	4 23
103	20	0.6	1	7 13
104	29	0.6	1	1 28
105	36	0.6	1	3 33
106	22	0.6	1	5 17
107	15	0.6	1	2 13
108	15	0.6	1	0 15
109	22	0.6	1	2 20
110	17	0.6	1	2 15
111	36	0.6	1	1 35
112	28	0.6	1	1 27
113	25	0.6	1	3 22
114	31	0.6	1	2 29
115	28	0.6	1	0 28
116	35	0.6	1	1 34
117	30	0.6	1	1 29
118	31	0.6	1	1 30
119	25	0.6	1	0 25
120	34	0.6	1	1 33
121	31	0.6	1	0 31
122	33	0.6	1	0 33
123	22	0.6	1	0 22
124	31	0.6	1	1 30
125	18	0.6	1	0 18
126	15	0.6	1	0 15
127	22	0.6	1	0 22
128	19	0.6	1	1 18
129	25	0.6	1	0 25
130	36	0.6	1	0 36
131	31	0.6	1	0 31
132	21	0.6	1	0 21
133	44	0.6	1	0 44
134	22	0.6	1	0 22
135	24	0.6	1	0 24
136	20	0.6	1	0 20
137	21	0.6	1	0 21
138	29	0.6	1	1 28
139	26	0.6	1	0 26
140	30	0.6	1	0 30
141	23	0.6	1	0 23
142	17	0.6	1	0 17
143	22	0.6	1	0 22
144	19	0.6	1	0 19
145	24	0.6	1	0 24
146	33	0.6	1	0 33
147	23	0.6	1	1 22
148	30	0.6	1	1 29
149	33	0.6	1	1 32
150	101	0.6	1	24 77

=== Second read: Adapter 2 ===

Sequence: AGATCGGAAGAGC; Type: regular 3'; Length: 13; Trimmed: 1473333 times.

No. of allowed errors:
0-9 bp: 0; 10-13 bp: 1

Bases preceding removed adapters:
  A: 28.3%
  C: 24.8%
  G: 26.4%
  T: 20.5%
  none/other: 0.0%

Overview of removed sequences
length	count	expect	max.err	error counts
3	1071718	661201.5	0	1071718
4	206400	165300.4	0	206400
5	42631	41325.1	0	42631
6	6076	10331.3	0	6076
7	4626	2582.8	0	4626
8	4139	645.7	0	4139
9	4698	161.4	0	3829 869
10	5500	40.4	1	3258 2242
11	5709	10.1	1	3446 2263
12	5441	2.5	1	3501 1940
13	3543	0.6	1	2481 1062
14	5267	0.6	1	3293 1974
15	3190	0.6	1	2143 1047
16	3668	0.6	1	2535 1133
17	5350	0.6	1	3647 1703
18	2830	0.6	1	1969 861
19	5719	0.6	1	3875 1844
20	3174	0.6	1	2162 1012
21	3277	0.6	1	2186 1091
22	3178	0.6	1	2146 1032
23	3281	0.6	1	2262 1019
24	8142	0.6	1	5484 2658
25	2561	0.6	1	1788 773
26	2663	0.6	1	1775 888
27	2928	0.6	1	1799 1129
28	4507	0.6	1	3375 1132
29	1924	0.6	1	1181 743
30	4627	0.6	1	3347 1280
31	2187	0.6	1	1461 726
32	6415	0.6	1	4971 1444
33	3035	0.6	1	2052 983
34	1378	0.6	1	843 535
35	3122	0.6	1	2407 715
36	1365	0.6	1	922 443
37	1634	0.6	1	1109 525
38	1042	0.6	1	726 316
39	1246	0.6	1	858 388
40	853	0.6	1	577 276
41	1544	0.6	1	1136 408
42	1905	0.6	1	1413 492
43	858	0.6	1	550 308
44	1105	0.6	1	752 353
45	1948	0.6	1	1472 476
46	862	0.6	1	578 284
47	455	0.6	1	292 163
48	1240	0.6	1	906 334
49	481	0.6	1	303 178
50	318	0.6	1	185 133
51	1072	0.6	1	817 255
52	1111	0.6	1	833 278
53	463	0.6	1	299 164
54	600	0.6	1	417 183
55	451	0.6	1	312 139
56	361	0.6	1	198 163
57	392	0.6	1	247 145
58	566	0.6	1	387 179
59	422	0.6	1	256 166
60	344	0.6	1	223 121
61	406	0.6	1	233 173
62	384	0.6	1	240 144
63	380	0.6	1	242 138
64	453	0.6	1	303 150
65	409	0.6	1	267 142
66	476	0.6	1	310 166
67	464	0.6	1	302 162
68	464	0.6	1	301 163
69	461	0.6	1	286 175
70	423	0.6	1	264 159
71	356	0.6	1	191 165
72	258	0.6	1	151 107
73	176	0.6	1	91 85
74	143	0.6	1	66 77
75	118	0.6	1	51 67
76	108	0.6	1	47 61
77	86	0.6	1	45 41
78	95	0.6	1	40 55
79	58	0.6	1	23 35
80	60	0.6	1	16 44
81	68	0.6	1	10 58
82	41	0.6	1	9 32
83	32	0.6	1	4 28
84	33	0.6	1	2 31
85	44	0.6	1	4 40
86	24	0.6	1	3 21
87	41	0.6	1	4 37
88	33	0.6	1	1 32
89	37	0.6	1	6 31
90	38	0.6	1	4 34
91	25	0.6	1	1 24
92	26	0.6	1	2 24
93	28	0.6	1	2 26
94	29	0.6	1	5 24
95	23	0.6	1	0 23
96	31	0.6	1	0 31
97	19	0.6	1	0 19
98	29	0.6	1	0 29
99	20	0.6	1	0 20
100	43	0.6	1	5 38
101	31	0.6	1	1 30
102	31	0.6	1	3 28
103	25	0.6	1	2 23
104	43	0.6	1	4 39
105	32	0.6	1	0 32
106	33	0.6	1	5 28
107	22	0.6	1	0 22
108	26	0.6	1	1 25
109	23	0.6	1	1 22
110	41	0.6	1	0 41
111	25	0.6	1	1 24
112	36	0.6	1	3 33
113	38	0.6	1	1 37
114	35	0.6	1	1 34
115	40	0.6	1	1 39
116	19	0.6	1	1 18
117	34	0.6	1	3 31
118	25	0.6	1	2 23
119	29	0.6	1	0 29
120	25	0.6	1	0 25
121	26	0.6	1	0 26
122	16	0.6	1	1 15
123	14	0.6	1	1 13
124	25	0.6	1	1 24
125	20	0.6	1	0 20
126	16	0.6	1	0 16
127	28	0.6	1	3 25
128	20	0.6	1	2 18
129	30	0.6	1	0 30
130	42	0.6	1	0 42
131	24	0.6	1	0 24
132	21	0.6	1	0 21
133	22	0.6	1	0 22
134	28	0.6	1	0 28
135	21	0.6	1	0 21
136	20	0.6	1	0 20
137	20	0.6	1	0 20
138	17	0.6	1	0 17
139	32	0.6	1	0 32
140	22	0.6	1	0 22
141	20	0.6	1	0 20
142	26	0.6	1	0 26
143	21	0.6	1	0 21
144	22	0.6	1	0 22
145	37	0.6	1	0 37
146	23	0.6	1	0 23
147	18	0.6	1	0 18
148	32	0.6	1	0 32
149	14	0.6	1	0 14
150	59	0.6	1	0 59

