This is cutadapt 1.16 with Python 3.6.4
Command line parameters: -j 3 -a AGATCGGAAGAGC -A AGATCGGAAGAGC --trim-n -m 50 -q 20,20 -o /home1/gyang/work_space/4.ProjectET/batch10_cr/2.cutdata/TSC_Tead4_AB_10k_rep1.R1_cut.fq -p /home1/gyang/work_space/4.ProjectET/batch10_cr/2.cutdata/TSC_Tead4_AB_10k_rep1.R2_cut.fq TSC_Tead4_AB_10k_rep1.R1.fq.gz TSC_Tead4_AB_10k_rep1.R2.fq.gz
Running on 3 cores
Trimming 2 adapters with at most 10.0% errors in paired-end mode ...
Finished in 962.30 s (34 us/read; 1.77 M reads/minute).

=== Summary ===

Total read pairs processed:         28,370,349
  Read 1 with adapter:                 978,933 (3.5%)
  Read 2 with adapter:               1,002,093 (3.5%)
Pairs that were too short:              47,805 (0.2%)
Pairs written (passing filters):    28,322,544 (99.8%)

Total basepairs processed: 8,511,104,700 bp
  Read 1: 4,255,552,350 bp
  Read 2: 4,255,552,350 bp
Quality-trimmed:              23,005,477 bp (0.3%)
  Read 1:     7,684,208 bp
  Read 2:    15,321,269 bp
Total written (filtered):  8,468,023,771 bp (99.5%)
  Read 1: 4,236,219,152 bp
  Read 2: 4,231,804,619 bp

=== First read: Adapter 1 ===

Sequence: AGATCGGAAGAGC; Type: regular 3'; Length: 13; Trimmed: 978933 times.

No. of allowed errors:
0-9 bp: 0; 10-13 bp: 1

Bases preceding removed adapters:
  A: 28.7%
  C: 24.6%
  G: 25.8%
  T: 20.8%
  none/other: 0.0%

Overview of removed sequences
length	count	expect	max.err	error counts
3	702679	443286.7	0	702679
4	137022	110821.7	0	137022
5	30204	27705.4	0	30204
6	4070	6926.4	0	4070
7	2562	1731.6	0	2562
8	3184	432.9	0	3184
9	3627	108.2	0	3077 550
10	3404	27.1	1	2055 1349
11	4430	6.8	1	2587 1843
12	3098	1.7	1	2084 1014
13	3014	0.4	1	2014 1000
14	2892	0.4	1	1894 998
15	3186	0.4	1	2064 1122
16	3042	0.4	1	1912 1130
17	4321	0.4	1	2650 1671
18	2529	0.4	1	1789 740
19	2272	0.4	1	1532 740
20	2670	0.4	1	1748 922
21	2531	0.4	1	1644 887
22	1849	0.4	1	1260 589
23	2206	0.4	1	1438 768
24	2470	0.4	1	1455 1015
25	2124	0.4	1	1315 809
26	1667	0.4	1	1084 583
27	2052	0.4	1	1324 728
28	2053	0.4	1	1316 737
29	2806	0.4	1	1694 1112
30	1722	0.4	1	1227 495
31	1604	0.4	1	1058 546
32	1707	0.4	1	1125 582
33	1729	0.4	1	1072 657
34	2332	0.4	1	1446 886
35	1372	0.4	1	872 500
36	1354	0.4	1	898 456
37	1434	0.4	1	884 550
38	1535	0.4	1	1030 505
39	1286	0.4	1	762 524
40	1437	0.4	1	939 498
41	1676	0.4	1	1003 673
42	1079	0.4	1	670 409
43	1319	0.4	1	874 445
44	532	0.4	1	296 236
45	636	0.4	1	399 237
46	745	0.4	1	448 297
47	562	0.4	1	354 208
48	646	0.4	1	382 264
49	753	0.4	1	415 338
50	491	0.4	1	315 176
51	466	0.4	1	273 193
52	505	0.4	1	271 234
53	503	0.4	1	294 209
54	500	0.4	1	297 203
55	517	0.4	1	307 210
56	589	0.4	1	352 237
57	598	0.4	1	356 242
58	478	0.4	1	296 182
59	593	0.4	1	327 266
60	682	0.4	1	428 254
61	584	0.4	1	369 215
62	619	0.4	1	398 221
63	555	0.4	1	345 210
64	536	0.4	1	371 165
65	612	0.4	1	382 230
66	739	0.4	1	493 246
67	866	0.4	1	529 337
68	1296	0.4	1	927 369
69	330	0.4	1	151 179
70	169	0.4	1	89 80
71	208	0.4	1	121 87
72	233	0.4	1	148 85
73	237	0.4	1	148 89
74	228	0.4	1	149 79
75	214	0.4	1	125 89
76	188	0.4	1	126 62
77	145	0.4	1	85 60
78	124	0.4	1	75 49
79	81	0.4	1	35 46
80	59	0.4	1	15 44
81	48	0.4	1	17 31
82	50	0.4	1	16 34
83	35	0.4	1	7 28
84	33	0.4	1	6 27
85	17	0.4	1	2 15
86	37	0.4	1	4 33
87	36	0.4	1	1 35
88	27	0.4	1	7 20
89	26	0.4	1	3 23
90	19	0.4	1	3 16
91	35	0.4	1	0 35
92	16	0.4	1	2 14
93	28	0.4	1	1 27
94	24	0.4	1	3 21
95	20	0.4	1	0 20
96	23	0.4	1	1 22
97	15	0.4	1	1 14
98	23	0.4	1	3 20
99	28	0.4	1	4 24
100	24	0.4	1	0 24
101	19	0.4	1	6 13
102	21	0.4	1	3 18
103	23	0.4	1	3 20
104	19	0.4	1	3 16
105	15	0.4	1	1 14
106	20	0.4	1	2 18
107	24	0.4	1	1 23
108	10	0.4	1	1 9
109	17	0.4	1	0 17
110	12	0.4	1	0 12
111	28	0.4	1	1 27
112	21	0.4	1	1 20
113	22	0.4	1	2 20
114	18	0.4	1	0 18
115	23	0.4	1	3 20
116	22	0.4	1	0 22
117	15	0.4	1	2 13
118	21	0.4	1	0 21
119	23	0.4	1	0 23
120	13	0.4	1	0 13
121	27	0.4	1	1 26
122	11	0.4	1	0 11
123	17	0.4	1	0 17
124	12	0.4	1	0 12
125	13	0.4	1	0 13
126	20	0.4	1	0 20
127	24	0.4	1	0 24
128	19	0.4	1	0 19
129	23	0.4	1	0 23
130	27	0.4	1	0 27
131	18	0.4	1	0 18
132	15	0.4	1	1 14
133	14	0.4	1	0 14
134	20	0.4	1	0 20
135	15	0.4	1	0 15
136	15	0.4	1	1 14
137	15	0.4	1	0 15
138	13	0.4	1	0 13
139	13	0.4	1	0 13
140	22	0.4	1	0 22
141	32	0.4	1	3 29
142	11	0.4	1	0 11
143	18	0.4	1	0 18
144	14	0.4	1	0 14
145	7	0.4	1	0 7
146	18	0.4	1	0 18
147	16	0.4	1	0 16
148	29	0.4	1	1 28
149	20	0.4	1	1 19
150	96	0.4	1	13 83

=== Second read: Adapter 2 ===

Sequence: AGATCGGAAGAGC; Type: regular 3'; Length: 13; Trimmed: 1002093 times.

No. of allowed errors:
0-9 bp: 0; 10-13 bp: 1

Bases preceding removed adapters:
  A: 28.5%
  C: 24.4%
  G: 25.9%
  T: 21.2%
  none/other: 0.0%

Overview of removed sequences
length	count	expect	max.err	error counts
3	720820	443286.7	0	720820
4	138674	110821.7	0	138674
5	29746	27705.4	0	29746
6	4622	6926.4	0	4622
7	3266	1731.6	0	3266
8	3191	432.9	0	3191
9	3268	108.2	0	2705 563
10	4082	27.1	1	2382 1700
11	4040	6.8	1	2434 1606
12	4036	1.7	1	2640 1396
13	2702	0.4	1	1867 835
14	4094	0.4	1	2580 1514
15	2421	0.4	1	1619 802
16	2790	0.4	1	1952 838
17	4039	0.4	1	2707 1332
18	2046	0.4	1	1352 694
19	4310	0.4	1	2838 1472
20	2439	0.4	1	1590 849
21	2443	0.4	1	1620 823
22	2330	0.4	1	1566 764
23	2480	0.4	1	1675 805
24	5991	0.4	1	3968 2023
25	1889	0.4	1	1302 587
26	1743	0.4	1	1154 589
27	2006	0.4	1	1200 806
28	3149	0.4	1	2340 809
29	1361	0.4	1	820 541
30	3267	0.4	1	2362 905
31	1518	0.4	1	985 533
32	4484	0.4	1	3408 1076
33	2174	0.4	1	1439 735
34	1031	0.4	1	632 399
35	2241	0.4	1	1708 533
36	997	0.4	1	654 343
37	1130	0.4	1	774 356
38	810	0.4	1	538 272
39	904	0.4	1	601 303
40	656	0.4	1	443 213
41	1098	0.4	1	792 306
42	1501	0.4	1	1098 403
43	605	0.4	1	392 213
44	955	0.4	1	654 301
45	1480	0.4	1	1104 376
46	605	0.4	1	384 221
47	364	0.4	1	210 154
48	880	0.4	1	648 232
49	342	0.4	1	211 131
50	250	0.4	1	150 100
51	810	0.4	1	618 192
52	858	0.4	1	646 212
53	334	0.4	1	213 121
54	469	0.4	1	323 146
55	347	0.4	1	245 102
56	259	0.4	1	169 90
57	323	0.4	1	234 89
58	481	0.4	1	345 136
59	319	0.4	1	214 105
60	264	0.4	1	166 98
61	308	0.4	1	210 98
62	361	0.4	1	227 134
63	328	0.4	1	220 108
64	371	0.4	1	255 116
65	381	0.4	1	234 147
66	415	0.4	1	278 137
67	400	0.4	1	248 152
68	380	0.4	1	243 137
69	384	0.4	1	249 135
70	352	0.4	1	211 141
71	270	0.4	1	175 95
72	218	0.4	1	127 91
73	164	0.4	1	88 76
74	142	0.4	1	65 77
75	109	0.4	1	49 60
76	100	0.4	1	44 56
77	86	0.4	1	40 46
78	64	0.4	1	27 37
79	56	0.4	1	17 39
80	46	0.4	1	10 36
81	36	0.4	1	13 23
82	39	0.4	1	9 30
83	19	0.4	1	2 17
84	21	0.4	1	3 18
85	27	0.4	1	5 22
86	29	0.4	1	2 27
87	30	0.4	1	3 27
88	15	0.4	1	1 14
89	29	0.4	1	2 27
90	30	0.4	1	7 23
91	24	0.4	1	1 23
92	21	0.4	1	1 20
93	30	0.4	1	1 29
94	18	0.4	1	0 18
95	11	0.4	1	0 11
96	26	0.4	1	1 25
97	28	0.4	1	1 27
98	24	0.4	1	2 22
99	28	0.4	1	2 26
100	21	0.4	1	2 19
101	18	0.4	1	3 15
102	30	0.4	1	2 28
103	23	0.4	1	3 20
104	19	0.4	1	2 17
105	29	0.4	1	1 28
106	15	0.4	1	2 13
107	22	0.4	1	0 22
108	22	0.4	1	1 21
109	22	0.4	1	2 20
110	28	0.4	1	1 27
111	8	0.4	1	0 8
112	21	0.4	1	3 18
113	19	0.4	1	1 18
114	19	0.4	1	3 16
115	18	0.4	1	0 18
116	16	0.4	1	0 16
117	19	0.4	1	0 19
118	22	0.4	1	0 22
119	21	0.4	1	0 21
120	21	0.4	1	0 21
121	23	0.4	1	1 22
122	14	0.4	1	0 14
123	12	0.4	1	0 12
124	19	0.4	1	0 19
125	20	0.4	1	0 20
126	20	0.4	1	1 19
127	20	0.4	1	1 19
128	22	0.4	1	0 22
129	11	0.4	1	0 11
130	15	0.4	1	0 15
131	11	0.4	1	0 11
132	25	0.4	1	0 25
133	18	0.4	1	0 18
134	10	0.4	1	0 10
135	18	0.4	1	0 18
136	9	0.4	1	0 9
137	11	0.4	1	0 11
138	19	0.4	1	0 19
139	16	0.4	1	0 16
140	4	0.4	1	0 4
141	19	0.4	1	0 19
142	10	0.4	1	0 10
143	16	0.4	1	0 16
144	14	0.4	1	0 14
145	14	0.4	1	0 14
146	16	0.4	1	0 16
147	17	0.4	1	0 17
148	31	0.4	1	2 29
149	9	0.4	1	0 9
150	43	0.4	1	2 41

