This is cutadapt 1.16 with Python 3.6.4
Command line parameters: -j 3 -a AGATCGGAAGAGC -A AGATCGGAAGAGC --trim-n -m 50 -q 20,20 -o /home1/gyang/work_space/4.ProjectET/batch10_cr/2.cutdata/TSC_Tead4_SC_1k_rep2.R1_cut.fq -p /home1/gyang/work_space/4.ProjectET/batch10_cr/2.cutdata/TSC_Tead4_SC_1k_rep2.R2_cut.fq TSC_Tead4_SC_1k_rep2.R1.fq.gz TSC_Tead4_SC_1k_rep2.R2.fq.gz
Running on 3 cores
Trimming 2 adapters with at most 10.0% errors in paired-end mode ...
Finished in 852.91 s (36 us/read; 1.65 M reads/minute).

=== Summary ===

Total read pairs processed:         23,492,567
  Read 1 with adapter:                 793,788 (3.4%)
  Read 2 with adapter:                 791,132 (3.4%)
Pairs that were too short:              33,387 (0.1%)
Pairs written (passing filters):    23,459,180 (99.9%)

Total basepairs processed: 7,047,770,100 bp
  Read 1: 3,523,885,050 bp
  Read 2: 3,523,885,050 bp
Quality-trimmed:              18,779,214 bp (0.3%)
  Read 1:     7,480,974 bp
  Read 2:    11,298,240 bp
Total written (filtered):  7,012,910,966 bp (99.5%)
  Read 1: 3,507,431,240 bp
  Read 2: 3,505,479,726 bp

=== First read: Adapter 1 ===

Sequence: AGATCGGAAGAGC; Type: regular 3'; Length: 13; Trimmed: 793788 times.

No. of allowed errors:
0-9 bp: 0; 10-13 bp: 1

Bases preceding removed adapters:
  A: 28.1%
  C: 24.6%
  G: 27.9%
  T: 19.3%
  none/other: 0.1%

Overview of removed sequences
length	count	expect	max.err	error counts
3	546318	367071.4	0	546318
4	106504	91767.8	0	106504
5	26556	22942.0	0	26556
6	5556	5735.5	0	5556
7	3123	1433.9	0	3123
8	3499	358.5	0	3499
9	4194	89.6	0	3594 600
10	3551	22.4	1	2304 1247
11	4921	5.6	1	2978 1943
12	3316	1.4	1	2338 978
13	2827	0.4	1	1962 865
14	3171	0.4	1	2019 1152
15	3207	0.4	1	2142 1065
16	3707	0.4	1	2276 1431
17	4922	0.4	1	3037 1885
18	2829	0.4	1	2054 775
19	2183	0.4	1	1532 651
20	2854	0.4	1	1924 930
21	2495	0.4	1	1667 828
22	1681	0.4	1	1199 482
23	2220	0.4	1	1409 811
24	2670	0.4	1	1597 1073
25	2046	0.4	1	1301 745
26	1674	0.4	1	1066 608
27	2276	0.4	1	1498 778
28	2185	0.4	1	1422 763
29	3237	0.4	1	1971 1266
30	1945	0.4	1	1385 560
31	1660	0.4	1	1097 563
32	1856	0.4	1	1211 645
33	1793	0.4	1	1123 670
34	2130	0.4	1	1308 822
35	1030	0.4	1	695 335
36	1913	0.4	1	1212 701
37	1270	0.4	1	840 430
38	1417	0.4	1	983 434
39	1862	0.4	1	1141 721
40	1196	0.4	1	824 372
41	1772	0.4	1	1114 658
42	1117	0.4	1	693 424
43	1105	0.4	1	751 354
44	592	0.4	1	379 213
45	677	0.4	1	441 236
46	706	0.4	1	477 229
47	602	0.4	1	392 210
48	810	0.4	1	528 282
49	964	0.4	1	636 328
50	549	0.4	1	354 195
51	468	0.4	1	307 161
52	572	0.4	1	378 194
53	449	0.4	1	288 161
54	422	0.4	1	259 163
55	421	0.4	1	283 138
56	486	0.4	1	304 182
57	531	0.4	1	338 193
58	398	0.4	1	240 158
59	600	0.4	1	372 228
60	699	0.4	1	479 220
61	542	0.4	1	371 171
62	458	0.4	1	284 174
63	451	0.4	1	286 165
64	389	0.4	1	240 149
65	460	0.4	1	287 173
66	518	0.4	1	350 168
67	612	0.4	1	353 259
68	993	0.4	1	688 305
69	319	0.4	1	169 150
70	192	0.4	1	106 86
71	186	0.4	1	102 84
72	201	0.4	1	116 85
73	216	0.4	1	118 98
74	180	0.4	1	110 70
75	169	0.4	1	100 69
76	167	0.4	1	107 60
77	155	0.4	1	79 76
78	104	0.4	1	62 42
79	69	0.4	1	41 28
80	45	0.4	1	22 23
81	42	0.4	1	18 24
82	52	0.4	1	20 32
83	33	0.4	1	9 24
84	25	0.4	1	6 19
85	19	0.4	1	5 14
86	27	0.4	1	5 22
87	27	0.4	1	2 25
88	21	0.4	1	6 15
89	22	0.4	1	3 19
90	17	0.4	1	4 13
91	22	0.4	1	4 18
92	31	0.4	1	9 22
93	16	0.4	1	2 14
94	18	0.4	1	5 13
95	10	0.4	1	0 10
96	17	0.4	1	1 16
97	25	0.4	1	4 21
98	20	0.4	1	1 19
99	13	0.4	1	1 12
100	14	0.4	1	7 7
101	21	0.4	1	4 17
102	18	0.4	1	3 15
103	20	0.4	1	2 18
104	15	0.4	1	0 15
105	16	0.4	1	1 15
106	20	0.4	1	2 18
107	18	0.4	1	3 15
108	12	0.4	1	3 9
109	10	0.4	1	0 10
110	15	0.4	1	2 13
111	18	0.4	1	2 16
112	19	0.4	1	3 16
113	5	0.4	1	0 5
114	16	0.4	1	1 15
115	13	0.4	1	1 12
116	14	0.4	1	0 14
117	24	0.4	1	2 22
118	16	0.4	1	1 15
119	21	0.4	1	2 19
120	14	0.4	1	0 14
121	20	0.4	1	0 20
122	21	0.4	1	0 21
123	21	0.4	1	0 21
124	20	0.4	1	1 19
125	10	0.4	1	0 10
126	18	0.4	1	1 17
127	16	0.4	1	0 16
128	16	0.4	1	0 16
129	15	0.4	1	0 15
130	12	0.4	1	0 12
131	19	0.4	1	0 19
132	11	0.4	1	0 11
133	19	0.4	1	0 19
134	15	0.4	1	0 15
135	14	0.4	1	0 14
136	25	0.4	1	0 25
137	26	0.4	1	0 26
138	15	0.4	1	0 15
139	9	0.4	1	0 9
140	14	0.4	1	0 14
141	17	0.4	1	0 17
142	14	0.4	1	0 14
143	21	0.4	1	0 21
144	13	0.4	1	0 13
145	25	0.4	1	0 25
146	26	0.4	1	0 26
147	16	0.4	1	0 16
148	36	0.4	1	0 36
149	69	0.4	1	0 69
150	259	0.4	1	0 259

=== Second read: Adapter 2 ===

Sequence: AGATCGGAAGAGC; Type: regular 3'; Length: 13; Trimmed: 791132 times.

No. of allowed errors:
0-9 bp: 0; 10-13 bp: 1

Bases preceding removed adapters:
  A: 27.8%
  C: 24.4%
  G: 28.3%
  T: 19.5%
  none/other: 0.0%

Overview of removed sequences
length	count	expect	max.err	error counts
3	545591	367071.4	0	545591
4	109135	91767.8	0	109135
5	26038	22942.0	0	26038
6	5709	5735.5	0	5709
7	3681	1433.9	0	3681
8	3228	358.5	0	3228
9	3395	89.6	0	2782 613
10	4094	22.4	1	2450 1644
11	4455	5.6	1	2683 1772
12	3994	1.4	1	2484 1510
13	2616	0.4	1	1790 826
14	3665	0.4	1	2289 1376
15	2349	0.4	1	1566 783
16	2944	0.4	1	2075 869
17	3943	0.4	1	2673 1270
18	2265	0.4	1	1590 675
19	3968	0.4	1	2688 1280
20	2348	0.4	1	1572 776
21	2382	0.4	1	1599 783
22	2182	0.4	1	1508 674
23	2217	0.4	1	1530 687
24	4874	0.4	1	3289 1585
25	1906	0.4	1	1342 564
26	1802	0.4	1	1178 624
27	2083	0.4	1	1277 806
28	3218	0.4	1	2383 835
29	1612	0.4	1	1016 596
30	3365	0.4	1	2422 943
31	1544	0.4	1	1010 534
32	3861	0.4	1	2908 953
33	1997	0.4	1	1355 642
34	1094	0.4	1	667 427
35	2069	0.4	1	1601 468
36	1079	0.4	1	753 326
37	1160	0.4	1	780 380
38	888	0.4	1	642 246
39	975	0.4	1	668 307
40	671	0.4	1	460 211
41	1045	0.4	1	777 268
42	1200	0.4	1	874 326
43	534	0.4	1	345 189
44	711	0.4	1	507 204
45	1315	0.4	1	1011 304
46	632	0.4	1	431 201
47	355	0.4	1	247 108
48	891	0.4	1	684 207
49	378	0.4	1	257 121
50	312	0.4	1	208 104
51	782	0.4	1	567 215
52	710	0.4	1	531 179
53	324	0.4	1	220 104
54	369	0.4	1	256 113
55	292	0.4	1	209 83
56	294	0.4	1	178 116
57	273	0.4	1	182 91
58	405	0.4	1	281 124
59	336	0.4	1	218 118
60	331	0.4	1	223 108
61	332	0.4	1	245 87
62	357	0.4	1	258 99
63	273	0.4	1	181 92
64	264	0.4	1	174 90
65	267	0.4	1	173 94
66	288	0.4	1	202 86
67	243	0.4	1	150 93
68	338	0.4	1	235 103
69	287	0.4	1	207 80
70	380	0.4	1	272 108
71	242	0.4	1	143 99
72	149	0.4	1	93 56
73	140	0.4	1	89 51
74	83	0.4	1	42 41
75	88	0.4	1	48 40
76	75	0.4	1	48 27
77	80	0.4	1	44 36
78	72	0.4	1	37 35
79	43	0.4	1	26 17
80	41	0.4	1	21 20
81	22	0.4	1	6 16
82	22	0.4	1	7 15
83	26	0.4	1	12 14
84	17	0.4	1	4 13
85	18	0.4	1	5 13
86	29	0.4	1	5 24
87	14	0.4	1	3 11
88	5	0.4	1	2 3
89	19	0.4	1	3 16
90	31	0.4	1	3 28
91	21	0.4	1	1 20
92	10	0.4	1	3 7
93	22	0.4	1	3 19
94	29	0.4	1	1 28
95	13	0.4	1	1 12
96	14	0.4	1	4 10
97	21	0.4	1	2 19
98	17	0.4	1	0 17
99	16	0.4	1	2 14
100	14	0.4	1	1 13
101	29	0.4	1	1 28
102	21	0.4	1	6 15
103	25	0.4	1	1 24
104	24	0.4	1	6 18
105	22	0.4	1	2 20
106	18	0.4	1	3 15
107	21	0.4	1	1 20
108	18	0.4	1	3 15
109	13	0.4	1	2 11
110	16	0.4	1	5 11
111	17	0.4	1	4 13
112	15	0.4	1	2 13
113	15	0.4	1	3 12
114	27	0.4	1	0 27
115	19	0.4	1	3 16
116	17	0.4	1	2 15
117	3	0.4	1	0 3
118	21	0.4	1	2 19
119	23	0.4	1	3 20
120	12	0.4	1	1 11
121	11	0.4	1	0 11
122	12	0.4	1	1 11
123	18	0.4	1	2 16
124	17	0.4	1	0 17
125	15	0.4	1	2 13
126	19	0.4	1	0 19
127	19	0.4	1	0 19
128	13	0.4	1	0 13
129	12	0.4	1	0 12
130	21	0.4	1	2 19
131	12	0.4	1	0 12
132	15	0.4	1	2 13
133	17	0.4	1	0 17
134	19	0.4	1	1 18
135	16	0.4	1	0 16
136	21	0.4	1	4 17
137	12	0.4	1	0 12
138	13	0.4	1	0 13
139	18	0.4	1	0 18
140	7	0.4	1	0 7
141	7	0.4	1	0 7
142	11	0.4	1	0 11
143	6	0.4	1	0 6
144	9	0.4	1	0 9
145	13	0.4	1	0 13
146	16	0.4	1	0 16
147	9	0.4	1	0 9
148	18	0.4	1	0 18
149	17	0.4	1	0 17
150	35	0.4	1	0 35

