This is cutadapt 1.16 with Python 3.6.4
Command line parameters: -j 3 -a AGATCGGAAGAGC -A AGATCGGAAGAGC --trim-n -m 50 -q 20,20 -o /home1/gyang/work_space/4.ProjectET/batch10_cr/2.cutdata/TSC_Tead4_SC_5k_rep1.R1_cut.fq -p /home1/gyang/work_space/4.ProjectET/batch10_cr/2.cutdata/TSC_Tead4_SC_5k_rep1.R2_cut.fq TSC_Tead4_SC_5k_rep1.R1.fq.gz TSC_Tead4_SC_5k_rep1.R2.fq.gz
Running on 3 cores
Trimming 2 adapters with at most 10.0% errors in paired-end mode ...
Finished in 1173.16 s (31 us/read; 1.94 M reads/minute).

=== Summary ===

Total read pairs processed:         37,968,808
  Read 1 with adapter:               1,415,196 (3.7%)
  Read 2 with adapter:               1,315,008 (3.5%)
Pairs that were too short:             127,329 (0.3%)
Pairs written (passing filters):    37,841,479 (99.7%)

Total basepairs processed: 11,390,642,400 bp
  Read 1: 5,695,321,200 bp
  Read 2: 5,695,321,200 bp
Quality-trimmed:              42,799,618 bp (0.4%)
  Read 1:    14,143,354 bp
  Read 2:    28,656,264 bp
Total written (filtered):  11,306,410,246 bp (99.3%)
  Read 1: 5,652,868,092 bp
  Read 2: 5,653,542,154 bp

=== First read: Adapter 1 ===

Sequence: AGATCGGAAGAGC; Type: regular 3'; Length: 13; Trimmed: 1415196 times.

No. of allowed errors:
0-9 bp: 0; 10-13 bp: 1

Bases preceding removed adapters:
  A: 28.2%
  C: 25.6%
  G: 25.7%
  T: 20.4%
  none/other: 0.0%

Overview of removed sequences
length	count	expect	max.err	error counts
3	906237	593262.6	0	906237
4	177877	148315.7	0	177877
5	40089	37078.9	0	40089
6	5894	9269.7	0	5894
7	4100	2317.4	0	4100
8	3964	579.4	0	3964
9	4940	144.8	0	4138 802
10	6979	36.2	1	2918 4061
11	7992	9.1	1	3400 4592
12	6984	2.3	1	3106 3878
13	6332	0.6	1	2688 3644
14	6873	0.6	1	2822 4051
15	6778	0.6	1	2775 4003
16	7473	0.6	1	2942 4531
17	8632	0.6	1	3701 4931
18	6446	0.6	1	2599 3847
19	5537	0.6	1	2002 3535
20	6423	0.6	1	2494 3929
21	6003	0.6	1	2228 3775
22	5623	0.6	1	2189 3434
23	5901	0.6	1	2090 3811
24	6687	0.6	1	2326 4361
25	5912	0.6	1	1946 3966
26	5334	0.6	1	1727 3607
27	5960	0.6	1	2153 3807
28	5865	0.6	1	2049 3816
29	6961	0.6	1	2611 4350
30	5623	0.6	1	1917 3706
31	5056	0.6	1	1606 3450
32	5616	0.6	1	1845 3771
33	5530	0.6	1	1684 3846
34	5675	0.6	1	1706 3969
35	5591	0.6	1	1697 3894
36	5499	0.6	1	1703 3796
37	4470	0.6	1	1107 3363
38	5940	0.6	1	1683 4257
39	5216	0.6	1	1421 3795
40	4823	0.6	1	1299 3524
41	5258	0.6	1	1526 3732
42	4246	0.6	1	1042 3204
43	5527	0.6	1	1076 4451
44	2026	0.6	1	654 1372
45	3181	0.6	1	602 2579
46	3690	0.6	1	829 2861
47	3079	0.6	1	652 2427
48	2843	0.6	1	625 2218
49	3365	0.6	1	810 2555
50	2280	0.6	1	453 1827
51	1970	0.6	1	344 1626
52	2401	0.6	1	529 1872
53	2382	0.6	1	512 1870
54	1934	0.6	1	411 1523
55	2294	0.6	1	479 1815
56	2077	0.6	1	439 1638
57	2285	0.6	1	537 1748
58	1787	0.6	1	294 1493
59	1856	0.6	1	500 1356
60	2641	0.6	1	698 1943
61	2453	0.6	1	443 2010
62	1915	0.6	1	438 1477
63	2110	0.6	1	646 1464
64	3039	0.6	1	697 2342
65	1825	0.6	1	375 1450
66	2534	0.6	1	487 2047
67	2071	0.6	1	431 1640
68	2202	0.6	1	499 1703
69	348	0.6	1	126 222
70	375	0.6	1	90 285
71	678	0.6	1	134 544
72	781	0.6	1	185 596
73	690	0.6	1	133 557
74	635	0.6	1	127 508
75	610	0.6	1	129 481
76	484	0.6	1	120 364
77	227	0.6	1	69 158
78	123	0.6	1	47 76
79	61	0.6	1	21 40
80	69	0.6	1	29 40
81	47	0.6	1	15 32
82	60	0.6	1	8 52
83	44	0.6	1	8 36
84	35	0.6	1	8 27
85	41	0.6	1	7 34
86	36	0.6	1	8 28
87	69	0.6	1	3 66
88	42	0.6	1	7 35
89	37	0.6	1	6 31
90	29	0.6	1	2 27
91	25	0.6	1	3 22
92	20	0.6	1	3 17
93	32	0.6	1	2 30
94	42	0.6	1	3 39
95	33	0.6	1	1 32
96	26	0.6	1	1 25
97	41	0.6	1	3 38
98	13	0.6	1	1 12
99	23	0.6	1	4 19
100	36	0.6	1	4 32
101	26	0.6	1	2 24
102	24	0.6	1	1 23
103	30	0.6	1	1 29
104	23	0.6	1	1 22
105	24	0.6	1	3 21
106	35	0.6	1	3 32
107	27	0.6	1	1 26
108	28	0.6	1	2 26
109	18	0.6	1	1 17
110	32	0.6	1	0 32
111	20	0.6	1	4 16
112	21	0.6	1	0 21
113	17	0.6	1	1 16
114	28	0.6	1	1 27
115	31	0.6	1	4 27
116	17	0.6	1	0 17
117	13	0.6	1	0 13
118	20	0.6	1	1 19
119	28	0.6	1	3 25
120	25	0.6	1	0 25
121	31	0.6	1	0 31
122	18	0.6	1	1 17
123	23	0.6	1	1 22
124	22	0.6	1	0 22
125	20	0.6	1	1 19
126	24	0.6	1	0 24
127	27	0.6	1	0 27
128	21	0.6	1	0 21
129	38	0.6	1	0 38
130	28	0.6	1	0 28
131	18	0.6	1	0 18
132	18	0.6	1	0 18
133	27	0.6	1	0 27
134	50	0.6	1	0 50
135	28	0.6	1	0 28
136	24	0.6	1	0 24
137	19	0.6	1	0 19
138	18	0.6	1	0 18
139	26	0.6	1	0 26
140	28	0.6	1	0 28
141	36	0.6	1	0 36
142	21	0.6	1	0 21
143	9	0.6	1	0 9
144	17	0.6	1	0 17
145	29	0.6	1	0 29
146	30	0.6	1	0 30
147	22	0.6	1	0 22
148	15	0.6	1	0 15
149	13	0.6	1	0 13
150	91	0.6	1	0 91

=== Second read: Adapter 2 ===

Sequence: AGATCGGAAGAGC; Type: regular 3'; Length: 13; Trimmed: 1315008 times.

No. of allowed errors:
0-9 bp: 0; 10-13 bp: 1

Bases preceding removed adapters:
  A: 28.2%
  C: 25.5%
  G: 27.1%
  T: 19.1%
  none/other: 0.0%

Overview of removed sequences
length	count	expect	max.err	error counts
3	945834	593262.6	0	945834
4	185352	148315.7	0	185352
5	38417	37078.9	0	38417
6	5994	9269.7	0	5994
7	4616	2317.4	0	4616
8	3822	579.4	0	3822
9	4256	144.8	0	3494 762
10	5367	36.2	1	3046 2321
11	5242	9.1	1	3029 2213
12	5196	2.3	1	3281 1915
13	3399	0.6	1	2336 1063
14	4930	0.6	1	3052 1878
15	3197	0.6	1	2089 1108
16	3595	0.6	1	2476 1119
17	4878	0.6	1	3126 1752
18	2721	0.6	1	1820 901
19	5381	0.6	1	3465 1916
20	3079	0.6	1	1898 1181
21	3156	0.6	1	2073 1083
22	2855	0.6	1	1822 1033
23	3157	0.6	1	2018 1139
24	7904	0.6	1	5038 2866
25	2241	0.6	1	1488 753
26	2511	0.6	1	1567 944
27	3110	0.6	1	1818 1292
28	4232	0.6	1	2984 1248
29	2077	0.6	1	1268 809
30	4373	0.6	1	3036 1337
31	1983	0.6	1	1233 750
32	5640	0.6	1	4148 1492
33	2859	0.6	1	1836 1023
34	1449	0.6	1	854 595
35	2937	0.6	1	2130 807
36	1413	0.6	1	920 493
37	1487	0.6	1	972 515
38	1139	0.6	1	736 403
39	1112	0.6	1	686 426
40	876	0.6	1	565 311
41	1351	0.6	1	907 444
42	1878	0.6	1	1239 639
43	743	0.6	1	442 301
44	1116	0.6	1	721 395
45	2107	0.6	1	1487 620
46	892	0.6	1	587 305
47	517	0.6	1	293 224
48	1259	0.6	1	863 396
49	497	0.6	1	297 200
50	374	0.6	1	206 168
51	1016	0.6	1	721 295
52	1073	0.6	1	730 343
53	414	0.6	1	244 170
54	578	0.6	1	326 252
55	433	0.6	1	257 176
56	376	0.6	1	209 167
57	438	0.6	1	256 182
58	550	0.6	1	336 214
59	433	0.6	1	246 187
60	371	0.6	1	200 171
61	416	0.6	1	238 178
62	371	0.6	1	216 155
63	394	0.6	1	247 147
64	435	0.6	1	234 201
65	412	0.6	1	225 187
66	377	0.6	1	235 142
67	401	0.6	1	217 184
68	339	0.6	1	181 158
69	330	0.6	1	189 141
70	318	0.6	1	176 142
71	267	0.6	1	154 113
72	196	0.6	1	104 92
73	151	0.6	1	73 78
74	107	0.6	1	44 63
75	87	0.6	1	32 55
76	74	0.6	1	37 37
77	66	0.6	1	24 42
78	54	0.6	1	21 33
79	35	0.6	1	9 26
80	34	0.6	1	4 30
81	35	0.6	1	4 31
82	32	0.6	1	6 26
83	34	0.6	1	4 30
84	39	0.6	1	2 37
85	33	0.6	1	1 32
86	23	0.6	1	0 23
87	24	0.6	1	3 21
88	37	0.6	1	3 34
89	35	0.6	1	2 33
90	43	0.6	1	2 41
91	31	0.6	1	1 30
92	18	0.6	1	0 18
93	21	0.6	1	0 21
94	34	0.6	1	1 33
95	19	0.6	1	1 18
96	26	0.6	1	1 25
97	29	0.6	1	1 28
98	29	0.6	1	1 28
99	30	0.6	1	2 28
100	38	0.6	1	7 31
101	17	0.6	1	3 14
102	41	0.6	1	2 39
103	37	0.6	1	3 34
104	27	0.6	1	1 26
105	22	0.6	1	3 19
106	30	0.6	1	3 27
107	18	0.6	1	1 17
108	36	0.6	1	0 36
109	30	0.6	1	3 27
110	38	0.6	1	0 38
111	44	0.6	1	2 42
112	22	0.6	1	1 21
113	32	0.6	1	1 31
114	21	0.6	1	1 20
115	36	0.6	1	1 35
116	21	0.6	1	0 21
117	29	0.6	1	1 28
118	20	0.6	1	1 19
119	26	0.6	1	0 26
120	22	0.6	1	2 20
121	29	0.6	1	2 27
122	22	0.6	1	2 20
123	26	0.6	1	3 23
124	22	0.6	1	0 22
125	30	0.6	1	1 29
126	26	0.6	1	0 26
127	24	0.6	1	1 23
128	26	0.6	1	2 24
129	25	0.6	1	0 25
130	22	0.6	1	0 22
131	16	0.6	1	0 16
132	21	0.6	1	1 20
133	27	0.6	1	0 27
134	33	0.6	1	0 33
135	31	0.6	1	0 31
136	15	0.6	1	0 15
137	11	0.6	1	0 11
138	17	0.6	1	0 17
139	41	0.6	1	2 39
140	28	0.6	1	0 28
141	24	0.6	1	0 24
142	22	0.6	1	0 22
143	14	0.6	1	1 13
144	16	0.6	1	2 14
145	31	0.6	1	1 30
146	31	0.6	1	0 31
147	21	0.6	1	0 21
148	37	0.6	1	0 37
149	17	0.6	1	0 17
150	57	0.6	1	0 57

