This is cutadapt 1.18 with Python 3.7.0
Command line parameters: -j 3 -a AGATCGGAAGAGC -A AGATCGGAAGAGC --trim-n -m 50 -q 20,20 -o /home1/gyang/work_space/4.ProjectET/batch12_cr/2.cutdata/8Cell_Tfap2c_rep1.R1_cut.fq -p /home1/gyang/work_space/4.ProjectET/batch12_cr/2.cutdata/8Cell_Tfap2c_rep1.R2_cut.fq 8Cell_Tfap2c_rep1.R1.fq.gz 8Cell_Tfap2c_rep1.R2.fq.gz
Processing reads on 3 cores in paired-end mode ...
Finished in 721.99 s (14 us/read; 4.15 M reads/minute).

=== Summary ===

Total read pairs processed:         49,924,576
  Read 1 with adapter:               1,590,573 (3.2%)
  Read 2 with adapter:               1,599,105 (3.2%)
Pairs that were too short:              89,057 (0.2%)
Pairs written (passing filters):    49,835,519 (99.8%)

Total basepairs processed: 14,977,372,800 bp
  Read 1: 7,488,686,400 bp
  Read 2: 7,488,686,400 bp
Quality-trimmed:              46,030,735 bp (0.3%)
  Read 1:    18,873,559 bp
  Read 2:    27,157,176 bp
Total written (filtered):  14,900,386,725 bp (99.5%)
  Read 1: 7,452,184,092 bp
  Read 2: 7,448,202,633 bp

=== First read: Adapter 1 ===

Sequence: AGATCGGAAGAGC; Type: regular 3'; Length: 13; Trimmed: 1590573 times.

No. of allowed errors:
0-9 bp: 0; 10-13 bp: 1

Bases preceding removed adapters:
  A: 28.3%
  C: 26.9%
  G: 25.6%
  T: 19.2%
  none/other: 0.0%

Overview of removed sequences
length	count	expect	max.err	error counts
3	1215750	780071.5	0	1215750
4	229668	195017.9	0	229668
5	47211	48754.5	0	47211
6	5215	12188.6	0	5215
7	2931	3047.2	0	2931
8	2699	761.8	0	2699
9	3544	190.4	0	2556 988
10	3520	47.6	1	1646 1874
11	4049	11.9	1	2255 1794
12	2810	3.0	1	1805 1005
13	2655	0.7	1	1735 920
14	2593	0.7	1	1650 943
15	2444	0.7	1	1586 858
16	2605	0.7	1	1572 1033
17	3119	0.7	1	1852 1267
18	1995	0.7	1	1314 681
19	1547	0.7	1	1024 523
20	1934	0.7	1	1203 731
21	1814	0.7	1	1149 665
22	1553	0.7	1	983 570
23	1768	0.7	1	1081 687
24	2226	0.7	1	1272 954
25	1671	0.7	1	1017 654
26	1342	0.7	1	853 489
27	1614	0.7	1	1044 570
28	1663	0.7	1	1046 617
29	2031	0.7	1	1189 842
30	1281	0.7	1	865 416
31	1251	0.7	1	802 449
32	1393	0.7	1	890 503
33	1653	0.7	1	975 678
34	1826	0.7	1	1063 763
35	1029	0.7	1	660 369
36	1403	0.7	1	858 545
37	1421	0.7	1	819 602
38	1231	0.7	1	719 512
39	1282	0.7	1	722 560
40	931	0.7	1	541 390
41	1300	0.7	1	709 591
42	1084	0.7	1	634 450
43	1066	0.7	1	677 389
44	548	0.7	1	288 260
45	624	0.7	1	368 256
46	715	0.7	1	423 292
47	598	0.7	1	335 263
48	565	0.7	1	319 246
49	748	0.7	1	413 335
50	470	0.7	1	285 185
51	462	0.7	1	278 184
52	565	0.7	1	344 221
53	591	0.7	1	375 216
54	495	0.7	1	281 214
55	558	0.7	1	326 232
56	608	0.7	1	361 247
57	560	0.7	1	317 243
58	416	0.7	1	245 171
59	461	0.7	1	254 207
60	720	0.7	1	458 262
61	611	0.7	1	383 228
62	552	0.7	1	348 204
63	564	0.7	1	342 222
64	761	0.7	1	516 245
65	666	0.7	1	426 240
66	820	0.7	1	537 283
67	639	0.7	1	392 247
68	550	0.7	1	358 192
69	186	0.7	1	81 105
70	162	0.7	1	87 75
71	241	0.7	1	126 115
72	329	0.7	1	208 121
73	341	0.7	1	203 138
74	312	0.7	1	188 124
75	306	0.7	1	180 126
76	248	0.7	1	145 103
77	162	0.7	1	72 90
78	128	0.7	1	47 81
79	64	0.7	1	22 42
80	67	0.7	1	13 54
81	53	0.7	1	13 40
82	68	0.7	1	18 50
83	52	0.7	1	12 40
84	75	0.7	1	6 69
85	48	0.7	1	6 42
86	51	0.7	1	7 44
87	66	0.7	1	9 57
88	27	0.7	1	5 22
89	24	0.7	1	3 21
90	48	0.7	1	5 43
91	32	0.7	1	3 29
92	44	0.7	1	3 41
93	41	0.7	1	3 38
94	35	0.7	1	1 34
95	41	0.7	1	2 39
96	45	0.7	1	5 40
97	39	0.7	1	2 37
98	29	0.7	1	4 25
99	39	0.7	1	2 37
100	37	0.7	1	4 33
101	46	0.7	1	6 40
102	46	0.7	1	5 41
103	55	0.7	1	5 50
104	42	0.7	1	4 38
105	37	0.7	1	6 31
106	41	0.7	1	3 38
107	43	0.7	1	5 38
108	26	0.7	1	0 26
109	46	0.7	1	2 44
110	63	0.7	1	7 56
111	37	0.7	1	3 34
112	42	0.7	1	3 39
113	43	0.7	1	3 40
114	40	0.7	1	3 37
115	39	0.7	1	4 35
116	42	0.7	1	3 39
117	41	0.7	1	3 38
118	32	0.7	1	1 31
119	42	0.7	1	1 41
120	39	0.7	1	4 35
121	39	0.7	1	2 37
122	46	0.7	1	1 45
123	34	0.7	1	3 31
124	42	0.7	1	3 39
125	38	0.7	1	1 37
126	58	0.7	1	2 56
127	30	0.7	1	2 28
128	27	0.7	1	3 24
129	39	0.7	1	2 37
130	39	0.7	1	1 38
131	36	0.7	1	0 36
132	41	0.7	1	2 39
133	38	0.7	1	2 36
134	49	0.7	1	0 49
135	25	0.7	1	0 25
136	35	0.7	1	0 35
137	30	0.7	1	0 30
138	38	0.7	1	0 38
139	35	0.7	1	0 35
140	32	0.7	1	0 32
141	42	0.7	1	0 42
142	39	0.7	1	0 39
143	33	0.7	1	0 33
144	44	0.7	1	0 44
145	56	0.7	1	0 56
146	39	0.7	1	0 39
147	44	0.7	1	0 44
148	47	0.7	1	0 47
149	53	0.7	1	0 53
150	154	0.7	1	0 154

=== Second read: Adapter 2 ===

Sequence: AGATCGGAAGAGC; Type: regular 3'; Length: 13; Trimmed: 1599105 times.

No. of allowed errors:
0-9 bp: 0; 10-13 bp: 1

Bases preceding removed adapters:
  A: 28.0%
  C: 27.0%
  G: 25.6%
  T: 19.3%
  none/other: 0.0%

Overview of removed sequences
length	count	expect	max.err	error counts
3	1227781	780071.5	0	1227781
4	230052	195017.9	0	230052
5	47928	48754.5	0	47928
6	5509	12188.6	0	5509
7	3344	3047.2	0	3344
8	2798	761.8	0	2798
9	3177	190.4	0	2137 1040
10	3750	47.6	1	1815 1935
11	3616	11.9	1	1970 1646
12	3375	3.0	1	2088 1287
13	2380	0.7	1	1521 859
14	2905	0.7	1	1741 1164
15	1963	0.7	1	1302 661
16	2267	0.7	1	1537 730
17	2852	0.7	1	1800 1052
18	1706	0.7	1	1127 579
19	3191	0.7	1	2036 1155
20	1876	0.7	1	1159 717
21	1742	0.7	1	1094 648
22	1541	0.7	1	989 552
23	1860	0.7	1	1268 592
24	5032	0.7	1	3435 1597
25	1245	0.7	1	801 444
26	1186	0.7	1	781 405
27	1423	0.7	1	850 573
28	2189	0.7	1	1623 566
29	1005	0.7	1	586 419
30	2107	0.7	1	1550 557
31	1106	0.7	1	693 413
32	3132	0.7	1	2373 759
33	1766	0.7	1	1176 590
34	785	0.7	1	465 320
35	1682	0.7	1	1255 427
36	697	0.7	1	428 269
37	814	0.7	1	539 275
38	611	0.7	1	418 193
39	664	0.7	1	427 237
40	485	0.7	1	293 192
41	708	0.7	1	509 199
42	1069	0.7	1	768 301
43	509	0.7	1	307 202
44	684	0.7	1	466 218
45	1198	0.7	1	906 292
46	574	0.7	1	382 192
47	303	0.7	1	174 129
48	761	0.7	1	598 163
49	301	0.7	1	185 116
50	243	0.7	1	138 105
51	745	0.7	1	591 154
52	780	0.7	1	594 186
53	261	0.7	1	145 116
54	411	0.7	1	250 161
55	370	0.7	1	248 122
56	228	0.7	1	122 106
57	275	0.7	1	179 96
58	417	0.7	1	285 132
59	227	0.7	1	133 94
60	210	0.7	1	108 102
61	219	0.7	1	123 96
62	231	0.7	1	145 86
63	223	0.7	1	147 76
64	269	0.7	1	141 128
65	272	0.7	1	175 97
66	361	0.7	1	226 135
67	342	0.7	1	209 133
68	366	0.7	1	217 149
69	327	0.7	1	201 126
70	294	0.7	1	168 126
71	278	0.7	1	157 121
72	243	0.7	1	141 102
73	180	0.7	1	96 84
74	184	0.7	1	71 113
75	116	0.7	1	52 64
76	122	0.7	1	54 68
77	91	0.7	1	37 54
78	87	0.7	1	29 58
79	59	0.7	1	23 36
80	66	0.7	1	12 54
81	50	0.7	1	11 39
82	42	0.7	1	5 37
83	61	0.7	1	12 49
84	52	0.7	1	3 49
85	58	0.7	1	7 51
86	53	0.7	1	4 49
87	42	0.7	1	4 38
88	57	0.7	1	2 55
89	31	0.7	1	5 26
90	31	0.7	1	5 26
91	35	0.7	1	3 32
92	33	0.7	1	3 30
93	37	0.7	1	1 36
94	32	0.7	1	4 28
95	28	0.7	1	5 23
96	49	0.7	1	1 48
97	51	0.7	1	3 48
98	35	0.7	1	4 31
99	33	0.7	1	3 30
100	58	0.7	1	6 52
101	48	0.7	1	5 43
102	43	0.7	1	5 38
103	49	0.7	1	9 40
104	38	0.7	1	8 30
105	46	0.7	1	7 39
106	45	0.7	1	3 42
107	36	0.7	1	6 30
108	52	0.7	1	3 49
109	38	0.7	1	6 32
110	41	0.7	1	4 37
111	37	0.7	1	5 32
112	47	0.7	1	9 38
113	47	0.7	1	2 45
114	50	0.7	1	5 45
115	29	0.7	1	3 26
116	47	0.7	1	5 42
117	61	0.7	1	2 59
118	53	0.7	1	5 48
119	42	0.7	1	2 40
120	30	0.7	1	8 22
121	45	0.7	1	2 43
122	39	0.7	1	1 38
123	34	0.7	1	5 29
124	44	0.7	1	5 39
125	54	0.7	1	4 50
126	40	0.7	1	0 40
127	35	0.7	1	2 33
128	30	0.7	1	1 29
129	25	0.7	1	1 24
130	43	0.7	1	0 43
131	36	0.7	1	1 35
132	51	0.7	1	1 50
133	36	0.7	1	0 36
134	44	0.7	1	2 42
135	35	0.7	1	0 35
136	32	0.7	1	0 32
137	35	0.7	1	0 35
138	40	0.7	1	0 40
139	37	0.7	1	0 37
140	31	0.7	1	0 31
141	34	0.7	1	0 34
142	27	0.7	1	0 27
143	31	0.7	1	0 31
144	38	0.7	1	1 37
145	55	0.7	1	0 55
146	42	0.7	1	0 42
147	38	0.7	1	0 38
148	34	0.7	1	0 34
149	25	0.7	1	0 25
150	122	0.7	1	0 122

