This is cutadapt 1.18 with Python 3.7.0
Command line parameters: -j 3 -a AGATCGGAAGAGC -A AGATCGGAAGAGC --trim-n -m 50 -q 20,20 -o /home1/gyang/work_space/4.ProjectET/batch12_cr/2.cutdata/8Cell_Tfap2c_rep2.R1_cut.fq -p /home1/gyang/work_space/4.ProjectET/batch12_cr/2.cutdata/8Cell_Tfap2c_rep2.R2_cut.fq 8Cell_Tfap2c_rep2.R1.fq.gz 8Cell_Tfap2c_rep2.R2.fq.gz
Processing reads on 3 cores in paired-end mode ...
Finished in 708.18 s (15 us/read; 4.14 M reads/minute).

=== Summary ===

Total read pairs processed:         48,810,826
  Read 1 with adapter:               1,545,476 (3.2%)
  Read 2 with adapter:               1,557,570 (3.2%)
Pairs that were too short:              85,308 (0.2%)
Pairs written (passing filters):    48,725,518 (99.8%)

Total basepairs processed: 14,643,247,800 bp
  Read 1: 7,321,623,900 bp
  Read 2: 7,321,623,900 bp
Quality-trimmed:              44,501,210 bp (0.3%)
  Read 1:    19,297,611 bp
  Read 2:    25,203,599 bp
Total written (filtered):  14,570,043,968 bp (99.5%)
  Read 1: 7,286,247,173 bp
  Read 2: 7,283,796,795 bp

=== First read: Adapter 1 ===

Sequence: AGATCGGAAGAGC; Type: regular 3'; Length: 13; Trimmed: 1545476 times.

No. of allowed errors:
0-9 bp: 0; 10-13 bp: 1

Bases preceding removed adapters:
  A: 28.2%
  C: 27.1%
  G: 25.8%
  T: 18.9%
  none/other: 0.0%

Overview of removed sequences
length	count	expect	max.err	error counts
3	1202377	762669.2	0	1202377
4	224313	190667.3	0	224313
5	46228	47666.8	0	46228
6	4405	11916.7	0	4405
7	2427	2979.2	0	2427
8	2096	744.8	0	2096
9	2957	186.2	0	2000 957
10	2959	46.5	1	1317 1642
11	3247	11.6	1	1584 1663
12	2382	2.9	1	1442 940
13	1922	0.7	1	1154 768
14	2000	0.7	1	1149 851
15	1801	0.7	1	1088 713
16	2059	0.7	1	1128 931
17	2438	0.7	1	1354 1084
18	1524	0.7	1	948 576
19	1172	0.7	1	739 433
20	1501	0.7	1	932 569
21	1481	0.7	1	862 619
22	1186	0.7	1	744 442
23	1307	0.7	1	789 518
24	1638	0.7	1	875 763
25	1211	0.7	1	705 506
26	997	0.7	1	554 443
27	1124	0.7	1	673 451
28	1122	0.7	1	647 475
29	1568	0.7	1	824 744
30	1009	0.7	1	599 410
31	898	0.7	1	544 354
32	989	0.7	1	583 406
33	1162	0.7	1	634 528
34	1221	0.7	1	662 559
35	1258	0.7	1	748 510
36	1147	0.7	1	634 513
37	595	0.7	1	349 246
38	1011	0.7	1	569 442
39	678	0.7	1	378 300
40	694	0.7	1	386 308
41	862	0.7	1	463 399
42	676	0.7	1	380 296
43	760	0.7	1	448 312
44	405	0.7	1	197 208
45	454	0.7	1	238 216
46	523	0.7	1	308 215
47	436	0.7	1	226 210
48	382	0.7	1	175 207
49	453	0.7	1	265 188
50	315	0.7	1	166 149
51	251	0.7	1	119 132
52	323	0.7	1	183 140
53	373	0.7	1	209 164
54	333	0.7	1	160 173
55	331	0.7	1	161 170
56	369	0.7	1	195 174
57	336	0.7	1	181 155
58	238	0.7	1	130 108
59	265	0.7	1	143 122
60	441	0.7	1	260 181
61	390	0.7	1	197 193
62	294	0.7	1	168 126
63	349	0.7	1	191 158
64	532	0.7	1	325 207
65	340	0.7	1	175 165
66	375	0.7	1	230 145
67	309	0.7	1	160 149
68	277	0.7	1	178 99
69	104	0.7	1	34 70
70	94	0.7	1	35 59
71	121	0.7	1	58 63
72	184	0.7	1	106 78
73	151	0.7	1	87 64
74	173	0.7	1	81 92
75	166	0.7	1	81 85
76	146	0.7	1	77 69
77	114	0.7	1	46 68
78	77	0.7	1	29 48
79	39	0.7	1	13 26
80	36	0.7	1	9 27
81	36	0.7	1	8 28
82	33	0.7	1	5 28
83	37	0.7	1	3 34
84	41	0.7	1	3 38
85	38	0.7	1	2 36
86	44	0.7	1	5 39
87	50	0.7	1	2 48
88	30	0.7	1	4 26
89	43	0.7	1	0 43
90	40	0.7	1	2 38
91	41	0.7	1	1 40
92	47	0.7	1	3 44
93	41	0.7	1	3 38
94	26	0.7	1	0 26
95	28	0.7	1	1 27
96	27	0.7	1	1 26
97	39	0.7	1	2 37
98	26	0.7	1	2 24
99	26	0.7	1	1 25
100	23	0.7	1	0 23
101	42	0.7	1	3 39
102	46	0.7	1	0 46
103	26	0.7	1	3 23
104	32	0.7	1	2 30
105	54	0.7	1	3 51
106	46	0.7	1	4 42
107	26	0.7	1	1 25
108	31	0.7	1	2 29
109	31	0.7	1	2 29
110	41	0.7	1	2 39
111	32	0.7	1	0 32
112	32	0.7	1	3 29
113	19	0.7	1	1 18
114	33	0.7	1	2 31
115	44	0.7	1	1 43
116	44	0.7	1	0 44
117	40	0.7	1	3 37
118	44	0.7	1	0 44
119	21	0.7	1	2 19
120	31	0.7	1	1 30
121	34	0.7	1	0 34
122	32	0.7	1	1 31
123	36	0.7	1	2 34
124	27	0.7	1	2 25
125	41	0.7	1	0 41
126	45	0.7	1	0 45
127	11	0.7	1	0 11
128	28	0.7	1	3 25
129	44	0.7	1	3 41
130	39	0.7	1	0 39
131	50	0.7	1	0 50
132	43	0.7	1	0 43
133	20	0.7	1	0 20
134	43	0.7	1	0 43
135	28	0.7	1	0 28
136	30	0.7	1	0 30
137	49	0.7	1	0 49
138	29	0.7	1	0 29
139	31	0.7	1	0 31
140	39	0.7	1	0 39
141	32	0.7	1	0 32
142	23	0.7	1	0 23
143	32	0.7	1	0 32
144	29	0.7	1	1 28
145	43	0.7	1	0 43
146	29	0.7	1	0 29
147	50	0.7	1	0 50
148	40	0.7	1	0 40
149	34	0.7	1	2 32
150	133	0.7	1	1 132

=== Second read: Adapter 2 ===

Sequence: AGATCGGAAGAGC; Type: regular 3'; Length: 13; Trimmed: 1557570 times.

No. of allowed errors:
0-9 bp: 0; 10-13 bp: 1

Bases preceding removed adapters:
  A: 28.1%
  C: 27.1%
  G: 25.8%
  T: 19.0%
  none/other: 0.0%

Overview of removed sequences
length	count	expect	max.err	error counts
3	1210764	762669.2	0	1210764
4	229335	190667.3	0	229335
5	45752	47666.8	0	45752
6	4673	11916.7	0	4673
7	2750	2979.2	0	2750
8	2238	744.8	0	2238
9	2747	186.2	0	1793 954
10	3274	46.5	1	1491 1783
11	2934	11.6	1	1520 1414
12	2705	2.9	1	1591 1114
13	1943	0.7	1	1257 686
14	2305	0.7	1	1471 834
15	1531	0.7	1	1028 503
16	1721	0.7	1	1166 555
17	2124	0.7	1	1342 782
18	1231	0.7	1	802 429
19	2402	0.7	1	1522 880
20	1446	0.7	1	876 570
21	1260	0.7	1	783 477
22	1280	0.7	1	843 437
23	1453	0.7	1	919 534
24	3847	0.7	1	2580 1267
25	909	0.7	1	576 333
26	895	0.7	1	562 333
27	978	0.7	1	590 388
28	1718	0.7	1	1272 446
29	630	0.7	1	374 256
30	1664	0.7	1	1215 449
31	818	0.7	1	491 327
32	2268	0.7	1	1713 555
33	1347	0.7	1	916 431
34	519	0.7	1	319 200
35	1283	0.7	1	958 325
36	553	0.7	1	360 193
37	560	0.7	1	361 199
38	427	0.7	1	300 127
39	497	0.7	1	314 183
40	354	0.7	1	226 128
41	473	0.7	1	319 154
42	791	0.7	1	547 244
43	386	0.7	1	230 156
44	512	0.7	1	334 178
45	906	0.7	1	712 194
46	387	0.7	1	253 134
47	203	0.7	1	90 113
48	536	0.7	1	409 127
49	199	0.7	1	114 85
50	158	0.7	1	73 85
51	465	0.7	1	343 122
52	506	0.7	1	376 130
53	178	0.7	1	99 79
54	270	0.7	1	161 109
55	218	0.7	1	134 84
56	154	0.7	1	80 74
57	186	0.7	1	118 68
58	251	0.7	1	152 99
59	149	0.7	1	96 53
60	136	0.7	1	70 66
61	139	0.7	1	63 76
62	132	0.7	1	79 53
63	163	0.7	1	82 81
64	176	0.7	1	90 86
65	196	0.7	1	107 89
66	205	0.7	1	118 87
67	230	0.7	1	140 90
68	246	0.7	1	152 94
69	212	0.7	1	110 102
70	193	0.7	1	105 88
71	175	0.7	1	93 82
72	126	0.7	1	62 64
73	116	0.7	1	55 61
74	81	0.7	1	28 53
75	83	0.7	1	26 57
76	67	0.7	1	28 39
77	64	0.7	1	19 45
78	60	0.7	1	15 45
79	55	0.7	1	13 42
80	36	0.7	1	8 28
81	36	0.7	1	7 29
82	33	0.7	1	2 31
83	31	0.7	1	1 30
84	58	0.7	1	5 53
85	29	0.7	1	1 28
86	38	0.7	1	1 37
87	52	0.7	1	2 50
88	32	0.7	1	2 30
89	43	0.7	1	4 39
90	37	0.7	1	3 34
91	23	0.7	1	1 22
92	26	0.7	1	1 25
93	37	0.7	1	2 35
94	35	0.7	1	1 34
95	35	0.7	1	3 32
96	38	0.7	1	1 37
97	31	0.7	1	0 31
98	49	0.7	1	0 49
99	35	0.7	1	2 33
100	42	0.7	1	1 41
101	22	0.7	1	0 22
102	38	0.7	1	3 35
103	38	0.7	1	3 35
104	40	0.7	1	4 36
105	55	0.7	1	3 52
106	49	0.7	1	3 46
107	44	0.7	1	4 40
108	40	0.7	1	2 38
109	23	0.7	1	0 23
110	44	0.7	1	5 39
111	36	0.7	1	2 34
112	32	0.7	1	2 30
113	29	0.7	1	3 26
114	31	0.7	1	0 31
115	34	0.7	1	5 29
116	40	0.7	1	2 38
117	51	0.7	1	1 50
118	36	0.7	1	1 35
119	50	0.7	1	3 47
120	29	0.7	1	2 27
121	47	0.7	1	0 47
122	47	0.7	1	1 46
123	35	0.7	1	0 35
124	27	0.7	1	1 26
125	54	0.7	1	6 48
126	36	0.7	1	1 35
127	27	0.7	1	2 25
128	39	0.7	1	0 39
129	47	0.7	1	0 47
130	42	0.7	1	0 42
131	30	0.7	1	0 30
132	38	0.7	1	1 37
133	41	0.7	1	0 41
134	43	0.7	1	0 43
135	34	0.7	1	0 34
136	29	0.7	1	0 29
137	34	0.7	1	0 34
138	27	0.7	1	0 27
139	41	0.7	1	0 41
140	35	0.7	1	0 35
141	44	0.7	1	1 43
142	30	0.7	1	0 30
143	35	0.7	1	0 35
144	23	0.7	1	0 23
145	24	0.7	1	0 24
146	34	0.7	1	0 34
147	32	0.7	1	0 32
148	29	0.7	1	0 29
149	22	0.7	1	0 22
150	89	0.7	1	0 89

