[2021-10-28 13:39:19,654] multiqc                                            [DEBUG  ]  This is MultiQC v1.11
[2021-10-28 13:39:19,655] multiqc                                            [DEBUG  ]  No MultiQC config found: /home1/gyang/anaconda3/envs/py36/lib/python3.7/site-packages/multiqc_config.yaml
[2021-10-28 13:39:19,655] multiqc                                            [DEBUG  ]  No MultiQC config found: /home1/gyang/.multiqc_config.yaml
[2021-10-28 13:39:19,655] multiqc                                            [DEBUG  ]  No MultiQC config found: multiqc_config.yaml
[2021-10-28 13:39:19,655] multiqc                                            [DEBUG  ]  Command used: /home1/gyang/anaconda3/envs/py36/bin/multiqc -n batch21_raw ./
[2021-10-28 13:39:23,919] multiqc                                            [DEBUG  ]  Latest MultiQC version is v1.11
[2021-10-28 13:39:23,919] multiqc                                            [DEBUG  ]  Command     : /home1/gyang/anaconda3/envs/py36/bin/multiqc -n batch21_raw ./
[2021-10-28 13:39:23,919] multiqc                                            [DEBUG  ]  Working dir : /home1/gyang/work_space/4.ProjectET/batch21_cr/1.rawdata
[2021-10-28 13:39:23,919] multiqc                                            [DEBUG  ]  Template    : default
[2021-10-28 13:39:23,919] multiqc                                            [DEBUG  ]  Running Python 3.7.11 (default, Jul 27 2021, 14:32:16)  [GCC 7.5.0]
[2021-10-28 13:39:23,920] multiqc                                            [DEBUG  ]  Analysing modules: custom_content, ccs, ngsderive, purple, conpair, lima, peddy, somalier, methylQA, mosdepth, phantompeakqualtools, qualimap, preseq, quast, qorts, rna_seqc, rockhopper, rsem, rseqc, busco, bustools, goleft_indexcov, gffcompare, disambiguate, supernova, deeptools, sargasso, verifybamid, mirtrace, happy, mirtop, sambamba, homer, hops, macs2, theta2, snpeff, gatk, htseq, bcftools, featureCounts, fgbio, dragen, dedup, damageprofiler, biobambam2, jcvi, mtnucratio, picard, vep, sentieon, prokka, qc3C, nanostat, samblaster, samtools, sexdeterrmine, eigenstratdatabasetools, bamtools, jellyfish, vcftools, longranger, stacks, varscan2, snippy, bbmap, bismark, biscuit, hicexplorer, hicup, hicpro, salmon, kallisto, slamdunk, star, hisat2, tophat, bowtie2, bowtie1, snpsplit, odgi, pangolin, kat, leehom, adapterRemoval, clipandmerge, cutadapt, flexbar, kaiju, kraken, malt, trimmomatic, sickle, skewer, sortmerna, biobloomtools, fastq_screen, afterqc, fastp, fastqc, pychopper, pycoqc, minionqc, multivcfanalyzer, clusterflow, bcl2fastq, bclconvert, interop, ivar, flash, seqyclean, optitype
[2021-10-28 13:39:23,921] multiqc                                            [DEBUG  ]  Using temporary directory for creating report: /tmp/tmpb6terp8q
[2021-10-28 13:39:24,553] multiqc                                            [INFO   ]  Search path : /home1/gyang/work_space/4.ProjectET/batch21_cr/1.rawdata
[2021-10-28 13:39:24,616] multiqc                                            [DEBUG  ]  File ignored by ccs/v4 because it exceeded search pattern filesize limit: link.txt
[2021-10-28 13:39:24,618] multiqc                                            [DEBUG  ]  File ignored by hicexplorer because it exceeded search pattern filesize limit: link.txt
[2021-10-28 13:39:24,618] multiqc                                            [DEBUG  ]  File ignored by nanostat because it exceeded search pattern filesize limit: link.txt
[2021-10-28 13:39:24,618] multiqc                                            [DEBUG  ]  File ignored by lima/summary because it exceeded search pattern filesize limit: link.txt
[2021-10-28 13:39:24,622] multiqc                                            [DEBUG  ]  File ignored by longranger/invocation because it exceeded search pattern filesize limit: link.txt
[2021-10-28 13:39:24,631] multiqc                                            [DEBUG  ]  Ignoring file as matched an ignore pattern: ESC_Tfap2c_100k_rep1.R1.fq.gz
[2021-10-28 13:39:24,631] multiqc                                            [DEBUG  ]  Ignoring file as matched an ignore pattern: ESC_Tfap2c_10k_rep1.R1.fq.gz
[2021-10-28 13:39:24,631] multiqc                                            [DEBUG  ]  Ignoring file as matched an ignore pattern: ESC_Tfap2c_5k_rep1.R1.fq.gz
[2021-10-28 13:39:24,631] multiqc                                            [DEBUG  ]  Ignoring file as matched an ignore pattern: ESC_Tfap2c_1k_rep1.R1.fq.gz
[2021-10-28 13:39:24,631] multiqc                                            [DEBUG  ]  Ignoring file as matched an ignore pattern: ESC_Tfap2c_1k_rep2.R1.fq.gz
[2021-10-28 13:39:24,631] multiqc                                            [DEBUG  ]  Ignoring file as matched an ignore pattern: ESC_Tfap2c_100k_rep1.R2.fq.gz
[2021-10-28 13:39:24,631] multiqc                                            [DEBUG  ]  Ignoring file as matched an ignore pattern: ESC_Tfap2c_10k_rep1.R2.fq.gz
[2021-10-28 13:39:24,632] multiqc                                            [DEBUG  ]  Ignoring file as matched an ignore pattern: ESC_Tfap2c_5k_rep1.R2.fq.gz
[2021-10-28 13:39:24,632] multiqc                                            [DEBUG  ]  Ignoring file as matched an ignore pattern: ESC_Tfap2c_1k_rep1.R2.fq.gz
[2021-10-28 13:39:24,632] multiqc                                            [DEBUG  ]  Ignoring file as matched an ignore pattern: ESC_Tfap2c_1k_rep2.R2.fq.gz
[2021-10-28 13:39:24,635] multiqc                                            [DEBUG  ]  File ignored by ccs/v4 because it exceeded search pattern filesize limit: md5.txt
[2021-10-28 13:39:24,636] multiqc                                            [DEBUG  ]  File ignored by lima/summary because it exceeded search pattern filesize limit: md5.txt
[2021-10-28 13:39:24,647] multiqc                                            [DEBUG  ]  File ignored by ccs/v4 because it exceeded search pattern filesize limit: ESC_Tfap2c_100k_rep1.R1_fastqc.html
[2021-10-28 13:39:24,648] multiqc                                            [DEBUG  ]  File ignored by hicexplorer because it exceeded search pattern filesize limit: ESC_Tfap2c_100k_rep1.R1_fastqc.html
[2021-10-28 13:39:24,648] multiqc                                            [DEBUG  ]  File ignored by nanostat because it exceeded search pattern filesize limit: ESC_Tfap2c_100k_rep1.R1_fastqc.html
[2021-10-28 13:39:24,649] multiqc                                            [DEBUG  ]  File ignored by lima/summary because it exceeded search pattern filesize limit: ESC_Tfap2c_100k_rep1.R1_fastqc.html
[2021-10-28 13:39:24,651] multiqc                                            [DEBUG  ]  File ignored by vep/vep_txt because it exceeded search pattern filesize limit: ESC_Tfap2c_100k_rep1.R1_fastqc.html
[2021-10-28 13:39:24,651] multiqc                                            [DEBUG  ]  File ignored by longranger/invocation because it exceeded search pattern filesize limit: ESC_Tfap2c_100k_rep1.R1_fastqc.html
[2021-10-28 13:39:24,708] multiqc                                            [DEBUG  ]  File ignored by ccs/v4 because it exceeded search pattern filesize limit: ESC_Tfap2c_100k_rep1.R2_fastqc.html
[2021-10-28 13:39:24,710] multiqc                                            [DEBUG  ]  File ignored by hicexplorer because it exceeded search pattern filesize limit: ESC_Tfap2c_100k_rep1.R2_fastqc.html
[2021-10-28 13:39:24,710] multiqc                                            [DEBUG  ]  File ignored by nanostat because it exceeded search pattern filesize limit: ESC_Tfap2c_100k_rep1.R2_fastqc.html
[2021-10-28 13:39:24,710] multiqc                                            [DEBUG  ]  File ignored by lima/summary because it exceeded search pattern filesize limit: ESC_Tfap2c_100k_rep1.R2_fastqc.html
[2021-10-28 13:39:24,712] multiqc                                            [DEBUG  ]  File ignored by vep/vep_txt because it exceeded search pattern filesize limit: ESC_Tfap2c_100k_rep1.R2_fastqc.html
[2021-10-28 13:39:24,713] multiqc                                            [DEBUG  ]  File ignored by longranger/invocation because it exceeded search pattern filesize limit: ESC_Tfap2c_100k_rep1.R2_fastqc.html
[2021-10-28 13:39:24,764] multiqc                                            [DEBUG  ]  File ignored by ccs/v4 because it exceeded search pattern filesize limit: ESC_Tfap2c_5k_rep1.R2_fastqc.html
[2021-10-28 13:39:24,765] multiqc                                            [DEBUG  ]  File ignored by hicexplorer because it exceeded search pattern filesize limit: ESC_Tfap2c_5k_rep1.R2_fastqc.html
[2021-10-28 13:39:24,765] multiqc                                            [DEBUG  ]  File ignored by nanostat because it exceeded search pattern filesize limit: ESC_Tfap2c_5k_rep1.R2_fastqc.html
[2021-10-28 13:39:24,765] multiqc                                            [DEBUG  ]  File ignored by lima/summary because it exceeded search pattern filesize limit: ESC_Tfap2c_5k_rep1.R2_fastqc.html
[2021-10-28 13:39:24,768] multiqc                                            [DEBUG  ]  File ignored by vep/vep_txt because it exceeded search pattern filesize limit: ESC_Tfap2c_5k_rep1.R2_fastqc.html
[2021-10-28 13:39:24,768] multiqc                                            [DEBUG  ]  File ignored by longranger/invocation because it exceeded search pattern filesize limit: ESC_Tfap2c_5k_rep1.R2_fastqc.html
[2021-10-28 13:39:24,824] multiqc                                            [DEBUG  ]  File ignored by ccs/v4 because it exceeded search pattern filesize limit: ESC_Tfap2c_5k_rep1.R1_fastqc.html
[2021-10-28 13:39:24,826] multiqc                                            [DEBUG  ]  File ignored by hicexplorer because it exceeded search pattern filesize limit: ESC_Tfap2c_5k_rep1.R1_fastqc.html
[2021-10-28 13:39:24,826] multiqc                                            [DEBUG  ]  File ignored by nanostat because it exceeded search pattern filesize limit: ESC_Tfap2c_5k_rep1.R1_fastqc.html
[2021-10-28 13:39:24,826] multiqc                                            [DEBUG  ]  File ignored by lima/summary because it exceeded search pattern filesize limit: ESC_Tfap2c_5k_rep1.R1_fastqc.html
[2021-10-28 13:39:24,828] multiqc                                            [DEBUG  ]  File ignored by vep/vep_txt because it exceeded search pattern filesize limit: ESC_Tfap2c_5k_rep1.R1_fastqc.html
[2021-10-28 13:39:24,828] multiqc                                            [DEBUG  ]  File ignored by longranger/invocation because it exceeded search pattern filesize limit: ESC_Tfap2c_5k_rep1.R1_fastqc.html
[2021-10-28 13:39:24,880] multiqc                                            [DEBUG  ]  File ignored by ccs/v4 because it exceeded search pattern filesize limit: ESC_Tfap2c_1k_rep2.R1_fastqc.html
[2021-10-28 13:39:24,881] multiqc                                            [DEBUG  ]  File ignored by hicexplorer because it exceeded search pattern filesize limit: ESC_Tfap2c_1k_rep2.R1_fastqc.html
[2021-10-28 13:39:24,882] multiqc                                            [DEBUG  ]  File ignored by nanostat because it exceeded search pattern filesize limit: ESC_Tfap2c_1k_rep2.R1_fastqc.html
[2021-10-28 13:39:24,882] multiqc                                            [DEBUG  ]  File ignored by lima/summary because it exceeded search pattern filesize limit: ESC_Tfap2c_1k_rep2.R1_fastqc.html
[2021-10-28 13:39:24,884] multiqc                                            [DEBUG  ]  File ignored by vep/vep_txt because it exceeded search pattern filesize limit: ESC_Tfap2c_1k_rep2.R1_fastqc.html
[2021-10-28 13:39:24,884] multiqc                                            [DEBUG  ]  File ignored by longranger/invocation because it exceeded search pattern filesize limit: ESC_Tfap2c_1k_rep2.R1_fastqc.html
[2021-10-28 13:39:24,943] multiqc                                            [DEBUG  ]  File ignored by ccs/v4 because it exceeded search pattern filesize limit: ESC_Tfap2c_1k_rep2.R2_fastqc.html
[2021-10-28 13:39:24,944] multiqc                                            [DEBUG  ]  File ignored by hicexplorer because it exceeded search pattern filesize limit: ESC_Tfap2c_1k_rep2.R2_fastqc.html
[2021-10-28 13:39:24,944] multiqc                                            [DEBUG  ]  File ignored by nanostat because it exceeded search pattern filesize limit: ESC_Tfap2c_1k_rep2.R2_fastqc.html
[2021-10-28 13:39:24,944] multiqc                                            [DEBUG  ]  File ignored by lima/summary because it exceeded search pattern filesize limit: ESC_Tfap2c_1k_rep2.R2_fastqc.html
[2021-10-28 13:39:24,947] multiqc                                            [DEBUG  ]  File ignored by vep/vep_txt because it exceeded search pattern filesize limit: ESC_Tfap2c_1k_rep2.R2_fastqc.html
[2021-10-28 13:39:24,947] multiqc                                            [DEBUG  ]  File ignored by longranger/invocation because it exceeded search pattern filesize limit: ESC_Tfap2c_1k_rep2.R2_fastqc.html
[2021-10-28 13:39:25,004] multiqc                                            [DEBUG  ]  File ignored by ccs/v4 because it exceeded search pattern filesize limit: ESC_Tfap2c_10k_rep1.R2_fastqc.html
[2021-10-28 13:39:25,005] multiqc                                            [DEBUG  ]  File ignored by hicexplorer because it exceeded search pattern filesize limit: ESC_Tfap2c_10k_rep1.R2_fastqc.html
[2021-10-28 13:39:25,005] multiqc                                            [DEBUG  ]  File ignored by nanostat because it exceeded search pattern filesize limit: ESC_Tfap2c_10k_rep1.R2_fastqc.html
[2021-10-28 13:39:25,005] multiqc                                            [DEBUG  ]  File ignored by lima/summary because it exceeded search pattern filesize limit: ESC_Tfap2c_10k_rep1.R2_fastqc.html
[2021-10-28 13:39:25,008] multiqc                                            [DEBUG  ]  File ignored by vep/vep_txt because it exceeded search pattern filesize limit: ESC_Tfap2c_10k_rep1.R2_fastqc.html
[2021-10-28 13:39:25,008] multiqc                                            [DEBUG  ]  File ignored by longranger/invocation because it exceeded search pattern filesize limit: ESC_Tfap2c_10k_rep1.R2_fastqc.html
[2021-10-28 13:39:25,059] multiqc                                            [DEBUG  ]  File ignored by ccs/v4 because it exceeded search pattern filesize limit: ESC_Tfap2c_10k_rep1.R1_fastqc.html
[2021-10-28 13:39:25,060] multiqc                                            [DEBUG  ]  File ignored by hicexplorer because it exceeded search pattern filesize limit: ESC_Tfap2c_10k_rep1.R1_fastqc.html
[2021-10-28 13:39:25,060] multiqc                                            [DEBUG  ]  File ignored by nanostat because it exceeded search pattern filesize limit: ESC_Tfap2c_10k_rep1.R1_fastqc.html
[2021-10-28 13:39:25,060] multiqc                                            [DEBUG  ]  File ignored by lima/summary because it exceeded search pattern filesize limit: ESC_Tfap2c_10k_rep1.R1_fastqc.html
[2021-10-28 13:39:25,063] multiqc                                            [DEBUG  ]  File ignored by vep/vep_txt because it exceeded search pattern filesize limit: ESC_Tfap2c_10k_rep1.R1_fastqc.html
[2021-10-28 13:39:25,063] multiqc                                            [DEBUG  ]  File ignored by longranger/invocation because it exceeded search pattern filesize limit: ESC_Tfap2c_10k_rep1.R1_fastqc.html
[2021-10-28 13:39:25,120] multiqc                                            [DEBUG  ]  File ignored by ccs/v4 because it exceeded search pattern filesize limit: ESC_Tfap2c_1k_rep1.R2_fastqc.html
[2021-10-28 13:39:25,121] multiqc                                            [DEBUG  ]  File ignored by hicexplorer because it exceeded search pattern filesize limit: ESC_Tfap2c_1k_rep1.R2_fastqc.html
[2021-10-28 13:39:25,121] multiqc                                            [DEBUG  ]  File ignored by nanostat because it exceeded search pattern filesize limit: ESC_Tfap2c_1k_rep1.R2_fastqc.html
[2021-10-28 13:39:25,121] multiqc                                            [DEBUG  ]  File ignored by lima/summary because it exceeded search pattern filesize limit: ESC_Tfap2c_1k_rep1.R2_fastqc.html
[2021-10-28 13:39:25,124] multiqc                                            [DEBUG  ]  File ignored by vep/vep_txt because it exceeded search pattern filesize limit: ESC_Tfap2c_1k_rep1.R2_fastqc.html
[2021-10-28 13:39:25,124] multiqc                                            [DEBUG  ]  File ignored by longranger/invocation because it exceeded search pattern filesize limit: ESC_Tfap2c_1k_rep1.R2_fastqc.html
[2021-10-28 13:39:25,168] multiqc                                            [DEBUG  ]  File ignored by ccs/v4 because it exceeded search pattern filesize limit: ESC_Tfap2c_1k_rep1.R1_fastqc.html
[2021-10-28 13:39:25,169] multiqc                                            [DEBUG  ]  File ignored by hicexplorer because it exceeded search pattern filesize limit: ESC_Tfap2c_1k_rep1.R1_fastqc.html
[2021-10-28 13:39:25,170] multiqc                                            [DEBUG  ]  File ignored by nanostat because it exceeded search pattern filesize limit: ESC_Tfap2c_1k_rep1.R1_fastqc.html
[2021-10-28 13:39:25,170] multiqc                                            [DEBUG  ]  File ignored by lima/summary because it exceeded search pattern filesize limit: ESC_Tfap2c_1k_rep1.R1_fastqc.html
[2021-10-28 13:39:25,172] multiqc                                            [DEBUG  ]  File ignored by vep/vep_txt because it exceeded search pattern filesize limit: ESC_Tfap2c_1k_rep1.R1_fastqc.html
[2021-10-28 13:39:25,172] multiqc                                            [DEBUG  ]  File ignored by longranger/invocation because it exceeded search pattern filesize limit: ESC_Tfap2c_1k_rep1.R1_fastqc.html
[2021-10-28 13:39:27,528] multiqc.plots.bargraph                             [DEBUG  ]  Using matplotlib version 3.4.2
[2021-10-28 13:39:27,556] multiqc.plots.linegraph                            [DEBUG  ]  Using matplotlib version 3.4.2
[2021-10-28 13:39:27,566] multiqc                                            [DEBUG  ]  No samples found: custom_content
[2021-10-28 13:39:27,612] multiqc                                            [DEBUG  ]  No samples found: ccs
[2021-10-28 13:39:27,678] multiqc                                            [DEBUG  ]  No samples found: ngsderive
[2021-10-28 13:39:27,705] multiqc                                            [DEBUG  ]  No samples found: purple
[2021-10-28 13:39:27,753] multiqc                                            [DEBUG  ]  No samples found: conpair
[2021-10-28 13:39:27,772] multiqc                                            [DEBUG  ]  No samples found: lima
[2021-10-28 13:39:27,805] multiqc                                            [DEBUG  ]  No samples found: peddy
[2021-10-28 13:39:27,871] multiqc                                            [DEBUG  ]  No samples found: somalier
[2021-10-28 13:39:27,902] multiqc                                            [DEBUG  ]  No samples found: methylQA
[2021-10-28 13:39:27,957] multiqc.modules.mosdepth.mosdepth                  [DEBUG  ]  include_contigs: []
[2021-10-28 13:39:27,957] multiqc.modules.mosdepth.mosdepth                  [DEBUG  ]  exclude_contigs: []
[2021-10-28 13:39:27,957] multiqc                                            [DEBUG  ]  No samples found: mosdepth
[2021-10-28 13:39:28,003] multiqc                                            [DEBUG  ]  No samples found: phantompeakqualtools
[2021-10-28 13:39:28,022] multiqc                                            [DEBUG  ]  No samples found: qualimap
[2021-10-28 13:39:28,056] multiqc                                            [DEBUG  ]  No samples found: preseq
[2021-10-28 13:39:28,099] multiqc                                            [DEBUG  ]  No samples found: quast
[2021-10-28 13:39:28,126] multiqc                                            [DEBUG  ]  No samples found: qorts
[2021-10-28 13:39:28,144] multiqc                                            [DEBUG  ]  No samples found: rna_seqc
[2021-10-28 13:39:28,167] multiqc                                            [DEBUG  ]  No samples found: rockhopper
[2021-10-28 13:39:28,186] multiqc                                            [DEBUG  ]  No samples found: rsem
[2021-10-28 13:39:28,265] multiqc                                            [DEBUG  ]  No samples found: rseqc
[2021-10-28 13:39:28,309] multiqc                                            [DEBUG  ]  No samples found: busco
[2021-10-28 13:39:28,338] multiqc                                            [DEBUG  ]  No samples found: bustools
[2021-10-28 13:39:28,361] multiqc                                            [DEBUG  ]  No samples found: goleft_indexcov
[2021-10-28 13:39:28,386] multiqc                                            [DEBUG  ]  No samples found: gffcompare
[2021-10-28 13:39:28,417] multiqc                                            [DEBUG  ]  No samples found: disambiguate
[2021-10-28 13:39:28,455] multiqc                                            [DEBUG  ]  No samples found: supernova
[2021-10-28 13:39:28,512] multiqc                                            [DEBUG  ]  No samples found: deeptools
[2021-10-28 13:39:28,544] multiqc                                            [DEBUG  ]  No samples found: sargasso
[2021-10-28 13:39:28,564] multiqc                                            [DEBUG  ]  No samples found: verifybamid
[2021-10-28 13:39:28,609] multiqc                                            [DEBUG  ]  No samples found: mirtrace
[2021-10-28 13:39:28,636] multiqc                                            [DEBUG  ]  No samples found: happy
[2021-10-28 13:39:28,677] multiqc                                            [DEBUG  ]  No samples found: mirtop
[2021-10-28 13:39:28,730] multiqc                                            [DEBUG  ]  No samples found: sambamba
[2021-10-28 13:39:28,773] multiqc                                            [DEBUG  ]  No samples found: homer
[2021-10-28 13:39:28,790] multiqc                                            [DEBUG  ]  No samples found: hops
[2021-10-28 13:39:28,825] multiqc                                            [DEBUG  ]  No samples found: macs2
[2021-10-28 13:39:28,849] multiqc                                            [DEBUG  ]  No samples found: theta2
[2021-10-28 13:39:28,866] multiqc                                            [DEBUG  ]  No samples found: snpeff
[2021-10-28 13:39:28,874] multiqc                                            [DEBUG  ]  No samples found: gatk
[2021-10-28 13:39:28,898] multiqc                                            [DEBUG  ]  No samples found: htseq
[2021-10-28 13:39:28,929] multiqc                                            [DEBUG  ]  No samples found: bcftools
[2021-10-28 13:39:28,967] multiqc                                            [DEBUG  ]  No samples found: featureCounts
[2021-10-28 13:39:29,041] multiqc                                            [DEBUG  ]  No samples found: fgbio
[2021-10-28 13:39:29,090] multiqc                                            [DEBUG  ]  No samples found: dragen
[2021-10-28 13:39:29,118] multiqc                                            [DEBUG  ]  No samples found: dedup
[2021-10-28 13:39:29,125] multiqc                                            [DEBUG  ]  No samples found: damageprofiler
[2021-10-28 13:39:29,334] multiqc                                            [DEBUG  ]  No samples found: biobambam2
[2021-10-28 13:39:29,358] multiqc                                            [DEBUG  ]  No samples found: jcvi
[2021-10-28 13:39:29,365] multiqc                                            [DEBUG  ]  No samples found: mtnucratio
[2021-10-28 13:39:29,371] multiqc                                            [DEBUG  ]  No samples found: picard
[2021-10-28 13:39:29,392] multiqc                                            [DEBUG  ]  No samples found: vep
[2021-10-28 13:39:29,466] multiqc                                            [DEBUG  ]  No samples found: sentieon
[2021-10-28 13:39:29,494] multiqc                                            [DEBUG  ]  No samples found: prokka
[2021-10-28 13:39:29,530] multiqc                                            [DEBUG  ]  No samples found: qc3C
[2021-10-28 13:39:29,553] multiqc                                            [DEBUG  ]  No samples found: nanostat
[2021-10-28 13:39:29,584] multiqc                                            [DEBUG  ]  No samples found: samblaster
[2021-10-28 13:39:29,626] multiqc                                            [DEBUG  ]  No samples found: samtools
[2021-10-28 13:39:29,634] multiqc                                            [DEBUG  ]  No samples found: sexdeterrmine
[2021-10-28 13:39:29,671] multiqc                                            [DEBUG  ]  No samples found: eigenstratdatabasetools
[2021-10-28 13:39:29,682] multiqc                                            [DEBUG  ]  No samples found: bamtools
[2021-10-28 13:39:29,727] multiqc                                            [DEBUG  ]  No samples found: jellyfish
[2021-10-28 13:39:29,771] multiqc                                            [DEBUG  ]  No samples found: vcftools
[2021-10-28 13:39:29,805] multiqc                                            [DEBUG  ]  No samples found: longranger
[2021-10-28 13:39:29,847] multiqc                                            [DEBUG  ]  No samples found: stacks
[2021-10-28 13:39:29,855] multiqc                                            [DEBUG  ]  No samples found: varscan2
[2021-10-28 13:39:29,873] multiqc                                            [DEBUG  ]  No samples found: snippy
[2021-10-28 13:39:29,955] multiqc                                            [DEBUG  ]  No samples found: bbmap
[2021-10-28 13:39:29,980] multiqc                                            [DEBUG  ]  No samples found: bismark
[2021-10-28 13:39:30,020] multiqc                                            [DEBUG  ]  No samples found: biscuit
[2021-10-28 13:39:30,031] multiqc                                            [DEBUG  ]  No samples found: hicexplorer
[2021-10-28 13:39:30,060] multiqc                                            [DEBUG  ]  No samples found: hicup
[2021-10-28 13:39:30,066] multiqc                                            [DEBUG  ]  No samples found: hicpro
[2021-10-28 13:39:30,072] multiqc                                            [DEBUG  ]  No samples found: salmon
[2021-10-28 13:39:30,092] multiqc                                            [DEBUG  ]  No samples found: kallisto
[2021-10-28 13:39:30,099] multiqc                                            [DEBUG  ]  No samples found: slamdunk
[2021-10-28 13:39:30,119] multiqc                                            [DEBUG  ]  No samples found: star
[2021-10-28 13:39:30,153] multiqc                                            [DEBUG  ]  No samples found: hisat2
[2021-10-28 13:39:30,188] multiqc                                            [DEBUG  ]  No samples found: tophat
[2021-10-28 13:39:30,215] multiqc                                            [DEBUG  ]  No samples found: bowtie2
[2021-10-28 13:39:30,241] multiqc                                            [DEBUG  ]  No samples found: bowtie1
[2021-10-28 13:39:30,268] multiqc                                            [DEBUG  ]  No samples found: snpsplit
[2021-10-28 13:39:30,302] multiqc                                            [DEBUG  ]  No samples found: odgi
[2021-10-28 13:39:30,312] multiqc                                            [DEBUG  ]  No samples found: pangolin
[2021-10-28 13:39:30,335] multiqc                                            [DEBUG  ]  No samples found: kat
[2021-10-28 13:39:30,373] multiqc                                            [DEBUG  ]  No samples found: leehom
[2021-10-28 13:39:30,381] multiqc                                            [DEBUG  ]  No samples found: adapterRemoval
[2021-10-28 13:39:30,389] multiqc                                            [DEBUG  ]  No samples found: clipandmerge
[2021-10-28 13:39:30,413] multiqc                                            [DEBUG  ]  No samples found: cutadapt
[2021-10-28 13:39:30,430] multiqc                                            [DEBUG  ]  No samples found: flexbar
[2021-10-28 13:39:30,459] multiqc                                            [DEBUG  ]  No samples found: kaiju
[2021-10-28 13:39:30,466] multiqc                                            [DEBUG  ]  No samples found: kraken
[2021-10-28 13:39:30,490] multiqc                                            [DEBUG  ]  No samples found: malt
[2021-10-28 13:39:30,496] multiqc                                            [DEBUG  ]  No samples found: trimmomatic
[2021-10-28 13:39:30,526] multiqc                                            [DEBUG  ]  No samples found: sickle
[2021-10-28 13:39:30,532] multiqc                                            [DEBUG  ]  No samples found: skewer
[2021-10-28 13:39:30,539] multiqc                                            [DEBUG  ]  No samples found: sortmerna
[2021-10-28 13:39:30,565] multiqc                                            [DEBUG  ]  No samples found: biobloomtools
[2021-10-28 13:39:30,581] multiqc                                            [DEBUG  ]  No samples found: fastq_screen
[2021-10-28 13:39:30,590] multiqc                                            [DEBUG  ]  No samples found: afterqc
[2021-10-28 13:39:30,621] multiqc                                            [DEBUG  ]  No samples found: fastp
[2021-10-28 13:39:32,069] multiqc.modules.fastqc.fastqc                      [INFO   ]  Found 10 reports
[2021-10-28 13:39:32,358] multiqc                                            [DEBUG  ]  No samples found: pychopper
[2021-10-28 13:39:32,369] multiqc                                            [DEBUG  ]  No samples found: pycoqc
[2021-10-28 13:39:32,393] multiqc                                            [DEBUG  ]  No samples found: minionqc
[2021-10-28 13:39:32,402] multiqc                                            [DEBUG  ]  No samples found: multivcfanalyzer
[2021-10-28 13:39:32,426] multiqc                                            [DEBUG  ]  No samples found: clusterflow
[2021-10-28 13:39:32,456] multiqc                                            [DEBUG  ]  No samples found: bcl2fastq
[2021-10-28 13:39:32,484] multiqc                                            [DEBUG  ]  No samples found: bclconvert
[2021-10-28 13:39:32,534] multiqc                                            [DEBUG  ]  No samples found: interop
[2021-10-28 13:39:32,570] multiqc                                            [DEBUG  ]  No samples found: ivar
[2021-10-28 13:39:32,580] multiqc                                            [DEBUG  ]  No samples found: flash
[2021-10-28 13:39:32,595] multiqc                                            [DEBUG  ]  No samples found: seqyclean
[2021-10-28 13:39:32,627] multiqc                                            [DEBUG  ]  No samples found: optitype
[2021-10-28 13:39:32,650] multiqc                                            [INFO   ]  Compressing plot data
[2021-10-28 13:39:32,865] multiqc                                            [INFO   ]  Report      : batch21_raw.html
[2021-10-28 13:39:32,865] multiqc                                            [INFO   ]  Data        : batch21_raw_data
[2021-10-28 13:39:32,865] multiqc                                            [DEBUG  ]  Moving data file from '/tmp/tmpb6terp8q/multiqc_data' to '/home1/gyang/work_space/4.ProjectET/batch21_cr/1.rawdata/batch21_raw_data'
[2021-10-28 13:39:33,313] multiqc                                            [INFO   ]  MultiQC complete
