INFO  @ Sun, 20 Jun 2021 13:43:58: 
# Command line: callpeak -t TSC_Tead4_AB_5k_rep1.duprm.bam -f BAMPE -g mm -n TSC_Tead4_AB_5k_rep1 -B -q 0.05 --keep-dup 1 --outdir /home1/gyang/work_space/4.ProjectET/batch10_cr/6.peak
# ARGUMENTS LIST:
# name = TSC_Tead4_AB_5k_rep1
# format = BAMPE
# ChIP-seq file = ['TSC_Tead4_AB_5k_rep1.duprm.bam']
# control file = None
# effective genome size = 1.87e+09
# band width = 300
# model fold = [5, 50]
# qvalue cutoff = 5.00e-02
# Larger dataset will be scaled towards smaller dataset.
# Range for calculating regional lambda is: 10000 bps
# Broad region calling is off
# Paired-End mode is on
 
INFO  @ Sun, 20 Jun 2021 13:43:58: #1 read fragment files... 
INFO  @ Sun, 20 Jun 2021 13:43:58: #1 read treatment fragments... 
INFO  @ Sun, 20 Jun 2021 13:44:12:  1000000 
INFO  @ Sun, 20 Jun 2021 13:44:25:  2000000 
INFO  @ Sun, 20 Jun 2021 13:44:38:  3000000 
INFO  @ Sun, 20 Jun 2021 13:44:53:  4000000 
INFO  @ Sun, 20 Jun 2021 13:45:06:  5000000 
INFO  @ Sun, 20 Jun 2021 13:45:20:  6000000 
INFO  @ Sun, 20 Jun 2021 13:45:34:  7000000 
INFO  @ Sun, 20 Jun 2021 13:45:48:  8000000 
INFO  @ Sun, 20 Jun 2021 13:46:02:  9000000 
INFO  @ Sun, 20 Jun 2021 13:46:16:  10000000 
INFO  @ Sun, 20 Jun 2021 13:46:30:  11000000 
INFO  @ Sun, 20 Jun 2021 13:46:43:  12000000 
INFO  @ Sun, 20 Jun 2021 13:46:57:  13000000 
INFO  @ Sun, 20 Jun 2021 13:47:11:  14000000 
INFO  @ Sun, 20 Jun 2021 13:47:25:  15000000 
INFO  @ Sun, 20 Jun 2021 13:47:39:  16000000 
INFO  @ Sun, 20 Jun 2021 13:47:52:  17000000 
INFO  @ Sun, 20 Jun 2021 13:48:06:  18000000 
INFO  @ Sun, 20 Jun 2021 13:48:22: #1 mean fragment size is determined as 269 bp from treatment 
INFO  @ Sun, 20 Jun 2021 13:48:22: #1 fragment size = 269 
INFO  @ Sun, 20 Jun 2021 13:48:22: #1  total fragments in treatment: 18342739 
INFO  @ Sun, 20 Jun 2021 13:48:22: #1 user defined the maximum fragments... 
INFO  @ Sun, 20 Jun 2021 13:48:22: #1 filter out redundant fragments by allowing at most 1 identical fragment(s) 
INFO  @ Sun, 20 Jun 2021 13:49:00: #1  fragments after filtering in treatment: 18342234 
INFO  @ Sun, 20 Jun 2021 13:49:00: #1  Redundant rate of treatment: 0.00 
INFO  @ Sun, 20 Jun 2021 13:49:00: #1 finished! 
INFO  @ Sun, 20 Jun 2021 13:49:00: #2 Build Peak Model... 
INFO  @ Sun, 20 Jun 2021 13:49:00: #2 Skipped... 
INFO  @ Sun, 20 Jun 2021 13:49:00: #2 Use 269 as fragment length 
INFO  @ Sun, 20 Jun 2021 13:49:00: #3 Call peaks... 
INFO  @ Sun, 20 Jun 2021 13:49:00: #3 Pre-compute pvalue-qvalue table... 
INFO  @ Sun, 20 Jun 2021 13:50:06: #3 In the peak calling step, the following will be performed simultaneously: 
INFO  @ Sun, 20 Jun 2021 13:50:06: #3   Write bedGraph files for treatment pileup (after scaling if necessary)... TSC_Tead4_AB_5k_rep1_treat_pileup.bdg 
INFO  @ Sun, 20 Jun 2021 13:50:06: #3   Write bedGraph files for control lambda (after scaling if necessary)... TSC_Tead4_AB_5k_rep1_control_lambda.bdg 
INFO  @ Sun, 20 Jun 2021 13:50:06: #3   Pileup will be based on sequencing depth in treatment. 
INFO  @ Sun, 20 Jun 2021 13:50:06: #3 Call peaks for each chromosome... 
INFO  @ Sun, 20 Jun 2021 13:52:15: #4 Write output xls file... /home1/gyang/work_space/4.ProjectET/batch10_cr/6.peak/TSC_Tead4_AB_5k_rep1_peaks.xls 
INFO  @ Sun, 20 Jun 2021 13:52:15: #4 Write peak in narrowPeak format file... /home1/gyang/work_space/4.ProjectET/batch10_cr/6.peak/TSC_Tead4_AB_5k_rep1_peaks.narrowPeak 
INFO  @ Sun, 20 Jun 2021 13:52:15: #4 Write summits bed file... /home1/gyang/work_space/4.ProjectET/batch10_cr/6.peak/TSC_Tead4_AB_5k_rep1_summits.bed 
INFO  @ Sun, 20 Jun 2021 13:52:15: Done! 
