
	Position file = Morula_Klf5_rep3_peaks.narrowPeak
	Genome = mm10
	Output Directory = /home1/gyang/work_space/4.ProjectET/batch18_cr/7.Peak_anno/Morula_Klf5_rep3_peakAnalysis
	Using actual sizes of regions (-size given)
	Fragment size set to given
	Using 7 CPUs
	Motif length set at 8,
	Found mset for "mouse", will check against vertebrates motifs
	Peak/BED file conversion summary:
		BED/Header formatted lines: 14352
		peakfile formatted lines: 0

	Peak File Statistics:
		Total Peaks: 14352
		Redundant Peak IDs: 0
		Peaks lacking information: 0 (need at least 5 columns per peak)
		Peaks with misformatted coordinates: 0 (should be integer)
		Peaks with misformatted strand: 0 (should be either +/- or 0/1)

	Peak file looks good!

	Background fragment size set to 436 (avg size of targets)
	Could not find background files for 436 bp fragments
	Below are the sizes that are already available prepared.
		133
		200
		224
		283
		330
		332
		342
		354
		356
		368
		369
		370
		373
		378
		384
		385
		390
		392
		400
		411
		416
		418
		419
		420
		423
		424
		433
		438
		442
		443
		444
		445
		447
		448
		449
		451
		454
		455
		457
		461
		463
		468
		471
		472
		475
		476
		478
		479
		486
		487
		489
		497
		502
		504
		518
		519
		521
		525
		526
		534
		536
		539
		550
		559
		560
		561
		562
		565
		566
		567
		570
		576
		586
		588
		589
		590
		595
		596
		598
		603
		607
		611
		622
		623
		624
		631
		637
		644
		648
		664
		665
		667
		671
		674
		676
		685
		694
		698
		703
		704
		709
		712
		716
		724
		735
		736
		739
		740
		741
		743
		747
		758
		780
		783
		786
		789
		815
		828
		838
		843
		848
		867
		892
		917
		926
		951
		956
		972
		973
		998
		999
		1016
		1032
		1041
		1078
		1142
		1165
		1178
		1222
		1249
		1259
		1262
		1288
		1296
		1332
		1376
		1406
		1410
		1418
		1448
		1455
		1499
		1547
		1575
		1619
		1623
		1848
		1925
		1930
		1959
		2017
		2116
		2151
		2488
		2499
		3187
		3207
		3228
		3257
		3278
		5196
		5251
		5278
		7879
		7974
		41360
	HOMER will now create background files for 436 bp fragments
	To CANCEL and rerun with a differet "-size <#>", hit <CTRL+C> now!
		5
		4
		3
		2
		1
	Preparsing genome for 436 bp fragments...(will probably take 1-5 min)
	preparse size set to 436

	By default, using /home1/homer/.//data/genomes/mm10//mm10.tss for reference positions
	Output files will be placed in /home1/homer/.//data/genomes/mm10//preparsed//mm10.436.* ...
	By default, HOMER will set the the preparsed Directory to be group read/write
chmod: changing permissions of ‘/home1/homer/.//data/genomes/mm10//preparsed/’: Operation not permitted
	Extracting sequences
	Custom genome sequence directory: /home1/homer/.//data/genomes/mm10//

	Extracting sequences from directory: /home1/homer/.//data/genomes/mm10//
	Extracting 78369 sequences from chr1
	Extracting 94038 sequences from chr2
	Extracting 63723 sequences from chr3
	Extracting 72273 sequences from chr4
	Extracting 73026 sequences from chr5
	Extracting 70035 sequences from chr6
	Extracting 87832 sequences from chr7
	Extracting 54414 sequences from chr8
	Extracting 65306 sequences from chr9
	Extracting 60292 sequences from chr10
	Extracting 71095 sequences from chr11
	Extracting 44034 sequences from chr12
	Extracting 51971 sequences from chr13
	Extracting 47810 sequences from chr14
	Extracting 44407 sequences from chr15
	Extracting 41408 sequences from chr16
	Extracting 49901 sequences from chr17
	Extracting 36013 sequences from chr18
	Extracting 34212 sequences from chr19
	Extracting 67222 sequences from chrX
	Extracting 10662 sequences from chrY
	Extracting 97 sequences from chr1_GL456211_random
	Extracting 173 sequences from chr1_GL456221_random
	Extracting 68 sequences from chr4_GL456216_random
	Extracting 255 sequences from chr4_GL456350_random
	Extracting 49 sequences from chr4_JH584292_random
	Extracting 174 sequences from chr4_JH584293_random
	Extracting 180 sequences from chr4_JH584294_random
	Extracting 190 sequences from chr5_GL456354_random
	Extracting 96 sequences from chr5_JH584296_random
	Extracting 97 sequences from chr5_JH584297_random
	Extracting 176 sequences from chr5_JH584298_random
	Extracting 421 sequences from chr5_JH584299_random
	Extracting 148 sequences from chr7_GL456219_random
	Extracting 89 sequences from chrUn_JH584304
	Extracting 303 sequences from chrX_GL456233_random
		3282 of 1220427 removed because they had >70.00% Ns (i.e. masked repeats)

	Sequences processed:
		Auto detected maximum sequence length of 437 bp
		100000
		200000
		300000
		400000
		500000
		600000
		700000
		800000
		900000
		1000000
		1100000
		1200000
		1217145 total

	Frequency Bins: 0.01 0.02 0.03 0.04 0.05 0.06 0.08 0.1 0.12 0.14 0.16
	Freq	Bin	Count
	0.01	0	768446
	0.02	1	300384
	0.03	2	89926
	0.04	3	18788
	0.05	4	9016
	0.06	5	7286
	0.08	6	8255
	0.1	7	6626
	0.12	8	4314
	0.14	9	2482
	0.16	10	1087
	11	11	535
	Frequency Bins: 0.2 0.25 0.3 0.35 0.4 0.45 0.5 0.6 0.7 0.8
	Freq	Bin	Count
	0.2	0	115
	0.25	1	1960
	0.3	2	21232
	0.35	3	93030
	0.4	4	248399
	0.45	5	341504
	0.5	6	294025
	0.6	7	187829
	0.7	8	21881
	0.8	9	6719
	10	10	451

	Custom genome sequence directory: /home1/homer/.//data/genomes/mm10//

	Extracting sequences from directory: /home1/homer/.//data/genomes/mm10//
	Extracting 854 sequences from chr1
	Extracting 1135 sequences from chr2
	Extracting 606 sequences from chr3
	Extracting 1083 sequences from chr4
	Extracting 1107 sequences from chr5
	Extracting 656 sequences from chr6
	Extracting 1011 sequences from chr7
	Extracting 765 sequences from chr8
	Extracting 786 sequences from chr9
	Extracting 770 sequences from chr10
	Extracting 1106 sequences from chr11
	Extracting 567 sequences from chr12
	Extracting 587 sequences from chr13
	Extracting 482 sequences from chr14
	Extracting 515 sequences from chr15
	Extracting 522 sequences from chr16
	Extracting 682 sequences from chr17
	Extracting 451 sequences from chr18
	Extracting 444 sequences from chr19
	Extracting 217 sequences from chrX
	Extracting 2 sequences from chrY
	Extracting 4 sequences from chrM

	Not removing redundant sequences


	Sequences processed:
		Auto detected maximum sequence length of 499 bp
		14352 total

	Frequency Bins: 0.2 0.25 0.3 0.35 0.4 0.45 0.5 0.6 0.7 0.8
	Freq	Bin	Count
	0.3	2	11
	0.35	3	124
	0.4	4	710
	0.45	5	2571
	0.5	6	4148
	0.6	7	4535
	0.7	8	1817
	0.8	9	429
	10	10	7

	Total sequences set to 50000

	Choosing background that matches in CpG/GC content...
	Bin	# Targets	# Background	Background Weight
	2	11	27	1.012
	3	124	308	1.000
	4	710	1764	1.000
	5	2571	6386	1.000
	6	4148	10303	1.000
	7	4535	11264	1.000
	8	1817	4513	1.000
	9	429	1066	1.000
	10	7	17	1.023
	Assembling sequence file...
	Normalizing lower order oligos using homer2

	Reading input files...
	50000 total sequences read
	Autonormalization: 1-mers (4 total)
		A	24.42%	24.68%	0.990
		C	25.58%	25.32%	1.010
		G	25.58%	25.32%	1.010
		T	24.42%	24.68%	0.990
	Autonormalization: 2-mers (16 total)
		AA	6.74%	6.54%	1.031
		CA	7.32%	7.56%	0.969
		GA	6.24%	6.35%	0.983
		TA	4.07%	4.23%	0.962
		AC	5.35%	5.29%	1.010
		CC	7.60%	7.54%	1.008
		GC	6.43%	6.14%	1.047
		TC	6.24%	6.35%	0.983
		AG	7.85%	7.93%	0.990
		CG	2.78%	2.30%	1.209
		GG	7.60%	7.54%	1.008
		TG	7.32%	7.56%	0.969
		AT	4.51%	4.91%	0.919
		CT	7.85%	7.93%	0.990
		GT	5.35%	5.29%	1.010
		TT	6.74%	6.54%	1.031
	Autonormalization: 3-mers (64 total)
	Normalization weights can be found in file: /home1/gyang/work_space/4.ProjectET/batch18_cr/7.Peak_anno/Morula_Klf5_rep3_peakAnalysis/seq.autonorm.tsv
	Converging on autonormalization solution:
	...............................................................................
	Final normalization:	Autonormalization: 1-mers (4 total)
		A	24.42%	24.41%	1.001
		C	25.58%	25.59%	1.000
		G	25.58%	25.59%	1.000
		T	24.42%	24.41%	1.001
	Autonormalization: 2-mers (16 total)
		AA	6.74%	6.68%	1.009
		CA	7.32%	7.37%	0.993
		GA	6.24%	6.26%	0.996
		TA	4.07%	4.10%	0.992
		AC	5.35%	5.29%	1.011
		CC	7.60%	7.62%	0.998
		GC	6.43%	6.42%	1.002
		TC	6.24%	6.26%	0.996
		AG	7.85%	7.83%	1.003
		CG	2.78%	2.76%	1.004
		GG	7.60%	7.62%	0.998
		TG	7.32%	7.37%	0.993
		AT	4.51%	4.62%	0.977
		CT	7.85%	7.83%	1.003
		GT	5.35%	5.29%	1.011
		TT	6.74%	6.68%	1.009
	Autonormalization: 3-mers (64 total)
	Finished preparing sequence/group files

	----------------------------------------------------------
	Known motif enrichment

	Reading input files...
	50000 total sequences read
	440 motifs loaded
	Cache length = 11180
	Using binomial scoring
	Checking enrichment of 440 motif(s)
	|0%                                    50%                                  100%|
	=================================================================================
	Preparing HTML output with sequence logos...
		1 of 440 (1e-379) Klf4(Zf)/mES-Klf4-ChIP-Seq(GSE11431)/Homer
		2 of 440 (1e-358) EKLF(Zf)/Erythrocyte-Klf1-ChIP-Seq(GSE20478)/Homer
		3 of 440 (1e-310) KLF1(Zf)/HUDEP2-KLF1-CutnRun(GSE136251)/Homer
		4 of 440 (1e-239) KLF5(Zf)/LoVo-KLF5-ChIP-Seq(GSE49402)/Homer
		5 of 440 (1e-234) KLF3(Zf)/MEF-Klf3-ChIP-Seq(GSE44748)/Homer
		6 of 440 (1e-228) Klf9(Zf)/GBM-Klf9-ChIP-Seq(GSE62211)/Homer
		7 of 440 (1e-187) KLF6(Zf)/PDAC-KLF6-ChIP-Seq(GSE64557)/Homer
		8 of 440 (1e-146) SF1(NR)/H295R-Nr5a1-ChIP-Seq(GSE44220)/Homer
		9 of 440 (1e-141) KLF10(Zf)/HEK293-KLF10.GFP-ChIP-Seq(GSE58341)/Homer
		10 of 440 (1e-96) Sp2(Zf)/HEK293-Sp2.eGFP-ChIP-Seq(Encode)/Homer
		11 of 440 (1e-81) RARg(NR)/ES-RARg-ChIP-Seq(GSE30538)/Homer
		12 of 440 (1e-74) Sp5(Zf)/mES-Sp5.Flag-ChIP-Seq(GSE72989)/Homer
		13 of 440 (1e-64) Sp1(Zf)/Promoter/Homer
		14 of 440 (1e-61) RAR:RXR(NR),DR0/ES-RAR-ChIP-Seq(GSE56893)/Homer
		15 of 440 (1e-57) Nr5a2(NR)/mES-Nr5a2-ChIP-Seq(GSE19019)/Homer
		16 of 440 (1e-56) KLF14(Zf)/HEK293-KLF14.GFP-ChIP-Seq(GSE58341)/Homer
		17 of 440 (1e-53) Nr5a2(NR)/Pancreas-LRH1-ChIP-Seq(GSE34295)/Homer
		18 of 440 (1e-51) Pax8(Paired,Homeobox)/Thyroid-Pax8-ChIP-Seq(GSE26938)/Homer
		19 of 440 (1e-42) Unknown(Homeobox)/Limb-p300-ChIP-Seq/Homer
		20 of 440 (1e-41) CTCF(Zf)/CD4+-CTCF-ChIP-Seq(Barski_et_al.)/Homer
		21 of 440 (1e-41) TEAD1(TEAD)/HepG2-TEAD1-ChIP-Seq(Encode)/Homer
		22 of 440 (1e-37) TEAD4(TEA)/Tropoblast-Tead4-ChIP-Seq(GSE37350)/Homer
		23 of 440 (1e-31) TEAD3(TEA)/HepG2-TEAD3-ChIP-Seq(Encode)/Homer
		24 of 440 (1e-29) BORIS(Zf)/K562-CTCFL-ChIP-Seq(GSE32465)/Homer
		25 of 440 (1e-27) Stat3(Stat)/mES-Stat3-ChIP-Seq(GSE11431)/Homer
		26 of 440 (1e-24) DLX5(Homeobox)/BasalGanglia-Dlx5-ChIP-seq(GSE124936)/Homer
		27 of 440 (1e-24) Brachyury(T-box)/Mesoendoderm-Brachyury-ChIP-exo(GSE54963)/Homer
		28 of 440 (1e-23) TEAD(TEA)/Fibroblast-PU.1-ChIP-Seq(Unpublished)/Homer
		29 of 440 (1e-23) E-box(bHLH)/Promoter/Homer
		30 of 440 (1e-23) TFE3(bHLH)/MEF-TFE3-ChIP-Seq(GSE75757)/Homer
		31 of 440 (1e-22) PRDM10(Zf)/HEK293-PRDM10.eGFP-ChIP-Seq(Encode)/Homer
		32 of 440 (1e-21) Otx2(Homeobox)/EpiLC-Otx2-ChIP-Seq(GSE56098)/Homer
		33 of 440 (1e-20) Esrrb(NR)/mES-Esrrb-ChIP-Seq(GSE11431)/Homer
		34 of 440 (1e-19) PAX5(Paired,Homeobox)/GM12878-PAX5-ChIP-Seq(GSE32465)/Homer
		35 of 440 (1e-19) Gata1(Zf)/K562-GATA1-ChIP-Seq(GSE18829)/Homer
		36 of 440 (1e-18) Gata2(Zf)/K562-GATA2-ChIP-Seq(GSE18829)/Homer
		37 of 440 (1e-17) TEAD2(TEA)/Py2T-Tead2-ChIP-Seq(GSE55709)/Homer
		38 of 440 (1e-17) CTCF-SatelliteElement(Zf?)/CD4+-CTCF-ChIP-Seq(Barski_et_al.)/Homer
		39 of 440 (1e-16) FOXA1:AR(Forkhead,NR)/LNCAP-AR-ChIP-Seq(GSE27824)/Homer
		40 of 440 (1e-16) Stat3+il21(Stat)/CD4-Stat3-ChIP-Seq(GSE19198)/Homer
		41 of 440 (1e-14) Bcl6(Zf)/Liver-Bcl6-ChIP-Seq(GSE31578)/Homer
		42 of 440 (1e-14) ERRg(NR)/Kidney-ESRRG-ChIP-Seq(GSE104905)/Homer
		43 of 440 (1e-14) GSC(Homeobox)/FrogEmbryos-GSC-ChIP-Seq(DRA000576)/Homer
		44 of 440 (1e-14) Barx1(Homeobox)/Stomach-Barx1.3xFlag-ChIP-Seq(GSE69483)/Homer
		45 of 440 (1e-14) RORgt(NR)/EL4-RORgt.Flag-ChIP-Seq(GSE56019)/Homer
		46 of 440 (1e-14) RORgt(NR)/EL4-RORgt.Flag-ChIP-Seq(GSE56019)/Homer
		47 of 440 (1e-13) Gata4(Zf)/Heart-Gata4-ChIP-Seq(GSE35151)/Homer
		48 of 440 (1e-13) STAT4(Stat)/CD4-Stat4-ChIP-Seq(GSE22104)/Homer
		49 of 440 (1e-11) Rfx6(HTH)/Min6b1-Rfx6.HA-ChIP-Seq(GSE62844)/Homer
		50 of 440 (1e-11) Ronin(THAP)/ES-Thap11-ChIP-Seq(GSE51522)/Homer
		51 of 440 (1e-10) Gata6(Zf)/HUG1N-GATA6-ChIP-Seq(GSE51936)/Homer
		52 of 440 (1e-10) CDX4(Homeobox)/ZebrafishEmbryos-Cdx4.Myc-ChIP-Seq(GSE48254)/Homer
		53 of 440 (1e-10) Lhx2(Homeobox)/HFSC-Lhx2-ChIP-Seq(GSE48068)/Homer
		54 of 440 (1e-9) E2F4(E2F)/K562-E2F4-ChIP-Seq(GSE31477)/Homer
		55 of 440 (1e-9) Usf2(bHLH)/C2C12-Usf2-ChIP-Seq(GSE36030)/Homer
		56 of 440 (1e-9) YY1(Zf)/Promoter/Homer
		57 of 440 (1e-9) Lhx1(Homeobox)/EmbryoCarcinoma-Lhx1-ChIP-Seq(GSE70957)/Homer
		58 of 440 (1e-8) E2F7(E2F)/Hela-E2F7-ChIP-Seq(GSE32673)/Homer
		59 of 440 (1e-7) HOXB13(Homeobox)/ProstateTumor-HOXB13-ChIP-Seq(GSE56288)/Homer
		60 of 440 (1e-7) GATA3(Zf)/iTreg-Gata3-ChIP-Seq(GSE20898)/Homer
		61 of 440 (1e-7) E2F(E2F)/Hela-CellCycle-Expression/Homer
		62 of 440 (1e-7) PAX5(Paired,Homeobox),condensed/GM12878-PAX5-ChIP-Seq(GSE32465)/Homer
		63 of 440 (1e-7) GFY(?)/Promoter/Homer
		64 of 440 (1e-6) Tbx21(T-box)/GM12878-TBX21-ChIP-Seq(Encode)/Homer
		65 of 440 (1e-6) RORa(NR)/Liver-Rora-ChIP-Seq(GSE101115)/Homer
		66 of 440 (1e-6) DLX1(Homeobox)/BasalGanglia-Dlx1-ChIP-seq(GSE124936)/Homer
		67 of 440 (1e-6) TRPS1(Zf)/MCF7-TRPS1-ChIP-Seq(GSE107013)/Homer
		68 of 440 (1e-6) Tbr1(T-box)/Cortex-Tbr1-ChIP-Seq(GSE71384)/Homer
		69 of 440 (1e-6) E2F1(E2F)/Hela-E2F1-ChIP-Seq(GSE22478)/Homer
		70 of 440 (1e-5) Hoxd13(Homeobox)/ChickenMSG-Hoxd13.Flag-ChIP-Seq(GSE86088)/Homer
		71 of 440 (1e-5) Lhx3(Homeobox)/Neuron-Lhx3-ChIP-Seq(GSE31456)/Homer
		72 of 440 (1e-5) bHLHE40(bHLH)/HepG2-BHLHE40-ChIP-Seq(GSE31477)/Homer
		73 of 440 (1e-5) ELF1(ETS)/Jurkat-ELF1-ChIP-Seq(SRA014231)/Homer
		74 of 440 (1e-5) c-Myc(bHLH)/LNCAP-cMyc-ChIP-Seq(Unpublished)/Homer
		75 of 440 (1e-4) FoxD3(forkhead)/ZebrafishEmbryo-Foxd3.biotin-ChIP-seq(GSE106676)/Homer
		76 of 440 (1e-4) Hoxd10(Homeobox)/ChickenMSG-Hoxd10.Flag-ChIP-Seq(GSE86088)/Homer
		77 of 440 (1e-4) NFE2L2(bZIP)/HepG2-NFE2L2-ChIP-Seq(Encode)/Homer
		78 of 440 (1e-4) E2F3(E2F)/MEF-E2F3-ChIP-Seq(GSE71376)/Homer
		79 of 440 (1e-4) ETS(ETS)/Promoter/Homer
		80 of 440 (1e-4) PAX3:FKHR-fusion(Paired,Homeobox)/Rh4-PAX3:FKHR-ChIP-Seq(GSE19063)/Homer
		81 of 440 (1e-4) CLOCK(bHLH)/Liver-Clock-ChIP-Seq(GSE39860)/Homer
		82 of 440 (1e-4) Maz(Zf)/HepG2-Maz-ChIP-Seq(GSE31477)/Homer
		83 of 440 (1e-4) Elk1(ETS)/Hela-Elk1-ChIP-Seq(GSE31477)/Homer
		84 of 440 (1e-4) E2F6(E2F)/Hela-E2F6-ChIP-Seq(GSE31477)/Homer
		85 of 440 (1e-4) GFY-Staf(?,Zf)/Promoter/Homer
		86 of 440 (1e-4) NRF(NRF)/Promoter/Homer
		87 of 440 (1e-4) THRa(NR)/C17.2-THRa-ChIP-Seq(GSE38347)/Homer
		88 of 440 (1e-4) Nrf2(bZIP)/Lymphoblast-Nrf2-ChIP-Seq(GSE37589)/Homer
		89 of 440 (1e-3) Elk4(ETS)/Hela-Elk4-ChIP-Seq(GSE31477)/Homer
		90 of 440 (1e-3) CRX(Homeobox)/Retina-Crx-ChIP-Seq(GSE20012)/Homer
		91 of 440 (1e-3) USF1(bHLH)/GM12878-Usf1-ChIP-Seq(GSE32465)/Homer
		92 of 440 (1e-3) TATA-Box(TBP)/Promoter/Homer
		93 of 440 (1e-3) LHX9(Homeobox)/Hct116-LHX9.V5-ChIP-Seq(GSE116822)/Homer
		94 of 440 (1e-3) NF-E2(bZIP)/K562-NFE2-ChIP-Seq(GSE31477)/Homer
		95 of 440 (1e-3) Tbx6(T-box)/ESC-Tbx6-ChIP-Seq(GSE93524)/Homer
		96 of 440 (1e-3) ZBTB33(Zf)/GM12878-ZBTB33-ChIP-Seq(GSE32465)/Homer
		97 of 440 (1e-3) THRb(NR)/HepG2-THRb.Flag-ChIP-Seq(Encode)/Homer
		98 of 440 (1e-2) DLX2(Homeobox)/BasalGanglia-Dlx2-ChIP-seq(GSE124936)/Homer
		99 of 440 (1e-2) Egr1(Zf)/K562-Egr1-ChIP-Seq(GSE32465)/Homer
		100 of 440 (1e-2) RARa(NR)/K562-RARa-ChIP-Seq(Encode)/Homer
		101 of 440 (1e-2) p53(p53)/mES-cMyc-ChIP-Seq(GSE11431)/Homer
		102 of 440 (1e-2) AP-2alpha(AP2)/Hela-AP2alpha-ChIP-Seq(GSE31477)/Homer
		103 of 440 (1e-2) RFX(HTH)/K562-RFX3-ChIP-Seq(SRA012198)/Homer
		104 of 440 (1e-2) Srebp2(bHLH)/HepG2-Srebp2-ChIP-Seq(GSE31477)/Homer
		105 of 440 (1e-2) Bach1(bZIP)/K562-Bach1-ChIP-Seq(GSE31477)/Homer
		106 of 440 (1e-2) TR4(NR),DR1/Hela-TR4-ChIP-Seq(GSE24685)/Homer
		107 of 440 (1e-2) Tlx?(NR)/NPC-H3K4me1-ChIP-Seq(GSE16256)/Homer
		108 of 440 (1e-2) GFX(?)/Promoter/Homer
		109 of 440 (1e-2) LXRE(NR),DR4/RAW-LXRb.biotin-ChIP-Seq(GSE21512)/Homer
		110 of 440 (1e-2) Rfx2(HTH)/LoVo-RFX2-ChIP-Seq(GSE49402)/Homer
		111 of 440 (1e-2) Oct11(POU,Homeobox)/NCIH1048-POU2F3-ChIP-seq(GSE115123)/Homer
		112 of 440 (1e-2) Pax7(Paired,Homeobox),long/Myoblast-Pax7-ChIP-Seq(GSE25064)/Homer
		113 of 440 (1e-2) Smad4(MAD)/ESC-SMAD4-ChIP-Seq(GSE29422)/Homer
		114 of 440 (1e-2) DMRT1(DM)/Testis-DMRT1-ChIP-Seq(GSE64892)/Homer
		115 of 440 (1e-2) AP-2gamma(AP2)/MCF7-TFAP2C-ChIP-Seq(GSE21234)/Homer
		116 of 440 (1e-2) X-box(HTH)/NPC-H3K4me1-ChIP-Seq(GSE16256)/Homer
		117 of 440 (1e-2) NFAT:AP1(RHD,bZIP)/Jurkat-NFATC1-ChIP-Seq(Jolma_et_al.)/Homer
		118 of 440 (1e-2) NRF1(NRF)/MCF7-NRF1-ChIP-Seq(Unpublished)/Homer
		119 of 440 (1e-2) CHR(?)/Hela-CellCycle-Expression/Homer
	----------------------------------------------------------
	De novo motif finding (HOMER)

	Number of Trial motifs (-T) set to 7 (from 10) to work well with 7 CPUs
	Scanning input files...
	Parsing sequences...
	|0%                                   50%                                  100%|
	===============================================================================
	Total number of Oligos: 32896
	Autoadjustment for sequence coverage in background: 1.22x

	Oligos: 32896 of 34497 max
	Tree  : 66920 of 172485 max
	Optimizing memory usage...
	Cache length = 11180
	Using binomial scoring

	Global Optimization Phase: Looking for enriched oligos with up to 2 mismatches...

	Screening oligos 32896 (allowing 0 mismatches):
	|0%                                   50%                                  100%|
	================================================================================
		0.00% skipped, 100.00% checked (32896 of 32896), of those checked:
		0.00% not in target, 0.00% increased p-value, 0.00% high p-value

	Screening oligos 32896 (allowing 1 mismatches):
	|0%                                   50%                                  100%|
	================================================================================
		0.00% skipped, 100.00% checked (32896 of 32896), of those checked:
		0.00% not in target, 50.66% increased p-value, 49.32% high p-value

	Screening oligos 32896 (allowing 2 mismatches):
	|0%                                   50%                                  100%|
	================================================================================
		64.38% skipped, 35.62% checked (11719 of 32896), of those checked:
		0.00% not in target, 26.48% increased p-value, 0.00% high p-value
	Reading input files...
	50000 total sequences read
	Cache length = 11180
	Using binomial scoring

	Local Optimization Phase:
	1 of 25 Initial Sequence: GGTGTGGC... (-851.968)
		Round 1: -1276.05 GGTGTGGC T:2911.4(18.36%),B:2687.4(6.07%),P:1e-554
		Round 2: -1276.05 GGTGTGGC T:2911.4(18.36%),B:2687.4(6.07%),P:1e-554
		=Final=: -795.06 GGTGTGGC T:1455.0(10.14%),B:1050.4(2.99%),P:1e-345
		Performing exhaustive masking of motif...
		Reprioritizing potential motifs...
	2 of 25 Initial Sequence: CTGAACCT... (-716.763)
		Round 1: -716.76 CTGAACCT T:1225.2(8.18%),B:952.5(2.20%),P:1e-311
		Round 2: -716.76 CTGAACCT T:1225.2(8.18%),B:952.5(2.20%),P:1e-311
		=Final=: -514.80 CTGAACCT T:1107.0(7.71%),B:889.7(2.53%),P:1e-223
		Performing exhaustive masking of motif...
		Reprioritizing potential motifs...
	3 of 25 Initial Sequence: TGATGATA... (-500.692)
		Round 1: -500.69 TGATGATA T:655.9(4.46%),B:408.8(0.95%),P:1e-217
		Round 2: -500.69 TGATGATA T:655.9(4.46%),B:408.8(0.95%),P:1e-217
		=Final=: -646.77 TGATGATA T:799.0(5.57%),B:403.9(1.15%),P:1e-280
		Performing exhaustive masking of motif...
		Reprioritizing potential motifs...
	4 of 25 Initial Sequence: TAATTGGG... (-456.854)
		Round 1: -456.85 TAATTGGG T:571.6(3.90%),B:341.3(0.79%),P:1e-198
		Round 2: -456.85 TAATTGGG T:571.6(3.90%),B:341.3(0.79%),P:1e-198
		=Final=: -600.19 TAATTGGG T:703.0(4.90%),B:336.0(0.96%),P:1e-260
		Performing exhaustive masking of motif...
		Reprioritizing potential motifs...
	5 of 25 Initial Sequence: GAGAGTTC... (-439.195)
		Round 1: -439.20 GAGAGTTC T:821.2(5.56%),B:693.7(1.60%),P:1e-190
		Round 2: -439.20 GAGAGTTC T:821.2(5.56%),B:693.7(1.60%),P:1e-190
		=Final=: -574.24 GAGAGTTC T:994.0(6.93%),B:680.5(1.94%),P:1e-249
		Performing exhaustive masking of motif...
		Reprioritizing potential motifs...
	6 of 25 Initial Sequence: TCCAGGCA... (-401.269)
		Round 1: -401.27 TCCAGGCA T:1143.2(7.66%),B:1268.1(2.91%),P:1e-174
		Round 2: -401.27 TCCAGGCA T:1143.2(7.66%),B:1268.1(2.91%),P:1e-174
		=Final=: -362.26 TCCAGGCA T:1180.0(8.22%),B:1211.6(3.45%),P:1e-157
		Performing exhaustive masking of motif...
		Reprioritizing potential motifs...
	7 of 25 Initial Sequence: CTGGCTTA... (-387.971)
		Round 1: -387.97 CTGGCTTA T:761.9(5.16%),B:669.8(1.55%),P:1e-168
		Round 2: -387.97 CTGGCTTA T:761.9(5.16%),B:669.8(1.55%),P:1e-168
		=Final=: -510.15 CTGGCTTA T:929.0(6.47%),B:660.9(1.88%),P:1e-221
		Performing exhaustive masking of motif...
		Reprioritizing potential motifs...
	8 of 25 Initial Sequence: TCTTATAA... (-307.580)
		Round 1: -310.26 TCTTATAA T:751.2(5.10%),B:762.8(1.76%),P:1e-134
		Round 2: -310.26 TCTTATAA T:751.2(5.10%),B:762.8(1.76%),P:1e-134
		=Final=: -391.24 TCTTATAA T:667.0(4.65%),B:448.5(1.28%),P:1e-169
		Performing exhaustive masking of motif...
		Reprioritizing potential motifs...
	9 of 25 Initial Sequence: GCCACTCC... (-298.381)
		Round 1: -723.26 GCCACACC T:6199.0(35.08%),B:10266.2(21.29%),P:1e-314
		Round 2: -723.26 GCCACACC T:6199.0(35.08%),B:10266.2(21.29%),P:1e-314
		=Final=: -458.08 GCCACACC T:1630.0(11.36%),B:1762.1(5.01%),P:1e-198
		Performing exhaustive masking of motif...
		Reprioritizing potential motifs...
	10 of 25 Initial Sequence: TTTACTGC... (-277.579)
		Round 1: -277.58 TTTACTGC T:522.5(3.57%),B:448.9(1.04%),P:1e-120
		Round 2: -277.58 TTTACTGC T:522.5(3.57%),B:448.9(1.04%),P:1e-120
		=Final=: -370.98 TTTACTGC T:650.0(4.53%),B:446.9(1.27%),P:1e-161
		Performing exhaustive masking of motif...
		Reprioritizing potential motifs...
	11 of 25 Initial Sequence: AGGGAGTG... (-261.936)
		Round 1: -285.24 AGGGAGTG T:1165.8(7.80%),B:1558.3(3.57%),P:1e-123
		Round 2: -311.07 TGGGCGTG T:2808.3(17.77%),B:4913.6(10.82%),P:1e-135
		Round 3: -311.07 TGGGCGTG T:2808.3(17.77%),B:4913.6(10.82%),P:1e-135
		=Final=: -366.71 TGGGCGTG T:2997.0(20.88%),B:4500.5(12.80%),P:1e-159
		Performing exhaustive masking of motif...
		Reprioritizing potential motifs...
	12 of 25 Initial Sequence: AAACAAAA... (-250.945)
		Round 1: -448.51 AAACAAAA T:6290.5(35.49%),B:11960.0(24.34%),P:1e-194
		Round 2: -448.51 AAACAAAA T:6290.5(35.49%),B:11960.0(24.34%),P:1e-194
		=Final=: -100.44 AAACAAAA T:3004.0(20.93%),B:5793.1(16.47%),P:1e-43
		Performing exhaustive masking of motif...
		Reprioritizing potential motifs...
	13 of 25 Initial Sequence: TGCCATGC... (-240.833)
		Round 1: -252.80 TGCCATGC T:775.5(5.26%),B:905.2(2.09%),P:1e-109
		Round 2: -252.80 TGCCATGC T:775.5(5.26%),B:905.2(2.09%),P:1e-109
		=Final=: -243.90 TGCCATGC T:703.0(4.90%),B:671.6(1.91%),P:1e-105
		Performing exhaustive masking of motif...
		Reprioritizing potential motifs...
	14 of 25 Initial Sequence: TTGTTGGA... (-240.535)
		Round 1: -245.12 TTGTTGGA T:951.5(6.41%),B:1247.1(2.87%),P:1e-106
		Round 2: -245.12 TTGTTGGA T:951.5(6.41%),B:1247.1(2.87%),P:1e-106
		=Final=: -242.77 TTGTTGGA T:681.0(4.74%),B:640.4(1.82%),P:1e-105
		Performing exhaustive masking of motif...
		Reprioritizing potential motifs...
	15 of 25 Initial Sequence: GTCATGGT... (-238.493)
		Round 1: -391.67 GTCATGGT T:1599.0(10.54%),B:2120.4(4.82%),P:1e-170
		Round 2: -391.67 GTCATGGT T:1599.0(10.54%),B:2120.4(4.82%),P:1e-170
		=Final=: -300.57 GTCATGGT T:737.0(5.14%),B:640.7(1.82%),P:1e-130
		Performing exhaustive masking of motif...
		Reprioritizing potential motifs...
	16 of 25 Initial Sequence: TTGCCTTG... (-231.968)
		Round 1: -231.97 TTGCCTTG T:762.3(5.17%),B:924.5(2.13%),P:1e-100
		Round 2: -231.97 TTGCCTTG T:762.3(5.17%),B:924.5(2.13%),P:1e-100
		=Final=: -320.38 TTGCCTTG T:916.0(6.38%),B:873.9(2.49%),P:1e-139
		Performing exhaustive masking of motif...
		Reprioritizing potential motifs...
	17 of 25 Initial Sequence: GAACAGAC... (-198.523)
		Round 1: -198.52 GAACAGAC T:530.4(3.63%),B:576.0(1.33%),P:1e-86
		Round 2: -198.52 GAACAGAC T:530.4(3.63%),B:576.0(1.33%),P:1e-86
		=Final=: -262.44 GAACAGAC T:654.0(4.56%),B:573.0(1.63%),P:1e-113
		Performing exhaustive masking of motif...
		Reprioritizing potential motifs...
	18 of 25 Initial Sequence: GGCTGCTA... (-184.931)
		Round 1: -184.93 GGCTGCTA T:516.4(3.53%),B:575.7(1.33%),P:1e-80
		Round 2: -184.93 GGCTGCTA T:516.4(3.53%),B:575.7(1.33%),P:1e-80
		=Final=: -258.52 GGCTGCTA T:651.0(4.54%),B:574.9(1.63%),P:1e-112
		Performing exhaustive masking of motif...
		Reprioritizing potential motifs...
	19 of 25 Initial Sequence: GATGAAGA... (-177.887)
		Round 1: -177.89 GATGAAGA T:645.3(4.39%),B:824.4(1.90%),P:1e-77
		Round 2: -177.89 GATGAAGA T:645.3(4.39%),B:824.4(1.90%),P:1e-77
		=Final=: -252.40 GATGAAGA T:795.0(5.54%),B:797.3(2.27%),P:1e-109
		Performing exhaustive masking of motif...
		Reprioritizing potential motifs...
	20 of 25 Initial Sequence: TAGTTAGG... (-164.823)
		Round 1: -164.82 TAGTTAGG T:344.8(2.37%),B:321.0(0.75%),P:1e-71
		Round 2: -164.82 TAGTTAGG T:344.8(2.37%),B:321.0(0.75%),P:1e-71
		=Final=: -210.11 TAGTTAGG T:422.0(2.94%),B:320.1(0.91%),P:1e-91
		Performing exhaustive masking of motif...
		Reprioritizing potential motifs...
	21 of 25 Initial Sequence: CAAACCAT... (-144.385)
		Round 1: -147.04 CAAACCAT T:455.3(3.12%),B:539.2(1.25%),P:1e-63
		Round 2: -147.04 CAAACCAT T:455.3(3.12%),B:539.2(1.25%),P:1e-63
		=Final=: -226.26 CAAACCAT T:527.0(3.67%),B:442.9(1.26%),P:1e-98
		Performing exhaustive masking of motif...
		Reprioritizing potential motifs...
	22 of 25 Initial Sequence: GCACTATT... (-130.347)
		Round 1: -130.35 GCACTATT T:280.2(1.93%),B:268.7(0.62%),P:1e-56
		Round 2: -130.35 GCACTATT T:280.2(1.93%),B:268.7(0.62%),P:1e-56
		=Final=: -198.18 GCACTATT T:370.0(2.58%),B:266.8(0.76%),P:1e-86
		Performing exhaustive masking of motif...
		Reprioritizing potential motifs...
	23 of 25 Initial Sequence: CCTTGAAC... (-129.334)
		Round 1: -152.30 CCTTGAAC T:2220.8(14.33%),B:4418.0(9.79%),P:1e-66
		Round 2: -152.30 CCTTGAAC T:2220.8(14.33%),B:4418.0(9.79%),P:1e-66
		=Final=: -164.09 CCTTGAAC T:949.0(6.61%),B:1241.6(3.53%),P:1e-71
		Performing exhaustive masking of motif...
		Reprioritizing potential motifs...
	24 of 25 Initial Sequence: ATGGTGCA... (-119.402)
		Round 1: -145.63 ATGGTGCA T:475.6(3.26%),B:579.6(1.34%),P:1e-63
		Round 2: -145.63 ATGGTGCA T:475.6(3.26%),B:579.6(1.34%),P:1e-63
		=Final=: -196.69 ATGGTGCA T:586.0(4.08%),B:569.3(1.62%),P:1e-85
		Performing exhaustive masking of motif...
		Reprioritizing potential motifs...
	25 of 25 Initial Sequence: GACAACAT... (-105.662)
		Round 1: -105.66 GACAACAT T:330.0(2.27%),B:394.9(0.91%),P:1e-45
		Round 2: -105.66 GACAACAT T:330.0(2.27%),B:394.9(0.91%),P:1e-45
		=Final=: -142.50 GACAACAT T:405.0(2.82%),B:383.1(1.09%),P:1e-61
		Performing exhaustive masking of motif...
		Reprioritizing potential motifs...

	Finalizing Enrichment Statistics (new in v3.4)
	Reading input files...
	50000 total sequences read
	Cache length = 11180
	Using binomial scoring
	Checking enrichment of 25 motif(s)
	|0%                                    50%                                  100%|
	=================================================================================
	Output in file: /home1/gyang/work_space/4.ProjectET/batch18_cr/7.Peak_anno/Morula_Klf5_rep3_peakAnalysis/homerMotifs.motifs8

	(Motifs in homer2 format)
	Determining similar motifs... 25 reduced to 17 motifs
	Outputing HTML and sequence logos for motif comparison...
	Checking de novo motifs against known motifs...
	Formatting HTML page...
		1 of 17 (1e-345) similar to Klf4(Zf)/mES-Klf4-ChIP-Seq(GSE11431)/Homer(0.890)
		2 of 17 (1e-280) similar to PH0017.1_Cux1_2/Jaspar(0.737)
		3 of 17 (1e-260) similar to MSX2/MA0708.1/Jaspar(0.894)
		4 of 17 (1e-249) similar to NR1I3/MA1534.1/Jaspar(0.772)
		5 of 17 (1e-223) similar to VDR/MA0693.2/Jaspar(0.772)
		6 of 17 (1e-222) similar to Hand1::Tcf3/MA0092.1/Jaspar(0.731)
		7 of 17 (1e-169) similar to PB0174.1_Sox30_2/Jaspar(0.751)
		8 of 17 (1e-162) similar to CDX2/MA0465.2/Jaspar(0.809)
		9 of 17 (1e-157) similar to Bcl6(Zf)/Liver-Bcl6-ChIP-Seq(GSE31578)/Homer(0.745)
		10 of 17 (1e-130) similar to Pax2/MA0067.1/Jaspar(0.706)
		11 of 17 (1e-114) similar to ZNF341/MA1655.1/Jaspar(0.782)
		12 of 17 (1e-112) similar to PB0055.1_Rfx4_1/Jaspar(0.686)
		13 of 17 (1e-110) similar to POL008.1_DCE_S_I/Jaspar(0.665)
		14 of 17 (1e-104) similar to NFIC/MA0161.2/Jaspar(0.731)
		15 of 17 (1e-103) similar to Stat5a/MA1624.1/Jaspar(0.752)
		16 of 17 (1e-89) similar to Arid5a/MA0602.1/Jaspar(0.688)
		17 of 17 (1e-65) similar to PB0120.1_Foxj1_2/Jaspar(0.704)
	Job finished - if results look good, please send beer to ..

	Cleaning up tmp files...

