
	Position file = Morula_Klf5_rep1_peaks.narrowPeak
	Genome = mm10
	Output Directory = /home1/gyang/work_space/4.ProjectET/batch18_cr/7.Peak_anno/Morula_Klf5_rep1_peakAnalysis
	Using actual sizes of regions (-size given)
	Fragment size set to given
	Using 7 CPUs
	Motif length set at 8,
	Found mset for "mouse", will check against vertebrates motifs
	Peak/BED file conversion summary:
		BED/Header formatted lines: 4698
		peakfile formatted lines: 0

	Peak File Statistics:
		Total Peaks: 4698
		Redundant Peak IDs: 0
		Peaks lacking information: 0 (need at least 5 columns per peak)
		Peaks with misformatted coordinates: 0 (should be integer)
		Peaks with misformatted strand: 0 (should be either +/- or 0/1)

	Peak file looks good!

	Background fragment size set to 345 (avg size of targets)
	Could not find background files for 345 bp fragments
	Below are the sizes that are already available prepared.
		133
		200
		224
		283
		330
		332
		342
		354
		356
		368
		369
		370
		373
		378
		384
		385
		390
		392
		400
		411
		416
		418
		419
		420
		423
		424
		433
		438
		442
		443
		444
		445
		447
		448
		449
		451
		454
		455
		457
		461
		463
		468
		471
		472
		475
		476
		478
		479
		486
		487
		489
		497
		502
		504
		518
		519
		521
		525
		526
		534
		536
		539
		550
		559
		560
		561
		562
		565
		566
		567
		570
		576
		586
		588
		589
		590
		595
		596
		598
		603
		607
		611
		622
		623
		624
		631
		637
		644
		648
		664
		665
		667
		671
		674
		676
		685
		694
		698
		703
		704
		709
		712
		716
		724
		735
		736
		739
		740
		741
		743
		747
		758
		780
		783
		786
		789
		815
		828
		838
		843
		848
		867
		892
		917
		926
		951
		956
		972
		973
		998
		999
		1016
		1032
		1041
		1078
		1142
		1165
		1178
		1222
		1249
		1259
		1262
		1288
		1296
		1332
		1376
		1406
		1410
		1418
		1448
		1455
		1499
		1547
		1575
		1619
		1623
		1848
		1925
		1930
		1959
		2017
		2116
		2151
		2488
		2499
		3187
		3207
		3228
		3257
		3278
		5196
		5251
		5278
		7879
		7974
		41360
	HOMER will now create background files for 345 bp fragments
	To CANCEL and rerun with a differet "-size <#>", hit <CTRL+C> now!
		5
		4
		3
		2
		1
	Preparsing genome for 345 bp fragments...(will probably take 1-5 min)
	preparse size set to 345

	By default, using /home1/homer/.//data/genomes/mm10//mm10.tss for reference positions
	Output files will be placed in /home1/homer/.//data/genomes/mm10//preparsed//mm10.345.* ...
	By default, HOMER will set the the preparsed Directory to be group read/write
chmod: changing permissions of ‘/home1/homer/.//data/genomes/mm10//preparsed/’: Operation not permitted
	Extracting sequences
	Custom genome sequence directory: /home1/homer/.//data/genomes/mm10//

	Extracting sequences from directory: /home1/homer/.//data/genomes/mm10//
	Extracting 78850 sequences from chr1
	Extracting 95373 sequences from chr2
	Extracting 64487 sequences from chr3
	Extracting 72195 sequences from chr4
	Extracting 73569 sequences from chr5
	Extracting 70369 sequences from chr6
	Extracting 88186 sequences from chr7
	Extracting 54964 sequences from chr8
	Extracting 66310 sequences from chr9
	Extracting 60888 sequences from chr10
	Extracting 72099 sequences from chr11
	Extracting 44388 sequences from chr12
	Extracting 52270 sequences from chr13
	Extracting 48231 sequences from chr14
	Extracting 44464 sequences from chr15
	Extracting 41695 sequences from chr16
	Extracting 50041 sequences from chr17
	Extracting 36271 sequences from chr18
	Extracting 34716 sequences from chr19
	Extracting 68083 sequences from chrX
	Extracting 10734 sequences from chrY
	Extracting 90 sequences from chr1_GL456211_random
	Extracting 159 sequences from chr1_GL456221_random
	Extracting 62 sequences from chr4_GL456216_random
	Extracting 258 sequences from chr4_GL456350_random
	Extracting 56 sequences from chr4_JH584292_random
	Extracting 174 sequences from chr4_JH584293_random
	Extracting 179 sequences from chr4_JH584294_random
	Extracting 214 sequences from chr5_GL456354_random
	Extracting 100 sequences from chr5_JH584296_random
	Extracting 89 sequences from chr5_JH584297_random
	Extracting 181 sequences from chr5_JH584298_random
	Extracting 422 sequences from chr5_JH584299_random
	Extracting 153 sequences from chr7_GL456219_random
	Extracting 87 sequences from chrUn_JH584304
	Extracting 290 sequences from chrX_GL456233_random
		3178 of 1230556 removed because they had >70.00% Ns (i.e. masked repeats)

	Sequences processed:
		Auto detected maximum sequence length of 345 bp
		100000
		200000
		300000
		400000
		500000
		600000
		700000
		800000
		900000
		1000000
		1100000
		1200000
		1227378 total

	Frequency Bins: 0.01 0.02 0.03 0.04 0.05 0.06 0.08 0.1 0.12 0.14 0.16
	Freq	Bin	Count
	0.01	0	760511
	0.02	1	289416
	0.03	2	106894
	0.04	3	22274
	0.05	4	13241
	0.06	5	6391
	0.08	6	10442
	0.1	7	7381
	0.12	8	5152
	0.14	9	3191
	0.16	10	1663
	11	11	822
	Frequency Bins: 0.2 0.25 0.3 0.35 0.4 0.45 0.5 0.6 0.7 0.8
	Freq	Bin	Count
	0.2	0	210
	0.25	1	3256
	0.3	2	26326
	0.35	3	102692
	0.4	4	238145
	0.45	5	333987
	0.5	6	283140
	0.6	7	202815
	0.7	8	27279
	0.8	9	8710
	10	10	818

	Custom genome sequence directory: /home1/homer/.//data/genomes/mm10//

	Extracting sequences from directory: /home1/homer/.//data/genomes/mm10//
	Extracting 249 sequences from chr1
	Extracting 366 sequences from chr2
	Extracting 198 sequences from chr3
	Extracting 392 sequences from chr4
	Extracting 371 sequences from chr5
	Extracting 201 sequences from chr6
	Extracting 323 sequences from chr7
	Extracting 238 sequences from chr8
	Extracting 255 sequences from chr9
	Extracting 268 sequences from chr10
	Extracting 383 sequences from chr11
	Extracting 170 sequences from chr12
	Extracting 192 sequences from chr13
	Extracting 142 sequences from chr14
	Extracting 162 sequences from chr15
	Extracting 175 sequences from chr16
	Extracting 265 sequences from chr17
	Extracting 149 sequences from chr18
	Extracting 154 sequences from chr19
	Extracting 39 sequences from chrX
	Extracting 2 sequences from chrY
	Extracting 4 sequences from chrM

	Not removing redundant sequences


	Sequences processed:
		Auto detected maximum sequence length of 593 bp
		4698 total

	Frequency Bins: 0.2 0.25 0.3 0.35 0.4 0.45 0.5 0.6 0.7 0.8
	Freq	Bin	Count
	0.3	2	9
	0.35	3	54
	0.4	4	264
	0.45	5	759
	0.5	6	1224
	0.6	7	1605
	0.7	8	613
	0.8	9	165
	10	10	5

	Total sequences set to 50000

	Choosing background that matches in CpG/GC content...
	Bin	# Targets	# Background	Background Weight
	2	9	87	0.998
	3	54	521	0.999
	4	264	2546	1.000
	5	759	7319	1.000
	6	1224	11803	1.000
	7	1605	15477	1.000
	8	613	5911	1.000
	9	165	1591	1.000
	10	5	48	1.004
	Assembling sequence file...
	Normalizing lower order oligos using homer2

	Reading input files...
	50001 total sequences read
	Autonormalization: 1-mers (4 total)
		A	24.21%	24.50%	0.988
		C	25.79%	25.50%	1.011
		G	25.79%	25.50%	1.011
		T	24.21%	24.50%	0.988
	Autonormalization: 2-mers (16 total)
		AA	6.64%	6.42%	1.034
		CA	7.24%	7.55%	0.959
		GA	6.30%	6.36%	0.991
		TA	3.96%	4.16%	0.953
		AC	5.32%	5.27%	1.009
		CC	7.73%	7.65%	1.010
		GC	6.50%	6.23%	1.043
		TC	6.30%	6.36%	0.991
		AG	7.86%	7.96%	0.988
		CG	2.94%	2.35%	1.249
		GG	7.73%	7.65%	1.010
		TG	7.24%	7.55%	0.959
		AT	4.42%	4.84%	0.913
		CT	7.86%	7.96%	0.988
		GT	5.32%	5.27%	1.009
		TT	6.64%	6.42%	1.034
	Autonormalization: 3-mers (64 total)
	Normalization weights can be found in file: /home1/gyang/work_space/4.ProjectET/batch18_cr/7.Peak_anno/Morula_Klf5_rep1_peakAnalysis/seq.autonorm.tsv
	Converging on autonormalization solution:
	...............................................................................
	Final normalization:	Autonormalization: 1-mers (4 total)
		A	24.21%	24.19%	1.001
		C	25.79%	25.81%	0.999
		G	25.79%	25.81%	0.999
		T	24.21%	24.19%	1.001
	Autonormalization: 2-mers (16 total)
		AA	6.64%	6.58%	1.008
		CA	7.24%	7.30%	0.991
		GA	6.30%	6.31%	0.999
		TA	3.96%	4.00%	0.991
		AC	5.32%	5.26%	1.013
		CC	7.73%	7.75%	0.998
		GC	6.50%	6.50%	1.000
		TC	6.30%	6.31%	0.999
		AG	7.86%	7.84%	1.002
		CG	2.94%	2.92%	1.007
		GG	7.73%	7.75%	0.998
		TG	7.24%	7.30%	0.991
		AT	4.42%	4.51%	0.980
		CT	7.86%	7.84%	1.002
		GT	5.32%	5.26%	1.013
		TT	6.64%	6.58%	1.008
	Autonormalization: 3-mers (64 total)
	Finished preparing sequence/group files

	----------------------------------------------------------
	Known motif enrichment

	Reading input files...
	50001 total sequences read
	440 motifs loaded
	Cache length = 11180
	Using binomial scoring
	Checking enrichment of 440 motif(s)
	|0%                                    50%                                  100%|
	=================================================================================
	Preparing HTML output with sequence logos...
		1 of 440 (1e-72) Klf4(Zf)/mES-Klf4-ChIP-Seq(GSE11431)/Homer
		2 of 440 (1e-61) EKLF(Zf)/Erythrocyte-Klf1-ChIP-Seq(GSE20478)/Homer
		3 of 440 (1e-60) KLF1(Zf)/HUDEP2-KLF1-CutnRun(GSE136251)/Homer
		4 of 440 (1e-48) KLF3(Zf)/MEF-Klf3-ChIP-Seq(GSE44748)/Homer
		5 of 440 (1e-44) KLF5(Zf)/LoVo-KLF5-ChIP-Seq(GSE49402)/Homer
		6 of 440 (1e-37) Klf9(Zf)/GBM-Klf9-ChIP-Seq(GSE62211)/Homer
		7 of 440 (1e-35) KLF6(Zf)/PDAC-KLF6-ChIP-Seq(GSE64557)/Homer
		8 of 440 (1e-25) Sp2(Zf)/HEK293-Sp2.eGFP-ChIP-Seq(Encode)/Homer
		9 of 440 (1e-22) SF1(NR)/H295R-Nr5a1-ChIP-Seq(GSE44220)/Homer
		10 of 440 (1e-21) Sp1(Zf)/Promoter/Homer
		11 of 440 (1e-20) KLF10(Zf)/HEK293-KLF10.GFP-ChIP-Seq(GSE58341)/Homer
		12 of 440 (1e-19) RARg(NR)/ES-RARg-ChIP-Seq(GSE30538)/Homer
		13 of 440 (1e-18) RAR:RXR(NR),DR0/ES-RAR-ChIP-Seq(GSE56893)/Homer
		14 of 440 (1e-16) KLF14(Zf)/HEK293-KLF14.GFP-ChIP-Seq(GSE58341)/Homer
		15 of 440 (1e-15) Sp5(Zf)/mES-Sp5.Flag-ChIP-Seq(GSE72989)/Homer
		16 of 440 (1e-14) TEAD1(TEAD)/HepG2-TEAD1-ChIP-Seq(Encode)/Homer
		17 of 440 (1e-12) TEAD3(TEA)/HepG2-TEAD3-ChIP-Seq(Encode)/Homer
		18 of 440 (1e-12) TEAD4(TEA)/Tropoblast-Tead4-ChIP-Seq(GSE37350)/Homer
		19 of 440 (1e-11) Unknown(Homeobox)/Limb-p300-ChIP-Seq/Homer
		20 of 440 (1e-11) Nr5a2(NR)/Pancreas-LRH1-ChIP-Seq(GSE34295)/Homer
		21 of 440 (1e-10) Nr5a2(NR)/mES-Nr5a2-ChIP-Seq(GSE19019)/Homer
		22 of 440 (1e-8) Pax8(Paired,Homeobox)/Thyroid-Pax8-ChIP-Seq(GSE26938)/Homer
		23 of 440 (1e-7) DLX5(Homeobox)/BasalGanglia-Dlx5-ChIP-seq(GSE124936)/Homer
		24 of 440 (1e-6) CTCF(Zf)/CD4+-CTCF-ChIP-Seq(Barski_et_al.)/Homer
		25 of 440 (1e-6) PRDM10(Zf)/HEK293-PRDM10.eGFP-ChIP-Seq(Encode)/Homer
		26 of 440 (1e-6) Stat3(Stat)/mES-Stat3-ChIP-Seq(GSE11431)/Homer
		27 of 440 (1e-6) E2F7(E2F)/Hela-E2F7-ChIP-Seq(GSE32673)/Homer
		28 of 440 (1e-6) Otx2(Homeobox)/EpiLC-Otx2-ChIP-Seq(GSE56098)/Homer
		29 of 440 (1e-5) E-box(bHLH)/Promoter/Homer
		30 of 440 (1e-5) TEAD(TEA)/Fibroblast-PU.1-ChIP-Seq(Unpublished)/Homer
		31 of 440 (1e-5) Brachyury(T-box)/Mesoendoderm-Brachyury-ChIP-exo(GSE54963)/Homer
		32 of 440 (1e-5) E2F4(E2F)/K562-E2F4-ChIP-Seq(GSE31477)/Homer
		33 of 440 (1e-5) TEAD2(TEA)/Py2T-Tead2-ChIP-Seq(GSE55709)/Homer
		34 of 440 (1e-4) TFE3(bHLH)/MEF-TFE3-ChIP-Seq(GSE75757)/Homer
		35 of 440 (1e-4) BORIS(Zf)/K562-CTCFL-ChIP-Seq(GSE32465)/Homer
		36 of 440 (1e-4) HOXB13(Homeobox)/ProstateTumor-HOXB13-ChIP-Seq(GSE56288)/Homer
		37 of 440 (1e-4) GFY(?)/Promoter/Homer
		38 of 440 (1e-4) Tbx21(T-box)/GM12878-TBX21-ChIP-Seq(Encode)/Homer
		39 of 440 (1e-4) NFE2L2(bZIP)/HepG2-NFE2L2-ChIP-Seq(Encode)/Homer
		40 of 440 (1e-3) FOXA1:AR(Forkhead,NR)/LNCAP-AR-ChIP-Seq(GSE27824)/Homer
		41 of 440 (1e-3) Stat3+il21(Stat)/CD4-Stat3-ChIP-Seq(GSE19198)/Homer
		42 of 440 (1e-3) Elk4(ETS)/Hela-Elk4-ChIP-Seq(GSE31477)/Homer
		43 of 440 (1e-3) Bcl6(Zf)/Liver-Bcl6-ChIP-Seq(GSE31578)/Homer
		44 of 440 (1e-3) E2F1(E2F)/Hela-E2F1-ChIP-Seq(GSE22478)/Homer
		45 of 440 (1e-3) Pitx1(Homeobox)/Chicken-Pitx1-ChIP-Seq(GSE38910)/Homer
		46 of 440 (1e-3) RORa(NR)/Liver-Rora-ChIP-Seq(GSE101115)/Homer
		47 of 440 (1e-3) Tbet(T-box)/CD8-Tbet-ChIP-Seq(GSE33802)/Homer
		48 of 440 (1e-3) Barx1(Homeobox)/Stomach-Barx1.3xFlag-ChIP-Seq(GSE69483)/Homer
		49 of 440 (1e-3) ELF1(ETS)/Jurkat-ELF1-ChIP-Seq(SRA014231)/Homer
		50 of 440 (1e-3) Elk1(ETS)/Hela-Elk1-ChIP-Seq(GSE31477)/Homer
		51 of 440 (1e-3) Esrrb(NR)/mES-Esrrb-ChIP-Seq(GSE11431)/Homer
		52 of 440 (1e-3) ETS(ETS)/Promoter/Homer
		53 of 440 (1e-3) Gata1(Zf)/K562-GATA1-ChIP-Seq(GSE18829)/Homer
		54 of 440 (1e-3) CDX4(Homeobox)/ZebrafishEmbryos-Cdx4.Myc-ChIP-Seq(GSE48254)/Homer
		55 of 440 (1e-2) CRX(Homeobox)/Retina-Crx-ChIP-Seq(GSE20012)/Homer
		56 of 440 (1e-2) TRPS1(Zf)/MCF7-TRPS1-ChIP-Seq(GSE107013)/Homer
		57 of 440 (1e-2) Gata4(Zf)/Heart-Gata4-ChIP-Seq(GSE35151)/Homer
		58 of 440 (1e-2) ERRg(NR)/Kidney-ESRRG-ChIP-Seq(GSE104905)/Homer
		59 of 440 (1e-2) ETV4(ETS)/HepG2-ETV4-ChIP-Seq(ENCODE)/Homer
		60 of 440 (1e-2) Tbr1(T-box)/Cortex-Tbr1-ChIP-Seq(GSE71384)/Homer
		61 of 440 (1e-2) GSC(Homeobox)/FrogEmbryos-GSC-ChIP-Seq(DRA000576)/Homer
		62 of 440 (1e-2) Tbx6(T-box)/ESC-Tbx6-ChIP-Seq(GSE93524)/Homer
		63 of 440 (1e-2) Ronin(THAP)/ES-Thap11-ChIP-Seq(GSE51522)/Homer
		64 of 440 (1e-2) RORgt(NR)/EL4-RORgt.Flag-ChIP-Seq(GSE56019)/Homer
		65 of 440 (1e-2) RORgt(NR)/EL4-RORgt.Flag-ChIP-Seq(GSE56019)/Homer
		66 of 440 (1e-2) Lhx3(Homeobox)/Neuron-Lhx3-ChIP-Seq(GSE31456)/Homer
		67 of 440 (1e-2) STAT4(Stat)/CD4-Stat4-ChIP-Seq(GSE22104)/Homer
		68 of 440 (1e-2) GABPA(ETS)/Jurkat-GABPa-ChIP-Seq(GSE17954)/Homer
		69 of 440 (1e-2) Nrf2(bZIP)/Lymphoblast-Nrf2-ChIP-Seq(GSE37589)/Homer
		70 of 440 (1e-2) GATA3(Zf)/iTreg-Gata3-ChIP-Seq(GSE20898)/Homer
		71 of 440 (1e-2) E2F6(E2F)/Hela-E2F6-ChIP-Seq(GSE31477)/Homer
		72 of 440 (1e-2) Gata2(Zf)/K562-GATA2-ChIP-Seq(GSE18829)/Homer
		73 of 440 (1e-2) Smad4(MAD)/ESC-SMAD4-ChIP-Seq(GSE29422)/Homer
		74 of 440 (1e-2) Lhx2(Homeobox)/HFSC-Lhx2-ChIP-Seq(GSE48068)/Homer
		75 of 440 (1e-2) Lhx1(Homeobox)/EmbryoCarcinoma-Lhx1-ChIP-Seq(GSE70957)/Homer
		76 of 440 (1e-2) Jun-AP1(bZIP)/K562-cJun-ChIP-Seq(GSE31477)/Homer
		77 of 440 (1e-2) c-Myc(bHLH)/LNCAP-cMyc-ChIP-Seq(Unpublished)/Homer
		78 of 440 (1e-2) Hoxd13(Homeobox)/ChickenMSG-Hoxd13.Flag-ChIP-Seq(GSE86088)/Homer
	----------------------------------------------------------
	De novo motif finding (HOMER)

	Number of Trial motifs (-T) set to 7 (from 10) to work well with 7 CPUs
	Scanning input files...
	Parsing sequences...
	|0%                                   50%                                  100%|
	================================================================================
	Total number of Oligos: 32896
	Autoadjustment for sequence coverage in background: 1.18x

	Oligos: 32896 of 34497 max
	Tree  : 67316 of 172485 max
	Optimizing memory usage...
	Cache length = 11180
	Using binomial scoring

	Global Optimization Phase: Looking for enriched oligos with up to 2 mismatches...

	Screening oligos 32896 (allowing 0 mismatches):
	|0%                                   50%                                  100%|
	================================================================================
		0.05% skipped, 99.95% checked (32880 of 32896), of those checked:
		0.05% not in target, 0.00% increased p-value, 0.00% high p-value

	Screening oligos 32896 (allowing 1 mismatches):
	|0%                                   50%                                  100%|
	===============================================================================
		0.05% skipped, 99.95% checked (32880 of 32896), of those checked:
		0.00% not in target, 42.78% increased p-value, 54.83% high p-value

	Screening oligos 32896 (allowing 2 mismatches):
	|0%                                   50%                                  100%|
	===============================================================================
		66.80% skipped, 33.20% checked (10922 of 32896), of those checked:
		0.00% not in target, 24.19% increased p-value, 0.00% high p-value
	Reading input files...
	50001 total sequences read
	Cache length = 11180
	Using binomial scoring

	Local Optimization Phase:
	1 of 25 Initial Sequence: AGGTTCAG... (-192.291)
		Round 1: -192.29 AGGTTCAG T:322.8(6.63%),B:938.1(1.77%),P:1e-83
		Round 2: -192.29 AGGTTCAG T:322.8(6.63%),B:938.1(1.77%),P:1e-83
		=Final=: -137.84 AGGTTCAG T:285.0(6.07%),B:866.4(1.95%),P:1e-59
		Performing exhaustive masking of motif...
		Reprioritizing potential motifs...
	2 of 25 Initial Sequence: GGTGTGGC... (-139.544)
		Round 1: -198.65 GGTGTGGC T:616.3(12.29%),B:2662.5(4.93%),P:1e-86
		Round 2: -198.65 GGTGTGGC T:616.3(12.29%),B:2662.5(4.93%),P:1e-86
		=Final=: -131.01 GGTGTGGC T:316.0(6.73%),B:1064.8(2.39%),P:1e-56
		Performing exhaustive masking of motif...
		Reprioritizing potential motifs...
	3 of 25 Initial Sequence: TGATAATG... (-111.116)
		Round 1: -111.12 TGATAATG T:165.9(3.45%),B:445.0(0.84%),P:1e-48
		Round 2: -111.12 TGATAATG T:165.9(3.45%),B:445.0(0.84%),P:1e-48
		=Final=: -142.19 TGATAATG T:197.0(4.19%),B:433.4(0.97%),P:1e-61
		Performing exhaustive masking of motif...
		Reprioritizing potential motifs...
	4 of 25 Initial Sequence: CCCAATTA... (-96.938)
		Round 1: -98.75 CCCAATTA T:143.5(3.00%),B:375.9(0.71%),P:1e-42
		Round 2: -98.75 CCCAATTA T:143.5(3.00%),B:375.9(0.71%),P:1e-42
		=Final=: -129.04 CCCAATTA T:174.0(3.70%),B:373.3(0.84%),P:1e-56
		Performing exhaustive masking of motif...
		Reprioritizing potential motifs...
	5 of 25 Initial Sequence: GAACTCTC... (-90.588)
		Round 1: -90.59 GAACTCTC T:193.4(4.03%),B:689.1(1.30%),P:1e-39
		Round 2: -90.59 GAACTCTC T:193.4(4.03%),B:689.1(1.30%),P:1e-39
		=Final=: -119.86 GAACTCTC T:234.0(4.98%),B:682.2(1.53%),P:1e-52
		Performing exhaustive masking of motif...
		Reprioritizing potential motifs...
	6 of 25 Initial Sequence: TAAGCCAG... (-84.753)
		Round 1: -86.37 TAAGCCAG T:212.3(4.41%),B:828.9(1.56%),P:1e-37
		Round 2: -86.37 TAAGCCAG T:212.3(4.41%),B:828.9(1.56%),P:1e-37
		=Final=: -116.02 TAAGCCAG T:257.0(5.47%),B:819.0(1.84%),P:1e-50
		Performing exhaustive masking of motif...
		Reprioritizing potential motifs...
	7 of 25 Initial Sequence: AAACAAAC... (-74.061)
		Round 1: -113.19 AAACAAAC T:1498.2(27.30%),B:10741.3(18.45%),P:1e-49
		Round 2: -113.19 AAACAAAC T:1498.2(27.30%),B:10741.3(18.45%),P:1e-49
		=Final=: -40.12 AAACAAAC T:760.0(16.18%),B:5298.4(11.91%),P:1e-17
		Performing exhaustive masking of motif...
		Reprioritizing potential motifs...
	8 of 25 Initial Sequence: TGCCTGGA... (-70.510)
		Round 1: -95.28 TGCCTTGR T:731.7(14.41%),B:4628.3(8.42%),P:1e-41
		Round 2: -105.44 TGCGTTGA T:588.2(11.77%),B:3345.2(6.16%),P:1e-45
		Round 3: -105.44 TGCGTTGA T:588.2(11.77%),B:3345.2(6.16%),P:1e-45
		=Final=: -73.04 TGCGTTGA T:550.0(11.71%),B:3082.3(6.93%),P:1e-31
		Performing exhaustive masking of motif...
		Reprioritizing potential motifs...
	9 of 25 Initial Sequence: GCAGTAAA... (-69.503)
		Round 1: -69.50 GCAGTAAA T:137.4(2.87%),B:469.8(0.89%),P:1e-30
		Round 2: -69.50 GCAGTAAA T:137.4(2.87%),B:469.8(0.89%),P:1e-30
		=Final=: -83.47 GCAGTAAA T:161.0(3.43%),B:466.1(1.05%),P:1e-36
		Performing exhaustive masking of motif...
		Reprioritizing potential motifs...
	10 of 25 Initial Sequence: TTATAAGA... (-62.386)
		Round 1: -72.51 TTATAAGA T:181.6(3.78%),B:716.3(1.35%),P:1e-31
		Round 2: -72.51 TTATAAGA T:181.6(3.78%),B:716.3(1.35%),P:1e-31
		=Final=: -78.38 TTATAAGA T:151.0(3.21%),B:437.8(0.98%),P:1e-34
		Performing exhaustive masking of motif...
		Reprioritizing potential motifs...
	11 of 25 Initial Sequence: AGGGAGTG... (-53.081)
		Round 1: -60.21 TGGGHGTG T:1150.9(21.71%),B:9036.1(15.77%),P:1e-26
		Round 2: -60.21 TGGGHGTG T:1150.9(21.71%),B:9036.1(15.77%),P:1e-26
		=Final=: -63.09 TGGGHGTG T:369.0(7.85%),B:1896.4(4.26%),P:1e-27
		Performing exhaustive masking of motif...
		Reprioritizing potential motifs...
	12 of 25 Initial Sequence: GGAGTGGC... (-52.087)
		Round 1: -65.84 GGAGTGGC T:1853.8(32.60%),B:15349.1(25.29%),P:1e-28
		Round 2: -80.85 GGCGGGGC T:1896.3(33.21%),B:15203.6(25.08%),P:1e-35
		Round 3: -80.85 GGCGGGGC T:1896.3(33.21%),B:15203.6(25.08%),P:1e-35
		=Final=: -65.41 GGCGGGGC T:1427.0(30.37%),B:10354.8(23.28%),P:1e-28
		Performing exhaustive masking of motif...
		Reprioritizing potential motifs...
	13 of 25 Initial Sequence: CTGCCATG... (-49.683)
		Round 1: -49.68 CTGCCATG T:191.0(3.98%),B:960.9(1.81%),P:1e-21
		Round 2: -49.68 CTGCCATG T:191.0(3.98%),B:960.9(1.81%),P:1e-21
		=Final=: -64.97 CTGCCATG T:226.0(4.81%),B:933.9(2.10%),P:1e-28
		Performing exhaustive masking of motif...
		Reprioritizing potential motifs...
	14 of 25 Initial Sequence: CACCATGA... (-45.385)
		Round 1: -98.30 CACCATGA T:455.8(9.23%),B:2418.1(4.49%),P:1e-42
		Round 2: -98.30 CACCATGA T:455.8(9.23%),B:2418.1(4.49%),P:1e-42
		=Final=: -72.92 CACCATGA T:310.0(6.60%),B:1404.3(3.16%),P:1e-31
		Performing exhaustive masking of motif...
		Reprioritizing potential motifs...
	15 of 25 Initial Sequence: GCACCATG... (-44.685)
		Round 1: -45.48 GCACCATG T:145.9(3.04%),B:665.4(1.26%),P:1e-19
		Round 2: -45.48 GCACCATG T:145.9(3.04%),B:665.4(1.26%),P:1e-19
		=Final=: -64.51 GCACCATG T:179.0(3.81%),B:656.4(1.48%),P:1e-28
		Performing exhaustive masking of motif...
		Reprioritizing potential motifs...
	16 of 25 Initial Sequence: TTGTTGGA... (-43.246)
		Round 1: -51.63 TTGTTGGA T:255.4(5.28%),B:1419.3(2.66%),P:1e-22
		Round 2: -51.63 TTGTTGGA T:255.4(5.28%),B:1419.3(2.66%),P:1e-22
		=Final=: -43.81 TTGTTGGA T:147.0(3.13%),B:599.7(1.35%),P:1e-19
		Performing exhaustive masking of motif...
		Reprioritizing potential motifs...
	17 of 25 Initial Sequence: GATGAAGA... (-43.232)
		Round 1: -46.04 GATGAAGA T:252.1(5.22%),B:1461.8(2.74%),P:1e-19
		Round 2: -46.04 GATGAAGA T:252.1(5.22%),B:1461.8(2.74%),P:1e-19
		=Final=: -55.29 GATGAAGA T:192.0(4.09%),B:793.1(1.78%),P:1e-24
		Performing exhaustive masking of motif...
		Reprioritizing potential motifs...
	18 of 25 Initial Sequence: AATGTTGT... (-40.115)
		Round 1: -40.80 AATGTTGT T:166.1(3.47%),B:861.7(1.62%),P:1e-17
		Round 2: -40.80 AATGTTGT T:166.1(3.47%),B:861.7(1.62%),P:1e-17
		=Final=: -56.55 AATGTTGT T:149.0(3.17%),B:531.7(1.20%),P:1e-24
		Performing exhaustive masking of motif...
		Reprioritizing potential motifs...
	19 of 25 Initial Sequence: GTTCAAGG... (-39.109)
		Round 1: -46.25 GTTCAAGG T:282.9(5.83%),B:1693.3(3.16%),P:1e-20
		Round 2: -46.25 GTTCAAGG T:282.9(5.83%),B:1693.3(3.16%),P:1e-20
		=Final=: -52.66 GTTCAAGG T:316.0(6.73%),B:1638.4(3.68%),P:1e-22
		Performing exhaustive masking of motif...
		Reprioritizing potential motifs...
	20 of 25 Initial Sequence: CTAACTAA... (-38.497)
		Round 1: -49.74 CGAACKAA T:121.1(2.54%),B:478.8(0.90%),P:1e-21
		Round 2: -55.56 CGAACTAA T:133.1(2.79%),B:520.4(0.98%),P:1e-24
		Round 3: -55.56 CGAACTAA T:133.1(2.79%),B:520.4(0.98%),P:1e-24
		=Final=: -52.64 CGAACTAA T:138.0(2.94%),B:491.1(1.10%),P:1e-22
		Performing exhaustive masking of motif...
		Reprioritizing potential motifs...
	21 of 25 Initial Sequence: CTGTTCAC... (-33.587)
		Round 1: -40.29 CTGTTCAC T:233.2(4.84%),B:1382.2(2.59%),P:1e-17
		Round 2: -40.29 CTGTTCAC T:233.2(4.84%),B:1382.2(2.59%),P:1e-17
		=Final=: -51.82 CTGTTCAC T:271.0(5.77%),B:1336.1(3.00%),P:1e-22
		Performing exhaustive masking of motif...
		Reprioritizing potential motifs...
	22 of 25 Initial Sequence: CTAGCAGC... (-32.393)
		Round 1: -34.34 CTAGCAGC T:188.3(3.92%),B:1100.4(2.07%),P:1e-14
		Round 2: -35.90 CTAGCGGC T:282.9(5.83%),B:1844.6(3.44%),P:1e-15
		Round 3: -37.63 CTAGCGGC T:701.7(13.86%),B:5559.1(10.02%),P:1e-16
		Round 4: -37.63 CTAGCGGC T:701.7(13.86%),B:5559.1(10.02%),P:1e-16
		=Final=: -40.75 CTAGCGGC T:722.0(15.37%),B:4970.7(11.18%),P:1e-17
		Performing exhaustive masking of motif...
		Reprioritizing potential motifs...
	23 of 25 Initial Sequence: ACACGCCT... (-24.772)
		Round 1: -41.00 ACACGCCT T:285.9(5.89%),B:1793.9(3.35%),P:1e-17
		Round 2: -41.00 ACACGCCT T:285.9(5.89%),B:1793.9(3.35%),P:1e-17
		=Final=: -60.05 ACACGCCT T:343.0(7.30%),B:1747.1(3.93%),P:1e-26
		Performing exhaustive masking of motif...
		Reprioritizing potential motifs...
	24 of 25 Initial Sequence: GAAACCCT... (-21.228)
		Round 1: -37.45 GAAACCCT T:685.7(13.57%),B:5413.9(9.77%),P:1e-16
		Round 2: -37.45 GAAACCCT T:685.7(13.57%),B:5413.9(9.77%),P:1e-16
		=Final=: -39.00 GAAACCCT T:704.0(14.99%),B:4861.1(10.93%),P:1e-16
		Performing exhaustive masking of motif...
		Reprioritizing potential motifs...
	25 of 25 Initial Sequence: GGAATGTA... (-18.707)
		Round 1: -47.57 GGAATGTA T:1549.9(28.09%),B:13210.4(22.19%),P:1e-20
		Round 2: -48.88 GGAATGTR T:1098.7(20.84%),B:8907.7(15.56%),P:1e-21
		Round 3: -48.88 GGAATGTR T:1098.7(20.84%),B:8907.7(15.56%),P:1e-21
		=Final=: -40.94 GGAATGTR T:923.0(19.65%),B:6643.3(14.94%),P:1e-17
		Performing exhaustive masking of motif...
		Reprioritizing potential motifs...

	Finalizing Enrichment Statistics (new in v3.4)
	Reading input files...
	50001 total sequences read
	Cache length = 11180
	Using binomial scoring
	Checking enrichment of 25 motif(s)
	|0%                                    50%                                  100%|
	=================================================================================
	Output in file: /home1/gyang/work_space/4.ProjectET/batch18_cr/7.Peak_anno/Morula_Klf5_rep1_peakAnalysis/homerMotifs.motifs8

	(Motifs in homer2 format)
	Determining similar motifs... 25 reduced to 18 motifs
	Outputing HTML and sequence logos for motif comparison...
	Checking de novo motifs against known motifs...
	Formatting HTML page...
		1 of 18 (1e-61) similar to GATA5/MA0766.2/Jaspar(0.766)
		2 of 18 (1e-59) similar to VDR/MA0693.2/Jaspar(0.772)
		3 of 18 (1e-56) similar to Klf4(Zf)/mES-Klf4-ChIP-Seq(GSE11431)/Homer(0.890)
		4 of 18 (1e-56) similar to MSX2/MA0708.1/Jaspar(0.892)
		5 of 18 (1e-52) similar to NR1I3/MA1534.1/Jaspar(0.772)
		6 of 18 (1e-50) similar to Pitx1(Homeobox)/Chicken-Pitx1-ChIP-Seq(GSE38910)/Homer(0.727)
		7 of 18 (1e-36) similar to CDX2/MA0465.2/Jaspar(0.809)
		8 of 18 (1e-35) similar to PB0174.1_Sox30_2/Jaspar(0.753)
		9 of 18 (1e-32) similar to SOX18/MA1563.1/Jaspar(0.663)
		10 of 18 (1e-31) similar to TCF7/MA0769.2/Jaspar(0.648)
		11 of 18 (1e-25) similar to NFIC/MA0161.2/Jaspar(0.755)
		12 of 18 (1e-24) similar to PB0122.1_Foxk1_2/Jaspar(0.712)
		13 of 18 (1e-24) similar to POL008.1_DCE_S_I/Jaspar(0.682)
		14 of 18 (1e-22) similar to HMBOX1/MA0895.1/Jaspar(0.661)
		15 of 18 (1e-18) similar to TEAD2/MA1121.1/Jaspar(0.909)
		16 of 18 (1e-17) similar to PB0128.1_Gcm1_2/Jaspar(0.631)
		17 of 18 (1e-17) similar to PB0016.1_Foxj1_1/Jaspar(0.844)
		18 of 18 (1e-16) similar to IRF4(IRF)/GM12878-IRF4-ChIP-Seq(GSE32465)/Homer(0.739)
	Job finished - if results look good, please send beer to ..

	Cleaning up tmp files...

