This is cutadapt 1.16 with Python 3.6.4
Command line parameters: -j 2 -a CTGTCTCTTATA -A CTGTCTCTTATA --trim-n -m 50 -q 20,20 -o /home1/gyang/work_space/4.ProjectET/batch2_ct/2.cutdata/ESC_IgG_1k_rep2.R1_cut.fq -p /home1/gyang/work_space/4.ProjectET/batch2_ct/2.cutdata/ESC_IgG_1k_rep2.R2_cut.fq ESC_IgG_1k_rep2.R1.fq.gz ESC_IgG_1k_rep2.R2.fq.gz
Running on 2 cores
Trimming 2 adapters with at most 10.0% errors in paired-end mode ...
Finished in 1826.05 s (37 us/read; 1.60 M reads/minute).

=== Summary ===

Total read pairs processed:         48,766,590
  Read 1 with adapter:              12,033,858 (24.7%)
  Read 2 with adapter:              12,108,991 (24.8%)
Pairs that were too short:           1,911,104 (3.9%)
Pairs written (passing filters):    46,855,486 (96.1%)

Total basepairs processed: 14,629,977,000 bp
  Read 1: 7,314,988,500 bp
  Read 2: 7,314,988,500 bp
Quality-trimmed:              67,517,446 bp (0.5%)
  Read 1:    22,584,710 bp
  Read 2:    44,932,736 bp
Total written (filtered):  12,935,042,655 bp (88.4%)
  Read 1: 6,474,179,893 bp
  Read 2: 6,460,862,762 bp

=== First read: Adapter 1 ===

Sequence: CTGTCTCTTATA; Type: regular 3'; Length: 12; Trimmed: 12033858 times.

No. of allowed errors:
0-9 bp: 0; 10-12 bp: 1

Bases preceding removed adapters:
  A: 9.8%
  C: 43.3%
  G: 25.9%
  T: 21.0%
  none/other: 0.0%

Overview of removed sequences
length	count	expect	max.err	error counts
3	869020	761978.0	0	869020
4	294391	190494.5	0	294391
5	118941	47623.6	0	118941
6	91981	11905.9	0	91981
7	68038	2976.5	0	68038
8	62526	744.1	0	62526
9	63000	186.0	0	60789 2211
10	67649	46.5	1	61392 6257
11	70600	11.6	1	66155 4445
12	75604	2.9	1	71927 3677
13	77286	2.9	1	74684 2602
14	84601	2.9	1	80006 4595
15	77401	2.9	1	74452 2949
16	86939	2.9	1	81886 5053
17	68185	2.9	1	65097 3088
18	66355	2.9	1	63317 3038
19	67352	2.9	1	64006 3346
20	75830	2.9	1	71678 4152
21	78931	2.9	1	74839 4092
22	67719	2.9	1	65468 2251
23	114076	2.9	1	106294 7782
24	85737	2.9	1	82201 3536
25	94249	2.9	1	90549 3700
26	78567	2.9	1	75415 3152
27	74778	2.9	1	71635 3143
28	74662	2.9	1	70867 3795
29	75403	2.9	1	71439 3964
30	69825	2.9	1	67555 2270
31	78611	2.9	1	74529 4082
32	76627	2.9	1	73975 2652
33	88259	2.9	1	83845 4414
34	86853	2.9	1	83748 3105
35	85563	2.9	1	83005 2558
36	84211	2.9	1	80545 3666
37	70767	2.9	1	68743 2024
38	60780	2.9	1	58943 1837
39	73780	2.9	1	71431 2349
40	63479	2.9	1	60940 2539
41	73395	2.9	1	71252 2143
42	72100	2.9	1	70490 1610
43	90371	2.9	1	87637 2734
44	88743	2.9	1	85346 3397
45	123538	2.9	1	120272 3266
46	40491	2.9	1	38309 2182
47	59010	2.9	1	57187 1823
48	69027	2.9	1	66755 2272
49	64446	2.9	1	62500 1946
50	60616	2.9	1	58041 2575
51	100177	2.9	1	96559 3618
52	83167	2.9	1	80667 2500
53	77163	2.9	1	75140 2023
54	96639	2.9	1	94133 2506
55	93942	2.9	1	91944 1998
56	88041	2.9	1	85808 2233
57	79149	2.9	1	76984 2165
58	66910	2.9	1	64765 2145
59	74969	2.9	1	73091 1878
60	43350	2.9	1	41958 1392
61	67276	2.9	1	65018 2258
62	106268	2.9	1	103978 2290
63	102767	2.9	1	99990 2777
64	113765	2.9	1	111366 2399
65	115992	2.9	1	113329 2663
66	150401	2.9	1	148151 2250
67	81670	2.9	1	79917 1753
68	121914	2.9	1	119214 2700
69	119748	2.9	1	116951 2797
70	185458	2.9	1	181276 4182
71	13656	2.9	1	11897 1759
72	8238	2.9	1	6984 1254
73	41862	2.9	1	40520 1342
74	97844	2.9	1	95180 2664
75	130102	2.9	1	127799 2303
76	134516	2.9	1	132513 2003
77	110165	2.9	1	107454 2711
78	87962	2.9	1	86129 1833
79	66998	2.9	1	65393 1605
80	54688	2.9	1	52778 1910
81	66362	2.9	1	64119 2243
82	84923	2.9	1	82525 2398
83	134410	2.9	1	131445 2965
84	160979	2.9	1	158036 2943
85	192946	2.9	1	189219 3727
86	203977	2.9	1	200360 3617
87	173891	2.9	1	170756 3135
88	131108	2.9	1	128622 2486
89	86995	2.9	1	85061 1934
90	62304	2.9	1	60658 1646
91	51141	2.9	1	48653 2488
92	67577	2.9	1	65501 2076
93	106160	2.9	1	102137 4023
94	164762	2.9	1	161759 3003
95	221669	2.9	1	217972 3697
96	254780	2.9	1	251203 3577
97	247446	2.9	1	243733 3713
98	186720	2.9	1	183850 2870
99	137870	2.9	1	135164 2706
100	80216	2.9	1	78098 2118
101	52558	2.9	1	51012 1546
102	50585	2.9	1	49517 1068
103	75695	2.9	1	74035 1660
104	122696	2.9	1	120432 2264
105	191554	2.9	1	188841 2713
106	243686	2.9	1	240487 3199
107	281197	2.9	1	277779 3418
108	225333	2.9	1	222839 2494
109	156744	2.9	1	154484 2260
110	89969	2.9	1	88173 1796
111	52864	2.9	1	51418 1446
112	32910	2.9	1	31758 1152
113	31279	2.9	1	30490 789
114	33114	2.9	1	31541 1573
115	27586	2.9	1	26824 762
116	22911	2.9	1	21813 1098
117	30356	2.9	1	29313 1043
118	16694	2.9	1	16046 648
119	9576	2.9	1	8807 769
120	4834	2.9	1	4174 660
121	5275	2.9	1	4473 802
122	3679	2.9	1	3109 570
123	5253	2.9	1	4418 835
124	1324	2.9	1	1027 297
125	2527	2.9	1	1830 697
126	1494	2.9	1	477 1017
127	1961	2.9	1	1422 539
128	924	2.9	1	430 494
129	3627	2.9	1	3262 365
130	947	2.9	1	327 620
131	1280	2.9	1	607 673
132	905	2.9	1	199 706
133	969	2.9	1	265 704
134	806	2.9	1	300 506
135	648	2.9	1	375 273
136	563	2.9	1	236 327
137	382	2.9	1	112 270
138	1028	2.9	1	64 964
139	355	2.9	1	81 274
140	1184	2.9	1	75 1109
141	798	2.9	1	205 593
142	1974	2.9	1	142 1832
143	560	2.9	1	12 548
144	427	2.9	1	20 407
145	30	2.9	1	4 26
146	248	2.9	1	12 236
147	678	2.9	1	60 618
148	323	2.9	1	28 295
149	67	2.9	1	8 59
150	135	2.9	1	73 62

=== Second read: Adapter 2 ===

Sequence: CTGTCTCTTATA; Type: regular 3'; Length: 12; Trimmed: 12108991 times.

No. of allowed errors:
0-9 bp: 0; 10-12 bp: 1

Bases preceding removed adapters:
  A: 9.7%
  C: 43.8%
  G: 25.9%
  T: 20.6%
  none/other: 0.0%

Overview of removed sequences
length	count	expect	max.err	error counts
3	878484	761978.0	0	878484
4	289057	190494.5	0	289057
5	120369	47623.6	0	120369
6	89068	11905.9	0	89068
7	68089	2976.5	0	68089
8	60419	744.1	0	60419
9	63223	186.0	0	61324 1899
10	65391	46.5	1	60505 4886
11	73169	11.6	1	68055 5114
12	75722	2.9	1	71552 4170
13	78111	2.9	1	75048 3063
14	86211	2.9	1	80684 5527
15	77149	2.9	1	74115 3034
16	87367	2.9	1	81231 6136
17	72602	2.9	1	68389 4213
18	67753	2.9	1	64009 3744
19	68663	2.9	1	64630 4033
20	70395	2.9	1	67525 2870
21	86376	2.9	1	80585 5791
22	81772	2.9	1	76914 4858
23	99479	2.9	1	95173 4306
24	88426	2.9	1	84422 4004
25	102725	2.9	1	96352 6373
26	82049	2.9	1	78505 3544
27	74309	2.9	1	71543 2766
28	73724	2.9	1	70679 3045
29	71417	2.9	1	68522 2895
30	77420	2.9	1	73884 3536
31	77592	2.9	1	74532 3060
32	82391	2.9	1	79424 2967
33	95503	2.9	1	91794 3709
34	84943	2.9	1	81860 3083
35	83275	2.9	1	80287 2988
36	79017	2.9	1	75286 3731
37	81505	2.9	1	78432 3073
38	60952	2.9	1	58067 2885
39	90168	2.9	1	87004 3164
40	47190	2.9	1	44682 2508
41	79947	2.9	1	77224 2723
42	104420	2.9	1	101205 3215
43	62145	2.9	1	59943 2202
44	190652	2.9	1	185571 5081
45	92220	2.9	1	89166 3054
46	47850	2.9	1	46074 1776
47	110139	2.9	1	107584 2555
48	62876	2.9	1	60127 2749
49	45938	2.9	1	44453 1485
50	63405	2.9	1	61978 1427
51	51320	2.9	1	49632 1688
52	56455	2.9	1	54549 1906
53	90049	2.9	1	87791 2258
54	119670	2.9	1	117651 2019
55	64814	2.9	1	63264 1550
56	89538	2.9	1	87243 2295
57	171119	2.9	1	168474 2645
58	53078	2.9	1	51604 1474
59	48225	2.9	1	47006 1219
60	102898	2.9	1	101056 1842
61	72867	2.9	1	71263 1604
62	68577	2.9	1	66796 1781
63	169371	2.9	1	165864 3507
64	201747	2.9	1	198814 2933
65	127407	2.9	1	125343 2064
66	125975	2.9	1	123761 2214
67	130544	2.9	1	128546 1998
68	72997	2.9	1	71252 1745
69	96989	2.9	1	94954 2035
70	112270	2.9	1	110549 1721
71	84975	2.9	1	83039 1936
72	69454	2.9	1	67755 1699
73	63975	2.9	1	62234 1741
74	72873	2.9	1	70471 2402
75	70329	2.9	1	68732 1597
76	80103	2.9	1	78400 1703
77	73627	2.9	1	72042 1585
78	66403	2.9	1	65221 1182
79	56149	2.9	1	54780 1369
80	49508	2.9	1	48024 1484
81	62441	2.9	1	60439 2002
82	82272	2.9	1	80077 2195
83	131365	2.9	1	128555 2810
84	156002	2.9	1	153559 2443
85	187905	2.9	1	185464 2441
86	195163	2.9	1	192788 2375
87	166909	2.9	1	164245 2664
88	125663	2.9	1	123661 2002
89	85242	2.9	1	83483 1759
90	63400	2.9	1	61167 2233
91	51397	2.9	1	48787 2610
92	67928	2.9	1	66551 1377
93	107476	2.9	1	104262 3214
94	160732	2.9	1	158396 2336
95	218280	2.9	1	215840 2440
96	248283	2.9	1	245248 3035
97	239942	2.9	1	237798 2144
98	184225	2.9	1	182182 2043
99	137409	2.9	1	135241 2168
100	81299	2.9	1	79653 1646
101	53023	2.9	1	51671 1352
102	50770	2.9	1	49680 1090
103	74940	2.9	1	73785 1155
104	119386	2.9	1	117843 1543
105	190171	2.9	1	187704 2467
106	240452	2.9	1	237998 2454
107	277803	2.9	1	275116 2687
108	223077	2.9	1	221234 1843
109	152777	2.9	1	150909 1868
110	88015	2.9	1	86924 1091
111	52204	2.9	1	50810 1394
112	32145	2.9	1	31484 661
113	31309	2.9	1	30474 835
114	33271	2.9	1	31587 1684
115	27470	2.9	1	26494 976
116	22520	2.9	1	21996 524
117	30427	2.9	1	29039 1388
118	16537	2.9	1	15957 580
119	9621	2.9	1	8872 749
120	4866	2.9	1	4254 612
121	5297	2.9	1	4528 769
122	4216	2.9	1	3121 1095
123	5526	2.9	1	4652 874
124	1997	2.9	1	1148 849
125	2297	2.9	1	1874 423
126	1760	2.9	1	589 1171
127	1875	2.9	1	1475 400
128	1051	2.9	1	454 597
129	3727	2.9	1	3350 377
130	681	2.9	1	384 297
131	1131	2.9	1	639 492
132	471	2.9	1	201 270
133	948	2.9	1	308 640
134	838	2.9	1	321 517
135	749	2.9	1	379 370
136	416	2.9	1	208 208
137	535	2.9	1	125 410
138	753	2.9	1	76 677
139	303	2.9	1	83 220
140	537	2.9	1	73 464
141	690	2.9	1	242 448
142	2122	2.9	1	195 1927
143	432	2.9	1	12 420
144	201	2.9	1	18 183
145	47	2.9	1	5 42
146	272	2.9	1	13 259
147	853	2.9	1	66 787
148	404	2.9	1	30 374
149	120	2.9	1	6 114
150	252	2.9	1	77 175

