INFO  @ Fri, 29 Oct 2021 13:13:04: 
# Command line: callpeak -t ESC_Tfap2c_1k_rep2.duprm.bam -f BAMPE -g mm -n ESC_Tfap2c_1k_rep2 -B -q 0.01 --keep-dup 1 --outdir /home1/gyang/work_space/4.ProjectET/batch21_cr/6.peak2
# ARGUMENTS LIST:
# name = ESC_Tfap2c_1k_rep2
# format = BAMPE
# ChIP-seq file = ['ESC_Tfap2c_1k_rep2.duprm.bam']
# control file = None
# effective genome size = 1.87e+09
# band width = 300
# model fold = [5, 50]
# qvalue cutoff = 1.00e-02
# Larger dataset will be scaled towards smaller dataset.
# Range for calculating regional lambda is: 10000 bps
# Broad region calling is off
# Paired-End mode is on
 
INFO  @ Fri, 29 Oct 2021 13:13:04: #1 read fragment files... 
INFO  @ Fri, 29 Oct 2021 13:13:04: #1 read treatment fragments... 
INFO  @ Fri, 29 Oct 2021 13:13:18:  1000000 
INFO  @ Fri, 29 Oct 2021 13:13:32:  2000000 
INFO  @ Fri, 29 Oct 2021 13:13:45:  3000000 
INFO  @ Fri, 29 Oct 2021 13:13:59:  4000000 
INFO  @ Fri, 29 Oct 2021 13:14:13:  5000000 
INFO  @ Fri, 29 Oct 2021 13:14:27:  6000000 
INFO  @ Fri, 29 Oct 2021 13:14:41:  7000000 
INFO  @ Fri, 29 Oct 2021 13:14:55:  8000000 
INFO  @ Fri, 29 Oct 2021 13:15:09:  9000000 
INFO  @ Fri, 29 Oct 2021 13:15:24:  10000000 
INFO  @ Fri, 29 Oct 2021 13:15:38:  11000000 
INFO  @ Fri, 29 Oct 2021 13:15:52:  12000000 
INFO  @ Fri, 29 Oct 2021 13:16:06:  13000000 
INFO  @ Fri, 29 Oct 2021 13:16:20:  14000000 
INFO  @ Fri, 29 Oct 2021 13:16:34:  15000000 
INFO  @ Fri, 29 Oct 2021 13:16:48:  16000000 
INFO  @ Fri, 29 Oct 2021 13:17:02:  17000000 
INFO  @ Fri, 29 Oct 2021 13:17:15:  18000000 
INFO  @ Fri, 29 Oct 2021 13:17:28: #1 mean fragment size is determined as 259 bp from treatment 
INFO  @ Fri, 29 Oct 2021 13:17:28: #1 fragment size = 259 
INFO  @ Fri, 29 Oct 2021 13:17:28: #1  total fragments in treatment: 18115530 
INFO  @ Fri, 29 Oct 2021 13:17:28: #1 user defined the maximum fragments... 
INFO  @ Fri, 29 Oct 2021 13:17:28: #1 filter out redundant fragments by allowing at most 1 identical fragment(s) 
INFO  @ Fri, 29 Oct 2021 13:18:05: #1  fragments after filtering in treatment: 18109785 
INFO  @ Fri, 29 Oct 2021 13:18:05: #1  Redundant rate of treatment: 0.00 
INFO  @ Fri, 29 Oct 2021 13:18:05: #1 finished! 
INFO  @ Fri, 29 Oct 2021 13:18:05: #2 Build Peak Model... 
INFO  @ Fri, 29 Oct 2021 13:18:05: #2 Skipped... 
INFO  @ Fri, 29 Oct 2021 13:18:05: #2 Use 259 as fragment length 
INFO  @ Fri, 29 Oct 2021 13:18:05: #3 Call peaks... 
INFO  @ Fri, 29 Oct 2021 13:18:05: #3 Pre-compute pvalue-qvalue table... 
INFO  @ Fri, 29 Oct 2021 13:19:08: #3 In the peak calling step, the following will be performed simultaneously: 
INFO  @ Fri, 29 Oct 2021 13:19:08: #3   Write bedGraph files for treatment pileup (after scaling if necessary)... ESC_Tfap2c_1k_rep2_treat_pileup.bdg 
INFO  @ Fri, 29 Oct 2021 13:19:08: #3   Write bedGraph files for control lambda (after scaling if necessary)... ESC_Tfap2c_1k_rep2_control_lambda.bdg 
INFO  @ Fri, 29 Oct 2021 13:19:08: #3   Pileup will be based on sequencing depth in treatment. 
INFO  @ Fri, 29 Oct 2021 13:19:08: #3 Call peaks for each chromosome... 
INFO  @ Fri, 29 Oct 2021 13:21:32: #4 Write output xls file... /home1/gyang/work_space/4.ProjectET/batch21_cr/6.peak2/ESC_Tfap2c_1k_rep2_peaks.xls 
INFO  @ Fri, 29 Oct 2021 13:21:32: #4 Write peak in narrowPeak format file... /home1/gyang/work_space/4.ProjectET/batch21_cr/6.peak2/ESC_Tfap2c_1k_rep2_peaks.narrowPeak 
INFO  @ Fri, 29 Oct 2021 13:21:32: #4 Write summits bed file... /home1/gyang/work_space/4.ProjectET/batch21_cr/6.peak2/ESC_Tfap2c_1k_rep2_summits.bed 
INFO  @ Fri, 29 Oct 2021 13:21:32: Done! 
