INFO  @ Fri, 29 Oct 2021 13:13:04: 
# Command line: callpeak -t ESC_Tfap2c_10k_rep1.duprm.bam -f BAMPE -g mm -n ESC_Tfap2c_10k_rep1 -B -q 0.01 --keep-dup 1 --outdir /home1/gyang/work_space/4.ProjectET/batch21_cr/6.peak2
# ARGUMENTS LIST:
# name = ESC_Tfap2c_10k_rep1
# format = BAMPE
# ChIP-seq file = ['ESC_Tfap2c_10k_rep1.duprm.bam']
# control file = None
# effective genome size = 1.87e+09
# band width = 300
# model fold = [5, 50]
# qvalue cutoff = 1.00e-02
# Larger dataset will be scaled towards smaller dataset.
# Range for calculating regional lambda is: 10000 bps
# Broad region calling is off
# Paired-End mode is on
 
INFO  @ Fri, 29 Oct 2021 13:13:04: #1 read fragment files... 
INFO  @ Fri, 29 Oct 2021 13:13:04: #1 read treatment fragments... 
INFO  @ Fri, 29 Oct 2021 13:13:17:  1000000 
INFO  @ Fri, 29 Oct 2021 13:13:31:  2000000 
INFO  @ Fri, 29 Oct 2021 13:13:44:  3000000 
INFO  @ Fri, 29 Oct 2021 13:13:58:  4000000 
INFO  @ Fri, 29 Oct 2021 13:14:12:  5000000 
INFO  @ Fri, 29 Oct 2021 13:14:25:  6000000 
INFO  @ Fri, 29 Oct 2021 13:14:39:  7000000 
INFO  @ Fri, 29 Oct 2021 13:14:53:  8000000 
INFO  @ Fri, 29 Oct 2021 13:15:07:  9000000 
INFO  @ Fri, 29 Oct 2021 13:15:20:  10000000 
INFO  @ Fri, 29 Oct 2021 13:15:34:  11000000 
INFO  @ Fri, 29 Oct 2021 13:15:48:  12000000 
INFO  @ Fri, 29 Oct 2021 13:16:01:  13000000 
INFO  @ Fri, 29 Oct 2021 13:16:15:  14000000 
INFO  @ Fri, 29 Oct 2021 13:16:29:  15000000 
INFO  @ Fri, 29 Oct 2021 13:16:42:  16000000 
INFO  @ Fri, 29 Oct 2021 13:16:56:  17000000 
INFO  @ Fri, 29 Oct 2021 13:17:10:  18000000 
INFO  @ Fri, 29 Oct 2021 13:17:23:  19000000 
INFO  @ Fri, 29 Oct 2021 13:17:37:  20000000 
INFO  @ Fri, 29 Oct 2021 13:17:51:  21000000 
INFO  @ Fri, 29 Oct 2021 13:18:04:  22000000 
INFO  @ Fri, 29 Oct 2021 13:18:18:  23000000 
INFO  @ Fri, 29 Oct 2021 13:18:31:  24000000 
INFO  @ Fri, 29 Oct 2021 13:18:45:  25000000 
INFO  @ Fri, 29 Oct 2021 13:18:59:  26000000 
INFO  @ Fri, 29 Oct 2021 13:19:12:  27000000 
INFO  @ Fri, 29 Oct 2021 13:19:26:  28000000 
INFO  @ Fri, 29 Oct 2021 13:19:40:  29000000 
INFO  @ Fri, 29 Oct 2021 13:19:58: #1 mean fragment size is determined as 220 bp from treatment 
INFO  @ Fri, 29 Oct 2021 13:19:58: #1 fragment size = 220 
INFO  @ Fri, 29 Oct 2021 13:19:58: #1  total fragments in treatment: 29035296 
INFO  @ Fri, 29 Oct 2021 13:19:58: #1 user defined the maximum fragments... 
INFO  @ Fri, 29 Oct 2021 13:19:58: #1 filter out redundant fragments by allowing at most 1 identical fragment(s) 
INFO  @ Fri, 29 Oct 2021 13:20:57: #1  fragments after filtering in treatment: 29030826 
INFO  @ Fri, 29 Oct 2021 13:20:57: #1  Redundant rate of treatment: 0.00 
INFO  @ Fri, 29 Oct 2021 13:20:57: #1 finished! 
INFO  @ Fri, 29 Oct 2021 13:20:57: #2 Build Peak Model... 
INFO  @ Fri, 29 Oct 2021 13:20:57: #2 Skipped... 
INFO  @ Fri, 29 Oct 2021 13:20:57: #2 Use 220 as fragment length 
INFO  @ Fri, 29 Oct 2021 13:20:57: #3 Call peaks... 
INFO  @ Fri, 29 Oct 2021 13:20:57: #3 Pre-compute pvalue-qvalue table... 
INFO  @ Fri, 29 Oct 2021 13:22:37: #3 In the peak calling step, the following will be performed simultaneously: 
INFO  @ Fri, 29 Oct 2021 13:22:37: #3   Write bedGraph files for treatment pileup (after scaling if necessary)... ESC_Tfap2c_10k_rep1_treat_pileup.bdg 
INFO  @ Fri, 29 Oct 2021 13:22:37: #3   Write bedGraph files for control lambda (after scaling if necessary)... ESC_Tfap2c_10k_rep1_control_lambda.bdg 
INFO  @ Fri, 29 Oct 2021 13:22:37: #3   Pileup will be based on sequencing depth in treatment. 
INFO  @ Fri, 29 Oct 2021 13:22:37: #3 Call peaks for each chromosome... 
INFO  @ Fri, 29 Oct 2021 13:26:02: #4 Write output xls file... /home1/gyang/work_space/4.ProjectET/batch21_cr/6.peak2/ESC_Tfap2c_10k_rep1_peaks.xls 
INFO  @ Fri, 29 Oct 2021 13:26:02: #4 Write peak in narrowPeak format file... /home1/gyang/work_space/4.ProjectET/batch21_cr/6.peak2/ESC_Tfap2c_10k_rep1_peaks.narrowPeak 
INFO  @ Fri, 29 Oct 2021 13:26:02: #4 Write summits bed file... /home1/gyang/work_space/4.ProjectET/batch21_cr/6.peak2/ESC_Tfap2c_10k_rep1_summits.bed 
INFO  @ Fri, 29 Oct 2021 13:26:02: Done! 
