
	Position file = TE_Tfap2c_rep2_peaks.narrowPeak
	Genome = mm10
	Output Directory = /home1/gyang/work_space/4.ProjectET/batch19_cr/7.Peak_anno/TE_Tfap2c_rep2_peakAnalysis
	Using actual sizes of regions (-size given)
	Fragment size set to given
	Using 7 CPUs
	Motif length set at 8,
	Found mset for "mouse", will check against vertebrates motifs
	Peak/BED file conversion summary:
		BED/Header formatted lines: 23394
		peakfile formatted lines: 0

	Peak File Statistics:
		Total Peaks: 23394
		Redundant Peak IDs: 0
		Peaks lacking information: 0 (need at least 5 columns per peak)
		Peaks with misformatted coordinates: 0 (should be integer)
		Peaks with misformatted strand: 0 (should be either +/- or 0/1)

	Peak file looks good!

	Background fragment size set to 637 (avg size of targets)
	Background files for 637 bp fragments found.
	Custom genome sequence directory: /home1/homer/.//data/genomes/mm10//

	Extracting sequences from directory: /home1/homer/.//data/genomes/mm10//
	Extracting 1357 sequences from chr1
	Extracting 1878 sequences from chr2
	Extracting 1089 sequences from chr3
	Extracting 1745 sequences from chr4
	Extracting 1600 sequences from chr5
	Extracting 1173 sequences from chr6
	Extracting 1701 sequences from chr7
	Extracting 1127 sequences from chr8
	Extracting 1406 sequences from chr9
	Extracting 1060 sequences from chr10
	Extracting 1922 sequences from chr11
	Extracting 916 sequences from chr12
	Extracting 886 sequences from chr13
	Extracting 767 sequences from chr14
	Extracting 964 sequences from chr15
	Extracting 783 sequences from chr16
	Extracting 1051 sequences from chr17
	Extracting 719 sequences from chr18
	Extracting 845 sequences from chr19
	Extracting 400 sequences from chrX
	Extracting 1 sequences from chrY
	Extracting 4 sequences from chrM

	Not removing redundant sequences


	Sequences processed:
		Auto detected maximum sequence length of 294 bp
		23394 total

	Frequency Bins: 0.2 0.25 0.3 0.35 0.4 0.45 0.5 0.6 0.7 0.8
	Freq	Bin	Count
	0.3	2	4
	0.35	3	161
	0.4	4	894
	0.45	5	3541
	0.5	6	5820
	0.6	7	7795
	0.7	8	4131
	0.8	9	1031
	10	10	17

	Total sequences set to 50000

	Choosing background that matches in CpG/GC content...
	Bin	# Targets	# Background	Background Weight
	2	4	5	0.910
	3	161	183	1.001
	4	894	1017	1.000
	5	3541	4027	1.000
	6	5820	6619	1.000
	7	7795	8865	1.000
	8	4131	4698	1.000
	9	1031	1173	1.000
	10	17	19	1.018
	Assembling sequence file...
	Normalizing lower order oligos using homer2

	Reading input files...
	50000 total sequences read
	Autonormalization: 1-mers (4 total)
		A	23.58%	23.92%	0.985
		C	26.42%	26.08%	1.013
		G	26.42%	26.08%	1.013
		T	23.58%	23.92%	0.985
	Autonormalization: 2-mers (16 total)
		AA	6.40%	6.20%	1.032
		CA	7.07%	7.43%	0.951
		GA	6.20%	6.31%	0.983
		TA	3.88%	3.97%	0.976
		AC	5.17%	5.21%	0.991
		CC	8.08%	7.97%	1.014
		GC	7.00%	6.59%	1.062
		TC	6.20%	6.31%	0.983
		AG	7.77%	7.88%	0.985
		CG	3.50%	2.80%	1.247
		GG	8.08%	7.97%	1.014
		TG	7.07%	7.43%	0.951
		AT	4.26%	4.61%	0.924
		CT	7.77%	7.88%	0.985
		GT	5.17%	5.21%	0.991
		TT	6.40%	6.20%	1.032
	Autonormalization: 3-mers (64 total)
	Normalization weights can be found in file: /home1/gyang/work_space/4.ProjectET/batch19_cr/7.Peak_anno/TE_Tfap2c_rep2_peakAnalysis/seq.autonorm.tsv
	Converging on autonormalization solution:
	...............................................................................
	Final normalization:	Autonormalization: 1-mers (4 total)
		A	23.58%	23.55%	1.001
		C	26.42%	26.45%	0.999
		G	26.42%	26.45%	0.999
		T	23.58%	23.55%	1.001
	Autonormalization: 2-mers (16 total)
		AA	6.40%	6.31%	1.013
		CA	7.07%	7.13%	0.991
		GA	6.20%	6.22%	0.997
		TA	3.88%	3.89%	0.998
		AC	5.17%	5.13%	1.008
		CC	8.08%	8.11%	0.996
		GC	7.00%	6.99%	1.002
		TC	6.20%	6.22%	0.997
		AG	7.77%	7.73%	1.004
		CG	3.50%	3.47%	1.009
		GG	8.08%	8.11%	0.996
		TG	7.07%	7.13%	0.991
		AT	4.26%	4.38%	0.973
		CT	7.77%	7.73%	1.004
		GT	5.17%	5.13%	1.008
		TT	6.40%	6.31%	1.013
	Autonormalization: 3-mers (64 total)
	Finished preparing sequence/group files

	----------------------------------------------------------
	Known motif enrichment

	Reading input files...
	50000 total sequences read
	440 motifs loaded
	Cache length = 11180
	Using binomial scoring
	Checking enrichment of 440 motif(s)
	|0%                                    50%                                  100%|
	=================================================================================
	Preparing HTML output with sequence logos...
		1 of 440 (1e-401) AP-2alpha(AP2)/Hela-AP2alpha-ChIP-Seq(GSE31477)/Homer
		2 of 440 (1e-334) AP-2gamma(AP2)/MCF7-TFAP2C-ChIP-Seq(GSE21234)/Homer
		3 of 440 (1e-221) Klf4(Zf)/mES-Klf4-ChIP-Seq(GSE11431)/Homer
		4 of 440 (1e-183) KLF3(Zf)/MEF-Klf3-ChIP-Seq(GSE44748)/Homer
		5 of 440 (1e-162) EKLF(Zf)/Erythrocyte-Klf1-ChIP-Seq(GSE20478)/Homer
		6 of 440 (1e-162) KLF1(Zf)/HUDEP2-KLF1-CutnRun(GSE136251)/Homer
		7 of 440 (1e-126) TEAD1(TEAD)/HepG2-TEAD1-ChIP-Seq(Encode)/Homer
		8 of 440 (1e-126) KLF5(Zf)/LoVo-KLF5-ChIP-Seq(GSE49402)/Homer
		9 of 440 (1e-116) TEAD4(TEA)/Tropoblast-Tead4-ChIP-Seq(GSE37350)/Homer
		10 of 440 (1e-102) KLF6(Zf)/PDAC-KLF6-ChIP-Seq(GSE64557)/Homer
		11 of 440 (1e-101) Gata1(Zf)/K562-GATA1-ChIP-Seq(GSE18829)/Homer
		12 of 440 (1e-97) TEAD3(TEA)/HepG2-TEAD3-ChIP-Seq(Encode)/Homer
		13 of 440 (1e-95) TEAD(TEA)/Fibroblast-PU.1-ChIP-Seq(Unpublished)/Homer
		14 of 440 (1e-92) TEAD2(TEA)/Py2T-Tead2-ChIP-Seq(GSE55709)/Homer
		15 of 440 (1e-89) Sp1(Zf)/Promoter/Homer
		16 of 440 (1e-88) Gata2(Zf)/K562-GATA2-ChIP-Seq(GSE18829)/Homer
		17 of 440 (1e-87) Klf9(Zf)/GBM-Klf9-ChIP-Seq(GSE62211)/Homer
		18 of 440 (1e-63) Gata6(Zf)/HUG1N-GATA6-ChIP-Seq(GSE51936)/Homer
		19 of 440 (1e-59) Sp2(Zf)/HEK293-Sp2.eGFP-ChIP-Seq(Encode)/Homer
		20 of 440 (1e-56) Gata4(Zf)/Heart-Gata4-ChIP-Seq(GSE35151)/Homer
		21 of 440 (1e-54) ELF1(ETS)/Jurkat-ELF1-ChIP-Seq(SRA014231)/Homer
		22 of 440 (1e-53) CDX4(Homeobox)/ZebrafishEmbryos-Cdx4.Myc-ChIP-Seq(GSE48254)/Homer
		23 of 440 (1e-43) ETS(ETS)/Promoter/Homer
		24 of 440 (1e-43) Sp5(Zf)/mES-Sp5.Flag-ChIP-Seq(GSE72989)/Homer
		25 of 440 (1e-41) Esrrb(NR)/mES-Esrrb-ChIP-Seq(GSE11431)/Homer
		26 of 440 (1e-41) CTCF(Zf)/CD4+-CTCF-ChIP-Seq(Barski_et_al.)/Homer
		27 of 440 (1e-40) Nr5a2(NR)/mES-Nr5a2-ChIP-Seq(GSE19019)/Homer
		28 of 440 (1e-39) Ronin(THAP)/ES-Thap11-ChIP-Seq(GSE51522)/Homer
		29 of 440 (1e-38) ERRg(NR)/Kidney-ESRRG-ChIP-Seq(GSE104905)/Homer
		30 of 440 (1e-38) Elk4(ETS)/Hela-Elk4-ChIP-Seq(GSE31477)/Homer
		31 of 440 (1e-36) Elk1(ETS)/Hela-Elk1-ChIP-Seq(GSE31477)/Homer
		32 of 440 (1e-35) GATA3(Zf)/iTreg-Gata3-ChIP-Seq(GSE20898)/Homer
		33 of 440 (1e-33) KLF10(Zf)/HEK293-KLF10.GFP-ChIP-Seq(GSE58341)/Homer
		34 of 440 (1e-31) BORIS(Zf)/K562-CTCFL-ChIP-Seq(GSE32465)/Homer
		35 of 440 (1e-29) Cdx2(Homeobox)/mES-Cdx2-ChIP-Seq(GSE14586)/Homer
		36 of 440 (1e-29) SF1(NR)/H295R-Nr5a1-ChIP-Seq(GSE44220)/Homer
		37 of 440 (1e-28) Nr5a2(NR)/Pancreas-LRH1-ChIP-Seq(GSE34295)/Homer
		38 of 440 (1e-28) Stat3(Stat)/mES-Stat3-ChIP-Seq(GSE11431)/Homer
		39 of 440 (1e-27) HOXB13(Homeobox)/ProstateTumor-HOXB13-ChIP-Seq(GSE56288)/Homer
		40 of 440 (1e-27) E2F4(E2F)/K562-E2F4-ChIP-Seq(GSE31477)/Homer
		41 of 440 (1e-26) GATA(Zf),IR3/iTreg-Gata3-ChIP-Seq(GSE20898)/Homer
		42 of 440 (1e-26) GFY-Staf(?,Zf)/Promoter/Homer
		43 of 440 (1e-24) GFY(?)/Promoter/Homer
		44 of 440 (1e-23) GABPA(ETS)/Jurkat-GABPa-ChIP-Seq(GSE17954)/Homer
		45 of 440 (1e-22) GRHL2(CP2)/HBE-GRHL2-ChIP-Seq(GSE46194)/Homer
		46 of 440 (1e-22) ELF3(ETS)/PDAC-ELF3-ChIP-Seq(GSE64557)/Homer
		47 of 440 (1e-22) TRPS1(Zf)/MCF7-TRPS1-ChIP-Seq(GSE107013)/Homer
		48 of 440 (1e-21) Elf4(ETS)/BMDM-Elf4-ChIP-Seq(GSE88699)/Homer
		49 of 440 (1e-20) ELF5(ETS)/T47D-ELF5-ChIP-Seq(GSE30407)/Homer
		50 of 440 (1e-19) SPDEF(ETS)/VCaP-SPDEF-ChIP-Seq(SRA014231)/Homer
		51 of 440 (1e-18) ETV4(ETS)/HepG2-ETV4-ChIP-Seq(ENCODE)/Homer
		52 of 440 (1e-17) STAT1(Stat)/HelaS3-STAT1-ChIP-Seq(GSE12782)/Homer
		53 of 440 (1e-17) Atf3(bZIP)/GBM-ATF3-ChIP-Seq(GSE33912)/Homer
		54 of 440 (1e-17) Jun-AP1(bZIP)/K562-cJun-ChIP-Seq(GSE31477)/Homer
		55 of 440 (1e-15) Fli1(ETS)/CD8-FLI-ChIP-Seq(GSE20898)/Homer
		56 of 440 (1e-15) c-Myc(bHLH)/LNCAP-cMyc-ChIP-Seq(Unpublished)/Homer
		57 of 440 (1e-15) E2F7(E2F)/Hela-E2F7-ChIP-Seq(GSE32673)/Homer
		58 of 440 (1e-15) EWS:FLI1-fusion(ETS)/SK_N_MC-EWS:FLI1-ChIP-Seq(SRA014231)/Homer
		59 of 440 (1e-14) TFE3(bHLH)/MEF-TFE3-ChIP-Seq(GSE75757)/Homer
		60 of 440 (1e-14) E-box(bHLH)/Promoter/Homer
		61 of 440 (1e-14) NRF1(NRF)/MCF7-NRF1-ChIP-Seq(Unpublished)/Homer
		62 of 440 (1e-14) Unknown(Homeobox)/Limb-p300-ChIP-Seq/Homer
		63 of 440 (1e-14) Fosl2(bZIP)/3T3L1-Fosl2-ChIP-Seq(GSE56872)/Homer
		64 of 440 (1e-13) Usf2(bHLH)/C2C12-Usf2-ChIP-Seq(GSE36030)/Homer
		65 of 440 (1e-13) GATA(Zf),IR4/iTreg-Gata3-ChIP-Seq(GSE20898)/Homer
		66 of 440 (1e-13) Fra1(bZIP)/BT549-Fra1-ChIP-Seq(GSE46166)/Homer
		67 of 440 (1e-12) HIF2a(bHLH)/785_O-HIF2a-ChIP-Seq(GSE34871)/Homer
		68 of 440 (1e-12) NRF(NRF)/Promoter/Homer
		69 of 440 (1e-12) AP-1(bZIP)/ThioMac-PU.1-ChIP-Seq(GSE21512)/Homer
		70 of 440 (1e-12) RAR:RXR(NR),DR0/ES-RAR-ChIP-Seq(GSE56893)/Homer
		71 of 440 (1e-11) E2F1(E2F)/Hela-E2F1-ChIP-Seq(GSE22478)/Homer
		72 of 440 (1e-11) ETS1(ETS)/Jurkat-ETS1-ChIP-Seq(GSE17954)/Homer
		73 of 440 (1e-11) JunB(bZIP)/DendriticCells-Junb-ChIP-Seq(GSE36099)/Homer
		74 of 440 (1e-11) Etv2(ETS)/ES-ER71-ChIP-Seq(GSE59402)/Homer
		75 of 440 (1e-10) Fra2(bZIP)/Striatum-Fra2-ChIP-Seq(GSE43429)/Homer
		76 of 440 (1e-10) Bach2(bZIP)/OCILy7-Bach2-ChIP-Seq(GSE44420)/Homer
		77 of 440 (1e-10) Hoxc9(Homeobox)/Ainv15-Hoxc9-ChIP-Seq(GSE21812)/Homer
		78 of 440 (1e-10) Fos(bZIP)/TSC-Fos-ChIP-Seq(GSE110950)/Homer
		79 of 440 (1e-10) STAT5(Stat)/mCD4+-Stat5-ChIP-Seq(GSE12346)/Homer
		80 of 440 (1e-10) BATF(bZIP)/Th17-BATF-ChIP-Seq(GSE39756)/Homer
		81 of 440 (1e-10) Stat3+il21(Stat)/CD4-Stat3-ChIP-Seq(GSE19198)/Homer
		82 of 440 (1e-9) E2F(E2F)/Hela-CellCycle-Expression/Homer
		83 of 440 (1e-9) KLF14(Zf)/HEK293-KLF14.GFP-ChIP-Seq(GSE58341)/Homer
		84 of 440 (1e-9) STAT4(Stat)/CD4-Stat4-ChIP-Seq(GSE22104)/Homer
		85 of 440 (1e-9) RARg(NR)/ES-RARg-ChIP-Seq(GSE30538)/Homer
		86 of 440 (1e-9) bHLHE40(bHLH)/HepG2-BHLHE40-ChIP-Seq(GSE31477)/Homer
		87 of 440 (1e-8) EHF(ETS)/LoVo-EHF-ChIP-Seq(GSE49402)/Homer
		88 of 440 (1e-8) USF1(bHLH)/GM12878-Usf1-ChIP-Seq(GSE32465)/Homer
		89 of 440 (1e-8) EBF1(EBF)/Near-E2A-ChIP-Seq(GSE21512)/Homer
		90 of 440 (1e-8) NFE2L2(bZIP)/HepG2-NFE2L2-ChIP-Seq(Encode)/Homer
		91 of 440 (1e-8) CRE(bZIP)/Promoter/Homer
		92 of 440 (1e-8) Nur77(NR)/K562-NR4A1-ChIP-Seq(GSE31363)/Homer
		93 of 440 (1e-8) Bach1(bZIP)/K562-Bach1-ChIP-Seq(GSE31477)/Homer
		94 of 440 (1e-7) NFkB-p65-Rel(RHD)/ThioMac-LPS-Expression(GSE23622)/Homer
		95 of 440 (1e-7) Tcfcp2l1(CP2)/mES-Tcfcp2l1-ChIP-Seq(GSE11431)/Homer
		96 of 440 (1e-7) ETV1(ETS)/GIST48-ETV1-ChIP-Seq(GSE22441)/Homer
		97 of 440 (1e-7) ETS:RUNX(ETS,Runt)/Jurkat-RUNX1-ChIP-Seq(GSE17954)/Homer
		98 of 440 (1e-7) Tbx21(T-box)/GM12878-TBX21-ChIP-Seq(Encode)/Homer
		99 of 440 (1e-7) EAR2(NR)/K562-NR2F6-ChIP-Seq(Encode)/Homer
		100 of 440 (1e-7) CTCF-SatelliteElement(Zf?)/CD4+-CTCF-ChIP-Seq(Barski_et_al.)/Homer
		101 of 440 (1e-7) ERG(ETS)/VCaP-ERG-ChIP-Seq(GSE14097)/Homer
		102 of 440 (1e-7) Zfp57(Zf)/H1-ZFP57.HA-ChIP-Seq(GSE115387)/Homer
		103 of 440 (1e-7) THRa(NR)/C17.2-THRa-ChIP-Seq(GSE38347)/Homer
		104 of 440 (1e-6) COUP-TFII(NR)/K562-NR2F1-ChIP-Seq(Encode)/Homer
		105 of 440 (1e-6) RFX(HTH)/K562-RFX3-ChIP-Seq(SRA012198)/Homer
		106 of 440 (1e-6) Npas4(bHLH)/Neuron-Npas4-ChIP-Seq(GSE127793)/Homer
		107 of 440 (1e-6) Rfx2(HTH)/LoVo-RFX2-ChIP-Seq(GSE49402)/Homer
		108 of 440 (1e-6) Hoxd10(Homeobox)/ChickenMSG-Hoxd10.Flag-ChIP-Seq(GSE86088)/Homer
		109 of 440 (1e-6) Arnt:Ahr(bHLH)/MCF7-Arnt-ChIP-Seq(Lo_et_al.)/Homer
		110 of 440 (1e-6) NF-E2(bZIP)/K562-NFE2-ChIP-Seq(GSE31477)/Homer
		111 of 440 (1e-5) HIF-1b(HLH)/T47D-HIF1b-ChIP-Seq(GSE59937)/Homer
		112 of 440 (1e-5) PBX1(Homeobox)/MCF7-PBX1-ChIP-Seq(GSE28007)/Homer
		113 of 440 (1e-5) ZFX(Zf)/mES-Zfx-ChIP-Seq(GSE11431)/Homer
		114 of 440 (1e-5) CLOCK(bHLH)/Liver-Clock-ChIP-Seq(GSE39860)/Homer
		115 of 440 (1e-5) THRb(NR)/HepG2-THRb.Flag-ChIP-Seq(Encode)/Homer
		116 of 440 (1e-5) bHLHE41(bHLH)/proB-Bhlhe41-ChIP-Seq(GSE93764)/Homer
		117 of 440 (1e-5) LXRE(NR),DR4/RAW-LXRb.biotin-ChIP-Seq(GSE21512)/Homer
		118 of 440 (1e-5) Otx2(Homeobox)/EpiLC-Otx2-ChIP-Seq(GSE56098)/Homer
		119 of 440 (1e-5) EBF(EBF)/proBcell-EBF-ChIP-Seq(GSE21978)/Homer
		120 of 440 (1e-4) ZBTB33(Zf)/GM12878-ZBTB33-ChIP-Seq(GSE32465)/Homer
		121 of 440 (1e-4) NFkB-p65(RHD)/GM12787-p65-ChIP-Seq(GSE19485)/Homer
		122 of 440 (1e-4) HIF-1a(bHLH)/MCF7-HIF1a-ChIP-Seq(GSE28352)/Homer
		123 of 440 (1e-4) p73(p53)/Trachea-p73-ChIP-Seq(PRJNA310161)/Homer
		124 of 440 (1e-4) E2F6(E2F)/Hela-E2F6-ChIP-Seq(GSE31477)/Homer
		125 of 440 (1e-4) Tbet(T-box)/CD8-Tbet-ChIP-Seq(GSE33802)/Homer
		126 of 440 (1e-4) Nrf2(bZIP)/Lymphoblast-Nrf2-ChIP-Seq(GSE37589)/Homer
		127 of 440 (1e-4) MITF(bHLH)/MastCells-MITF-ChIP-Seq(GSE48085)/Homer
		128 of 440 (1e-4) FOXP1(Forkhead)/H9-FOXP1-ChIP-Seq(GSE31006)/Homer
		129 of 440 (1e-4) HINFP(Zf)/K562-HINFP.eGFP-ChIP-Seq(Encode)/Homer
		130 of 440 (1e-4) FXR(NR),IR1/Liver-FXR-ChIP-Seq(Chong_et_al.)/Homer
		131 of 440 (1e-3) Hoxd13(Homeobox)/ChickenMSG-Hoxd13.Flag-ChIP-Seq(GSE86088)/Homer
		132 of 440 (1e-3) EBF2(EBF)/BrownAdipose-EBF2-ChIP-Seq(GSE97114)/Homer
		133 of 440 (1e-3) Zfp809(Zf)/ES-Zfp809-ChIP-Seq(GSE70799)/Homer
		134 of 440 (1e-3) HRE(HSF)/HepG2-HSF1-ChIP-Seq(GSE31477)/Homer
		135 of 440 (1e-3) Foxo3(Forkhead)/U2OS-Foxo3-ChIP-Seq(E-MTAB-2701)/Homer
		136 of 440 (1e-3) Gfi1b(Zf)/HPC7-Gfi1b-ChIP-Seq(GSE22178)/Homer
		137 of 440 (1e-3) E2F3(E2F)/MEF-E2F3-ChIP-Seq(GSE71376)/Homer
		138 of 440 (1e-3) RORa(NR)/Liver-Rora-ChIP-Seq(GSE101115)/Homer
		139 of 440 (1e-3) GSC(Homeobox)/FrogEmbryos-GSC-ChIP-Seq(DRA000576)/Homer
		140 of 440 (1e-3) DMRT1(DM)/Testis-DMRT1-ChIP-Seq(GSE64892)/Homer
		141 of 440 (1e-2) HNF4a(NR),DR1/HepG2-HNF4a-ChIP-Seq(GSE25021)/Homer
		142 of 440 (1e-2) ZNF143|STAF(Zf)/CUTLL-ZNF143-ChIP-Seq(GSE29600)/Homer
		143 of 440 (1e-2) ZNF415(Zf)/HEK293-ZNF415.GFP-ChIP-Seq(GSE58341)/Homer
		144 of 440 (1e-2) GFX(?)/Promoter/Homer
		145 of 440 (1e-2) PAX5(Paired,Homeobox),condensed/GM12878-PAX5-ChIP-Seq(GSE32465)/Homer
		146 of 440 (1e-2) RAR:RXR(NR),DR5/ES-RAR-ChIP-Seq(GSE56893)/Homer
		147 of 440 (1e-2) FOXK2(Forkhead)/U2OS-FOXK2-ChIP-Seq(E-MTAB-2204)/Homer
		148 of 440 (1e-2) PU.1(ETS)/ThioMac-PU.1-ChIP-Seq(GSE21512)/Homer
		149 of 440 (1e-2) JunD(bZIP)/K562-JunD-ChIP-Seq/Homer
		150 of 440 (1e-2) PPARE(NR),DR1/3T3L1-Pparg-ChIP-Seq(GSE13511)/Homer
		151 of 440 (1e-2) ZSCAN22(Zf)/HEK293-ZSCAN22.GFP-ChIP-Seq(GSE58341)/Homer
		152 of 440 (1e-2) Tbx6(T-box)/ESC-Tbx6-ChIP-Seq(GSE93524)/Homer
		153 of 440 (1e-2) CREB5(bZIP)/LNCaP-CREB5.V5-ChIP-Seq(GSE137775)/Homer
		154 of 440 (1e-2) ZNF519(Zf)/HEK293-ZNF519.GFP-ChIP-Seq(GSE58341)/Homer
		155 of 440 (1e-2) X-box(HTH)/NPC-H3K4me1-ChIP-Seq(GSE16256)/Homer
		156 of 440 (1e-2) PRDM15(Zf)/ESC-Prdm15-ChIP-Seq(GSE73694)/Homer
		157 of 440 (1e-2) Zic3(Zf)/mES-Zic3-ChIP-Seq(GSE37889)/Homer
		158 of 440 (1e-2) Tbr1(T-box)/Cortex-Tbr1-ChIP-Seq(GSE71384)/Homer
		159 of 440 (1e-2) Zic2(Zf)/ESC-Zic2-ChIP-Seq(SRP197560)/Homer
		160 of 440 (1e-2) Pbx3(Homeobox)/GM12878-PBX3-ChIP-Seq(GSE32465)/Homer
		161 of 440 (1e-2) CHR(?)/Hela-CellCycle-Expression/Homer
		162 of 440 (1e-2) EWS:ERG-fusion(ETS)/CADO_ES1-EWS:ERG-ChIP-Seq(SRA014231)/Homer
		163 of 440 (1e-2) DLX5(Homeobox)/BasalGanglia-Dlx5-ChIP-seq(GSE124936)/Homer
	----------------------------------------------------------
	De novo motif finding (HOMER)

	Number of Trial motifs (-T) set to 7 (from 10) to work well with 7 CPUs
	Scanning input files...
	Parsing sequences...
	|0%                                   50%                                  100%|
	===============================================================================
	Total number of Oligos: 32896
	Autoadjustment for sequence coverage in background: 1.25x

	Oligos: 32896 of 34497 max
	Tree  : 66836 of 172485 max
	Optimizing memory usage...
	Cache length = 11180
	Using binomial scoring

	Global Optimization Phase: Looking for enriched oligos with up to 2 mismatches...

	Screening oligos 32896 (allowing 0 mismatches):
	|0%                                   50%                                  100%|
	================================================================================
		0.00% skipped, 100.00% checked (32896 of 32896), of those checked:
		0.00% not in target, 0.00% increased p-value, 0.00% high p-value

	Screening oligos 32896 (allowing 1 mismatches):
	|0%                                   50%                                  100%|
	================================================================================
		0.00% skipped, 100.00% checked (32896 of 32896), of those checked:
		0.00% not in target, 45.74% increased p-value, 37.33% high p-value

	Screening oligos 32896 (allowing 2 mismatches):
	|0%                                   50%                                  100%|
	================================================================================
		55.23% skipped, 44.77% checked (14727 of 32896), of those checked:
		0.00% not in target, 37.04% increased p-value, 0.00% high p-value
	Reading input files...
	50000 total sequences read
	Cache length = 11180
	Using binomial scoring

	Local Optimization Phase:
	1 of 25 Initial Sequence: CCTTAGGC... (-452.497)
		Round 1: -993.57 CCTVAGGC T:17475.7(52.62%),B:15776.3(38.26%),P:1e-431
		Round 2: -993.57 CCTVAGGC T:17475.7(52.62%),B:15776.3(38.26%),P:1e-431
		=Final=: -669.75 CCTVAGGC T:7314.0(31.26%),B:5502.5(21.05%),P:1e-290
		Performing exhaustive masking of motif...
		Reprioritizing potential motifs...
	2 of 25 Initial Sequence: CCACACCC... (-182.776)
		Round 1: -349.07 CCACACCC T:7959.0(28.84%),B:7927.5(21.52%),P:1e-151
		Round 2: -349.07 CCACACCC T:7959.0(28.84%),B:7927.5(21.52%),P:1e-151
		=Final=: -335.82 CCACACCC T:7392.0(31.60%),B:6317.0(24.17%),P:1e-145
		Performing exhaustive masking of motif...
		Reprioritizing potential motifs...
	3 of 25 Initial Sequence: CCGGAATT... (-172.676)
		Round 1: -326.51 CCGGAATT T:8628.3(30.85%),B:8794.4(23.57%),P:1e-141
		Round 2: -326.51 CCGGAATT T:8628.3(30.85%),B:8794.4(23.57%),P:1e-141
		=Final=: -245.93 CCGGAATT T:6339.0(27.10%),B:5501.5(21.05%),P:1e-106
		Performing exhaustive masking of motif...
		Reprioritizing potential motifs...
	4 of 25 Initial Sequence: TTTATCGC... (-150.558)
		Round 1: -242.99 TTTATCGC T:6268.7(23.50%),B:6422.3(17.82%),P:1e-105
		Round 2: -242.99 TTTATCGC T:6268.7(23.50%),B:6422.3(17.82%),P:1e-105
		=Final=: -179.66 TTTATCGC T:4787.0(20.46%),B:4136.9(15.83%),P:1e-78
		Performing exhaustive masking of motif...
		Reprioritizing potential motifs...
	5 of 25 Initial Sequence: GCCTTGAG... (-119.109)
		Round 1: -236.88 GCCTTGAG T:11767.9(39.53%),B:13004.1(32.80%),P:1e-102
		Round 2: -249.87 GCCTTRRG T:14603.0(46.43%),B:16323.2(39.28%),P:1e-108
		Round 3: -255.02 SCCYHRGG T:13922.6(44.85%),B:15468.0(37.67%),P:1e-110
		Round 4: -286.57 GCCYWGGG T:13211.6(43.15%),B:14399.4(35.60%),P:1e-124
		Round 5: -286.57 GCCYWGGG T:13211.6(43.15%),B:14399.4(35.60%),P:1e-124
		=Final=: -186.11 GCCYWGGG T:5589.0(23.89%),B:4928.7(18.86%),P:1e-80
		Performing exhaustive masking of motif...
		Reprioritizing potential motifs...
	6 of 25 Initial Sequence: TCGGAATG... (-96.201)
		Round 1: -135.72 TCGGAATG T:6741.5(25.04%),B:7558.2(20.63%),P:1e-58
		Round 2: -136.91 KCGGAATG T:5182.2(19.87%),B:5644.2(15.85%),P:1e-59
		Round 3: -136.91 KCGGAATG T:5182.2(19.87%),B:5644.2(15.85%),P:1e-59
		=Final=: -140.76 KCGGAATG T:5507.0(23.54%),B:5009.3(19.16%),P:1e-61
		Performing exhaustive masking of motif...
		Reprioritizing potential motifs...
	7 of 25 Initial Sequence: AGATTCCG... (-90.329)
		Round 1: -117.48 AGATTCCG T:7294.4(26.79%),B:8371.3(22.58%),P:1e-51
		Round 2: -117.81 AGWTTCCG T:6209.4(23.31%),B:7021.0(19.31%),P:1e-51
		Round 3: -132.19 AGWTWMCG T:7711.6(28.08%),B:8781.0(23.54%),P:1e-57
		Round 4: -144.27 AGATTMCG T:8254.4(29.73%),B:9366.1(24.90%),P:1e-62
		Round 5: -144.27 AGATTMCG T:8254.4(29.73%),B:9366.1(24.90%),P:1e-62
		=Final=: -90.00 AGATTMCG T:6272.0(26.81%),B:6043.7(23.12%),P:1e-39
		Performing exhaustive masking of motif...
		Reprioritizing potential motifs...
	8 of 25 Initial Sequence: GCCCCGCC... (-84.769)
		Round 1: -203.03 GCCCCGCC T:12099.9(40.38%),B:13648.7(34.11%),P:1e-88
		Round 2: -203.03 GCCCCGCC T:12099.9(40.38%),B:13648.7(34.11%),P:1e-88
		=Final=: -185.34 GCCCCGCC T:6261.0(26.76%),B:5621.8(21.51%),P:1e-80
		Performing exhaustive masking of motif...
		Reprioritizing potential motifs...
	9 of 25 Initial Sequence: CAAGGTCA... (-70.563)
		Round 1: -113.54 CAAGGTCA T:3440.4(13.67%),B:3656.9(10.57%),P:1e-49
		Round 2: -113.54 CAAGGTCA T:3440.4(13.67%),B:3656.9(10.57%),P:1e-49
		=Final=: -121.35 CAAGGTCA T:3828.0(16.36%),B:3367.5(12.88%),P:1e-52
		Performing exhaustive masking of motif...
		Reprioritizing potential motifs...
	10 of 25 Initial Sequence: CTTAAGGC... (-63.984)
		Round 1: -152.50 CTTAAGGC T:10362.4(35.79%),B:11909.9(30.51%),P:1e-66
		Round 2: -152.50 CTTAAGGC T:10362.4(35.79%),B:11909.9(30.51%),P:1e-66
		=Final=: -134.57 CTTAAGGC T:6216.0(26.57%),B:5772.8(22.09%),P:1e-58
		Performing exhaustive masking of motif...
		Reprioritizing potential motifs...
	11 of 25 Initial Sequence: GCGTTTTA... (-50.871)
		Round 1: -106.11 GCGTTTTA T:11218.0(38.09%),B:13405.9(33.62%),P:1e-46
		Round 2: -149.88 GCGRTTTA T:11909.2(39.89%),B:13851.4(34.52%),P:1e-65
		Round 3: -152.59 GCGRTTTA T:14171.9(45.43%),B:16640.4(39.87%),P:1e-66
		Round 4: -175.69 GCGRTTTA T:14337.3(45.82%),B:16626.8(39.84%),P:1e-76
		Round 5: -180.02 GCGRTTTA T:14189.0(45.48%),B:16402.9(39.43%),P:1e-78
		Round 6: -180.02 GCGRTTTA T:14189.0(45.48%),B:16402.9(39.43%),P:1e-78
		=Final=: -100.15 GCGRTTTA T:7223.0(30.88%),B:7002.2(26.79%),P:1e-43
		Performing exhaustive masking of motif...
		Reprioritizing potential motifs...
	12 of 25 Initial Sequence: TAAATCTC... (-116.437)
		Round 1: -27.15 TAAATCTC T:458.2(1.94%),B:453.2(1.38%),P:1e-11
		Round 2: -34.94 GAACTCTC T:1017.0(4.25%),B:1092.8(3.28%),P:1e-15
		Round 3: -41.69 GWAATCTC T:4025.1(15.81%),B:4852.4(13.78%),P:1e-18
		Round 4: -71.40 STAATCTB T:8035.7(29.07%),B:9714.3(25.69%),P:1e-31
		Round 5: -117.31 STAATCTN T:9299.0(32.80%),B:10878.5(28.29%),P:1e-50
		Round 6: -117.31 STAATCTN T:9299.0(32.80%),B:10878.5(28.29%),P:1e-50
		=Final=: -77.13 STAATCTN T:2170.0(9.28%),B:1867.8(7.15%),P:1e-33
		Performing exhaustive masking of motif...
		Reprioritizing potential motifs...
	13 of 25 Initial Sequence: AAGAATGT... (-47.063)
		Round 1: -79.57 AAGAATGT T:1723.5(7.10%),B:1752.3(5.21%),P:1e-34
		Round 2: -79.57 AAGAATGT T:1723.5(7.10%),B:1752.3(5.21%),P:1e-34
		=Final=: -67.86 AAGAATGT T:1933.0(8.26%),B:1665.8(6.37%),P:1e-29
		Performing exhaustive masking of motif...
		Reprioritizing potential motifs...
	14 of 25 Initial Sequence: AAACAAAC... (-41.792)
		Round 1: -57.21 AAACAAAC T:5908.0(22.31%),B:7126.5(19.57%),P:1e-24
		Round 2: -57.26 ARACAARC T:6690.9(24.87%),B:8134.9(22.01%),P:1e-24
		Round 3: -57.26 ARACAARC T:6690.9(24.87%),B:8134.9(22.01%),P:1e-24
		=Final=: -16.32 ARACAARC T:5417.0(23.16%),B:5680.0(21.73%),P:1e-7
		Performing exhaustive masking of motif...
		Reprioritizing potential motifs...
	15 of 25 Initial Sequence: TTTATGAC... (-40.478)
		Round 1: -80.82 TTTATGAC T:1673.1(6.90%),B:1687.2(5.03%),P:1e-35
		Round 2: -80.82 TTTATGAC T:1673.1(6.90%),B:1687.2(5.03%),P:1e-35
		=Final=: -88.19 TTTATGAC T:1918.0(8.20%),B:1585.8(6.07%),P:1e-38
		Performing exhaustive masking of motif...
		Reprioritizing potential motifs...
	16 of 25 Initial Sequence: AATTGCCT... (-37.554)
		Round 1: -39.69 AATTGCCT T:366.4(1.55%),B:315.1(0.96%),P:1e-17
		Round 2: -51.43 AATTGCGT T:9593.5(33.64%),B:11974.9(30.65%),P:1e-22
		Round 3: -68.87 AMTWVCGT T:7949.0(28.81%),B:9631.2(25.50%),P:1e-29
		Round 4: -81.20 AMTDRCGT T:8260.8(29.75%),B:9901.5(26.11%),P:1e-35
		Round 5: -85.62 THBHRCGT T:8631.4(30.85%),B:10329.5(27.07%),P:1e-37
		Round 6: -92.50 WHBHRCGT T:12611.9(41.67%),B:15333.5(37.42%),P:1e-40
		Round 7: -92.50 WHBHRCGT T:12611.9(41.67%),B:15333.5(37.42%),P:1e-40
		=Final=: -56.49 WHBHRCGT T:5088.0(21.75%),B:4980.7(19.06%),P:1e-24
		Performing exhaustive masking of motif...
		Reprioritizing potential motifs...
	17 of 25 Initial Sequence: GGGTGGAG... (-37.258)
		Round 1: -38.24 GGGTGGAG T:1813.8(7.46%),B:2059.4(6.10%),P:1e-16
		Round 2: -38.24 GGGTGGAG T:1813.8(7.46%),B:2059.4(6.10%),P:1e-16
		=Final=: -58.66 GGGTGGAG T:2158.0(9.22%),B:1924.2(7.36%),P:1e-25
		Performing exhaustive masking of motif...
		Reprioritizing potential motifs...
	18 of 25 Initial Sequence: ACTTCGCT... (-35.095)
		Round 1: -58.87 ACTTCGCT T:6400.5(23.93%),B:7744.3(21.08%),P:1e-25
		Round 2: -60.33 ACTTCGCT T:7890.1(28.63%),B:9649.3(25.54%),P:1e-26
		Round 3: -74.99 AMTTCSYT T:6758.1(25.09%),B:8045.9(21.80%),P:1e-32
		Round 4: -98.47 AMTTSCCT T:5256.6(20.12%),B:5968.7(16.68%),P:1e-42
		Round 5: -98.47 AMTTSCCT T:5256.6(20.12%),B:5968.7(16.68%),P:1e-42
		=Final=: -84.10 AMTTSCCT T:4693.0(20.06%),B:4411.3(16.88%),P:1e-36
		Performing exhaustive masking of motif...
		Reprioritizing potential motifs...
	19 of 25 Initial Sequence: GCCACTCC... (-34.115)
		Round 1: -42.01 GCCACTCC T:1179.0(4.91%),B:1255.8(3.76%),P:1e-18
		Round 2: -42.01 GCCACTCC T:1179.0(4.91%),B:1255.8(3.76%),P:1e-18
		=Final=: -67.17 GCCACTCC T:1463.0(6.25%),B:1208.1(4.62%),P:1e-29
		Performing exhaustive masking of motif...
		Reprioritizing potential motifs...
	20 of 25 Initial Sequence: CGGATCTA... (-33.293)
		Round 1: -47.32 CGGATCTA T:1782.8(7.33%),B:1967.5(5.84%),P:1e-20
		Round 2: -51.17 CGGATCKW T:1570.6(6.49%),B:1688.8(5.03%),P:1e-22
		Round 3: -51.17 CGGATCKW T:1570.6(6.49%),B:1688.8(5.03%),P:1e-22
		=Final=: -78.50 CGGATCKW T:1908.0(8.16%),B:1605.2(6.14%),P:1e-34
		Performing exhaustive masking of motif...
		Reprioritizing potential motifs...
	21 of 25 Initial Sequence: TTATCAGA... (-31.747)
		Round 1: -44.56 TTATCAGA T:930.6(3.90%),B:946.2(2.85%),P:1e-19
		Round 2: -44.56 TTATCAGA T:930.6(3.90%),B:946.2(2.85%),P:1e-19
		=Final=: -57.59 TTATCAGA T:1138.0(4.86%),B:924.7(3.54%),P:1e-25
		Performing exhaustive masking of motif...
		Reprioritizing potential motifs...
	22 of 25 Initial Sequence: AGGAAGTA... (-30.697)
		Round 1: -52.02 AGGAAGTA T:2959.3(11.88%),B:3409.9(9.90%),P:1e-22
		Round 2: -52.02 AGGAAGTA T:2959.3(11.88%),B:3409.9(9.90%),P:1e-22
		=Final=: -58.87 AGGAAGTA T:2886.0(12.34%),B:2663.7(10.19%),P:1e-25
		Performing exhaustive masking of motif...
		Reprioritizing potential motifs...
	23 of 25 Initial Sequence: GAGATTTC... (-27.600)
		Round 1: -39.03 GAGATTTC T:1164.9(4.85%),B:1251.6(3.75%),P:1e-16
		Round 2: -39.03 GAGATTTC T:1164.9(4.85%),B:1251.6(3.75%),P:1e-16
		=Final=: -41.18 GAGATTTC T:1370.0(5.86%),B:1205.3(4.61%),P:1e-17
		Performing exhaustive masking of motif...
		Reprioritizing potential motifs...
	24 of 25 Initial Sequence: AAAGGCCG... (-26.402)
		Round 1: -56.28 AAAGGCCG T:4391.8(17.11%),B:5193.8(14.68%),P:1e-24
		Round 2: -56.28 AAAGGCCG T:4391.8(17.11%),B:5193.8(14.68%),P:1e-24
		=Final=: -90.97 AAAGGCCG T:2112.0(9.03%),B:1765.5(6.75%),P:1e-39
		Performing exhaustive masking of motif...
		Reprioritizing potential motifs...
	25 of 25 Initial Sequence: AATTACCG... (-25.820)
		Round 1: -29.13 AACTACCG T:263.7(1.12%),B:226.6(0.69%),P:1e-12
		Round 2: -29.17 AACTTCCG T:3318.5(13.22%),B:4060.8(11.67%),P:1e-12
		Round 3: -29.17 AACTTCCG T:3318.5(13.22%),B:4060.8(11.67%),P:1e-12
		=Final=: -75.67 AACTTCCG T:4322.0(18.47%),B:4066.5(15.56%),P:1e-32
		Performing exhaustive masking of motif...
		Reprioritizing potential motifs...

	Finalizing Enrichment Statistics (new in v3.4)
	Reading input files...
	50000 total sequences read
	Cache length = 11180
	Using binomial scoring
	Checking enrichment of 25 motif(s)
	|0%                                    50%                                  100%|
	=================================================================================
	Output in file: /home1/gyang/work_space/4.ProjectET/batch19_cr/7.Peak_anno/TE_Tfap2c_rep2_peakAnalysis/homerMotifs.motifs8

	(Motifs in homer2 format)
	Determining similar motifs... 25 reduced to 12 motifs
	Outputing HTML and sequence logos for motif comparison...
	Checking de novo motifs against known motifs...
	Formatting HTML page...
		1 of 12 (1e-290) similar to TFAP2E/MA1569.1/Jaspar(0.933)
		2 of 12 (1e-149) similar to Klf1/MA0493.1/Jaspar(0.941)
		3 of 12 (1e-107) similar to Elk1(ETS)/Hela-Elk1-ChIP-Seq(GSE31477)/Homer(0.855)
		4 of 12 (1e-79) similar to CDX1/MA0878.2/Jaspar(0.846)
		5 of 12 (1e-56) similar to Esrrb(NR)/mES-Esrrb-ChIP-Seq(GSE11431)/Homer(0.983)
		6 of 12 (1e-47) similar to RUNX2/MA0511.2/Jaspar(0.733)
		7 of 12 (1e-41) similar to GATA3(Zf)/iTreg-Gata3-ChIP-Seq(GSE20898)/Homer(0.665)
		8 of 12 (1e-37) similar to Zfx/MA0146.2/Jaspar(0.660)
		9 of 12 (1e-36) similar to HNF6(Homeobox)/Liver-Hnf6-ChIP-Seq(ERP000394)/Homer(0.675)
		10 of 12 (1e-31) similar to TEAD2/MA1121.1/Jaspar(0.712)
		11 of 12 (1e-27) similar to Gmeb1/MA0615.1/Jaspar(0.809)
		12 of 12 (1e-8) similar to SRY/MA0084.1/Jaspar(0.751)
	Job finished - if results look good, please send beer to ..

	Cleaning up tmp files...

