
	Position file = TE_Tead4_rep1_peaks.narrowPeak
	Genome = mm10
	Output Directory = /home1/gyang/work_space/4.ProjectET/batch19_cr/7.Peak_anno/TE_Tead4_rep1_peakAnalysis
	Using actual sizes of regions (-size given)
	Fragment size set to given
	Using 7 CPUs
	Motif length set at 8,
	Found mset for "mouse", will check against vertebrates motifs
	Peak/BED file conversion summary:
		BED/Header formatted lines: 1861
		peakfile formatted lines: 0

	Peak File Statistics:
		Total Peaks: 1861
		Redundant Peak IDs: 0
		Peaks lacking information: 0 (need at least 5 columns per peak)
		Peaks with misformatted coordinates: 0 (should be integer)
		Peaks with misformatted strand: 0 (should be either +/- or 0/1)

	Peak file looks good!

	Background fragment size set to 468 (avg size of targets)
	Background files for 468 bp fragments found.
	Custom genome sequence directory: /home1/homer/.//data/genomes/mm10//

	Extracting sequences from directory: /home1/homer/.//data/genomes/mm10//
	Extracting 123 sequences from chr1
	Extracting 147 sequences from chr2
	Extracting 94 sequences from chr3
	Extracting 135 sequences from chr4
	Extracting 121 sequences from chr5
	Extracting 102 sequences from chr6
	Extracting 141 sequences from chr7
	Extracting 95 sequences from chr8
	Extracting 106 sequences from chr9
	Extracting 91 sequences from chr10
	Extracting 157 sequences from chr11
	Extracting 48 sequences from chr12
	Extracting 76 sequences from chr13
	Extracting 55 sequences from chr14
	Extracting 72 sequences from chr15
	Extracting 55 sequences from chr16
	Extracting 75 sequences from chr17
	Extracting 56 sequences from chr18
	Extracting 81 sequences from chr19
	Extracting 26 sequences from chrX
	Extracting 1 sequences from chrY
	Extracting 4 sequences from chrM

	Not removing redundant sequences


	Sequences processed:
		Auto detected maximum sequence length of 335 bp
		1861 total

	Frequency Bins: 0.2 0.25 0.3 0.35 0.4 0.45 0.5 0.6 0.7 0.8
	Freq	Bin	Count
	0.3	2	4
	0.35	3	36
	0.4	4	152
	0.45	5	404
	0.5	6	522
	0.6	7	481
	0.7	8	213
	0.8	9	48
	10	10	1

	Total sequences set to 50000

	Choosing background that matches in CpG/GC content...
	Bin	# Targets	# Background	Background Weight
	2	4	103	1.005
	3	36	931	1.000
	4	152	3932	1.000
	5	404	10450	1.000
	6	522	13503	1.000
	7	481	12442	1.000
	8	213	5510	1.000
	9	48	1242	1.000
	10	1	26	0.995
	Assembling sequence file...
	Normalizing lower order oligos using homer2

	Reading input files...
	50000 total sequences read
	Autonormalization: 1-mers (4 total)
		A	25.13%	25.33%	0.992
		C	24.87%	24.67%	1.008
		G	24.87%	24.67%	1.008
		T	25.13%	25.33%	0.992
	Autonormalization: 2-mers (16 total)
		AA	7.29%	6.92%	1.053
		CA	7.11%	7.53%	0.944
		GA	6.23%	6.32%	0.985
		TA	4.46%	4.55%	0.981
		AC	5.28%	5.31%	0.994
		CC	7.38%	7.20%	1.026
		GC	6.01%	5.84%	1.029
		TC	6.23%	6.32%	0.985
		AG	7.74%	7.85%	0.986
		CG	2.62%	2.10%	1.251
		GG	7.38%	7.20%	1.026
		TG	7.11%	7.53%	0.944
		AT	4.85%	5.25%	0.924
		CT	7.74%	7.85%	0.986
		GT	5.28%	5.31%	0.994
		TT	7.29%	6.92%	1.053
	Autonormalization: 3-mers (64 total)
	Normalization weights can be found in file: /home1/gyang/work_space/4.ProjectET/batch19_cr/7.Peak_anno/TE_Tead4_rep1_peakAnalysis/seq.autonorm.tsv
	Converging on autonormalization solution:
	...............................................................................
	Final normalization:	Autonormalization: 1-mers (4 total)
		A	25.13%	25.12%	1.001
		C	24.87%	24.88%	0.999
		G	24.87%	24.88%	0.999
		T	25.13%	25.12%	1.001
	Autonormalization: 2-mers (16 total)
		AA	7.29%	7.19%	1.014
		CA	7.11%	7.20%	0.987
		GA	6.23%	6.26%	0.996
		TA	4.46%	4.47%	0.998
		AC	5.28%	5.22%	1.011
		CC	7.38%	7.36%	1.003
		GC	6.01%	6.04%	0.995
		TC	6.23%	6.26%	0.996
		AG	7.74%	7.72%	1.002
		CG	2.62%	2.60%	1.009
		GG	7.38%	7.36%	1.003
		TG	7.11%	7.20%	0.987
		AT	4.85%	4.99%	0.973
		CT	7.74%	7.72%	1.002
		GT	5.28%	5.22%	1.011
		TT	7.29%	7.19%	1.014
	Autonormalization: 3-mers (64 total)
	Finished preparing sequence/group files

	----------------------------------------------------------
	Known motif enrichment

	Reading input files...
	50000 total sequences read
	440 motifs loaded
	Cache length = 11180
	Using binomial scoring
	Checking enrichment of 440 motif(s)
	|0%                                    50%                                  100%|
	=================================================================================
	Preparing HTML output with sequence logos...
		1 of 440 (1e-32) TEAD4(TEA)/Tropoblast-Tead4-ChIP-Seq(GSE37350)/Homer
		2 of 440 (1e-29) TEAD1(TEAD)/HepG2-TEAD1-ChIP-Seq(Encode)/Homer
		3 of 440 (1e-28) TEAD2(TEA)/Py2T-Tead2-ChIP-Seq(GSE55709)/Homer
		4 of 440 (1e-25) TEAD(TEA)/Fibroblast-PU.1-ChIP-Seq(Unpublished)/Homer
		5 of 440 (1e-23) KLF5(Zf)/LoVo-KLF5-ChIP-Seq(GSE49402)/Homer
		6 of 440 (1e-22) TEAD3(TEA)/HepG2-TEAD3-ChIP-Seq(Encode)/Homer
		7 of 440 (1e-21) KLF1(Zf)/HUDEP2-KLF1-CutnRun(GSE136251)/Homer
		8 of 440 (1e-18) Klf4(Zf)/mES-Klf4-ChIP-Seq(GSE11431)/Homer
		9 of 440 (1e-17) Gata1(Zf)/K562-GATA1-ChIP-Seq(GSE18829)/Homer
		10 of 440 (1e-16) Sp2(Zf)/HEK293-Sp2.eGFP-ChIP-Seq(Encode)/Homer
		11 of 440 (1e-15) EKLF(Zf)/Erythrocyte-Klf1-ChIP-Seq(GSE20478)/Homer
		12 of 440 (1e-15) Gata2(Zf)/K562-GATA2-ChIP-Seq(GSE18829)/Homer
		13 of 440 (1e-14) Gata4(Zf)/Heart-Gata4-ChIP-Seq(GSE35151)/Homer
		14 of 440 (1e-14) Gata6(Zf)/HUG1N-GATA6-ChIP-Seq(GSE51936)/Homer
		15 of 440 (1e-13) KLF3(Zf)/MEF-Klf3-ChIP-Seq(GSE44748)/Homer
		16 of 440 (1e-12) KLF6(Zf)/PDAC-KLF6-ChIP-Seq(GSE64557)/Homer
		17 of 440 (1e-10) CDX4(Homeobox)/ZebrafishEmbryos-Cdx4.Myc-ChIP-Seq(GSE48254)/Homer
		18 of 440 (1e-10) Cdx2(Homeobox)/mES-Cdx2-ChIP-Seq(GSE14586)/Homer
		19 of 440 (1e-10) AP-2alpha(AP2)/Hela-AP2alpha-ChIP-Seq(GSE31477)/Homer
		20 of 440 (1e-10) GATA3(Zf)/iTreg-Gata3-ChIP-Seq(GSE20898)/Homer
		21 of 440 (1e-9) Nr5a2(NR)/mES-Nr5a2-ChIP-Seq(GSE19019)/Homer
		22 of 440 (1e-9) KLF14(Zf)/HEK293-KLF14.GFP-ChIP-Seq(GSE58341)/Homer
		23 of 440 (1e-9) AP-2gamma(AP2)/MCF7-TFAP2C-ChIP-Seq(GSE21234)/Homer
		24 of 440 (1e-7) SF1(NR)/H295R-Nr5a1-ChIP-Seq(GSE44220)/Homer
		25 of 440 (1e-7) Sp5(Zf)/mES-Sp5.Flag-ChIP-Seq(GSE72989)/Homer
		26 of 440 (1e-6) Klf9(Zf)/GBM-Klf9-ChIP-Seq(GSE62211)/Homer
		27 of 440 (1e-6) RAR:RXR(NR),DR0/ES-RAR-ChIP-Seq(GSE56893)/Homer
		28 of 440 (1e-6) Nr5a2(NR)/Pancreas-LRH1-ChIP-Seq(GSE34295)/Homer
		29 of 440 (1e-5) TRPS1(Zf)/MCF7-TRPS1-ChIP-Seq(GSE107013)/Homer
		30 of 440 (1e-5) RARg(NR)/ES-RARg-ChIP-Seq(GSE30538)/Homer
		31 of 440 (1e-5) Sp1(Zf)/Promoter/Homer
		32 of 440 (1e-5) KLF10(Zf)/HEK293-KLF10.GFP-ChIP-Seq(GSE58341)/Homer
		33 of 440 (1e-5) STAT5(Stat)/mCD4+-Stat5-ChIP-Seq(GSE12346)/Homer
		34 of 440 (1e-4) ERRg(NR)/Kidney-ESRRG-ChIP-Seq(GSE104905)/Homer
		35 of 440 (1e-4) ELF5(ETS)/T47D-ELF5-ChIP-Seq(GSE30407)/Homer
		36 of 440 (1e-4) HOXB13(Homeobox)/ProstateTumor-HOXB13-ChIP-Seq(GSE56288)/Homer
		37 of 440 (1e-4) Maz(Zf)/HepG2-Maz-ChIP-Seq(GSE31477)/Homer
		38 of 440 (1e-4) Esrrb(NR)/mES-Esrrb-ChIP-Seq(GSE11431)/Homer
		39 of 440 (1e-3) Elf4(ETS)/BMDM-Elf4-ChIP-Seq(GSE88699)/Homer
		40 of 440 (1e-3) Jun-AP1(bZIP)/K562-cJun-ChIP-Seq(GSE31477)/Homer
		41 of 440 (1e-3) RORa(NR)/Liver-Rora-ChIP-Seq(GSE101115)/Homer
		42 of 440 (1e-3) Fosl2(bZIP)/3T3L1-Fosl2-ChIP-Seq(GSE56872)/Homer
		43 of 440 (1e-3) Stat3(Stat)/mES-Stat3-ChIP-Seq(GSE11431)/Homer
		44 of 440 (1e-3) STAT4(Stat)/CD4-Stat4-ChIP-Seq(GSE22104)/Homer
		45 of 440 (1e-3) Unknown(Homeobox)/Limb-p300-ChIP-Seq/Homer
		46 of 440 (1e-3) GATA3(Zf),DR4/iTreg-Gata3-ChIP-Seq(GSE20898)/Homer
		47 of 440 (1e-2) ELF3(ETS)/PDAC-ELF3-ChIP-Seq(GSE64557)/Homer
		48 of 440 (1e-2) GATA(Zf),IR4/iTreg-Gata3-ChIP-Seq(GSE20898)/Homer
		49 of 440 (1e-2) CRX(Homeobox)/Retina-Crx-ChIP-Seq(GSE20012)/Homer
		50 of 440 (1e-2) Bach1(bZIP)/K562-Bach1-ChIP-Seq(GSE31477)/Homer
		51 of 440 (1e-2) BATF(bZIP)/Th17-BATF-ChIP-Seq(GSE39756)/Homer
		52 of 440 (1e-2) Atf3(bZIP)/GBM-ATF3-ChIP-Seq(GSE33912)/Homer
		53 of 440 (1e-2) Fos(bZIP)/TSC-Fos-ChIP-Seq(GSE110950)/Homer
		54 of 440 (1e-2) Zfp281(Zf)/ES-Zfp281-ChIP-Seq(GSE81042)/Homer
		55 of 440 (1e-2) Bach2(bZIP)/OCILy7-Bach2-ChIP-Seq(GSE44420)/Homer
		56 of 440 (1e-2) STAT1(Stat)/HelaS3-STAT1-ChIP-Seq(GSE12782)/Homer
		57 of 440 (1e-2) JunB(bZIP)/DendriticCells-Junb-ChIP-Seq(GSE36099)/Homer
		58 of 440 (1e-2) MYNN(Zf)/HEK293-MYNN.eGFP-ChIP-Seq(Encode)/Homer
		59 of 440 (1e-2) PRDM10(Zf)/HEK293-PRDM10.eGFP-ChIP-Seq(Encode)/Homer
		60 of 440 (1e-2) RORg(NR)/Liver-Rorc-ChIP-Seq(GSE101115)/Homer
		61 of 440 (1e-2) GRHL2(CP2)/HBE-GRHL2-ChIP-Seq(GSE46194)/Homer
		62 of 440 (1e-2) DMRT6(DM)/Testis-DMRT6-ChIP-Seq(GSE60440)/Homer
		63 of 440 (1e-2) EHF(ETS)/LoVo-EHF-ChIP-Seq(GSE49402)/Homer
		64 of 440 (1e-2) Phox2a(Homeobox)/Neuron-Phox2a-ChIP-Seq(GSE31456)/Homer
		65 of 440 (1e-2) GSC(Homeobox)/FrogEmbryos-GSC-ChIP-Seq(DRA000576)/Homer
		66 of 440 (1e-2) SPDEF(ETS)/VCaP-SPDEF-ChIP-Seq(SRA014231)/Homer
	----------------------------------------------------------
	De novo motif finding (HOMER)

	Number of Trial motifs (-T) set to 7 (from 10) to work well with 7 CPUs
	Scanning input files...
	Parsing sequences...
	|0%                                   50%                                  100%|
	===============================================================================
	Total number of Oligos: 32896
	Autoadjustment for sequence coverage in background: 1.21x

	Oligos: 32896 of 34497 max
	Tree  : 67064 of 172485 max
	Optimizing memory usage...
	Cache length = 11180
	Using binomial scoring

	Global Optimization Phase: Looking for enriched oligos with up to 2 mismatches...

	Screening oligos 32896 (allowing 0 mismatches):
	|0%                                   50%                                  100%|
	================================================================================
		0.44% skipped, 99.56% checked (32750 of 32896), of those checked:
		0.44% not in target, 0.00% increased p-value, 0.00% high p-value

	Screening oligos 32896 (allowing 1 mismatches):
	|0%                                   50%                                  100%|
	================================================================================
		0.44% skipped, 99.56% checked (32750 of 32896), of those checked:
		0.00% not in target, 37.93% increased p-value, 57.73% high p-value

	Screening oligos 32896 (allowing 2 mismatches):
	|0%                                   50%                                  100%|
	================================================================================
		68.64% skipped, 31.36% checked (10317 of 32896), of those checked:
		0.00% not in target, 26.35% increased p-value, 0.00% high p-value
	Reading input files...
	50000 total sequences read
	Cache length = 11180
	Using binomial scoring

	Local Optimization Phase:
	1 of 25 Initial Sequence: ACATTCCT... (-43.847)
		Round 1: -111.74 ACATTCCT T:666.7(30.09%),B:10135.4(16.29%),P:1e-48
		Round 2: -111.74 ACATTCCT T:666.7(30.09%),B:10135.4(16.29%),P:1e-48
		=Final=: -96.74 ACATTCCT T:373.0(20.04%),B:4492.3(9.53%),P:1e-42
		Performing exhaustive masking of motif...
		Reprioritizing potential motifs...
	2 of 25 Initial Sequence: GCGATAAA... (-33.216)
		Round 1: -62.87 GCGATAAA T:754.4(33.32%),B:14342.0(22.25%),P:1e-27
		Round 2: -62.87 GCGATAAA T:754.4(33.32%),B:14342.0(22.25%),P:1e-27
		=Final=: -44.50 GCGATAAA T:649.0(34.87%),B:11953.0(25.36%),P:1e-19
		Performing exhaustive masking of motif...
		Reprioritizing potential motifs...
	3 of 25 Initial Sequence: CCTAAGGC... (-24.676)
		Round 1: -40.64 CCTAAGGC T:538.4(25.11%),B:10689.7(17.10%),P:1e-17
		Round 2: -40.64 CCTAAGGC T:538.4(25.11%),B:10689.7(17.10%),P:1e-17
		=Final=: -30.12 CCTAAGGC T:336.0(18.05%),B:5710.7(12.11%),P:1e-13
		Performing exhaustive masking of motif...
		Reprioritizing potential motifs...
	4 of 25 Initial Sequence: CCCCACCC... (-20.562)
		Round 1: -42.13 CCCCACCC T:1336.8(51.23%),B:30088.1(41.02%),P:1e-18
		Round 2: -59.00 YCACGCCC T:1392.4(52.68%),B:29581.9(40.49%),P:1e-25
		Round 3: -59.00 YCACGCCC T:1392.4(52.68%),B:29581.9(40.49%),P:1e-25
		=Final=: -41.48 YCACGCCC T:928.0(49.87%),B:18759.2(39.79%),P:1e-18
		Performing exhaustive masking of motif...
		Reprioritizing potential motifs...
	5 of 25 Initial Sequence: CGTTATCT... (-17.577)
		Round 1: -29.27 CGTTATCT T:601.6(27.60%),B:13069.6(20.49%),P:1e-12
		Round 2: -29.27 CGTTATCT T:601.6(27.60%),B:13069.6(20.49%),P:1e-12
		=Final=: -33.70 CGTTATCT T:452.0(24.29%),B:8058.8(17.10%),P:1e-14
		Performing exhaustive masking of motif...
		Reprioritizing potential motifs...
	6 of 25 Initial Sequence: AGATAATG... (-49.375)
		Round 1: -6.04 DGATAATN T:172.5(8.83%),B:4171.8(7.06%),P:1e-2
		Round 2: -23.73 KGATAATN T:559.3(25.95%),B:12504.0(19.70%),P:1e-10
		Round 3: -23.73 KGATAATN T:559.3(25.95%),B:12504.0(19.70%),P:1e-10
		=Final=: -22.08 KGATAATN T:505.0(27.14%),B:9925.7(21.06%),P:1e-9
		Performing exhaustive masking of motif...
		Reprioritizing potential motifs...
	7 of 25 Initial Sequence: AGGAATTC... (-16.046)
		Round 1: -36.90 AGGAATTC T:237.7(11.96%),B:3931.8(6.67%),P:1e-16
		Round 2: -36.90 AGGAATTC T:237.7(11.96%),B:3931.8(6.67%),P:1e-16
		=Final=: -22.24 AGGAATTC T:116.0(6.23%),B:1565.2(3.32%),P:1e-9
		Performing exhaustive masking of motif...
		Reprioritizing potential motifs...
	8 of 25 Initial Sequence: AATCCGGT... (-15.655)
		Round 1: -27.63 AATCCGGT T:275.4(13.74%),B:5210.9(8.74%),P:1e-11
		Round 2: -29.79 AATCCGGY T:619.2(28.30%),B:13475.9(21.06%),P:1e-12
		Round 3: -29.79 AATCCGGY T:619.2(28.30%),B:13475.9(21.06%),P:1e-12
		=Final=: -26.09 AATCCGGY T:584.0(31.38%),B:11492.3(24.38%),P:1e-11
		Performing exhaustive masking of motif...
		Reprioritizing potential motifs...
	9 of 25 Initial Sequence: TTGTTTGT... (-13.670)
		Round 1: -18.74 TTGTTTGT T:862.2(37.08%),B:21050.9(30.88%),P:1e-8
		Round 2: -21.77 TTGTTTGT T:729.3(32.42%),B:17130.0(25.96%),P:1e-9
		Round 3: -24.33 TTKTTTGT T:780.4(34.25%),B:18149.1(27.28%),P:1e-10
		Round 4: -25.12 KTTTTTGT T:989.2(41.23%),B:23470.7(33.76%),P:1e-10
		Round 5: -30.63 TTTTTKGT T:1099.3(44.61%),B:25585.5(36.17%),P:1e-13
		Round 6: -30.63 TTTTTKGT T:1099.3(44.61%),B:25585.5(36.17%),P:1e-13
		=Final=: -8.11 TTTTTKGT T:381.0(20.47%),B:8189.2(17.37%),P:1e-3
		Performing exhaustive masking of motif...
		Reprioritizing potential motifs...
	10 of 25 Initial Sequence: TCTGAATG... (-13.661)
		Round 1: -13.66 TCTGAATG T:57.2(3.02%),B:854.3(1.49%),P:1e-5
		Round 2: -13.66 TCTGAATG T:57.2(3.02%),B:854.3(1.49%),P:1e-5
		=Final=: -14.79 TCTGAATG T:65.0(3.49%),B:833.8(1.77%),P:1e-6
		Performing exhaustive masking of motif...
		Reprioritizing potential motifs...
	11 of 25 Initial Sequence: GTTCAAGG... (-11.533)
		Round 1: -17.00 GTTCAAGG T:233.9(11.77%),B:4841.4(8.14%),P:1e-7
		Round 2: -17.00 GTTCAAGG T:233.9(11.77%),B:4841.4(8.14%),P:1e-7
		=Final=: -20.49 GTTCAAGG T:235.0(12.63%),B:4009.2(8.50%),P:1e-8
		Performing exhaustive masking of motif...
		Reprioritizing potential motifs...
	12 of 25 Initial Sequence: CATTCGCG... (-10.546)
		Round 1: -21.14 CATTCGCG T:147.4(7.60%),B:2561.2(4.39%),P:1e-9
		Round 2: -21.14 CATTCGCG T:147.4(7.60%),B:2561.2(4.39%),P:1e-9
		=Final=: -20.45 CATTCGCG T:157.0(8.44%),B:2409.7(5.11%),P:1e-8
		Performing exhaustive masking of motif...
		Reprioritizing potential motifs...
	13 of 25 Initial Sequence: TTCCACGT... (-10.591)
		Round 1: -14.67 TTCCACGT T:59.1(3.12%),B:869.0(1.51%),P:1e-6
		Round 2: -14.67 TTCCACGT T:59.1(3.12%),B:869.0(1.51%),P:1e-6
		=Final=: -7.21 TTCCACGT T:37.0(1.99%),B:525.4(1.11%),P:1e-3
		Performing exhaustive masking of motif...
		Reprioritizing potential motifs...
	14 of 25 Initial Sequence: TTAAGATG... (-10.015)
		Round 1: -13.97 TTAAGATG T:55.3(2.91%),B:802.5(1.40%),P:1e-6
		Round 2: -13.97 TTAAGATG T:55.3(2.91%),B:802.5(1.40%),P:1e-6
		=Final=: -15.01 TTAAGATG T:63.0(3.39%),B:792.5(1.68%),P:1e-6
		Performing exhaustive masking of motif...
		Reprioritizing potential motifs...
	15 of 25 Initial Sequence: CCAGAAAG... (-9.574)
		Round 1: -12.74 CCAGAAAG T:166.5(8.54%),B:3436.5(5.85%),P:1e-5
		Round 2: -17.71 CCGGAAAG T:218.1(11.06%),B:4407.7(7.44%),P:1e-7
		Round 3: -17.71 CCGGAAAG T:218.1(11.06%),B:4407.7(7.44%),P:1e-7
		=Final=: -17.84 CCGGAAAG T:233.0(12.52%),B:4096.8(8.69%),P:1e-7
		Performing exhaustive masking of motif...
		Reprioritizing potential motifs...
	16 of 25 Initial Sequence: AAAAGGTG... (-9.543)
		Round 1: -10.41 AAAAGGTG T:57.1(3.02%),B:960.4(1.67%),P:1e-4
		Round 2: -14.74 AAAAGGCG T:145.9(7.50%),B:2812.8(4.81%),P:1e-6
		Round 3: -14.74 AAAAGGCG T:145.9(7.50%),B:2812.8(4.81%),P:1e-6
		=Final=: -16.42 AAAAGGCG T:163.0(8.76%),B:2690.6(5.71%),P:1e-7
		Performing exhaustive masking of motif...
		Reprioritizing potential motifs...
	17 of 25 Initial Sequence: CTGGTCTT... (-9.305)
		Round 1: -11.51 CTGGTCTT T:96.7(5.03%),B:1805.2(3.12%),P:1e-4
		Round 2: -17.83 CGGGTCTT T:173.7(8.88%),B:3325.7(5.67%),P:1e-7
		Round 3: -17.83 CGGGTCTT T:173.7(8.88%),B:3325.7(5.67%),P:1e-7
		=Final=: -16.82 CGGGTCTT T:188.0(10.10%),B:3192.4(6.77%),P:1e-7
		Performing exhaustive masking of motif...
		Reprioritizing potential motifs...
	Remaining seeds don't look promising (After initial 5 motifs, logp -9.086 > -9.270)

	Finalizing Enrichment Statistics (new in v3.4)
	Reading input files...
	50000 total sequences read
	Cache length = 11180
	Using binomial scoring
	Checking enrichment of 17 motif(s)
	|0%                                    50%                                  100%|
	=================================================================================
	Output in file: /home1/gyang/work_space/4.ProjectET/batch19_cr/7.Peak_anno/TE_Tead4_rep1_peakAnalysis/homerMotifs.motifs8

	(Motifs in homer2 format)
	Determining similar motifs... 17 reduced to 13 motifs
	Outputing HTML and sequence logos for motif comparison...
	Checking de novo motifs against known motifs...
	Formatting HTML page...
		1 of 13 (1e-42) similar to TEAD2/MA1121.1/Jaspar(0.940)
		2 of 13 (1e-20) similar to CDX1/MA0878.2/Jaspar(0.878)
		3 of 13 (1e-18) similar to KLF2/MA1515.1/Jaspar(0.919)
		4 of 13 (1e-12) similar to TFAP2B(var.2)/MA0812.1/Jaspar(0.888)
		5 of 13 (1e-12) similar to PB0185.1_Tcf1_2/Jaspar(0.744)
		6 of 13 (1e-11) similar to TEAD2(TEA)/Py2T-Tead2-ChIP-Seq(GSE55709)/Homer(0.687)
		7 of 13 (1e-8) similar to PB0180.1_Sp4_2/Jaspar(0.729)
		8 of 13 (1e-8) similar to RAR:RXR(NR),DR0/ES-RAR-ChIP-Seq(GSE56893)/Homer(0.860)
		9 of 13 (1e-7) similar to Elk4(ETS)/Hela-Elk4-ChIP-Seq(GSE31477)/Homer(0.850)
		10 of 13 (1e-6) similar to PB0170.1_Sox17_2/Jaspar(0.764)
		11 of 13 (1e-6) similar to Arid3b/MA0601.1/Jaspar(0.668)
		12 of 13 (1e-3) similar to SOX15/MA1152.1/Jaspar(0.727)
		13 of 13 (1e-2) similar to CREB3L4/MA1474.1/Jaspar(0.785)
	Job finished - if results look good, please send beer to ..

	Cleaning up tmp files...

