This is cutadapt 1.18 with Python 3.7.11
Command line parameters: -j 3 -a AGATCGGAAGAGC -A AGATCGGAAGAGC --trim-n -m 80 -q 20,20 -o /home1/gyang/work_space/4.ProjectET/batch26_rna/2.cutdata/2Cell_DuxOE_rep1.R1_cut.fq -p /home1/gyang/work_space/4.ProjectET/batch26_rna/2.cutdata/2Cell_DuxOE_rep1.R2_cut.fq 2Cell_DuxOE_rep1.R1.fq.gz 2Cell_DuxOE_rep1.R2.fq.gz
Processing reads on 3 cores in paired-end mode ...
Finished in 726.13 s (29 us/read; 2.05 M reads/minute).

=== Summary ===

Total read pairs processed:         24,767,048
  Read 1 with adapter:               4,871,364 (19.7%)
  Read 2 with adapter:               5,154,778 (20.8%)
Pairs that were too short:             838,091 (3.4%)
Pairs written (passing filters):    23,928,957 (96.6%)

Total basepairs processed: 7,430,114,400 bp
  Read 1: 3,715,057,200 bp
  Read 2: 3,715,057,200 bp
Quality-trimmed:              21,513,349 bp (0.3%)
  Read 1:     9,106,522 bp
  Read 2:    12,406,827 bp
Total written (filtered):  6,954,752,077 bp (93.6%)
  Read 1: 3,478,751,756 bp
  Read 2: 3,476,000,321 bp

=== First read: Adapter 1 ===

Sequence: AGATCGGAAGAGC; Type: regular 3'; Length: 13; Trimmed: 4871364 times.

No. of allowed errors:
0-9 bp: 0; 10-13 bp: 1

Bases preceding removed adapters:
  A: 3.1%
  C: 80.8%
  G: 14.2%
  T: 1.8%
  none/other: 0.0%
WARNING:
    The adapter is preceded by "C" extremely often.
    The provided adapter sequence could be incomplete at its 3' end.

Overview of removed sequences
length	count	expect	max.err	error counts
3	424432	386985.1	0	424432
4	173233	96746.3	0	173233
5	114292	24186.6	0	114292
6	93743	6046.6	0	93743
7	89670	1511.7	0	89670
8	90534	377.9	0	90534
9	82701	94.5	0	82208 493
10	85681	23.6	1	81424 4257
11	87881	5.9	1	82191 5690
12	83985	1.5	1	79055 4930
13	82290	0.4	1	77555 4735
14	79674	0.4	1	74939 4735
15	79806	0.4	1	74785 5021
16	83714	0.4	1	77998 5716
17	93815	0.4	1	86614 7201
18	76997	0.4	1	72978 4019
19	69467	0.4	1	66271 3196
20	75076	0.4	1	70471 4605
21	71593	0.4	1	68052 3541
22	70953	0.4	1	67369 3584
23	68876	0.4	1	65270 3606
24	69663	0.4	1	64857 4806
25	65432	0.4	1	61437 3995
26	60105	0.4	1	57254 2851
27	61317	0.4	1	58116 3201
28	60401	0.4	1	56944 3457
29	61044	0.4	1	57021 4023
30	56052	0.4	1	53471 2581
31	51711	0.4	1	49189 2522
32	54332	0.4	1	51364 2968
33	58324	0.4	1	54716 3608
34	46927	0.4	1	44009 2918
35	48309	0.4	1	45909 2400
36	49335	0.4	1	46556 2779
37	49764	0.4	1	47144 2620
38	50445	0.4	1	47309 3136
39	46197	0.4	1	43804 2393
40	48941	0.4	1	45333 3608
41	46785	0.4	1	44336 2449
42	49209	0.4	1	46270 2939
43	52219	0.4	1	48511 3708
44	40772	0.4	1	38465 2307
45	66334	0.4	1	63355 2979
46	14721	0.4	1	13703 1018
47	35221	0.4	1	33548 1673
48	60620	0.4	1	57380 3240
49	39952	0.4	1	38136 1816
50	23345	0.4	1	21974 1371
51	50781	0.4	1	48142 2639
52	41772	0.4	1	39967 1805
53	19229	0.4	1	18399 830
54	32729	0.4	1	31238 1491
55	69463	0.4	1	67147 2316
56	38607	0.4	1	37225 1382
57	35488	0.4	1	34447 1041
58	26310	0.4	1	25389 921
59	44558	0.4	1	43175 1383
60	14671	0.4	1	14087 584
61	12271	0.4	1	11665 606
62	46325	0.4	1	44928 1397
63	19271	0.4	1	18583 688
64	10994	0.4	1	10488 506
65	15589	0.4	1	14849 740
66	62035	0.4	1	60495 1540
67	12103	0.4	1	11544 559
68	18993	0.4	1	18349 644
69	8536	0.4	1	8082 454
70	5978	0.4	1	5561 417
71	4470	0.4	1	4224 246
72	9309	0.4	1	8962 347
73	14534	0.4	1	13995 539
74	16405	0.4	1	15807 598
75	16399	0.4	1	15709 690
76	17046	0.4	1	16329 717
77	16925	0.4	1	16273 652
78	16233	0.4	1	15581 652
79	15696	0.4	1	15087 609
80	15621	0.4	1	15063 558
81	15315	0.4	1	14704 611
82	15537	0.4	1	14917 620
83	15379	0.4	1	14815 564
84	14902	0.4	1	14376 526
85	14400	0.4	1	13863 537
86	14158	0.4	1	13634 524
87	13736	0.4	1	13233 503
88	14134	0.4	1	13594 540
89	14034	0.4	1	13422 612
90	16463	0.4	1	15591 872
91	16630	0.4	1	15711 919
92	15562	0.4	1	14853 709
93	13794	0.4	1	13298 496
94	14364	0.4	1	13865 499
95	14599	0.4	1	14087 512
96	14830	0.4	1	14310 520
97	13603	0.4	1	13138 465
98	12715	0.4	1	12307 408
99	12347	0.4	1	11879 468
100	11712	0.4	1	11295 417
101	11240	0.4	1	10855 385
102	10675	0.4	1	10306 369
103	10920	0.4	1	10523 397
104	10210	0.4	1	9847 363
105	9847	0.4	1	9507 340
106	9803	0.4	1	9469 334
107	9421	0.4	1	9091 330
108	10162	0.4	1	9847 315
109	8854	0.4	1	8551 303
110	8694	0.4	1	8384 310
111	8696	0.4	1	8406 290
112	8849	0.4	1	8575 274
113	9248	0.4	1	8948 300
114	9254	0.4	1	8980 274
115	9089	0.4	1	8791 298
116	9016	0.4	1	8746 270
117	8639	0.4	1	8369 270
118	8435	0.4	1	8204 231
119	7835	0.4	1	7611 224
120	7920	0.4	1	7691 229
121	7753	0.4	1	7496 257
122	7421	0.4	1	7205 216
123	7294	0.4	1	7072 222
124	7113	0.4	1	6888 225
125	7175	0.4	1	6965 210
126	6951	0.4	1	6751 200
127	7214	0.4	1	7033 181
128	7260	0.4	1	7074 186
129	7377	0.4	1	7170 207
130	7791	0.4	1	7575 216
131	7923	0.4	1	7714 209
132	8185	0.4	1	7967 218
133	8068	0.4	1	7823 245
134	6833	0.4	1	6627 206
135	4527	0.4	1	4381 146
136	3770	0.4	1	3655 115
137	2482	0.4	1	2375 107
138	1190	0.4	1	1131 59
139	490	0.4	1	454 36
140	179	0.4	1	170 9
141	112	0.4	1	99 13
142	69	0.4	1	58 11
143	113	0.4	1	106 7
144	143	0.4	1	123 20
145	690	0.4	1	659 31
146	1591	0.4	1	1529 62
147	890	0.4	1	846 44
148	346	0.4	1	319 27
149	347	0.4	1	284 63
150	815	0.4	1	445 370

=== Second read: Adapter 2 ===

Sequence: AGATCGGAAGAGC; Type: regular 3'; Length: 13; Trimmed: 5154778 times.

No. of allowed errors:
0-9 bp: 0; 10-13 bp: 1

Overview of removed sequences
length	count	expect	max.err	error counts
3	614613	386985.1	0	614613
4	197743	96746.3	0	197743
5	120936	24186.6	0	120936
6	93817	6046.6	0	93817
7	94089	1511.7	0	94089
8	100603	377.9	0	100603
9	77034	94.5	0	76458 576
10	90921	23.6	1	85997 4924
11	88819	5.9	1	84346 4473
12	88789	1.5	1	84224 4565
13	83553	0.4	1	79627 3926
14	87340	0.4	1	82216 5124
15	76648	0.4	1	73088 3560
16	84707	0.4	1	80411 4296
17	100963	0.4	1	95229 5734
18	64544	0.4	1	61818 2726
19	93073	0.4	1	87832 5241
20	66689	0.4	1	63301 3388
21	68065	0.4	1	64717 3348
22	72159	0.4	1	68606 3553
23	68829	0.4	1	65382 3447
24	75251	0.4	1	70276 4975
25	73478	0.4	1	70229 3249
26	53543	0.4	1	50656 2887
27	58673	0.4	1	55304 3369
28	61850	0.4	1	58853 2997
29	57815	0.4	1	54710 3105
30	61400	0.4	1	58262 3138
31	52001	0.4	1	49484 2517
32	56777	0.4	1	53410 3367
33	56850	0.4	1	53531 3319
34	54895	0.4	1	51533 3362
35	50586	0.4	1	47775 2811
36	86586	0.4	1	81324 5262
37	67428	0.4	1	64558 2870
38	43022	0.4	1	41037 1985
39	38702	0.4	1	37066 1636
40	44379	0.4	1	42576 1803
41	35632	0.4	1	33654 1978
42	58890	0.4	1	56571 2319
43	38261	0.4	1	36505 1756
44	108854	0.4	1	105428 3426
45	43738	0.4	1	41849 1889
46	19326	0.4	1	18269 1057
47	45848	0.4	1	44329 1519
48	18028	0.4	1	17088 940
49	29943	0.4	1	28904 1039
50	17306	0.4	1	16439 867
51	20456	0.4	1	19593 863
52	14505	0.4	1	13771 734
53	29096	0.4	1	28046 1050
54	43131	0.4	1	41746 1385
55	17203	0.4	1	16370 833
56	28542	0.4	1	27434 1108
57	68623	0.4	1	66862 1761
58	23041	0.4	1	22028 1013
59	19935	0.4	1	18976 959
60	71353	0.4	1	69350 2003
61	25149	0.4	1	24161 988
62	13478	0.4	1	12821 657
63	44821	0.4	1	43576 1245
64	53364	0.4	1	51873 1491
65	29180	0.4	1	28166 1014
66	28013	0.4	1	27016 997
67	33076	0.4	1	31994 1082
68	17874	0.4	1	17234 640
69	16050	0.4	1	15390 660
70	19117	0.4	1	18529 588
71	11818	0.4	1	11320 498
72	9238	0.4	1	8880 358
73	10249	0.4	1	9906 343
74	11480	0.4	1	11127 353
75	12931	0.4	1	12525 406
76	16199	0.4	1	15687 512
77	12297	0.4	1	11766 531
78	11909	0.4	1	11483 426
79	12142	0.4	1	11654 488
80	12346	0.4	1	11912 434
81	12567	0.4	1	12112 455
82	13175	0.4	1	12677 498
83	13958	0.4	1	13486 472
84	13690	0.4	1	13206 484
85	14089	0.4	1	13559 530
86	13045	0.4	1	12607 438
87	12474	0.4	1	12040 434
88	12733	0.4	1	12278 455
89	13249	0.4	1	12819 430
90	16285	0.4	1	15782 503
91	15594	0.4	1	15117 477
92	15059	0.4	1	14603 456
93	13631	0.4	1	13192 439
94	13214	0.4	1	12764 450
95	13921	0.4	1	13504 417
96	14106	0.4	1	13661 445
97	12867	0.4	1	12473 394
98	12721	0.4	1	12320 401
99	13102	0.4	1	12709 393
100	12961	0.4	1	12588 373
101	11176	0.4	1	10838 338
102	10130	0.4	1	9790 340
103	10059	0.4	1	9733 326
104	9294	0.4	1	8991 303
105	9394	0.4	1	9105 289
106	9319	0.4	1	9053 266
107	9168	0.4	1	8873 295
108	9906	0.4	1	9611 295
109	8540	0.4	1	8270 270
110	8575	0.4	1	8330 245
111	8943	0.4	1	8675 268
112	9262	0.4	1	8945 317
113	9052	0.4	1	8773 279
114	8876	0.4	1	8645 231
115	8796	0.4	1	8557 239
116	8724	0.4	1	8498 226
117	8432	0.4	1	8218 214
118	8401	0.4	1	8155 246
119	7810	0.4	1	7600 210
120	7892	0.4	1	7672 220
121	7729	0.4	1	7519 210
122	7324	0.4	1	7121 203
123	7222	0.4	1	7026 196
124	7035	0.4	1	6855 180
125	7176	0.4	1	6989 187
126	6999	0.4	1	6806 193
127	7221	0.4	1	7016 205
128	7346	0.4	1	7145 201
129	7261	0.4	1	7081 180
130	7645	0.4	1	7439 206
131	7828	0.4	1	7634 194
132	8080	0.4	1	7900 180
133	8008	0.4	1	7775 233
134	6722	0.4	1	6554 168
135	4497	0.4	1	4378 119
136	3727	0.4	1	3626 101
137	2447	0.4	1	2348 99
138	1221	0.4	1	1135 86
139	505	0.4	1	448 57
140	201	0.4	1	165 36
141	126	0.4	1	97 29
142	97	0.4	1	54 43
143	130	0.4	1	107 23
144	176	0.4	1	122 54
145	694	0.4	1	613 81
146	1554	0.4	1	1452 102
147	911	0.4	1	837 74
148	332	0.4	1	314 18
149	305	0.4	1	276 29
150	457	0.4	1	422 35

WARNING:
    One or more of your adapter sequences may be incomplete.
    Please see the detailed output above.
