This is cutadapt 1.18 with Python 3.7.11
Command line parameters: -j 3 -a AGATCGGAAGAGC -A AGATCGGAAGAGC --trim-n -m 80 -q 20,20 -o /home1/gyang/work_space/4.ProjectET/batch26_rna/2.cutdata/2Cell_DuxOE_rep2.R1_cut.fq -p /home1/gyang/work_space/4.ProjectET/batch26_rna/2.cutdata/2Cell_DuxOE_rep2.R2_cut.fq 2Cell_DuxOE_rep2.R1.fq.gz 2Cell_DuxOE_rep2.R2.fq.gz
Processing reads on 3 cores in paired-end mode ...
Finished in 719.13 s (29 us/read; 2.05 M reads/minute).

=== Summary ===

Total read pairs processed:         24,606,575
  Read 1 with adapter:               4,050,806 (16.5%)
  Read 2 with adapter:               4,317,490 (17.5%)
Pairs that were too short:             564,997 (2.3%)
Pairs written (passing filters):    24,041,578 (97.7%)

Total basepairs processed: 7,381,972,500 bp
  Read 1: 3,690,986,250 bp
  Read 2: 3,690,986,250 bp
Quality-trimmed:              22,734,138 bp (0.3%)
  Read 1:     9,570,985 bp
  Read 2:    13,163,153 bp
Total written (filtered):  7,029,575,921 bp (95.2%)
  Read 1: 3,516,416,406 bp
  Read 2: 3,513,159,515 bp

=== First read: Adapter 1 ===

Sequence: AGATCGGAAGAGC; Type: regular 3'; Length: 13; Trimmed: 4050806 times.

No. of allowed errors:
0-9 bp: 0; 10-13 bp: 1

Bases preceding removed adapters:
  A: 3.1%
  C: 80.3%
  G: 14.4%
  T: 2.2%
  none/other: 0.0%
WARNING:
    The adapter is preceded by "C" extremely often.
    The provided adapter sequence could be incomplete at its 3' end.

Overview of removed sequences
length	count	expect	max.err	error counts
3	427900	384477.7	0	427900
4	168597	96119.4	0	168597
5	108763	24029.9	0	108763
6	88315	6007.5	0	88315
7	82638	1501.9	0	82638
8	84567	375.5	0	84567
9	77047	93.9	0	76519 528
10	78825	23.5	1	75196 3629
11	80794	5.9	1	75622 5172
12	76495	1.5	1	72262 4233
13	75270	0.4	1	70959 4311
14	72198	0.4	1	68031 4167
15	71874	0.4	1	67485 4389
16	74743	0.4	1	69959 4784
17	85367	0.4	1	79241 6126
18	68424	0.4	1	65182 3242
19	61423	0.4	1	58701 2722
20	67149	0.4	1	63209 3940
21	63677	0.4	1	60627 3050
22	63047	0.4	1	59875 3172
23	61884	0.4	1	58799 3085
24	58089	0.4	1	54408 3681
25	56447	0.4	1	53311 3136
26	51208	0.4	1	49025 2183
27	52378	0.4	1	49957 2421
28	51118	0.4	1	48189 2929
29	50163	0.4	1	47292 2871
30	46885	0.4	1	44818 2067
31	43615	0.4	1	41703 1912
32	44795	0.4	1	42633 2162
33	43677	0.4	1	41290 2387
34	42428	0.4	1	40111 2317
35	47573	0.4	1	44044 3529
36	37423	0.4	1	35779 1644
37	39079	0.4	1	37164 1915
38	37482	0.4	1	35897 1585
39	39197	0.4	1	36849 2348
40	35345	0.4	1	33723 1622
41	39714	0.4	1	37519 2195
42	37068	0.4	1	34738 2330
43	46108	0.4	1	41482 4626
44	39522	0.4	1	36843 2679
45	75997	0.4	1	72922 3075
46	23030	0.4	1	21692 1338
47	21058	0.4	1	19935 1123
48	75488	0.4	1	72932 2556
49	27839	0.4	1	26506 1333
50	13452	0.4	1	12606 846
51	47385	0.4	1	45597 1788
52	31269	0.4	1	30091 1178
53	7824	0.4	1	7342 482
54	23530	0.4	1	22647 883
55	58634	0.4	1	57269 1365
56	22636	0.4	1	21899 737
57	14649	0.4	1	14151 498
58	10033	0.4	1	9587 446
59	26730	0.4	1	26030 700
60	5512	0.4	1	5212 300
61	5735	0.4	1	5411 324
62	28165	0.4	1	27465 700
63	7965	0.4	1	7629 336
64	4945	0.4	1	4675 270
65	9395	0.4	1	8972 423
66	34894	0.4	1	34126 768
67	4483	0.4	1	4206 277
68	8609	0.4	1	8278 331
69	5448	0.4	1	5157 291
70	4341	0.4	1	4058 283
71	2304	0.4	1	2116 188
72	5345	0.4	1	5122 223
73	9065	0.4	1	8732 333
74	10625	0.4	1	10251 374
75	10764	0.4	1	10366 398
76	11220	0.4	1	10814 406
77	11474	0.4	1	11061 413
78	10896	0.4	1	10516 380
79	10442	0.4	1	10061 381
80	10337	0.4	1	10001 336
81	9885	0.4	1	9511 374
82	10126	0.4	1	9735 391
83	9860	0.4	1	9505 355
84	9729	0.4	1	9374 355
85	9331	0.4	1	9001 330
86	9217	0.4	1	8879 338
87	8906	0.4	1	8572 334
88	8777	0.4	1	8463 314
89	8953	0.4	1	8623 330
90	10255	0.4	1	9747 508
91	10138	0.4	1	9608 530
92	9729	0.4	1	9341 388
93	8873	0.4	1	8538 335
94	8997	0.4	1	8661 336
95	9279	0.4	1	8943 336
96	9618	0.4	1	9290 328
97	8560	0.4	1	8271 289
98	8095	0.4	1	7767 328
99	7780	0.4	1	7513 267
100	7303	0.4	1	7054 249
101	6714	0.4	1	6477 237
102	6773	0.4	1	6500 273
103	6619	0.4	1	6388 231
104	6433	0.4	1	6229 204
105	6158	0.4	1	5952 206
106	5973	0.4	1	5753 220
107	5810	0.4	1	5599 211
108	6192	0.4	1	5989 203
109	5586	0.4	1	5417 169
110	5623	0.4	1	5428 195
111	5515	0.4	1	5323 192
112	5488	0.4	1	5308 180
113	5883	0.4	1	5696 187
114	5769	0.4	1	5606 163
115	5600	0.4	1	5423 177
116	5728	0.4	1	5544 184
117	5884	0.4	1	5729 155
118	5278	0.4	1	5117 161
119	4870	0.4	1	4718 152
120	5126	0.4	1	4974 152
121	4850	0.4	1	4696 154
122	4851	0.4	1	4689 162
123	4742	0.4	1	4609 133
124	4805	0.4	1	4676 129
125	4699	0.4	1	4556 143
126	4803	0.4	1	4673 130
127	4822	0.4	1	4685 137
128	4959	0.4	1	4821 138
129	4940	0.4	1	4813 127
130	5113	0.4	1	4985 128
131	5253	0.4	1	5114 139
132	5323	0.4	1	5163 160
133	5075	0.4	1	4927 148
134	4447	0.4	1	4341 106
135	3019	0.4	1	2934 85
136	2508	0.4	1	2442 66
137	1630	0.4	1	1580 50
138	653	0.4	1	631 22
139	253	0.4	1	237 16
140	97	0.4	1	89 8
141	65	0.4	1	53 12
142	75	0.4	1	52 23
143	72	0.4	1	65 7
144	118	0.4	1	103 15
145	498	0.4	1	476 22
146	1127	0.4	1	1090 37
147	571	0.4	1	544 27
148	294	0.4	1	281 13
149	273	0.4	1	225 48
150	609	0.4	1	368 241

=== Second read: Adapter 2 ===

Sequence: AGATCGGAAGAGC; Type: regular 3'; Length: 13; Trimmed: 4317490 times.

No. of allowed errors:
0-9 bp: 0; 10-13 bp: 1

Overview of removed sequences
length	count	expect	max.err	error counts
3	626028	384477.7	0	626028
4	194967	96119.4	0	194967
5	115108	24029.9	0	115108
6	87108	6007.5	0	87108
7	87361	1501.9	0	87361
8	92274	375.5	0	92274
9	69390	93.9	0	68828 562
10	84135	23.5	1	78273 5862
11	80464	5.9	1	75272 5192
12	81368	1.5	1	75902 5466
13	75152	0.4	1	70691 4461
14	80628	0.4	1	74516 6112
15	67797	0.4	1	63755 4042
16	74751	0.4	1	70048 4703
17	93827	0.4	1	87254 6573
18	54451	0.4	1	51451 3000
19	85720	0.4	1	79466 6254
20	57978	0.4	1	54219 3759
21	57949	0.4	1	54412 3537
22	63329	0.4	1	59244 4085
23	59446	0.4	1	55632 3814
24	67185	0.4	1	61619 5566
25	62677	0.4	1	59269 3408
26	45551	0.4	1	42491 3060
27	48636	0.4	1	45303 3333
28	52740	0.4	1	49450 3290
29	47447	0.4	1	44417 3030
30	52363	0.4	1	48831 3532
31	42108	0.4	1	39619 2489
32	47854	0.4	1	44502 3352
33	47911	0.4	1	44735 3176
34	43668	0.4	1	40619 3049
35	41799	0.4	1	38835 2964
36	78270	0.4	1	72553 5717
37	51975	0.4	1	49222 2753
38	34286	0.4	1	32324 1962
39	28918	0.4	1	27337 1581
40	33409	0.4	1	31671 1738
41	25540	0.4	1	23867 1673
42	46383	0.4	1	43936 2447
43	28224	0.4	1	26529 1695
44	76037	0.4	1	72697 3340
45	35245	0.4	1	33427 1818
46	14665	0.4	1	13619 1046
47	35130	0.4	1	33529 1601
48	14725	0.4	1	13692 1033
49	23201	0.4	1	22191 1010
50	13748	0.4	1	12911 837
51	16599	0.4	1	15716 883
52	11430	0.4	1	10721 709
53	22022	0.4	1	20999 1023
54	31352	0.4	1	30037 1315
55	12981	0.4	1	12164 817
56	20944	0.4	1	19928 1016
57	48324	0.4	1	46709 1615
58	17718	0.4	1	16750 968
59	14404	0.4	1	13542 862
60	50274	0.4	1	48503 1771
61	17917	0.4	1	16993 924
62	9828	0.4	1	9241 587
63	31531	0.4	1	30373 1158
64	34659	0.4	1	33371 1288
65	19687	0.4	1	18823 864
66	19153	0.4	1	18278 875
67	22127	0.4	1	21113 1014
68	12489	0.4	1	11912 577
69	11695	0.4	1	11083 612
70	13563	0.4	1	13013 550
71	8937	0.4	1	8443 494
72	6795	0.4	1	6455 340
73	7428	0.4	1	7091 337
74	8110	0.4	1	7783 327
75	9133	0.4	1	8772 361
76	11163	0.4	1	10738 425
77	8600	0.4	1	8139 461
78	7916	0.4	1	7506 410
79	7955	0.4	1	7559 396
80	8087	0.4	1	7718 369
81	8052	0.4	1	7670 382
82	8572	0.4	1	8132 440
83	9053	0.4	1	8597 456
84	9122	0.4	1	8668 454
85	9124	0.4	1	8730 394
86	8476	0.4	1	8062 414
87	7959	0.4	1	7550 409
88	7880	0.4	1	7514 366
89	8347	0.4	1	7991 356
90	9989	0.4	1	9569 420
91	9529	0.4	1	9173 356
92	9352	0.4	1	8939 413
93	8749	0.4	1	8383 366
94	8242	0.4	1	7877 365
95	8793	0.4	1	8445 348
96	9021	0.4	1	8649 372
97	7985	0.4	1	7679 306
98	7967	0.4	1	7652 315
99	8140	0.4	1	7825 315
100	7963	0.4	1	7654 309
101	6739	0.4	1	6407 332
102	6419	0.4	1	6163 256
103	6135	0.4	1	5872 263
104	5897	0.4	1	5647 250
105	6042	0.4	1	5802 240
106	5799	0.4	1	5586 213
107	5830	0.4	1	5597 233
108	6344	0.4	1	6099 245
109	5446	0.4	1	5201 245
110	5408	0.4	1	5180 228
111	5094	0.4	1	4875 219
112	5322	0.4	1	5087 235
113	5828	0.4	1	5588 240
114	5873	0.4	1	5683 190
115	5817	0.4	1	5583 234
116	5532	0.4	1	5323 209
117	5378	0.4	1	5170 208
118	5127	0.4	1	4948 179
119	4717	0.4	1	4548 169
120	4990	0.4	1	4823 167
121	4822	0.4	1	4661 161
122	4661	0.4	1	4489 172
123	4710	0.4	1	4546 164
124	4674	0.4	1	4480 194
125	4785	0.4	1	4613 172
126	4843	0.4	1	4695 148
127	4813	0.4	1	4673 140
128	5022	0.4	1	4864 158
129	4784	0.4	1	4641 143
130	5020	0.4	1	4870 150
131	5176	0.4	1	5021 155
132	5230	0.4	1	5070 160
133	5034	0.4	1	4874 160
134	4353	0.4	1	4235 118
135	2984	0.4	1	2914 70
136	2512	0.4	1	2409 103
137	1641	0.4	1	1583 58
138	682	0.4	1	619 63
139	289	0.4	1	237 52
140	118	0.4	1	97 21
141	79	0.4	1	52 27
142	99	0.4	1	47 52
143	98	0.4	1	66 32
144	158	0.4	1	100 58
145	528	0.4	1	450 78
146	1106	0.4	1	1040 66
147	586	0.4	1	530 56
148	285	0.4	1	266 19
149	236	0.4	1	221 15
150	363	0.4	1	328 35

WARNING:
    One or more of your adapter sequences may be incomplete.
    Please see the detailed output above.
