This is cutadapt 1.18 with Python 3.7.11
Command line parameters: -j 3 -a AGATCGGAAGAGC -A AGATCGGAAGAGC --trim-n -m 80 -q 20,20 -o /home1/gyang/work_space/4.ProjectET/batch26_rna/2.cutdata/8Cell_RargKDKO_rep2.R1_cut.fq -p /home1/gyang/work_space/4.ProjectET/batch26_rna/2.cutdata/8Cell_RargKDKO_rep2.R2_cut.fq 8Cell_RargKDKO_rep2.R1.fq.gz 8Cell_RargKDKO_rep2.R2.fq.gz
Processing reads on 3 cores in paired-end mode ...
Finished in 740.78 s (28 us/read; 2.11 M reads/minute).

=== Summary ===

Total read pairs processed:         26,053,804
  Read 1 with adapter:               4,188,098 (16.1%)
  Read 2 with adapter:               4,448,625 (17.1%)
Pairs that were too short:             640,885 (2.5%)
Pairs written (passing filters):    25,412,919 (97.5%)

Total basepairs processed: 7,816,141,200 bp
  Read 1: 3,908,070,600 bp
  Read 2: 3,908,070,600 bp
Quality-trimmed:              30,328,469 bp (0.4%)
  Read 1:    14,611,245 bp
  Read 2:    15,717,224 bp
Total written (filtered):  7,429,427,554 bp (95.1%)
  Read 1: 3,715,754,371 bp
  Read 2: 3,713,673,183 bp

=== First read: Adapter 1 ===

Sequence: AGATCGGAAGAGC; Type: regular 3'; Length: 13; Trimmed: 4188098 times.

No. of allowed errors:
0-9 bp: 0; 10-13 bp: 1

Bases preceding removed adapters:
  A: 3.5%
  C: 79.4%
  G: 14.8%
  T: 2.3%
  none/other: 0.0%

Overview of removed sequences
length	count	expect	max.err	error counts
3	474928	407090.7	0	474928
4	172470	101772.7	0	172470
5	108188	25443.2	0	108188
6	85508	6360.8	0	85508
7	82083	1590.2	0	82083
8	82796	397.5	0	82796
9	77512	99.4	0	77013 499
10	77290	24.8	1	73178 4112
11	79955	6.2	1	73960 5995
12	75467	1.6	1	70931 4536
13	73368	0.4	1	68835 4533
14	71239	0.4	1	66248 4991
15	69684	0.4	1	64996 4688
16	74129	0.4	1	68591 5538
17	85873	0.4	1	78885 6988
18	67119	0.4	1	63245 3874
19	61416	0.4	1	58232 3184
20	65877	0.4	1	61681 4196
21	62533	0.4	1	59113 3420
22	62737	0.4	1	59119 3618
23	59604	0.4	1	56469 3135
24	59520	0.4	1	54978 4542
25	56382	0.4	1	52488 3894
26	51320	0.4	1	48695 2625
27	52265	0.4	1	49379 2886
28	52296	0.4	1	48920 3376
29	49193	0.4	1	45968 3225
30	47398	0.4	1	44841 2557
31	42793	0.4	1	40710 2083
32	45352	0.4	1	42815 2537
33	42136	0.4	1	39636 2500
34	46862	0.4	1	43221 3641
35	46790	0.4	1	44921 1869
36	29560	0.4	1	27641 1919
37	45647	0.4	1	41810 3837
38	39388	0.4	1	37094 2294
39	36656	0.4	1	34764 1892
40	36585	0.4	1	34526 2059
41	42351	0.4	1	39232 3119
42	59151	0.4	1	54467 4684
43	52117	0.4	1	48464 3653
44	34523	0.4	1	32556 1967
45	57250	0.4	1	54500 2750
46	11550	0.4	1	10601 949
47	28174	0.4	1	26744 1430
48	65708	0.4	1	62240 3468
49	27903	0.4	1	26388 1515
50	15706	0.4	1	14658 1048
51	40427	0.4	1	38289 2138
52	32629	0.4	1	31185 1444
53	11793	0.4	1	11203 590
54	25561	0.4	1	24348 1213
55	60382	0.4	1	58609 1773
56	27657	0.4	1	26663 994
57	24470	0.4	1	23694 776
58	17222	0.4	1	16579 643
59	33250	0.4	1	32289 961
60	9763	0.4	1	9335 428
61	8246	0.4	1	7775 471
62	33702	0.4	1	32726 976
63	12464	0.4	1	12037 427
64	7030	0.4	1	6631 399
65	11136	0.4	1	10587 549
66	45432	0.4	1	44315 1117
67	7372	0.4	1	7003 369
68	12089	0.4	1	11622 467
69	6334	0.4	1	6008 326
70	4765	0.4	1	4443 322
71	3019	0.4	1	2798 221
72	6471	0.4	1	6189 282
73	10227	0.4	1	9896 331
74	11976	0.4	1	11514 462
75	11948	0.4	1	11507 441
76	12152	0.4	1	11651 501
77	12303	0.4	1	11781 522
78	11922	0.4	1	11434 488
79	12422	0.4	1	11922 500
80	11714	0.4	1	11286 428
81	10996	0.4	1	10599 397
82	11057	0.4	1	10605 452
83	10817	0.4	1	10433 384
84	10570	0.4	1	10141 429
85	10220	0.4	1	9791 429
86	9994	0.4	1	9622 372
87	9780	0.4	1	9378 402
88	9723	0.4	1	9354 369
89	9693	0.4	1	9293 400
90	11610	0.4	1	11005 605
91	11535	0.4	1	10878 657
92	11005	0.4	1	10498 507
93	9920	0.4	1	9509 411
94	10072	0.4	1	9708 364
95	10257	0.4	1	9852 405
96	10189	0.4	1	9853 336
97	9488	0.4	1	9161 327
98	9088	0.4	1	8717 371
99	8305	0.4	1	7948 357
100	8257	0.4	1	7964 293
101	7641	0.4	1	7317 324
102	7463	0.4	1	7173 290
103	7678	0.4	1	7395 283
104	6718	0.4	1	6473 245
105	6700	0.4	1	6447 253
106	6307	0.4	1	6094 213
107	6376	0.4	1	6141 235
108	7033	0.4	1	6762 271
109	6220	0.4	1	6016 204
110	5926	0.4	1	5685 241
111	5955	0.4	1	5756 199
112	5939	0.4	1	5748 191
113	6392	0.4	1	6169 223
114	6272	0.4	1	6050 222
115	6301	0.4	1	6119 182
116	6133	0.4	1	5909 224
117	6261	0.4	1	6088 173
118	5448	0.4	1	5291 157
119	5114	0.4	1	4958 156
120	5107	0.4	1	4979 128
121	5018	0.4	1	4874 144
122	4975	0.4	1	4841 134
123	4660	0.4	1	4510 150
124	4615	0.4	1	4488 127
125	4578	0.4	1	4445 133
126	4697	0.4	1	4561 136
127	4746	0.4	1	4646 100
128	4596	0.4	1	4470 126
129	4709	0.4	1	4569 140
130	4992	0.4	1	4858 134
131	5219	0.4	1	5073 146
132	5547	0.4	1	5412 135
133	5213	0.4	1	5062 151
134	4312	0.4	1	4201 111
135	2881	0.4	1	2786 95
136	2278	0.4	1	2213 65
137	1512	0.4	1	1452 60
138	678	0.4	1	649 29
139	278	0.4	1	255 23
140	67	0.4	1	58 9
141	57	0.4	1	43 14
142	50	0.4	1	37 13
143	85	0.4	1	71 14
144	101	0.4	1	95 6
145	390	0.4	1	357 33
146	761	0.4	1	730 31
147	435	0.4	1	413 22
148	177	0.4	1	163 14
149	204	0.4	1	160 44
150	477	0.4	1	253 224

=== Second read: Adapter 2 ===

Sequence: AGATCGGAAGAGC; Type: regular 3'; Length: 13; Trimmed: 4448625 times.

No. of allowed errors:
0-9 bp: 0; 10-13 bp: 1

Bases preceding removed adapters:
  A: 29.8%
  C: 28.0%
  G: 28.5%
  T: 13.8%
  none/other: 0.0%

Overview of removed sequences
length	count	expect	max.err	error counts
3	648388	407090.7	0	648388
4	193995	101772.7	0	193995
5	115286	25443.2	0	115286
6	87119	6360.8	0	87119
7	87240	1590.2	0	87240
8	93108	397.5	0	93108
9	70027	99.4	0	69344 683
10	83372	24.8	1	77360 6012
11	79717	6.2	1	74520 5197
12	81540	1.6	1	75825 5715
13	74129	0.4	1	69684 4445
14	79687	0.4	1	73417 6270
15	66692	0.4	1	62609 4083
16	73698	0.4	1	69104 4594
17	94767	0.4	1	87876 6891
18	53066	0.4	1	50073 2993
19	85993	0.4	1	79595 6398
20	57532	0.4	1	53739 3793
21	57468	0.4	1	53910 3558
22	62798	0.4	1	58691 4107
23	60128	0.4	1	56128 4000
24	67077	0.4	1	61302 5775
25	61958	0.4	1	58488 3470
26	45297	0.4	1	42118 3179
27	48979	0.4	1	45442 3537
28	52714	0.4	1	49257 3457
29	47700	0.4	1	44586 3114
30	52761	0.4	1	49058 3703
31	41842	0.4	1	39197 2645
32	47696	0.4	1	44050 3646
33	47693	0.4	1	44199 3494
34	44020	0.4	1	40753 3267
35	41497	0.4	1	38333 3164
36	78399	0.4	1	72094 6305
37	54901	0.4	1	51886 3015
38	35223	0.4	1	33156 2067
39	31118	0.4	1	29434 1684
40	36440	0.4	1	34533 1907
41	31307	0.4	1	29151 2156
42	61225	0.4	1	58121 3104
43	37505	0.4	1	35514 1991
44	86375	0.4	1	82882 3493
45	34448	0.4	1	32488 1960
46	15510	0.4	1	14367 1143
47	37014	0.4	1	35268 1746
48	15475	0.4	1	14387 1088
49	21587	0.4	1	20573 1014
50	13855	0.4	1	12930 925
51	15208	0.4	1	14353 855
52	10635	0.4	1	10000 635
53	21979	0.4	1	20828 1151
54	32628	0.4	1	31283 1345
55	13320	0.4	1	12433 887
56	21605	0.4	1	20482 1123
57	52227	0.4	1	50412 1815
58	18523	0.4	1	17462 1061
59	15804	0.4	1	14784 1020
60	57222	0.4	1	55030 2192
61	19424	0.4	1	18421 1003
62	10386	0.4	1	9727 659
63	33086	0.4	1	31859 1227
64	37722	0.4	1	36285 1437
65	21704	0.4	1	20752 952
66	22084	0.4	1	21093 991
67	25414	0.4	1	24334 1080
68	13491	0.4	1	12865 626
69	12154	0.4	1	11515 639
70	14456	0.4	1	13887 569
71	9584	0.4	1	9043 541
72	7529	0.4	1	7155 374
73	7935	0.4	1	7565 370
74	8643	0.4	1	8255 388
75	9826	0.4	1	9439 387
76	11905	0.4	1	11448 457
77	9127	0.4	1	8642 485
78	8819	0.4	1	8344 475
79	9463	0.4	1	8988 475
80	9277	0.4	1	8827 450
81	9243	0.4	1	8755 488
82	9326	0.4	1	8876 450
83	9978	0.4	1	9515 463
84	9700	0.4	1	9220 480
85	10152	0.4	1	9679 473
86	9297	0.4	1	8883 414
87	8927	0.4	1	8485 442
88	8783	0.4	1	8377 406
89	9201	0.4	1	8791 410
90	11390	0.4	1	10915 475
91	10703	0.4	1	10280 423
92	10430	0.4	1	10003 427
93	9777	0.4	1	9365 412
94	9038	0.4	1	8639 399
95	9638	0.4	1	9216 422
96	9470	0.4	1	9093 377
97	8839	0.4	1	8480 359
98	8880	0.4	1	8487 393
99	8693	0.4	1	8335 358
100	8932	0.4	1	8561 371
101	7463	0.4	1	7144 319
102	7122	0.4	1	6815 307
103	7233	0.4	1	6916 317
104	6159	0.4	1	5864 295
105	6434	0.4	1	6148 286
106	6074	0.4	1	5812 262
107	6242	0.4	1	5987 255
108	6982	0.4	1	6708 274
109	5967	0.4	1	5693 274
110	5818	0.4	1	5548 270
111	6089	0.4	1	5848 241
112	6250	0.4	1	5949 301
113	6760	0.4	1	6498 262
114	6313	0.4	1	6065 248
115	6235	0.4	1	6006 229
116	5812	0.4	1	5580 232
117	5816	0.4	1	5612 204
118	5265	0.4	1	5088 177
119	5017	0.4	1	4819 198
120	4999	0.4	1	4821 178
121	4983	0.4	1	4831 152
122	4851	0.4	1	4681 170
123	4605	0.4	1	4425 180
124	4566	0.4	1	4399 167
125	4608	0.4	1	4432 176
126	4739	0.4	1	4582 157
127	4725	0.4	1	4553 172
128	4690	0.4	1	4524 166
129	4582	0.4	1	4455 127
130	4878	0.4	1	4720 158
131	5195	0.4	1	5034 161
132	5489	0.4	1	5340 149
133	5097	0.4	1	4919 178
134	4270	0.4	1	4130 140
135	2862	0.4	1	2776 86
136	2268	0.4	1	2196 72
137	1514	0.4	1	1438 76
138	721	0.4	1	634 87
139	302	0.4	1	249 53
140	98	0.4	1	62 36
141	71	0.4	1	46 25
142	69	0.4	1	30 39
143	108	0.4	1	73 35
144	132	0.4	1	95 37
145	399	0.4	1	343 56
146	765	0.4	1	695 70
147	451	0.4	1	378 73
148	171	0.4	1	154 17
149	161	0.4	1	148 13
150	262	0.4	1	226 36

