INFO  @ Tue, 10 Aug 2021 09:57:33: 
# Command line: callpeak -t lateMorula_Nanog_rep2.duprm.bam -f BAMPE -g mm -n lateMorula_Nanog_rep2_nolambda --nolambda --nomodel -B -q 0.05 --keep-dup 1 --outdir /home1/gyang/work_space/4.ProjectET/batch12_cr/6.peak
# ARGUMENTS LIST:
# name = lateMorula_Nanog_rep2_nolambda
# format = BAMPE
# ChIP-seq file = ['lateMorula_Nanog_rep2.duprm.bam']
# control file = None
# effective genome size = 1.87e+09
# band width = 300
# model fold = [5, 50]
# qvalue cutoff = 5.00e-02
# The maximum gap between significant sites is assigned as the read length/tag size.
# The minimum length of peaks is assigned as the predicted fragment length "d".
# Larger dataset will be scaled towards smaller dataset.
# Range for calculating regional lambda is: 10000 bps
# Broad region calling is off
# Paired-End mode is on
 
INFO  @ Tue, 10 Aug 2021 09:57:33: #1 read fragment files... 
INFO  @ Tue, 10 Aug 2021 09:57:33: #1 read treatment fragments... 
INFO  @ Tue, 10 Aug 2021 09:57:40:  1000000 
INFO  @ Tue, 10 Aug 2021 09:57:47:  2000000 
INFO  @ Tue, 10 Aug 2021 09:57:54:  3000000 
INFO  @ Tue, 10 Aug 2021 09:58:01:  4000000 
INFO  @ Tue, 10 Aug 2021 09:58:08:  5000000 
INFO  @ Tue, 10 Aug 2021 09:58:15:  6000000 
INFO  @ Tue, 10 Aug 2021 09:58:22:  7000000 
INFO  @ Tue, 10 Aug 2021 09:58:29:  8000000 
INFO  @ Tue, 10 Aug 2021 09:58:35:  9000000 
INFO  @ Tue, 10 Aug 2021 09:58:37: 9185558 fragments have been read. 
INFO  @ Tue, 10 Aug 2021 09:58:42: #1 mean fragment size is determined as 293.7 bp from treatment 
INFO  @ Tue, 10 Aug 2021 09:58:42: #1 fragment size = 293.7 
INFO  @ Tue, 10 Aug 2021 09:58:42: #1  total fragments in treatment: 9185558 
INFO  @ Tue, 10 Aug 2021 09:58:42: #1 user defined the maximum fragments... 
INFO  @ Tue, 10 Aug 2021 09:58:42: #1 filter out redundant fragments by allowing at most 1 identical fragment(s) 
INFO  @ Tue, 10 Aug 2021 09:59:02: #1  fragments after filtering in treatment: 9179413 
INFO  @ Tue, 10 Aug 2021 09:59:02: #1  Redundant rate of treatment: 0.00 
INFO  @ Tue, 10 Aug 2021 09:59:02: #1 finished! 
INFO  @ Tue, 10 Aug 2021 09:59:02: #2 Build Peak Model... 
INFO  @ Tue, 10 Aug 2021 09:59:02: #2 Skipped... 
INFO  @ Tue, 10 Aug 2021 09:59:02: #3 Call peaks... 
INFO  @ Tue, 10 Aug 2021 09:59:02: # local lambda is disabled! 
INFO  @ Tue, 10 Aug 2021 09:59:02: #3 !!!! DYNAMIC LAMBDA IS DISABLED !!!! 
INFO  @ Tue, 10 Aug 2021 09:59:02: #3 Pre-compute pvalue-qvalue table... 
INFO  @ Tue, 10 Aug 2021 09:59:14: #3 In the peak calling step, the following will be performed simultaneously: 
INFO  @ Tue, 10 Aug 2021 09:59:14: #3   Write bedGraph files for treatment pileup (after scaling if necessary)... lateMorula_Nanog_rep2_nolambda_treat_pileup.bdg 
INFO  @ Tue, 10 Aug 2021 09:59:14: #3   Write bedGraph files for control lambda (after scaling if necessary)... lateMorula_Nanog_rep2_nolambda_control_lambda.bdg 
INFO  @ Tue, 10 Aug 2021 09:59:14: #3   Pileup will be based on sequencing depth in treatment. 
INFO  @ Tue, 10 Aug 2021 09:59:14: #3 Call peaks for each chromosome... 
INFO  @ Tue, 10 Aug 2021 09:59:30: #4 Write output xls file... /home1/gyang/work_space/4.ProjectET/batch12_cr/6.peak/lateMorula_Nanog_rep2_nolambda_peaks.xls 
INFO  @ Tue, 10 Aug 2021 09:59:30: #4 Write peak in narrowPeak format file... /home1/gyang/work_space/4.ProjectET/batch12_cr/6.peak/lateMorula_Nanog_rep2_nolambda_peaks.narrowPeak 
INFO  @ Tue, 10 Aug 2021 09:59:30: #4 Write summits bed file... /home1/gyang/work_space/4.ProjectET/batch12_cr/6.peak/lateMorula_Nanog_rep2_nolambda_summits.bed 
INFO  @ Tue, 10 Aug 2021 09:59:30: Done! 
