INFO  @ Wed, 29 Sep 2021 15:36:39: 
# Command line: callpeak -t Morula_Klf5.duprm.bam -f BAMPE -g mm -n Morula_Klf5 -B -q 0.05 --keep-dup 1 --outdir /home1/gyang/work_space/4.ProjectET/analysis/standardize/2.1merged_narrowpeak
# ARGUMENTS LIST:
# name = Morula_Klf5
# format = BAMPE
# ChIP-seq file = ['Morula_Klf5.duprm.bam']
# control file = None
# effective genome size = 1.87e+09
# band width = 300
# model fold = [5, 50]
# qvalue cutoff = 5.00e-02
# The maximum gap between significant sites is assigned as the read length/tag size.
# The minimum length of peaks is assigned as the predicted fragment length "d".
# Larger dataset will be scaled towards smaller dataset.
# Range for calculating regional lambda is: 10000 bps
# Broad region calling is off
# Paired-End mode is on
 
INFO  @ Wed, 29 Sep 2021 15:36:39: #1 read fragment files... 
INFO  @ Wed, 29 Sep 2021 15:36:39: #1 read treatment fragments... 
INFO  @ Wed, 29 Sep 2021 15:36:46:  1000000 
INFO  @ Wed, 29 Sep 2021 15:36:52:  2000000 
INFO  @ Wed, 29 Sep 2021 15:36:58:  3000000 
INFO  @ Wed, 29 Sep 2021 15:37:04:  4000000 
INFO  @ Wed, 29 Sep 2021 15:37:10:  5000000 
INFO  @ Wed, 29 Sep 2021 15:37:16:  6000000 
INFO  @ Wed, 29 Sep 2021 15:37:22:  7000000 
INFO  @ Wed, 29 Sep 2021 15:37:28:  8000000 
INFO  @ Wed, 29 Sep 2021 15:37:35:  9000000 
INFO  @ Wed, 29 Sep 2021 15:37:41:  10000000 
INFO  @ Wed, 29 Sep 2021 15:37:47:  11000000 
INFO  @ Wed, 29 Sep 2021 15:37:53:  12000000 
INFO  @ Wed, 29 Sep 2021 15:37:59:  13000000 
INFO  @ Wed, 29 Sep 2021 15:38:05:  14000000 
INFO  @ Wed, 29 Sep 2021 15:38:11:  15000000 
INFO  @ Wed, 29 Sep 2021 15:38:18:  16000000 
INFO  @ Wed, 29 Sep 2021 15:38:24:  17000000 
INFO  @ Wed, 29 Sep 2021 15:38:30:  18000000 
INFO  @ Wed, 29 Sep 2021 15:38:37:  19000000 
INFO  @ Wed, 29 Sep 2021 15:38:43:  20000000 
INFO  @ Wed, 29 Sep 2021 15:38:49:  21000000 
INFO  @ Wed, 29 Sep 2021 15:38:56:  22000000 
INFO  @ Wed, 29 Sep 2021 15:39:02:  23000000 
INFO  @ Wed, 29 Sep 2021 15:39:08:  24000000 
INFO  @ Wed, 29 Sep 2021 15:39:14:  25000000 
INFO  @ Wed, 29 Sep 2021 15:39:20:  26000000 
INFO  @ Wed, 29 Sep 2021 15:39:26:  27000000 
INFO  @ Wed, 29 Sep 2021 15:39:33:  28000000 
INFO  @ Wed, 29 Sep 2021 15:39:39:  29000000 
INFO  @ Wed, 29 Sep 2021 15:39:45:  30000000 
INFO  @ Wed, 29 Sep 2021 15:39:51:  31000000 
INFO  @ Wed, 29 Sep 2021 15:39:57:  32000000 
INFO  @ Wed, 29 Sep 2021 15:40:03:  33000000 
INFO  @ Wed, 29 Sep 2021 15:40:10:  34000000 
INFO  @ Wed, 29 Sep 2021 15:40:16:  35000000 
INFO  @ Wed, 29 Sep 2021 15:40:22:  36000000 
INFO  @ Wed, 29 Sep 2021 15:40:28:  37000000 
INFO  @ Wed, 29 Sep 2021 15:40:34:  38000000 
INFO  @ Wed, 29 Sep 2021 15:40:40:  39000000 
INFO  @ Wed, 29 Sep 2021 15:40:47:  40000000 
INFO  @ Wed, 29 Sep 2021 15:40:53:  41000000 
INFO  @ Wed, 29 Sep 2021 15:40:59:  42000000 
INFO  @ Wed, 29 Sep 2021 15:41:05:  43000000 
INFO  @ Wed, 29 Sep 2021 15:41:10:  44000000 
INFO  @ Wed, 29 Sep 2021 15:41:17:  45000000 
INFO  @ Wed, 29 Sep 2021 15:41:18: 45216350 fragments have been read. 
INFO  @ Wed, 29 Sep 2021 15:41:53: #1 mean fragment size is determined as 214.6 bp from treatment 
INFO  @ Wed, 29 Sep 2021 15:41:53: #1 fragment size = 214.6 
INFO  @ Wed, 29 Sep 2021 15:41:53: #1  total fragments in treatment: 45216350 
INFO  @ Wed, 29 Sep 2021 15:41:53: #1 user defined the maximum fragments... 
INFO  @ Wed, 29 Sep 2021 15:41:53: #1 filter out redundant fragments by allowing at most 1 identical fragment(s) 
INFO  @ Wed, 29 Sep 2021 15:43:36: #1  fragments after filtering in treatment: 44832691 
INFO  @ Wed, 29 Sep 2021 15:43:36: #1  Redundant rate of treatment: 0.01 
INFO  @ Wed, 29 Sep 2021 15:43:36: #1 finished! 
INFO  @ Wed, 29 Sep 2021 15:43:36: #2 Build Peak Model... 
INFO  @ Wed, 29 Sep 2021 15:43:36: #2 Skipped... 
INFO  @ Wed, 29 Sep 2021 15:43:36: #3 Call peaks... 
INFO  @ Wed, 29 Sep 2021 15:43:36: #3 Pre-compute pvalue-qvalue table... 
INFO  @ Wed, 29 Sep 2021 15:47:25: #3 In the peak calling step, the following will be performed simultaneously: 
INFO  @ Wed, 29 Sep 2021 15:47:25: #3   Write bedGraph files for treatment pileup (after scaling if necessary)... Morula_Klf5_treat_pileup.bdg 
INFO  @ Wed, 29 Sep 2021 15:47:25: #3   Write bedGraph files for control lambda (after scaling if necessary)... Morula_Klf5_control_lambda.bdg 
INFO  @ Wed, 29 Sep 2021 15:47:25: #3   Pileup will be based on sequencing depth in treatment. 
INFO  @ Wed, 29 Sep 2021 15:47:25: #3 Call peaks for each chromosome... 
INFO  @ Wed, 29 Sep 2021 15:50:51: #4 Write output xls file... /home1/gyang/work_space/4.ProjectET/analysis/standardize/2.1merged_narrowpeak/Morula_Klf5_peaks.xls 
INFO  @ Wed, 29 Sep 2021 15:50:51: #4 Write peak in narrowPeak format file... /home1/gyang/work_space/4.ProjectET/analysis/standardize/2.1merged_narrowpeak/Morula_Klf5_peaks.narrowPeak 
INFO  @ Wed, 29 Sep 2021 15:50:51: #4 Write summits bed file... /home1/gyang/work_space/4.ProjectET/analysis/standardize/2.1merged_narrowpeak/Morula_Klf5_summits.bed 
INFO  @ Wed, 29 Sep 2021 15:50:51: Done! 
