INFO  @ Wed, 29 Sep 2021 15:36:39: 
# Command line: callpeak -t TSC_Tfap2c_1k.duprm.bam -f BAMPE -g mm -n TSC_Tfap2c_1k -B -q 0.05 --keep-dup 1 --outdir /home1/gyang/work_space/4.ProjectET/analysis/standardize/2.1merged_narrowpeak
# ARGUMENTS LIST:
# name = TSC_Tfap2c_1k
# format = BAMPE
# ChIP-seq file = ['TSC_Tfap2c_1k.duprm.bam']
# control file = None
# effective genome size = 1.87e+09
# band width = 300
# model fold = [5, 50]
# qvalue cutoff = 5.00e-02
# The maximum gap between significant sites is assigned as the read length/tag size.
# The minimum length of peaks is assigned as the predicted fragment length "d".
# Larger dataset will be scaled towards smaller dataset.
# Range for calculating regional lambda is: 10000 bps
# Broad region calling is off
# Paired-End mode is on
 
INFO  @ Wed, 29 Sep 2021 15:36:39: #1 read fragment files... 
INFO  @ Wed, 29 Sep 2021 15:36:39: #1 read treatment fragments... 
INFO  @ Wed, 29 Sep 2021 15:36:46:  1000000 
INFO  @ Wed, 29 Sep 2021 15:36:52:  2000000 
INFO  @ Wed, 29 Sep 2021 15:36:58:  3000000 
INFO  @ Wed, 29 Sep 2021 15:37:04:  4000000 
INFO  @ Wed, 29 Sep 2021 15:37:10:  5000000 
INFO  @ Wed, 29 Sep 2021 15:37:16:  6000000 
INFO  @ Wed, 29 Sep 2021 15:37:22:  7000000 
INFO  @ Wed, 29 Sep 2021 15:37:28:  8000000 
INFO  @ Wed, 29 Sep 2021 15:37:34:  9000000 
INFO  @ Wed, 29 Sep 2021 15:37:40:  10000000 
INFO  @ Wed, 29 Sep 2021 15:37:46:  11000000 
INFO  @ Wed, 29 Sep 2021 15:37:52:  12000000 
INFO  @ Wed, 29 Sep 2021 15:37:58:  13000000 
INFO  @ Wed, 29 Sep 2021 15:38:05:  14000000 
INFO  @ Wed, 29 Sep 2021 15:38:11:  15000000 
INFO  @ Wed, 29 Sep 2021 15:38:17:  16000000 
INFO  @ Wed, 29 Sep 2021 15:38:23:  17000000 
INFO  @ Wed, 29 Sep 2021 15:38:29:  18000000 
INFO  @ Wed, 29 Sep 2021 15:38:36:  19000000 
INFO  @ Wed, 29 Sep 2021 15:38:42:  20000000 
INFO  @ Wed, 29 Sep 2021 15:38:48:  21000000 
INFO  @ Wed, 29 Sep 2021 15:38:54:  22000000 
INFO  @ Wed, 29 Sep 2021 15:39:01:  23000000 
INFO  @ Wed, 29 Sep 2021 15:39:07:  24000000 
INFO  @ Wed, 29 Sep 2021 15:39:13:  25000000 
INFO  @ Wed, 29 Sep 2021 15:39:19:  26000000 
INFO  @ Wed, 29 Sep 2021 15:39:26:  27000000 
INFO  @ Wed, 29 Sep 2021 15:39:32:  28000000 
INFO  @ Wed, 29 Sep 2021 15:39:38:  29000000 
INFO  @ Wed, 29 Sep 2021 15:39:44:  30000000 
INFO  @ Wed, 29 Sep 2021 15:39:50:  31000000 
INFO  @ Wed, 29 Sep 2021 15:39:56:  32000000 
INFO  @ Wed, 29 Sep 2021 15:40:03:  33000000 
INFO  @ Wed, 29 Sep 2021 15:40:09:  34000000 
INFO  @ Wed, 29 Sep 2021 15:40:15:  35000000 
INFO  @ Wed, 29 Sep 2021 15:40:22:  36000000 
INFO  @ Wed, 29 Sep 2021 15:40:28:  37000000 
INFO  @ Wed, 29 Sep 2021 15:40:34:  38000000 
INFO  @ Wed, 29 Sep 2021 15:40:40:  39000000 
INFO  @ Wed, 29 Sep 2021 15:40:46:  40000000 
INFO  @ Wed, 29 Sep 2021 15:40:52:  41000000 
INFO  @ Wed, 29 Sep 2021 15:40:58:  42000000 
INFO  @ Wed, 29 Sep 2021 15:41:05:  43000000 
INFO  @ Wed, 29 Sep 2021 15:41:11:  44000000 
INFO  @ Wed, 29 Sep 2021 15:41:17:  45000000 
INFO  @ Wed, 29 Sep 2021 15:41:23:  46000000 
INFO  @ Wed, 29 Sep 2021 15:41:29:  47000000 
INFO  @ Wed, 29 Sep 2021 15:41:35:  48000000 
INFO  @ Wed, 29 Sep 2021 15:41:41:  49000000 
INFO  @ Wed, 29 Sep 2021 15:41:48:  50000000 
INFO  @ Wed, 29 Sep 2021 15:41:53:  51000000 
INFO  @ Wed, 29 Sep 2021 15:42:00:  52000000 
INFO  @ Wed, 29 Sep 2021 15:42:04: 52654488 fragments have been read. 
INFO  @ Wed, 29 Sep 2021 15:42:46: #1 mean fragment size is determined as 233.8 bp from treatment 
INFO  @ Wed, 29 Sep 2021 15:42:46: #1 fragment size = 233.8 
INFO  @ Wed, 29 Sep 2021 15:42:46: #1  total fragments in treatment: 52654488 
INFO  @ Wed, 29 Sep 2021 15:42:46: #1 user defined the maximum fragments... 
INFO  @ Wed, 29 Sep 2021 15:42:46: #1 filter out redundant fragments by allowing at most 1 identical fragment(s) 
INFO  @ Wed, 29 Sep 2021 15:44:37: #1  fragments after filtering in treatment: 52247312 
INFO  @ Wed, 29 Sep 2021 15:44:37: #1  Redundant rate of treatment: 0.01 
INFO  @ Wed, 29 Sep 2021 15:44:37: #1 finished! 
INFO  @ Wed, 29 Sep 2021 15:44:37: #2 Build Peak Model... 
INFO  @ Wed, 29 Sep 2021 15:44:37: #2 Skipped... 
INFO  @ Wed, 29 Sep 2021 15:44:37: #3 Call peaks... 
INFO  @ Wed, 29 Sep 2021 15:44:37: #3 Pre-compute pvalue-qvalue table... 
INFO  @ Wed, 29 Sep 2021 15:49:02: #3 In the peak calling step, the following will be performed simultaneously: 
INFO  @ Wed, 29 Sep 2021 15:49:02: #3   Write bedGraph files for treatment pileup (after scaling if necessary)... TSC_Tfap2c_1k_treat_pileup.bdg 
INFO  @ Wed, 29 Sep 2021 15:49:02: #3   Write bedGraph files for control lambda (after scaling if necessary)... TSC_Tfap2c_1k_control_lambda.bdg 
INFO  @ Wed, 29 Sep 2021 15:49:02: #3   Pileup will be based on sequencing depth in treatment. 
INFO  @ Wed, 29 Sep 2021 15:49:02: #3 Call peaks for each chromosome... 
INFO  @ Wed, 29 Sep 2021 15:52:56: #4 Write output xls file... /home1/gyang/work_space/4.ProjectET/analysis/standardize/2.1merged_narrowpeak/TSC_Tfap2c_1k_peaks.xls 
INFO  @ Wed, 29 Sep 2021 15:52:57: #4 Write peak in narrowPeak format file... /home1/gyang/work_space/4.ProjectET/analysis/standardize/2.1merged_narrowpeak/TSC_Tfap2c_1k_peaks.narrowPeak 
INFO  @ Wed, 29 Sep 2021 15:52:57: #4 Write summits bed file... /home1/gyang/work_space/4.ProjectET/analysis/standardize/2.1merged_narrowpeak/TSC_Tfap2c_1k_summits.bed 
INFO  @ Wed, 29 Sep 2021 15:52:57: Done! 
