This is cutadapt 1.16 with Python 3.6.4
Command line parameters: -j 2 -a AGATCGGAAGAGC -A AGATCGGAAGAGC --trim-n -m 50 -q 20,20 -o /home1/gyang/work_space/4.ProjectET/batch5_cr/2.cutdata/CP_EPI_E6-5_Sox2_rep1.R1_cut.fq -p /home1/gyang/work_space/4.ProjectET/batch5_cr/2.cutdata/CP_EPI_E6-5_Sox2_rep1.R2_cut.fq CP_EPI_E6-5_Sox2_rep1.R1.fq.gz CP_EPI_E6-5_Sox2_rep1.R2.fq.gz
Running on 2 cores
Trimming 2 adapters with at most 10.0% errors in paired-end mode ...
Finished in 2372.21 s (39 us/read; 1.53 M reads/minute).

=== Summary ===

Total read pairs processed:         60,680,628
  Read 1 with adapter:              18,614,941 (30.7%)
  Read 2 with adapter:              11,849,395 (19.5%)
Pairs that were too short:           7,994,349 (13.2%)
Pairs written (passing filters):    52,686,279 (86.8%)

Total basepairs processed: 18,204,188,400 bp
  Read 1: 9,102,094,200 bp
  Read 2: 9,102,094,200 bp
Quality-trimmed:              73,011,919 bp (0.4%)
  Read 1:    30,474,077 bp
  Read 2:    42,537,842 bp
Total written (filtered):  14,895,779,114 bp (81.8%)
  Read 1: 7,450,978,451 bp
  Read 2: 7,444,800,663 bp

=== First read: Adapter 1 ===

Sequence: AGATCGGAAGAGC; Type: regular 3'; Length: 13; Trimmed: 18614941 times.

No. of allowed errors:
0-9 bp: 0; 10-13 bp: 1

Bases preceding removed adapters:
  A: 18.3%
  C: 7.6%
  G: 10.4%
  T: 26.8%
  none/other: 36.8%

Overview of removed sequences
length	count	expect	max.err	error counts
3	1161388	948134.8	0	1161388
4	333530	237033.7	0	333530
5	177260	59258.4	0	177260
6	126231	14814.6	0	126231
7	128081	3703.7	0	128081
8	135521	925.9	0	135521
9	125221	231.5	0	124000 1221
10	126967	57.9	1	121512 5455
11	132078	14.5	1	124519 7559
12	129022	3.6	1	121958 7064
13	122187	0.9	1	115145 7042
14	123323	0.9	1	115877 7446
15	123222	0.9	1	116083 7139
16	123268	0.9	1	115287 7981
17	129206	0.9	1	120870 8336
18	124237	0.9	1	117315 6922
19	117035	0.9	1	110640 6395
20	119418	0.9	1	112727 6691
21	118349	0.9	1	111740 6609
22	113065	0.9	1	106973 6092
23	116030	0.9	1	109495 6535
24	114152	0.9	1	106948 7204
25	113086	0.9	1	106502 6584
26	112553	0.9	1	106434 6119
27	116209	0.9	1	109794 6415
28	113895	0.9	1	107643 6252
29	115229	0.9	1	108149 7080
30	113176	0.9	1	107203 5973
31	108639	0.9	1	102800 5839
32	110146	0.9	1	104178 5968
33	109492	0.9	1	103211 6281
34	110557	0.9	1	104309 6248
35	112108	0.9	1	104871 7237
36	105449	0.9	1	99680 5769
37	105517	0.9	1	99707 5810
38	109183	0.9	1	102550 6633
39	112097	0.9	1	105228 6869
40	106747	0.9	1	100262 6485
41	118111	0.9	1	110267 7844
42	106857	0.9	1	99164 7693
43	198052	0.9	1	189380 8672
44	81458	0.9	1	74229 7229
45	100419	0.9	1	94389 6030
46	297227	0.9	1	286074 11153
47	134295	0.9	1	123662 10633
48	66119	0.9	1	59955 6164
49	206763	0.9	1	199680 7083
50	99719	0.9	1	91905 7814
51	43439	0.9	1	39257 4182
52	135087	0.9	1	130056 5031
53	184058	0.9	1	176733 7325
54	105773	0.9	1	98651 7122
55	89465	0.9	1	85095 4370
56	52696	0.9	1	48932 3764
57	140092	0.9	1	135674 4418
58	38773	0.9	1	34868 3905
59	37432	0.9	1	34900 2532
60	113869	0.9	1	109732 4137
61	63130	0.9	1	59040 4090
62	31371	0.9	1	28603 2768
63	69961	0.9	1	66777 3184
64	129784	0.9	1	124843 4941
65	29334	0.9	1	25248 4086
66	66011	0.9	1	63353 2658
67	75739	0.9	1	72170 3569
68	99851	0.9	1	95741 4110
69	12599	0.9	1	9861 2738
70	5954	0.9	1	4972 982
71	22676	0.9	1	21281 1395
72	49486	0.9	1	47028 2458
73	64487	0.9	1	61109 3378
74	72707	0.9	1	68844 3863
75	75763	0.9	1	71584 4179
76	76788	0.9	1	72291 4497
77	76902	0.9	1	72477 4425
78	76001	0.9	1	71408 4593
79	76024	0.9	1	71444 4580
80	75695	0.9	1	71149 4546
81	76166	0.9	1	71512 4654
82	73926	0.9	1	69293 4633
83	73220	0.9	1	68811 4409
84	73945	0.9	1	69261 4684
85	70189	0.9	1	65859 4330
86	70011	0.9	1	65719 4292
87	70054	0.9	1	65741 4313
88	69834	0.9	1	65463 4371
89	67733	0.9	1	63569 4164
90	69312	0.9	1	65050 4262
91	70261	0.9	1	66072 4189
92	74946	0.9	1	70571 4375
93	67599	0.9	1	63392 4207
94	66655	0.9	1	62346 4309
95	63951	0.9	1	59872 4079
96	64261	0.9	1	60131 4130
97	62394	0.9	1	58276 4118
98	61107	0.9	1	57276 3831
99	59643	0.9	1	55921 3722
100	62027	0.9	1	58169 3858
101	58805	0.9	1	55004 3801
102	58374	0.9	1	54754 3620
103	66365	0.9	1	62360 4005
104	55469	0.9	1	51842 3627
105	55556	0.9	1	51756 3800
106	52547	0.9	1	49258 3289
107	57248	0.9	1	53667 3581
108	49407	0.9	1	46185 3222
109	48723	0.9	1	45527 3196
110	55483	0.9	1	52104 3379
111	47051	0.9	1	43912 3139
112	43570	0.9	1	40669 2901
113	41300	0.9	1	38433 2867
114	39116	0.9	1	36603 2513
115	38596	0.9	1	36063 2533
116	33542	0.9	1	31190 2352
117	30359	0.9	1	28327 2032
118	28402	0.9	1	26470 1932
119	23201	0.9	1	21367 1834
120	20634	0.9	1	18949 1685
121	18133	0.9	1	16743 1390
122	14867	0.9	1	13606 1261
123	12599	0.9	1	11545 1054
124	10236	0.9	1	9240 996
125	6970	0.9	1	6243 727
126	5118	0.9	1	4617 501
127	4065	0.9	1	3588 477
128	2759	0.9	1	2451 308
129	1942	0.9	1	1752 190
130	1545	0.9	1	1418 127
131	1232	0.9	1	1153 79
132	1030	0.9	1	956 74
133	522	0.9	1	467 55
134	421	0.9	1	369 52
135	188	0.9	1	150 38
136	185	0.9	1	153 32
137	106	0.9	1	60 46
138	338	0.9	1	276 62
139	79	0.9	1	22 57
140	119	0.9	1	65 54
141	236	0.9	1	173 63
142	108	0.9	1	33 75
143	726	0.9	1	632 94
144	99	0.9	1	49 50
145	149	0.9	1	24 125
146	251	0.9	1	95 156
147	464	0.9	1	70 394
148	1257	0.9	1	21 1236
149	20546	0.9	1	300 20246
150	6844828	0.9	1	23595 6821233

=== Second read: Adapter 2 ===

Sequence: AGATCGGAAGAGC; Type: regular 3'; Length: 13; Trimmed: 11849395 times.

No. of allowed errors:
0-9 bp: 0; 10-13 bp: 1

Bases preceding removed adapters:
  A: 29.0%
  C: 12.0%
  G: 16.2%
  T: 42.5%
  none/other: 0.3%

Overview of removed sequences
length	count	expect	max.err	error counts
3	1192435	948134.8	0	1192435
4	338721	237033.7	0	338721
5	176670	59258.4	0	176670
6	124816	14814.6	0	124816
7	130634	3703.7	0	130634
8	145490	925.9	0	145490
9	113670	231.5	0	112557 1113
10	130278	57.9	1	123284 6994
11	129542	14.5	1	122278 7264
12	132381	3.6	1	125669 6712
13	121124	0.9	1	115321 5803
14	127862	0.9	1	120531 7331
15	118341	0.9	1	112302 6039
16	124628	0.9	1	118291 6337
17	138510	0.9	1	131495 7015
18	107512	0.9	1	102493 5019
19	152563	0.9	1	144571 7992
20	108314	0.9	1	102730 5584
21	111419	0.9	1	105864 5555
22	108443	0.9	1	103248 5195
23	116942	0.9	1	110984 5958
24	270360	0.9	1	257729 12631
25	98064	0.9	1	93769 4295
26	76927	0.9	1	73873 3054
27	56236	0.9	1	52241 3995
28	189690	0.9	1	183290 6400
29	33446	0.9	1	30479 2967
30	178623	0.9	1	172919 5704
31	66611	0.9	1	61844 4767
32	365324	0.9	1	356816 8508
33	113674	0.9	1	108215 5459
34	30130	0.9	1	27422 2708
35	176114	0.9	1	171309 4805
36	52469	0.9	1	49716 2753
37	61654	0.9	1	59028 2626
38	54376	0.9	1	52272 2104
39	56409	0.9	1	54070 2339
40	39836	0.9	1	37746 2090
41	99815	0.9	1	96532 3283
42	145328	0.9	1	141394 3934
43	60683	0.9	1	57739 2944
44	152231	0.9	1	147048 5183
45	231012	0.9	1	226435 4577
46	73648	0.9	1	70376 3272
47	73378	0.9	1	70283 3095
48	172972	0.9	1	168698 4274
49	98812	0.9	1	95720 3092
50	50708	0.9	1	48174 2534
51	175803	0.9	1	171024 4779
52	259903	0.9	1	254248 5655
53	116722	0.9	1	112979 3743
54	106336	0.9	1	102756 3580
55	124590	0.9	1	121615 2975
56	49300	0.9	1	47258 2042
57	82205	0.9	1	79617 2588
58	93220	0.9	1	90368 2852
59	48296	0.9	1	46546 1750
60	28807	0.9	1	27594 1213
61	22772	0.9	1	21801 971
62	25096	0.9	1	24161 935
63	28917	0.9	1	27723 1194
64	44440	0.9	1	42930 1510
65	61899	0.9	1	59905 1994
66	71767	0.9	1	69550 2217
67	75107	0.9	1	72869 2238
68	77096	0.9	1	74788 2308
69	79574	0.9	1	77212 2362
70	79754	0.9	1	77480 2274
71	81263	0.9	1	78979 2284
72	81709	0.9	1	79354 2355
73	78164	0.9	1	76005 2159
74	77775	0.9	1	75549 2226
75	77271	0.9	1	75179 2092
76	75880	0.9	1	73735 2145
77	76179	0.9	1	74043 2136
78	76488	0.9	1	74462 2026
79	75720	0.9	1	73627 2093
80	75708	0.9	1	73655 2053
81	76484	0.9	1	74489 1995
82	72481	0.9	1	70592 1889
83	72807	0.9	1	70858 1949
84	73594	0.9	1	71528 2066
85	69906	0.9	1	68019 1887
86	70766	0.9	1	68870 1896
87	71822	0.9	1	70027 1795
88	71771	0.9	1	69916 1855
89	68314	0.9	1	66550 1764
90	68317	0.9	1	66376 1941
91	66978	0.9	1	65308 1670
92	73373	0.9	1	71505 1868
93	67854	0.9	1	66077 1777
94	66520	0.9	1	64916 1604
95	64101	0.9	1	62611 1490
96	64322	0.9	1	62696 1626
97	61565	0.9	1	60040 1525
98	60886	0.9	1	59382 1504
99	60303	0.9	1	58873 1430
100	62889	0.9	1	61317 1572
101	59595	0.9	1	58142 1453
102	59773	0.9	1	58383 1390
103	66047	0.9	1	64518 1529
104	56068	0.9	1	54860 1208
105	56155	0.9	1	54885 1270
106	53148	0.9	1	51909 1239
107	57376	0.9	1	56044 1332
108	49466	0.9	1	48338 1128
109	48994	0.9	1	47957 1037
110	55551	0.9	1	54373 1178
111	47373	0.9	1	46379 994
112	43820	0.9	1	42884 936
113	41318	0.9	1	40519 799
114	39123	0.9	1	38323 800
115	37757	0.9	1	37044 713
116	33534	0.9	1	32838 696
117	30015	0.9	1	29401 614
118	28665	0.9	1	28056 609
119	23423	0.9	1	22940 483
120	21082	0.9	1	20655 427
121	18348	0.9	1	17961 387
122	15148	0.9	1	14831 317
123	12925	0.9	1	12662 263
124	10507	0.9	1	10258 249
125	7145	0.9	1	6985 160
126	5275	0.9	1	5133 142
127	4115	0.9	1	4002 113
128	2843	0.9	1	2757 86
129	1977	0.9	1	1908 69
130	1547	0.9	1	1505 42
131	1237	0.9	1	1182 55
132	1018	0.9	1	976 42
133	524	0.9	1	482 42
134	426	0.9	1	384 42
135	185	0.9	1	158 27
136	174	0.9	1	155 19
137	81	0.9	1	62 19
138	317	0.9	1	287 30
139	43	0.9	1	24 19
140	97	0.9	1	68 29
141	233	0.9	1	189 44
142	64	0.9	1	37 27
143	694	0.9	1	662 32
144	73	0.9	1	46 27
145	55	0.9	1	28 27
146	145	0.9	1	108 37
147	88	0.9	1	67 21
148	79	0.9	1	22 57
149	805	0.9	1	476 329
150	33305	0.9	1	24456 8849

