This is cutadapt 1.16 with Python 3.6.4
Command line parameters: -j 2 -a AGATCGGAAGAGC -A AGATCGGAAGAGC --trim-n -m 50 -q 20,20 -o /home1/gyang/work_space/4.ProjectET/batch5_cr/2.cutdata/CP_EPI_E6-5_Nanog_rep1.R1_cut.fq -p /home1/gyang/work_space/4.ProjectET/batch5_cr/2.cutdata/CP_EPI_E6-5_Nanog_rep1.R2_cut.fq CP_EPI_E6-5_Nanog_rep1.R1.fq.gz CP_EPI_E6-5_Nanog_rep1.R2.fq.gz
Running on 2 cores
Trimming 2 adapters with at most 10.0% errors in paired-end mode ...
Finished in 2475.08 s (38 us/read; 1.57 M reads/minute).

=== Summary ===

Total read pairs processed:         64,603,726
  Read 1 with adapter:              22,960,998 (35.5%)
  Read 2 with adapter:              13,823,901 (21.4%)
Pairs that were too short:          11,494,757 (17.8%)
Pairs written (passing filters):    53,108,969 (82.2%)

Total basepairs processed: 19,381,117,800 bp
  Read 1: 9,690,558,900 bp
  Read 2: 9,690,558,900 bp
Quality-trimmed:              75,817,506 bp (0.4%)
  Read 1:    35,811,968 bp
  Read 2:    40,005,538 bp
Total written (filtered):  14,870,922,865 bp (76.7%)
  Read 1: 7,438,375,738 bp
  Read 2: 7,432,547,127 bp

=== First read: Adapter 1 ===

Sequence: AGATCGGAAGAGC; Type: regular 3'; Length: 13; Trimmed: 22960998 times.

No. of allowed errors:
0-9 bp: 0; 10-13 bp: 1

Bases preceding removed adapters:
  A: 17.0%
  C: 5.4%
  G: 8.2%
  T: 29.2%
  none/other: 40.2%

Overview of removed sequences
length	count	expect	max.err	error counts
3	1082409	1009433.2	0	1082409
4	329551	252358.3	0	329551
5	186798	63089.6	0	186798
6	143759	15772.4	0	143759
7	135699	3943.1	0	135699
8	140874	985.8	0	140874
9	133560	246.4	0	132288 1272
10	131794	61.6	1	127383 4411
11	137475	15.4	1	131161 6314
12	135028	3.9	1	129111 5917
13	125198	1.0	1	119430 5768
14	126999	1.0	1	120608 6391
15	125821	1.0	1	119932 5889
16	125851	1.0	1	119403 6448
17	133044	1.0	1	125809 7235
18	126489	1.0	1	121027 5462
19	115898	1.0	1	110982 4916
20	120991	1.0	1	115431 5560
21	118152	1.0	1	112747 5405
22	112740	1.0	1	107764 4976
23	115463	1.0	1	110083 5380
24	114104	1.0	1	108127 5977
25	110754	1.0	1	105410 5344
26	113091	1.0	1	108220 4871
27	114766	1.0	1	109392 5374
28	120127	1.0	1	114294 5833
29	109780	1.0	1	104034 5746
30	113544	1.0	1	108496 5048
31	105376	1.0	1	100659 4717
32	111793	1.0	1	106696 5097
33	108475	1.0	1	103184 5291
34	110144	1.0	1	104378 5766
35	105954	1.0	1	100983 4971
36	106664	1.0	1	101198 5466
37	104903	1.0	1	99450 5453
38	111896	1.0	1	105652 6244
39	115114	1.0	1	108532 6582
40	116412	1.0	1	109586 6826
41	117348	1.0	1	108569 8779
42	110543	1.0	1	103353 7190
43	190021	1.0	1	182196 7825
44	47462	1.0	1	41239 6223
45	111026	1.0	1	102284 8742
46	675967	1.0	1	661143 14824
47	160350	1.0	1	143528 16822
48	41395	1.0	1	35120 6275
49	230814	1.0	1	224754 6060
50	129036	1.0	1	121235 7801
51	25926	1.0	1	21532 4394
52	137241	1.0	1	133025 4216
53	235871	1.0	1	229565 6306
54	68309	1.0	1	62068 6241
55	43263	1.0	1	40916 2347
56	25975	1.0	1	23790 2185
57	98896	1.0	1	96648 2248
58	13057	1.0	1	10714 2343
59	22114	1.0	1	20364 1750
60	105770	1.0	1	102733 3037
61	28645	1.0	1	25670 2975
62	14237	1.0	1	12529 1708
63	51615	1.0	1	49259 2356
64	121642	1.0	1	117777 3865
65	16517	1.0	1	13035 3482
66	43327	1.0	1	41684 1643
67	56697	1.0	1	54268 2429
68	80894	1.0	1	78234 2660
69	10356	1.0	1	8205 2151
70	4826	1.0	1	3884 942
71	23137	1.0	1	21556 1581
72	57599	1.0	1	54930 2669
73	77182	1.0	1	73505 3677
74	89388	1.0	1	85028 4360
75	93021	1.0	1	88210 4811
76	92300	1.0	1	87337 4963
77	95887	1.0	1	90676 5211
78	94969	1.0	1	89808 5161
79	95071	1.0	1	89797 5274
80	96508	1.0	1	91068 5440
81	96628	1.0	1	91331 5297
82	95612	1.0	1	90028 5584
83	100082	1.0	1	94646 5436
84	100692	1.0	1	94763 5929
85	95236	1.0	1	89774 5462
86	101124	1.0	1	95401 5723
87	98830	1.0	1	93400 5430
88	98241	1.0	1	92468 5773
89	99316	1.0	1	93599 5717
90	100450	1.0	1	94758 5692
91	100472	1.0	1	94709 5763
92	104405	1.0	1	98609 5796
93	102720	1.0	1	97056 5664
94	101188	1.0	1	95456 5732
95	105931	1.0	1	100336 5595
96	105248	1.0	1	99728 5520
97	104705	1.0	1	99147 5558
98	104790	1.0	1	99138 5652
99	100907	1.0	1	95528 5379
100	96181	1.0	1	90961 5220
101	102138	1.0	1	96732 5406
102	100333	1.0	1	95023 5310
103	99282	1.0	1	93730 5552
104	102307	1.0	1	96709 5598
105	102710	1.0	1	97219 5491
106	95547	1.0	1	90293 5254
107	105265	1.0	1	99608 5657
108	94838	1.0	1	89754 5084
109	96573	1.0	1	91283 5290
110	94918	1.0	1	89861 5057
111	94021	1.0	1	88958 5063
112	89268	1.0	1	84608 4660
113	94360	1.0	1	89570 4790
114	89633	1.0	1	85039 4594
115	88657	1.0	1	84240 4417
116	85055	1.0	1	80824 4231
117	77378	1.0	1	73582 3796
118	68262	1.0	1	64772 3490
119	68161	1.0	1	64515 3646
120	59407	1.0	1	56187 3220
121	49785	1.0	1	47004 2781
122	47993	1.0	1	45426 2567
123	40440	1.0	1	38228 2212
124	31802	1.0	1	29865 1937
125	27862	1.0	1	26210 1652
126	19230	1.0	1	17991 1239
127	13089	1.0	1	12249 840
128	9989	1.0	1	9395 594
129	5332	1.0	1	4963 369
130	2757	1.0	1	2552 205
131	1869	1.0	1	1755 114
132	1265	1.0	1	1165 100
133	610	1.0	1	526 84
134	902	1.0	1	807 95
135	845	1.0	1	738 107
136	2047	1.0	1	1860 187
137	411	1.0	1	340 71
138	517	1.0	1	418 99
139	136	1.0	1	82 54
140	260	1.0	1	176 84
141	267	1.0	1	162 105
142	133	1.0	1	44 89
143	899	1.0	1	794 105
144	198	1.0	1	70 128
145	266	1.0	1	47 219
146	359	1.0	1	57 302
147	773	1.0	1	44 729
148	1936	1.0	1	46 1890
149	26942	1.0	1	168 26774
150	9220521	1.0	1	2803 9217718

=== Second read: Adapter 2 ===

Sequence: AGATCGGAAGAGC; Type: regular 3'; Length: 13; Trimmed: 13823901 times.

No. of allowed errors:
0-9 bp: 0; 10-13 bp: 1

Bases preceding removed adapters:
  A: 28.3%
  C: 8.7%
  G: 13.4%
  T: 49.4%
  none/other: 0.1%

Overview of removed sequences
length	count	expect	max.err	error counts
3	1085886	1009433.2	0	1085886
4	330652	252358.3	0	330652
5	188722	63089.6	0	188722
6	142720	15772.4	0	142720
7	138930	3943.1	0	138930
8	150389	985.8	0	150389
9	123275	246.4	0	122298 977
10	135446	61.6	1	130447 4999
11	136369	15.4	1	130003 6366
12	136970	3.9	1	131320 5650
13	125356	1.0	1	121049 4307
14	130281	1.0	1	124775 5506
15	123365	1.0	1	118340 5025
16	125395	1.0	1	120181 5214
17	139717	1.0	1	134377 5340
18	113838	1.0	1	109674 4164
19	147461	1.0	1	141334 6127
20	106801	1.0	1	102679 4122
21	113275	1.0	1	108712 4563
22	110993	1.0	1	106933 4060
23	116539	1.0	1	111896 4643
24	257641	1.0	1	247835 9806
25	95236	1.0	1	91675 3561
26	73933	1.0	1	71341 2592
27	60798	1.0	1	56928 3870
28	192454	1.0	1	187390 5064
29	38614	1.0	1	35366 3248
30	183902	1.0	1	178813 5089
31	66303	1.0	1	61226 5077
32	439109	1.0	1	430863 8246
33	98022	1.0	1	93390 4632
34	25196	1.0	1	22575 2621
35	180007	1.0	1	176252 3755
36	40939	1.0	1	38520 2419
37	53000	1.0	1	50979 2021
38	45441	1.0	1	43637 1804
39	45281	1.0	1	43397 1884
40	32808	1.0	1	31098 1710
41	102124	1.0	1	99095 3029
42	149537	1.0	1	146133 3404
43	54495	1.0	1	51991 2504
44	107232	1.0	1	103295 3937
45	250952	1.0	1	246231 4721
46	73067	1.0	1	69949 3118
47	71878	1.0	1	68810 3068
48	192487	1.0	1	188363 4124
49	98440	1.0	1	95681 2759
50	43272	1.0	1	40840 2432
51	186785	1.0	1	182018 4767
52	335251	1.0	1	329720 5531
53	126904	1.0	1	123036 3868
54	107238	1.0	1	104091 3147
55	120278	1.0	1	117682 2596
56	39407	1.0	1	37477 1930
57	71949	1.0	1	69814 2135
58	83057	1.0	1	80980 2077
59	38725	1.0	1	37363 1362
60	23170	1.0	1	22136 1034
61	19601	1.0	1	18776 825
62	23837	1.0	1	22892 945
63	30738	1.0	1	29547 1191
64	51550	1.0	1	49910 1640
65	71475	1.0	1	69427 2048
66	81135	1.0	1	78909 2226
67	84118	1.0	1	81823 2295
68	86914	1.0	1	84602 2312
69	90242	1.0	1	87756 2486
70	88445	1.0	1	85801 2644
71	95857	1.0	1	93142 2715
72	94391	1.0	1	91633 2758
73	93405	1.0	1	90637 2768
74	94989	1.0	1	92190 2799
75	94562	1.0	1	91835 2727
76	91423	1.0	1	88764 2659
77	95722	1.0	1	92974 2748
78	96097	1.0	1	93538 2559
79	94758	1.0	1	92215 2543
80	96944	1.0	1	94301 2643
81	97203	1.0	1	94601 2602
82	94121	1.0	1	91607 2514
83	99562	1.0	1	96822 2740
84	100376	1.0	1	97692 2684
85	94912	1.0	1	92466 2446
86	101994	1.0	1	99372 2622
87	100276	1.0	1	97795 2481
88	101686	1.0	1	99227 2459
89	99953	1.0	1	97497 2456
90	100228	1.0	1	97831 2397
91	99341	1.0	1	97032 2309
92	103781	1.0	1	101191 2590
93	104068	1.0	1	101492 2576
94	101737	1.0	1	99357 2380
95	106890	1.0	1	104450 2440
96	104965	1.0	1	102547 2418
97	99728	1.0	1	97350 2378
98	102947	1.0	1	100614 2333
99	101424	1.0	1	99171 2253
100	98729	1.0	1	96596 2133
101	103848	1.0	1	101667 2181
102	102556	1.0	1	100252 2304
103	100322	1.0	1	98234 2088
104	103948	1.0	1	101858 2090
105	105040	1.0	1	102960 2080
106	97143	1.0	1	95190 1953
107	107214	1.0	1	105032 2182
108	95782	1.0	1	93783 1999
109	97589	1.0	1	95781 1808
110	95898	1.0	1	94109 1789
111	95390	1.0	1	93660 1730
112	90768	1.0	1	89009 1759
113	95254	1.0	1	93671 1583
114	90519	1.0	1	88970 1549
115	88273	1.0	1	86667 1606
116	86108	1.0	1	84600 1508
117	77235	1.0	1	76030 1205
118	69858	1.0	1	68729 1129
119	69139	1.0	1	67954 1185
120	61277	1.0	1	60195 1082
121	50820	1.0	1	50037 783
122	48891	1.0	1	48110 781
123	41652	1.0	1	41010 642
124	32789	1.0	1	32297 492
125	28511	1.0	1	28048 463
126	19742	1.0	1	19350 392
127	13548	1.0	1	13296 252
128	10319	1.0	1	10118 201
129	5407	1.0	1	5284 123
130	2789	1.0	1	2695 94
131	1632	1.0	1	1554 78
132	1242	1.0	1	1191 51
133	442	1.0	1	407 35
134	588	1.0	1	566 22
135	149	1.0	1	118 31
136	321	1.0	1	292 29
137	106	1.0	1	78 28
138	414	1.0	1	373 41
139	57	1.0	1	30 27
140	141	1.0	1	114 27
141	171	1.0	1	143 28
142	78	1.0	1	43 35
143	853	1.0	1	820 33
144	101	1.0	1	74 27
145	76	1.0	1	44 32
146	83	1.0	1	56 27
147	90	1.0	1	49 41
148	94	1.0	1	46 48
149	450	1.0	1	261 189
150	11748	1.0	1	2980 8768

