This is cutadapt 1.16 with Python 3.6.4
Command line parameters: -j 2 -a AGATCGGAAGAGC -A AGATCGGAAGAGC --trim-n -m 50 -q 20,20 -o /home1/gyang/work_space/4.ProjectET/batch5_cr/2.cutdata/CP_VE_E6-5_Gata6_rep3.R1_cut.fq -p /home1/gyang/work_space/4.ProjectET/batch5_cr/2.cutdata/CP_VE_E6-5_Gata6_rep3.R2_cut.fq CP_VE_E6-5_Gata6_rep3.R1.fq.gz CP_VE_E6-5_Gata6_rep3.R2.fq.gz
Running on 2 cores
Trimming 2 adapters with at most 10.0% errors in paired-end mode ...
Finished in 2238.49 s (40 us/read; 1.50 M reads/minute).

=== Summary ===

Total read pairs processed:         55,876,296
  Read 1 with adapter:              14,359,753 (25.7%)
  Read 2 with adapter:               9,472,707 (17.0%)
Pairs that were too short:           5,964,834 (10.7%)
Pairs written (passing filters):    49,911,462 (89.3%)

Total basepairs processed: 16,762,888,800 bp
  Read 1: 8,381,444,400 bp
  Read 2: 8,381,444,400 bp
Quality-trimmed:              59,262,447 bp (0.4%)
  Read 1:    17,802,678 bp
  Read 2:    41,459,769 bp
Total written (filtered):  14,272,830,967 bp (85.1%)
  Read 1: 7,142,241,750 bp
  Read 2: 7,130,589,217 bp

=== First read: Adapter 1 ===

Sequence: AGATCGGAAGAGC; Type: regular 3'; Length: 13; Trimmed: 14359753 times.

No. of allowed errors:
0-9 bp: 0; 10-13 bp: 1

Bases preceding removed adapters:
  A: 18.1%
  C: 5.9%
  G: 9.3%
  T: 32.0%
  none/other: 34.7%

Overview of removed sequences
length	count	expect	max.err	error counts
3	1142970	873067.1	0	1142970
4	308113	218266.8	0	308113
5	151998	54566.7	0	151998
6	109086	13641.7	0	109086
7	103402	3410.4	0	103402
8	107638	852.6	0	107638
9	102191	213.2	0	100976 1215
10	102694	53.3	1	97682 5012
11	106546	13.3	1	99141 7405
12	102650	3.3	1	96065 6585
13	99244	0.8	1	92765 6479
14	97762	0.8	1	90910 6852
15	96083	0.8	1	89618 6465
16	96042	0.8	1	89146 6896
17	102536	0.8	1	94595 7941
18	93868	0.8	1	87955 5913
19	92491	0.8	1	86550 5941
20	91699	0.8	1	85368 6331
21	93079	0.8	1	86479 6600
22	88972	0.8	1	83350 5622
23	89715	0.8	1	83660 6055
24	87653	0.8	1	81280 6373
25	86956	0.8	1	80989 5967
26	87929	0.8	1	81924 6005
27	88223	0.8	1	82215 6008
28	88214	0.8	1	82344 5870
29	87386	0.8	1	80812 6574
30	84112	0.8	1	78949 5163
31	82480	0.8	1	76877 5603
32	83802	0.8	1	78337 5465
33	82071	0.8	1	76038 6033
34	84022	0.8	1	77970 6052
35	83932	0.8	1	78080 5852
36	81839	0.8	1	76380 5459
37	77075	0.8	1	71914 5161
38	78896	0.8	1	73708 5188
39	82944	0.8	1	77519 5425
40	78944	0.8	1	73451 5493
41	77386	0.8	1	71113 6273
42	80521	0.8	1	73788 6733
43	111178	0.8	1	105545 5633
44	39277	0.8	1	33800 5477
45	67470	0.8	1	63476 3994
46	89229	0.8	1	83893 5336
47	73356	0.8	1	67533 5823
48	66911	0.8	1	61482 5429
49	118074	0.8	1	111031 7043
50	70911	0.8	1	64899 6012
51	42777	0.8	1	38756 4021
52	76188	0.8	1	72128 4060
53	69272	0.8	1	64425 4847
54	78090	0.8	1	73005 5085
55	56627	0.8	1	52319 4308
56	68632	0.8	1	64305 4327
57	106489	0.8	1	101193 5296
58	30842	0.8	1	26421 4421
59	58909	0.8	1	55157 3752
60	88083	0.8	1	83648 4435
61	46014	0.8	1	41723 4291
62	50040	0.8	1	46761 3279
63	63423	0.8	1	59072 4351
64	81419	0.8	1	76662 4757
65	47196	0.8	1	42290 4906
66	73504	0.8	1	69074 4430
67	89517	0.8	1	83499 6018
68	167185	0.8	1	160327 6858
69	27184	0.8	1	21241 5943
70	7162	0.8	1	5527 1635
71	15292	0.8	1	13795 1497
72	35027	0.8	1	32750 2277
73	46090	0.8	1	43087 3003
74	53703	0.8	1	50248 3455
75	56636	0.8	1	52615 4021
76	56837	0.8	1	52707 4130
77	59627	0.8	1	55360 4267
78	58499	0.8	1	54330 4169
79	59866	0.8	1	55398 4468
80	59216	0.8	1	54889 4327
81	58452	0.8	1	54132 4320
82	56391	0.8	1	52168 4223
83	57660	0.8	1	53339 4321
84	57654	0.8	1	53113 4541
85	54879	0.8	1	50750 4129
86	56427	0.8	1	51927 4500
87	55330	0.8	1	51123 4207
88	57143	0.8	1	52677 4466
89	54706	0.8	1	50456 4250
90	56278	0.8	1	51816 4462
91	56606	0.8	1	52192 4414
92	56180	0.8	1	51714 4466
93	54367	0.8	1	50076 4291
94	53949	0.8	1	49696 4253
95	53074	0.8	1	48687 4387
96	52763	0.8	1	48548 4215
97	52055	0.8	1	47967 4088
98	51302	0.8	1	47238 4064
99	50656	0.8	1	46533 4123
100	49107	0.8	1	45047 4060
101	49770	0.8	1	45869 3901
102	48975	0.8	1	45172 3803
103	48625	0.8	1	44634 3991
104	47753	0.8	1	43858 3895
105	48217	0.8	1	44203 4014
106	44981	0.8	1	41189 3792
107	47199	0.8	1	43194 4005
108	42010	0.8	1	38499 3511
109	43715	0.8	1	39802 3913
110	40833	0.8	1	37260 3573
111	40863	0.8	1	37405 3458
112	38580	0.8	1	35417 3163
113	37280	0.8	1	33896 3384
114	34495	0.8	1	31463 3032
115	34420	0.8	1	31307 3113
116	29712	0.8	1	26986 2726
117	27971	0.8	1	25504 2467
118	24533	0.8	1	22176 2357
119	21967	0.8	1	19769 2198
120	19735	0.8	1	17568 2167
121	16487	0.8	1	14727 1760
122	13758	0.8	1	12158 1600
123	11760	0.8	1	10358 1402
124	8928	0.8	1	7734 1194
125	6228	0.8	1	5340 888
126	4487	0.8	1	3799 688
127	3189	0.8	1	2691 498
128	2279	0.8	1	1961 318
129	1448	0.8	1	1251 197
130	1387	0.8	1	1245 142
131	907	0.8	1	808 99
132	689	0.8	1	610 79
133	505	0.8	1	458 47
134	464	0.8	1	394 70
135	289	0.8	1	235 54
136	315	0.8	1	251 64
137	133	0.8	1	76 57
138	380	0.8	1	301 79
139	118	0.8	1	58 60
140	364	0.8	1	270 94
141	272	0.8	1	196 76
142	129	0.8	1	42 87
143	456	0.8	1	350 106
144	195	0.8	1	85 110
145	743	0.8	1	531 212
146	416	0.8	1	109 307
147	1260	0.8	1	399 861
148	1629	0.8	1	46 1583
149	19299	0.8	1	175 19124
150	4965710	0.8	1	14753 4950957

=== Second read: Adapter 2 ===

Sequence: AGATCGGAAGAGC; Type: regular 3'; Length: 13; Trimmed: 9472707 times.

No. of allowed errors:
0-9 bp: 0; 10-13 bp: 1

Bases preceding removed adapters:
  A: 27.6%
  C: 8.9%
  G: 14.1%
  T: 49.2%
  none/other: 0.2%

Overview of removed sequences
length	count	expect	max.err	error counts
3	1157122	873067.1	0	1157122
4	313297	218266.8	0	313297
5	152735	54566.7	0	152735
6	106929	13641.7	0	106929
7	109522	3410.4	0	109522
8	117189	852.6	0	117189
9	92583	213.2	0	91713 870
10	108024	53.3	1	101250 6774
11	105921	13.3	1	99268 6653
12	107098	3.3	1	100542 6556
13	98836	0.8	1	93201 5635
14	104135	0.8	1	96992 7143
15	91893	0.8	1	86610 5283
16	97380	0.8	1	92018 5362
17	111774	0.8	1	105306 6468
18	82447	0.8	1	78044 4403
19	123437	0.8	1	116142 7295
20	80118	0.8	1	74734 5384
21	83839	0.8	1	79320 4519
22	88125	0.8	1	83550 4575
23	92223	0.8	1	86961 5262
24	206242	0.8	1	194939 11303
25	67358	0.8	1	63809 3549
26	57184	0.8	1	54104 3080
27	47189	0.8	1	43528 3661
28	142468	0.8	1	136989 5479
29	30882	0.8	1	27735 3147
30	132610	0.8	1	127537 5073
31	51611	0.8	1	47046 4565
32	236722	0.8	1	229900 6822
33	76782	0.8	1	72279 4503
34	29787	0.8	1	26807 2980
35	131780	0.8	1	127587 4193
36	53630	0.8	1	50581 3049
37	50948	0.8	1	48287 2661
38	53541	0.8	1	51196 2345
39	46471	0.8	1	44003 2468
40	39964	0.8	1	37770 2194
41	74896	0.8	1	71631 3265
42	103777	0.8	1	100018 3759
43	45845	0.8	1	43253 2592
44	77381	0.8	1	73533 3848
45	191879	0.8	1	187488 4391
46	55948	0.8	1	52855 3093
47	55682	0.8	1	52647 3035
48	130910	0.8	1	127144 3766
49	67290	0.8	1	64345 2945
50	40082	0.8	1	37533 2549
51	123573	0.8	1	119809 3764
52	133966	0.8	1	129700 4266
53	78811	0.8	1	75676 3135
54	68424	0.8	1	65519 2905
55	81320	0.8	1	78605 2715
56	50495	0.8	1	48260 2235
57	67062	0.8	1	64484 2578
58	73678	0.8	1	70959 2719
59	49676	0.8	1	47499 2177
60	34926	0.8	1	33367 1559
61	30322	0.8	1	28886 1436
62	31500	0.8	1	30132 1368
63	35365	0.8	1	33867 1498
64	45596	0.8	1	43879 1717
65	47620	0.8	1	45698 1922
66	50756	0.8	1	48765 1991
67	52742	0.8	1	50720 2022
68	53115	0.8	1	51205 1910
69	56156	0.8	1	53958 2198
70	55177	0.8	1	53049 2128
71	58176	0.8	1	55957 2219
72	58884	0.8	1	56610 2274
73	57286	0.8	1	55268 2018
74	56278	0.8	1	54192 2086
75	56135	0.8	1	54089 2046
76	54854	0.8	1	52959 1895
77	58499	0.8	1	56314 2185
78	58664	0.8	1	56669 1995
79	58725	0.8	1	56611 2114
80	58834	0.8	1	56858 1976
81	58376	0.8	1	56508 1868
82	54483	0.8	1	52618 1865
83	56856	0.8	1	54995 1861
84	56900	0.8	1	54840 2060
85	54000	0.8	1	52176 1824
86	57071	0.8	1	55278 1793
87	57102	0.8	1	55244 1858
88	59122	0.8	1	57310 1812
89	54315	0.8	1	52551 1764
90	54920	0.8	1	53057 1863
91	54582	0.8	1	52821 1761
92	54350	0.8	1	52620 1730
93	54309	0.8	1	52532 1777
94	54427	0.8	1	52673 1754
95	54325	0.8	1	52681 1644
96	54532	0.8	1	52810 1722
97	52041	0.8	1	50614 1427
98	50278	0.8	1	48780 1498
99	49053	0.8	1	47610 1443
100	46776	0.8	1	45408 1368
101	47984	0.8	1	46611 1373
102	47291	0.8	1	45880 1411
103	47837	0.8	1	46496 1341
104	48444	0.8	1	47194 1250
105	48775	0.8	1	47410 1365
106	45374	0.8	1	44148 1226
107	47474	0.8	1	46170 1304
108	41674	0.8	1	40582 1092
109	43544	0.8	1	42354 1190
110	40651	0.8	1	39515 1136
111	41063	0.8	1	40036 1027
112	38880	0.8	1	37937 943
113	37467	0.8	1	36566 901
114	34899	0.8	1	34045 854
115	33736	0.8	1	32959 777
116	29719	0.8	1	29027 692
117	27029	0.8	1	26417 612
118	24714	0.8	1	24100 614
119	21778	0.8	1	21171 607
120	19986	0.8	1	19455 531
121	16595	0.8	1	16232 363
122	13838	0.8	1	13512 326
123	11926	0.8	1	11650 276
124	9114	0.8	1	8874 240
125	6502	0.8	1	6299 203
126	4504	0.8	1	4303 201
127	3225	0.8	1	3096 129
128	2099	0.8	1	2022 77
129	1386	0.8	1	1335 51
130	1106	0.8	1	1046 60
131	868	0.8	1	806 62
132	679	0.8	1	650 29
133	350	0.8	1	316 34
134	429	0.8	1	391 38
135	152	0.8	1	96 56
136	196	0.8	1	174 22
137	115	0.8	1	68 47
138	328	0.8	1	309 19
139	71	0.8	1	44 27
140	112	0.8	1	78 34
141	153	0.8	1	111 42
142	56	0.8	1	37 19
143	373	0.8	1	348 25
144	83	0.8	1	59 24
145	35	0.8	1	24 11
146	88	0.8	1	62 26
147	448	0.8	1	415 33
148	110	0.8	1	50 60
149	466	0.8	1	246 220
150	21062	0.8	1	15407 5655

