This is cutadapt 1.16 with Python 3.6.4
Command line parameters: -j 2 -a AGATCGGAAGAGC -A AGATCGGAAGAGC --trim-n -m 50 -q 20,20 -o /home1/gyang/work_space/4.ProjectET/batch5_cr/2.cutdata/CP_VE_E6-5_Gata6_rep1.R1_cut.fq -p /home1/gyang/work_space/4.ProjectET/batch5_cr/2.cutdata/CP_VE_E6-5_Gata6_rep1.R2_cut.fq CP_VE_E6-5_Gata6_rep1.R1.fq.gz CP_VE_E6-5_Gata6_rep1.R2.fq.gz
Running on 2 cores
Trimming 2 adapters with at most 10.0% errors in paired-end mode ...
Finished in 2627.86 s (37 us/read; 1.62 M reads/minute).

=== Summary ===

Total read pairs processed:         70,783,541
  Read 1 with adapter:              21,532,501 (30.4%)
  Read 2 with adapter:              13,305,073 (18.8%)
Pairs that were too short:          10,143,329 (14.3%)
Pairs written (passing filters):    60,640,212 (85.7%)

Total basepairs processed: 21,235,062,300 bp
  Read 1: 10,617,531,150 bp
  Read 2: 10,617,531,150 bp
Quality-trimmed:              74,471,051 bp (0.4%)
  Read 1:    24,807,085 bp
  Read 2:    49,663,966 bp
Total written (filtered):  17,211,303,573 bp (81.1%)
  Read 1: 8,612,961,280 bp
  Read 2: 8,598,342,293 bp

=== First read: Adapter 1 ===

Sequence: AGATCGGAAGAGC; Type: regular 3'; Length: 13; Trimmed: 21532501 times.

No. of allowed errors:
0-9 bp: 0; 10-13 bp: 1

Bases preceding removed adapters:
  A: 17.2%
  C: 7.1%
  G: 10.8%
  T: 25.8%
  none/other: 39.0%

Overview of removed sequences
length	count	expect	max.err	error counts
3	1343228	1105992.8	0	1343228
4	389389	276498.2	0	389389
5	207652	69124.6	0	207652
6	149145	17281.1	0	149145
7	149709	4320.3	0	149709
8	155575	1080.1	0	155575
9	145110	270.0	0	143732 1378
10	146652	67.5	1	140948 5704
11	148846	16.9	1	141051 7795
12	144257	4.2	1	136730 7527
13	136369	1.1	1	128823 7546
14	136497	1.1	1	128596 7901
15	135463	1.1	1	127730 7733
16	138026	1.1	1	129525 8501
17	143872	1.1	1	134522 9350
18	138316	1.1	1	130710 7606
19	128174	1.1	1	121415 6759
20	130042	1.1	1	122847 7195
21	126468	1.1	1	119432 7036
22	124367	1.1	1	117222 7145
23	121407	1.1	1	114537 6870
24	121338	1.1	1	113741 7597
25	118525	1.1	1	111735 6790
26	120115	1.1	1	113149 6966
27	124490	1.1	1	117329 7161
28	125525	1.1	1	118040 7485
29	125927	1.1	1	117988 7939
30	122744	1.1	1	116077 6667
31	113593	1.1	1	107171 6422
32	115627	1.1	1	109056 6571
33	112491	1.1	1	105785 6706
34	116847	1.1	1	109457 7390
35	112840	1.1	1	106464 6376
36	109614	1.1	1	102471 7143
37	107262	1.1	1	100521 6741
38	115501	1.1	1	107757 7744
39	109884	1.1	1	103257 6627
40	109397	1.1	1	102715 6682
41	101892	1.1	1	95453 6439
42	105037	1.1	1	97670 7367
43	150811	1.1	1	144122 6689
44	53298	1.1	1	47822 5476
45	87346	1.1	1	83115 4231
46	105736	1.1	1	99204 6532
47	100661	1.1	1	94438 6223
48	88238	1.1	1	82836 5402
49	111922	1.1	1	105255 6667
50	97368	1.1	1	90335 7033
51	83845	1.1	1	78535 5310
52	89004	1.1	1	83663 5341
53	105046	1.1	1	97212 7834
54	91135	1.1	1	84075 7060
55	98011	1.1	1	91857 6154
56	99786	1.1	1	93263 6523
57	96197	1.1	1	89527 6670
58	82126	1.1	1	77402 4724
59	75761	1.1	1	70588 5173
60	113809	1.1	1	105746 8063
61	103612	1.1	1	96897 6715
62	83093	1.1	1	77697 5396
63	74153	1.1	1	68118 6035
64	166510	1.1	1	156169 10341
65	103607	1.1	1	95457 8150
66	139167	1.1	1	132776 6391
67	94511	1.1	1	88801 5710
68	88485	1.1	1	84023 4462
69	12038	1.1	1	9336 2702
70	12423	1.1	1	10579 1844
71	41423	1.1	1	38344 3079
72	64967	1.1	1	60331 4636
73	71423	1.1	1	66301 5122
74	75892	1.1	1	70326 5566
75	80267	1.1	1	74400 5867
76	82110	1.1	1	76055 6055
77	82119	1.1	1	75920 6199
78	80538	1.1	1	74428 6110
79	83231	1.1	1	76662 6569
80	81616	1.1	1	75180 6436
81	82038	1.1	1	75636 6402
82	79617	1.1	1	73385 6232
83	80965	1.1	1	74657 6308
84	83697	1.1	1	76667 7030
85	77110	1.1	1	70958 6152
86	80619	1.1	1	73989 6630
87	80412	1.1	1	73882 6530
88	81941	1.1	1	75386 6555
89	78910	1.1	1	72750 6160
90	84387	1.1	1	77648 6739
91	85629	1.1	1	78845 6784
92	86128	1.1	1	79415 6713
93	81639	1.1	1	75150 6489
94	80752	1.1	1	74460 6292
95	82566	1.1	1	75860 6706
96	80734	1.1	1	74328 6406
97	80146	1.1	1	73594 6552
98	79099	1.1	1	72969 6130
99	79802	1.1	1	73420 6382
100	78994	1.1	1	72616 6378
101	80420	1.1	1	74211 6209
102	80677	1.1	1	74412 6265
103	83187	1.1	1	76691 6496
104	81687	1.1	1	75306 6381
105	83454	1.1	1	76618 6836
106	75540	1.1	1	69578 5962
107	85629	1.1	1	78890 6739
108	72540	1.1	1	66825 5715
109	79220	1.1	1	72945 6275
110	74504	1.1	1	68706 5798
111	73002	1.1	1	67404 5598
112	69649	1.1	1	64167 5482
113	67829	1.1	1	62477 5352
114	63051	1.1	1	58242 4809
115	65836	1.1	1	60760 5076
116	54251	1.1	1	50124 4127
117	51035	1.1	1	47101 3934
118	45629	1.1	1	41890 3739
119	41281	1.1	1	37563 3718
120	37272	1.1	1	33880 3392
121	32766	1.1	1	29874 2892
122	27859	1.1	1	25278 2581
123	24258	1.1	1	22032 2226
124	19206	1.1	1	17199 2007
125	12816	1.1	1	11359 1457
126	9250	1.1	1	8138 1112
127	6706	1.1	1	5811 895
128	4127	1.1	1	3613 514
129	2785	1.1	1	2472 313
130	1960	1.1	1	1742 218
131	1474	1.1	1	1343 131
132	1321	1.1	1	1235 86
133	569	1.1	1	503 66
134	694	1.1	1	628 66
135	212	1.1	1	170 42
136	411	1.1	1	357 54
137	216	1.1	1	155 61
138	380	1.1	1	325 55
139	72	1.1	1	38 34
140	194	1.1	1	138 56
141	180	1.1	1	126 54
142	125	1.1	1	57 68
143	587	1.1	1	515 72
144	110	1.1	1	40 70
145	124	1.1	1	26 98
146	191	1.1	1	39 152
147	505	1.1	1	78 427
148	1041	1.1	1	34 1007
149	18841	1.1	1	74 18767
150	8394145	1.1	1	946 8393199

=== Second read: Adapter 2 ===

Sequence: AGATCGGAAGAGC; Type: regular 3'; Length: 13; Trimmed: 13305073 times.

No. of allowed errors:
0-9 bp: 0; 10-13 bp: 1

Bases preceding removed adapters:
  A: 28.1%
  C: 11.5%
  G: 17.5%
  T: 42.9%
  none/other: 0.1%

Overview of removed sequences
length	count	expect	max.err	error counts
3	1376968	1105992.8	0	1376968
4	396437	276498.2	0	396437
5	208991	69124.6	0	208991
6	147900	17281.1	0	147900
7	152719	4320.3	0	152719
8	169249	1080.1	0	169249
9	130530	270.0	0	129441 1089
10	150886	67.5	1	142363 8523
11	146423	16.9	1	138384 8039
12	148306	4.2	1	140170 8136
13	135518	1.1	1	128624 6894
14	142584	1.1	1	133947 8637
15	130482	1.1	1	123802 6680
16	139654	1.1	1	132454 7200
17	155565	1.1	1	147287 8278
18	120168	1.1	1	114266 5902
19	168577	1.1	1	159112 9465
20	116911	1.1	1	110583 6328
21	117855	1.1	1	111853 6002
22	119181	1.1	1	113238 5943
23	123597	1.1	1	116897 6700
24	287922	1.1	1	273373 14549
25	102631	1.1	1	97668 4963
26	81166	1.1	1	77581 3585
27	60234	1.1	1	55745 4489
28	208464	1.1	1	200634 7830
29	36617	1.1	1	32975 3642
30	191500	1.1	1	184990 6510
31	67799	1.1	1	62572 5227
32	376341	1.1	1	367069 9272
33	113366	1.1	1	107300 6066
34	31111	1.1	1	28096 3015
35	180292	1.1	1	174694 5598
36	55991	1.1	1	52678 3313
37	63097	1.1	1	60125 2972
38	58177	1.1	1	55578 2599
39	58433	1.1	1	55714 2719
40	41486	1.1	1	39184 2302
41	99480	1.1	1	95819 3661
42	141871	1.1	1	137501 4370
43	59219	1.1	1	56015 3204
44	108242	1.1	1	103614 4628
45	224960	1.1	1	219803 5157
46	71992	1.1	1	68260 3732
47	73580	1.1	1	69972 3608
48	170962	1.1	1	166060 4902
49	98623	1.1	1	94938 3685
50	49778	1.1	1	46846 2932
51	168654	1.1	1	163405 5249
52	249736	1.1	1	243303 6433
53	114230	1.1	1	110024 4206
54	104090	1.1	1	100000 4090
55	122516	1.1	1	118886 3630
56	50032	1.1	1	47502 2530
57	84342	1.1	1	81032 3310
58	94020	1.1	1	90449 3571
59	50836	1.1	1	48406 2430
60	30696	1.1	1	29055 1641
61	23875	1.1	1	22612 1263
62	25784	1.1	1	24509 1275
63	29135	1.1	1	27573 1562
64	44803	1.1	1	42833 1970
65	62961	1.1	1	60346 2615
66	72336	1.1	1	69341 2995
67	77723	1.1	1	74881 2842
68	78733	1.1	1	75683 3050
69	86864	1.1	1	83607 3257
70	82080	1.1	1	79097 2983
71	83430	1.1	1	80303 3127
72	85342	1.1	1	81947 3395
73	79953	1.1	1	76900 3053
74	79402	1.1	1	76443 2959
75	81796	1.1	1	78905 2891
76	80664	1.1	1	77678 2986
77	81967	1.1	1	78724 3243
78	81986	1.1	1	79091 2895
79	84160	1.1	1	81012 3148
80	82999	1.1	1	80033 2966
81	83935	1.1	1	80963 2972
82	80110	1.1	1	77192 2918
83	81832	1.1	1	78817 3015
84	84793	1.1	1	81467 3326
85	78098	1.1	1	75227 2871
86	82513	1.1	1	79519 2994
87	82816	1.1	1	79913 2903
88	84544	1.1	1	81573 2971
89	80661	1.1	1	77942 2719
90	84797	1.1	1	81766 3031
91	84205	1.1	1	81292 2913
92	86523	1.1	1	83609 2914
93	84219	1.1	1	81273 2946
94	82365	1.1	1	79618 2747
95	84544	1.1	1	81797 2747
96	82826	1.1	1	80032 2794
97	80851	1.1	1	78230 2621
98	80130	1.1	1	77638 2492
99	80838	1.1	1	78359 2479
100	80898	1.1	1	78290 2608
101	82417	1.1	1	80033 2384
102	82721	1.1	1	80162 2559
103	85047	1.1	1	82692 2355
104	84238	1.1	1	81746 2492
105	86137	1.1	1	83734 2403
106	77468	1.1	1	75195 2273
107	87579	1.1	1	85123 2456
108	74931	1.1	1	72604 2327
109	81047	1.1	1	78884 2163
110	76051	1.1	1	73903 2148
111	74372	1.1	1	72549 1823
112	71188	1.1	1	69339 1849
113	69042	1.1	1	67424 1618
114	64097	1.1	1	62491 1606
115	65882	1.1	1	64398 1484
116	55858	1.1	1	54510 1348
117	51174	1.1	1	50009 1165
118	46969	1.1	1	45828 1141
119	42527	1.1	1	41487 1040
120	39219	1.1	1	38219 1000
121	33567	1.1	1	32849 718
122	28656	1.1	1	27980 676
123	25283	1.1	1	24769 514
124	20127	1.1	1	19680 447
125	13266	1.1	1	12934 332
126	9637	1.1	1	9363 274
127	7092	1.1	1	6906 186
128	4409	1.1	1	4283 126
129	2863	1.1	1	2778 85
130	2055	1.1	1	1981 74
131	1485	1.1	1	1388 97
132	1320	1.1	1	1261 59
133	567	1.1	1	525 42
134	698	1.1	1	665 33
135	211	1.1	1	171 40
136	408	1.1	1	372 36
137	207	1.1	1	168 39
138	388	1.1	1	340 48
139	80	1.1	1	39 41
140	175	1.1	1	141 34
141	181	1.1	1	140 41
142	93	1.1	1	60 33
143	571	1.1	1	531 40
144	70	1.1	1	50 20
145	66	1.1	1	28 38
146	89	1.1	1	45 44
147	140	1.1	1	99 41
148	75	1.1	1	37 38
149	318	1.1	1	156 162
150	14534	1.1	1	1133 13401

