
	Position file = ESC_RA+_Rarg_PT_1k_rep1_peaks.narrowPeak
	Genome = mm10
	Output Directory = /home1/gyang/work_space/4.ProjectET/batch23_cr/7.Peak_anno/ESC_RA+_Rarg_PT_1k_rep1_peakAnalysis
	Using actual sizes of regions (-size given)
	Fragment size set to given
	Using 7 CPUs
	Motif length set at 8,
	Found mset for "mouse", will check against vertebrates motifs
	Peak/BED file conversion summary:
		BED/Header formatted lines: 513
		peakfile formatted lines: 0

	Peak File Statistics:
		Total Peaks: 513
		Redundant Peak IDs: 0
		Peaks lacking information: 0 (need at least 5 columns per peak)
		Peaks with misformatted coordinates: 0 (should be integer)
		Peaks with misformatted strand: 0 (should be either +/- or 0/1)

	Peak file looks good!

	Background fragment size set to 392 (avg size of targets)
	Background files for 392 bp fragments found.
	Custom genome sequence directory: /home1/homer/.//data/genomes/mm10//

	Extracting sequences from directory: /home1/homer/.//data/genomes/mm10//
	Extracting 30 sequences from chr1
	Extracting 36 sequences from chr2
	Extracting 19 sequences from chr3
	Extracting 31 sequences from chr4
	Extracting 34 sequences from chr5
	Extracting 23 sequences from chr6
	Extracting 51 sequences from chr7
	Extracting 20 sequences from chr8
	Extracting 28 sequences from chr9
	Extracting 30 sequences from chr10
	Extracting 54 sequences from chr11
	Extracting 17 sequences from chr12
	Extracting 13 sequences from chr13
	Extracting 16 sequences from chr14
	Extracting 22 sequences from chr15
	Extracting 16 sequences from chr16
	Extracting 28 sequences from chr17
	Extracting 15 sequences from chr18
	Extracting 19 sequences from chr19
	Extracting 6 sequences from chrX
	Extracting 2 sequences from chrY
	Extracting 3 sequences from chrM

	Not removing redundant sequences


	Sequences processed:
		Auto detected maximum sequence length of 240 bp
		513 total

	Frequency Bins: 0.2 0.25 0.3 0.35 0.4 0.45 0.5 0.6 0.7 0.8
	Freq	Bin	Count
	0.3	2	3
	0.35	3	23
	0.4	4	42
	0.45	5	32
	0.5	6	26
	0.6	7	134
	0.7	8	199
	0.8	9	54

	Total sequences set to 50000

	Choosing background that matches in CpG/GC content...
	Bin	# Targets	# Background	Background Weight
	2	3	289	1.001
	3	23	2219	1.000
	4	42	4052	1.000
	5	32	3087	1.000
	6	26	2508	1.000
	7	134	12926	1.000
	8	199	19197	1.000
	9	54	5209	1.000
	Assembling sequence file...
	Normalizing lower order oligos using homer2

	Reading input files...
	50000 total sequences read
	Autonormalization: 1-mers (4 total)
		A	21.45%	21.86%	0.981
		C	28.55%	28.14%	1.015
		G	28.55%	28.14%	1.015
		T	21.45%	21.86%	0.981
	Autonormalization: 2-mers (16 total)
		AA	5.63%	5.36%	1.050
		CA	6.15%	6.94%	0.887
		GA	6.20%	6.14%	1.010
		TA	3.43%	3.40%	1.007
		AC	4.89%	4.89%	0.999
		CC	9.35%	9.16%	1.021
		GC	8.15%	7.97%	1.022
		TC	6.20%	6.14%	1.010
		AG	7.12%	7.64%	0.932
		CG	5.92%	4.42%	1.338
		GG	9.35%	9.16%	1.021
		TG	6.15%	6.94%	0.887
		AT	3.82%	3.94%	0.969
		CT	7.12%	7.64%	0.932
		GT	4.89%	4.89%	0.999
		TT	5.63%	5.36%	1.050
	Autonormalization: 3-mers (64 total)
	Normalization weights can be found in file: /home1/gyang/work_space/4.ProjectET/batch23_cr/7.Peak_anno/ESC_RA+_Rarg_PT_1k_rep1_peakAnalysis/seq.autonorm.tsv
	Converging on autonormalization solution:
	...............................................................................
	Final normalization:	Autonormalization: 1-mers (4 total)
		A	21.45%	21.41%	1.002
		C	28.55%	28.59%	0.998
		G	28.55%	28.59%	0.998
		T	21.45%	21.41%	1.002
	Autonormalization: 2-mers (16 total)
		AA	5.63%	5.57%	1.011
		CA	6.15%	6.31%	0.975
		GA	6.20%	6.11%	1.015
		TA	3.43%	3.41%	1.005
		AC	4.89%	4.79%	1.022
		CC	9.35%	9.36%	0.999
		GC	8.15%	8.34%	0.977
		TC	6.20%	6.11%	1.015
		AG	7.12%	7.19%	0.989
		CG	5.92%	5.73%	1.033
		GG	9.35%	9.36%	0.999
		TG	6.15%	6.31%	0.975
		AT	3.82%	3.86%	0.991
		CT	7.12%	7.19%	0.989
		GT	4.89%	4.79%	1.022
		TT	5.63%	5.57%	1.011
	Autonormalization: 3-mers (64 total)
	Finished preparing sequence/group files

	----------------------------------------------------------
	Known motif enrichment

	Reading input files...
	50000 total sequences read
	440 motifs loaded
	Cache length = 11180
	Using binomial scoring
	Checking enrichment of 440 motif(s)
	|0%                                    50%                                  100%|
	=================================================================================
	Preparing HTML output with sequence logos...
		1 of 440 (1e-14) Sp1(Zf)/Promoter/Homer
		2 of 440 (1e-12) Klf4(Zf)/mES-Klf4-ChIP-Seq(GSE11431)/Homer
		3 of 440 (1e-12) KLF3(Zf)/MEF-Klf3-ChIP-Seq(GSE44748)/Homer
		4 of 440 (1e-11) Klf9(Zf)/GBM-Klf9-ChIP-Seq(GSE62211)/Homer
		5 of 440 (1e-10) KLF1(Zf)/HUDEP2-KLF1-CutnRun(GSE136251)/Homer
		6 of 440 (1e-8) Sp5(Zf)/mES-Sp5.Flag-ChIP-Seq(GSE72989)/Homer
		7 of 440 (1e-5) NFY(CCAAT)/Promoter/Homer
		8 of 440 (1e-5) Sp2(Zf)/HEK293-Sp2.eGFP-ChIP-Seq(Encode)/Homer
		9 of 440 (1e-5) EKLF(Zf)/Erythrocyte-Klf1-ChIP-Seq(GSE20478)/Homer
		10 of 440 (1e-4) KLF5(Zf)/LoVo-KLF5-ChIP-Seq(GSE49402)/Homer
		11 of 440 (1e-4) NRF1(NRF)/MCF7-NRF1-ChIP-Seq(Unpublished)/Homer
		12 of 440 (1e-4) KLF10(Zf)/HEK293-KLF10.GFP-ChIP-Seq(GSE58341)/Homer
		13 of 440 (1e-3) NFAT:AP1(RHD,bZIP)/Jurkat-NFATC1-ChIP-Seq(Jolma_et_al.)/Homer
		14 of 440 (1e-3) KLF6(Zf)/PDAC-KLF6-ChIP-Seq(GSE64557)/Homer
		15 of 440 (1e-3) LHX9(Homeobox)/Hct116-LHX9.V5-ChIP-Seq(GSE116822)/Homer
		16 of 440 (1e-3) Pknox1(Homeobox)/ES-Prep1-ChIP-Seq(GSE63282)/Homer
		17 of 440 (1e-2) KLF14(Zf)/HEK293-KLF14.GFP-ChIP-Seq(GSE58341)/Homer
		18 of 440 (1e-2) NRF(NRF)/Promoter/Homer
		19 of 440 (1e-2) Elk4(ETS)/Hela-Elk4-ChIP-Seq(GSE31477)/Homer
		20 of 440 (1e-2) Pbx3(Homeobox)/GM12878-PBX3-ChIP-Seq(GSE32465)/Homer
		21 of 440 (1e-2) PAX3:FKHR-fusion(Paired,Homeobox)/Rh4-PAX3:FKHR-ChIP-Seq(GSE19063)/Homer
		22 of 440 (1e-2) Maz(Zf)/HepG2-Maz-ChIP-Seq(GSE31477)/Homer
		23 of 440 (1e-2) PBX1(Homeobox)/MCF7-PBX1-ChIP-Seq(GSE28007)/Homer
		24 of 440 (1e-2) Lhx2(Homeobox)/HFSC-Lhx2-ChIP-Seq(GSE48068)/Homer
	----------------------------------------------------------
	De novo motif finding (HOMER)

	Number of Trial motifs (-T) set to 7 (from 10) to work well with 7 CPUs
	Scanning input files...
	Parsing sequences...
	|0%                                   50%                                  100%|
	===============================================================================
	Total number of Oligos: 32896
	Autoadjustment for sequence coverage in background: 1.25x

	Oligos: 32896 of 34497 max
	Tree  : 67240 of 172485 max
	Optimizing memory usage...
	Cache length = 11180
	Using binomial scoring

	Global Optimization Phase: Looking for enriched oligos with up to 2 mismatches...

	Screening oligos 32896 (allowing 0 mismatches):
	|0%                                   50%                                  100%|
	================================================================================
		5.25% skipped, 94.75% checked (31170 of 32896), of those checked:
		5.25% not in target, 0.00% increased p-value, 0.00% high p-value

	Screening oligos 32896 (allowing 1 mismatches):
	|0%                                   50%                                  100%|
	================================================================================
		5.25% skipped, 94.75% checked (31170 of 32896), of those checked:
		0.00% not in target, 28.22% increased p-value, 61.29% high p-value

	Screening oligos 32896 (allowing 2 mismatches):
	|0%                                   50%                                  100%|
	================================================================================
		71.50% skipped, 28.50% checked (9375 of 32896), of those checked:
		0.00% not in target, 21.35% increased p-value, 0.00% high p-value
	Reading input files...
	50000 total sequences read
	Cache length = 11180
	Using binomial scoring

	Local Optimization Phase:
	1 of 25 Initial Sequence: AAAATGAG... (-76.055)
		Round 1: -79.07 AAAACGTG T:103.9(18.21%),B:2356.6(3.87%),P:1e-34
		Round 2: -81.17 AAAATGAG T:97.2(17.24%),B:2033.8(3.35%),P:1e-35
		Round 3: -81.17 AAAATGAG T:97.2(17.24%),B:2033.8(3.35%),P:1e-35
		=Final=: -9.44 AAAATGAG T:21.0(4.09%),B:744.4(1.56%),P:1e-4
		Performing exhaustive masking of motif...
		Reprioritizing potential motifs...
	2 of 25 Initial Sequence: TATGGCGA... (-69.870)
		Round 1: -74.17 TATGGCGA T:46.8(8.58%),B:420.9(0.70%),P:1e-32
		Round 2: -74.17 TATGGCGA T:46.8(8.58%),B:420.9(0.70%),P:1e-32
		=Final=: -27.06 TATGGCGA T:15.0(2.92%),B:107.9(0.23%),P:1e-11
		Performing exhaustive masking of motif...
		Reprioritizing potential motifs...
	3 of 25 Initial Sequence: TTTTCAGT... (-68.875)
		Round 1: -72.53 YYTWCAGT T:117.0(20.26%),B:3168.0(5.17%),P:1e-31
		Round 2: -87.60 YYTACAGT T:111.0(19.32%),B:2415.7(3.97%),P:1e-38
		Round 3: -87.60 YYTACAGT T:111.0(19.32%),B:2415.7(3.97%),P:1e-38
		=Final=: -8.67 YYTACAGT T:39.0(7.60%),B:1938.8(4.06%),P:1e-3
		Performing exhaustive masking of motif...
		Reprioritizing potential motifs...
	4 of 25 Initial Sequence: GTCCTACA... (-60.694)
		Round 1: -60.69 GTCCTACA T:36.2(6.78%),B:293.7(0.49%),P:1e-26
		Round 2: -60.69 GTCCTACA T:36.2(6.78%),B:293.7(0.49%),P:1e-26
		=Final=: -19.19 GTCCTACA T:18.0(3.51%),B:288.3(0.60%),P:1e-8
		Performing exhaustive masking of motif...
		Reprioritizing potential motifs...
	5 of 25 Initial Sequence: GGGCGGGG... (-34.709)
		Round 1: -57.38 GGGCGGGG T:444.4(57.95%),B:25917.2(35.22%),P:1e-24
		Round 2: -61.72 RGGCGKGG T:517.5(63.53%),B:30076.1(39.58%),P:1e-26
		Round 3: -63.05 GGGCGGGG T:515.2(63.39%),B:29820.4(39.32%),P:1e-27
		Round 4: -63.05 GGGCGGGG T:515.2(63.39%),B:29820.4(39.32%),P:1e-27
		=Final=: -22.47 GGGCGGGG T:247.0(48.15%),B:16503.5(34.57%),P:1e-9
		Performing exhaustive masking of motif...
		Reprioritizing potential motifs...
	6 of 25 Initial Sequence: TCTTTCTT... (-26.678)
		Round 1: -28.27 TCTTTCTT T:93.6(16.60%),B:4425.5(7.15%),P:1e-12
		Round 2: -35.89 TCGTTCTT T:123.3(21.34%),B:5807.9(9.27%),P:1e-15
		Round 3: -37.43 TCGTTCTD T:155.8(26.10%),B:7865.4(12.35%),P:1e-16
		Round 4: -37.43 TCGTTCTD T:155.8(26.10%),B:7865.4(12.35%),P:1e-16
		=Final=: -22.49 TCGTTCTD T:63.0(12.28%),B:2430.4(5.09%),P:1e-9
		Performing exhaustive masking of motif...
		Reprioritizing potential motifs...
	7 of 25 Initial Sequence: CCAATTAG... (-20.867)
		Round 1: -35.47 CCAATTAG T:92.9(16.43%),B:3786.9(6.15%),P:1e-15
		Round 2: -39.71 CCAATTAG T:185.2(30.30%),B:9813.8(15.16%),P:1e-17
		Round 3: -39.71 CCAATTAG T:185.2(30.30%),B:9813.8(15.16%),P:1e-17
		=Final=: -21.45 CCAATTAG T:110.0(21.44%),B:5641.0(11.82%),P:1e-9
		Performing exhaustive masking of motif...
		Reprioritizing potential motifs...
	8 of 25 Initial Sequence: CTTTCTTT... (-19.865)
		Round 1: -20.09 CTTTCTTT T:80.7(14.45%),B:4259.8(6.89%),P:1e-8
		Round 2: -27.94 CTTTCGTT T:123.3(21.34%),B:6599.8(10.47%),P:1e-12
		Round 3: -27.94 CTTTCGTT T:123.3(21.34%),B:6599.8(10.47%),P:1e-12
		=Final=: -11.04 CTTTCGTT T:40.0(7.80%),B:1795.5(3.76%),P:1e-4
		Performing exhaustive masking of motif...
		Reprioritizing potential motifs...
	9 of 25 Initial Sequence: AAATGCAC... (-19.755)
		Round 1: -28.50 AAATGCAC T:41.2(7.69%),B:1132.8(1.88%),P:1e-12
		Round 2: -28.50 AAATGCAC T:41.2(7.69%),B:1132.8(1.88%),P:1e-12
		=Final=: -11.12 AAATGCAC T:29.0(5.65%),B:1108.2(2.32%),P:1e-4
		Performing exhaustive masking of motif...
		Reprioritizing potential motifs...
	10 of 25 Initial Sequence: TTCTTTCT... (-19.603)
		Round 1: -20.27 TTCTTTCT T:96.2(17.08%),B:5416.2(8.67%),P:1e-8
		Round 2: -20.27 TTCTTTCT T:96.2(17.08%),B:5416.2(8.67%),P:1e-8
		=Final=: -0.50 TTCTTTCT T:57.0(11.11%),B:5449.3(11.42%),P:1e0
		Performing exhaustive masking of motif...
		Reprioritizing potential motifs...
	11 of 25 Initial Sequence: GACGGAAT... (-17.623)
		Round 1: -26.96 GACGGAAT T:174.8(28.79%),B:10639.1(16.33%),P:1e-11
		Round 2: -37.26 GACGGAAT T:260.5(39.79%),B:15807.2(23.27%),P:1e-16
		Round 3: -37.90 GRCGKRAA T:333.9(47.78%),B:21352.4(30.07%),P:1e-16
		Round 4: -41.01 GGCGTGAA T:202.4(32.57%),B:10927.8(16.73%),P:1e-17
		Round 5: -41.51 GACGCAAT T:302.2(44.53%),B:18270.5(26.37%),P:1e-18
		Round 6: -41.51 GACGCAAT T:302.2(44.53%),B:18270.5(26.37%),P:1e-18
		=Final=: -33.89 GACGCAAT T:219.0(42.69%),B:12657.2(26.52%),P:1e-14
		Performing exhaustive masking of motif...
		Reprioritizing potential motifs...
	12 of 25 Initial Sequence: GGCGGTTT... (-15.292)
		Round 1: -24.83 GGCGGTTT T:290.3(43.21%),B:20603.4(29.19%),P:1e-10
		Round 2: -24.83 GGCGGTTT T:290.3(43.21%),B:20603.4(29.19%),P:1e-10
		=Final=: -19.86 GGCGGTTT T:235.0(45.81%),B:15867.8(33.24%),P:1e-8
		Performing exhaustive masking of motif...
		Reprioritizing potential motifs...
	13 of 25 Initial Sequence: GGTGGGGC... (-15.158)
		Round 1: -28.20 GGTGGGGC T:101.1(17.89%),B:4942.0(7.95%),P:1e-12
		Round 2: -28.20 GGTGGGGC T:101.1(17.89%),B:4942.0(7.95%),P:1e-12
		=Final=: -19.50 GGTGGGGC T:92.0(17.93%),B:4555.5(9.54%),P:1e-8
		Performing exhaustive masking of motif...
		Reprioritizing potential motifs...
	14 of 25 Initial Sequence: TTGCCATA... (-14.353)
		Round 1: -21.41 TYGCCATA T:27.5(5.13%),B:682.9(1.14%),P:1e-9
		Round 2: -21.54 TCGCCATW T:27.6(5.13%),B:678.2(1.13%),P:1e-9
		Round 3: -21.54 TCGCCATW T:27.6(5.13%),B:678.2(1.13%),P:1e-9
		=Final=: -13.29 TCGCCATW T:23.0(4.48%),B:670.8(1.41%),P:1e-5
		Performing exhaustive masking of motif...
		Reprioritizing potential motifs...
	15 of 25 Initial Sequence: TCGCGTGA... (-10.529)
		Round 1: -18.87 TCGCGTGA T:163.4(27.24%),B:11097.3(16.97%),P:1e-8
		Round 2: -20.88 KCGCKTGA T:214.1(34.13%),B:15119.5(22.38%),P:1e-9
		Round 3: -20.88 KCGCKTGA T:214.1(34.13%),B:15119.5(22.38%),P:1e-9
		=Final=: -12.70 KCGCKTGA T:169.0(32.94%),B:11465.5(24.02%),P:1e-5
		Performing exhaustive masking of motif...
		Reprioritizing potential motifs...
	16 of 25 Initial Sequence: ATTTGCAT... (-10.137)
		Round 1: -11.31 ATTTGCAT T:23.1(4.39%),B:888.1(1.48%),P:1e-4
		Round 2: -13.61 ATTTGCAC T:53.7(9.82%),B:2864.5(4.69%),P:1e-5
		Round 3: -13.61 ATTTGCAC T:53.7(9.82%),B:2864.5(4.69%),P:1e-5
		=Final=: -9.73 ATTTGCAC T:52.0(10.14%),B:2733.3(5.73%),P:1e-4
		Performing exhaustive masking of motif...
		Reprioritizing potential motifs...
	17 of 25 Initial Sequence: GGAAGCCT... (-9.819)
		Round 1: -14.06 GGAAGCCT T:66.4(12.08%),B:3778.5(6.13%),P:1e-6
		Round 2: -14.83 CGAASCCT T:63.2(11.57%),B:3511.3(5.71%),P:1e-6
		Round 3: -14.83 CGAASCCT T:63.2(11.57%),B:3511.3(5.71%),P:1e-6
		=Final=: -14.56 CGAASCCT T:68.0(13.26%),B:3358.1(7.04%),P:1e-6
		Performing exhaustive masking of motif...
		Reprioritizing potential motifs...
	18 of 25 Initial Sequence: ATTTCGTC... (-9.083)
		Round 1: -14.31 ATTTCGTC T:115.0(20.10%),B:7910.4(12.41%),P:1e-6
		Round 2: -14.31 ATTTCGTC T:115.0(20.10%),B:7910.4(12.41%),P:1e-6
		=Final=: -9.84 ATTTCGTC T:9.0(1.75%),B:153.1(0.32%),P:1e-4
		Performing exhaustive masking of motif...
		Reprioritizing potential motifs...
	19 of 25 Initial Sequence: AATCGGGT... (-8.776)
		Round 1: -21.86 AATCGGGT T:137.2(23.46%),B:8483.2(13.25%),P:1e-9
		Round 2: -21.86 AATCGGGT T:137.2(23.46%),B:8483.2(13.25%),P:1e-9
		=Final=: -16.66 AATCGGGT T:123.0(23.98%),B:7147.8(14.97%),P:1e-7
		Performing exhaustive masking of motif...
		Reprioritizing potential motifs...
	Remaining seeds don't look promising (After initial 5 motifs, logp -8.511 > -8.710)

	Finalizing Enrichment Statistics (new in v3.4)
	Reading input files...
	50000 total sequences read
	Cache length = 11180
	Using binomial scoring
	Checking enrichment of 19 motif(s)
	|0%                                    50%                                  100%|
	=================================================================================
	Output in file: /home1/gyang/work_space/4.ProjectET/batch23_cr/7.Peak_anno/ESC_RA+_Rarg_PT_1k_rep1_peakAnalysis/homerMotifs.motifs8

	(Motifs in homer2 format)
	Determining similar motifs... 19 reduced to 11 motifs
	Outputing HTML and sequence logos for motif comparison...
	Checking de novo motifs against known motifs...
	Formatting HTML page...
		1 of 11 (1e-15) similar to FOSL1::JUND(var.2)/MA1143.1/Jaspar(0.715)
		2 of 11 (1e-11) similar to YY2/MA0748.2/Jaspar(0.733)
		3 of 11 (1e-10) similar to Npas4(bHLH)/Neuron-Npas4-ChIP-Seq(GSE127793)/Homer(0.745)
		4 of 11 (1e-9) similar to NFYC/MA1644.1/Jaspar(0.881)
		5 of 11 (1e-9) similar to PB0039.1_Klf7_1/Jaspar(0.931)
		6 of 11 (1e-8) similar to MYB(HTH)/ERMYB-Myb-ChIPSeq(GSE22095)/Homer(0.793)
		7 of 11 (1e-8) similar to PH0065.1_Hoxc10/Jaspar(0.651)
		8 of 11 (1e-6) similar to Ahr::Arnt/MA0006.1/Jaspar(0.701)
		9 of 11 (1e-5) similar to POL008.1_DCE_S_I/Jaspar(0.666)
		10 of 11 (1e-4) similar to Foxh1(Forkhead)/hESC-FOXH1-ChIP-Seq(GSE29422)/Homer(0.748)
		11 of 11 (1e-3) similar to ZBTB32/MA1580.1/Jaspar(0.807)
	Job finished - if results look good, please send beer to ..

	Cleaning up tmp files...

