
	Position file = ESC_RA+_Rarg_SC_1k_rep1_peaks.narrowPeak
	Genome = mm10
	Output Directory = /home1/gyang/work_space/4.ProjectET/batch23_cr/7.Peak_anno/ESC_RA+_Rarg_SC_1k_rep1_peakAnalysis
	Using actual sizes of regions (-size given)
	Fragment size set to given
	Using 7 CPUs
	Motif length set at 8,
	Found mset for "mouse", will check against vertebrates motifs
	Peak/BED file conversion summary:
		BED/Header formatted lines: 368
		peakfile formatted lines: 0

	Peak File Statistics:
		Total Peaks: 368
		Redundant Peak IDs: 0
		Peaks lacking information: 0 (need at least 5 columns per peak)
		Peaks with misformatted coordinates: 0 (should be integer)
		Peaks with misformatted strand: 0 (should be either +/- or 0/1)

	Peak file looks good!

	Background fragment size set to 405 (avg size of targets)
	Could not find background files for 405 bp fragments
	Below are the sizes that are already available prepared.
		133
		200
		224
		283
		330
		332
		342
		345
		354
		356
		368
		369
		370
		373
		378
		384
		385
		390
		392
		400
		410
		411
		416
		418
		419
		420
		423
		424
		428
		433
		436
		438
		439
		442
		443
		444
		445
		447
		448
		449
		451
		454
		455
		456
		457
		461
		463
		467
		468
		471
		472
		475
		476
		478
		479
		486
		487
		489
		497
		502
		504
		510
		511
		514
		518
		519
		521
		525
		526
		533
		534
		536
		539
		543
		545
		550
		559
		560
		561
		562
		565
		566
		567
		570
		571
		572
		576
		583
		584
		586
		588
		589
		590
		595
		596
		598
		603
		607
		611
		622
		623
		624
		631
		637
		644
		648
		664
		665
		667
		671
		674
		676
		677
		685
		694
		698
		703
		704
		709
		712
		716
		724
		735
		736
		739
		740
		741
		743
		747
		758
		780
		783
		786
		789
		815
		828
		838
		843
		848
		867
		892
		917
		926
		951
		956
		972
		973
		998
		999
		1016
		1032
		1041
		1078
		1142
		1165
		1178
		1222
		1249
		1259
		1262
		1288
		1296
		1332
		1376
		1406
		1410
		1418
		1448
		1455
		1499
		1547
		1575
		1619
		1623
		1848
		1925
		1930
		1959
		2017
		2116
		2151
		2488
		2499
		3187
		3207
		3228
		3257
		3278
		5196
		5251
		5278
		7879
		7974
		41360
	HOMER will now create background files for 405 bp fragments
	To CANCEL and rerun with a differet "-size <#>", hit <CTRL+C> now!
		5
		4
		3
		2
		1
	Preparsing genome for 405 bp fragments...(will probably take 1-5 min)
	preparse size set to 405

	By default, using /home1/homer/.//data/genomes/mm10//mm10.tss for reference positions
	Output files will be placed in /home1/homer/.//data/genomes/mm10//preparsed//mm10.405.* ...
	By default, HOMER will set the the preparsed Directory to be group read/write
chmod: changing permissions of ‘/home1/homer/.//data/genomes/mm10//preparsed/’: Operation not permitted
	Extracting sequences
	Custom genome sequence directory: /home1/homer/.//data/genomes/mm10//

	Extracting sequences from directory: /home1/homer/.//data/genomes/mm10//
	Extracting 78771 sequences from chr1
	Extracting 94850 sequences from chr2
	Extracting 64506 sequences from chr3
	Extracting 72172 sequences from chr4
	Extracting 73546 sequences from chr5
	Extracting 69946 sequences from chr6
	Extracting 88038 sequences from chr7
	Extracting 54259 sequences from chr8
	Extracting 65650 sequences from chr9
	Extracting 60284 sequences from chr10
	Extracting 71586 sequences from chr11
	Extracting 44737 sequences from chr12
	Extracting 52157 sequences from chr13
	Extracting 47814 sequences from chr14
	Extracting 44524 sequences from chr15
	Extracting 41876 sequences from chr16
	Extracting 50037 sequences from chr17
	Extracting 35733 sequences from chr18
	Extracting 34570 sequences from chr19
	Extracting 67558 sequences from chrX
	Extracting 10654 sequences from chrY
	Extracting 89 sequences from chr1_GL456211_random
	Extracting 185 sequences from chr1_GL456221_random
	Extracting 76 sequences from chr4_GL456216_random
	Extracting 261 sequences from chr4_GL456350_random
	Extracting 50 sequences from chr4_JH584292_random
	Extracting 195 sequences from chr4_JH584293_random
	Extracting 183 sequences from chr4_JH584294_random
	Extracting 207 sequences from chr5_GL456354_random
	Extracting 106 sequences from chr5_JH584296_random
	Extracting 95 sequences from chr5_JH584297_random
	Extracting 169 sequences from chr5_JH584298_random
	Extracting 408 sequences from chr5_JH584299_random
	Extracting 144 sequences from chr7_GL456219_random
	Extracting 92 sequences from chrUn_JH584304
	Extracting 317 sequences from chrX_GL456233_random
		3145 of 1225708 removed because they had >70.00% Ns (i.e. masked repeats)

	Sequences processed:
		Auto detected maximum sequence length of 405 bp
		100000
		200000
		300000
		400000
		500000
		600000
		700000
		800000
		900000
		1000000
		1100000
		1200000
		1222563 total

	Frequency Bins: 0.01 0.02 0.03 0.04 0.05 0.06 0.08 0.1 0.12 0.14 0.16
	Freq	Bin	Count
	0.01	0	812586
	0.02	1	278319
	0.03	2	70062
	0.04	3	20733
	0.05	4	9636
	0.06	5	6485
	0.08	6	9174
	0.1	7	6498
	0.12	8	4429
	0.14	9	2654
	0.16	10	1341
	11	11	646
	Frequency Bins: 0.2 0.25 0.3 0.35 0.4 0.45 0.5 0.6 0.7 0.8
	Freq	Bin	Count
	0.2	0	136
	0.25	1	2225
	0.3	2	22347
	0.35	3	98154
	0.4	4	243248
	0.45	5	345417
	0.5	6	287064
	0.6	7	192155
	0.7	8	23989
	0.8	9	7277
	10	10	551

	Custom genome sequence directory: /home1/homer/.//data/genomes/mm10//

	Extracting sequences from directory: /home1/homer/.//data/genomes/mm10//
	Extracting 24 sequences from chr1
	Extracting 32 sequences from chr2
	Extracting 18 sequences from chr3
	Extracting 30 sequences from chr4
	Extracting 18 sequences from chr5
	Extracting 12 sequences from chr6
	Extracting 27 sequences from chr7
	Extracting 20 sequences from chr8
	Extracting 22 sequences from chr9
	Extracting 16 sequences from chr10
	Extracting 29 sequences from chr11
	Extracting 8 sequences from chr12
	Extracting 12 sequences from chr13
	Extracting 12 sequences from chr14
	Extracting 16 sequences from chr15
	Extracting 12 sequences from chr16
	Extracting 22 sequences from chr17
	Extracting 19 sequences from chr18
	Extracting 13 sequences from chr19
	Extracting 2 sequences from chrX
	Extracting 1 sequences from chrY
	Extracting 3 sequences from chrM

	Not removing redundant sequences


	Sequences processed:
		Auto detected maximum sequence length of 537 bp
		368 total

	Frequency Bins: 0.2 0.25 0.3 0.35 0.4 0.45 0.5 0.6 0.7 0.8
	Freq	Bin	Count
	0.3	2	2
	0.35	3	19
	0.4	4	27
	0.45	5	24
	0.5	6	25
	0.6	7	87
	0.7	8	135
	0.8	9	49

	Total sequences set to 50000

	Choosing background that matches in CpG/GC content...
	Bin	# Targets	# Background	Background Weight
	2	2	270	0.999
	3	19	2563	1.000
	4	27	3641	1.000
	5	24	3237	1.000
	6	25	3372	1.000
	7	87	11734	1.000
	8	135	18207	1.000
	9	49	6609	1.000
	Assembling sequence file...
	Normalizing lower order oligos using homer2

	Reading input files...
	50001 total sequences read
	Autonormalization: 1-mers (4 total)
		A	21.30%	21.77%	0.978
		C	28.70%	28.23%	1.017
		G	28.70%	28.23%	1.017
		T	21.30%	21.77%	0.978
	Autonormalization: 2-mers (16 total)
		AA	5.71%	5.35%	1.066
		CA	6.02%	6.89%	0.875
		GA	6.16%	6.09%	1.011
		TA	3.36%	3.41%	0.988
		AC	4.87%	4.88%	0.997
		CC	9.32%	9.19%	1.013
		GC	8.41%	8.10%	1.038
		TC	6.16%	6.09%	1.011
		AG	6.96%	7.56%	0.921
		CG	6.40%	4.63%	1.385
		GG	9.32%	9.19%	1.013
		TG	6.02%	6.89%	0.875
		AT	3.77%	3.95%	0.955
		CT	6.96%	7.56%	0.921
		GT	4.87%	4.88%	0.997
		TT	5.71%	5.35%	1.066
	Autonormalization: 3-mers (64 total)
	Normalization weights can be found in file: /home1/gyang/work_space/4.ProjectET/batch23_cr/7.Peak_anno/ESC_RA+_Rarg_SC_1k_rep1_peakAnalysis/seq.autonorm.tsv
	Converging on autonormalization solution:
	...............................................................................
	Final normalization:	Autonormalization: 1-mers (4 total)
		A	21.30%	21.23%	1.003
		C	28.70%	28.77%	0.998
		G	28.70%	28.77%	0.998
		T	21.30%	21.23%	1.003
	Autonormalization: 2-mers (16 total)
		AA	5.71%	5.60%	1.020
		CA	6.02%	6.22%	0.969
		GA	6.16%	6.04%	1.019
		TA	3.36%	3.38%	0.996
		AC	4.87%	4.75%	1.025
		CC	9.32%	9.37%	0.995
		GC	8.41%	8.62%	0.976
		TC	6.16%	6.04%	1.019
		AG	6.96%	7.07%	0.985
		CG	6.40%	6.12%	1.046
		GG	9.32%	9.37%	0.995
		TG	6.02%	6.22%	0.969
		AT	3.77%	3.82%	0.986
		CT	6.96%	7.07%	0.985
		GT	4.87%	4.75%	1.025
		TT	5.71%	5.60%	1.020
	Autonormalization: 3-mers (64 total)
	Finished preparing sequence/group files

	----------------------------------------------------------
	Known motif enrichment

	Reading input files...
	50001 total sequences read
	440 motifs loaded
	Cache length = 11180
	Using binomial scoring
	Checking enrichment of 440 motif(s)
	|0%                                    50%                                  100%|
	=================================================================================
	Preparing HTML output with sequence logos...
		1 of 440 (1e-4) Sp1(Zf)/Promoter/Homer
		2 of 440 (1e-3) Klf4(Zf)/mES-Klf4-ChIP-Seq(GSE11431)/Homer
		3 of 440 (1e-3) KLF1(Zf)/HUDEP2-KLF1-CutnRun(GSE136251)/Homer
		4 of 440 (1e-3) KLF3(Zf)/MEF-Klf3-ChIP-Seq(GSE44748)/Homer
		5 of 440 (1e-3) Ronin(THAP)/ES-Thap11-ChIP-Seq(GSE51522)/Homer
		6 of 440 (1e-3) GFY-Staf(?,Zf)/Promoter/Homer
		7 of 440 (1e-3) Sp5(Zf)/mES-Sp5.Flag-ChIP-Seq(GSE72989)/Homer
		8 of 440 (1e-2) NFAT:AP1(RHD,bZIP)/Jurkat-NFATC1-ChIP-Seq(Jolma_et_al.)/Homer
		9 of 440 (1e-2) Klf9(Zf)/GBM-Klf9-ChIP-Seq(GSE62211)/Homer
		10 of 440 (1e-2) Npas4(bHLH)/Neuron-Npas4-ChIP-Seq(GSE127793)/Homer
		11 of 440 (1e-2) KLF6(Zf)/PDAC-KLF6-ChIP-Seq(GSE64557)/Homer
		12 of 440 (1e-2) Chop(bZIP)/MEF-Chop-ChIP-Seq(GSE35681)/Homer
		13 of 440 (1e-2) KLF10(Zf)/HEK293-KLF10.GFP-ChIP-Seq(GSE58341)/Homer
		14 of 440 (1e-2) NFY(CCAAT)/Promoter/Homer
		15 of 440 (1e-2) Atf4(bZIP)/MEF-Atf4-ChIP-Seq(GSE35681)/Homer
	----------------------------------------------------------
	De novo motif finding (HOMER)

	Number of Trial motifs (-T) set to 7 (from 10) to work well with 7 CPUs
	Scanning input files...
	Parsing sequences...
	|0%                                   50%                                  100%|
	================================================================================
	Total number of Oligos: 32896
	Autoadjustment for sequence coverage in background: 1.27x

	Oligos: 32896 of 34497 max
	Tree  : 67160 of 172485 max
	Optimizing memory usage...
	Cache length = 11180
	Using binomial scoring

	Global Optimization Phase: Looking for enriched oligos with up to 2 mismatches...

	Screening oligos 32896 (allowing 0 mismatches):
	|0%                                   50%                                  100%|
	================================================================================
		8.66% skipped, 91.34% checked (30047 of 32896), of those checked:
		8.66% not in target, 0.00% increased p-value, 0.00% high p-value

	Screening oligos 32896 (allowing 1 mismatches):
	|0%                                   50%                                  100%|
	================================================================================
		8.66% skipped, 91.34% checked (30047 of 32896), of those checked:
		0.00% not in target, 26.59% increased p-value, 62.07% high p-value

	Screening oligos 32896 (allowing 2 mismatches):
	|0%                                   50%                                  100%|
	================================================================================
		75.20% skipped, 24.80% checked (8158 of 32896), of those checked:
		0.00% not in target, 20.14% increased p-value, 0.00% high p-value
	Reading input files...
	50001 total sequences read
	Cache length = 11180
	Using binomial scoring

	Local Optimization Phase:
	1 of 25 Initial Sequence: TTTTCAGT... (-64.192)
		Round 1: -73.64 TTTTCAGT T:59.1(14.83%),B:1051.6(1.74%),P:1e-31
		Round 2: -73.64 TTTTCAGT T:59.1(14.83%),B:1051.6(1.74%),P:1e-31
		=Final=: -13.14 TTTTCAGT T:24.0(6.52%),B:1010.9(2.14%),P:1e-5
		Performing exhaustive masking of motif...
		Reprioritizing potential motifs...
	2 of 25 Initial Sequence: TATGGCGA... (-55.186)
		Round 1: -60.56 TATGGCGA T:35.3(9.08%),B:384.0(0.64%),P:1e-26
		Round 2: -60.56 TATGGCGA T:35.3(9.08%),B:384.0(0.64%),P:1e-26
		=Final=: -26.48 TATGGCGA T:13.0(3.53%),B:102.9(0.22%),P:1e-11
		Performing exhaustive masking of motif...
		Reprioritizing potential motifs...
	3 of 25 Initial Sequence: TGTAGGAC... (-47.854)
		Round 1: -47.85 TGTAGGAC T:27.5(7.08%),B:302.5(0.50%),P:1e-20
		Round 2: -47.85 TGTAGGAC T:27.5(7.08%),B:302.5(0.50%),P:1e-20
		=Final=: -14.12 TGTAGGAC T:13.0(3.53%),B:292.8(0.62%),P:1e-6
		Performing exhaustive masking of motif...
		Reprioritizing potential motifs...
	4 of 25 Initial Sequence: AAAATGAG... (-46.758)
		Round 1: -46.76 AAAATGAG T:40.1(10.31%),B:803.6(1.33%),P:1e-20
		Round 2: -46.76 AAAATGAG T:40.1(10.31%),B:803.6(1.33%),P:1e-20
		=Final=: -5.53 AAAATGAG T:14.0(3.80%),B:786.3(1.66%),P:1e-2
		Performing exhaustive masking of motif...
		Reprioritizing potential motifs...
	5 of 25 Initial Sequence: TCTTTCTT... (-19.928)
		Round 1: -21.01 TCTTTCTT T:75.2(18.46%),B:5144.5(8.22%),P:1e-9
		Round 2: -23.35 TCTTACTT T:117.4(27.27%),B:9199.6(14.23%),P:1e-10
		Round 3: -23.35 TCTTACTT T:117.4(27.27%),B:9199.6(14.23%),P:1e-10
		=Final=: -6.76 TCTTACTT T:31.0(8.42%),B:2192.7(4.64%),P:1e-2
		Performing exhaustive masking of motif...
		Reprioritizing potential motifs...
	6 of 25 Initial Sequence: TTCTTTCT... (-17.921)
		Round 1: -19.87 TTCTTTCT T:73.5(18.02%),B:5174.5(8.27%),P:1e-8
		Round 2: -20.24 TTMTTTCT T:138.3(31.31%),B:12133.9(18.33%),P:1e-8
		Round 3: -26.42 TTATTTCT T:124.5(28.64%),B:9397.2(14.51%),P:1e-11
		Round 4: -26.42 TTATTTCT T:124.5(28.64%),B:9397.2(14.51%),P:1e-11
		=Final=: -3.47 TTATTTCT T:53.0(14.40%),B:5260.4(11.13%),P:1e-1
		Performing exhaustive masking of motif...
		Reprioritizing potential motifs...
	7 of 25 Initial Sequence: GGGCGGGG... (-15.648)
		Round 1: -25.07 GGGCGGGG T:275.2(52.68%),B:26088.6(35.29%),P:1e-10
		Round 2: -30.24 AGGCGGAG T:338.2(60.14%),B:31397.5(40.78%),P:1e-13
		Round 3: -30.24 AGGCGGAG T:338.2(60.14%),B:31397.5(40.78%),P:1e-13
		=Final=: -7.58 AGGCGGAG T:89.0(24.18%),B:8181.9(17.31%),P:1e-3
		Performing exhaustive masking of motif...
		Reprioritizing potential motifs...
	8 of 25 Initial Sequence: AATGCACA... (-14.080)
		Round 1: -16.03 AATGCACA T:24.0(6.32%),B:1013.6(1.68%),P:1e-6
		Round 2: -16.45 ACTACACA T:38.5(9.82%),B:2179.8(3.57%),P:1e-7
		Round 3: -16.45 ACTACACA T:38.5(9.82%),B:2179.8(3.57%),P:1e-7
		=Final=: -8.62 ACTACACA T:39.0(10.60%),B:2702.8(5.72%),P:1e-3
		Performing exhaustive masking of motif...
		Reprioritizing potential motifs...
	9 of 25 Initial Sequence: GCCCCGCC... (-12.586)
		Round 1: -24.24 GCCCCGCC T:271.4(52.17%),B:25893.0(35.08%),P:1e-10
		Round 2: -25.84 ACCMCGCC T:251.6(49.49%),B:23339.2(32.25%),P:1e-11
		Round 3: -25.84 ACCMCGCC T:251.6(49.49%),B:23339.2(32.25%),P:1e-11
		=Final=: -7.76 ACCMCGCC T:153.0(41.58%),B:15661.8(33.13%),P:1e-3
		Performing exhaustive masking of motif...
		Reprioritizing potential motifs...
	10 of 25 Initial Sequence: TTGCGTCA... (-12.168)
		Round 1: -21.31 TTGCGTCA T:128.9(29.41%),B:10788.9(16.47%),P:1e-9
		Round 2: -21.31 TTGCGTCA T:128.9(29.41%),B:10788.9(16.47%),P:1e-9
		=Final=: -18.01 TTGCGTCA T:119.0(32.34%),B:9433.2(19.95%),P:1e-7
		Performing exhaustive masking of motif...
		Reprioritizing potential motifs...
	11 of 25 Initial Sequence: TGGAATAT... (-11.063)
		Round 1: -13.26 TGGAATAT T:24.8(6.32%),B:1194.0(1.97%),P:1e-5
		Round 2: -14.86 CGGAATAT T:33.1(8.59%),B:1823.6(3.00%),P:1e-6
		Round 3: -16.11 TGGAATAT T:29.5(7.59%),B:1351.0(2.23%),P:1e-6
		Round 4: -16.11 TGGAATAT T:29.5(7.59%),B:1351.0(2.23%),P:1e-6
		=Final=: -7.99 TGGAATAT T:11.0(2.99%),B:396.1(0.84%),P:1e-3
		Performing exhaustive masking of motif...
		Reprioritizing potential motifs...
	12 of 25 Initial Sequence: CGGCTCTT... (-10.357)
		Round 1: -14.77 CGGCTCTT T:35.9(9.08%),B:2032.0(3.33%),P:1e-6
		Round 2: -14.77 CGGCTCTT T:35.9(9.08%),B:2032.0(3.33%),P:1e-6
		=Final=: -11.08 CGGCTCTT T:34.0(9.24%),B:1965.4(4.16%),P:1e-4
		Performing exhaustive masking of motif...
		Reprioritizing potential motifs...
	13 of 25 Initial Sequence: GCCAACCG... (-10.305)
		Round 1: -12.78 GCCAACCG T:120.2(27.86%),B:11882.4(17.98%),P:1e-5
		Round 2: -16.95 GCCAACCG T:125.1(28.83%),B:11440.1(17.38%),P:1e-7
		Round 3: -19.53 GCCAATCG T:46.4(11.77%),B:2607.2(4.26%),P:1e-8
		Round 4: -21.79 GCCAATCK T:62.0(15.52%),B:3879.6(6.27%),P:1e-9
		Round 5: -21.79 GCCAATCK T:62.0(15.52%),B:3879.6(6.27%),P:1e-9
		=Final=: -17.42 GCCAATCK T:62.0(16.85%),B:3800.7(8.04%),P:1e-7
		Performing exhaustive masking of motif...
		Reprioritizing potential motifs...
	14 of 25 Initial Sequence: TCAATCCG... (-10.554)
		Round 1: -17.53 TCAATCCG T:38.6(9.82%),B:2083.7(3.42%),P:1e-7
		Round 2: -17.53 TCAATCCG T:38.6(9.82%),B:2083.7(3.42%),P:1e-7
		=Final=: -20.79 TCAATCCG T:40.0(10.87%),B:1705.0(3.61%),P:1e-9
		Performing exhaustive masking of motif...
		Reprioritizing potential motifs...
	15 of 25 Initial Sequence: CAATTATT... (-10.275)
		Round 1: -22.39 CAATTATT T:77.3(18.90%),B:5208.5(8.32%),P:1e-9
		Round 2: -22.39 CAATTATT T:77.3(18.90%),B:5208.5(8.32%),P:1e-9
		=Final=: -18.83 CAATTATT T:29.0(7.88%),B:1048.4(2.22%),P:1e-8
		Performing exhaustive masking of motif...
		Reprioritizing potential motifs...
	16 of 25 Initial Sequence: AACGATCC... (-9.403)
		Round 1: -16.83 AACGATCC T:97.9(23.20%),B:8239.1(12.84%),P:1e-7
		Round 2: -16.83 AACGATCC T:97.9(23.20%),B:8239.1(12.84%),P:1e-7
		=Final=: -15.16 AACGATCC T:95.0(25.82%),B:7341.7(15.53%),P:1e-6
		Performing exhaustive masking of motif...
		Reprioritizing potential motifs...
	17 of 25 Initial Sequence: TTGTTGTT... (-8.653)
		Round 1: -11.81 TTGTTGTT T:40.2(10.31%),B:2794.0(4.55%),P:1e-5
		Round 2: -15.16 TTGTTGGT T:55.7(13.90%),B:3993.6(6.44%),P:1e-6
		Round 3: -15.16 TTGTTGGT T:55.7(13.90%),B:3993.6(6.44%),P:1e-6
		=Final=: -10.68 TTGTTGGT T:28.0(7.61%),B:1495.9(3.16%),P:1e-4
		Performing exhaustive masking of motif...
		Reprioritizing potential motifs...
	Remaining seeds don't look promising (After initial 5 motifs, logp -8.017 > -8.566)

	Finalizing Enrichment Statistics (new in v3.4)
	Reading input files...
	50001 total sequences read
	Cache length = 11180
	Using binomial scoring
	Checking enrichment of 17 motif(s)
	|0%                                    50%                                  100%|
	=================================================================================
	Output in file: /home1/gyang/work_space/4.ProjectET/batch23_cr/7.Peak_anno/ESC_RA+_Rarg_SC_1k_rep1_peakAnalysis/homerMotifs.motifs8

	(Motifs in homer2 format)
	Determining similar motifs... 17 reduced to 14 motifs
	Outputing HTML and sequence logos for motif comparison...
	Checking de novo motifs against known motifs...
	Formatting HTML page...
		1 of 14 (1e-11) similar to YY2/MA0748.2/Jaspar(0.731)
		2 of 14 (1e-9) similar to PB0188.1_Tcf7l2_2/Jaspar(0.774)
		3 of 14 (1e-8) similar to NFY(CCAAT)/Promoter/Homer(0.822)
		4 of 14 (1e-7) similar to FOSL1::JUND(var.2)/MA1143.1/Jaspar(0.837)
		5 of 14 (1e-7) similar to Sox5/MA0087.1/Jaspar(0.663)
		6 of 14 (1e-7) similar to MF0010.1_Homeobox_class/Jaspar(0.914)
		7 of 14 (1e-6) similar to PH0065.1_Hoxc10/Jaspar(0.651)
		8 of 14 (1e-5) similar to Hoxd12(Homeobox)/ChickenMSG-Hoxd12.Flag-ChIP-Seq(GSE86088)/Homer(0.709)
		9 of 14 (1e-5) similar to ZNF341(Zf)/EBV-ZNF341-ChIP-Seq(GSE113194)/Homer(0.796)
		10 of 14 (1e-4) similar to PB0093.1_Zfp105_1/Jaspar(0.777)
		11 of 14 (1e-4) similar to TEAD4/MA0809.2/Jaspar(0.793)
		12 of 14 (1e-3) similar to FOXH1/MA0479.1/Jaspar(0.825)
		13 of 14 (1e-3) similar to Sp5(Zf)/mES-Sp5.Flag-ChIP-Seq(GSE72989)/Homer(0.832)
		14 of 14 (1e-2) similar to SD0001.1_at_AC_acceptor/Jaspar(0.699)
	Job finished - if results look good, please send beer to ..

	Cleaning up tmp files...

