
	Position file = ESC_RA-_Rarg_SC_1k_rep1_peaks.narrowPeak
	Genome = mm10
	Output Directory = /home1/gyang/work_space/4.ProjectET/batch23_cr/7.Peak_anno/ESC_RA-_Rarg_SC_1k_rep1_peakAnalysis
	Using actual sizes of regions (-size given)
	Fragment size set to given
	Using 7 CPUs
	Motif length set at 8,
	Found mset for "mouse", will check against vertebrates motifs
	Peak/BED file conversion summary:
		BED/Header formatted lines: 2034
		peakfile formatted lines: 0

	Peak File Statistics:
		Total Peaks: 2034
		Redundant Peak IDs: 0
		Peaks lacking information: 0 (need at least 5 columns per peak)
		Peaks with misformatted coordinates: 0 (should be integer)
		Peaks with misformatted strand: 0 (should be either +/- or 0/1)

	Peak file looks good!

	Background fragment size set to 367 (avg size of targets)
	Could not find background files for 367 bp fragments
	Below are the sizes that are already available prepared.
		133
		200
		224
		283
		330
		332
		342
		345
		354
		356
		368
		369
		370
		373
		378
		384
		385
		390
		392
		400
		410
		411
		416
		418
		419
		420
		423
		424
		428
		433
		436
		438
		439
		442
		443
		444
		445
		447
		448
		449
		451
		454
		455
		456
		457
		461
		463
		467
		468
		471
		472
		475
		476
		478
		479
		486
		487
		489
		497
		502
		504
		510
		511
		514
		518
		519
		521
		525
		526
		533
		534
		536
		539
		543
		545
		550
		559
		560
		561
		562
		565
		566
		567
		570
		571
		572
		576
		583
		584
		586
		588
		589
		590
		595
		596
		598
		603
		607
		611
		622
		623
		624
		631
		637
		644
		648
		664
		665
		667
		671
		674
		676
		677
		685
		694
		698
		703
		704
		709
		712
		716
		724
		735
		736
		739
		740
		741
		743
		747
		758
		780
		783
		786
		789
		815
		828
		838
		843
		848
		867
		892
		917
		926
		951
		956
		972
		973
		998
		999
		1016
		1032
		1041
		1078
		1142
		1165
		1178
		1222
		1249
		1259
		1262
		1288
		1296
		1332
		1376
		1406
		1410
		1418
		1448
		1455
		1499
		1547
		1575
		1619
		1623
		1848
		1925
		1930
		1959
		2017
		2116
		2151
		2488
		2499
		3187
		3207
		3228
		3257
		3278
		5196
		5251
		5278
		7879
		7974
		41360
	HOMER will now create background files for 367 bp fragments
	To CANCEL and rerun with a differet "-size <#>", hit <CTRL+C> now!
		5
		4
		3
		2
		1
	Preparsing genome for 367 bp fragments...(will probably take 1-5 min)
	preparse size set to 367

	By default, using /home1/homer/.//data/genomes/mm10//mm10.tss for reference positions
	Output files will be placed in /home1/homer/.//data/genomes/mm10//preparsed//mm10.367.* ...
	By default, HOMER will set the the preparsed Directory to be group read/write
chmod: changing permissions of ‘/home1/homer/.//data/genomes/mm10//preparsed/’: Operation not permitted
	Extracting sequences
	Custom genome sequence directory: /home1/homer/.//data/genomes/mm10//

	Extracting sequences from directory: /home1/homer/.//data/genomes/mm10//
	Extracting 78933 sequences from chr1
	Extracting 94615 sequences from chr2
	Extracting 64495 sequences from chr3
	Extracting 72048 sequences from chr4
	Extracting 73996 sequences from chr5
	Extracting 70607 sequences from chr6
	Extracting 88666 sequences from chr7
	Extracting 54847 sequences from chr8
	Extracting 66251 sequences from chr9
	Extracting 60493 sequences from chr10
	Extracting 71675 sequences from chr11
	Extracting 44419 sequences from chr12
	Extracting 52240 sequences from chr13
	Extracting 48176 sequences from chr14
	Extracting 44655 sequences from chr15
	Extracting 42025 sequences from chr16
	Extracting 50228 sequences from chr17
	Extracting 36192 sequences from chr18
	Extracting 34769 sequences from chr19
	Extracting 67885 sequences from chrX
	Extracting 10711 sequences from chrY
	Extracting 93 sequences from chr1_GL456211_random
	Extracting 161 sequences from chr1_GL456221_random
	Extracting 72 sequences from chr4_GL456216_random
	Extracting 258 sequences from chr4_GL456350_random
	Extracting 58 sequences from chr4_JH584292_random
	Extracting 177 sequences from chr4_JH584293_random
	Extracting 182 sequences from chr4_JH584294_random
	Extracting 213 sequences from chr5_GL456354_random
	Extracting 75 sequences from chr5_JH584296_random
	Extracting 90 sequences from chr5_JH584297_random
	Extracting 179 sequences from chr5_JH584298_random
	Extracting 450 sequences from chr5_JH584299_random
	Extracting 149 sequences from chr7_GL456219_random
	Extracting 96 sequences from chrUn_JH584304
	Extracting 300 sequences from chrX_GL456233_random
		3200 of 1230334 removed because they had >70.00% Ns (i.e. masked repeats)

	Sequences processed:
		Auto detected maximum sequence length of 367 bp
		100000
		200000
		300000
		400000
		500000
		600000
		700000
		800000
		900000
		1000000
		1100000
		1200000
		1227134 total

	Frequency Bins: 0.01 0.02 0.03 0.04 0.05 0.06 0.08 0.1 0.12 0.14 0.16
	Freq	Bin	Count
	0.01	0	727833
	0.02	1	352507
	0.03	2	71667
	0.04	3	29636
	0.05	4	11925
	0.06	5	5748
	0.08	6	10804
	0.1	7	6743
	0.12	8	4646
	0.14	9	3373
	0.16	10	1463
	11	11	789
	Frequency Bins: 0.2 0.25 0.3 0.35 0.4 0.45 0.5 0.6 0.7 0.8
	Freq	Bin	Count
	0.2	0	166
	0.25	1	2621
	0.3	2	26281
	0.35	3	102902
	0.4	4	241288
	0.45	5	336601
	0.5	6	284145
	0.6	7	199522
	0.7	8	24587
	0.8	9	8342
	10	10	679

	Custom genome sequence directory: /home1/homer/.//data/genomes/mm10//

	Extracting sequences from directory: /home1/homer/.//data/genomes/mm10//
	Extracting 112 sequences from chr1
	Extracting 143 sequences from chr2
	Extracting 91 sequences from chr3
	Extracting 151 sequences from chr4
	Extracting 123 sequences from chr5
	Extracting 99 sequences from chr6
	Extracting 217 sequences from chr7
	Extracting 119 sequences from chr8
	Extracting 108 sequences from chr9
	Extracting 92 sequences from chr10
	Extracting 182 sequences from chr11
	Extracting 63 sequences from chr12
	Extracting 88 sequences from chr13
	Extracting 57 sequences from chr14
	Extracting 74 sequences from chr15
	Extracting 59 sequences from chr16
	Extracting 109 sequences from chr17
	Extracting 57 sequences from chr18
	Extracting 72 sequences from chr19
	Extracting 12 sequences from chrX
	Extracting 3 sequences from chrY
	Extracting 3 sequences from chrM

	Not removing redundant sequences


	Sequences processed:
		Auto detected maximum sequence length of 262 bp
		2034 total

	Frequency Bins: 0.2 0.25 0.3 0.35 0.4 0.45 0.5 0.6 0.7 0.8
	Freq	Bin	Count
	0.25	1	1
	0.3	2	2
	0.35	3	21
	0.4	4	67
	0.45	5	96
	0.5	6	142
	0.6	7	591
	0.7	8	812
	0.8	9	296
	10	10	6

	Total sequences set to 50000

	Choosing background that matches in CpG/GC content...
	Bin	# Targets	# Background	Background Weight
	1	1	24	0.983
	2	2	47	1.003
	3	21	495	1.000
	4	67	1580	1.000
	5	96	2264	1.000
	6	142	3349	1.000
	7	591	13937	1.000
	8	812	19149	1.000
	9	296	6980	1.000
	10	6	141	1.003
	Assembling sequence file...
	Normalizing lower order oligos using homer2

	Reading input files...
	50000 total sequences read
	Autonormalization: 1-mers (4 total)
		A	19.98%	20.51%	0.974
		C	30.02%	29.49%	1.018
		G	30.02%	29.49%	1.018
		T	19.98%	20.51%	0.974
	Autonormalization: 2-mers (16 total)
		AA	4.95%	4.63%	1.068
		CA	6.08%	6.87%	0.885
		GA	6.11%	6.14%	0.994
		TA	2.79%	2.84%	0.983
		AC	4.72%	4.82%	0.981
		CC	10.13%	9.86%	1.027
		GC	9.10%	8.68%	1.048
		TC	6.11%	6.14%	0.994
		AG	7.25%	7.70%	0.941
		CG	6.54%	5.07%	1.290
		GG	10.13%	9.86%	1.027
		TG	6.08%	6.87%	0.885
		AT	3.07%	3.33%	0.920
		CT	7.25%	7.70%	0.941
		GT	4.72%	4.82%	0.981
		TT	4.95%	4.63%	1.068
	Autonormalization: 3-mers (64 total)
	Normalization weights can be found in file: /home1/gyang/work_space/4.ProjectET/batch23_cr/7.Peak_anno/ESC_RA-_Rarg_SC_1k_rep1_peakAnalysis/seq.autonorm.tsv
	Converging on autonormalization solution:
	...............................................................................
	Final normalization:	Autonormalization: 1-mers (4 total)
		A	19.98%	19.94%	1.002
		C	30.02%	30.06%	0.998
		G	30.02%	30.06%	0.998
		T	19.98%	19.94%	1.002
	Autonormalization: 2-mers (16 total)
		AA	4.95%	4.84%	1.022
		CA	6.08%	6.23%	0.977
		GA	6.11%	6.08%	1.006
		TA	2.79%	2.79%	1.001
		AC	4.72%	4.67%	1.012
		CC	10.13%	10.13%	1.000
		GC	9.10%	9.19%	0.990
		TC	6.11%	6.08%	1.006
		AG	7.25%	7.28%	0.995
		CG	6.54%	6.42%	1.019
		GG	10.13%	10.13%	1.000
		TG	6.08%	6.23%	0.977
		AT	3.07%	3.14%	0.977
		CT	7.25%	7.28%	0.995
		GT	4.72%	4.67%	1.012
		TT	4.95%	4.84%	1.022
	Autonormalization: 3-mers (64 total)
	Finished preparing sequence/group files

	----------------------------------------------------------
	Known motif enrichment

	Reading input files...
	50000 total sequences read
	440 motifs loaded
	Cache length = 11180
	Using binomial scoring
	Checking enrichment of 440 motif(s)
	|0%                                    50%                                  100%|
	=================================================================================
	Preparing HTML output with sequence logos...
		1 of 440 (1e-74) Sp1(Zf)/Promoter/Homer
		2 of 440 (1e-61) KLF3(Zf)/MEF-Klf3-ChIP-Seq(GSE44748)/Homer
		3 of 440 (1e-55) KLF1(Zf)/HUDEP2-KLF1-CutnRun(GSE136251)/Homer
		4 of 440 (1e-44) Klf4(Zf)/mES-Klf4-ChIP-Seq(GSE11431)/Homer
		5 of 440 (1e-42) Klf9(Zf)/GBM-Klf9-ChIP-Seq(GSE62211)/Homer
		6 of 440 (1e-40) Sp5(Zf)/mES-Sp5.Flag-ChIP-Seq(GSE72989)/Homer
		7 of 440 (1e-35) KLF5(Zf)/LoVo-KLF5-ChIP-Seq(GSE49402)/Homer
		8 of 440 (1e-27) Sp2(Zf)/HEK293-Sp2.eGFP-ChIP-Seq(Encode)/Homer
		9 of 440 (1e-27) KLF6(Zf)/PDAC-KLF6-ChIP-Seq(GSE64557)/Homer
		10 of 440 (1e-25) KLF10(Zf)/HEK293-KLF10.GFP-ChIP-Seq(GSE58341)/Homer
		11 of 440 (1e-20) KLF14(Zf)/HEK293-KLF14.GFP-ChIP-Seq(GSE58341)/Homer
		12 of 440 (1e-20) NFY(CCAAT)/Promoter/Homer
		13 of 440 (1e-15) Elk4(ETS)/Hela-Elk4-ChIP-Seq(GSE31477)/Homer
		14 of 440 (1e-15) Maz(Zf)/HepG2-Maz-ChIP-Seq(GSE31477)/Homer
		15 of 440 (1e-14) GFY-Staf(?,Zf)/Promoter/Homer
		16 of 440 (1e-13) Ronin(THAP)/ES-Thap11-ChIP-Seq(GSE51522)/Homer
		17 of 440 (1e-12) Elk1(ETS)/Hela-Elk1-ChIP-Seq(GSE31477)/Homer
		18 of 440 (1e-11) GFY(?)/Promoter/Homer
		19 of 440 (1e-10) EKLF(Zf)/Erythrocyte-Klf1-ChIP-Seq(GSE20478)/Homer
		20 of 440 (1e-7) ELF1(ETS)/Jurkat-ELF1-ChIP-Seq(SRA014231)/Homer
		21 of 440 (1e-6) ETS(ETS)/Promoter/Homer
		22 of 440 (1e-6) Fli1(ETS)/CD8-FLI-ChIP-Seq(GSE20898)/Homer
		23 of 440 (1e-6) ETV4(ETS)/HepG2-ETV4-ChIP-Seq(ENCODE)/Homer
		24 of 440 (1e-6) NRF(NRF)/Promoter/Homer
		25 of 440 (1e-6) Usf2(bHLH)/C2C12-Usf2-ChIP-Seq(GSE36030)/Homer
		26 of 440 (1e-5) CTCF(Zf)/CD4+-CTCF-ChIP-Seq(Barski_et_al.)/Homer
		27 of 440 (1e-5) Atf1(bZIP)/K562-ATF1-ChIP-Seq(GSE31477)/Homer
		28 of 440 (1e-5) NRF1(NRF)/MCF7-NRF1-ChIP-Seq(Unpublished)/Homer
		29 of 440 (1e-5) JunD(bZIP)/K562-JunD-ChIP-Seq/Homer
		30 of 440 (1e-5) CRE(bZIP)/Promoter/Homer
		31 of 440 (1e-4) E2F4(E2F)/K562-E2F4-ChIP-Seq(GSE31477)/Homer
		32 of 440 (1e-4) E-box(bHLH)/Promoter/Homer
		33 of 440 (1e-4) PBX1(Homeobox)/MCF7-PBX1-ChIP-Seq(GSE28007)/Homer
		34 of 440 (1e-4) Egr1(Zf)/K562-Egr1-ChIP-Seq(GSE32465)/Homer
		35 of 440 (1e-4) TFE3(bHLH)/MEF-TFE3-ChIP-Seq(GSE75757)/Homer
		36 of 440 (1e-3) LEF1(HMG)/H1-LEF1-ChIP-Seq(GSE64758)/Homer
		37 of 440 (1e-3) GABPA(ETS)/Jurkat-GABPa-ChIP-Seq(GSE17954)/Homer
		38 of 440 (1e-3) Egr2(Zf)/Thymocytes-Egr2-ChIP-Seq(GSE34254)/Homer
		39 of 440 (1e-3) CTCF-SatelliteElement(Zf?)/CD4+-CTCF-ChIP-Seq(Barski_et_al.)/Homer
		40 of 440 (1e-3) En1(Homeobox)/SUM149-EN1-ChIP-Seq(GSE120957)/Homer
		41 of 440 (1e-3) Pknox1(Homeobox)/ES-Prep1-ChIP-Seq(GSE63282)/Homer
		42 of 440 (1e-3) Gfi1b(Zf)/HPC7-Gfi1b-ChIP-Seq(GSE22178)/Homer
		43 of 440 (1e-3) MYNN(Zf)/HEK293-MYNN.eGFP-ChIP-Seq(Encode)/Homer
		44 of 440 (1e-3) Arnt:Ahr(bHLH)/MCF7-Arnt-ChIP-Seq(Lo_et_al.)/Homer
		45 of 440 (1e-3) E2F7(E2F)/Hela-E2F7-ChIP-Seq(GSE32673)/Homer
		46 of 440 (1e-3) PAX3:FKHR-fusion(Paired,Homeobox)/Rh4-PAX3:FKHR-ChIP-Seq(GSE19063)/Homer
		47 of 440 (1e-3) TEAD1(TEAD)/HepG2-TEAD1-ChIP-Seq(Encode)/Homer
		48 of 440 (1e-3) Oct2(POU,Homeobox)/Bcell-Oct2-ChIP-Seq(GSE21512)/Homer
		49 of 440 (1e-3) Oct11(POU,Homeobox)/NCIH1048-POU2F3-ChIP-seq(GSE115123)/Homer
		50 of 440 (1e-3) MYB(HTH)/ERMYB-Myb-ChIPSeq(GSE22095)/Homer
		51 of 440 (1e-3) Npas4(bHLH)/Neuron-Npas4-ChIP-Seq(GSE127793)/Homer
		52 of 440 (1e-3) ETV1(ETS)/GIST48-ETV1-ChIP-Seq(GSE22441)/Homer
		53 of 440 (1e-2) LHX9(Homeobox)/Hct116-LHX9.V5-ChIP-Seq(GSE116822)/Homer
		54 of 440 (1e-2) OCT4-SOX2-TCF-NANOG(POU,Homeobox,HMG)/mES-Oct4-ChIP-Seq(GSE11431)/Homer
		55 of 440 (1e-2) Atf7(bZIP)/3T3L1-Atf7-ChIP-Seq(GSE56872)/Homer
		56 of 440 (1e-2) Chop(bZIP)/MEF-Chop-ChIP-Seq(GSE35681)/Homer
		57 of 440 (1e-2) Brn2(POU,Homeobox)/NPC-Brn2-ChIP-Seq(GSE35496)/Homer
		58 of 440 (1e-2) ZBTB33(Zf)/GM12878-ZBTB33-ChIP-Seq(GSE32465)/Homer
		59 of 440 (1e-2) ETS1(ETS)/Jurkat-ETS1-ChIP-Seq(GSE17954)/Homer
		60 of 440 (1e-2) Atf2(bZIP)/3T3L1-Atf2-ChIP-Seq(GSE56872)/Homer
		61 of 440 (1e-2) OCT:OCT(POU,Homeobox,IR1)/NPC-Brn2-ChIP-Seq(GSE35496)/Homer
		62 of 440 (1e-2) Tcf3(HMG)/mES-Tcf3-ChIP-Seq(GSE11724)/Homer
		63 of 440 (1e-2) Oct6(POU,Homeobox)/NPC-Pou3f1-ChIP-Seq(GSE35496)/Homer
		64 of 440 (1e-2) c-Jun-CRE(bZIP)/K562-cJun-ChIP-Seq(GSE31477)/Homer
		65 of 440 (1e-2) Atf4(bZIP)/MEF-Atf4-ChIP-Seq(GSE35681)/Homer
		66 of 440 (1e-2) bHLHE40(bHLH)/HepG2-BHLHE40-ChIP-Seq(GSE31477)/Homer
		67 of 440 (1e-2) TEAD3(TEA)/HepG2-TEAD3-ChIP-Seq(Encode)/Homer
		68 of 440 (1e-2) Brn1(POU,Homeobox)/NPC-Brn1-ChIP-Seq(GSE35496)/Homer
		69 of 440 (1e-2) ZKSCAN1(Zf)/HepG2-ZKSCAN1-ChIP-Seq(Encode)/Homer
		70 of 440 (1e-2) NFIL3(bZIP)/HepG2-NFIL3-ChIP-Seq(Encode)/Homer
		71 of 440 (1e-2) Sox17(HMG)/Endoderm-Sox17-ChIP-Seq(GSE61475)/Homer
		72 of 440 (1e-2) ZNF711(Zf)/SHSY5Y-ZNF711-ChIP-Seq(GSE20673)/Homer
		73 of 440 (1e-2) YY1(Zf)/Promoter/Homer
		74 of 440 (1e-2) AMYB(HTH)/Testes-AMYB-ChIP-Seq(GSE44588)/Homer
		75 of 440 (1e-2) Oct4(POU,Homeobox)/mES-Oct4-ChIP-Seq(GSE11431)/Homer
		76 of 440 (1e-2) CLOCK(bHLH)/Liver-Clock-ChIP-Seq(GSE39860)/Homer
		77 of 440 (1e-2) BORIS(Zf)/K562-CTCFL-ChIP-Seq(GSE32465)/Homer
	----------------------------------------------------------
	De novo motif finding (HOMER)

	Number of Trial motifs (-T) set to 7 (from 10) to work well with 7 CPUs
	Scanning input files...
	Parsing sequences...
	|0%                                   50%                                  100%|
	===============================================================================
	Total number of Oligos: 32896
	Autoadjustment for sequence coverage in background: 1.16x

	Oligos: 32896 of 34497 max
	Tree  : 66972 of 172485 max
	Optimizing memory usage...
	Cache length = 11180
	Using binomial scoring

	Global Optimization Phase: Looking for enriched oligos with up to 2 mismatches...

	Screening oligos 32896 (allowing 0 mismatches):
	|0%                                   50%                                  100%|
	================================================================================
		0.29% skipped, 99.71% checked (32799 of 32896), of those checked:
		0.29% not in target, 0.00% increased p-value, 0.00% high p-value

	Screening oligos 32896 (allowing 1 mismatches):
	|0%                                   50%                                  100%|
	================================================================================
		0.29% skipped, 99.71% checked (32799 of 32896), of those checked:
		0.00% not in target, 37.67% increased p-value, 56.01% high p-value

	Screening oligos 32896 (allowing 2 mismatches):
	|0%                                   50%                                  100%|
	================================================================================
		64.95% skipped, 35.05% checked (11530 of 32896), of those checked:
		0.00% not in target, 23.29% increased p-value, 0.00% high p-value
	Reading input files...
	50000 total sequences read
	Cache length = 11180
	Using binomial scoring

	Local Optimization Phase:
	1 of 25 Initial Sequence: GGCGGGGC... (-118.982)
		Round 1: -224.70 GGCGGRGY T:2021.4(62.99%),B:27589.8(39.83%),P:1e-97
		Round 2: -224.70 GGCGGRGY T:2021.4(62.99%),B:27589.8(39.83%),P:1e-97
		=Final=: -120.59 GGCGGRGY T:976.0(47.98%),B:14788.6(31.65%),P:1e-52
		Performing exhaustive masking of motif...
		Reprioritizing potential motifs...
	2 of 25 Initial Sequence: GATTGGTT... (-38.158)
		Round 1: -71.02 GATTGGTT T:481.9(21.06%),B:6885.9(11.91%),P:1e-30
		Round 2: -73.55 GATTGGTT T:646.7(27.22%),B:9916.7(16.69%),P:1e-31
		Round 3: -73.55 GATTGGTT T:646.7(27.22%),B:9916.7(16.69%),P:1e-31
		=Final=: -51.59 GATTGGTT T:420.0(20.65%),B:5982.0(12.80%),P:1e-22
		Performing exhaustive masking of motif...
		Reprioritizing potential motifs...
	3 of 25 Initial Sequence: ACTGAAAA... (-34.334)
		Round 1: -39.09 ACTGAAAA T:86.9(4.14%),B:763.1(1.40%),P:1e-16
		Round 2: -39.09 ACTGAAAA T:86.9(4.14%),B:763.1(1.40%),P:1e-16
		=Final=: -7.39 ACTGAAAA T:53.0(2.61%),B:752.8(1.61%),P:1e-3
		Performing exhaustive masking of motif...
		Reprioritizing potential motifs...
	4 of 25 Initial Sequence: ATATTCCA... (-28.587)
		Round 1: -39.16 ATATTCCA T:87.9(4.19%),B:777.2(1.42%),P:1e-17
		Round 2: -39.16 ATATTCCA T:87.9(4.19%),B:777.2(1.42%),P:1e-17
		=Final=: -5.12 ATATTCCA T:19.0(0.93%),B:226.8(0.49%),P:1e-2
		Performing exhaustive masking of motif...
		Reprioritizing potential motifs...
	5 of 25 Initial Sequence: CGTAATTC... (-27.027)
		Round 1: -39.04 CGTAATTC T:1365.4(48.89%),B:27341.1(39.56%),P:1e-16
		Round 2: -51.56 CGKAATTC T:1421.6(50.28%),B:27240.8(39.44%),P:1e-22
		Round 3: -51.56 CGKAATTC T:1421.6(50.28%),B:27240.8(39.44%),P:1e-22
		=Final=: -47.25 CGKAATTC T:1061.0(52.16%),B:19527.3(41.79%),P:1e-20
		Performing exhaustive masking of motif...
		Reprioritizing potential motifs...
	6 of 25 Initial Sequence: GCCCCACC... (-21.747)
		Round 1: -39.85 GYCCCRCC T:492.8(21.49%),B:8441.1(14.40%),P:1e-17
		Round 2: -44.87 GYCCCACC T:628.4(26.57%),B:10976.5(18.30%),P:1e-19
		Round 3: -49.97 GCCCCACC T:472.3(20.71%),B:7536.4(12.96%),P:1e-21
		Round 4: -49.97 GCCCCACC T:472.3(20.71%),B:7536.4(12.96%),P:1e-21
		=Final=: -53.64 GCCCCACC T:458.0(22.52%),B:6630.2(14.19%),P:1e-23
		Performing exhaustive masking of motif...
		Reprioritizing potential motifs...
	7 of 25 Initial Sequence: GACGTTTC... (-17.115)
		Round 1: -28.95 GACGTTTC T:604.1(25.70%),B:11516.7(19.11%),P:1e-12
		Round 2: -29.10 GACGTTTC T:958.3(37.57%),B:19395.7(30.03%),P:1e-12
		Round 3: -36.52 GACGTKAC T:528.6(22.87%),B:9383.0(15.87%),P:1e-15
		Round 4: -41.68 VACGWTWY T:828.7(33.45%),B:15422.9(24.72%),P:1e-18
		Round 5: -41.68 VACGWTWY T:828.7(33.45%),B:15422.9(24.72%),P:1e-18
		=Final=: -30.11 VACGWTWY T:682.0(33.53%),B:12211.5(26.13%),P:1e-13
		Performing exhaustive masking of motif...
		Reprioritizing potential motifs...
	8 of 25 Initial Sequence: GTCCTACA... (-15.843)
		Round 1: -25.13 GGCCTACA T:98.3(4.70%),B:1193.2(2.17%),P:1e-10
		Round 2: -25.13 GGCCTACA T:98.3(4.70%),B:1193.2(2.17%),P:1e-10
		=Final=: -16.31 GGCCTACA T:91.0(4.47%),B:1149.5(2.46%),P:1e-7
		Performing exhaustive masking of motif...
		Reprioritizing potential motifs...
	9 of 25 Initial Sequence: TCTCATTT... (-15.389)
		Round 1: -15.39 TCTCATTT T:47.0(2.28%),B:525.3(0.96%),P:1e-6
		Round 2: -15.39 TCTCATTT T:47.0(2.28%),B:525.3(0.96%),P:1e-6
		=Final=: -1.61 TCTCATTT T:27.0(1.33%),B:519.2(1.11%),P:1e0
		Performing exhaustive masking of motif...
		Reprioritizing potential motifs...
	10 of 25 Initial Sequence: TTTTTTTT... (-14.581)
		Round 1: -15.42 TTTTTTTT T:953.9(37.42%),B:21006.4(32.08%),P:1e-6
		Round 2: -17.31 TAWTTTTT T:960.0(37.60%),B:20835.9(31.86%),P:1e-7
		Round 3: -17.31 TAWTTTTT T:960.0(37.60%),B:20835.9(31.86%),P:1e-7
		=Final=: -3.24 TAWTTTTT T:248.0(12.19%),B:5110.2(10.94%),P:1e-1
		Performing exhaustive masking of motif...
		Reprioritizing potential motifs...
	11 of 25 Initial Sequence: GCATTCGC... (-13.922)
		Round 1: -25.78 GCATTCGC T:503.4(21.91%),B:9535.9(16.10%),P:1e-11
		Round 2: -28.62 KCATDCGC T:273.8(12.56%),B:4468.9(7.90%),P:1e-12
		Round 3: -29.27 KCAHBCGC T:640.2(27.00%),B:12297.9(20.26%),P:1e-12
		Round 4: -29.27 KCAHBCGC T:640.2(27.00%),B:12297.9(20.26%),P:1e-12
		=Final=: -24.75 KCAHBCGC T:651.0(32.01%),B:11882.8(25.43%),P:1e-10
		Performing exhaustive masking of motif...
		Reprioritizing potential motifs...
	12 of 25 Initial Sequence: TATTGGCG... (-13.082)
		Round 1: -23.84 TATTGGCG T:149.4(7.07%),B:2174.0(3.92%),P:1e-10
		Round 2: -23.84 TATTGGCG T:149.4(7.07%),B:2174.0(3.92%),P:1e-10
		=Final=: -26.10 TATTGGCG T:162.0(7.96%),B:2099.4(4.49%),P:1e-11
		Performing exhaustive masking of motif...
		Reprioritizing potential motifs...
	13 of 25 Initial Sequence: AAAGCTCG... (-11.930)
		Round 1: -18.47 AAAGCTCG T:360.6(16.22%),B:6926.2(11.97%),P:1e-8
		Round 2: -18.47 AAAGCTCG T:360.6(16.22%),B:6926.2(11.97%),P:1e-8
		=Final=: -20.29 AAAGCTCG T:372.0(18.29%),B:6341.1(13.57%),P:1e-8
		Performing exhaustive masking of motif...
		Reprioritizing potential motifs...
	14 of 25 Initial Sequence: AGCCGATT... (-10.559)
		Round 1: -19.08 AGCCGATT T:85.2(4.09%),B:1116.2(2.03%),P:1e-8
		Round 2: -23.06 RCCCGATT T:261.3(12.05%),B:4497.2(7.95%),P:1e-10
		Round 3: -31.63 GGCCGGAT T:848.6(34.10%),B:16679.1(26.44%),P:1e-13
		Round 4: -31.63 GGCCGGAT T:848.6(34.10%),B:16679.1(26.44%),P:1e-13
		=Final=: -43.56 GGCCGGAT T:756.0(37.17%),B:13056.4(27.94%),P:1e-18
		Performing exhaustive masking of motif...
		Reprioritizing potential motifs...
	15 of 25 Initial Sequence: CGTAGCTA... (-10.048)
		Round 1: -15.32 CGTAGCTA T:129.0(6.10%),B:2085.5(3.77%),P:1e-6
		Round 2: -15.32 CGTAGCTA T:129.0(6.10%),B:2085.5(3.77%),P:1e-6
		=Final=: -16.19 CGTAGCTA T:128.0(6.29%),B:1802.8(3.86%),P:1e-7
		Performing exhaustive masking of motif...
		Reprioritizing potential motifs...
	Remaining seeds don't look promising (After initial 5 motifs, logp -9.072 > -9.308)

	Finalizing Enrichment Statistics (new in v3.4)
	Reading input files...
	50000 total sequences read
	Cache length = 11180
	Using binomial scoring
	Checking enrichment of 15 motif(s)
	|0%                                    50%                                  100%|
	=================================================================================
	Output in file: /home1/gyang/work_space/4.ProjectET/batch23_cr/7.Peak_anno/ESC_RA-_Rarg_SC_1k_rep1_peakAnalysis/homerMotifs.motifs8

	(Motifs in homer2 format)
	Determining similar motifs... 15 reduced to 12 motifs
	Outputing HTML and sequence logos for motif comparison...
	Checking de novo motifs against known motifs...
	Formatting HTML page...
		1 of 12 (1e-52) similar to POL003.1_GC-box/Jaspar(0.852)
		2 of 12 (1e-28) similar to SPDEF/MA0686.1/Jaspar(0.731)
		3 of 12 (1e-22) similar to ETV5/MA0765.2/Jaspar(0.707)
		4 of 12 (1e-22) similar to NFY(CCAAT)/Promoter/Homer(0.904)
		5 of 12 (1e-13) similar to Npas4(bHLH)/Neuron-Npas4-ChIP-Seq(GSE127793)/Homer(0.665)
		6 of 12 (1e-8) similar to Nr2e3/MA0164.1/Jaspar(0.731)
		7 of 12 (1e-7) similar to PB0056.1_Rfxdc2_1/Jaspar(0.762)
		8 of 12 (1e-6) similar to PB0094.1_Zfp128_1/Jaspar(0.734)
		9 of 12 (1e-3) similar to Hoxd12(Homeobox)/ChickenMSG-Hoxd12.Flag-ChIP-Seq(GSE86088)/Homer(0.708)
		10 of 12 (1e-2) similar to NFATC2/MA0152.1/Jaspar(0.849)
		11 of 12 (1e-1) similar to ZNF384/MA1125.1/Jaspar(0.825)
		12 of 12 (1e0) similar to POU6F1(var.2)/MA1549.1/Jaspar(0.719)
	Job finished - if results look good, please send beer to ..

	Cleaning up tmp files...

