
	Position file = ESC_RA-_Rarg_SC_10k_rep1_peaks.narrowPeak
	Genome = mm10
	Output Directory = /home1/gyang/work_space/4.ProjectET/batch23_cr/7.Peak_anno/ESC_RA-_Rarg_SC_10k_rep1_peakAnalysis
	Using actual sizes of regions (-size given)
	Fragment size set to given
	Using 7 CPUs
	Motif length set at 8,
	Found mset for "mouse", will check against vertebrates motifs
	Peak/BED file conversion summary:
		BED/Header formatted lines: 734
		peakfile formatted lines: 0

	Peak File Statistics:
		Total Peaks: 734
		Redundant Peak IDs: 0
		Peaks lacking information: 0 (need at least 5 columns per peak)
		Peaks with misformatted coordinates: 0 (should be integer)
		Peaks with misformatted strand: 0 (should be either +/- or 0/1)

	Peak file looks good!

	Background fragment size set to 368 (avg size of targets)
	Background files for 368 bp fragments found.
	Custom genome sequence directory: /home1/homer/.//data/genomes/mm10//

	Extracting sequences from directory: /home1/homer/.//data/genomes/mm10//
	Extracting 37 sequences from chr1
	Extracting 51 sequences from chr2
	Extracting 28 sequences from chr3
	Extracting 56 sequences from chr4
	Extracting 54 sequences from chr5
	Extracting 29 sequences from chr6
	Extracting 78 sequences from chr7
	Extracting 36 sequences from chr8
	Extracting 39 sequences from chr9
	Extracting 29 sequences from chr10
	Extracting 73 sequences from chr11
	Extracting 17 sequences from chr12
	Extracting 23 sequences from chr13
	Extracting 21 sequences from chr14
	Extracting 27 sequences from chr15
	Extracting 19 sequences from chr16
	Extracting 57 sequences from chr17
	Extracting 22 sequences from chr18
	Extracting 29 sequences from chr19
	Extracting 5 sequences from chrX
	Extracting 1 sequences from chrY
	Extracting 3 sequences from chrM

	Not removing redundant sequences


	Sequences processed:
		Auto detected maximum sequence length of 289 bp
		734 total

	Frequency Bins: 0.2 0.25 0.3 0.35 0.4 0.45 0.5 0.6 0.7 0.8
	Freq	Bin	Count
	0.3	2	2
	0.35	3	17
	0.4	4	42
	0.45	5	41
	0.5	6	51
	0.6	7	221
	0.7	8	289
	0.8	9	71

	Total sequences set to 50000

	Choosing background that matches in CpG/GC content...
	Bin	# Targets	# Background	Background Weight
	2	2	134	1.002
	3	17	1141	1.000
	4	42	2819	1.000
	5	41	2752	1.000
	6	51	3423	1.000
	7	221	14833	1.000
	8	289	19398	1.000
	9	71	4766	1.000
	Assembling sequence file...
	Normalizing lower order oligos using homer2

	Reading input files...
	50000 total sequences read
	Autonormalization: 1-mers (4 total)
		A	20.97%	21.46%	0.977
		C	29.03%	28.54%	1.017
		G	29.03%	28.54%	1.017
		T	20.97%	21.46%	0.977
	Autonormalization: 2-mers (16 total)
		AA	5.37%	5.07%	1.058
		CA	6.15%	7.02%	0.876
		GA	6.23%	6.19%	1.008
		TA	3.16%	3.16%	1.001
		AC	4.85%	4.91%	0.986
		CC	9.58%	9.36%	1.023
		GC	8.42%	8.10%	1.040
		TC	6.23%	6.19%	1.008
		AG	7.30%	7.75%	0.942
		CG	5.99%	4.44%	1.351
		GG	9.58%	9.36%	1.023
		TG	6.15%	7.02%	0.876
		AT	3.47%	3.71%	0.936
		CT	7.30%	7.75%	0.942
		GT	4.85%	4.91%	0.986
		TT	5.37%	5.07%	1.058
	Autonormalization: 3-mers (64 total)
	Normalization weights can be found in file: /home1/gyang/work_space/4.ProjectET/batch23_cr/7.Peak_anno/ESC_RA-_Rarg_SC_10k_rep1_peakAnalysis/seq.autonorm.tsv
	Converging on autonormalization solution:
	...............................................................................
	Final normalization:	Autonormalization: 1-mers (4 total)
		A	20.97%	20.91%	1.003
		C	29.03%	29.09%	0.998
		G	29.03%	29.09%	0.998
		T	20.97%	20.91%	1.003
	Autonormalization: 2-mers (16 total)
		AA	5.37%	5.28%	1.016
		CA	6.15%	6.33%	0.971
		GA	6.23%	6.16%	1.011
		TA	3.16%	3.14%	1.009
		AC	4.85%	4.77%	1.016
		CC	9.58%	9.60%	0.998
		GC	8.42%	8.55%	0.984
		TC	6.23%	6.16%	1.011
		AG	7.30%	7.33%	0.996
		CG	5.99%	5.83%	1.029
		GG	9.58%	9.60%	0.998
		TG	6.15%	6.33%	0.971
		AT	3.47%	3.53%	0.981
		CT	7.30%	7.33%	0.996
		GT	4.85%	4.77%	1.016
		TT	5.37%	5.28%	1.016
	Autonormalization: 3-mers (64 total)
	Finished preparing sequence/group files

	----------------------------------------------------------
	Known motif enrichment

	Reading input files...
	50000 total sequences read
	440 motifs loaded
	Cache length = 11180
	Using binomial scoring
	Checking enrichment of 440 motif(s)
	|0%                                    50%                                  100%|
	=================================================================================
	Preparing HTML output with sequence logos...
		1 of 440 (1e-25) Sp1(Zf)/Promoter/Homer
		2 of 440 (1e-21) KLF3(Zf)/MEF-Klf3-ChIP-Seq(GSE44748)/Homer
		3 of 440 (1e-17) KLF1(Zf)/HUDEP2-KLF1-CutnRun(GSE136251)/Homer
		4 of 440 (1e-16) Klf4(Zf)/mES-Klf4-ChIP-Seq(GSE11431)/Homer
		5 of 440 (1e-14) Klf9(Zf)/GBM-Klf9-ChIP-Seq(GSE62211)/Homer
		6 of 440 (1e-12) Sp2(Zf)/HEK293-Sp2.eGFP-ChIP-Seq(Encode)/Homer
		7 of 440 (1e-11) Sp5(Zf)/mES-Sp5.Flag-ChIP-Seq(GSE72989)/Homer
		8 of 440 (1e-11) KLF5(Zf)/LoVo-KLF5-ChIP-Seq(GSE49402)/Homer
		9 of 440 (1e-10) KLF6(Zf)/PDAC-KLF6-ChIP-Seq(GSE64557)/Homer
		10 of 440 (1e-8) NFY(CCAAT)/Promoter/Homer
		11 of 440 (1e-7) KLF10(Zf)/HEK293-KLF10.GFP-ChIP-Seq(GSE58341)/Homer
		12 of 440 (1e-6) Elk4(ETS)/Hela-Elk4-ChIP-Seq(GSE31477)/Homer
		13 of 440 (1e-5) Elk1(ETS)/Hela-Elk1-ChIP-Seq(GSE31477)/Homer
		14 of 440 (1e-4) KLF14(Zf)/HEK293-KLF14.GFP-ChIP-Seq(GSE58341)/Homer
		15 of 440 (1e-4) Fli1(ETS)/CD8-FLI-ChIP-Seq(GSE20898)/Homer
		16 of 440 (1e-4) Maz(Zf)/HepG2-Maz-ChIP-Seq(GSE31477)/Homer
		17 of 440 (1e-4) Npas4(bHLH)/Neuron-Npas4-ChIP-Seq(GSE127793)/Homer
		18 of 440 (1e-3) ETV4(ETS)/HepG2-ETV4-ChIP-Seq(ENCODE)/Homer
		19 of 440 (1e-3) GFY-Staf(?,Zf)/Promoter/Homer
		20 of 440 (1e-3) Ronin(THAP)/ES-Thap11-ChIP-Seq(GSE51522)/Homer
		21 of 440 (1e-3) GFY(?)/Promoter/Homer
		22 of 440 (1e-3) ZBTB33(Zf)/GM12878-ZBTB33-ChIP-Seq(GSE32465)/Homer
		23 of 440 (1e-3) GFX(?)/Promoter/Homer
		24 of 440 (1e-2) En1(Homeobox)/SUM149-EN1-ChIP-Seq(GSE120957)/Homer
		25 of 440 (1e-2) E2F4(E2F)/K562-E2F4-ChIP-Seq(GSE31477)/Homer
		26 of 440 (1e-2) MYB(HTH)/ERMYB-Myb-ChIPSeq(GSE22095)/Homer
		27 of 440 (1e-2) EKLF(Zf)/Erythrocyte-Klf1-ChIP-Seq(GSE20478)/Homer
		28 of 440 (1e-2) ETS(ETS)/Promoter/Homer
	----------------------------------------------------------
	De novo motif finding (HOMER)

	Number of Trial motifs (-T) set to 7 (from 10) to work well with 7 CPUs
	Scanning input files...
	Parsing sequences...
	|0%                                   50%                                  100%|
	===============================================================================
	Total number of Oligos: 32896
	Autoadjustment for sequence coverage in background: 1.20x

	Oligos: 32896 of 34497 max
	Tree  : 67148 of 172485 max
	Optimizing memory usage...
	Cache length = 11180
	Using binomial scoring

	Global Optimization Phase: Looking for enriched oligos with up to 2 mismatches...

	Screening oligos 32896 (allowing 0 mismatches):
	|0%                                   50%                                  100%|
	================================================================================
		2.94% skipped, 97.06% checked (31928 of 32896), of those checked:
		2.94% not in target, 0.00% increased p-value, 0.00% high p-value

	Screening oligos 32896 (allowing 1 mismatches):
	|0%                                   50%                                  100%|
	================================================================================
		2.94% skipped, 97.06% checked (31928 of 32896), of those checked:
		0.00% not in target, 29.59% increased p-value, 60.61% high p-value

	Screening oligos 32896 (allowing 2 mismatches):
	|0%                                   50%                                  100%|
	================================================================================
		69.56% skipped, 30.44% checked (10015 of 32896), of those checked:
		0.00% not in target, 22.62% increased p-value, 0.00% high p-value
	Reading input files...
	50000 total sequences read
	Cache length = 11180
	Using binomial scoring

	Local Optimization Phase:
	1 of 25 Initial Sequence: TTTTCAGT... (-51.828)
		Round 1: -60.93 TTYTCATT T:195.5(23.34%),B:5769.6(9.70%),P:1e-26
		Round 2: -60.93 TTYTCATT T:195.5(23.34%),B:5769.6(9.70%),P:1e-26
		=Final=: -8.77 TTYTCATT T:83.0(11.31%),B:3556.9(7.52%),P:1e-3
		Performing exhaustive masking of motif...
		Reprioritizing potential motifs...
	2 of 25 Initial Sequence: GCCCCGCC... (-46.192)
		Round 1: -96.96 GCCCCGCC T:771.6(65.05%),B:28789.7(39.89%),P:1e-42
		Round 2: -105.48 GCCCCGCC T:748.3(63.93%),B:26819.0(37.76%),P:1e-45
		Round 3: -105.48 GCCCCGCC T:748.3(63.93%),B:26819.0(37.76%),P:1e-45
		=Final=: -48.59 GCCCCGCC T:367.0(50.00%),B:15565.1(32.89%),P:1e-21
		Performing exhaustive masking of motif...
		Reprioritizing potential motifs...
	3 of 25 Initial Sequence: TATGGCGA... (-43.849)
		Round 1: -44.52 TATGGCGA T:35.8(4.66%),B:324.1(0.57%),P:1e-19
		Round 2: -44.52 TATGGCGA T:35.8(4.66%),B:324.1(0.57%),P:1e-19
		=Final=: -24.95 TATGGCGA T:16.0(2.18%),B:102.5(0.22%),P:1e-10
		Performing exhaustive masking of motif...
		Reprioritizing potential motifs...
	4 of 25 Initial Sequence: ACGTGAAA... (-30.334)
		Round 1: -41.45 ACGKRAAA T:89.4(11.43%),B:2149.1(3.73%),P:1e-17
		Round 2: -52.23 ACTGAAAA T:52.8(6.84%),B:640.8(1.13%),P:1e-22
		Round 3: -52.23 ACTGAAAA T:52.8(6.84%),B:640.8(1.13%),P:1e-22
		=Final=: -8.13 ACTGAAAA T:35.0(4.77%),B:1185.3(2.50%),P:1e-3
		Performing exhaustive masking of motif...
		Reprioritizing potential motifs...
	5 of 25 Initial Sequence: AACCAATC... (-24.910)
		Round 1: -38.81 AACCAATC T:138.1(17.15%),B:4424.1(7.52%),P:1e-16
		Round 2: -38.81 AACCAATC T:138.1(17.15%),B:4424.1(7.52%),P:1e-16
		=Final=: -25.35 AACCAATC T:113.0(15.40%),B:3733.8(7.89%),P:1e-11
		Performing exhaustive masking of motif...
		Reprioritizing potential motifs...
	6 of 25 Initial Sequence: TGTAGGAC... (-23.984)
		Round 1: -33.65 TGTAGGAC T:52.9(6.84%),B:1018.3(1.78%),P:1e-14
		Round 2: -33.65 TGTAGGAC T:52.9(6.84%),B:1018.3(1.78%),P:1e-14
		=Final=: -9.89 TGTAGGAC T:33.0(4.50%),B:991.2(2.09%),P:1e-4
		Performing exhaustive masking of motif...
		Reprioritizing potential motifs...
	7 of 25 Initial Sequence: TCGCGATA... (-16.843)
		Round 1: -37.02 TCGCGATA T:148.1(18.27%),B:5059.3(8.56%),P:1e-16
		Round 2: -37.02 TCGCGATA T:148.1(18.27%),B:5059.3(8.56%),P:1e-16
		=Final=: -24.31 TCGCGATA T:119.0(16.21%),B:4085.0(8.63%),P:1e-10
		Performing exhaustive masking of motif...
		Reprioritizing potential motifs...
	8 of 25 Initial Sequence: AACGCCTC... (-13.653)
		Round 1: -21.28 AACGCCTC T:141.9(17.49%),B:5975.1(10.02%),P:1e-9
		Round 2: -21.28 AACGCCTC T:141.9(17.49%),B:5975.1(10.02%),P:1e-9
		=Final=: -19.00 AACGCCTC T:119.0(16.21%),B:4470.7(9.45%),P:1e-8
		Performing exhaustive masking of motif...
		Reprioritizing potential motifs...
	9 of 25 Initial Sequence: AAAGGGCG... (-12.603)
		Round 1: -21.47 AAAGGGCG T:335.2(36.66%),B:17258.0(26.30%),P:1e-9
		Round 2: -21.47 AAAGGGCG T:335.2(36.66%),B:17258.0(26.30%),P:1e-9
		=Final=: -14.92 AAAGGGCG T:281.0(38.28%),B:14028.5(29.64%),P:1e-6
		Performing exhaustive masking of motif...
		Reprioritizing potential motifs...
	10 of 25 Initial Sequence: CGTCCAAT... (-12.088)
		Round 1: -18.77 CGTCCAAT T:197.8(23.55%),B:9436.8(15.37%),P:1e-8
		Round 2: -18.77 CGTCCAAT T:197.8(23.55%),B:9436.8(15.37%),P:1e-8
		=Final=: -17.59 CGTCCAAT T:130.0(17.71%),B:5152.3(10.89%),P:1e-7
		Performing exhaustive masking of motif...
		Reprioritizing potential motifs...
	11 of 25 Initial Sequence: AGCGTTTG... (-11.244)
		Round 1: -14.24 AGCGTTTG T:46.3(6.08%),B:1508.7(2.63%),P:1e-6
		Round 2: -15.69 AGCGTTWG T:131.0(16.36%),B:6055.5(10.15%),P:1e-6
		Round 3: -16.86 AGCGTTTG T:88.0(11.18%),B:3465.9(5.94%),P:1e-7
		Round 4: -19.53 AGCGTTTG T:193.9(23.14%),B:9102.8(14.86%),P:1e-8
		Round 5: -19.53 AGCGTTTG T:193.9(23.14%),B:9102.8(14.86%),P:1e-8
		=Final=: -19.11 AGCGTTTG T:185.0(25.20%),B:7947.8(16.79%),P:1e-8
		Performing exhaustive masking of motif...
		Reprioritizing potential motifs...
	12 of 25 Initial Sequence: TGACGACT... (-10.980)
		Round 1: -11.18 TGACGACT T:12.1(1.62%),B:165.9(0.29%),P:1e-4
		Round 2: -17.75 TGTCGACT T:36.0(4.79%),B:910.0(1.59%),P:1e-7
		Round 3: -17.75 TGTCGACT T:36.0(4.79%),B:910.0(1.59%),P:1e-7
		=Final=: -18.11 TGTCGACT T:39.0(5.31%),B:889.1(1.88%),P:1e-7
		Performing exhaustive masking of motif...
		Reprioritizing potential motifs...
	13 of 25 Initial Sequence: TTTCCGGC... (-9.705)
		Round 1: -23.05 TTTCCGGC T:99.3(12.63%),B:3572.8(6.12%),P:1e-10
		Round 2: -26.93 TTTCCGGC T:200.3(23.87%),B:8635.1(14.16%),P:1e-11
		Round 3: -26.93 TTTCCGGC T:200.3(23.87%),B:8635.1(14.16%),P:1e-11
		=Final=: -24.30 TTTCCGGC T:177.0(24.11%),B:7024.0(14.84%),P:1e-10
		Performing exhaustive masking of motif...
		Reprioritizing potential motifs...
	14 of 25 Initial Sequence: CTACGGAT... (-9.428)
		Round 1: -24.10 CTACGGAT T:361.3(38.87%),B:18290.0(27.63%),P:1e-10
		Round 2: -24.10 CTACGGAT T:361.3(38.87%),B:18290.0(27.63%),P:1e-10
		=Final=: -17.64 CTACGGAT T:138.0(18.80%),B:5565.9(11.76%),P:1e-7
		Performing exhaustive masking of motif...
		Reprioritizing potential motifs...
	15 of 25 Initial Sequence: AAGAAAGA... (-9.229)
		Round 1: -10.34 AAGAAAGA T:96.5(12.27%),B:4679.8(7.94%),P:1e-4
		Round 2: -12.36 AAGAACGA T:118.6(14.86%),B:5720.9(9.62%),P:1e-5
		Round 3: -14.27 CAGAACGA T:183.2(22.08%),B:9358.5(15.25%),P:1e-6
		Round 4: -14.27 CAGAACGA T:183.2(22.08%),B:9358.5(15.25%),P:1e-6
		=Final=: -12.95 CAGAACGA T:57.0(7.77%),B:1895.6(4.01%),P:1e-5
		Performing exhaustive masking of motif...
		Reprioritizing potential motifs...
	Remaining seeds don't look promising (After initial 5 motifs, logp -8.119 > -8.866)

	Finalizing Enrichment Statistics (new in v3.4)
	Reading input files...
	50000 total sequences read
	Cache length = 11180
	Using binomial scoring
	Checking enrichment of 15 motif(s)
	|0%                                    50%                                  100%|
	=================================================================================
	Output in file: /home1/gyang/work_space/4.ProjectET/batch23_cr/7.Peak_anno/ESC_RA-_Rarg_SC_10k_rep1_peakAnalysis/homerMotifs.motifs8

	(Motifs in homer2 format)
	Determining similar motifs... 15 reduced to 11 motifs
	Outputing HTML and sequence logos for motif comparison...
	Checking de novo motifs against known motifs...
	Formatting HTML page...
		1 of 11 (1e-21) similar to Sp2(Zf)/HEK293-Sp2.eGFP-ChIP-Seq(Encode)/Homer(0.874)
		2 of 11 (1e-13) similar to Elk4(ETS)/Hela-Elk4-ChIP-Seq(GSE31477)/Homer(0.946)
		3 of 11 (1e-11) similar to NFYA/MA0060.3/Jaspar(0.898)
		4 of 11 (1e-10) similar to ZBED1/MA0749.1/Jaspar(0.831)
		5 of 11 (1e-9) similar to POL010.1_DCE_S_III/Jaspar(0.645)
		6 of 11 (1e-9) similar to NR4A1/MA1112.2/Jaspar(0.671)
		7 of 11 (1e-7) similar to OSR1/MA1542.1/Jaspar(0.640)
		8 of 11 (1e-6) similar to PB0136.1_IRC900814_2/Jaspar(0.677)
		9 of 11 (1e-5) similar to HIF1A/MA1106.1/Jaspar(0.679)
		10 of 11 (1e-4) similar to PH0065.1_Hoxc10/Jaspar(0.684)
		11 of 11 (1e-3) similar to Hoxa10(Homeobox)/ChickenMSG-Hoxa10.Flag-ChIP-Seq(GSE86088)/Homer(0.703)
	Job finished - if results look good, please send beer to ..

	Cleaning up tmp files...

