
	Position file = ESC_RA-_Rarg_PT_1k_rep1_peaks.narrowPeak
	Genome = mm10
	Output Directory = /home1/gyang/work_space/4.ProjectET/batch23_cr/7.Peak_anno/ESC_RA-_Rarg_PT_1k_rep1_peakAnalysis
	Using actual sizes of regions (-size given)
	Fragment size set to given
	Using 7 CPUs
	Motif length set at 8,
	Found mset for "mouse", will check against vertebrates motifs
	Peak/BED file conversion summary:
		BED/Header formatted lines: 648
		peakfile formatted lines: 0

	Peak File Statistics:
		Total Peaks: 648
		Redundant Peak IDs: 0
		Peaks lacking information: 0 (need at least 5 columns per peak)
		Peaks with misformatted coordinates: 0 (should be integer)
		Peaks with misformatted strand: 0 (should be either +/- or 0/1)

	Peak file looks good!

	Background fragment size set to 391 (avg size of targets)
	Could not find background files for 391 bp fragments
	Below are the sizes that are already available prepared.
		133
		200
		224
		283
		330
		332
		342
		345
		354
		356
		368
		369
		370
		373
		378
		384
		385
		390
		392
		400
		410
		411
		416
		418
		419
		420
		423
		424
		428
		433
		436
		438
		439
		442
		443
		444
		445
		447
		448
		449
		451
		454
		455
		456
		457
		461
		463
		467
		468
		471
		472
		475
		476
		478
		479
		486
		487
		489
		497
		502
		504
		510
		511
		514
		518
		519
		521
		525
		526
		533
		534
		536
		539
		543
		545
		550
		559
		560
		561
		562
		565
		566
		567
		570
		571
		572
		576
		583
		584
		586
		588
		589
		590
		595
		596
		598
		603
		607
		611
		622
		623
		624
		631
		637
		644
		648
		664
		665
		667
		671
		674
		676
		677
		685
		694
		698
		703
		704
		709
		712
		716
		724
		735
		736
		739
		740
		741
		743
		747
		758
		780
		783
		786
		789
		815
		828
		838
		843
		848
		867
		892
		917
		926
		951
		956
		972
		973
		998
		999
		1016
		1032
		1041
		1078
		1142
		1165
		1178
		1222
		1249
		1259
		1262
		1288
		1296
		1332
		1376
		1406
		1410
		1418
		1448
		1455
		1499
		1547
		1575
		1619
		1623
		1848
		1925
		1930
		1959
		2017
		2116
		2151
		2488
		2499
		3187
		3207
		3228
		3257
		3278
		5196
		5251
		5278
		7879
		7974
		41360
	HOMER will now create background files for 391 bp fragments
	To CANCEL and rerun with a differet "-size <#>", hit <CTRL+C> now!
		5
		4
		3
		2
		1
	Preparsing genome for 391 bp fragments...(will probably take 1-5 min)
	preparse size set to 391

	By default, using /home1/homer/.//data/genomes/mm10//mm10.tss for reference positions
	Output files will be placed in /home1/homer/.//data/genomes/mm10//preparsed//mm10.391.* ...
	By default, HOMER will set the the preparsed Directory to be group read/write
chmod: changing permissions of ‘/home1/homer/.//data/genomes/mm10//preparsed/’: Operation not permitted
	Extracting sequences
	Custom genome sequence directory: /home1/homer/.//data/genomes/mm10//

	Extracting sequences from directory: /home1/homer/.//data/genomes/mm10//
	Extracting 78681 sequences from chr1
	Extracting 94811 sequences from chr2
	Extracting 63687 sequences from chr3
	Extracting 71777 sequences from chr4
	Extracting 73255 sequences from chr5
	Extracting 70427 sequences from chr6
	Extracting 88043 sequences from chr7
	Extracting 54505 sequences from chr8
	Extracting 65886 sequences from chr9
	Extracting 60765 sequences from chr10
	Extracting 71722 sequences from chr11
	Extracting 44479 sequences from chr12
	Extracting 51860 sequences from chr13
	Extracting 48027 sequences from chr14
	Extracting 44490 sequences from chr15
	Extracting 41279 sequences from chr16
	Extracting 50162 sequences from chr17
	Extracting 35946 sequences from chr18
	Extracting 34611 sequences from chr19
	Extracting 67537 sequences from chrX
	Extracting 10741 sequences from chrY
	Extracting 87 sequences from chr1_GL456211_random
	Extracting 166 sequences from chr1_GL456221_random
	Extracting 66 sequences from chr4_GL456216_random
	Extracting 280 sequences from chr4_GL456350_random
	Extracting 58 sequences from chr4_JH584292_random
	Extracting 161 sequences from chr4_JH584293_random
	Extracting 189 sequences from chr4_JH584294_random
	Extracting 196 sequences from chr5_GL456354_random
	Extracting 96 sequences from chr5_JH584296_random
	Extracting 95 sequences from chr5_JH584297_random
	Extracting 165 sequences from chr5_JH584298_random
	Extracting 395 sequences from chr5_JH584299_random
	Extracting 175 sequences from chr7_GL456219_random
	Extracting 93 sequences from chrUn_JH584304
	Extracting 317 sequences from chrX_GL456233_random
		3074 of 1225070 removed because they had >70.00% Ns (i.e. masked repeats)

	Sequences processed:
		Auto detected maximum sequence length of 391 bp
		100000
		200000
		300000
		400000
		500000
		600000
		700000
		800000
		900000
		1000000
		1100000
		1200000
		1221996 total

	Frequency Bins: 0.01 0.02 0.03 0.04 0.05 0.06 0.08 0.1 0.12 0.14 0.16
	Freq	Bin	Count
	0.01	0	689810
	0.02	1	370472
	0.03	2	93005
	0.04	3	25231
	0.05	4	10981
	0.06	5	6894
	0.08	6	9684
	0.1	7	6025
	0.12	8	4872
	0.14	9	2902
	0.16	10	1450
	11	11	670
	Frequency Bins: 0.2 0.25 0.3 0.35 0.4 0.45 0.5 0.6 0.7 0.8
	Freq	Bin	Count
	0.2	0	169
	0.25	1	2264
	0.3	2	23941
	0.35	3	97609
	0.4	4	252416
	0.45	5	319541
	0.5	6	298624
	0.6	7	195050
	0.7	8	24124
	0.8	9	7649
	10	10	609

	Custom genome sequence directory: /home1/homer/.//data/genomes/mm10//

	Extracting sequences from directory: /home1/homer/.//data/genomes/mm10//
	Extracting 35 sequences from chr1
	Extracting 40 sequences from chr2
	Extracting 25 sequences from chr3
	Extracting 45 sequences from chr4
	Extracting 39 sequences from chr5
	Extracting 27 sequences from chr6
	Extracting 70 sequences from chr7
	Extracting 33 sequences from chr8
	Extracting 25 sequences from chr9
	Extracting 38 sequences from chr10
	Extracting 72 sequences from chr11
	Extracting 19 sequences from chr12
	Extracting 17 sequences from chr13
	Extracting 17 sequences from chr14
	Extracting 29 sequences from chr15
	Extracting 14 sequences from chr16
	Extracting 41 sequences from chr17
	Extracting 21 sequences from chr18
	Extracting 25 sequences from chr19
	Extracting 9 sequences from chrX
	Extracting 4 sequences from chrY
	Extracting 3 sequences from chrM

	Not removing redundant sequences


	Sequences processed:
		Auto detected maximum sequence length of 225 bp
		648 total

	Frequency Bins: 0.2 0.25 0.3 0.35 0.4 0.45 0.5 0.6 0.7 0.8
	Freq	Bin	Count
	0.3	2	2
	0.35	3	22
	0.4	4	58
	0.45	5	44
	0.5	6	66
	0.6	7	199
	0.7	8	219
	0.8	9	38

	Total sequences set to 50000

	Choosing background that matches in CpG/GC content...
	Bin	# Targets	# Background	Background Weight
	2	2	152	1.002
	3	22	1676	1.000
	4	58	4417	1.000
	5	44	3351	1.000
	6	66	5027	1.000
	7	199	15156	1.000
	8	219	16679	1.000
	9	38	2894	1.000
	Assembling sequence file...
	Normalizing lower order oligos using homer2

	Reading input files...
	50000 total sequences read
	Autonormalization: 1-mers (4 total)
		A	22.29%	22.71%	0.982
		C	27.71%	27.29%	1.015
		G	27.71%	27.29%	1.015
		T	22.29%	22.71%	0.982
	Autonormalization: 2-mers (16 total)
		AA	6.06%	5.69%	1.066
		CA	6.25%	7.15%	0.873
		GA	6.22%	6.23%	0.999
		TA	3.71%	3.62%	1.025
		AC	4.87%	5.03%	0.968
		CC	9.09%	8.69%	1.046
		GC	7.58%	7.37%	1.029
		TC	6.22%	6.23%	0.999
		AG	7.32%	7.76%	0.943
		CG	5.03%	3.70%	1.359
		GG	9.09%	8.69%	1.046
		TG	6.25%	7.15%	0.873
		AT	4.06%	4.21%	0.964
		CT	7.32%	7.76%	0.943
		GT	4.87%	5.03%	0.968
		TT	6.06%	5.69%	1.066
	Autonormalization: 3-mers (64 total)
	Normalization weights can be found in file: /home1/gyang/work_space/4.ProjectET/batch23_cr/7.Peak_anno/ESC_RA-_Rarg_PT_1k_rep1_peakAnalysis/seq.autonorm.tsv
	Converging on autonormalization solution:
	...............................................................................
	Final normalization:	Autonormalization: 1-mers (4 total)
		A	22.29%	22.25%	1.002
		C	27.71%	27.75%	0.999
		G	27.71%	27.75%	0.999
		T	22.29%	22.25%	1.002
	Autonormalization: 2-mers (16 total)
		AA	6.06%	5.96%	1.016
		CA	6.25%	6.45%	0.968
		GA	6.22%	6.18%	1.007
		TA	3.71%	3.66%	1.014
		AC	4.87%	4.82%	1.010
		CC	9.09%	9.02%	1.008
		GC	7.58%	7.73%	0.980
		TC	6.22%	6.18%	1.007
		AG	7.32%	7.36%	0.994
		CG	5.03%	4.92%	1.024
		GG	9.09%	9.02%	1.008
		TG	6.25%	6.45%	0.968
		AT	4.06%	4.11%	0.988
		CT	7.32%	7.36%	0.994
		GT	4.87%	4.82%	1.010
		TT	6.06%	5.96%	1.016
	Autonormalization: 3-mers (64 total)
	Finished preparing sequence/group files

	----------------------------------------------------------
	Known motif enrichment

	Reading input files...
	50000 total sequences read
	440 motifs loaded
	Cache length = 11180
	Using binomial scoring
	Checking enrichment of 440 motif(s)
	|0%                                    50%                                  100%|
	=================================================================================
	Preparing HTML output with sequence logos...
		1 of 440 (1e-20) Sp1(Zf)/Promoter/Homer
		2 of 440 (1e-19) Klf4(Zf)/mES-Klf4-ChIP-Seq(GSE11431)/Homer
		3 of 440 (1e-16) KLF1(Zf)/HUDEP2-KLF1-CutnRun(GSE136251)/Homer
		4 of 440 (1e-16) KLF3(Zf)/MEF-Klf3-ChIP-Seq(GSE44748)/Homer
		5 of 440 (1e-15) Sp5(Zf)/mES-Sp5.Flag-ChIP-Seq(GSE72989)/Homer
		6 of 440 (1e-14) Klf9(Zf)/GBM-Klf9-ChIP-Seq(GSE62211)/Homer
		7 of 440 (1e-11) Sp2(Zf)/HEK293-Sp2.eGFP-ChIP-Seq(Encode)/Homer
		8 of 440 (1e-10) KLF6(Zf)/PDAC-KLF6-ChIP-Seq(GSE64557)/Homer
		9 of 440 (1e-9) KLF5(Zf)/LoVo-KLF5-ChIP-Seq(GSE49402)/Homer
		10 of 440 (1e-9) NFY(CCAAT)/Promoter/Homer
		11 of 440 (1e-8) KLF10(Zf)/HEK293-KLF10.GFP-ChIP-Seq(GSE58341)/Homer
		12 of 440 (1e-5) KLF14(Zf)/HEK293-KLF14.GFP-ChIP-Seq(GSE58341)/Homer
		13 of 440 (1e-5) EKLF(Zf)/Erythrocyte-Klf1-ChIP-Seq(GSE20478)/Homer
		14 of 440 (1e-3) YY1(Zf)/Promoter/Homer
		15 of 440 (1e-3) E2F4(E2F)/K562-E2F4-ChIP-Seq(GSE31477)/Homer
		16 of 440 (1e-3) p53(p53)/mES-cMyc-ChIP-Seq(GSE11431)/Homer
		17 of 440 (1e-2) Elk4(ETS)/Hela-Elk4-ChIP-Seq(GSE31477)/Homer
		18 of 440 (1e-2) ZBTB33(Zf)/GM12878-ZBTB33-ChIP-Seq(GSE32465)/Homer
		19 of 440 (1e-2) ZNF652/HepG2-ZNF652.Flag-ChIP-Seq(Encode)/Homer
		20 of 440 (1e-2) ELF1(ETS)/Jurkat-ELF1-ChIP-Seq(SRA014231)/Homer
		21 of 440 (1e-2) RAR:RXR(NR),DR5/ES-RAR-ChIP-Seq(GSE56893)/Homer
		22 of 440 (1e-2) NFAT:AP1(RHD,bZIP)/Jurkat-NFATC1-ChIP-Seq(Jolma_et_al.)/Homer
		23 of 440 (1e-2) NRF(NRF)/Promoter/Homer
		24 of 440 (1e-2) RORa(NR)/Liver-Rora-ChIP-Seq(GSE101115)/Homer
		25 of 440 (1e-2) Fli1(ETS)/CD8-FLI-ChIP-Seq(GSE20898)/Homer
	----------------------------------------------------------
	De novo motif finding (HOMER)

	Number of Trial motifs (-T) set to 7 (from 10) to work well with 7 CPUs
	Scanning input files...
	Parsing sequences...
	|0%                                   50%                                  100%|
	===============================================================================
	Total number of Oligos: 32896
	Autoadjustment for sequence coverage in background: 1.22x

	Oligos: 32896 of 34497 max
	Tree  : 66988 of 172485 max
	Optimizing memory usage...
	Cache length = 11180
	Using binomial scoring

	Global Optimization Phase: Looking for enriched oligos with up to 2 mismatches...

	Screening oligos 32896 (allowing 0 mismatches):
	|0%                                   50%                                  100%|
	================================================================================
		3.29% skipped, 96.71% checked (31815 of 32896), of those checked:
		3.29% not in target, 0.00% increased p-value, 0.00% high p-value

	Screening oligos 32896 (allowing 1 mismatches):
	|0%                                   50%                                  100%|
	================================================================================
		3.29% skipped, 96.71% checked (31815 of 32896), of those checked:
		0.00% not in target, 30.11% increased p-value, 61.09% high p-value

	Screening oligos 32896 (allowing 2 mismatches):
	|0%                                   50%                                  100%|
	================================================================================
		70.41% skipped, 29.59% checked (9735 of 32896), of those checked:
		0.00% not in target, 22.74% increased p-value, 0.00% high p-value
	Reading input files...
	50000 total sequences read
	Cache length = 11180
	Using binomial scoring

	Local Optimization Phase:
	1 of 25 Initial Sequence: ACTGAAAA... (-65.297)
		Round 1: -72.75 ACTGAAAA T:75.6(10.94%),B:1052.5(1.80%),P:1e-31
		Round 2: -72.75 ACTGAAAA T:75.6(10.94%),B:1052.5(1.80%),P:1e-31
		=Final=: -10.74 ACTGAAAA T:32.0(4.94%),B:1030.1(2.17%),P:1e-4
		Performing exhaustive masking of motif...
		Reprioritizing potential motifs...
	2 of 25 Initial Sequence: TATGGCGA... (-54.505)
		Round 1: -54.51 TATGGCGA T:25.5(3.79%),B:97.3(0.17%),P:1e-23
		Round 2: -54.51 TATGGCGA T:25.5(3.79%),B:97.3(0.17%),P:1e-23
		=Final=: -23.29 TATGGCGA T:14.0(2.16%),B:92.0(0.19%),P:1e-10
		Performing exhaustive masking of motif...
		Reprioritizing potential motifs...
	3 of 25 Initial Sequence: ATGGGCGG... (-50.655)
		Round 1: -79.80 ATGGGCGG T:661.7(63.97%),B:29335.4(39.72%),P:1e-34
		Round 2: -79.80 ATGGGCGG T:661.7(63.97%),B:29335.4(39.72%),P:1e-34
		=Final=: -42.04 ATGGGCGG T:255.0(39.35%),B:11237.8(23.67%),P:1e-18
		Performing exhaustive masking of motif...
		Reprioritizing potential motifs...
	4 of 25 Initial Sequence: AAAATGAG... (-38.867)
		Round 1: -39.92 AAAATGAG T:52.8(7.72%),B:1008.4(1.72%),P:1e-17
		Round 2: -39.92 AAAATGAG T:52.8(7.72%),B:1008.4(1.72%),P:1e-17
		=Final=: -5.84 AAAATGAG T:25.0(3.86%),B:989.7(2.08%),P:1e-2
		Performing exhaustive masking of motif...
		Reprioritizing potential motifs...
	5 of 25 Initial Sequence: GTCCTACA... (-38.632)
		Round 1: -43.38 GTCCTACA T:45.9(6.71%),B:671.5(1.15%),P:1e-18
		Round 2: -43.38 GTCCTACA T:45.9(6.71%),B:671.5(1.15%),P:1e-18
		=Final=: -14.03 GTCCTACA T:39.0(6.02%),B:1191.2(2.51%),P:1e-6
		Performing exhaustive masking of motif...
		Reprioritizing potential motifs...
	6 of 25 Initial Sequence: GCCACGCC... (-26.396)
		Round 1: -44.59 GCCMCGCC T:422.9(47.89%),B:21205.0(30.64%),P:1e-19
		Round 2: -53.06 GCCCCRCC T:535.3(56.23%),B:26555.5(36.76%),P:1e-23
		Round 3: -53.06 GCCCCRCC T:535.3(56.23%),B:26555.5(36.76%),P:1e-23
		=Final=: -21.54 GCCCCRCC T:272.0(41.98%),B:14480.7(30.50%),P:1e-9
		Performing exhaustive masking of motif...
		Reprioritizing potential motifs...
	7 of 25 Initial Sequence: TGATTGGC... (-22.920)
		Round 1: -51.74 TGATTGGC T:277.6(34.81%),B:11745.0(18.35%),P:1e-22
		Round 2: -51.74 TGATTGGC T:277.6(34.81%),B:11745.0(18.35%),P:1e-22
		=Final=: -31.17 TGATTGGC T:105.0(16.20%),B:3486.6(7.34%),P:1e-13
		Performing exhaustive masking of motif...
		Reprioritizing potential motifs...
	8 of 25 Initial Sequence: CGGGAATA... (-19.434)
		Round 1: -21.00 CGGGAATA T:230.5(29.90%),B:12757.5(19.76%),P:1e-9
		Round 2: -25.61 CGGGAATA T:258.0(32.86%),B:13822.5(21.22%),P:1e-11
		Round 3: -26.29 CGGGAATA T:133.7(18.57%),B:5878.9(9.65%),P:1e-11
		Round 4: -34.67 CGGRWATA T:306.6(37.66%),B:15588.1(23.59%),P:1e-15
		Round 5: -34.67 CGGRWATA T:306.6(37.66%),B:15588.1(23.59%),P:1e-15
		=Final=: -33.81 CGGRWATA T:277.0(42.75%),B:13401.5(28.23%),P:1e-14
		Performing exhaustive masking of motif...
		Reprioritizing potential motifs...
	9 of 25 Initial Sequence: ATTACGCC... (-15.474)
		Round 1: -32.28 ATTACGCC T:288.0(35.80%),B:14747.3(22.47%),P:1e-14
		Round 2: -32.34 WTTACGCC T:284.4(35.51%),B:14541.5(22.19%),P:1e-14
		Round 3: -32.34 WTTACGCC T:284.4(35.51%),B:14541.5(22.19%),P:1e-14
		=Final=: -23.55 WTTACGCC T:113.0(17.44%),B:4395.7(9.26%),P:1e-10
		Performing exhaustive masking of motif...
		Reprioritizing potential motifs...
	10 of 25 Initial Sequence: TTGCGTCA... (-13.947)
		Round 1: -24.19 TTGCGTCA T:50.2(7.43%),B:1441.9(2.46%),P:1e-10
		Round 2: -24.19 TTGCGTCA T:50.2(7.43%),B:1441.9(2.46%),P:1e-10
		=Final=: -25.77 TTGCGTCA T:55.0(8.49%),B:1401.1(2.95%),P:1e-11
		Performing exhaustive masking of motif...
		Reprioritizing potential motifs...
	11 of 25 Initial Sequence: AATGCACA... (-13.655)
		Round 1: -15.50 AATGCACA T:33.6(4.97%),B:1005.6(1.72%),P:1e-6
		Round 2: -15.50 AATGCACA T:33.6(4.97%),B:1005.6(1.72%),P:1e-6
		=Final=: -6.72 AATGCACA T:16.0(2.47%),B:481.1(1.01%),P:1e-2
		Performing exhaustive masking of motif...
		Reprioritizing potential motifs...
	12 of 25 Initial Sequence: TACGAACG... (-12.135)
		Round 1: -20.11 TACGAACG T:221.6(28.92%),B:12339.3(19.18%),P:1e-8
		Round 2: -20.86 TACGAACG T:152.3(20.92%),B:7642.4(12.36%),P:1e-9
		Round 3: -20.86 TACGAACG T:152.3(20.92%),B:7642.4(12.36%),P:1e-9
		=Final=: -14.43 TACGAACG T:141.0(21.76%),B:6905.2(14.55%),P:1e-6
		Performing exhaustive masking of motif...
		Reprioritizing potential motifs...
	13 of 25 Initial Sequence: GCGTGGTC... (-10.644)
		Round 1: -12.92 GCGTGGTC T:43.6(6.43%),B:1666.0(2.83%),P:1e-5
		Round 2: -16.73 GCGTGATC T:59.5(8.71%),B:2322.0(3.93%),P:1e-7
		Round 3: -17.50 GCGTBATC T:53.0(7.72%),B:1903.5(3.23%),P:1e-7
		Round 4: -17.50 GCGTBATC T:53.0(7.72%),B:1903.5(3.23%),P:1e-7
		=Final=: -17.54 GCGTBATC T:48.0(7.41%),B:1438.2(3.03%),P:1e-7
		Performing exhaustive masking of motif...
		Reprioritizing potential motifs...
	14 of 25 Initial Sequence: CTTTCACC... (-10.128)
		Round 1: -19.12 CTTTCACC T:58.2(8.57%),B:2099.0(3.56%),P:1e-8
		Round 2: -19.12 CTTTCACC T:58.2(8.57%),B:2099.0(3.56%),P:1e-8
		=Final=: -22.32 CTTTCACC T:66.0(10.19%),B:2048.9(4.32%),P:1e-9
		Performing exhaustive masking of motif...
		Reprioritizing potential motifs...
	15 of 25 Initial Sequence: AGGCCTAA... (-9.632)
		Round 1: -17.15 AGGCCTAA T:270.5(34.10%),B:16246.1(24.45%),P:1e-7
		Round 2: -17.15 AGGCCTAA T:270.5(34.10%),B:16246.1(24.45%),P:1e-7
		=Final=: -14.54 AGGCCTAA T:223.0(34.41%),B:12188.8(25.68%),P:1e-6
		Performing exhaustive masking of motif...
		Reprioritizing potential motifs...
	16 of 25 Initial Sequence: GCCCTTAA... (-9.122)
		Round 1: -13.98 GCCCTTAA T:103.1(14.71%),B:5352.5(8.82%),P:1e-6
		Round 2: -13.98 GCCCTTAA T:103.1(14.71%),B:5352.5(8.82%),P:1e-6
		=Final=: -12.33 GCCCTTAA T:74.0(11.42%),B:3141.1(6.62%),P:1e-5
		Performing exhaustive masking of motif...
		Reprioritizing potential motifs...
	17 of 25 Initial Sequence: TCAAACCG... (-8.970)
		Round 1: -12.27 TCAAACCG T:20.9(3.04%),B:495.0(0.85%),P:1e-5
		Round 2: -13.10 TCAAAACG T:79.0(11.49%),B:3877.4(6.47%),P:1e-5
		Round 3: -13.10 TCAAAACG T:79.0(11.49%),B:3877.4(6.47%),P:1e-5
		=Final=: -13.27 TCAAAACG T:85.0(13.12%),B:3679.4(7.75%),P:1e-5
		Performing exhaustive masking of motif...
		Reprioritizing potential motifs...
	Remaining seeds don't look promising (After initial 5 motifs, logp -8.737 > -8.812)

	Finalizing Enrichment Statistics (new in v3.4)
	Reading input files...
	50000 total sequences read
	Cache length = 11180
	Using binomial scoring
	Checking enrichment of 17 motif(s)
	|0%                                    50%                                  100%|
	=================================================================================
	Output in file: /home1/gyang/work_space/4.ProjectET/batch23_cr/7.Peak_anno/ESC_RA-_Rarg_PT_1k_rep1_peakAnalysis/homerMotifs.motifs8

	(Motifs in homer2 format)
	Determining similar motifs... 17 reduced to 13 motifs
	Outputing HTML and sequence logos for motif comparison...
	Checking de novo motifs against known motifs...
	Formatting HTML page...
		1 of 13 (1e-18) similar to ETV2/MA0762.1/Jaspar(0.678)
		2 of 13 (1e-18) similar to PB0110.1_Bcl6b_2/Jaspar(0.850)
		3 of 13 (1e-13) similar to NFYC/MA1644.1/Jaspar(0.944)
		4 of 13 (1e-11) similar to FOSL1::JUND(var.2)/MA1143.1/Jaspar(0.859)
		5 of 13 (1e-10) similar to PRDM1(Zf)/Hela-PRDM1-ChIP-Seq(GSE31477)/Homer(0.781)
		6 of 13 (1e-10) similar to YY2/MA0748.2/Jaspar(0.746)
		7 of 13 (1e-8) similar to ZFX(Zf)/mES-Zfx-ChIP-Seq(GSE11431)/Homer(0.873)
		8 of 13 (1e-7) similar to PH0044.1_Homez/Jaspar(0.641)
		9 of 13 (1e-6) similar to PB0170.1_Sox17_2/Jaspar(0.589)
		10 of 13 (1e-6) similar to PB0090.1_Zbtb12_1/Jaspar(0.666)
		11 of 13 (1e-5) similar to Isl1(Homeobox)/Neuron-Isl1-ChIP-Seq(GSE31456)/Homer(0.766)
		12 of 13 (1e-4) similar to Hoxd12(Homeobox)/ChickenMSG-Hoxd12.Flag-ChIP-Seq(GSE86088)/Homer(0.712)
		13 of 13 (1e-3) similar to FOXH1/MA0479.1/Jaspar(0.868)
	Job finished - if results look good, please send beer to ..

	Cleaning up tmp files...

