INFO  @ Thu, 04 Nov 2021 10:46:43: 
# Command line: callpeak -t EPI_E65_Tfap2c_rep3.duprm.bam -f BAMPE -g mm -n EPI_E65_Tfap2c_rep3 -B -q 0.05 --keep-dup 1 --outdir /home1/gyang/work_space/4.ProjectET/batch22_cr/6.peak
# ARGUMENTS LIST:
# name = EPI_E65_Tfap2c_rep3
# format = BAMPE
# ChIP-seq file = ['EPI_E65_Tfap2c_rep3.duprm.bam']
# control file = None
# effective genome size = 1.87e+09
# band width = 300
# model fold = [5, 50]
# qvalue cutoff = 5.00e-02
# Larger dataset will be scaled towards smaller dataset.
# Range for calculating regional lambda is: 10000 bps
# Broad region calling is off
# Paired-End mode is on
 
INFO  @ Thu, 04 Nov 2021 10:46:43: #1 read fragment files... 
INFO  @ Thu, 04 Nov 2021 10:46:43: #1 read treatment fragments... 
INFO  @ Thu, 04 Nov 2021 10:47:01:  1000000 
INFO  @ Thu, 04 Nov 2021 10:47:19:  2000000 
INFO  @ Thu, 04 Nov 2021 10:47:37:  3000000 
INFO  @ Thu, 04 Nov 2021 10:47:54:  4000000 
INFO  @ Thu, 04 Nov 2021 10:48:12:  5000000 
INFO  @ Thu, 04 Nov 2021 10:48:31:  6000000 
INFO  @ Thu, 04 Nov 2021 10:48:49:  7000000 
INFO  @ Thu, 04 Nov 2021 10:49:07:  8000000 
INFO  @ Thu, 04 Nov 2021 10:49:25:  9000000 
INFO  @ Thu, 04 Nov 2021 10:49:44:  10000000 
INFO  @ Thu, 04 Nov 2021 10:50:03:  11000000 
INFO  @ Thu, 04 Nov 2021 10:50:21:  12000000 
INFO  @ Thu, 04 Nov 2021 10:50:39:  13000000 
INFO  @ Thu, 04 Nov 2021 10:50:57:  14000000 
INFO  @ Thu, 04 Nov 2021 10:51:16:  15000000 
INFO  @ Thu, 04 Nov 2021 10:51:34:  16000000 
INFO  @ Thu, 04 Nov 2021 10:51:52:  17000000 
INFO  @ Thu, 04 Nov 2021 10:52:10:  18000000 
INFO  @ Thu, 04 Nov 2021 10:52:29:  19000000 
INFO  @ Thu, 04 Nov 2021 10:52:47:  20000000 
INFO  @ Thu, 04 Nov 2021 10:53:06:  21000000 
INFO  @ Thu, 04 Nov 2021 10:53:24:  22000000 
INFO  @ Thu, 04 Nov 2021 10:53:44: #1 mean fragment size is determined as 261 bp from treatment 
INFO  @ Thu, 04 Nov 2021 10:53:44: #1 fragment size = 261 
INFO  @ Thu, 04 Nov 2021 10:53:44: #1  total fragments in treatment: 22050164 
INFO  @ Thu, 04 Nov 2021 10:53:44: #1 user defined the maximum fragments... 
INFO  @ Thu, 04 Nov 2021 10:53:44: #1 filter out redundant fragments by allowing at most 1 identical fragment(s) 
INFO  @ Thu, 04 Nov 2021 10:54:44: #1  fragments after filtering in treatment: 22047322 
INFO  @ Thu, 04 Nov 2021 10:54:44: #1  Redundant rate of treatment: 0.00 
INFO  @ Thu, 04 Nov 2021 10:54:44: #1 finished! 
INFO  @ Thu, 04 Nov 2021 10:54:44: #2 Build Peak Model... 
INFO  @ Thu, 04 Nov 2021 10:54:44: #2 Skipped... 
INFO  @ Thu, 04 Nov 2021 10:54:44: #2 Use 261 as fragment length 
INFO  @ Thu, 04 Nov 2021 10:54:44: #3 Call peaks... 
INFO  @ Thu, 04 Nov 2021 10:54:44: #3 Pre-compute pvalue-qvalue table... 
INFO  @ Thu, 04 Nov 2021 10:56:02: #3 In the peak calling step, the following will be performed simultaneously: 
INFO  @ Thu, 04 Nov 2021 10:56:02: #3   Write bedGraph files for treatment pileup (after scaling if necessary)... EPI_E65_Tfap2c_rep3_treat_pileup.bdg 
INFO  @ Thu, 04 Nov 2021 10:56:02: #3   Write bedGraph files for control lambda (after scaling if necessary)... EPI_E65_Tfap2c_rep3_control_lambda.bdg 
INFO  @ Thu, 04 Nov 2021 10:56:02: #3   Pileup will be based on sequencing depth in treatment. 
INFO  @ Thu, 04 Nov 2021 10:56:02: #3 Call peaks for each chromosome... 
INFO  @ Thu, 04 Nov 2021 10:58:29: #4 Write output xls file... /home1/gyang/work_space/4.ProjectET/batch22_cr/6.peak/EPI_E65_Tfap2c_rep3_peaks.xls 
INFO  @ Thu, 04 Nov 2021 10:58:29: #4 Write peak in narrowPeak format file... /home1/gyang/work_space/4.ProjectET/batch22_cr/6.peak/EPI_E65_Tfap2c_rep3_peaks.narrowPeak 
INFO  @ Thu, 04 Nov 2021 10:58:29: #4 Write summits bed file... /home1/gyang/work_space/4.ProjectET/batch22_cr/6.peak/EPI_E65_Tfap2c_rep3_summits.bed 
INFO  @ Thu, 04 Nov 2021 10:58:29: Done! 
