
	Position file = CP_EPI_E6-5_Nanog_rep2_nolambda_peaks.mergedPeak
	Genome = mm10
	Output Directory = /home1/gyang/work_space/4.ProjectET/batch5_cr/6.peak/CP_EPI_E6-5_Nanog_rep2_nolambda_peakAnalysis
	Using actual sizes of regions (-size given)
	Fragment size set to given
	Using 10 CPUs
	Motif length set at 8,
	Found mset for "mouse", will check against vertebrates motifs
	Peak/BED file conversion summary:
		BED/Header formatted lines: 16142
		peakfile formatted lines: 0

	Peak File Statistics:
		Total Peaks: 16142
		Redundant Peak IDs: 0
		Peaks lacking information: 0 (need at least 5 columns per peak)
		Peaks with misformatted coordinates: 0 (should be integer)
		Peaks with misformatted strand: 0 (should be either +/- or 0/1)

	Peak file looks good!

	Background fragment size set to 867 (avg size of targets)
	Could not find background files for 867 bp fragments
	Below are the sizes that are already available prepared.
		133
		200
		224
		283
		330
		332
		342
		354
		356
		368
		369
		370
		373
		378
		384
		385
		390
		392
		400
		411
		416
		418
		419
		420
		423
		424
		433
		438
		442
		443
		444
		445
		447
		448
		449
		451
		454
		455
		457
		461
		463
		468
		471
		472
		475
		476
		478
		479
		486
		487
		489
		497
		502
		504
		519
		525
		526
		534
		536
		539
		550
		560
		562
		565
		566
		567
		570
		586
		588
		589
		590
		596
		598
		603
		607
		624
		644
		648
		664
		671
		674
		676
		698
		703
		704
		709
		712
		716
		724
		735
		736
		739
		740
		741
		743
		747
		758
		780
		783
		786
		789
		815
		828
		843
		892
		917
		926
		956
		973
		998
		999
		1016
		1078
		1142
		1178
		1222
		1249
		1259
		1262
		1288
		1296
		1332
		1376
		1406
		1410
		1448
		1455
		1499
		1547
		1575
		1619
		1623
		1848
		1925
		1930
		1959
		2017
		2116
		2151
		2488
		2499
		7879
		7974
	HOMER will now create background files for 867 bp fragments
	To CANCEL and rerun with a differet "-size <#>", hit <CTRL+C> now!
		5
		4
		3
		2
		1
	Preparsing genome for 867 bp fragments...(will probably take 1-5 min)
	preparse size set to 867

	By default, using /usr/local/software/homer/.//data/genomes/mm10//mm10.tss for reference positions
	Output files will be placed in /usr/local/software/homer/.//data/genomes/mm10//preparsed//mm10.867.* ...
	By default, HOMER will set the the preparsed Directory to be group read/write
chmod: changing permissions of ‘/usr/local/software/homer/.//data/genomes/mm10//preparsed/’: Operation not permitted
	Extracting sequences

	Extracting sequences from directory: /usr/local/software/homer/.//data/genomes/mm10//
	Extracting 77633 sequences from chr1
	Extracting 92085 sequences from chr2
	Extracting 63187 sequences from chr3
	Extracting 70125 sequences from chr4
	Extracting 72465 sequences from chr5
	Extracting 68994 sequences from chr6
	Extracting 85433 sequences from chr7
	Extracting 53274 sequences from chr8
	Extracting 64529 sequences from chr9
	Extracting 58942 sequences from chr10
	Extracting 69377 sequences from chr11
	Extracting 44090 sequences from chr12
	Extracting 51317 sequences from chr13
	Extracting 47558 sequences from chr14
	Extracting 43458 sequences from chr15
	Extracting 41154 sequences from chr16
	Extracting 48855 sequences from chr17
	Extracting 35328 sequences from chr18
	Extracting 33742 sequences from chr19
	Extracting 66843 sequences from chrX
	Extracting 9619 sequences from chrY
	Extracting 102 sequences from chr1_GL456211_random
	Extracting 170 sequences from chr1_GL456221_random
	Extracting 66 sequences from chr4_GL456216_random
	Extracting 255 sequences from chr4_GL456350_random
	Extracting 53 sequences from chr4_JH584292_random
	Extracting 181 sequences from chr4_JH584293_random
	Extracting 171 sequences from chr4_JH584294_random
	Extracting 203 sequences from chr5_GL456354_random
	Extracting 94 sequences from chr5_JH584296_random
	Extracting 90 sequences from chr5_JH584297_random
	Extracting 186 sequences from chr5_JH584298_random
	Extracting 414 sequences from chr5_JH584299_random
	Extracting 157 sequences from chr7_GL456219_random
	Extracting 102 sequences from chrUn_JH584304
	Extracting 291 sequences from chrX_GL456233_random
		3252 of 1200403 removed because they had >70.00% Ns (i.e. masked repeats)

	Sequences processed:
		Auto detected maximum sequence length of 867 bp
		100000
		200000
		300000
		400000
		500000
		600000
		700000
		800000
		900000
		1000000
		1100000
		1197151 total

	Frequency Bins: 0.01 0.02 0.03 0.04 0.05 0.06 0.08 0.1 0.12 0.14 0.16
	Freq	Bin	Count
	0.01	0	744214
	0.02	1	360010
	0.03	2	54376
	0.04	3	14396
	0.05	4	6421
	0.06	5	4040
	0.08	6	6777
	0.1	7	3771
	0.12	8	1896
	0.14	9	923
	0.16	10	267
	11	11	60
	Frequency Bins: 0.2 0.25 0.3 0.35 0.4 0.45 0.5 0.6 0.7 0.8
	Freq	Bin	Count
	0.2	0	25
	0.25	1	259
	0.3	2	8742
	0.35	3	74533
	0.4	4	258415
	0.45	5	399083
	0.5	6	292512
	0.6	7	148895
	0.7	8	12454
	0.8	9	2192
	10	10	41


	Extracting sequences from directory: /usr/local/software/homer/.//data/genomes/mm10//
	Extracting 1036 sequences from chr1
	Extracting 1303 sequences from chr2
	Extracting 793 sequences from chr3
	Extracting 1132 sequences from chr4
	Extracting 1002 sequences from chr5
	Extracting 831 sequences from chr6
	Extracting 1098 sequences from chr7
	Extracting 805 sequences from chr8
	Extracting 932 sequences from chr9
	Extracting 815 sequences from chr10
	Extracting 1328 sequences from chr11
	Extracting 637 sequences from chr12
	Extracting 703 sequences from chr13
	Extracting 589 sequences from chr14
	Extracting 641 sequences from chr15
	Extracting 467 sequences from chr16
	Extracting 714 sequences from chr17
	Extracting 465 sequences from chr18
	Extracting 575 sequences from chr19
	Extracting 269 sequences from chrX
	Extracting 5 sequences from chrY
	Extracting 2 sequences from chrM

	Not removing redundant sequences


	Sequences processed:
		Auto detected maximum sequence length of 290 bp
		16142 total

	Frequency Bins: 0.2 0.25 0.3 0.35 0.4 0.45 0.5 0.6 0.7 0.8
	Freq	Bin	Count
	0.3	2	16
	0.35	3	153
	0.4	4	638
	0.45	5	1756
	0.5	6	2611
	0.6	7	5900
	0.7	8	4086
	0.8	9	963
	10	10	19

	Total sequences set to 50000

	Choosing background that matches in CpG/GC content...
	Bin	# Targets	# Background	Background Weight
	2	16	34	0.987
	3	153	321	1.000
	4	638	1338	1.000
	5	1756	3683	1.000
	6	2611	5477	1.000
	7	5900	12375	1.000
	8	4086	8570	1.000
	9	963	2020	1.000
	10	19	40	0.996
	Assembling sequence file...
	Normalizing lower order oligos using homer2

	Reading input files...
	50000 total sequences read
	Autonormalization: 1-mers (4 total)
		A	22.47%	22.95%	0.979
		C	27.53%	27.05%	1.018
		G	27.53%	27.05%	1.018
		T	22.47%	22.95%	0.979
	Autonormalization: 2-mers (16 total)
		AA	6.15%	5.78%	1.065
		CA	6.66%	7.25%	0.919
		GA	6.12%	6.24%	0.981
		TA	3.51%	3.67%	0.957
		AC	4.84%	5.09%	0.951
		CC	8.85%	8.52%	1.039
		GC	7.74%	7.21%	1.073
		TC	6.12%	6.24%	0.981
		AG	7.60%	7.81%	0.974
		CG	4.40%	3.49%	1.261
		GG	8.85%	8.52%	1.039
		TG	6.66%	7.25%	0.919
		AT	3.88%	4.25%	0.913
		CT	7.60%	7.81%	0.974
		GT	4.84%	5.09%	0.951
		TT	6.15%	5.78%	1.065
	Autonormalization: 3-mers (64 total)
	Normalization weights can be found in file: /home1/gyang/work_space/4.ProjectET/batch5_cr/6.peak/CP_EPI_E6-5_Nanog_rep2_nolambda_peakAnalysis/seq.autonorm.tsv
	Converging on autonormalization solution:
	...............................................................................
	Final normalization:	Autonormalization: 1-mers (4 total)
		A	22.47%	22.43%	1.002
		C	27.53%	27.57%	0.999
		G	27.53%	27.57%	0.999
		T	22.47%	22.43%	1.002
	Autonormalization: 2-mers (16 total)
		AA	6.15%	5.94%	1.035
		CA	6.66%	6.78%	0.982
		GA	6.12%	6.15%	0.995
		TA	3.51%	3.56%	0.986
		AC	4.84%	4.88%	0.992
		CC	8.85%	8.83%	1.003
		GC	7.74%	7.70%	1.005
		TC	6.12%	6.15%	0.995
		AG	7.60%	7.58%	1.003
		CG	4.40%	4.38%	1.005
		GG	8.85%	8.83%	1.003
		TG	6.66%	6.78%	0.982
		AT	3.88%	4.03%	0.962
		CT	7.60%	7.58%	1.003
		GT	4.84%	4.88%	0.992
		TT	6.15%	5.94%	1.035
	Autonormalization: 3-mers (64 total)
	Finished preparing sequence/group files

	----------------------------------------------------------
	Known motif enrichment

	Reading input files...
	50000 total sequences read
	414 motifs loaded
	Cache length = 11180
	Using binomial scoring
	Checking enrichment of 414 motif(s)
	|0%                                    50%                                  100%|
	=================================================================================
	Preparing HTML output with sequence logos...
		1 of 414 (1e-97) Zfp281(Zf)/ES-Zfp281-ChIP-Seq(GSE81042)/Homer
		2 of 414 (1e-88) OCT4-SOX2-TCF-NANOG(POU,Homeobox,HMG)/mES-Oct4-ChIP-Seq(GSE11431)/Homer
		3 of 414 (1e-67) Brn1(POU,Homeobox)/NPC-Brn1-ChIP-Seq(GSE35496)/Homer
		4 of 414 (1e-64) Sp1(Zf)/Promoter/Homer
		5 of 414 (1e-50) Oct4(POU,Homeobox)/mES-Oct4-ChIP-Seq(GSE11431)/Homer
		6 of 414 (1e-49) Unknown-ESC-element(?)/mES-Nanog-ChIP-Seq(GSE11724)/Homer
		7 of 414 (1e-43) OCT:OCT(POU,Homeobox,IR1)/NPC-Brn2-ChIP-Seq(GSE35496)/Homer
		8 of 414 (1e-43) TCFL2(HMG)/K562-TCF7L2-ChIP-Seq(GSE29196)/Homer
		9 of 414 (1e-41) Oct6(POU,Homeobox)/NPC-Pou3f1-ChIP-Seq(GSE35496)/Homer
		10 of 414 (1e-39) Zic3(Zf)/mES-Zic3-ChIP-Seq(GSE37889)/Homer
		11 of 414 (1e-37) Ronin(THAP)/ES-Thap11-ChIP-Seq(GSE51522)/Homer
		12 of 414 (1e-33) KLF3(Zf)/MEF-Klf3-ChIP-Seq(GSE44748)/Homer
		13 of 414 (1e-31) Tcf3(HMG)/mES-Tcf3-ChIP-Seq(GSE11724)/Homer
		14 of 414 (1e-30) Oct2(POU,Homeobox)/Bcell-Oct2-ChIP-Seq(GSE21512)/Homer
		15 of 414 (1e-29) CTCF(Zf)/CD4+-CTCF-ChIP-Seq(Barski_et_al.)/Homer
		16 of 414 (1e-23) Klf9(Zf)/GBM-Klf9-ChIP-Seq(GSE62211)/Homer
		17 of 414 (1e-21) GFY(?)/Promoter/Homer
		18 of 414 (1e-19) Sp5(Zf)/mES-Sp5.Flag-ChIP-Seq(GSE72989)/Homer
		19 of 414 (1e-16) Brn2(POU,Homeobox)/NPC-Brn2-ChIP-Seq(GSE35496)/Homer
		20 of 414 (1e-16) GFY-Staf(?,Zf)/Promoter/Homer
		21 of 414 (1e-14) Dlx3(Homeobox)/Kerainocytes-Dlx3-ChIP-Seq(GSE89884)/Homer
		22 of 414 (1e-13) RFX(HTH)/K562-RFX3-ChIP-Seq(SRA012198)/Homer
		23 of 414 (1e-13) Rfx2(HTH)/LoVo-RFX2-ChIP-Seq(GSE49402)/Homer
		24 of 414 (1e-12) LEF1(HMG)/H1-LEF1-ChIP-Seq(GSE64758)/Homer
		25 of 414 (1e-11) E2F7(E2F)/Hela-E2F7-ChIP-Seq(GSE32673)/Homer
		26 of 414 (1e-11) NRF1(NRF)/MCF7-NRF1-ChIP-Seq(Unpublished)/Homer
		27 of 414 (1e-10) NRF(NRF)/Promoter/Homer
		28 of 414 (1e-9) ZNF652/HepG2-ZNF652.Flag-ChIP-Seq(Encode)/Homer
		29 of 414 (1e-9) X-box(HTH)/NPC-H3K4me1-ChIP-Seq(GSE16256)/Homer
		30 of 414 (1e-8) Six4(Homeobox)/MCF7-SIX4-ChIP-Seq(Encode)/Homer
		31 of 414 (1e-8) E-box(bHLH)/Promoter/Homer
		32 of 414 (1e-8) REST-NRSF(Zf)/Jurkat-NRSF-ChIP-Seq/Homer
		33 of 414 (1e-8) BORIS(Zf)/K562-CTCFL-ChIP-Seq(GSE32465)/Homer
		34 of 414 (1e-7) ETS(ETS)/Promoter/Homer
		35 of 414 (1e-7) GATA(Zf),IR4/iTreg-Gata3-ChIP-Seq(GSE20898)/Homer
		36 of 414 (1e-7) Elk4(ETS)/Hela-Elk4-ChIP-Seq(GSE31477)/Homer
		37 of 414 (1e-7) NFkB-p65-Rel(RHD)/ThioMac-LPS-Expression(GSE23622)/Homer
		38 of 414 (1e-6) Brachyury(T-box)/Mesoendoderm-Brachyury-ChIP-exo(GSE54963)/Homer
		39 of 414 (1e-5) Tbx21(T-box)/GM12878-TBX21-ChIP-Seq(Encode)/Homer
		40 of 414 (1e-5) Zic(Zf)/Cerebellum-ZIC1.2-ChIP-Seq(GSE60731)/Homer
		41 of 414 (1e-5) Tcf7(HMG)/GM12878-TCF7-ChIP-Seq(Encode)/Homer
		42 of 414 (1e-5) Klf4(Zf)/mES-Klf4-ChIP-Seq(GSE11431)/Homer
		43 of 414 (1e-5) Pax7(Paired,Homeobox),long/Myoblast-Pax7-ChIP-Seq(GSE25064)/Homer
		44 of 414 (1e-4) PBX1(Homeobox)/MCF7-PBX1-ChIP-Seq(GSE28007)/Homer
		45 of 414 (1e-4) E2F4(E2F)/K562-E2F4-ChIP-Seq(GSE31477)/Homer
		46 of 414 (1e-4) Sox2(HMG)/mES-Sox2-ChIP-Seq(GSE11431)/Homer
		47 of 414 (1e-4) E2F(E2F)/Hela-CellCycle-Expression/Homer
		48 of 414 (1e-4) Sox17(HMG)/Endoderm-Sox17-ChIP-Seq(GSE61475)/Homer
		49 of 414 (1e-3) TFE3(bHLH)/MEF-TFE3-ChIP-Seq(GSE75757)/Homer
		50 of 414 (1e-3) Lhx1(Homeobox)/EmbryoCarcinoma-Lhx1-ChIP-Seq(GSE70957)/Homer
		51 of 414 (1e-3) Phox2a(Homeobox)/Neuron-Phox2a-ChIP-Seq(GSE31456)/Homer
		52 of 414 (1e-3) Phox2b(Homeobox)/CLBGA-PHOX2B-ChIP-Seq(GSE90683)/Homer
		53 of 414 (1e-3) Elk1(ETS)/Hela-Elk1-ChIP-Seq(GSE31477)/Homer
		54 of 414 (1e-3) Atf4(bZIP)/MEF-Atf4-ChIP-Seq(GSE35681)/Homer
		55 of 414 (1e-3) Oct4:Sox17(POU,Homeobox,HMG)/F9-Sox17-ChIP-Seq(GSE44553)/Homer
		56 of 414 (1e-3) OCT:OCT(POU,Homeobox)/NPC-Brn1-ChIP-Seq(GSE35496)/Homer
		57 of 414 (1e-3) NFY(CCAAT)/Promoter/Homer
		58 of 414 (1e-3) JunD(bZIP)/K562-JunD-ChIP-Seq/Homer
		59 of 414 (1e-2) Otx2(Homeobox)/EpiLC-Otx2-ChIP-Seq(GSE56098)/Homer
		60 of 414 (1e-2) ELF1(ETS)/Jurkat-ELF1-ChIP-Seq(SRA014231)/Homer
		61 of 414 (1e-2) TEAD(TEA)/Fibroblast-PU.1-ChIP-Seq(Unpublished)/Homer
		62 of 414 (1e-2) TEAD2(TEA)/Py2T-Tead2-ChIP-Seq(GSE55709)/Homer
		63 of 414 (1e-2) Prop1(Homeobox)/GHFT1-PROP1.biotin-ChIP-Seq(GSE77302)/Homer
		64 of 414 (1e-2) NFkB-p50,p52(RHD)/Monocyte-p50-ChIP-Chip(Schreiber_et_al.)/Homer
		65 of 414 (1e-2) Lhx2(Homeobox)/HFSC-Lhx2-ChIP-Seq(GSE48068)/Homer
		66 of 414 (1e-2) RORg(NR)/Liver-Rorc-ChIP-Seq(GSE101115)/Homer
		67 of 414 (1e-2) CRE(bZIP)/Promoter/Homer
		68 of 414 (1e-2) ZNF675(Zf)/HEK293-ZNF675.GFP-ChIP-Seq(GSE58341)/Homer
	----------------------------------------------------------
	De novo motif finding (HOMER)

	Scanning input files...
	Parsing sequences...
	|0%                                   50%                                  100%|
	===============================================================================
	Total number of Oligos: 32896
	Autoadjustment for sequence coverage in background: 1.51x

	Oligos: 32896 of 34497 max
	Tree  : 67056 of 172485 max
	Optimizing memory usage...
	Cache length = 11180
	Using binomial scoring

	Global Optimization Phase: Looking for enriched oligos with up to 2 mismatches...

	Screening oligos 32896 (allowing 0 mismatches):
	|0%                                   50%                                  100%|
	================================================================================
		0.00% skipped, 100.00% checked (32896 of 32896), of those checked:
		0.00% not in target, 0.00% increased p-value, 0.00% high p-value

	Screening oligos 32896 (allowing 1 mismatches):
	|0%                                   50%                                  100%|
	================================================================================
		0.00% skipped, 100.00% checked (32896 of 32896), of those checked:
		0.00% not in target, 46.74% increased p-value, 40.95% high p-value

	Screening oligos 32896 (allowing 2 mismatches):
	|0%                                   50%                                  100%|
	================================================================================
		54.89% skipped, 45.11% checked (14839 of 32896), of those checked:
		0.00% not in target, 38.69% increased p-value, 0.00% high p-value
	Reading input files...
	50000 total sequences read
	Cache length = 11180
	Using binomial scoring

	Local Optimization Phase:
	1 of 25 Initial Sequence: TAATTAGC... (-311.264)
		Round 1: -522.10 TAATTAGC T:11618.2(51.31%),B:24583.5(38.79%),P:1e-226
		Round 2: -565.28 TRATTAGC T:9360.9(44.00%),B:18877.9(31.40%),P:1e-245
		Round 3: -565.28 TRATTAGC T:9360.9(44.00%),B:18877.9(31.40%),P:1e-245
		=Final=: -190.33 TRATTAGC T:3592.0(22.25%),B:5434.2(16.38%),P:1e-82
		Performing exhaustive masking of motif...
		Reprioritizing potential motifs...
	2 of 25 Initial Sequence: GGGGGGGT... (-248.769)
		Round 1: -306.58 GGGGGGGT T:11461.3(50.84%),B:26615.9(41.23%),P:1e-133
		Round 2: -414.83 WGGGGGGG T:12238.9(53.15%),B:27215.3(41.93%),P:1e-180
		Round 3: -414.83 WGGGGGGG T:12238.9(53.15%),B:27215.3(41.93%),P:1e-180
		=Final=: -26.27 WGGGGGGG T:4025.0(24.93%),B:7514.8(22.65%),P:1e-11
		Performing exhaustive masking of motif...
		Reprioritizing potential motifs...
	3 of 25 Initial Sequence: CGCGTTAA... (-234.892)
		Round 1: -320.42 CGCGTTAA T:9201.1(43.45%),B:20729.1(33.89%),P:1e-139
		Round 2: -320.42 CGCGTTAA T:9201.1(43.45%),B:20729.1(33.89%),P:1e-139
		=Final=: -114.25 CGCGTTAA T:1310.0(8.12%),B:1757.7(5.30%),P:1e-49
		Performing exhaustive masking of motif...
		Reprioritizing potential motifs...
	4 of 25 Initial Sequence: AGGGGCGT... (-223.017)
		Round 1: -354.57 AGGGGCGT T:10225.3(46.92%),B:22916.5(36.72%),P:1e-153
		Round 2: -439.08 WGGGGGGK T:11560.7(51.14%),B:25286.4(39.64%),P:1e-190
		Round 3: -439.08 WGGGGGGK T:11560.7(51.14%),B:25286.4(39.64%),P:1e-190
		=Final=: -92.44 WGGGGGGK T:2290.0(14.19%),B:3579.1(10.79%),P:1e-40
		Performing exhaustive masking of motif...
		Reprioritizing potential motifs...
	5 of 25 Initial Sequence: CCCGCCCC... (-187.329)
		Round 1: -305.47 HCCGCCCN T:11057.5(49.59%),B:25605.2(40.03%),P:1e-132
		Round 2: -383.95 YCCGCCYW T:14409.7(59.04%),B:32952.9(48.21%),P:1e-166
		Round 3: -383.95 YCCGCCYW T:14409.7(59.04%),B:32952.9(48.21%),P:1e-166
		=Final=: -48.84 YCCGCCYW T:4364.0(27.04%),B:7889.4(23.78%),P:1e-21
		Performing exhaustive masking of motif...
		Reprioritizing potential motifs...
	6 of 25 Initial Sequence: CCGCCCCT... (-177.991)
		Round 1: -255.49 CCGCCCCT T:5010.2(26.68%),B:10804.9(19.41%),P:1e-110
		Round 2: -255.49 CCGCCCCT T:5010.2(26.68%),B:10804.9(19.41%),P:1e-110
		=Final=: -55.25 CCGCCCCT T:3530.0(21.87%),B:6194.9(18.68%),P:1e-23
		Performing exhaustive masking of motif...
		Reprioritizing potential motifs...
	7 of 25 Initial Sequence: CCGGAATT... (-163.489)
		Round 1: -277.08 CCGGAATT T:8282.7(40.14%),B:18880.7(31.41%),P:1e-120
		Round 2: -311.68 NCGGAWTH T:10295.3(47.15%),B:23591.5(37.57%),P:1e-135
		Round 3: -311.68 NCGGAWTH T:10295.3(47.15%),B:23591.5(37.57%),P:1e-135
		=Final=: -61.64 NCGGAWTH T:524.0(3.25%),B:649.7(1.96%),P:1e-26
		Performing exhaustive masking of motif...
		Reprioritizing potential motifs...
	8 of 25 Initial Sequence: GCGAATTA... (-154.725)
		Round 1: -205.67 GCGAATTA T:10462.9(47.70%),B:25485.6(39.88%),P:1e-89
		Round 2: -228.17 GCGAATTA T:10457.2(47.68%),B:25125.7(39.45%),P:1e-99
		Round 3: -278.40 GCGAATTA T:9581.5(44.76%),B:22181.5(35.78%),P:1e-120
		Round 4: -280.31 GCGRWTTM T:8249.1(40.01%),B:18759.4(31.24%),P:1e-121
		Round 5: -288.32 GCGVWTTA T:10491.2(47.79%),B:24382.7(38.55%),P:1e-125
		Round 6: -310.60 GCGAATTA T:10911.4(49.13%),B:25168.4(39.50%),P:1e-134
		Round 7: -310.60 GCGAATTA T:10911.4(49.13%),B:25168.4(39.50%),P:1e-134
		=Final=: -113.12 GCGAATTA T:1360.0(8.43%),B:1845.9(5.56%),P:1e-49
		Performing exhaustive masking of motif...
		Reprioritizing potential motifs...
	9 of 25 Initial Sequence: TTAACACC... (-147.388)
		Round 1: -217.02 TTAACACC T:3580.3(19.89%),B:7528.0(13.96%),P:1e-94
		Round 2: -217.02 TTAACACC T:3580.3(19.89%),B:7528.0(13.96%),P:1e-94
		=Final=: -151.55 TTAACACC T:1543.0(9.56%),B:2014.8(6.07%),P:1e-65
		Performing exhaustive masking of motif...
		Reprioritizing potential motifs...
	10 of 25 Initial Sequence: GATTAAGC... (-130.376)
		Round 1: -222.56 GATTAAGC T:5951.1(30.84%),B:13495.3(23.62%),P:1e-96
		Round 2: -223.15 RATTAVGC T:7642.8(37.71%),B:17857.8(29.99%),P:1e-96
		Round 3: -228.49 GATTAMGC T:10228.5(46.93%),B:24526.6(38.72%),P:1e-99
		Round 4: -231.54 RATTMCGS T:10246.9(46.99%),B:24525.4(38.72%),P:1e-100
		Round 5: -266.71 RATTMCGB T:9755.9(45.36%),B:22777.4(36.54%),P:1e-115
		Round 6: -266.71 RATTMCGB T:9755.9(45.36%),B:22777.4(36.54%),P:1e-115
		=Final=: -33.79 RATTMCGB T:844.0(5.23%),B:1315.7(3.97%),P:1e-14
		Performing exhaustive masking of motif...
		Reprioritizing potential motifs...
	11 of 25 Initial Sequence: AGGCTTAA... (-124.883)
		Round 1: -202.65 AGGCTTAA T:10340.2(47.30%),B:25212.0(39.55%),P:1e-88
		Round 2: -202.65 AGGCTTAA T:10340.2(47.30%),B:25212.0(39.55%),P:1e-88
		=Final=: -36.14 AGGCTTAA T:946.0(5.86%),B:1484.1(4.47%),P:1e-15
		Performing exhaustive masking of motif...
		Reprioritizing potential motifs...
	12 of 25 Initial Sequence: AAAGCTCG... (-120.210)
		Round 1: -164.69 AAAGCTCG T:10305.9(47.19%),B:25752.1(40.20%),P:1e-71
		Round 2: -171.57 AAAGCTCG T:8361.7(40.43%),B:20441.7(33.51%),P:1e-74
		Round 3: -190.91 AAASCCCG T:9817.6(45.57%),B:24014.8(38.09%),P:1e-82
		Round 4: -195.02 AAASCCCG T:9795.4(45.49%),B:23892.2(37.94%),P:1e-84
		Round 5: -195.02 AAASCCCG T:9795.4(45.49%),B:23892.2(37.94%),P:1e-84
		=Final=: -15.15 AAASCCCG T:1230.0(7.62%),B:2194.7(6.62%),P:1e-6
		Performing exhaustive masking of motif...
		Reprioritizing potential motifs...
	13 of 25 Initial Sequence: ATTTGCAT... (-117.387)
		Round 1: -157.12 ATTTGCAT T:1817.2(10.65%),B:3576.6(6.89%),P:1e-68
		Round 2: -186.44 ATTTACAT T:2616.9(14.96%),B:5353.0(10.14%),P:1e-80
		Round 3: -186.44 ATTTACAT T:2616.9(14.96%),B:5353.0(10.14%),P:1e-80
		=Final=: -108.32 ATTTACAT T:2069.0(12.82%),B:3096.1(9.33%),P:1e-47
		Performing exhaustive masking of motif...
		Reprioritizing potential motifs...
	14 of 25 Initial Sequence: CGCTTTCA... (-111.833)
		Round 1: -185.66 CGCTTTCA T:10197.9(46.83%),B:25105.7(39.43%),P:1e-80
		Round 2: -237.40 CGCTTTCA T:10554.5(48.00%),B:25244.7(39.59%),P:1e-103
		Round 3: -237.40 CGCTTTCA T:10554.5(48.00%),B:25244.7(39.59%),P:1e-103
		=Final=: -50.13 CGCTTTCA T:2932.0(18.16%),B:5091.2(15.35%),P:1e-21
		Performing exhaustive masking of motif...
		Reprioritizing potential motifs...
	15 of 25 Initial Sequence: CCGGAAGT... (-108.811)
		Round 1: -219.39 CCGGAAGT T:9422.2(44.22%),B:22548.5(36.25%),P:1e-95
		Round 2: -276.64 CCGGAAWW T:10810.6(48.81%),B:25355.0(39.73%),P:1e-120
		Round 3: -276.64 CCGGAAWW T:10810.6(48.81%),B:25355.0(39.73%),P:1e-120
		=Final=: -68.59 CCGGAAWW T:3514.0(21.77%),B:6042.1(18.21%),P:1e-29
		Performing exhaustive masking of motif...
		Reprioritizing potential motifs...
	16 of 25 Initial Sequence: CCTTTGTT... (-105.275)
		Round 1: -193.05 CCTTTGTT T:4006.8(21.98%),B:8789.5(16.10%),P:1e-83
		Round 2: -193.05 CCTTTGTT T:4006.8(21.98%),B:8789.5(16.10%),P:1e-83
		=Final=: -85.02 CCTTTGTT T:1677.0(10.39%),B:2517.5(7.59%),P:1e-36
		Performing exhaustive masking of motif...
		Reprioritizing potential motifs...
	17 of 25 Initial Sequence: CTCCCCCA... (-102.997)
		Round 1: -212.04 CTCCCCCA T:5995.0(31.02%),B:13715.0(23.96%),P:1e-92
		Round 2: -212.04 CTCCCCCA T:5995.0(31.02%),B:13715.0(23.96%),P:1e-92
		=Final=: -83.92 CTCCCCCA T:2277.0(14.11%),B:3606.7(10.87%),P:1e-36
		Performing exhaustive masking of motif...
		Reprioritizing potential motifs...
	18 of 25 Initial Sequence: CGCATGCG... (-94.478)
		Round 1: -124.60 CGCATGCG T:6203.7(31.91%),B:15349.4(26.40%),P:1e-54
		Round 2: -132.90 CGMAARCG T:6435.2(32.88%),B:15853.0(27.13%),P:1e-57
		Round 3: -145.21 CGMAARCG T:3942.5(21.67%),B:9064.7(16.56%),P:1e-63
		Round 4: -171.64 CGMAAGCK T:9761.8(45.38%),B:24176.6(38.29%),P:1e-74
		Round 5: -202.22 CGMWAGSK T:7791.1(38.29%),B:18510.3(30.90%),P:1e-87
		Round 6: -210.20 CGCAWGCG T:10086.7(46.47%),B:24425.7(38.60%),P:1e-91
		Round 7: -216.98 CGMTWRRT T:9721.9(45.24%),B:23365.4(37.28%),P:1e-94
		Round 8: -216.98 CGMTWRRT T:9721.9(45.24%),B:23365.4(37.28%),P:1e-94
		=Final=: -49.74 CGMTWRRT T:2132.0(13.21%),B:3575.6(10.78%),P:1e-21
		Performing exhaustive masking of motif...
		Reprioritizing potential motifs...
	19 of 25 Initial Sequence: GCATGCGC... (-84.502)
		Round 1: -146.14 GCATGCGC T:1935.4(11.30%),B:3930.6(7.55%),P:1e-63
		Round 2: -147.93 GCTTGCGC T:2227.1(12.89%),B:4643.5(8.85%),P:1e-64
		Round 3: -147.93 GCTTGCGC T:2227.1(12.89%),B:4643.5(8.85%),P:1e-64
		=Final=: -27.51 GCTTGCGC T:1073.0(6.65%),B:1777.0(5.36%),P:1e-11
		Performing exhaustive masking of motif...
		Reprioritizing potential motifs...
	20 of 25 Initial Sequence: TTCAAAGG... (-73.660)
		Round 1: -136.47 TTCAAAGG T:7678.5(37.85%),B:19156.8(31.79%),P:1e-59
		Round 2: -141.38 HTCAAAVG T:5702.8(29.76%),B:13767.8(24.04%),P:1e-61
		Round 3: -149.36 WWCAAAAG T:4447.4(24.08%),B:10348.6(18.67%),P:1e-64
		Round 4: -156.36 WWSAAACG T:5506.3(28.90%),B:13061.8(22.96%),P:1e-67
		Round 5: -168.00 WTCAAACG T:8119.3(39.53%),B:19850.0(32.72%),P:1e-72
		Round 6: -168.00 WTCAAACG T:8119.3(39.53%),B:19850.0(32.72%),P:1e-72
		=Final=: -42.07 WTCAAACG T:827.0(5.12%),B:1238.6(3.73%),P:1e-18
		Performing exhaustive masking of motif...
		Reprioritizing potential motifs...
	21 of 25 Initial Sequence: GGCGTGGC... (-73.653)
		Round 1: -129.98 GGCGTNRC T:9592.9(44.80%),B:24468.7(38.65%),P:1e-56
		Round 2: -175.33 SRCGTSAC T:4474.1(24.21%),B:10152.9(18.35%),P:1e-76
		Round 3: -175.33 SRCGTSAC T:4474.1(24.21%),B:10152.9(18.35%),P:1e-76
		=Final=: -37.18 SRCGTSAC T:1378.0(8.54%),B:2267.2(6.83%),P:1e-16
		Performing exhaustive masking of motif...
		Reprioritizing potential motifs...
	22 of 25 Initial Sequence: TTTCGCAG... (-70.839)
		Round 1: -92.60 TTTCGCAG T:7696.4(37.92%),B:19998.9(32.92%),P:1e-40
		Round 2: -92.60 TTTCGCAG T:7696.4(37.92%),B:19998.9(32.92%),P:1e-40
		=Final=: -20.17 TTTCGCAG T:608.0(3.77%),B:977.6(2.95%),P:1e-8
		Performing exhaustive masking of motif...
		Reprioritizing potential motifs...
	23 of 25 Initial Sequence: CCTGCTGT... (-65.879)
		Round 1: -179.93 CCTGCTGT T:5091.3(27.05%),B:11709.0(20.85%),P:1e-78
		Round 2: -179.93 CCTGCTGT T:5091.3(27.05%),B:11709.0(20.85%),P:1e-78
		=Final=: -44.93 CCTGCTGT T:3887.0(24.08%),B:6997.6(21.10%),P:1e-19
		Performing exhaustive masking of motif...
		Reprioritizing potential motifs...
	24 of 25 Initial Sequence: TAAATTCT... (-65.428)
		Round 1: -99.38 TAAATTCT T:1222.7(7.29%),B:2457.3(4.79%),P:1e-43
		Round 2: -99.38 TAAATTCT T:1222.7(7.29%),B:2457.3(4.79%),P:1e-43
		=Final=: -77.46 TAAATTCT T:1007.0(6.24%),B:1388.4(4.19%),P:1e-33
		Performing exhaustive masking of motif...
		Reprioritizing potential motifs...
	25 of 25 Initial Sequence: CTAATCCG... (-64.408)
		Round 1: -98.24 CTAATCCG T:2473.9(14.20%),B:5668.4(10.70%),P:1e-42
		Round 2: -109.82 CTAATCCG T:3826.6(21.10%),B:9140.5(16.68%),P:1e-47
		Round 3: -124.25 YTAATCCG T:9974.9(46.09%),B:25630.5(40.06%),P:1e-53
		Round 4: -124.25 YTAATCCG T:9974.9(46.09%),B:25630.5(40.06%),P:1e-53
		=Final=: -95.96 YTAATCCG T:1597.0(9.89%),B:2323.9(7.01%),P:1e-41
		Performing exhaustive masking of motif...
		Reprioritizing potential motifs...

	Finalizing Enrichment Statistics (new in v3.4)
	Reading input files...
	50000 total sequences read
	Cache length = 11180
	Using binomial scoring
	Checking enrichment of 25 motif(s)
	|0%                                    50%                                  100%|
	=================================================================================
	Output in file: /home1/gyang/work_space/4.ProjectET/batch5_cr/6.peak/CP_EPI_E6-5_Nanog_rep2_nolambda_peakAnalysis/homerMotifs.motifs8

	(Motifs in homer2 format)
	Determining similar motifs... 25 reduced to 14 motifs
	Outputing HTML and sequence logos for motif comparison...
	Checking de novo motifs against known motifs...
	Formatting HTML page...
		1 of 14 (1e-82) similar to EVX1/MA0887.1/Jaspar(0.822)
		2 of 14 (1e-70) similar to Eomes(T-box)/H9-Eomes-ChIP-Seq(GSE26097)/Homer(0.920)
		3 of 14 (1e-60) similar to OTX1/MA0711.1/Jaspar(0.904)
		4 of 14 (1e-39) similar to ZNF740/MA0753.1/Jaspar(0.840)
		5 of 14 (1e-37) similar to PB0171.1_Sox18_2/Jaspar(0.677)
		6 of 14 (1e-37) similar to Sox2/MA0143.3/Jaspar(0.939)
		7 of 14 (1e-29) similar to Elk4(ETS)/Hela-Elk4-ChIP-Seq(GSE31477)/Homer(0.864)
		8 of 14 (1e-28) similar to Sp2(Zf)/HEK293-Sp2.eGFP-ChIP-Seq(Encode)/Homer(0.819)
		9 of 14 (1e-27) similar to IRF4(IRF)/GM12878-IRF4-ChIP-Seq(GSE32465)/Homer(0.750)
		10 of 14 (1e-22) similar to VENTX/MA0724.1/Jaspar(0.658)
		11 of 14 (1e-20) similar to Unknown-ESC-element(?)/mES-Nanog-ChIP-Seq(GSE11724)/Homer(0.920)
		12 of 14 (1e-16) similar to Atf1/MA0604.1/Jaspar(0.810)
		13 of 14 (1e-13) similar to NRF1/MA0506.1/Jaspar(0.822)
		14 of 14 (1e-8) similar to Rbpj1(?)/Panc1-Rbpj1-ChIP-Seq(GSE47459)/Homer(0.743)
	Job finished - if results look good, please send beer to ..

	Cleaning up tmp files...

