
	Position file = CP_EPI_E6-5_Sox2_rep1_nolambda_peaks.mergedPeak
	Genome = mm10
	Output Directory = /home1/gyang/work_space/4.ProjectET/batch5_cr/6.peak/CP_EPI_E6-5_Sox2_rep1_nolambda_peakAnalysis
	Using actual sizes of regions (-size given)
	Fragment size set to given
	Using 10 CPUs
	Motif length set at 8,
	Found mset for "mouse", will check against vertebrates motifs
	Peak/BED file conversion summary:
		BED/Header formatted lines: 3351
		peakfile formatted lines: 0

	Peak File Statistics:
		Total Peaks: 3351
		Redundant Peak IDs: 0
		Peaks lacking information: 0 (need at least 5 columns per peak)
		Peaks with misformatted coordinates: 0 (should be integer)
		Peaks with misformatted strand: 0 (should be either +/- or 0/1)

	Peak file looks good!

	Background fragment size set to 561 (avg size of targets)
	Could not find background files for 561 bp fragments
	Below are the sizes that are already available prepared.
		133
		200
		224
		283
		330
		332
		342
		354
		356
		368
		369
		370
		373
		378
		384
		385
		390
		392
		400
		411
		416
		418
		419
		420
		423
		424
		433
		438
		442
		443
		444
		445
		447
		448
		449
		451
		454
		455
		457
		461
		463
		468
		471
		472
		475
		476
		478
		479
		486
		487
		489
		497
		502
		504
		519
		525
		526
		534
		536
		539
		550
		560
		562
		565
		566
		567
		570
		586
		588
		589
		590
		596
		598
		603
		607
		624
		644
		648
		664
		671
		674
		676
		698
		703
		704
		709
		712
		716
		724
		735
		736
		739
		740
		741
		743
		747
		758
		780
		783
		786
		789
		815
		828
		843
		892
		917
		926
		956
		973
		998
		999
		1016
		1078
		1142
		1178
		1222
		1249
		1259
		1262
		1288
		1296
		1332
		1376
		1406
		1410
		1448
		1455
		1499
		1547
		1575
		1619
		1623
		1848
		1925
		1930
		1959
		2017
		2116
		2151
		2488
		2499
		7879
		7974
	HOMER will now create background files for 561 bp fragments
	To CANCEL and rerun with a differet "-size <#>", hit <CTRL+C> now!
		5
		4
		3
		2
		1
	Preparsing genome for 561 bp fragments...(will probably take 1-5 min)
	preparse size set to 561

	By default, using /usr/local/software/homer/.//data/genomes/mm10//mm10.tss for reference positions
	Output files will be placed in /usr/local/software/homer/.//data/genomes/mm10//preparsed//mm10.561.* ...
	By default, HOMER will set the the preparsed Directory to be group read/write
chmod: changing permissions of ‘/usr/local/software/homer/.//data/genomes/mm10//preparsed/’: Operation not permitted
	Extracting sequences

	Extracting sequences from directory: /usr/local/software/homer/.//data/genomes/mm10//
	Extracting 79329 sequences from chr1
	Extracting 94283 sequences from chr2
	Extracting 64524 sequences from chr3
	Extracting 71976 sequences from chr4
	Extracting 73788 sequences from chr5
	Extracting 70434 sequences from chr6
	Extracting 87698 sequences from chr7
	Extracting 54580 sequences from chr8
	Extracting 66125 sequences from chr9
	Extracting 60539 sequences from chr10
	Extracting 71023 sequences from chr11
	Extracting 45122 sequences from chr12
	Extracting 52640 sequences from chr13
	Extracting 48416 sequences from chr14
	Extracting 44658 sequences from chr15
	Extracting 41941 sequences from chr16
	Extracting 50290 sequences from chr17
	Extracting 36135 sequences from chr18
	Extracting 34489 sequences from chr19
	Extracting 68254 sequences from chrX
	Extracting 9789 sequences from chrY
	Extracting 101 sequences from chr1_GL456211_random
	Extracting 174 sequences from chr1_GL456221_random
	Extracting 56 sequences from chr4_GL456216_random
	Extracting 262 sequences from chr4_GL456350_random
	Extracting 49 sequences from chr4_JH584292_random
	Extracting 159 sequences from chr4_JH584293_random
	Extracting 174 sequences from chr4_JH584294_random
	Extracting 215 sequences from chr5_GL456354_random
	Extracting 98 sequences from chr5_JH584296_random
	Extracting 113 sequences from chr5_JH584297_random
	Extracting 187 sequences from chr5_JH584298_random
	Extracting 412 sequences from chr5_JH584299_random
	Extracting 151 sequences from chr7_GL456219_random
	Extracting 98 sequences from chrUn_JH584304
	Extracting 291 sequences from chrX_GL456233_random
		3393 of 1228422 removed because they had >70.00% Ns (i.e. masked repeats)

	Sequences processed:
		Auto detected maximum sequence length of 561 bp
		100000
		200000
		300000
		400000
		500000
		600000
		700000
		800000
		900000
		1000000
		1100000
		1200000
		1225029 total

	Frequency Bins: 0.01 0.02 0.03 0.04 0.05 0.06 0.08 0.1 0.12 0.14 0.16
	Freq	Bin	Count
	0.01	0	754940
	0.02	1	355883
	0.03	2	61978
	0.04	3	20161
	0.05	4	7193
	0.06	5	5763
	0.08	6	7652
	0.1	7	5334
	0.12	8	3465
	0.14	9	1623
	0.16	10	760
	11	11	277
	Frequency Bins: 0.2 0.25 0.3 0.35 0.4 0.45 0.5 0.6 0.7 0.8
	Freq	Bin	Count
	0.2	0	60
	0.25	1	1069
	0.3	2	15993
	0.35	3	91011
	0.4	4	258658
	0.45	5	364328
	0.5	6	298551
	0.6	7	172628
	0.7	8	17921
	0.8	9	4596
	10	10	214


	Extracting sequences from directory: /usr/local/software/homer/.//data/genomes/mm10//
	Extracting 240 sequences from chr1
	Extracting 252 sequences from chr2
	Extracting 177 sequences from chr3
	Extracting 243 sequences from chr4
	Extracting 213 sequences from chr5
	Extracting 170 sequences from chr6
	Extracting 226 sequences from chr7
	Extracting 186 sequences from chr8
	Extracting 180 sequences from chr9
	Extracting 175 sequences from chr10
	Extracting 247 sequences from chr11
	Extracting 127 sequences from chr12
	Extracting 130 sequences from chr13
	Extracting 132 sequences from chr14
	Extracting 120 sequences from chr15
	Extracting 82 sequences from chr16
	Extracting 174 sequences from chr17
	Extracting 102 sequences from chr18
	Extracting 117 sequences from chr19
	Extracting 53 sequences from chrX
	Extracting 3 sequences from chrY
	Extracting 2 sequences from chrM

	Not removing redundant sequences


	Sequences processed:
		Auto detected maximum sequence length of 659 bp
		3351 total

	Frequency Bins: 0.2 0.25 0.3 0.35 0.4 0.45 0.5 0.6 0.7 0.8
	Freq	Bin	Count
	0.3	2	4
	0.35	3	54
	0.4	4	256
	0.45	5	480
	0.5	6	539
	0.6	7	1068
	0.7	8	767
	0.8	9	182
	10	10	1

	Total sequences set to 50000

	Choosing background that matches in CpG/GC content...
	Bin	# Targets	# Background	Background Weight
	2	4	56	0.994
	3	54	752	1.000
	4	256	3564	1.000
	5	480	6682	1.000
	6	539	7503	1.000
	7	1068	14868	1.000
	8	767	10677	1.000
	9	182	2534	1.000
	10	1	14	0.994
	Assembling sequence file...
	Normalizing lower order oligos using homer2

	Reading input files...
	50001 total sequences read
	Autonormalization: 1-mers (4 total)
		A	23.26%	23.63%	0.984
		C	26.74%	26.37%	1.014
		G	26.74%	26.37%	1.014
		T	23.26%	23.63%	0.984
	Autonormalization: 2-mers (16 total)
		AA	6.60%	6.12%	1.078
		CA	6.63%	7.31%	0.908
		GA	6.16%	6.25%	0.986
		TA	3.83%	3.93%	0.975
		AC	4.85%	5.14%	0.943
		CC	8.59%	8.15%	1.054
		GC	7.17%	6.84%	1.048
		TC	6.16%	6.25%	0.986
		AG	7.54%	7.78%	0.969
		CG	3.96%	3.14%	1.260
		GG	8.59%	8.15%	1.054
		TG	6.63%	7.31%	0.908
		AT	4.28%	4.57%	0.936
		CT	7.54%	7.78%	0.969
		GT	4.85%	5.14%	0.943
		TT	6.60%	6.12%	1.078
	Autonormalization: 3-mers (64 total)
	Normalization weights can be found in file: /home1/gyang/work_space/4.ProjectET/batch5_cr/6.peak/CP_EPI_E6-5_Sox2_rep1_nolambda_peakAnalysis/seq.autonorm.tsv
	Converging on autonormalization solution:
	...............................................................................
	Final normalization:	Autonormalization: 1-mers (4 total)
		A	23.26%	23.24%	1.001
		C	26.74%	26.76%	0.999
		G	26.74%	26.76%	0.999
		T	23.26%	23.24%	1.001
	Autonormalization: 2-mers (16 total)
		AA	6.60%	6.41%	1.030
		CA	6.63%	6.77%	0.980
		GA	6.16%	6.19%	0.996
		TA	3.83%	3.86%	0.992
		AC	4.85%	4.89%	0.992
		CC	8.59%	8.50%	1.011
		GC	7.17%	7.18%	0.998
		TC	6.16%	6.19%	0.996
		AG	7.54%	7.55%	0.999
		CG	3.96%	3.95%	1.004
		GG	8.59%	8.50%	1.011
		TG	6.63%	6.77%	0.980
		AT	4.28%	4.39%	0.976
		CT	7.54%	7.55%	0.999
		GT	4.85%	4.89%	0.992
		TT	6.60%	6.41%	1.030
	Autonormalization: 3-mers (64 total)
	Finished preparing sequence/group files

	----------------------------------------------------------
	Known motif enrichment

	Reading input files...
	50001 total sequences read
	414 motifs loaded
	Cache length = 11180
	Using binomial scoring
	Checking enrichment of 414 motif(s)
	|0%                                    50%                                  100%|
	=================================================================================
	Preparing HTML output with sequence logos...
		1 of 414 (1e-124) GFX(?)/Promoter/Homer
		2 of 414 (1e-123) Sox2(HMG)/mES-Sox2-ChIP-Seq(GSE11431)/Homer
		3 of 414 (1e-92) Sox17(HMG)/Endoderm-Sox17-ChIP-Seq(GSE61475)/Homer
		4 of 414 (1e-87) ZBTB33(Zf)/GM12878-ZBTB33-ChIP-Seq(GSE32465)/Homer
		5 of 414 (1e-84) Sox15(HMG)/CPA-Sox15-ChIP-Seq(GSE62909)/Homer
		6 of 414 (1e-68) Sox3(HMG)/NPC-Sox3-ChIP-Seq(GSE33059)/Homer
		7 of 414 (1e-62) Sox4(HMG)/proB-Sox4-ChIP-Seq(GSE50066)/Homer
		8 of 414 (1e-60) Sox10(HMG)/SciaticNerve-Sox3-ChIP-Seq(GSE35132)/Homer
		9 of 414 (1e-59) Sox6(HMG)/Myotubes-Sox6-ChIP-Seq(GSE32627)/Homer
		10 of 414 (1e-46) OCT4-SOX2-TCF-NANOG(POU,Homeobox,HMG)/mES-Oct4-ChIP-Seq(GSE11431)/Homer
		11 of 414 (1e-36) Zfp281(Zf)/ES-Zfp281-ChIP-Seq(GSE81042)/Homer
		12 of 414 (1e-32) OCT:OCT(POU,Homeobox,IR1)/NPC-Brn2-ChIP-Seq(GSE35496)/Homer
		13 of 414 (1e-28) KLF3(Zf)/MEF-Klf3-ChIP-Seq(GSE44748)/Homer
		14 of 414 (1e-26) Sp1(Zf)/Promoter/Homer
		15 of 414 (1e-26) Sp5(Zf)/mES-Sp5.Flag-ChIP-Seq(GSE72989)/Homer
		16 of 414 (1e-22) Oct6(POU,Homeobox)/NPC-Pou3f1-ChIP-Seq(GSE35496)/Homer
		17 of 414 (1e-20) LEF1(HMG)/H1-LEF1-ChIP-Seq(GSE64758)/Homer
		18 of 414 (1e-20) Unknown-ESC-element(?)/mES-Nanog-ChIP-Seq(GSE11724)/Homer
		19 of 414 (1e-20) Sox9(HMG)/Limb-SOX9-ChIP-Seq(GSE73225)/Homer
		20 of 414 (1e-19) Brn2(POU,Homeobox)/NPC-Brn2-ChIP-Seq(GSE35496)/Homer
		21 of 414 (1e-18) Brn1(POU,Homeobox)/NPC-Brn1-ChIP-Seq(GSE35496)/Homer
		22 of 414 (1e-18) Klf9(Zf)/GBM-Klf9-ChIP-Seq(GSE62211)/Homer
		23 of 414 (1e-16) Sp2(Zf)/HEK293-Sp2.eGFP-ChIP-Seq(Encode)/Homer
		24 of 414 (1e-15) Oct4(POU,Homeobox)/mES-Oct4-ChIP-Seq(GSE11431)/Homer
		25 of 414 (1e-14) Klf4(Zf)/mES-Klf4-ChIP-Seq(GSE11431)/Homer
		26 of 414 (1e-13) Zic(Zf)/Cerebellum-ZIC1.2-ChIP-Seq(GSE60731)/Homer
		27 of 414 (1e-13) Zic3(Zf)/mES-Zic3-ChIP-Seq(GSE37889)/Homer
		28 of 414 (1e-11) Oct2(POU,Homeobox)/Bcell-Oct2-ChIP-Seq(GSE21512)/Homer
		29 of 414 (1e-11) Maz(Zf)/HepG2-Maz-ChIP-Seq(GSE31477)/Homer
		30 of 414 (1e-11) KLF5(Zf)/LoVo-KLF5-ChIP-Seq(GSE49402)/Homer
		31 of 414 (1e-9) Ronin(THAP)/ES-Thap11-ChIP-Seq(GSE51522)/Homer
		32 of 414 (1e-9) KLF6(Zf)/PDAC-KLF6-ChIP-Seq(GSE64557)/Homer
		33 of 414 (1e-9) PBX1(Homeobox)/MCF7-PBX1-ChIP-Seq(GSE28007)/Homer
		34 of 414 (1e-7) KLF14(Zf)/HEK293-KLF14.GFP-ChIP-Seq(GSE58341)/Homer
		35 of 414 (1e-7) TEAD1(TEAD)/HepG2-TEAD1-ChIP-Seq(Encode)/Homer
		36 of 414 (1e-6) GFY(?)/Promoter/Homer
		37 of 414 (1e-5) Tcf3(HMG)/mES-Tcf3-ChIP-Seq(GSE11724)/Homer
		38 of 414 (1e-5) TEAD(TEA)/Fibroblast-PU.1-ChIP-Seq(Unpublished)/Homer
		39 of 414 (1e-5) OCT:OCT(POU,Homeobox)/NPC-Brn1-ChIP-Seq(GSE35496)/Homer
		40 of 414 (1e-5) TCFL2(HMG)/K562-TCF7L2-ChIP-Seq(GSE29196)/Homer
		41 of 414 (1e-5) FOXP1(Forkhead)/H9-FOXP1-ChIP-Seq(GSE31006)/Homer
		42 of 414 (1e-5) TEAD4(TEA)/Tropoblast-Tead4-ChIP-Seq(GSE37350)/Homer
		43 of 414 (1e-5) Pknox1(Homeobox)/ES-Prep1-ChIP-Seq(GSE63282)/Homer
		44 of 414 (1e-5) Otx2(Homeobox)/EpiLC-Otx2-ChIP-Seq(GSE56098)/Homer
		45 of 414 (1e-5) Elk4(ETS)/Hela-Elk4-ChIP-Seq(GSE31477)/Homer
		46 of 414 (1e-5) Tcf7(HMG)/GM12878-TCF7-ChIP-Seq(Encode)/Homer
		47 of 414 (1e-4) Atf4(bZIP)/MEF-Atf4-ChIP-Seq(GSE35681)/Homer
		48 of 414 (1e-4) RFX(HTH)/K562-RFX3-ChIP-Seq(SRA012198)/Homer
		49 of 414 (1e-4) NFY(CCAAT)/Promoter/Homer
		50 of 414 (1e-4) Dlx3(Homeobox)/Kerainocytes-Dlx3-ChIP-Seq(GSE89884)/Homer
		51 of 414 (1e-4) X-box(HTH)/NPC-H3K4me1-ChIP-Seq(GSE16256)/Homer
		52 of 414 (1e-4) GFY-Staf(?,Zf)/Promoter/Homer
		53 of 414 (1e-4) TEAD2(TEA)/Py2T-Tead2-ChIP-Seq(GSE55709)/Homer
		54 of 414 (1e-4) Brachyury(T-box)/Mesoendoderm-Brachyury-ChIP-exo(GSE54963)/Homer
		55 of 414 (1e-4) Pit1+1bp(Homeobox)/GCrat-Pit1-ChIP-Seq(GSE58009)/Homer
		56 of 414 (1e-3) Rfx2(HTH)/LoVo-RFX2-ChIP-Seq(GSE49402)/Homer
		57 of 414 (1e-3) ELF1(ETS)/Jurkat-ELF1-ChIP-Seq(SRA014231)/Homer
		58 of 414 (1e-3) Lhx1(Homeobox)/EmbryoCarcinoma-Lhx1-ChIP-Seq(GSE70957)/Homer
		59 of 414 (1e-3) ETS(ETS)/Promoter/Homer
		60 of 414 (1e-3) Elk1(ETS)/Hela-Elk1-ChIP-Seq(GSE31477)/Homer
		61 of 414 (1e-3) FOXK2(Forkhead)/U2OS-FOXK2-ChIP-Seq(E-MTAB-2204)/Homer
		62 of 414 (1e-3) Lhx3(Homeobox)/Neuron-Lhx3-ChIP-Seq(GSE31456)/Homer
		63 of 414 (1e-3) WT1(Zf)/Kidney-WT1-ChIP-Seq(GSE90016)/Homer
		64 of 414 (1e-3) GATA(Zf),IR4/iTreg-Gata3-ChIP-Seq(GSE20898)/Homer
		65 of 414 (1e-3) E2F4(E2F)/K562-E2F4-ChIP-Seq(GSE31477)/Homer
		66 of 414 (1e-3) Lhx2(Homeobox)/HFSC-Lhx2-ChIP-Seq(GSE48068)/Homer
		67 of 414 (1e-3) Oct4:Sox17(POU,Homeobox,HMG)/F9-Sox17-ChIP-Seq(GSE44553)/Homer
		68 of 414 (1e-3) MYNN(Zf)/HEK293-MYNN.eGFP-ChIP-Seq(Encode)/Homer
		69 of 414 (1e-3) NFkB-p65(RHD)/GM12787-p65-ChIP-Seq(GSE19485)/Homer
		70 of 414 (1e-2) Pbx3(Homeobox)/GM12878-PBX3-ChIP-Seq(GSE32465)/Homer
		71 of 414 (1e-2) KLF10(Zf)/HEK293-KLF10.GFP-ChIP-Seq(GSE58341)/Homer
		72 of 414 (1e-2) ZNF652/HepG2-ZNF652.Flag-ChIP-Seq(Encode)/Homer
		73 of 414 (1e-2) E2F(E2F)/Hela-CellCycle-Expression/Homer
		74 of 414 (1e-2) E2F7(E2F)/Hela-E2F7-ChIP-Seq(GSE32673)/Homer
		75 of 414 (1e-2) PAX3:FKHR-fusion(Paired,Homeobox)/Rh4-PAX3:FKHR-ChIP-Seq(GSE19063)/Homer
		76 of 414 (1e-2) TEAD3(TEA)/HepG2-TEAD3-ChIP-Seq(Encode)/Homer
		77 of 414 (1e-2) NFkB-p65-Rel(RHD)/ThioMac-LPS-Expression(GSE23622)/Homer
		78 of 414 (1e-2) NRF1(NRF)/MCF7-NRF1-ChIP-Seq(Unpublished)/Homer
		79 of 414 (1e-2) Foxo3(Forkhead)/U2OS-Foxo3-ChIP-Seq(E-MTAB-2701)/Homer
		80 of 414 (1e-2) Fli1(ETS)/CD8-FLI-ChIP-Seq(GSE20898)/Homer
		81 of 414 (1e-2) JunD(bZIP)/K562-JunD-ChIP-Seq/Homer
		82 of 414 (1e-2) NRF(NRF)/Promoter/Homer
		83 of 414 (1e-2) ETS:RUNX(ETS,Runt)/Jurkat-RUNX1-ChIP-Seq(GSE17954)/Homer
	----------------------------------------------------------
	De novo motif finding (HOMER)

	Scanning input files...
	Parsing sequences...
	|0%                                   50%                                  100%|
	================================================================================
	Total number of Oligos: 32896
	Autoadjustment for sequence coverage in background: 1.32x

	Oligos: 32896 of 34497 max
	Tree  : 66832 of 172485 max
	Optimizing memory usage...
	Cache length = 11180
	Using binomial scoring

	Global Optimization Phase: Looking for enriched oligos with up to 2 mismatches...

	Screening oligos 32896 (allowing 0 mismatches):
	|0%                                   50%                                  100%|
	================================================================================
		0.03% skipped, 99.97% checked (32887 of 32896), of those checked:
		0.03% not in target, 0.00% increased p-value, 0.00% high p-value

	Screening oligos 32896 (allowing 1 mismatches):
	|0%                                   50%                                  100%|
	================================================================================
		0.03% skipped, 99.97% checked (32887 of 32896), of those checked:
		0.00% not in target, 42.98% increased p-value, 50.40% high p-value

	Screening oligos 32896 (allowing 2 mismatches):
	|0%                                   50%                                  100%|
	================================================================================
		61.44% skipped, 38.56% checked (12684 of 32896), of those checked:
		0.00% not in target, 29.96% increased p-value, 0.00% high p-value
	Reading input files...
	50001 total sequences read
	Cache length = 11180
	Using binomial scoring

	Local Optimization Phase:
	1 of 25 Initial Sequence: TCTCGCGA... (-430.343)
		Round 1: -487.18 TCTCGCGA T:385.6(10.86%),B:747.8(1.23%),P:1e-211
		Round 2: -487.18 TCTCGCGA T:385.6(10.86%),B:747.8(1.23%),P:1e-211
		=Final=: -245.34 TCTCGCGA T:217.0(6.48%),B:420.7(0.93%),P:1e-106
		Performing exhaustive masking of motif...
		Reprioritizing potential motifs...
	2 of 25 Initial Sequence: CCTTTGTT... (-152.202)
		Round 1: -424.91 CYWTTGTY T:1546.4(36.96%),B:10622.6(16.17%),P:1e-184
		Round 2: -424.91 CYWTTGTY T:1546.4(36.96%),B:10622.6(16.17%),P:1e-184
		=Final=: -291.18 CYWTTGTY T:990.0(29.54%),B:6175.8(13.58%),P:1e-126
		Performing exhaustive masking of motif...
		Reprioritizing potential motifs...
	3 of 25 Initial Sequence: AGGGGCGT... (-81.769)
		Round 1: -121.48 AGGGGCGT T:2623.4(54.29%),B:31860.9(41.09%),P:1e-52
		Round 2: -135.75 RGGGGCGT T:2808.8(56.75%),B:33558.1(42.73%),P:1e-58
		Round 3: -135.75 RGGGGCGT T:2808.8(56.75%),B:33558.1(42.73%),P:1e-58
		=Final=: -38.37 RGGGGCGT T:1632.0(48.70%),B:18869.1(41.49%),P:1e-16
		Performing exhaustive masking of motif...
		Reprioritizing potential motifs...
	4 of 25 Initial Sequence: TAATTAGC... (-64.525)
		Round 1: -101.78 TAATTAGC T:1336.3(32.88%),B:15181.7(22.29%),P:1e-44
		Round 2: -120.72 TAATTAGC T:1441.9(34.95%),B:15912.5(23.22%),P:1e-52
		Round 3: -121.28 BAATTRGC T:2320.7(49.96%),B:27748.7(36.93%),P:1e-52
		Round 4: -131.15 NRATTRGC T:2458.0(51.98%),B:29095.4(38.32%),P:1e-56
		Round 5: -140.72 YRATTGGY T:1662.6(39.11%),B:18116.7(25.98%),P:1e-61
		Round 6: -140.72 YRATTGGY T:1662.6(39.11%),B:18116.7(25.98%),P:1e-61
		=Final=: -47.84 YRATTGGY T:532.0(15.88%),B:4787.5(10.53%),P:1e-20
		Performing exhaustive masking of motif...
		Reprioritizing potential motifs...
	5 of 25 Initial Sequence: AATCCCGC... (-63.418)
		Round 1: -91.24 AATCCCGC T:858.9(22.59%),B:9118.7(14.05%),P:1e-39
		Round 2: -105.93 AATCYCGC T:927.7(24.17%),B:9589.9(14.72%),P:1e-46
		Round 3: -105.93 AATCYCGC T:927.7(24.17%),B:9589.9(14.72%),P:1e-46
		=Final=: -65.42 AATCYCGC T:765.0(22.83%),B:7033.8(15.47%),P:1e-28
		Performing exhaustive masking of motif...
		Reprioritizing potential motifs...
	6 of 25 Initial Sequence: GTTACACT... (-59.161)
		Round 1: -59.16 GTTACACT T:79.0(2.33%),B:317.2(0.53%),P:1e-25
		Round 2: -59.16 GTTACACT T:79.0(2.33%),B:317.2(0.53%),P:1e-25
		=Final=: -57.77 GTTACACT T:89.0(2.66%),B:313.6(0.69%),P:1e-25
		Performing exhaustive masking of motif...
		Reprioritizing potential motifs...
	7 of 25 Initial Sequence: GCATTACA... (-57.460)
		Round 1: -71.68 GCATTRCW T:1309.5(32.34%),B:16073.6(23.43%),P:1e-31
		Round 2: -71.68 GCATTRCW T:1309.5(32.34%),B:16073.6(23.43%),P:1e-31
		=Final=: -52.03 GCATTRCW T:87.0(2.60%),B:328.1(0.72%),P:1e-22
		Performing exhaustive masking of motif...
		Reprioritizing potential motifs...
	8 of 25 Initial Sequence: ATTTGCAT... (-52.843)
		Round 1: -83.75 ATTTGCAT T:406.1(11.41%),B:3518.2(5.68%),P:1e-36
		Round 2: -84.82 ATTWGCAA T:466.7(12.98%),B:4232.6(6.79%),P:1e-36
		Round 3: -95.40 ATTWGCAA T:880.5(23.10%),B:9288.1(14.30%),P:1e-41
		Round 4: -95.40 ATTWGCAA T:880.5(23.10%),B:9288.1(14.30%),P:1e-41
		=Final=: -48.36 ATTWGCAA T:674.0(20.11%),B:6407.1(14.09%),P:1e-21
		Performing exhaustive masking of motif...
		Reprioritizing potential motifs...
	9 of 25 Initial Sequence: CACAATGG... (-47.104)
		Round 1: -111.27 SACAATGG T:2481.1(52.31%),B:30468.2(39.71%),P:1e-48
		Round 2: -124.98 GACAAWGG T:2046.1(45.70%),B:23857.0(32.71%),P:1e-54
		Round 3: -162.93 CACAAWGG T:1811.5(41.76%),B:19277.6(27.40%),P:1e-70
		Round 4: -162.93 CACAAWGG T:1811.5(41.76%),B:19277.6(27.40%),P:1e-70
		=Final=: -66.04 CACAAWGG T:1173.0(35.00%),B:11924.5(26.22%),P:1e-28
		Performing exhaustive masking of motif...
		Reprioritizing potential motifs...
	10 of 25 Initial Sequence: GAATTCCG... (-44.613)
		Round 1: -81.33 GAATTCCG T:1233.9(30.79%),B:14574.6(21.50%),P:1e-35
		Round 2: -81.33 GAATTCCG T:1233.9(30.79%),B:14574.6(21.50%),P:1e-35
		=Final=: -22.82 GAATTCCG T:613.0(18.29%),B:6511.8(14.32%),P:1e-9
		Performing exhaustive masking of motif...
		Reprioritizing potential motifs...
	11 of 25 Initial Sequence: ATTCATGA... (-42.767)
		Round 1: -44.51 ATTCRYGA T:112.5(3.29%),B:728.0(1.20%),P:1e-19
		Round 2: -44.51 ATTCRYGA T:112.5(3.29%),B:728.0(1.20%),P:1e-19
		=Final=: -47.37 ATTCRYGA T:161.0(4.80%),B:949.6(2.09%),P:1e-20
		Performing exhaustive masking of motif...
		Reprioritizing potential motifs...
	12 of 25 Initial Sequence: GTATTGCA... (-37.081)
		Round 1: -39.83 GTATTGCA T:103.6(3.03%),B:679.8(1.12%),P:1e-17
		Round 2: -39.83 GTATTGCA T:103.6(3.03%),B:679.8(1.12%),P:1e-17
		=Final=: -36.90 GTATTGCA T:66.0(1.97%),B:265.8(0.58%),P:1e-16
		Performing exhaustive masking of motif...
		Reprioritizing potential motifs...
	13 of 25 Initial Sequence: CCTATTCA... (-36.955)
		Round 1: -41.76 CCTATTCA T:466.2(12.98%),B:5313.8(8.45%),P:1e-18
		Round 2: -51.26 CCYTTTCA T:477.7(13.27%),B:5162.1(8.22%),P:1e-22
		Round 3: -58.08 CCYTTTSA T:1195.4(30.00%),B:15104.4(22.19%),P:1e-25
		Round 4: -70.68 CCYTTTCA T:968.6(25.09%),B:11295.6(17.11%),P:1e-30
		Round 5: -70.68 CCYTTTCA T:968.6(25.09%),B:11295.6(17.11%),P:1e-30
		=Final=: -37.81 CCYTTTCA T:784.0(23.40%),B:8041.8(17.68%),P:1e-16
		Performing exhaustive masking of motif...
		Reprioritizing potential motifs...
	14 of 25 Initial Sequence: CCCCTGGT... (-36.199)
		Round 1: -36.20 CCCCTGGT T:122.0(3.55%),B:913.4(1.50%),P:1e-15
		Round 2: -36.20 CCCCTGGT T:122.0(3.55%),B:913.4(1.50%),P:1e-15
		=Final=: -34.50 CCCCTGGT T:139.0(4.15%),B:891.2(1.96%),P:1e-14
		Performing exhaustive masking of motif...
		Reprioritizing potential motifs...
	15 of 25 Initial Sequence: CCCGCCTA... (-34.495)
		Round 1: -89.14 CCCGCCTA T:1338.4(32.92%),B:15722.4(22.98%),P:1e-38
		Round 2: -89.14 CCCGCCTA T:1338.4(32.92%),B:15722.4(22.98%),P:1e-38
		=Final=: -30.48 CCCGCCTA T:820.0(24.47%),B:8753.3(19.25%),P:1e-13
		Performing exhaustive masking of motif...
		Reprioritizing potential motifs...
	16 of 25 Initial Sequence: GTGAAATC... (-32.404)
		Round 1: -37.19 GTGAAATC T:142.4(4.15%),B:1150.7(1.89%),P:1e-16
		Round 2: -37.19 GTGAAATC T:142.4(4.15%),B:1150.7(1.89%),P:1e-16
		=Final=: -34.04 GTGAAATC T:96.0(2.86%),B:517.7(1.14%),P:1e-14
		Performing exhaustive masking of motif...
		Reprioritizing potential motifs...
	17 of 25 Initial Sequence: CCTCCCCC... (-31.631)
		Round 1: -36.71 CCTCCCCC T:896.9(23.47%),B:11814.7(17.82%),P:1e-15
		Round 2: -36.71 CCTCCCCC T:896.9(23.47%),B:11814.7(17.82%),P:1e-15
		=Final=: -28.79 CCTCCCCC T:577.0(17.22%),B:5851.9(12.87%),P:1e-12
		Performing exhaustive masking of motif...
		Reprioritizing potential motifs...
	18 of 25 Initial Sequence: GCTTTGTT... (-30.593)
		Round 1: -32.70 GCTTTGTT T:205.1(5.94%),B:2002.8(3.27%),P:1e-14
		Round 2: -32.70 GCTTTGTT T:205.1(5.94%),B:2002.8(3.27%),P:1e-14
		=Final=: -26.42 GCTTTGTT T:230.0(6.86%),B:1936.7(4.26%),P:1e-11
		Performing exhaustive masking of motif...
		Reprioritizing potential motifs...
	19 of 25 Initial Sequence: GACAAATG... (-29.964)
		Round 1: -25.28 GACAAATG T:138.1(4.04%),B:1305.7(2.14%),P:1e-10
		Round 2: -39.35 GACAAAAG T:691.7(18.64%),B:8632.7(13.36%),P:1e-17
		Round 3: -40.50 GACAAWGG T:310.1(8.84%),B:3213.0(5.20%),P:1e-17
		Round 4: -40.95 GAYAAWMG T:573.3(15.72%),B:6849.6(10.75%),P:1e-17
		Round 5: -40.95 GAYAAWMG T:573.3(15.72%),B:6849.6(10.75%),P:1e-17
		=Final=: -30.85 GAYAAWMG T:356.0(10.62%),B:3219.8(7.08%),P:1e-13
		Performing exhaustive masking of motif...
		Reprioritizing potential motifs...
	20 of 25 Initial Sequence: ACAAATGG... (-28.876)
		Round 1: -32.00 ACAAATGG T:137.0(4.01%),B:1170.3(1.92%),P:1e-13
		Round 2: -37.36 RCAAATCG T:192.1(5.57%),B:1746.2(2.86%),P:1e-16
		Round 3: -37.36 RCAAATCG T:192.1(5.57%),B:1746.2(2.86%),P:1e-16
		=Final=: -33.53 RCAAATCG T:219.0(6.54%),B:1687.7(3.71%),P:1e-14
		Performing exhaustive masking of motif...
		Reprioritizing potential motifs...
	21 of 25 Initial Sequence: GGATTAGC... (-24.140)
		Round 1: -46.06 GGATTAGC T:1085.3(27.66%),B:14106.5(20.89%),P:1e-20
		Round 2: -48.91 GGATTARC T:1111.3(28.22%),B:14341.9(21.19%),P:1e-21
		Round 3: -48.91 GGATTARC T:1111.3(28.22%),B:14341.9(21.19%),P:1e-21
		=Final=: -28.23 GGATTARC T:1067.0(31.84%),B:11963.5(26.30%),P:1e-12
		Performing exhaustive masking of motif...
		Reprioritizing potential motifs...
	22 of 25 Initial Sequence: TCCGCCCT... (-23.639)
		Round 1: -48.54 TCCGCCTT T:390.6(10.99%),B:4071.1(6.54%),P:1e-21
		Round 2: -48.54 TCCGCCTT T:390.6(10.99%),B:4071.1(6.54%),P:1e-21
		=Final=: -29.89 TCCGCCTT T:388.0(11.58%),B:3605.3(7.93%),P:1e-12
		Performing exhaustive masking of motif...
		Reprioritizing potential motifs...
	23 of 25 Initial Sequence: GCAAGTTG... (-23.315)
		Round 1: -26.95 GCAAGTTG T:92.5(2.71%),B:710.2(1.17%),P:1e-11
		Round 2: -28.33 KCAAGTCG T:130.4(3.81%),B:1143.8(1.88%),P:1e-12
		Round 3: -28.33 KCAAGTCG T:130.4(3.81%),B:1143.8(1.88%),P:1e-12
		=Final=: -26.90 KCAAGTCG T:153.0(4.57%),B:1128.8(2.48%),P:1e-11
		Performing exhaustive masking of motif...
		Reprioritizing potential motifs...
	24 of 25 Initial Sequence: CATTGGCT... (-22.151)
		Round 1: -23.60 CATTGGCT T:130.2(3.81%),B:1232.8(2.03%),P:1e-10
		Round 2: -30.94 CATTCGCT T:239.5(6.88%),B:2497.3(4.06%),P:1e-13
		Round 3: -30.94 CATTCGCT T:239.5(6.88%),B:2497.3(4.06%),P:1e-13
		=Final=: -26.79 CATTCGCT T:273.0(8.15%),B:2395.8(5.27%),P:1e-11
		Performing exhaustive masking of motif...
		Reprioritizing potential motifs...
	25 of 25 Initial Sequence: ATATGGCG... (-22.132)
		Round 1: -22.13 ATATGGCG T:30.9(0.89%),B:124.8(0.21%),P:1e-9
		Round 2: -22.13 ATATGGCG T:30.9(0.89%),B:124.8(0.21%),P:1e-9
		=Final=: -10.67 ATATGGCG T:24.0(0.72%),B:122.8(0.27%),P:1e-4
		Performing exhaustive masking of motif...
		Reprioritizing potential motifs...

	Finalizing Enrichment Statistics (new in v3.4)
	Reading input files...
	50001 total sequences read
	Cache length = 11180
	Using binomial scoring
	Checking enrichment of 25 motif(s)
	|0%                                    50%                                  100%|
	=================================================================================
	Output in file: /home1/gyang/work_space/4.ProjectET/batch5_cr/6.peak/CP_EPI_E6-5_Sox2_rep1_nolambda_peakAnalysis/homerMotifs.motifs8

	(Motifs in homer2 format)
	Determining similar motifs... 25 reduced to 14 motifs
	Outputing HTML and sequence logos for motif comparison...
	Checking de novo motifs against known motifs...
	Formatting HTML page...
		1 of 14 (1e-126) similar to Sox3(HMG)/NPC-Sox3-ChIP-Seq(GSE33059)/Homer(0.979)
		2 of 14 (1e-106) similar to ZBTB33/MA0527.1/Jaspar(0.906)
		3 of 14 (1e-24) similar to DMRT3/MA0610.1/Jaspar(0.720)
		4 of 14 (1e-22) similar to TEAD1(TEAD)/HepG2-TEAD1-ChIP-Seq(Encode)/Homer(0.740)
		5 of 14 (1e-22) similar to CRX(Homeobox)/Retina-Crx-ChIP-Seq(GSE20012)/Homer(0.925)
		6 of 14 (1e-22) similar to Oct4(POU,Homeobox)/mES-Oct4-ChIP-Seq(GSE11431)/Homer(0.757)
		7 of 14 (1e-20) similar to E2F3(E2F)/MEF-E2F3-ChIP-Seq(GSE71376)/Homer(0.804)
		8 of 14 (1e-16) similar to PB0076.1_Sp4_1/Jaspar(0.845)
		9 of 14 (1e-13) similar to NFY(CCAAT)/Promoter/Homer(0.668)
		10 of 14 (1e-13) similar to IRF4(IRF)/GM12878-IRF4-ChIP-Seq(GSE32465)/Homer(0.750)
		11 of 14 (1e-13) similar to CTCFL/MA1102.1/Jaspar(0.743)
		12 of 14 (1e-13) similar to Zfp281(Zf)/ES-Zfp281-ChIP-Seq(GSE81042)/Homer(0.833)
		13 of 14 (1e-12) similar to PH0111.1_Nkx2-2/Jaspar(0.661)
		14 of 14 (1e-4) similar to YY2/MA0748.1/Jaspar(0.792)
	Job finished - if results look good, please send beer to ..

	Cleaning up tmp files...

