This is cutadapt 1.18 with Python 3.7.11
Command line parameters: -j 4 -a AGATCGGAAGAGC -A AGATCGGAAGAGC --trim-n -m 50 -q 20,20 -o /home1/gyang/work_space/4.ProjectET/batch21_cr/2.cutdata/ESC_Tfap2c_10k_rep1.R1_cut.fq -p /home1/gyang/work_space/4.ProjectET/batch21_cr/2.cutdata/ESC_Tfap2c_10k_rep1.R2_cut.fq ESC_Tfap2c_10k_rep1.R1.fq.gz ESC_Tfap2c_10k_rep1.R2.fq.gz
Processing reads on 4 cores in paired-end mode ...
Finished in 885.13 s (17 us/read; 3.62 M reads/minute).

=== Summary ===

Total read pairs processed:         53,428,943
  Read 1 with adapter:              15,021,197 (28.1%)
  Read 2 with adapter:              12,919,518 (24.2%)
Pairs that were too short:           3,427,356 (6.4%)
Pairs written (passing filters):    50,001,587 (93.6%)

Total basepairs processed: 16,028,682,900 bp
  Read 1: 8,014,341,450 bp
  Read 2: 8,014,341,450 bp
Quality-trimmed:              97,558,970 bp (0.6%)
  Read 1:    41,298,109 bp
  Read 2:    56,260,861 bp
Total written (filtered):  13,968,496,899 bp (87.1%)
  Read 1: 6,987,003,272 bp
  Read 2: 6,981,493,627 bp

=== First read: Adapter 1 ===

Sequence: AGATCGGAAGAGC; Type: regular 3'; Length: 13; Trimmed: 15021197 times.

No. of allowed errors:
0-9 bp: 0; 10-13 bp: 1

Bases preceding removed adapters:
  A: 20.4%
  C: 7.3%
  G: 11.9%
  T: 46.2%
  none/other: 14.2%

Overview of removed sequences
length	count	expect	max.err	error counts
3	1119937	834827.2	0	1119937
4	330547	208706.8	0	330547
5	173360	52176.7	0	173360
6	129930	13044.2	0	129930
7	131323	3261.0	0	131323
8	145986	815.3	0	145986
9	124175	203.8	0	123186 989
10	132601	51.0	1	123093 9508
11	141598	12.7	1	128589 13009
12	140272	3.2	1	128973 11299
13	120371	0.8	1	111074 9297
14	126906	0.8	1	115037 11869
15	125898	0.8	1	115542 10356
16	132380	0.8	1	119527 12853
17	143573	0.8	1	129223 14350
18	136034	0.8	1	125782 10252
19	120432	0.8	1	111619 8813
20	126064	0.8	1	116301 9763
21	123808	0.8	1	113966 9842
22	116438	0.8	1	107974 8464
23	119404	0.8	1	110004 9400
24	120044	0.8	1	109312 10732
25	115259	0.8	1	106661 8598
26	119027	0.8	1	110414 8613
27	128088	0.8	1	118714 9374
28	120623	0.8	1	112779 7844
29	131778	0.8	1	120558 11220
30	129526	0.8	1	121169 8357
31	123913	0.8	1	116187 7726
32	128369	0.8	1	120248 8121
33	114743	0.8	1	106685 8058
34	124834	0.8	1	115424 9410
35	121104	0.8	1	111343 9761
36	124420	0.8	1	116401 8019
37	120432	0.8	1	113476 6956
38	122022	0.8	1	112890 9132
39	132680	0.8	1	123048 9632
40	133415	0.8	1	125125 8290
41	133405	0.8	1	125822 7583
42	122300	0.8	1	113937 8363
43	123080	0.8	1	110283 12797
44	128971	0.8	1	117289 11682
45	210185	0.8	1	197543 12642
46	61249	0.8	1	54161 7088
47	123046	0.8	1	112800 10246
48	521566	0.8	1	502118 19448
49	187453	0.8	1	174279 13174
50	48014	0.8	1	41883 6131
51	225097	0.8	1	214805 10292
52	184254	0.8	1	176046 8208
53	38041	0.8	1	34271 3770
54	114913	0.8	1	109240 5673
55	290388	0.8	1	283856 6532
56	119579	0.8	1	113930 5649
57	64184	0.8	1	60951 3233
58	53358	0.8	1	50551 2807
59	115822	0.8	1	111693 4129
60	20413	0.8	1	18258 2155
61	34936	0.8	1	32460 2476
62	142259	0.8	1	138624 3635
63	35695	0.8	1	33053 2642
64	27417	0.8	1	25522 1895
65	49194	0.8	1	46605 2589
66	147276	0.8	1	143150 4126
67	21076	0.8	1	18713 2363
68	30008	0.8	1	28159 1849
69	21401	0.8	1	19590 1811
70	17400	0.8	1	15686 1714
71	9969	0.8	1	8973 996
72	26607	0.8	1	25266 1341
73	53061	0.8	1	51156 1905
74	71556	0.8	1	68983 2573
75	79992	0.8	1	76815 3177
76	83068	0.8	1	79683 3385
77	84765	0.8	1	80984 3781
78	87458	0.8	1	83556 3902
79	87207	0.8	1	83261 3946
80	89640	0.8	1	85958 3682
81	91905	0.8	1	87848 4057
82	88702	0.8	1	84870 3832
83	86917	0.8	1	82984 3933
84	84253	0.8	1	80346 3907
85	82218	0.8	1	78530 3688
86	80700	0.8	1	77156 3544
87	78791	0.8	1	75277 3514
88	76613	0.8	1	73220 3393
89	78280	0.8	1	74953 3327
90	79775	0.8	1	76301 3474
91	79387	0.8	1	76085 3302
92	80953	0.8	1	77439 3514
93	80727	0.8	1	77238 3489
94	78770	0.8	1	75466 3304
95	74333	0.8	1	71144 3189
96	75131	0.8	1	72030 3101
97	70161	0.8	1	67160 3001
98	69500	0.8	1	66637 2863
99	67965	0.8	1	65130 2835
100	66666	0.8	1	63990 2676
101	67134	0.8	1	64524 2610
102	68348	0.8	1	65642 2706
103	66017	0.8	1	63511 2506
104	65099	0.8	1	62552 2547
105	63003	0.8	1	60677 2326
106	60779	0.8	1	58437 2342
107	60618	0.8	1	58265 2353
108	58509	0.8	1	56308 2201
109	56379	0.8	1	54245 2134
110	55162	0.8	1	53240 1922
111	54095	0.8	1	52293 1802
112	53436	0.8	1	51583 1853
113	51740	0.8	1	49950 1790
114	50963	0.8	1	49175 1788
115	47855	0.8	1	46191 1664
116	43956	0.8	1	42449 1507
117	40410	0.8	1	39086 1324
118	35465	0.8	1	34266 1199
119	31875	0.8	1	30794 1081
120	27804	0.8	1	26857 947
121	22594	0.8	1	21826 768
122	18133	0.8	1	17465 668
123	14447	0.8	1	13889 558
124	10643	0.8	1	10226 417
125	7568	0.8	1	7230 338
126	4949	0.8	1	4686 263
127	3233	0.8	1	3059 174
128	1860	0.8	1	1751 109
129	1119	0.8	1	1047 72
130	616	0.8	1	562 54
131	298	0.8	1	254 44
132	238	0.8	1	205 33
133	97	0.8	1	65 32
134	87	0.8	1	45 42
135	52	0.8	1	15 37
136	33	0.8	1	15 18
137	46	0.8	1	13 33
138	79	0.8	1	46 33
139	55	0.8	1	13 42
140	24	0.8	1	7 17
141	75	0.8	1	41 34
142	36	0.8	1	2 34
143	89	0.8	1	60 29
144	63	0.8	1	20 43
145	94	0.8	1	14 80
146	107	0.8	1	20 87
147	247	0.8	1	33 214
148	605	0.8	1	5 600
149	14220	0.8	1	9 14211
150	2132479	0.8	1	341 2132138

=== Second read: Adapter 2 ===

Sequence: AGATCGGAAGAGC; Type: regular 3'; Length: 13; Trimmed: 12919518 times.

No. of allowed errors:
0-9 bp: 0; 10-13 bp: 1

Bases preceding removed adapters:
  A: 23.6%
  C: 8.4%
  G: 13.8%
  T: 54.2%
  none/other: 0.0%

Overview of removed sequences
length	count	expect	max.err	error counts
3	1142321	834827.2	0	1142321
4	335655	208706.8	0	335655
5	172708	52176.7	0	172708
6	129021	13044.2	0	129021
7	136435	3261.0	0	136435
8	152918	815.3	0	152918
9	111359	203.8	0	110605 754
10	139096	51.0	1	125805 13291
11	137846	12.7	1	122651 15195
12	144564	3.2	1	129549 15015
13	120900	0.8	1	109429 11471
14	136223	0.8	1	120537 15686
15	118972	0.8	1	107768 11204
16	133449	0.8	1	119651 13798
17	161079	0.8	1	144899 16180
18	109980	0.8	1	99730 10250
19	224377	0.8	1	202061 22316
20	114698	0.8	1	101633 13065
21	92885	0.8	1	82823 10062
22	107658	0.8	1	98410 9248
23	123397	0.8	1	112147 11250
24	412580	0.8	1	380853 31727
25	61619	0.8	1	55873 5746
26	62719	0.8	1	56717 6002
27	68712	0.8	1	60956 7756
28	191286	0.8	1	178948 12338
29	47719	0.8	1	42053 5666
30	193355	0.8	1	182091 11264
31	84773	0.8	1	77158 7615
32	335643	0.8	1	321546 14097
33	146094	0.8	1	135658 10436
34	49039	0.8	1	44222 4817
35	177402	0.8	1	168383 9019
36	69642	0.8	1	64431 5211
37	81339	0.8	1	75027 6312
38	78200	0.8	1	73285 4915
39	80301	0.8	1	74353 5948
40	65776	0.8	1	61504 4272
41	113930	0.8	1	108083 5847
42	150637	0.8	1	143548 7089
43	74352	0.8	1	69348 5004
44	116114	0.8	1	109591 6523
45	282199	0.8	1	274097 8102
46	96536	0.8	1	90356 6180
47	83628	0.8	1	78845 4783
48	201564	0.8	1	194169 7395
49	103346	0.8	1	97527 5819
50	79391	0.8	1	74658 4733
51	217893	0.8	1	210611 7282
52	232372	0.8	1	224873 7499
53	103726	0.8	1	98815 4911
54	111989	0.8	1	107007 4982
55	131018	0.8	1	126439 4579
56	71719	0.8	1	68368 3351
57	91445	0.8	1	87489 3956
58	121150	0.8	1	116863 4287
59	76020	0.8	1	72265 3755
60	55336	0.8	1	52571 2765
61	46732	0.8	1	44239 2493
62	44879	0.8	1	42760 2119
63	46242	0.8	1	43877 2365
64	56576	0.8	1	54253 2323
65	58543	0.8	1	55782 2761
66	66400	0.8	1	63653 2747
67	68902	0.8	1	66018 2884
68	74304	0.8	1	71370 2934
69	79389	0.8	1	76334 3055
70	84248	0.8	1	81040 3208
71	96706	0.8	1	93141 3565
72	96897	0.8	1	93345 3552
73	98333	0.8	1	94937 3396
74	90547	0.8	1	87280 3267
75	84512	0.8	1	81725 2787
76	81652	0.8	1	78802 2850
77	81938	0.8	1	79152 2786
78	86471	0.8	1	83591 2880
79	82619	0.8	1	79896 2723
80	85516	0.8	1	82932 2584
81	88134	0.8	1	85557 2577
82	80982	0.8	1	78531 2451
83	81487	0.8	1	79041 2446
84	79265	0.8	1	76874 2391
85	77639	0.8	1	75419 2220
86	79936	0.8	1	77638 2298
87	80719	0.8	1	78575 2144
88	79791	0.8	1	77706 2085
89	75992	0.8	1	73965 2027
90	75103	0.8	1	73025 2078
91	74150	0.8	1	72157 1993
92	75503	0.8	1	73577 1926
93	78002	0.8	1	76031 1971
94	75969	0.8	1	74069 1900
95	73178	0.8	1	71406 1772
96	74005	0.8	1	72186 1819
97	67524	0.8	1	65853 1671
98	66370	0.8	1	64760 1610
99	64340	0.8	1	62886 1454
100	63647	0.8	1	62189 1458
101	65294	0.8	1	63782 1512
102	67065	0.8	1	65579 1486
103	63096	0.8	1	61626 1470
104	61951	0.8	1	60696 1255
105	61665	0.8	1	60434 1231
106	61264	0.8	1	60004 1260
107	61036	0.8	1	59758 1278
108	58836	0.8	1	57659 1177
109	56072	0.8	1	55004 1068
110	53235	0.8	1	52219 1016
111	52613	0.8	1	51706 907
112	52388	0.8	1	51455 933
113	52128	0.8	1	51204 924
114	50838	0.8	1	49888 950
115	47581	0.8	1	46746 835
116	44049	0.8	1	43266 783
117	39425	0.8	1	38754 671
118	35017	0.8	1	34336 681
119	31454	0.8	1	30810 644
120	27485	0.8	1	26980 505
121	22414	0.8	1	21986 428
122	18057	0.8	1	17718 339
123	14471	0.8	1	14191 280
124	10742	0.8	1	10499 243
125	7653	0.8	1	7480 173
126	5060	0.8	1	4939 121
127	3304	0.8	1	3198 106
128	1922	0.8	1	1853 69
129	1139	0.8	1	1078 61
130	634	0.8	1	596 38
131	287	0.8	1	267 20
132	232	0.8	1	199 33
133	88	0.8	1	56 32
134	77	0.8	1	53 24
135	37	0.8	1	18 19
136	32	0.8	1	13 19
137	32	0.8	1	13 19
138	79	0.8	1	47 32
139	52	0.8	1	13 39
140	23	0.8	1	7 16
141	63	0.8	1	47 16
142	21	0.8	1	2 19
143	85	0.8	1	63 22
144	33	0.8	1	18 15
145	35	0.8	1	13 22
146	44	0.8	1	19 25
147	56	0.8	1	31 25
148	31	0.8	1	3 28
149	95	0.8	1	9 86
150	981	0.8	1	332 649

