This is cutadapt 1.18 with Python 3.7.11
Command line parameters: -j 4 -a AGATCGGAAGAGC -A AGATCGGAAGAGC --trim-n -m 50 -q 20,20 -o /home1/gyang/work_space/4.ProjectET/batch21_cr/2.cutdata/ESC_Tfap2c_5k_rep1.R1_cut.fq -p /home1/gyang/work_space/4.ProjectET/batch21_cr/2.cutdata/ESC_Tfap2c_5k_rep1.R2_cut.fq ESC_Tfap2c_5k_rep1.R1.fq.gz ESC_Tfap2c_5k_rep1.R2.fq.gz
Processing reads on 4 cores in paired-end mode ...
Finished in 841.57 s (17 us/read; 3.54 M reads/minute).

=== Summary ===

Total read pairs processed:         49,721,017
  Read 1 with adapter:              12,423,549 (25.0%)
  Read 2 with adapter:               9,825,277 (19.8%)
Pairs that were too short:           3,744,237 (7.5%)
Pairs written (passing filters):    45,976,780 (92.5%)

Total basepairs processed: 14,916,305,100 bp
  Read 1: 7,458,152,550 bp
  Read 2: 7,458,152,550 bp
Quality-trimmed:              80,917,333 bp (0.5%)
  Read 1:    27,027,002 bp
  Read 2:    53,890,331 bp
Total written (filtered):  12,997,603,509 bp (87.1%)
  Read 1: 6,503,089,905 bp
  Read 2: 6,494,513,604 bp

=== First read: Adapter 1 ===

Sequence: AGATCGGAAGAGC; Type: regular 3'; Length: 13; Trimmed: 12423549 times.

No. of allowed errors:
0-9 bp: 0; 10-13 bp: 1

Bases preceding removed adapters:
  A: 18.0%
  C: 8.3%
  G: 13.3%
  T: 39.0%
  none/other: 21.3%

Overview of removed sequences
length	count	expect	max.err	error counts
3	1039526	776890.9	0	1039526
4	274494	194222.7	0	274494
5	128482	48555.7	0	128482
6	90687	12138.9	0	90687
7	90622	3034.7	0	90622
8	100400	758.7	0	100400
9	84953	189.7	0	83912 1041
10	91965	47.4	1	84539 7426
11	97286	11.9	1	87360 9926
12	96126	3.0	1	87446 8680
13	81880	0.7	1	74952 6928
14	85339	0.7	1	76782 8557
15	85307	0.7	1	77761 7546
16	90558	0.7	1	81044 9514
17	99365	0.7	1	88674 10691
18	93571	0.7	1	85684 7887
19	82806	0.7	1	76027 6779
20	86606	0.7	1	79414 7192
21	83343	0.7	1	76083 7260
22	78309	0.7	1	71929 6380
23	80358	0.7	1	73209 7149
24	81868	0.7	1	73762 8106
25	77393	0.7	1	70876 6517
26	80587	0.7	1	73960 6627
27	87160	0.7	1	80246 6914
28	83160	0.7	1	76736 6424
29	93442	0.7	1	84640 8802
30	90089	0.7	1	83350 6739
31	85795	0.7	1	79469 6326
32	85565	0.7	1	79435 6130
33	82830	0.7	1	75791 7039
34	86931	0.7	1	79323 7608
35	77503	0.7	1	72184 5319
36	82224	0.7	1	75262 6962
37	84846	0.7	1	78677 6169
38	84069	0.7	1	78033 6036
39	90730	0.7	1	84082 6648
40	96810	0.7	1	89005 7805
41	90816	0.7	1	84166 6650
42	84261	0.7	1	78021 6240
43	74532	0.7	1	68062 6470
44	83341	0.7	1	75616 7725
45	116357	0.7	1	109890 6467
46	38362	0.7	1	33643 4719
47	62317	0.7	1	58350 3967
48	89547	0.7	1	83409 6138
49	90797	0.7	1	84800 5997
50	69137	0.7	1	63804 5333
51	96967	0.7	1	89490 7477
52	90452	0.7	1	84147 6305
53	66124	0.7	1	61771 4353
54	71561	0.7	1	66446 5115
55	97045	0.7	1	90361 6684
56	79235	0.7	1	73191 6044
57	91725	0.7	1	86141 5584
58	105762	0.7	1	99774 5988
59	92910	0.7	1	86575 6335
60	62759	0.7	1	58816 3943
61	59026	0.7	1	54813 4213
62	123084	0.7	1	116877 6207
63	89701	0.7	1	84943 4758
64	66510	0.7	1	62417 4093
65	52674	0.7	1	48167 4507
66	194970	0.7	1	187905 7065
67	84932	0.7	1	79271 5661
68	84371	0.7	1	80038 4333
69	23676	0.7	1	20805 2871
70	13705	0.7	1	11876 1829
71	18776	0.7	1	17392 1384
72	35078	0.7	1	33064 2014
73	53670	0.7	1	51100 2570
74	62380	0.7	1	59114 3266
75	65965	0.7	1	62395 3570
76	67461	0.7	1	63683 3778
77	67690	0.7	1	63702 3988
78	69489	0.7	1	65459 4030
79	69771	0.7	1	65558 4213
80	72370	0.7	1	68306 4064
81	74890	0.7	1	70757 4133
82	73500	0.7	1	69312 4188
83	70824	0.7	1	66698 4126
84	68663	0.7	1	64541 4122
85	67505	0.7	1	63592 3913
86	65256	0.7	1	61526 3730
87	64727	0.7	1	60979 3748
88	63559	0.7	1	59771 3788
89	64040	0.7	1	60441 3599
90	67119	0.7	1	63331 3788
91	66454	0.7	1	62661 3793
92	67803	0.7	1	64100 3703
93	65499	0.7	1	62002 3497
94	65736	0.7	1	62121 3615
95	61144	0.7	1	57824 3320
96	62284	0.7	1	58857 3427
97	57661	0.7	1	54566 3095
98	58728	0.7	1	55679 3049
99	57198	0.7	1	54167 3031
100	55977	0.7	1	52969 3008
101	56054	0.7	1	53210 2844
102	55750	0.7	1	52856 2894
103	54683	0.7	1	51869 2814
104	53828	0.7	1	51166 2662
105	51586	0.7	1	49026 2560
106	49656	0.7	1	47202 2454
107	49645	0.7	1	47103 2542
108	48120	0.7	1	45739 2381
109	46556	0.7	1	44179 2377
110	45503	0.7	1	43322 2181
111	44109	0.7	1	42070 2039
112	43327	0.7	1	41291 2036
113	41035	0.7	1	39093 1942
114	39870	0.7	1	38035 1835
115	37560	0.7	1	35805 1755
116	34013	0.7	1	32407 1606
117	31121	0.7	1	29761 1360
118	28331	0.7	1	27016 1315
119	25003	0.7	1	23828 1175
120	22043	0.7	1	20888 1155
121	18315	0.7	1	17397 918
122	14896	0.7	1	14122 774
123	12031	0.7	1	11407 624
124	8872	0.7	1	8354 518
125	5913	0.7	1	5510 403
126	4241	0.7	1	3895 346
127	2754	0.7	1	2527 227
128	1664	0.7	1	1530 134
129	912	0.7	1	839 73
130	531	0.7	1	471 60
131	322	0.7	1	277 45
132	297	0.7	1	247 50
133	105	0.7	1	77 28
134	164	0.7	1	110 54
135	51	0.7	1	25 26
136	76	0.7	1	40 36
137	58	0.7	1	29 29
138	106	0.7	1	75 31
139	36	0.7	1	5 31
140	64	0.7	1	26 38
141	105	0.7	1	66 39
142	46	0.7	1	7 39
143	149	0.7	1	98 51
144	69	0.7	1	27 42
145	70	0.7	1	8 62
146	107	0.7	1	15 92
147	259	0.7	1	33 226
148	1197	0.7	1	8 1189
149	30262	0.7	1	27 30235
150	2641226	0.7	1	989 2640237

=== Second read: Adapter 2 ===

Sequence: AGATCGGAAGAGC; Type: regular 3'; Length: 13; Trimmed: 9825277 times.

No. of allowed errors:
0-9 bp: 0; 10-13 bp: 1

Bases preceding removed adapters:
  A: 22.6%
  C: 10.5%
  G: 16.7%
  T: 50.2%
  none/other: 0.0%

Overview of removed sequences
length	count	expect	max.err	error counts
3	1049835	776890.9	0	1049835
4	277405	194222.7	0	277405
5	129388	48555.7	0	129388
6	91490	12138.9	0	91490
7	94696	3034.7	0	94696
8	105672	758.7	0	105672
9	77355	189.7	0	76512 843
10	97112	47.4	1	87700 9412
11	95338	11.9	1	84559 10779
12	99445	3.0	1	89127 10318
13	82523	0.7	1	74594 7929
14	92791	0.7	1	82033 10758
15	81082	0.7	1	73503 7579
16	91507	0.7	1	82245 9262
17	112730	0.7	1	101381 11349
18	75345	0.7	1	68465 6880
19	151334	0.7	1	136529 14805
20	76857	0.7	1	68385 8472
21	62970	0.7	1	56366 6604
22	72788	0.7	1	66589 6199
23	82028	0.7	1	74531 7497
24	253804	0.7	1	233469 20335
25	48417	0.7	1	44297 4120
26	51916	0.7	1	47320 4596
27	59108	0.7	1	52899 6209
28	132826	0.7	1	124521 8305
29	37100	0.7	1	32653 4447
30	136458	0.7	1	128779 7679
31	58724	0.7	1	53235 5489
32	227051	0.7	1	217521 9530
33	106682	0.7	1	99055 7627
34	35535	0.7	1	31895 3640
35	124679	0.7	1	118470 6209
36	47672	0.7	1	44094 3578
37	57020	0.7	1	52536 4484
38	54206	0.7	1	50766 3440
39	57797	0.7	1	53513 4284
40	45490	0.7	1	42536 2954
41	79233	0.7	1	75215 4018
42	105473	0.7	1	100695 4778
43	51558	0.7	1	48071 3487
44	80843	0.7	1	76107 4736
45	203628	0.7	1	197945 5683
46	69415	0.7	1	64942 4473
47	58899	0.7	1	55390 3509
48	151248	0.7	1	145855 5393
49	74383	0.7	1	70301 4082
50	57919	0.7	1	54234 3685
51	161560	0.7	1	156054 5506
52	176012	0.7	1	170294 5718
53	75791	0.7	1	72002 3789
54	82699	0.7	1	78910 3789
55	96959	0.7	1	93481 3478
56	51825	0.7	1	49260 2565
57	67875	0.7	1	64752 3123
58	92496	0.7	1	89091 3405
59	57500	0.7	1	54760 2740
60	42156	0.7	1	39913 2243
61	36173	0.7	1	34334 1839
62	35105	0.7	1	33425 1680
63	37045	0.7	1	35196 1849
64	46052	0.7	1	44070 1982
65	45309	0.7	1	43073 2236
66	49960	0.7	1	47783 2177
67	51921	0.7	1	49504 2417
68	56798	0.7	1	54368 2430
69	61964	0.7	1	59430 2534
70	66517	0.7	1	63786 2731
71	77983	0.7	1	74928 3055
72	78128	0.7	1	75091 3037
73	78499	0.7	1	75697 2802
74	70819	0.7	1	68186 2633
75	66424	0.7	1	63953 2471
76	64582	0.7	1	62180 2402
77	64707	0.7	1	62333 2374
78	67977	0.7	1	65438 2539
79	65886	0.7	1	63551 2335
80	69032	0.7	1	66602 2430
81	71717	0.7	1	69445 2272
82	66533	0.7	1	64395 2138
83	66297	0.7	1	64112 2185
84	64442	0.7	1	62280 2162
85	63207	0.7	1	61082 2125
86	64831	0.7	1	62653 2178
87	67063	0.7	1	65063 2000
88	67653	0.7	1	65754 1899
89	62872	0.7	1	60927 1945
90	63165	0.7	1	61265 1900
91	61827	0.7	1	60018 1809
92	62424	0.7	1	60541 1883
93	63112	0.7	1	61385 1727
94	62777	0.7	1	61072 1705
95	60111	0.7	1	58525 1586
96	60646	0.7	1	59022 1624
97	55125	0.7	1	53654 1471
98	55555	0.7	1	54141 1414
99	54033	0.7	1	52572 1461
100	53792	0.7	1	52419 1373
101	53459	0.7	1	52088 1371
102	52365	0.7	1	50962 1403
103	50848	0.7	1	49599 1249
104	51130	0.7	1	49940 1190
105	49697	0.7	1	48569 1128
106	48994	0.7	1	47815 1179
107	49445	0.7	1	48284 1161
108	48036	0.7	1	46935 1101
109	46372	0.7	1	45394 978
110	44384	0.7	1	43413 971
111	43332	0.7	1	42451 881
112	42691	0.7	1	41819 872
113	41370	0.7	1	40516 854
114	40193	0.7	1	39415 778
115	37613	0.7	1	36824 789
116	34495	0.7	1	33794 701
117	30637	0.7	1	30040 597
118	28177	0.7	1	27684 493
119	24820	0.7	1	24310 510
120	22042	0.7	1	21529 513
121	18274	0.7	1	17913 361
122	14925	0.7	1	14574 351
123	12160	0.7	1	11920 240
124	9083	0.7	1	8866 217
125	6042	0.7	1	5886 156
126	4333	0.7	1	4199 134
127	2913	0.7	1	2797 116
128	1759	0.7	1	1698 61
129	985	0.7	1	927 58
130	534	0.7	1	496 38
131	321	0.7	1	287 34
132	280	0.7	1	242 38
133	107	0.7	1	75 32
134	144	0.7	1	116 28
135	45	0.7	1	21 24
136	66	0.7	1	44 22
137	63	0.7	1	34 29
138	94	0.7	1	69 25
139	39	0.7	1	7 32
140	49	0.7	1	22 27
141	93	0.7	1	70 23
142	24	0.7	1	6 18
143	122	0.7	1	107 15
144	41	0.7	1	24 17
145	30	0.7	1	7 23
146	35	0.7	1	15 20
147	59	0.7	1	33 26
148	50	0.7	1	11 39
149	137	0.7	1	32 105
150	2659	0.7	1	1002 1657

