This is cutadapt 1.18 with Python 3.7.11
Command line parameters: -j 8 -a AGATCGGAAGAGC -A AGATCGGAAGAGC --trim-n -m 50 -q 20,20 -o /home1/gyang/work_space/4.ProjectET/batch22_cr/2.cutdata/EPI_E6.5_Tfap2c_rep1.R1_cut.fq -p /home1/gyang/work_space/4.ProjectET/batch22_cr/2.cutdata/EPI_E6.5_Tfap2c_rep1.R2_cut.fq EPI_E6.5_Tfap2c_rep1.R1.fq.gz EPI_E6.5_Tfap2c_rep1.R2.fq.gz
Processing reads on 8 cores in paired-end mode ...
Finished in 410.64 s (8 us/read; 7.95 M reads/minute).

=== Summary ===

Total read pairs processed:         54,399,566
  Read 1 with adapter:              15,714,118 (28.9%)
  Read 2 with adapter:              12,293,595 (22.6%)
Pairs that were too short:           6,491,208 (11.9%)
Pairs written (passing filters):    47,908,358 (88.1%)

Total basepairs processed: 16,319,869,800 bp
  Read 1: 8,159,934,900 bp
  Read 2: 8,159,934,900 bp
Quality-trimmed:              64,048,517 bp (0.4%)
  Read 1:    25,355,894 bp
  Read 2:    38,692,623 bp
Total written (filtered):  13,480,402,093 bp (82.6%)
  Read 1: 6,741,689,623 bp
  Read 2: 6,738,712,470 bp

=== First read: Adapter 1 ===

Sequence: AGATCGGAAGAGC; Type: regular 3'; Length: 13; Trimmed: 15714118 times.

No. of allowed errors:
0-9 bp: 0; 10-13 bp: 1

Bases preceding removed adapters:
  A: 19.4%
  C: 3.8%
  G: 6.3%
  T: 48.6%
  none/other: 21.9%

Overview of removed sequences
length	count	expect	max.err	error counts
3	1067496	849993.2	0	1067496
4	270152	212498.3	0	270152
5	124230	53124.6	0	124230
6	82582	13281.1	0	82582
7	80752	3320.3	0	80752
8	88281	830.1	0	88281
9	77673	207.5	0	76684 989
10	80934	51.9	1	75985 4949
11	86176	13.0	1	79257 6919
12	89240	3.2	1	82322 6918
13	79259	0.8	1	73203 6056
14	80442	0.8	1	74042 6400
15	81250	0.8	1	75239 6011
16	80594	0.8	1	73659 6935
17	87611	0.8	1	79615 7996
18	84525	0.8	1	78366 6159
19	76282	0.8	1	70973 5309
20	80884	0.8	1	75116 5768
21	81548	0.8	1	75594 5954
22	79246	0.8	1	73409 5837
23	80605	0.8	1	74789 5816
24	80111	0.8	1	73283 6828
25	78432	0.8	1	72581 5851
26	79383	0.8	1	73908 5475
27	82982	0.8	1	77301 5681
28	76520	0.8	1	71251 5269
29	80201	0.8	1	73911 6290
30	79923	0.8	1	74643 5280
31	79701	0.8	1	74474 5227
32	81401	0.8	1	76031 5370
33	85334	0.8	1	79033 6301
34	89752	0.8	1	83157 6595
35	79283	0.8	1	74111 5172
36	85811	0.8	1	79874 5937
37	91916	0.8	1	85403 6513
38	85990	0.8	1	79951 6039
39	79157	0.8	1	72663 6494
40	84205	0.8	1	79349 4856
41	80145	0.8	1	72982 7163
42	83155	0.8	1	76796 6359
43	123086	0.8	1	116985 6101
44	43910	0.8	1	38498 5412
45	77411	0.8	1	73285 4126
46	96188	0.8	1	90225 5963
47	85630	0.8	1	79997 5633
48	72227	0.8	1	67018 5209
49	95346	0.8	1	88954 6392
50	88269	0.8	1	82493 5776
51	71730	0.8	1	67232 4498
52	82224	0.8	1	77142 5082
53	108867	0.8	1	102707 6160
54	80515	0.8	1	74552 5963
55	98102	0.8	1	92979 5123
56	108703	0.8	1	102934 5769
57	87794	0.8	1	82014 5780
58	63855	0.8	1	59802 4053
59	60547	0.8	1	56543 4004
60	117272	0.8	1	112066 5206
61	98786	0.8	1	93355 5431
62	79493	0.8	1	74891 4602
63	62494	0.8	1	57490 5004
64	174439	0.8	1	168217 6222
65	110340	0.8	1	103211 7129
66	119348	0.8	1	113701 5647
67	56013	0.8	1	51155 4858
68	39990	0.8	1	36690 3300
69	15849	0.8	1	14026 1823
70	28235	0.8	1	26767 1468
71	56768	0.8	1	54369 2399
72	72025	0.8	1	68582 3443
73	77083	0.8	1	73064 4019
74	81897	0.8	1	77624 4273
75	83409	0.8	1	78901 4508
76	83514	0.8	1	78926 4588
77	85039	0.8	1	80358 4681
78	86321	0.8	1	81406 4915
79	84801	0.8	1	80046 4755
80	84968	0.8	1	80192 4776
81	86070	0.8	1	81410 4660
82	84332	0.8	1	79734 4598
83	88586	0.8	1	83764 4822
84	87046	0.8	1	82073 4973
85	85516	0.8	1	80820 4696
86	85848	0.8	1	81134 4714
87	83856	0.8	1	79232 4624
88	82183	0.8	1	77649 4534
89	84029	0.8	1	79328 4701
90	85338	0.8	1	80657 4681
91	87006	0.8	1	82169 4837
92	88192	0.8	1	83387 4805
93	88956	0.8	1	84159 4797
94	87364	0.8	1	82653 4711
95	85759	0.8	1	81228 4531
96	87193	0.8	1	82611 4582
97	83144	0.8	1	78655 4489
98	82725	0.8	1	78417 4308
99	83202	0.8	1	78758 4444
100	81599	0.8	1	77214 4385
101	82805	0.8	1	78586 4219
102	86049	0.8	1	81597 4452
103	85187	0.8	1	80933 4254
104	88351	0.8	1	83850 4501
105	89083	0.8	1	84424 4659
106	93587	0.8	1	88889 4698
107	91080	0.8	1	86520 4560
108	91476	0.8	1	87039 4437
109	91122	0.8	1	86574 4548
110	92540	0.8	1	88045 4495
111	95639	0.8	1	91059 4580
112	96463	0.8	1	91911 4552
113	98741	0.8	1	93991 4750
114	102783	0.8	1	97887 4896
115	107298	0.8	1	102216 5082
116	109991	0.8	1	105176 4815
117	110156	0.8	1	105129 5027
118	107176	0.8	1	102339 4837
119	107703	0.8	1	102966 4737
120	107325	0.8	1	102652 4673
121	105363	0.8	1	100712 4651
122	107275	0.8	1	102631 4644
123	108729	0.8	1	104206 4523
124	107869	0.8	1	103487 4382
125	105343	0.8	1	101064 4279
126	99307	0.8	1	95305 4002
127	91910	0.8	1	88380 3530
128	83103	0.8	1	79994 3109
129	68642	0.8	1	66115 2527
130	47603	0.8	1	45894 1709
131	26963	0.8	1	25998 965
132	13093	0.8	1	12594 499
133	4848	0.8	1	4659 189
134	1323	0.8	1	1237 86
135	234	0.8	1	188 46
136	107	0.8	1	64 43
137	54	0.8	1	19 35
138	99	0.8	1	66 33
139	52	0.8	1	5 47
140	50	0.8	1	15 35
141	124	0.8	1	56 68
142	50	0.8	1	6 44
143	330	0.8	1	273 57
144	43	0.8	1	18 25
145	77	0.8	1	3 74
146	133	0.8	1	6 127
147	265	0.8	1	10 255
148	745	0.8	1	8 737
149	13347	0.8	1	40 13307
150	3438886	0.8	1	2477 3436409

=== Second read: Adapter 2 ===

Sequence: AGATCGGAAGAGC; Type: regular 3'; Length: 13; Trimmed: 12293595 times.

No. of allowed errors:
0-9 bp: 0; 10-13 bp: 1

Bases preceding removed adapters:
  A: 24.5%
  C: 4.9%
  G: 8.0%
  T: 62.6%
  none/other: 0.0%

Overview of removed sequences
length	count	expect	max.err	error counts
3	1076931	849993.2	0	1076931
4	276209	212498.3	0	276209
5	123697	53124.6	0	123697
6	82148	13281.1	0	82148
7	83406	3320.3	0	83406
8	95114	830.1	0	95114
9	69342	207.5	0	68495 847
10	84227	51.9	1	77514 6713
11	84130	13.0	1	77211 6919
12	89024	3.2	1	81920 7104
13	80547	0.8	1	74728 5819
14	85448	0.8	1	77999 7449
15	76696	0.8	1	70978 5718
16	82979	0.8	1	76935 6044
17	93927	0.8	1	86577 7350
18	69841	0.8	1	65272 4569
19	119189	0.8	1	109961 9228
20	73671	0.8	1	68545 5126
21	64971	0.8	1	60779 4192
22	74276	0.8	1	69643 4633
23	82705	0.8	1	77069 5636
24	235310	0.8	1	221545 13765
25	44720	0.8	1	41692 3028
26	45680	0.8	1	42963 2717
27	39069	0.8	1	35721 3348
28	127085	0.8	1	121300 5785
29	23531	0.8	1	20989 2542
30	129914	0.8	1	123971 5943
31	40782	0.8	1	37171 3611
32	204578	0.8	1	197326 7252
33	83553	0.8	1	78444 5109
34	36523	0.8	1	33492 3031
35	123948	0.8	1	119166 4782
36	57115	0.8	1	53939 3176
37	49972	0.8	1	46792 3180
38	65284	0.8	1	62103 3181
39	50233	0.8	1	47214 3019
40	50993	0.8	1	48464 2529
41	78196	0.8	1	74875 3321
42	106680	0.8	1	102777 3903
43	56812	0.8	1	53752 3060
44	87382	0.8	1	83445 3937
45	192677	0.8	1	187927 4750
46	67091	0.8	1	63644 3447
47	68211	0.8	1	64942 3269
48	138057	0.8	1	133802 4255
49	79179	0.8	1	75760 3419
50	59540	0.8	1	56594 2946
51	140095	0.8	1	135962 4133
52	153333	0.8	1	148640 4693
53	93600	0.8	1	89855 3745
54	84514	0.8	1	81022 3492
55	111161	0.8	1	107567 3594
56	72198	0.8	1	69201 2997
57	92172	0.8	1	89099 3073
58	97478	0.8	1	94439 3039
59	70618	0.8	1	68188 2430
60	51058	0.8	1	49006 2052
61	42345	0.8	1	40570 1775
62	43187	0.8	1	41496 1691
63	46937	0.8	1	45139 1798
64	59503	0.8	1	57493 2010
65	63132	0.8	1	60829 2303
66	68920	0.8	1	66638 2282
67	68352	0.8	1	66027 2325
68	70851	0.8	1	68479 2372
69	73428	0.8	1	71019 2409
70	73898	0.8	1	71411 2487
71	82501	0.8	1	79893 2608
72	83555	0.8	1	80801 2754
73	86202	0.8	1	83585 2617
74	84018	0.8	1	81239 2779
75	81489	0.8	1	79063 2426
76	80235	0.8	1	77724 2511
77	82052	0.8	1	79498 2554
78	85693	0.8	1	83237 2456
79	82096	0.8	1	79712 2384
80	82840	0.8	1	80381 2459
81	84968	0.8	1	82671 2297
82	80110	0.8	1	77845 2265
83	85196	0.8	1	82846 2350
84	84276	0.8	1	81871 2405
85	82429	0.8	1	80067 2362
86	85647	0.8	1	83345 2302
87	86163	0.8	1	83885 2278
88	85730	0.8	1	83440 2290
89	82630	0.8	1	80462 2168
90	82261	0.8	1	80050 2211
91	83163	0.8	1	80967 2196
92	83978	0.8	1	81810 2168
93	86957	0.8	1	84755 2202
94	86097	0.8	1	83877 2220
95	85315	0.8	1	83181 2134
96	87388	0.8	1	85152 2236
97	81525	0.8	1	79514 2011
98	79917	0.8	1	77950 1967
99	80026	0.8	1	78055 1971
100	78139	0.8	1	76243 1896
101	80734	0.8	1	78761 1973
102	85835	0.8	1	83792 2043
103	85438	0.8	1	83453 1985
104	88749	0.8	1	86713 2036
105	89463	0.8	1	87356 2107
106	93214	0.8	1	91149 2065
107	91495	0.8	1	89448 2047
108	91167	0.8	1	89152 2015
109	90582	0.8	1	88639 1943
110	91779	0.8	1	89846 1933
111	95863	0.8	1	93950 1913
112	97547	0.8	1	95618 1929
113	99495	0.8	1	97457 2038
114	104052	0.8	1	101943 2109
115	106305	0.8	1	104296 2009
116	109004	0.8	1	106939 2065
117	108681	0.8	1	106608 2073
118	105969	0.8	1	104020 1949
119	106587	0.8	1	104665 1922
120	106328	0.8	1	104417 1911
121	104668	0.8	1	102934 1734
122	106854	0.8	1	105076 1778
123	108483	0.8	1	106745 1738
124	107866	0.8	1	106132 1734
125	105102	0.8	1	103434 1668
126	99256	0.8	1	97784 1472
127	91832	0.8	1	90497 1335
128	82985	0.8	1	81665 1320
129	68422	0.8	1	67365 1057
130	47445	0.8	1	46735 710
131	26854	0.8	1	26476 378
132	13066	0.8	1	12848 218
133	4857	0.8	1	4783 74
134	1325	0.8	1	1272 53
135	216	0.8	1	191 25
136	96	0.8	1	71 25
137	30	0.8	1	16 14
138	89	0.8	1	71 18
139	30	0.8	1	6 24
140	40	0.8	1	16 24
141	100	0.8	1	80 20
142	33	0.8	1	7 26
143	301	0.8	1	282 19
144	33	0.8	1	16 17
145	21	0.8	1	2 19
146	35	0.8	1	5 30
147	52	0.8	1	13 39
148	36	0.8	1	7 29
149	192	0.8	1	52 140
150	5020	0.8	1	2585 2435

