This is cutadapt 1.18 with Python 3.7.11
Command line parameters: -j 4 -a AGATCGGAAGAGC -A AGATCGGAAGAGC --trim-n -m 50 -q 20,20 -o /home1/gyang/work_space/4.ProjectET/batch22_cr/2.cutdata/EXE_E6.5_Tead4_rep2.R1_cut.fq -p /home1/gyang/work_space/4.ProjectET/batch22_cr/2.cutdata/EXE_E6.5_Tead4_rep2.R2_cut.fq EXE_E6.5_Tead4_rep2.R1.fq.gz EXE_E6.5_Tead4_rep2.R2.fq.gz
Processing reads on 4 cores in paired-end mode ...
Finished in 976.55 s (16 us/read; 3.69 M reads/minute).

=== Summary ===

Total read pairs processed:         60,093,957
  Read 1 with adapter:              15,477,121 (25.8%)
  Read 2 with adapter:              11,445,297 (19.0%)
Pairs that were too short:           6,464,037 (10.8%)
Pairs written (passing filters):    53,629,920 (89.2%)

Total basepairs processed: 18,028,187,100 bp
  Read 1: 9,014,093,550 bp
  Read 2: 9,014,093,550 bp
Quality-trimmed:              69,314,179 bp (0.4%)
  Read 1:    27,918,222 bp
  Read 2:    41,395,957 bp
Total written (filtered):  15,258,744,345 bp (84.6%)
  Read 1: 7,630,981,943 bp
  Read 2: 7,627,762,402 bp

=== First read: Adapter 1 ===

Sequence: AGATCGGAAGAGC; Type: regular 3'; Length: 13; Trimmed: 15477121 times.

No. of allowed errors:
0-9 bp: 0; 10-13 bp: 1

Bases preceding removed adapters:
  A: 19.0%
  C: 3.9%
  G: 6.4%
  T: 44.5%
  none/other: 26.2%

Overview of removed sequences
length	count	expect	max.err	error counts
3	1222998	938968.1	0	1222998
4	301945	234742.0	0	301945
5	131675	58685.5	0	131675
6	84271	14671.4	0	84271
7	82362	3667.8	0	82362
8	93715	917.0	0	93715
9	74160	229.2	0	72920 1240
10	82245	57.3	1	76708 5537
11	86923	14.3	1	79640 7283
12	90594	3.6	1	83682 6912
13	79513	0.9	1	73583 5930
14	82222	0.9	1	75859 6363
15	81969	0.9	1	75953 6016
16	82445	0.9	1	75543 6902
17	88899	0.9	1	80840 8059
18	84170	0.9	1	78332 5838
19	77012	0.9	1	72231 4781
20	81410	0.9	1	75637 5773
21	83016	0.9	1	76829 6187
22	79014	0.9	1	73778 5236
23	81402	0.9	1	75831 5571
24	80934	0.9	1	74414 6520
25	78923	0.9	1	73624 5299
26	79143	0.9	1	73996 5147
27	84732	0.9	1	79053 5679
28	76975	0.9	1	72171 4804
29	81785	0.9	1	75809 5976
30	81067	0.9	1	76206 4861
31	77754	0.9	1	72963 4791
32	82534	0.9	1	77443 5091
33	82747	0.9	1	77328 5419
34	85953	0.9	1	80517 5436
35	84490	0.9	1	78404 6086
36	85878	0.9	1	80558 5320
37	92388	0.9	1	86393 5995
38	71622	0.9	1	67033 4589
39	82335	0.9	1	77640 4695
40	92371	0.9	1	86960 5411
41	75112	0.9	1	69859 5253
42	85907	0.9	1	79547 6360
43	124112	0.9	1	118401 5711
44	42701	0.9	1	38595 4106
45	77143	0.9	1	73416 3727
46	97637	0.9	1	91897 5740
47	84344	0.9	1	79554 4790
48	68929	0.9	1	64845 4084
49	97137	0.9	1	91127 6010
50	87699	0.9	1	82685 5014
51	68118	0.9	1	64475 3643
52	79597	0.9	1	75335 4262
53	110862	0.9	1	105087 5775
54	83674	0.9	1	78669 5005
55	95062	0.9	1	90525 4537
56	103983	0.9	1	99175 4808
57	90718	0.9	1	86046 4672
58	57071	0.9	1	54115 2956
59	57686	0.9	1	54294 3392
60	117849	0.9	1	112903 4946
61	89883	0.9	1	85933 3950
62	73159	0.9	1	69733 3426
63	61317	0.9	1	57163 4154
64	171399	0.9	1	165720 5679
65	94285	0.9	1	89500 4785
66	107398	0.9	1	103446 3952
67	51529	0.9	1	48259 3270
68	37518	0.9	1	35183 2335
69	13905	0.9	1	12555 1350
70	25950	0.9	1	24575 1375
71	51497	0.9	1	49440 2057
72	65791	0.9	1	62988 2803
73	70066	0.9	1	67065 3001
74	74129	0.9	1	70802 3327
75	76061	0.9	1	72700 3361
76	75180	0.9	1	71652 3528
77	76137	0.9	1	72613 3524
78	77366	0.9	1	73915 3451
79	75130	0.9	1	71629 3501
80	74857	0.9	1	71309 3548
81	76079	0.9	1	72638 3441
82	73739	0.9	1	70361 3378
83	75896	0.9	1	72338 3558
84	75384	0.9	1	71734 3650
85	74012	0.9	1	70481 3531
86	73515	0.9	1	70182 3333
87	73260	0.9	1	69905 3355
88	71326	0.9	1	68026 3300
89	71387	0.9	1	68261 3126
90	72642	0.9	1	69326 3316
91	71908	0.9	1	68626 3282
92	71963	0.9	1	68758 3205
93	73869	0.9	1	70573 3296
94	72327	0.9	1	69146 3181
95	72433	0.9	1	69195 3238
96	72633	0.9	1	69396 3237
97	70121	0.9	1	66995 3126
98	69710	0.9	1	66688 3022
99	70050	0.9	1	67063 2987
100	68740	0.9	1	65753 2987
101	68504	0.9	1	65537 2967
102	69588	0.9	1	66721 2867
103	69412	0.9	1	66580 2832
104	71560	0.9	1	68513 3047
105	73708	0.9	1	70550 3158
106	73355	0.9	1	70334 3021
107	74540	0.9	1	71502 3038
108	74458	0.9	1	71524 2934
109	74060	0.9	1	71004 3056
110	74011	0.9	1	71036 2975
111	76688	0.9	1	73749 2939
112	75536	0.9	1	72710 2826
113	76483	0.9	1	73535 2948
114	81215	0.9	1	78287 2928
115	83696	0.9	1	80557 3139
116	86275	0.9	1	83264 3011
117	87549	0.9	1	84539 3010
118	83565	0.9	1	80646 2919
119	83198	0.9	1	80255 2943
120	82776	0.9	1	79866 2910
121	80247	0.9	1	77634 2613
122	79912	0.9	1	77398 2514
123	80999	0.9	1	78402 2597
124	78720	0.9	1	76227 2493
125	76091	0.9	1	73770 2321
126	71276	0.9	1	69060 2216
127	65360	0.9	1	63431 1929
128	58014	0.9	1	56394 1620
129	47920	0.9	1	46694 1226
130	32817	0.9	1	31922 895
131	18013	0.9	1	17494 519
132	8984	0.9	1	8692 292
133	3305	0.9	1	3173 132
134	980	0.9	1	923 57
135	196	0.9	1	160 36
136	146	0.9	1	98 48
137	61	0.9	1	27 34
138	143	0.9	1	96 47
139	47	0.9	1	9 38
140	76	0.9	1	20 56
141	90	0.9	1	55 35
142	72	0.9	1	17 55
143	270	0.9	1	220 50
144	68	0.9	1	11 57
145	98	0.9	1	10 88
146	112	0.9	1	12 100
147	297	0.9	1	19 278
148	1230	0.9	1	7 1223
149	28767	0.9	1	96 28671
150	4050150	0.9	1	6905 4043245

=== Second read: Adapter 2 ===

Sequence: AGATCGGAAGAGC; Type: regular 3'; Length: 13; Trimmed: 11445297 times.

No. of allowed errors:
0-9 bp: 0; 10-13 bp: 1

Bases preceding removed adapters:
  A: 25.4%
  C: 5.3%
  G: 8.5%
  T: 60.7%
  none/other: 0.1%

Overview of removed sequences
length	count	expect	max.err	error counts
3	1230920	938968.1	0	1230920
4	307447	234742.0	0	307447
5	132044	58685.5	0	132044
6	83964	14671.4	0	83964
7	84791	3667.8	0	84791
8	96025	917.0	0	96025
9	71121	229.2	0	70101 1020
10	85130	57.3	1	78556 6574
11	85320	14.3	1	78487 6833
12	90456	3.6	1	83277 7179
13	82053	0.9	1	76457 5596
14	86116	0.9	1	79265 6851
15	78419	0.9	1	72776 5643
16	84236	0.9	1	78546 5690
17	94473	0.9	1	87377 7096
18	70746	0.9	1	66430 4316
19	119850	0.9	1	110893 8957
20	73100	0.9	1	68206 4894
21	66199	0.9	1	62428 3771
22	74017	0.9	1	69677 4340
23	82203	0.9	1	77081 5122
24	219027	0.9	1	206433 12594
25	47957	0.9	1	44993 2964
26	50676	0.9	1	47954 2722
27	47985	0.9	1	44257 3728
28	127130	0.9	1	121496 5634
29	25331	0.9	1	22849 2482
30	127383	0.9	1	122038 5345
31	42683	0.9	1	39314 3369
32	202869	0.9	1	196117 6752
33	81584	0.9	1	76744 4840
34	35901	0.9	1	33240 2661
35	122361	0.9	1	117881 4480
36	57614	0.9	1	54569 3045
37	49243	0.9	1	46277 2966
38	67500	0.9	1	64485 3015
39	49708	0.9	1	46958 2750
40	52131	0.9	1	49751 2380
41	78297	0.9	1	75057 3240
42	106311	0.9	1	102603 3708
43	57860	0.9	1	55036 2824
44	86709	0.9	1	83051 3658
45	188322	0.9	1	183920 4402
46	66434	0.9	1	62956 3478
47	66990	0.9	1	63989 3001
48	132792	0.9	1	128876 3916
49	77821	0.9	1	74617 3204
50	57315	0.9	1	54651 2664
51	138647	0.9	1	134678 3969
52	150500	0.9	1	146285 4215
53	92399	0.9	1	88930 3469
54	83785	0.9	1	80683 3102
55	107563	0.9	1	104275 3288
56	69703	0.9	1	67039 2664
57	89139	0.9	1	86361 2778
58	93718	0.9	1	90869 2849
59	67414	0.9	1	65143 2271
60	49145	0.9	1	47230 1915
61	39797	0.9	1	38106 1691
62	40376	0.9	1	38859 1517
63	44611	0.9	1	43067 1544
64	55667	0.9	1	53875 1792
65	59909	0.9	1	57803 2106
66	65501	0.9	1	63422 2079
67	65132	0.9	1	63002 2130
68	67398	0.9	1	65339 2059
69	68659	0.9	1	66378 2281
70	68548	0.9	1	66389 2159
71	75653	0.9	1	73432 2221
72	76860	0.9	1	74509 2351
73	79114	0.9	1	76815 2299
74	76533	0.9	1	74282 2251
75	74883	0.9	1	72749 2134
76	72678	0.9	1	70418 2260
77	73738	0.9	1	71556 2182
78	77034	0.9	1	74894 2140
79	72888	0.9	1	70786 2102
80	73035	0.9	1	71003 2032
81	75128	0.9	1	73198 1930
82	70266	0.9	1	68459 1807
83	73160	0.9	1	71208 1952
84	73136	0.9	1	71191 1945
85	71776	0.9	1	69764 2012
86	74033	0.9	1	72117 1916
87	75642	0.9	1	73654 1988
88	75625	0.9	1	73661 1964
89	71182	0.9	1	69389 1793
90	70389	0.9	1	68486 1903
91	69142	0.9	1	67361 1781
92	68198	0.9	1	66464 1734
93	72033	0.9	1	70339 1694
94	70708	0.9	1	69016 1692
95	71463	0.9	1	69706 1757
96	72585	0.9	1	70941 1644
97	68640	0.9	1	67058 1582
98	67042	0.9	1	65501 1541
99	66781	0.9	1	65261 1520
100	65152	0.9	1	63643 1509
101	65459	0.9	1	64058 1401
102	67884	0.9	1	66380 1504
103	68881	0.9	1	67374 1507
104	72544	0.9	1	70953 1591
105	74611	0.9	1	73013 1598
106	73822	0.9	1	72292 1530
107	75017	0.9	1	73477 1540
108	73526	0.9	1	71981 1545
109	73247	0.9	1	71680 1567
110	73260	0.9	1	71876 1384
111	77522	0.9	1	76147 1375
112	76958	0.9	1	75640 1318
113	77457	0.9	1	76022 1435
114	82847	0.9	1	81302 1545
115	82299	0.9	1	80806 1493
116	85531	0.9	1	84057 1474
117	86207	0.9	1	84753 1454
118	82943	0.9	1	81488 1455
119	82901	0.9	1	81623 1278
120	82191	0.9	1	80904 1287
121	80016	0.9	1	78862 1154
122	79818	0.9	1	78676 1142
123	81126	0.9	1	79911 1215
124	78823	0.9	1	77701 1122
125	76086	0.9	1	75049 1037
126	71354	0.9	1	70304 1050
127	65522	0.9	1	64646 876
128	57978	0.9	1	57194 784
129	47831	0.9	1	47262 569
130	32699	0.9	1	32271 428
131	17912	0.9	1	17688 224
132	8954	0.9	1	8801 153
133	3318	0.9	1	3236 82
134	985	0.9	1	924 61
135	201	0.9	1	156 45
136	122	0.9	1	99 23
137	50	0.9	1	24 26
138	125	0.9	1	99 26
139	44	0.9	1	9 35
140	54	0.9	1	22 32
141	90	0.9	1	66 24
142	31	0.9	1	10 21
143	255	0.9	1	231 24
144	35	0.9	1	12 23
145	50	0.9	1	10 40
146	40	0.9	1	10 30
147	56	0.9	1	18 38
148	58	0.9	1	11 47
149	305	0.9	1	114 191
150	9580	0.9	1	7080 2500

1	2 34
146	46	0.9	1	11 35
147	75	0.9	1	39 36
148	54	0.9	1	14 40
149	250	0.9	1	117 133
150	8871	0.9	1	6784 2087

