
	Position file = TSC_Tead4_AB_100k_rep1_peaks.narrowPeak
	Genome = mm10
	Output Directory = /home1/gyang/work_space/4.ProjectET/batch10_cr/7.Peak_anno/TSC_Tead4_AB_100k_rep1_peakAnalysis
	Using actual sizes of regions (-size given)
	Fragment size set to given
	Using 10 CPUs
	Motif length set at 8,
	Found mset for "mouse", will check against vertebrates motifs
	Peak/BED file conversion summary:
		BED/Header formatted lines: 756
		peakfile formatted lines: 0

	Peak File Statistics:
		Total Peaks: 756
		Redundant Peak IDs: 0
		Peaks lacking information: 0 (need at least 5 columns per peak)
		Peaks with misformatted coordinates: 0 (should be integer)
		Peaks with misformatted strand: 0 (should be either +/- or 0/1)

	Peak file looks good!

	Background fragment size set to 369 (avg size of targets)
	Could not find background files for 369 bp fragments
	Below are the sizes that are already available prepared.
		200
		283
		330
		332
		342
		354
		356
		368
		373
		378
		384
		385
		390
		392
		400
		411
		416
		418
		419
		420
		423
		424
		433
		438
		444
		447
		449
		451
		454
		455
		457
		461
		463
		468
		475
		476
		502
		525
		534
		536
		539
		562
		566
		567
		570
		589
		590
		603
		624
		644
		648
		671
		674
		703
		712
		724
		736
		740
		743
		758
		998
		999
		1078
		1142
		1222
		1249
		1259
		1262
		1288
		1376
		1455
		1619
		1925
		1959
		2017
		2116
		2151
		2488
		2499
		7879
		7974
	HOMER will now create background files for 369 bp fragments
	To CANCEL and rerun with a differet "-size <#>", hit <CTRL+C> now!
		5
		4
		3
		2
		1
	Preparsing genome for 369 bp fragments...(will probably take 1-5 min)
	preparse size set to 369

	By default, using /usr/local/software/homer/.//data/genomes/mm10//mm10.tss for reference positions
	Output files will be placed in /usr/local/software/homer/.//data/genomes/mm10//preparsed//mm10.369.* ...
	By default, HOMER will set the the preparsed Directory to be group read/write
chmod: changing permissions of ‘/usr/local/software/homer/.//data/genomes/mm10//preparsed/’: Operation not permitted
	Extracting sequences

	Extracting sequences from directory: /usr/local/software/homer/.//data/genomes/mm10//
	Extracting 82157 sequences from chr1
	Extracting 97896 sequences from chr2
	Extracting 66593 sequences from chr3
	Extracting 74446 sequences from chr4
	Extracting 76078 sequences from chr5
	Extracting 72944 sequences from chr6
	Extracting 91961 sequences from chr7
	Extracting 56498 sequences from chr8
	Extracting 68687 sequences from chr9
	Extracting 62736 sequences from chr10
	Extracting 74684 sequences from chr11
	Extracting 46144 sequences from chr12
	Extracting 53968 sequences from chr13
	Extracting 49955 sequences from chr14
	Extracting 46053 sequences from chr15
	Extracting 43274 sequences from chr16
	Extracting 51960 sequences from chr17
	Extracting 36810 sequences from chr18
	Extracting 36156 sequences from chr19
	Extracting 70393 sequences from chrX
	Extracting 9914 sequences from chrY
	Extracting 101 sequences from chr1_GL456211_random
	Extracting 172 sequences from chr1_GL456221_random
	Extracting 72 sequences from chr4_GL456216_random
	Extracting 260 sequences from chr4_GL456350_random
	Extracting 48 sequences from chr4_JH584292_random
	Extracting 175 sequences from chr4_JH584293_random
	Extracting 191 sequences from chr4_JH584294_random
	Extracting 203 sequences from chr5_GL456354_random
	Extracting 106 sequences from chr5_JH584296_random
	Extracting 102 sequences from chr5_JH584297_random
	Extracting 179 sequences from chr5_JH584298_random
	Extracting 422 sequences from chr5_JH584299_random
	Extracting 157 sequences from chr7_GL456219_random
	Extracting 99 sequences from chrUn_JH584304
	Extracting 308 sequences from chrX_GL456233_random
		3239 of 1271767 removed because they had >70.00% Ns (i.e. masked repeats)

	Sequences processed:
		Auto detected maximum sequence length of 369 bp
		100000
		200000
		300000
		400000
		500000
		600000
		700000
		800000
		900000
		1000000
		1100000
		1200000
		1268528 total

	Frequency Bins: 0.01 0.02 0.03 0.04 0.05 0.06 0.08 0.1 0.12 0.14 0.16
	Freq	Bin	Count
	0.01	0	749543
	0.02	1	367256
	0.03	2	86217
	0.04	3	19418
	0.05	4	12366
	0.06	5	7621
	0.08	6	9125
	0.1	7	6679
	0.12	8	5190
	0.14	9	2818
	0.16	10	1465
	11	11	830
	Frequency Bins: 0.2 0.25 0.3 0.35 0.4 0.45 0.5 0.6 0.7 0.8
	Freq	Bin	Count
	0.2	0	177
	0.25	1	2890
	0.3	2	24969
	0.35	3	110327
	0.4	4	250818
	0.45	5	347072
	0.5	6	292639
	0.6	7	205665
	0.7	8	25295
	0.8	9	8036
	10	10	640


	Extracting sequences from directory: /usr/local/software/homer/.//data/genomes/mm10//
	Extracting 39 sequences from chr1
	Extracting 47 sequences from chr2
	Extracting 21 sequences from chr3
	Extracting 52 sequences from chr4
	Extracting 32 sequences from chr5
	Extracting 26 sequences from chr6
	Extracting 46 sequences from chr7
	Extracting 23 sequences from chr8
	Extracting 36 sequences from chr9
	Extracting 83 sequences from chr10
	Extracting 172 sequences from chr11
	Extracting 17 sequences from chr12
	Extracting 25 sequences from chr13
	Extracting 15 sequences from chr14
	Extracting 25 sequences from chr15
	Extracting 18 sequences from chr16
	Extracting 29 sequences from chr17
	Extracting 19 sequences from chr18
	Extracting 20 sequences from chr19
	Extracting 8 sequences from chrX
	Extracting 3 sequences from chrM

	Not removing redundant sequences


	Sequences processed:
		Auto detected maximum sequence length of 371 bp
		756 total

	Frequency Bins: 0.2 0.25 0.3 0.35 0.4 0.45 0.5 0.6 0.7 0.8
	Freq	Bin	Count
	0.3	2	2
	0.35	3	13
	0.4	4	54
	0.45	5	78
	0.5	6	141
	0.6	7	285
	0.7	8	146
	0.8	9	37

	Total sequences set to 50000

	Choosing background that matches in CpG/GC content...
	Bin	# Targets	# Background	Background Weight
	2	2	130	1.002
	3	13	847	1.000
	4	54	3517	1.000
	5	78	5081	1.000
	6	141	9184	1.000
	7	285	18564	1.000
	8	146	9510	1.000
	9	37	2410	1.000
	Assembling sequence file...
	Normalizing lower order oligos using homer2

	Reading input files...
	49999 total sequences read
	Autonormalization: 1-mers (4 total)
		A	23.36%	23.67%	0.987
		C	26.64%	26.33%	1.012
		G	26.64%	26.33%	1.012
		T	23.36%	23.67%	0.987
	Autonormalization: 2-mers (16 total)
		AA	6.32%	6.05%	1.046
		CA	6.84%	7.42%	0.923
		GA	6.35%	6.32%	1.004
		TA	3.79%	3.87%	0.979
		AC	5.18%	5.18%	1.000
		CC	8.34%	8.13%	1.027
		GC	6.82%	6.71%	1.016
		TC	6.35%	6.32%	1.004
		AG	7.71%	7.92%	0.974
		CG	3.71%	2.88%	1.288
		GG	8.34%	8.13%	1.027
		TG	6.84%	7.42%	0.923
		AT	4.18%	4.51%	0.926
		CT	7.71%	7.92%	0.974
		GT	5.18%	5.18%	1.000
		TT	6.32%	6.05%	1.046
	Autonormalization: 3-mers (64 total)
	Normalization weights can be found in file: /home1/gyang/work_space/4.ProjectET/batch10_cr/7.Peak_anno/TSC_Tead4_AB_100k_rep1_peakAnalysis/seq.autonorm.tsv
	Converging on autonormalization solution:
	...............................................................................
	Final normalization:	Autonormalization: 1-mers (4 total)
		A	23.36%	23.34%	1.001
		C	26.64%	26.66%	0.999
		G	26.64%	26.66%	0.999
		T	23.36%	23.34%	1.001
	Autonormalization: 2-mers (16 total)
		AA	6.32%	6.26%	1.010
		CA	6.84%	6.97%	0.982
		GA	6.35%	6.32%	1.005
		TA	3.79%	3.80%	0.999
		AC	5.18%	5.10%	1.016
		CC	8.34%	8.33%	1.001
		GC	6.82%	6.91%	0.987
		TC	6.35%	6.32%	1.005
		AG	7.71%	7.71%	1.000
		CG	3.71%	3.66%	1.016
		GG	8.34%	8.33%	1.001
		TG	6.84%	6.97%	0.982
		AT	4.18%	4.27%	0.979
		CT	7.71%	7.71%	1.000
		GT	5.18%	5.10%	1.016
		TT	6.32%	6.26%	1.010
	Autonormalization: 3-mers (64 total)
	Finished preparing sequence/group files

	----------------------------------------------------------
	Known motif enrichment

	Reading input files...
	49999 total sequences read
	414 motifs loaded
	Cache length = 11180
	Using binomial scoring
	Checking enrichment of 414 motif(s)
	|0%                                    50%                                  100%|
	=================================================================================
	Preparing HTML output with sequence logos...
		1 of 414 (1e-8) TEAD1(TEAD)/HepG2-TEAD1-ChIP-Seq(Encode)/Homer
		2 of 414 (1e-7) TEAD4(TEA)/Tropoblast-Tead4-ChIP-Seq(GSE37350)/Homer
		3 of 414 (1e-6) TEAD2(TEA)/Py2T-Tead2-ChIP-Seq(GSE55709)/Homer
		4 of 414 (1e-5) TEAD3(TEA)/HepG2-TEAD3-ChIP-Seq(Encode)/Homer
		5 of 414 (1e-5) TEAD(TEA)/Fibroblast-PU.1-ChIP-Seq(Unpublished)/Homer
		6 of 414 (1e-2) Fosl2(bZIP)/3T3L1-Fosl2-ChIP-Seq(GSE56872)/Homer
		7 of 414 (1e-2) Fra2(bZIP)/Striatum-Fra2-ChIP-Seq(GSE43429)/Homer
		8 of 414 (1e-2) Atf3(bZIP)/GBM-ATF3-ChIP-Seq(GSE33912)/Homer
		9 of 414 (1e-2) MYNN(Zf)/HEK293-MYNN.eGFP-ChIP-Seq(Encode)/Homer
		10 of 414 (1e-2) Jun-AP1(bZIP)/K562-cJun-ChIP-Seq(GSE31477)/Homer
		11 of 414 (1e-2) THRa(NR)/C17.2-THRa-ChIP-Seq(GSE38347)/Homer
		12 of 414 (1e-2) AP-1(bZIP)/ThioMac-PU.1-ChIP-Seq(GSE21512)/Homer
		13 of 414 (1e-2) BATF(bZIP)/Th17-BATF-ChIP-Seq(GSE39756)/Homer
	----------------------------------------------------------
	De novo motif finding (HOMER)

	Scanning input files...
	Parsing sequences...
	|0%                                   50%                                  100%|
	================================================================================
	Total number of Oligos: 32896
	Autoadjustment for sequence coverage in background: 1.20x

	Oligos: 32896 of 34497 max
	Tree  : 67232 of 172485 max
	Optimizing memory usage...
	Cache length = 11180
	Using binomial scoring

	Global Optimization Phase: Looking for enriched oligos with up to 2 mismatches...

	Screening oligos 32896 (allowing 0 mismatches):
	|0%                                   50%                                  100%|
	================================================================================
		3.54% skipped, 96.46% checked (31732 of 32896), of those checked:
		3.54% not in target, 0.00% increased p-value, 0.00% high p-value

	Screening oligos 32896 (allowing 1 mismatches):
	|0%                                   50%                                  100%|
	================================================================================
		3.54% skipped, 96.46% checked (31732 of 32896), of those checked:
		0.00% not in target, 29.18% increased p-value, 63.23% high p-value

	Screening oligos 32896 (allowing 2 mismatches):
	|0%                                   50%                                  100%|
	================================================================================
		73.60% skipped, 26.40% checked (8686 of 32896), of those checked:
		0.00% not in target, 22.03% increased p-value, 0.00% high p-value
	Reading input files...
	49999 total sequences read
	Cache length = 11180
	Using binomial scoring

	Local Optimization Phase:
	1 of 25 Initial Sequence: CGCATTTT... (-17.483)
		Round 1: -22.96 CKCATTTT T:69.2(8.73%),B:2057.7(3.54%),P:1e-9
		Round 2: -23.63 CGSWTTTT T:119.0(14.57%),B:4499.1(7.58%),P:1e-10
		Round 3: -23.63 CGSWTTTT T:119.0(14.57%),B:4499.1(7.58%),P:1e-10
		=Final=: -14.94 CGSWTTTT T:71.0(9.39%),B:2365.0(4.96%),P:1e-6
		Performing exhaustive masking of motif...
		Reprioritizing potential motifs...
	2 of 25 Initial Sequence: ATATGGCG... (-15.775)
		Round 1: -22.68 ATAYGTCG T:22.9(2.87%),B:264.9(0.46%),P:1e-9
		Round 2: -22.68 ATAYGTCG T:22.9(2.87%),B:264.9(0.46%),P:1e-9
		=Final=: -15.00 ATAYGTCG T:18.0(2.38%),B:258.2(0.54%),P:1e-6
		Performing exhaustive masking of motif...
		Reprioritizing potential motifs...
	3 of 25 Initial Sequence: TCGGCTTT... (-15.022)
		Round 1: -22.43 TCGGCTTT T:372.3(38.88%),B:18846.8(28.12%),P:1e-9
		Round 2: -24.00 TCGGCTTT T:334.1(35.73%),B:16417.2(25.00%),P:1e-10
		Round 3: -24.00 TCGGCTTT T:334.1(35.73%),B:16417.2(25.00%),P:1e-10
		=Final=: -15.01 TCGGCTTT T:282.0(37.30%),B:13733.9(28.82%),P:1e-6
		Performing exhaustive masking of motif...
		Reprioritizing potential motifs...
	4 of 25 Initial Sequence: TGCGGAAT... (-14.166)
		Round 1: -19.63 TGCGGAAT T:157.1(18.76%),B:6881.9(11.36%),P:1e-8
		Round 2: -20.14 TGCGGAAT T:176.4(20.78%),B:7936.7(12.98%),P:1e-8
		Round 3: -20.14 TGCGGAAT T:176.4(20.78%),B:7936.7(12.98%),P:1e-8
		=Final=: -18.70 TGCGGAAT T:174.0(23.02%),B:7212.3(15.13%),P:1e-8
		Performing exhaustive masking of motif...
		Reprioritizing potential motifs...
	5 of 25 Initial Sequence: CCTAGGGG... (-11.819)
		Round 1: -25.35 CCTAGGGG T:203.5(23.56%),B:8813.8(14.31%),P:1e-11
		Round 2: -25.35 CCTAGGGG T:203.5(23.56%),B:8813.8(14.31%),P:1e-11
		=Final=: -19.54 CCTAGGGG T:94.0(12.43%),B:3129.5(6.57%),P:1e-8
		Performing exhaustive masking of motif...
		Reprioritizing potential motifs...
	6 of 25 Initial Sequence: ACCGAACC... (-10.700)
		Round 1: -16.21 ACCGAACC T:84.3(10.52%),B:3267.2(5.56%),P:1e-7
		Round 2: -16.61 ACCGAACC T:168.2(19.94%),B:7893.4(12.92%),P:1e-7
		Round 3: -16.61 ACCGAACC T:168.2(19.94%),B:7893.4(12.92%),P:1e-7
		=Final=: -16.10 ACCGAACC T:160.0(21.16%),B:6736.9(14.14%),P:1e-6
		Performing exhaustive masking of motif...
		Reprioritizing potential motifs...
	7 of 25 Initial Sequence: CATTCAGA... (-10.472)
		Round 1: -14.14 CATTCAGA T:64.6(8.12%),B:2396.2(4.11%),P:1e-6
		Round 2: -15.39 CATTCTBA T:103.5(12.74%),B:4381.1(7.39%),P:1e-6
		Round 3: -15.39 CATTCTBA T:103.5(12.74%),B:4381.1(7.39%),P:1e-6
		=Final=: -16.63 CATTCTBA T:114.0(15.08%),B:4308.6(9.04%),P:1e-7
		Performing exhaustive masking of motif...
		Reprioritizing potential motifs...
	8 of 25 Initial Sequence: ATGTATGG... (-10.076)
		Round 1: -12.68 ATGTATGG T:27.9(3.51%),B:695.0(1.21%),P:1e-5
		Round 2: -14.27 ATGTATGG T:45.1(5.78%),B:1424.0(2.46%),P:1e-6
		Round 3: -15.46 GTKTATGG T:60.0(7.51%),B:2028.3(3.49%),P:1e-6
		Round 4: -15.46 GTKTATGG T:60.0(7.51%),B:2028.3(3.49%),P:1e-6
		=Final=: -15.70 GTKTATGG T:49.0(6.48%),B:1355.4(2.84%),P:1e-6
		Performing exhaustive masking of motif...
		Reprioritizing potential motifs...
	Remaining seeds don't look promising (After initial 5 motifs, logp -8.672 > -8.879)

	Finalizing Enrichment Statistics (new in v3.4)
	Reading input files...
	49999 total sequences read
	Cache length = 11180
	Using binomial scoring
	Checking enrichment of 8 motif(s)
	|0%                                    50%                                  100%|
	=================================================================================
	Output in file: /home1/gyang/work_space/4.ProjectET/batch10_cr/7.Peak_anno/TSC_Tead4_AB_100k_rep1_peakAnalysis/homerMotifs.motifs8

	(Motifs in homer2 format)
	Determining similar motifs... 8 reduced to 7 motifs
	Outputing HTML and sequence logos for motif comparison...
	Checking de novo motifs against known motifs...
	Formatting HTML page...
		1 of 7 (1e-9) similar to SPIB/MA0081.1/Jaspar(0.806)
		2 of 7 (1e-8) similar to Znf423/MA0116.1/Jaspar(0.718)
		3 of 7 (1e-6) similar to POL002.1_INR/Jaspar(0.708)
		4 of 7 (1e-6) similar to PB0035.1_Irf5_1/Jaspar(0.662)
		5 of 7 (1e-6) similar to CDX1/MA0878.1/Jaspar(0.733)
		6 of 7 (1e-6) similar to NEUROD2/MA0668.1/Jaspar(0.707)
		7 of 7 (1e-6) similar to PRDM15(Zf)/ESC-Prdm15-ChIP-Seq(GSE73694)/Homer(0.669)
	Job finished - if results look good, please send beer to ..

	Cleaning up tmp files...

