
	Position file = TSC_Tead4_SC_1k_rep2_peaks.narrowPeak
	Genome = mm10
	Output Directory = /home1/gyang/work_space/4.ProjectET/batch10_cr/7.Peak_anno/TSC_Tead4_SC_1k_rep2_peakAnalysis
	Using actual sizes of regions (-size given)
	Fragment size set to given
	Using 10 CPUs
	Motif length set at 8,
	Found mset for "mouse", will check against vertebrates motifs
	Peak/BED file conversion summary:
		BED/Header formatted lines: 2518
		peakfile formatted lines: 0

	Peak File Statistics:
		Total Peaks: 2518
		Redundant Peak IDs: 0
		Peaks lacking information: 0 (need at least 5 columns per peak)
		Peaks with misformatted coordinates: 0 (should be integer)
		Peaks with misformatted strand: 0 (should be either +/- or 0/1)

	Peak file looks good!

	Background fragment size set to 448 (avg size of targets)
	Could not find background files for 448 bp fragments
	Below are the sizes that are already available prepared.
		200
		283
		330
		332
		342
		354
		356
		368
		373
		378
		384
		385
		390
		392
		400
		411
		416
		418
		419
		420
		423
		424
		433
		438
		444
		447
		449
		451
		454
		455
		457
		461
		463
		468
		475
		476
		502
		525
		534
		536
		539
		562
		566
		567
		570
		589
		590
		603
		624
		644
		648
		671
		674
		703
		712
		724
		736
		740
		743
		758
		998
		999
		1078
		1142
		1222
		1249
		1259
		1262
		1288
		1376
		1455
		1619
		1925
		1959
		2017
		2116
		2151
		2488
		2499
		7879
		7974
	HOMER will now create background files for 448 bp fragments
	To CANCEL and rerun with a differet "-size <#>", hit <CTRL+C> now!
		5
		4
		3
		2
		1
	Preparsing genome for 448 bp fragments...(will probably take 1-5 min)
	preparse size set to 448

	By default, using /usr/local/software/homer/.//data/genomes/mm10//mm10.tss for reference positions
	Output files will be placed in /usr/local/software/homer/.//data/genomes/mm10//preparsed//mm10.448.* ...
	By default, HOMER will set the the preparsed Directory to be group read/write
chmod: changing permissions of ‘/usr/local/software/homer/.//data/genomes/mm10//preparsed/’: Operation not permitted
	Extracting sequences

	Extracting sequences from directory: /usr/local/software/homer/.//data/genomes/mm10//
	Extracting 81209 sequences from chr1
	Extracting 97164 sequences from chr2
	Extracting 65780 sequences from chr3
	Extracting 73933 sequences from chr4
	Extracting 75675 sequences from chr5
	Extracting 72346 sequences from chr6
	Extracting 91098 sequences from chr7
	Extracting 55999 sequences from chr8
	Extracting 67706 sequences from chr9
	Extracting 61982 sequences from chr10
	Extracting 73619 sequences from chr11
	Extracting 45868 sequences from chr12
	Extracting 53451 sequences from chr13
	Extracting 49569 sequences from chr14
	Extracting 45765 sequences from chr15
	Extracting 43004 sequences from chr16
	Extracting 51788 sequences from chr17
	Extracting 37086 sequences from chr18
	Extracting 35672 sequences from chr19
	Extracting 69835 sequences from chrX
	Extracting 9848 sequences from chrY
	Extracting 95 sequences from chr1_GL456211_random
	Extracting 179 sequences from chr1_GL456221_random
	Extracting 64 sequences from chr4_GL456216_random
	Extracting 278 sequences from chr4_GL456350_random
	Extracting 48 sequences from chr4_JH584292_random
	Extracting 183 sequences from chr4_JH584293_random
	Extracting 194 sequences from chr4_JH584294_random
	Extracting 213 sequences from chr5_GL456354_random
	Extracting 97 sequences from chr5_JH584296_random
	Extracting 94 sequences from chr5_JH584297_random
	Extracting 192 sequences from chr5_JH584298_random
	Extracting 440 sequences from chr5_JH584299_random
	Extracting 147 sequences from chr7_GL456219_random
	Extracting 102 sequences from chrUn_JH584304
	Extracting 306 sequences from chrX_GL456233_random
		3363 of 1260886 removed because they had >70.00% Ns (i.e. masked repeats)

	Sequences processed:
		Auto detected maximum sequence length of 449 bp
		100000
		200000
		300000
		400000
		500000
		600000
		700000
		800000
		900000
		1000000
		1100000
		1200000
		1257523 total

	Frequency Bins: 0.01 0.02 0.03 0.04 0.05 0.06 0.08 0.1 0.12 0.14 0.16
	Freq	Bin	Count
	0.01	0	780039
	0.02	1	319086
	0.03	2	97814
	0.04	3	20250
	0.05	4	11061
	0.06	5	5649
	0.08	6	9060
	0.1	7	6316
	0.12	8	4179
	0.14	9	2403
	0.16	10	1176
	11	11	490
	Frequency Bins: 0.2 0.25 0.3 0.35 0.4 0.45 0.5 0.6 0.7 0.8
	Freq	Bin	Count
	0.2	0	112
	0.25	1	1857
	0.3	2	19942
	0.35	3	102903
	0.4	4	254790
	0.45	5	361771
	0.5	6	296160
	0.6	7	191379
	0.7	8	21890
	0.8	9	6303
	10	10	416


	Extracting sequences from directory: /usr/local/software/homer/.//data/genomes/mm10//
	Extracting 170 sequences from chr1
	Extracting 154 sequences from chr2
	Extracting 106 sequences from chr3
	Extracting 151 sequences from chr4
	Extracting 124 sequences from chr5
	Extracting 118 sequences from chr6
	Extracting 203 sequences from chr7
	Extracting 121 sequences from chr8
	Extracting 137 sequences from chr9
	Extracting 198 sequences from chr10
	Extracting 325 sequences from chr11
	Extracting 90 sequences from chr12
	Extracting 84 sequences from chr13
	Extracting 77 sequences from chr14
	Extracting 88 sequences from chr15
	Extracting 66 sequences from chr16
	Extracting 122 sequences from chr17
	Extracting 68 sequences from chr18
	Extracting 79 sequences from chr19
	Extracting 34 sequences from chrX
	Extracting 3 sequences from chrM

	Not removing redundant sequences


	Sequences processed:
		Auto detected maximum sequence length of 374 bp
		2518 total

	Frequency Bins: 0.2 0.25 0.3 0.35 0.4 0.45 0.5 0.6 0.7 0.8
	Freq	Bin	Count
	0.3	2	5
	0.35	3	28
	0.4	4	152
	0.45	5	300
	0.5	6	421
	0.6	7	833
	0.7	8	562
	0.8	9	217

	Total sequences set to 50000

	Choosing background that matches in CpG/GC content...
	Bin	# Targets	# Background	Background Weight
	2	5	94	1.003
	3	28	528	1.000
	4	152	2866	1.000
	5	300	5657	1.000
	6	421	7939	1.000
	7	833	15708	1.000
	8	562	10598	1.000
	9	217	4092	1.000
	Assembling sequence file...
	Normalizing lower order oligos using homer2

	Reading input files...
	50000 total sequences read
	Autonormalization: 1-mers (4 total)
		A	22.69%	23.03%	0.985
		C	27.31%	26.97%	1.013
		G	27.31%	26.97%	1.013
		T	22.69%	23.03%	0.985
	Autonormalization: 2-mers (16 total)
		AA	6.10%	5.80%	1.050
		CA	6.67%	7.26%	0.918
		GA	6.23%	6.26%	0.995
		TA	3.65%	3.69%	0.991
		AC	5.05%	5.09%	0.993
		CC	8.66%	8.47%	1.023
		GC	7.42%	7.18%	1.034
		TC	6.23%	6.26%	0.995
		AG	7.55%	7.81%	0.966
		CG	4.43%	3.45%	1.282
		GG	8.66%	8.47%	1.023
		TG	6.67%	7.26%	0.918
		AT	4.01%	4.31%	0.930
		CT	7.55%	7.81%	0.966
		GT	5.05%	5.09%	0.993
		TT	6.10%	5.80%	1.050
	Autonormalization: 3-mers (64 total)
	Normalization weights can be found in file: /home1/gyang/work_space/4.ProjectET/batch10_cr/7.Peak_anno/TSC_Tead4_SC_1k_rep2_peakAnalysis/seq.autonorm.tsv
	Converging on autonormalization solution:
	...............................................................................
	Final normalization:	Autonormalization: 1-mers (4 total)
		A	22.69%	22.65%	1.002
		C	27.31%	27.35%	0.999
		G	27.31%	27.35%	0.999
		T	22.69%	22.65%	1.002
	Autonormalization: 2-mers (16 total)
		AA	6.10%	6.01%	1.014
		CA	6.67%	6.78%	0.983
		GA	6.23%	6.20%	1.004
		TA	3.65%	3.65%	1.001
		AC	5.05%	4.98%	1.015
		CC	8.66%	8.66%	1.000
		GC	7.42%	7.50%	0.989
		TC	6.23%	6.20%	1.004
		AG	7.55%	7.55%	1.000
		CG	4.43%	4.35%	1.016
		GG	8.66%	8.66%	1.000
		TG	6.67%	6.78%	0.983
		AT	4.01%	4.11%	0.975
		CT	7.55%	7.55%	1.000
		GT	5.05%	4.98%	1.015
		TT	6.10%	6.01%	1.014
	Autonormalization: 3-mers (64 total)
	Finished preparing sequence/group files

	----------------------------------------------------------
	Known motif enrichment

	Reading input files...
	50000 total sequences read
	414 motifs loaded
	Cache length = 11180
	Using binomial scoring
	Checking enrichment of 414 motif(s)
	|0%                                    50%                                  100%|
	=================================================================================
	Preparing HTML output with sequence logos...
		1 of 414 (1e-83) TEAD1(TEAD)/HepG2-TEAD1-ChIP-Seq(Encode)/Homer
		2 of 414 (1e-71) TEAD4(TEA)/Tropoblast-Tead4-ChIP-Seq(GSE37350)/Homer
		3 of 414 (1e-67) TEAD2(TEA)/Py2T-Tead2-ChIP-Seq(GSE55709)/Homer
		4 of 414 (1e-66) TEAD(TEA)/Fibroblast-PU.1-ChIP-Seq(Unpublished)/Homer
		5 of 414 (1e-53) TEAD3(TEA)/HepG2-TEAD3-ChIP-Seq(Encode)/Homer
		6 of 414 (1e-44) OCT:OCT(POU,Homeobox,IR1)/NPC-Brn2-ChIP-Seq(GSE35496)/Homer
		7 of 414 (1e-24) Fosl2(bZIP)/3T3L1-Fosl2-ChIP-Seq(GSE56872)/Homer
		8 of 414 (1e-23) Jun-AP1(bZIP)/K562-cJun-ChIP-Seq(GSE31477)/Homer
		9 of 414 (1e-20) Fra2(bZIP)/Striatum-Fra2-ChIP-Seq(GSE43429)/Homer
		10 of 414 (1e-20) Atf3(bZIP)/GBM-ATF3-ChIP-Seq(GSE33912)/Homer
		11 of 414 (1e-19) JunB(bZIP)/DendriticCells-Junb-ChIP-Seq(GSE36099)/Homer
		12 of 414 (1e-19) Brn2(POU,Homeobox)/NPC-Brn2-ChIP-Seq(GSE35496)/Homer
		13 of 414 (1e-19) Fra1(bZIP)/BT549-Fra1-ChIP-Seq(GSE46166)/Homer
		14 of 414 (1e-17) BATF(bZIP)/Th17-BATF-ChIP-Seq(GSE39756)/Homer
		15 of 414 (1e-16) Sp1(Zf)/Promoter/Homer
		16 of 414 (1e-16) AP-1(bZIP)/ThioMac-PU.1-ChIP-Seq(GSE21512)/Homer
		17 of 414 (1e-16) KLF3(Zf)/MEF-Klf3-ChIP-Seq(GSE44748)/Homer
		18 of 414 (1e-14) Elk4(ETS)/Hela-Elk4-ChIP-Seq(GSE31477)/Homer
		19 of 414 (1e-14) Klf4(Zf)/mES-Klf4-ChIP-Seq(GSE11431)/Homer
		20 of 414 (1e-11) Bach2(bZIP)/OCILy7-Bach2-ChIP-Seq(GSE44420)/Homer
		21 of 414 (1e-10) Klf9(Zf)/GBM-Klf9-ChIP-Seq(GSE62211)/Homer
		22 of 414 (1e-10) Fli1(ETS)/CD8-FLI-ChIP-Seq(GSE20898)/Homer
		23 of 414 (1e-10) Sp2(Zf)/HEK293-Sp2.eGFP-ChIP-Seq(Encode)/Homer
		24 of 414 (1e-9) Atf4(bZIP)/MEF-Atf4-ChIP-Seq(GSE35681)/Homer
		25 of 414 (1e-9) Sp5(Zf)/mES-Sp5.Flag-ChIP-Seq(GSE72989)/Homer
		26 of 414 (1e-9) IRF:BATF(IRF:bZIP)/pDC-Irf8-ChIP-Seq(GSE66899)/Homer
		27 of 414 (1e-9) KLF5(Zf)/LoVo-KLF5-ChIP-Seq(GSE49402)/Homer
		28 of 414 (1e-9) MYNN(Zf)/HEK293-MYNN.eGFP-ChIP-Seq(Encode)/Homer
		29 of 414 (1e-9) Elk1(ETS)/Hela-Elk1-ChIP-Seq(GSE31477)/Homer
		30 of 414 (1e-8) Pit1+1bp(Homeobox)/GCrat-Pit1-ChIP-Seq(GSE58009)/Homer
		31 of 414 (1e-8) ETV4(ETS)/HepG2-ETV4-ChIP-Seq(ENCODE)/Homer
		32 of 414 (1e-7) KLF6(Zf)/PDAC-KLF6-ChIP-Seq(GSE64557)/Homer
		33 of 414 (1e-7) Ronin(THAP)/ES-Thap11-ChIP-Seq(GSE51522)/Homer
		34 of 414 (1e-7) GFY-Staf(?,Zf)/Promoter/Homer
		35 of 414 (1e-7) Elf4(ETS)/BMDM-Elf4-ChIP-Seq(GSE88699)/Homer
		36 of 414 (1e-7) KLF14(Zf)/HEK293-KLF14.GFP-ChIP-Seq(GSE58341)/Homer
		37 of 414 (1e-6) E2F4(E2F)/K562-E2F4-ChIP-Seq(GSE31477)/Homer
		38 of 414 (1e-6) Maz(Zf)/HepG2-Maz-ChIP-Seq(GSE31477)/Homer
		39 of 414 (1e-6) SPDEF(ETS)/VCaP-SPDEF-ChIP-Seq(SRA014231)/Homer
		40 of 414 (1e-6) ELF1(ETS)/Jurkat-ELF1-ChIP-Seq(SRA014231)/Homer
		41 of 414 (1e-5) GABPA(ETS)/Jurkat-GABPa-ChIP-Seq(GSE17954)/Homer
		42 of 414 (1e-5) STAT5(Stat)/mCD4+-Stat5-ChIP-Seq(GSE12346)/Homer
		43 of 414 (1e-5) AP-2alpha(AP2)/Hela-AP2alpha-ChIP-Seq(GSE31477)/Homer
		44 of 414 (1e-5) KLF10(Zf)/HEK293-KLF10.GFP-ChIP-Seq(GSE58341)/Homer
		45 of 414 (1e-5) ETV1(ETS)/GIST48-ETV1-ChIP-Seq(GSE22441)/Homer
		46 of 414 (1e-5) Gfi1b(Zf)/HPC7-Gfi1b-ChIP-Seq(GSE22178)/Homer
		47 of 414 (1e-5) STAT6(Stat)/Macrophage-Stat6-ChIP-Seq(GSE38377)/Homer
		48 of 414 (1e-5) Arnt:Ahr(bHLH)/MCF7-Arnt-ChIP-Seq(Lo_et_al.)/Homer
		49 of 414 (1e-5) EKLF(Zf)/Erythrocyte-Klf1-ChIP-Seq(GSE20478)/Homer
		50 of 414 (1e-4) GFY(?)/Promoter/Homer
		51 of 414 (1e-4) NFkB-p65-Rel(RHD)/ThioMac-LPS-Expression(GSE23622)/Homer
		52 of 414 (1e-4) PBX1(Homeobox)/MCF7-PBX1-ChIP-Seq(GSE28007)/Homer
		53 of 414 (1e-4) EWS:FLI1-fusion(ETS)/SK_N_MC-EWS:FLI1-ChIP-Seq(SRA014231)/Homer
		54 of 414 (1e-4) ETS(ETS)/Promoter/Homer
		55 of 414 (1e-4) ELF5(ETS)/T47D-ELF5-ChIP-Seq(GSE30407)/Homer
		56 of 414 (1e-4) RFX(HTH)/K562-RFX3-ChIP-Seq(SRA012198)/Homer
		57 of 414 (1e-4) Rfx2(HTH)/LoVo-RFX2-ChIP-Seq(GSE49402)/Homer
		58 of 414 (1e-4) CRE(bZIP)/Promoter/Homer
		59 of 414 (1e-4) Tbet(T-box)/CD8-Tbet-ChIP-Seq(GSE33802)/Homer
		60 of 414 (1e-4) Isl1(Homeobox)/Neuron-Isl1-ChIP-Seq(GSE31456)/Homer
		61 of 414 (1e-4) Pbx3(Homeobox)/GM12878-PBX3-ChIP-Seq(GSE32465)/Homer
		62 of 414 (1e-4) E-box(bHLH)/Promoter/Homer
		63 of 414 (1e-4) EHF(ETS)/LoVo-EHF-ChIP-Seq(GSE49402)/Homer
		64 of 414 (1e-4) E2F7(E2F)/Hela-E2F7-ChIP-Seq(GSE32673)/Homer
		65 of 414 (1e-4) ELF3(ETS)/PDAC-ELF3-ChIP-Seq(GSE64557)/Homer
		66 of 414 (1e-3) Zfp281(Zf)/ES-Zfp281-ChIP-Seq(GSE81042)/Homer
		67 of 414 (1e-3) Bach1(bZIP)/K562-Bach1-ChIP-Seq(GSE31477)/Homer
		68 of 414 (1e-3) NFIL3(bZIP)/HepG2-NFIL3-ChIP-Seq(Encode)/Homer
		69 of 414 (1e-3) Tbx21(T-box)/GM12878-TBX21-ChIP-Seq(Encode)/Homer
		70 of 414 (1e-3) OCT:OCT-short(POU,Homeobox)/NPC-OCT6-ChIP-Seq(GSE43916)/Homer
		71 of 414 (1e-3) CEBP:AP1(bZIP)/ThioMac-CEBPb-ChIP-Seq(GSE21512)/Homer
		72 of 414 (1e-3) Atf1(bZIP)/K562-ATF1-ChIP-Seq(GSE31477)/Homer
		73 of 414 (1e-3) Usf2(bHLH)/C2C12-Usf2-ChIP-Seq(GSE36030)/Homer
		74 of 414 (1e-3) AP-2gamma(AP2)/MCF7-TFAP2C-ChIP-Seq(GSE21234)/Homer
		75 of 414 (1e-3) Etv2(ETS)/ES-ER71-ChIP-Seq(GSE59402)/Homer(0.967)
		76 of 414 (1e-3) TFE3(bHLH)/MEF-TFE3-ChIP-Seq(GSE75757)/Homer
		77 of 414 (1e-3) Sox2(HMG)/mES-Sox2-ChIP-Seq(GSE11431)/Homer
		78 of 414 (1e-3) HNF4a(NR),DR1/HepG2-HNF4a-ChIP-Seq(GSE25021)/Homer
		79 of 414 (1e-3) ERG(ETS)/VCaP-ERG-ChIP-Seq(GSE14097)/Homer
		80 of 414 (1e-3) E2F1(E2F)/Hela-E2F1-ChIP-Seq(GSE22478)/Homer
		81 of 414 (1e-3) Pknox1(Homeobox)/ES-Prep1-ChIP-Seq(GSE63282)/Homer
		82 of 414 (1e-3) Hoxb4(Homeobox)/ES-Hoxb4-ChIP-Seq(GSE34014)/Homer
		83 of 414 (1e-3) CDX4(Homeobox)/ZebrafishEmbryos-Cdx4.Myc-ChIP-Seq(GSE48254)/Homer
		84 of 414 (1e-3) NRF1(NRF)/MCF7-NRF1-ChIP-Seq(Unpublished)/Homer
		85 of 414 (1e-3) Stat3(Stat)/mES-Stat3-ChIP-Seq(GSE11431)/Homer
		86 of 414 (1e-3) Nr5a2(NR)/mES-Nr5a2-ChIP-Seq(GSE19019)/Homer
		87 of 414 (1e-3) USF1(bHLH)/GM12878-Usf1-ChIP-Seq(GSE32465)/Homer
		88 of 414 (1e-3) STAT4(Stat)/CD4-Stat4-ChIP-Seq(GSE22104)/Homer
		89 of 414 (1e-3) NFE2L2(bZIP)/HepG2-NFE2L2-ChIP-Seq(Encode)/Homer
		90 of 414 (1e-3) RUNX-AML(Runt)/CD4+-PolII-ChIP-Seq(Barski_et_al.)/Homer
		91 of 414 (1e-3) ETS1(ETS)/Jurkat-ETS1-ChIP-Seq(GSE17954)/Homer
		92 of 414 (1e-3) JunD(bZIP)/K562-JunD-ChIP-Seq/Homer
		93 of 414 (1e-3) STAT1(Stat)/HelaS3-STAT1-ChIP-Seq(GSE12782)/Homer
		94 of 414 (1e-2) COUP-TFII(NR)/K562-NR2F1-ChIP-Seq(Encode)/Homer
		95 of 414 (1e-2) CLOCK(bHLH)/Liver-Clock-ChIP-Seq(GSE39860)/Homer
		96 of 414 (1e-2) bHLHE40(bHLH)/HepG2-BHLHE40-ChIP-Seq(GSE31477)/Homer
		97 of 414 (1e-2) GFX(?)/Promoter/Homer
		98 of 414 (1e-2) NRF(NRF)/Promoter/Homer
		99 of 414 (1e-2) ZFX(Zf)/mES-Zfx-ChIP-Seq(GSE11431)/Homer
		100 of 414 (1e-2) Sox17(HMG)/Endoderm-Sox17-ChIP-Seq(GSE61475)/Homer
		101 of 414 (1e-2) STAT6(Stat)/CD4-Stat6-ChIP-Seq(GSE22104)/Homer
		102 of 414 (1e-2) Stat3+il21(Stat)/CD4-Stat3-ChIP-Seq(GSE19198)/Homer
		103 of 414 (1e-2) Tbr1(T-box)/Cortex-Tbr1-ChIP-Seq(GSE71384)/Homer
		104 of 414 (1e-2) NFkB-p65(RHD)/GM12787-p65-ChIP-Seq(GSE19485)/Homer
		105 of 414 (1e-2) c-Jun-CRE(bZIP)/K562-cJun-ChIP-Seq(GSE31477)/Homer
		106 of 414 (1e-2) EWS:ERG-fusion(ETS)/CADO_ES1-EWS:ERG-ChIP-Seq(SRA014231)/Homer
		107 of 414 (1e-2) Atf7(bZIP)/3T3L1-Atf7-ChIP-Seq(GSE56872)/Homer
		108 of 414 (1e-2) RORa(NR)/Liver-Rora-ChIP-Seq(GSE101115)/Homer
		109 of 414 (1e-2) Nrf2(bZIP)/Lymphoblast-Nrf2-ChIP-Seq(GSE37589)/Homer
		110 of 414 (1e-2) Atf2(bZIP)/3T3L1-Atf2-ChIP-Seq(GSE56872)/Homer
		111 of 414 (1e-2) PPARE(NR),DR1/3T3L1-Pparg-ChIP-Seq(GSE13511)/Homer
		112 of 414 (1e-2) Foxa3(Forkhead)/Liver-Foxa3-ChIP-Seq(GSE77670)/Homer
		113 of 414 (1e-2) EAR2(NR)/K562-NR2F6-ChIP-Seq(Encode)/Homer
		114 of 414 (1e-2) Brachyury(T-box)/Mesoendoderm-Brachyury-ChIP-exo(GSE54963)/Homer
		115 of 414 (1e-2) RUNX(Runt)/HPC7-Runx1-ChIP-Seq(GSE22178)/Homer
		116 of 414 (1e-2) Hoxc9(Homeobox)/Ainv15-Hoxc9-ChIP-Seq(GSE21812)/Homer
		117 of 414 (1e-2) NF-E2(bZIP)/K562-NFE2-ChIP-Seq(GSE31477)/Homer
		118 of 414 (1e-2) ZNF264(Zf)/HEK293-ZNF264.GFP-ChIP-Seq(GSE58341)/Homer
		119 of 414 (1e-2) FOXP1(Forkhead)/H9-FOXP1-ChIP-Seq(GSE31006)/Homer
		120 of 414 (1e-2) Foxa2(Forkhead)/Liver-Foxa2-ChIP-Seq(GSE25694)/Homer
		121 of 414 (1e-2) Sox3(HMG)/NPC-Sox3-ChIP-Seq(GSE33059)/Homer
		122 of 414 (1e-2) ETS:RUNX(ETS,Runt)/Jurkat-RUNX1-ChIP-Seq(GSE17954)/Homer
		123 of 414 (1e-2) Tbx6(T-box)/ESC-Tbx6-ChIP-Seq(GSE93524)/Homer
	----------------------------------------------------------
	De novo motif finding (HOMER)

	Scanning input files...
	Parsing sequences...
	|0%                                   50%                                  100%|
	===============================================================================
	Total number of Oligos: 32896
	Autoadjustment for sequence coverage in background: 1.18x

	Oligos: 32896 of 34497 max
	Tree  : 67176 of 172485 max
	Optimizing memory usage...
	Cache length = 11180
	Using binomial scoring

	Global Optimization Phase: Looking for enriched oligos with up to 2 mismatches...

	Screening oligos 32896 (allowing 0 mismatches):
	|0%                                   50%                                  100%|
	================================================================================
		0.09% skipped, 99.91% checked (32867 of 32896), of those checked:
		0.09% not in target, 0.00% increased p-value, 0.00% high p-value

	Screening oligos 32896 (allowing 1 mismatches):
	|0%                                   50%                                  100%|
	================================================================================
		0.09% skipped, 99.91% checked (32867 of 32896), of those checked:
		0.00% not in target, 40.58% increased p-value, 52.29% high p-value

	Screening oligos 32896 (allowing 2 mismatches):
	|0%                                   50%                                  100%|
	================================================================================
		63.68% skipped, 36.32% checked (11948 of 32896), of those checked:
		0.00% not in target, 27.84% increased p-value, 0.00% high p-value
	Reading input files...
	50000 total sequences read
	Cache length = 11180
	Using binomial scoring

	Local Optimization Phase:
	1 of 25 Initial Sequence: CGGAATTC... (-106.959)
		Round 1: -272.88 HGGAATTC T:1090.4(35.14%),B:9550.8(16.11%),P:1e-118
		Round 2: -272.88 HGGAATTC T:1090.4(35.14%),B:9550.8(16.11%),P:1e-118
		=Final=: -139.30 HGGAATTC T:633.0(25.14%),B:5974.5(12.94%),P:1e-60
		Performing exhaustive masking of motif...
		Reprioritizing potential motifs...
	2 of 25 Initial Sequence: ACATTCAG... (-70.509)
		Round 1: -128.00 ACATTCHK T:370.0(13.63%),B:2949.0(5.28%),P:1e-55
		Round 2: -128.00 ACATTCHK T:370.0(13.63%),B:2949.0(5.28%),P:1e-55
		=Final=: -99.21 ACATTCHK T:343.0(13.62%),B:2789.5(6.04%),P:1e-43
		Performing exhaustive masking of motif...
		Reprioritizing potential motifs...
	3 of 25 Initial Sequence: GATAGTAA... (-65.668)
		Round 1: -97.06 GATAGTAA T:123.3(4.77%),B:549.5(1.00%),P:1e-42
		Round 2: -97.06 GATAGTAA T:123.3(4.77%),B:549.5(1.00%),P:1e-42
		=Final=: -62.49 GATAGTAA T:69.0(2.74%),B:239.8(0.52%),P:1e-27
		Performing exhaustive masking of motif...
		Reprioritizing potential motifs...
	4 of 25 Initial Sequence: CTACTAAT... (-56.390)
		Round 1: -62.39 CTAATAAT T:380.2(14.01%),B:4305.8(7.61%),P:1e-27
		Round 2: -62.39 CTAATAAT T:380.2(14.01%),B:4305.8(7.61%),P:1e-27
		=Final=: -39.97 CTAATAAT T:86.0(3.42%),B:532.0(1.15%),P:1e-17
		Performing exhaustive masking of motif...
		Reprioritizing potential motifs...
	5 of 25 Initial Sequence: CCATACAT... (-54.384)
		Round 1: -81.29 CCATACAT T:145.2(5.60%),B:864.9(1.58%),P:1e-35
		Round 2: -81.29 CCATACAT T:145.2(5.60%),B:864.9(1.58%),P:1e-35
		=Final=: -90.50 CCATACAT T:158.0(6.27%),B:830.2(1.80%),P:1e-39
		Performing exhaustive masking of motif...
		Reprioritizing potential motifs...
	6 of 25 Initial Sequence: GCCTGATT... (-50.776)
		Round 1: -50.78 GCCTGATT T:79.2(3.09%),B:430.7(0.79%),P:1e-22
		Round 2: -50.78 GCCTGATT T:79.2(3.09%),B:430.7(0.79%),P:1e-22
		=Final=: -57.35 GCCTGATT T:89.0(3.53%),B:427.9(0.93%),P:1e-24
		Performing exhaustive masking of motif...
		Reprioritizing potential motifs...
	7 of 25 Initial Sequence: TGCAATAC... (-50.702)
		Round 1: -95.18 TRCAATAC T:105.8(4.09%),B:401.8(0.73%),P:1e-41
		Round 2: -95.18 TRCAATAC T:105.8(4.09%),B:401.8(0.73%),P:1e-41
		=Final=: -75.78 TRCAATAC T:97.0(3.85%),B:389.8(0.84%),P:1e-32
		Performing exhaustive masking of motif...
		Reprioritizing potential motifs...
	8 of 25 Initial Sequence: ATGTAGTC... (-47.887)
		Round 1: -92.22 ATGTAGTM T:165.3(6.34%),B:983.0(1.79%),P:1e-40
		Round 2: -92.22 ATGTAGTM T:165.3(6.34%),B:983.0(1.79%),P:1e-40
		=Final=: -55.80 ATGTAGTM T:84.0(3.34%),B:393.7(0.85%),P:1e-24
		Performing exhaustive masking of motif...
		Reprioritizing potential motifs...
	9 of 25 Initial Sequence: AACTCTAT... (-47.858)
		Round 1: -47.86 AACTCTAT T:68.1(2.66%),B:350.2(0.64%),P:1e-20
		Round 2: -47.86 AACTCTAT T:68.1(2.66%),B:350.2(0.64%),P:1e-20
		=Final=: -50.47 AACTCTAT T:75.0(2.98%),B:348.7(0.76%),P:1e-21
		Performing exhaustive masking of motif...
		Reprioritizing potential motifs...
	10 of 25 Initial Sequence: TGAATAGG... (-46.303)
		Round 1: -46.30 TGAATAGG T:65.1(2.55%),B:331.4(0.61%),P:1e-20
		Round 2: -46.30 TGAATAGG T:65.1(2.55%),B:331.4(0.61%),P:1e-20
		=Final=: -52.57 TGAATAGG T:74.0(2.94%),B:328.0(0.71%),P:1e-22
		Performing exhaustive masking of motif...
		Reprioritizing potential motifs...
	11 of 25 Initial Sequence: AGGCAATT... (-40.385)
		Round 1: -46.88 AGGCAATT T:134.4(5.18%),B:1112.5(2.02%),P:1e-20
		Round 2: -51.15 AGGVAKTT T:1008.3(32.99%),B:15129.4(24.29%),P:1e-22
		Round 3: -51.15 AGGVAKTT T:1008.3(32.99%),B:15129.4(24.29%),P:1e-22
		=Final=: -31.58 AGGVAKTT T:625.0(24.82%),B:8637.9(18.71%),P:1e-13
		Performing exhaustive masking of motif...
		Reprioritizing potential motifs...
	12 of 25 Initial Sequence: TAAGCTTG... (-40.550)
		Round 1: -40.55 TAAGCTTG T:64.1(2.51%),B:362.7(0.66%),P:1e-17
		Round 2: -40.55 TAAGCTTG T:64.1(2.51%),B:362.7(0.66%),P:1e-17
		=Final=: -44.64 TAAGCTTG T:72.0(2.86%),B:359.2(0.78%),P:1e-19
		Performing exhaustive masking of motif...
		Reprioritizing potential motifs...
	13 of 25 Initial Sequence: TATATGGG... (-39.328)
		Round 1: -42.00 TATATGGG T:59.1(2.32%),B:300.4(0.55%),P:1e-18
		Round 2: -42.00 TATATGGG T:59.1(2.32%),B:300.4(0.55%),P:1e-18
		=Final=: -48.30 TATATGGG T:67.0(2.66%),B:293.2(0.63%),P:1e-20
		Performing exhaustive masking of motif...
		Reprioritizing potential motifs...
	14 of 25 Initial Sequence: ACTATAAT... (-38.256)
		Round 1: -38.26 ACTATAAT T:55.2(2.16%),B:286.9(0.52%),P:1e-16
		Round 2: -38.26 ACTATAAT T:55.2(2.16%),B:286.9(0.52%),P:1e-16
		=Final=: -40.14 ACTATAAT T:60.0(2.38%),B:282.1(0.61%),P:1e-17
		Performing exhaustive masking of motif...
		Reprioritizing potential motifs...
	15 of 25 Initial Sequence: CTAAGTGA... (-37.541)
		Round 1: -37.54 CTAAGTGA T:67.2(2.63%),B:419.2(0.77%),P:1e-16
		Round 2: -37.54 CTAAGTGA T:67.2(2.63%),B:419.2(0.77%),P:1e-16
		=Final=: -43.39 CTAAGTGA T:77.0(3.06%),B:414.7(0.90%),P:1e-18
		Performing exhaustive masking of motif...
		Reprioritizing potential motifs...
	16 of 25 Initial Sequence: TCACTATC... (-35.749)
		Round 1: -35.75 TCACTATC T:55.9(2.16%),B:304.4(0.56%),P:1e-15
		Round 2: -35.75 TCACTATC T:55.9(2.16%),B:304.4(0.56%),P:1e-15
		=Final=: -39.60 TCACTATC T:62.0(2.46%),B:304.0(0.66%),P:1e-17
		Performing exhaustive masking of motif...
		Reprioritizing potential motifs...
	17 of 25 Initial Sequence: GCACTTAT... (-34.567)
		Round 1: -34.57 GCACTTAT T:45.0(1.73%),B:204.4(0.37%),P:1e-15
		Round 2: -34.57 GCACTTAT T:45.0(1.73%),B:204.4(0.37%),P:1e-15
		=Final=: -45.70 GCACTTAT T:54.0(2.14%),B:203.8(0.44%),P:1e-19
		Performing exhaustive masking of motif...
		Reprioritizing potential motifs...
	18 of 25 Initial Sequence: GAGGCAAT... (-33.788)
		Round 1: -34.36 GAGKCAAT T:139.8(5.37%),B:1385.0(2.51%),P:1e-14
		Round 2: -34.36 GAGKCAAT T:139.8(5.37%),B:1385.0(2.51%),P:1e-14
		=Final=: -35.45 GAGKCAAT T:152.0(6.04%),B:1357.4(2.94%),P:1e-15
		Performing exhaustive masking of motif...
		Reprioritizing potential motifs...
	19 of 25 Initial Sequence: ATCTACTT... (-33.819)
		Round 1: -33.82 ATCTACTT T:69.7(2.70%),B:478.2(0.88%),P:1e-14
		Round 2: -33.82 ATCTACTT T:69.7(2.70%),B:478.2(0.88%),P:1e-14
		=Final=: -42.39 ATCTACTT T:82.0(3.26%),B:470.7(1.02%),P:1e-18
		Performing exhaustive masking of motif...
		Reprioritizing potential motifs...
	20 of 25 Initial Sequence: TCATGAAT... (-31.295)
		Round 1: -43.31 TCATGAGW T:229.2(8.69%),B:2501.2(4.49%),P:1e-18
		Round 2: -46.16 TCATGART T:159.9(6.12%),B:1458.5(2.65%),P:1e-20
		Round 3: -46.16 TCATGART T:159.9(6.12%),B:1458.5(2.65%),P:1e-20
		=Final=: -34.46 TCATGART T:106.0(4.21%),B:810.5(1.76%),P:1e-14
		Performing exhaustive masking of motif...
		Reprioritizing potential motifs...
	21 of 25 Initial Sequence: GAGATTTC... (-30.444)
		Round 1: -33.01 GAGATTTC T:124.2(4.81%),B:1203.0(2.19%),P:1e-14
		Round 2: -33.01 GAGATTTC T:124.2(4.81%),B:1203.0(2.19%),P:1e-14
		=Final=: -35.39 GAGATTTC T:138.0(5.48%),B:1182.3(2.56%),P:1e-15
		Performing exhaustive masking of motif...
		Reprioritizing potential motifs...
	22 of 25 Initial Sequence: ACCATTGT... (-29.390)
		Round 1: -29.59 ACCATTGT T:100.5(3.89%),B:927.4(1.69%),P:1e-12
		Round 2: -29.59 ACCATTGT T:100.5(3.89%),B:927.4(1.69%),P:1e-12
		=Final=: -39.33 ACCATTGT T:69.0(2.74%),B:369.6(0.80%),P:1e-17
		Performing exhaustive masking of motif...
		Reprioritizing potential motifs...
	23 of 25 Initial Sequence: TACTTTGC... (-28.507)
		Round 1: -42.62 TACTTTGC T:162.6(6.23%),B:1547.1(2.80%),P:1e-18
		Round 2: -42.62 TACTTTGC T:162.6(6.23%),B:1547.1(2.80%),P:1e-18
		=Final=: -35.96 TACTTTGC T:164.0(6.51%),B:1502.6(3.25%),P:1e-15
		Performing exhaustive masking of motif...
		Reprioritizing potential motifs...
	24 of 25 Initial Sequence: AAAAGCCG... (-28.485)
		Round 1: -40.27 AAAAGCCG T:338.4(12.56%),B:4295.1(7.59%),P:1e-17
		Round 2: -46.81 AAAAGBCG T:1378.1(42.15%),B:21928.5(33.18%),P:1e-20
		Round 3: -46.81 AAAAGBCG T:1378.1(42.15%),B:21928.5(33.18%),P:1e-20
		=Final=: -33.19 AAAAGBCG T:1153.0(45.79%),B:17625.1(38.17%),P:1e-14
		Performing exhaustive masking of motif...
		Reprioritizing potential motifs...
	25 of 25 Initial Sequence: TAGCTAAC... (-27.443)
		Round 1: -38.75 TAGCTAAC T:136.3(5.26%),B:1263.8(2.30%),P:1e-16
		Round 2: -40.36 TAGCKAAG T:219.4(8.33%),B:2423.3(4.36%),P:1e-17
		Round 3: -40.36 TAGCKAAG T:219.4(8.33%),B:2423.3(4.36%),P:1e-17
		=Final=: -33.61 TAGCKAAG T:148.0(5.88%),B:1338.0(2.90%),P:1e-14
		Performing exhaustive masking of motif...
		Reprioritizing potential motifs...

	Finalizing Enrichment Statistics (new in v3.4)
	Reading input files...
	50000 total sequences read
	Cache length = 11180
	Using binomial scoring
	Checking enrichment of 25 motif(s)
	|0%                                    50%                                  100%|
	=================================================================================
	Output in file: /home1/gyang/work_space/4.ProjectET/batch10_cr/7.Peak_anno/TSC_Tead4_SC_1k_rep2_peakAnalysis/homerMotifs.motifs8

	(Motifs in homer2 format)
	Determining similar motifs... 25 reduced to 18 motifs
	Outputing HTML and sequence logos for motif comparison...
	Checking de novo motifs against known motifs...
	Formatting HTML page...
		1 of 18 (1e-60) similar to TEAD(TEA)/Fibroblast-PU.1-ChIP-Seq(Unpublished)/Homer(0.849)
		2 of 18 (1e-38) similar to PB0060.1_Smad3_1/Jaspar(0.723)
		3 of 18 (1e-27) similar to PRDM1/MA0508.2/Jaspar(0.726)
		4 of 18 (1e-24) similar to Dux/MA0611.1/Jaspar(0.730)
		5 of 18 (1e-23) similar to PH0084.1_Irx3_2/Jaspar(0.651)
		6 of 18 (1e-22) similar to PB0170.1_Sox17_2/Jaspar(0.716)
		7 of 18 (1e-21) similar to ONECUT1/MA0679.1/Jaspar(0.615)
		8 of 18 (1e-19) similar to Nr2e3/MA0164.1/Jaspar(0.908)
		9 of 18 (1e-19) similar to ISL2/MA0914.1/Jaspar(0.841)
		10 of 18 (1e-18) similar to ELF3(ETS)/PDAC-ELF3-ChIP-Seq(GSE64557)/Homer(0.762)
		11 of 18 (1e-18) similar to PH0115.1_Nkx2-6/Jaspar(0.669)
		12 of 18 (1e-17) similar to VSX2/MA0726.1/Jaspar(0.740)
		13 of 18 (1e-16) similar to SOX13/MA1120.1/Jaspar(0.927)
		14 of 18 (1e-16) similar to PB0178.1_Sox8_2/Jaspar(0.803)
		15 of 18 (1e-16) similar to NFIC/MA0161.2/Jaspar(0.642)
		16 of 18 (1e-15) similar to PB0136.1_IRC900814_2/Jaspar(0.676)
		17 of 18 (1e-15) similar to FOSL1/MA0477.1/Jaspar(0.720)
		18 of 18 (1e-14) similar to PB0055.1_Rfx4_1/Jaspar(0.662)
	Job finished - if results look good, please send beer to ..

	Cleaning up tmp files...

