
	Position file = ESC_Oct4_50k_rep1_peaks.narrowPeak
	Genome = mm10
	Output Directory = /home1/gyang/work_space/4.ProjectET/batch11_cr/7.Peak_anno/ESC_Oct4_50k_rep1_peakAnalysis
	Using actual sizes of regions (-size given)
	Fragment size set to given
	Using 10 CPUs
	Motif length set at 8,
	Found mset for "mouse", will check against vertebrates motifs
	Peak/BED file conversion summary:
		BED/Header formatted lines: 195
		peakfile formatted lines: 0

	Peak File Statistics:
		Total Peaks: 195
		Redundant Peak IDs: 0
		Peaks lacking information: 0 (need at least 5 columns per peak)
		Peaks with misformatted coordinates: 0 (should be integer)
		Peaks with misformatted strand: 0 (should be either +/- or 0/1)

	Peak file looks good!

	Background fragment size set to 497 (avg size of targets)
	Could not find background files for 497 bp fragments
	Below are the sizes that are already available prepared.
		200
		283
		330
		332
		342
		354
		356
		368
		369
		373
		378
		384
		385
		390
		392
		400
		411
		416
		418
		419
		420
		423
		424
		433
		438
		443
		444
		445
		447
		448
		449
		451
		454
		455
		457
		461
		463
		468
		475
		476
		479
		502
		525
		526
		534
		536
		539
		550
		562
		566
		567
		570
		589
		590
		603
		624
		644
		648
		671
		674
		703
		704
		712
		716
		724
		735
		736
		740
		741
		743
		747
		758
		786
		843
		892
		917
		956
		973
		998
		999
		1078
		1142
		1178
		1222
		1249
		1259
		1262
		1288
		1376
		1455
		1619
		1925
		1959
		2017
		2116
		2151
		2488
		2499
		7879
		7974
	HOMER will now create background files for 497 bp fragments
	To CANCEL and rerun with a differet "-size <#>", hit <CTRL+C> now!
		5
		4
		3
		2
		1
	Preparsing genome for 497 bp fragments...(will probably take 1-5 min)
	preparse size set to 497

	By default, using /usr/local/software/homer/.//data/genomes/mm10//mm10.tss for reference positions
	Output files will be placed in /usr/local/software/homer/.//data/genomes/mm10//preparsed//mm10.497.* ...
	By default, HOMER will set the the preparsed Directory to be group read/write
chmod: changing permissions of ‘/usr/local/software/homer/.//data/genomes/mm10//preparsed/’: Operation not permitted
	Extracting sequences

	Extracting sequences from directory: /usr/local/software/homer/.//data/genomes/mm10//
	Extracting 80648 sequences from chr1
	Extracting 96517 sequences from chr2
	Extracting 65895 sequences from chr3
	Extracting 73312 sequences from chr4
	Extracting 75328 sequences from chr5
	Extracting 71945 sequences from chr6
	Extracting 90053 sequences from chr7
	Extracting 55928 sequences from chr8
	Extracting 67478 sequences from chr9
	Extracting 61757 sequences from chr10
	Extracting 72892 sequences from chr11
	Extracting 45585 sequences from chr12
	Extracting 53279 sequences from chr13
	Extracting 49465 sequences from chr14
	Extracting 45360 sequences from chr15
	Extracting 42746 sequences from chr16
	Extracting 51615 sequences from chr17
	Extracting 37055 sequences from chr18
	Extracting 35335 sequences from chr19
	Extracting 69873 sequences from chrX
	Extracting 9931 sequences from chrY
	Extracting 93 sequences from chr1_GL456211_random
	Extracting 188 sequences from chr1_GL456221_random
	Extracting 64 sequences from chr4_GL456216_random
	Extracting 285 sequences from chr4_GL456350_random
	Extracting 62 sequences from chr4_JH584292_random
	Extracting 179 sequences from chr4_JH584293_random
	Extracting 189 sequences from chr4_JH584294_random
	Extracting 222 sequences from chr5_GL456354_random
	Extracting 102 sequences from chr5_JH584296_random
	Extracting 103 sequences from chr5_JH584297_random
	Extracting 188 sequences from chr5_JH584298_random
	Extracting 426 sequences from chr5_JH584299_random
	Extracting 149 sequences from chr7_GL456219_random
	Extracting 99 sequences from chrUn_JH584304
	Extracting 310 sequences from chrX_GL456233_random
		3292 of 1254498 removed because they had >70.00% Ns (i.e. masked repeats)

	Sequences processed:
		Auto detected maximum sequence length of 497 bp
		100000
		200000
		300000
		400000
		500000
		600000
		700000
		800000
		900000
		1000000
		1100000
		1200000
		1251206 total

	Frequency Bins: 0.01 0.02 0.03 0.04 0.05 0.06 0.08 0.1 0.12 0.14 0.16
	Freq	Bin	Count
	0.01	0	716322
	0.02	1	388024
	0.03	2	87461
	0.04	3	22501
	0.05	4	9212
	0.06	5	6014
	0.08	6	8651
	0.1	7	5872
	0.12	8	3751
	0.14	9	2039
	0.16	10	984
	11	11	375
	Frequency Bins: 0.2 0.25 0.3 0.35 0.4 0.45 0.5 0.6 0.7 0.8
	Freq	Bin	Count
	0.2	0	71
	0.25	1	1436
	0.3	2	18928
	0.35	3	92501
	0.4	4	259304
	0.45	5	363618
	0.5	6	304662
	0.6	7	184846
	0.7	8	19931
	0.8	9	5587
	10	10	322


	Extracting sequences from directory: /usr/local/software/homer/.//data/genomes/mm10//
	Extracting 10 sequences from chr1
	Extracting 19 sequences from chr2
	Extracting 4 sequences from chr3
	Extracting 19 sequences from chr4
	Extracting 9 sequences from chr5
	Extracting 7 sequences from chr6
	Extracting 12 sequences from chr7
	Extracting 28 sequences from chr8
	Extracting 8 sequences from chr9
	Extracting 6 sequences from chr10
	Extracting 21 sequences from chr11
	Extracting 5 sequences from chr12
	Extracting 8 sequences from chr13
	Extracting 2 sequences from chr14
	Extracting 6 sequences from chr15
	Extracting 4 sequences from chr16
	Extracting 10 sequences from chr17
	Extracting 5 sequences from chr18
	Extracting 8 sequences from chr19
	Extracting 1 sequences from chrX
	Extracting 3 sequences from chrM

	Not removing redundant sequences


	Sequences processed:
		Auto detected maximum sequence length of 526 bp
		195 total

	Frequency Bins: 0.2 0.25 0.3 0.35 0.4 0.45 0.5 0.6 0.7 0.8
	Freq	Bin	Count
	0.3	2	1
	0.35	3	10
	0.4	4	27
	0.45	5	24
	0.5	6	26
	0.6	7	41
	0.7	8	48
	0.8	9	17
	10	10	1

	Total sequences set to 50000

	Choosing background that matches in CpG/GC content...
	Bin	# Targets	# Background	Background Weight
	2	1	255	1.002
	3	10	2554	1.000
	4	27	6896	1.000
	5	24	6130	1.000
	6	26	6641	1.000
	7	41	10472	1.000
	8	48	12260	1.000
	9	17	4342	1.000
	10	1	255	1.002
	Assembling sequence file...
	Normalizing lower order oligos using homer2

	Reading input files...
	50000 total sequences read
	Autonormalization: 1-mers (4 total)
		A	23.51%	23.82%	0.987
		C	26.49%	26.18%	1.012
		G	26.49%	26.18%	1.012
		T	23.51%	23.82%	0.987
	Autonormalization: 2-mers (16 total)
		AA	6.42%	6.40%	1.002
		CA	6.66%	7.08%	0.941
		GA	6.17%	6.13%	1.006
		TA	4.21%	4.19%	1.006
		AC	5.15%	5.04%	1.022
		CC	8.11%	8.06%	1.006
		GC	7.11%	6.96%	1.021
		TC	6.17%	6.13%	1.006
		AG	7.20%	7.53%	0.956
		CG	4.51%	3.53%	1.278
		GG	8.11%	8.06%	1.006
		TG	6.66%	7.08%	0.941
		AT	4.75%	4.82%	0.985
		CT	7.20%	7.53%	0.956
		GT	5.15%	5.04%	1.022
		TT	6.42%	6.40%	1.002
	Autonormalization: 3-mers (64 total)
	Normalization weights can be found in file: /home1/gyang/work_space/4.ProjectET/batch11_cr/7.Peak_anno/ESC_Oct4_50k_rep1_peakAnalysis/seq.autonorm.tsv
	Converging on autonormalization solution:
	...............................................................................
	Final normalization:	Autonormalization: 1-mers (4 total)
		A	23.51%	23.46%	1.002
		C	26.49%	26.54%	0.998
		G	26.49%	26.54%	0.998
		T	23.51%	23.46%	1.002
	Autonormalization: 2-mers (16 total)
		AA	6.42%	6.42%	1.000
		CA	6.66%	6.77%	0.984
		GA	6.17%	6.10%	1.011
		TA	4.21%	4.18%	1.007
		AC	5.15%	5.04%	1.023
		CC	8.11%	8.15%	0.994
		GC	7.11%	7.25%	0.981
		TC	6.17%	6.10%	1.011
		AG	7.20%	7.26%	0.993
		CG	4.51%	4.35%	1.035
		GG	8.11%	8.15%	0.994
		TG	6.66%	6.77%	0.984
		AT	4.75%	4.76%	0.999
		CT	7.20%	7.26%	0.993
		GT	5.15%	5.04%	1.023
		TT	6.42%	6.42%	1.000
	Autonormalization: 3-mers (64 total)
	Finished preparing sequence/group files

	----------------------------------------------------------
	Known motif enrichment

	Reading input files...
	50000 total sequences read
	414 motifs loaded
	Cache length = 11180
	Using binomial scoring
	Checking enrichment of 414 motif(s)
	|0%                                    50%                                  100%|
	=================================================================================
	Preparing HTML output with sequence logos...
		1 of 414 (1e-2) RORg(NR)/Liver-Rorc-ChIP-Seq(GSE101115)/Homer
	----------------------------------------------------------
	De novo motif finding (HOMER)

	Scanning input files...
	Parsing sequences...
	|0%                                   50%                                  100%|
	===============================================================================
	Total number of Oligos: 32896
	Autoadjustment for sequence coverage in background: 1.28x

	Oligos: 32896 of 34497 max
	Tree  : 67032 of 172485 max
	Optimizing memory usage...
	Cache length = 11180
	Using binomial scoring

	Global Optimization Phase: Looking for enriched oligos with up to 2 mismatches...

	Screening oligos 32896 (allowing 0 mismatches):
	|0%                                   50%                                  100%|
	================================================================================
		16.05% skipped, 83.95% checked (27616 of 32896), of those checked:
		16.05% not in target, 0.00% increased p-value, 0.00% high p-value

	Screening oligos 32896 (allowing 1 mismatches):
	|0%                                   50%                                  100%|
	================================================================================
		16.05% skipped, 83.95% checked (27616 of 32896), of those checked:
		0.00% not in target, 24.64% increased p-value, 59.84% high p-value

	Screening oligos 32896 (allowing 2 mismatches):
	|0%                                   50%                                  100%|
	================================================================================
		79.85% skipped, 20.15% checked (6628 of 32896), of those checked:
		0.00% not in target, 18.81% increased p-value, 0.00% high p-value
	Reading input files...
	50000 total sequences read
	Cache length = 11180
	Using binomial scoring

	Local Optimization Phase:
	1 of 25 Initial Sequence: TATGGCGA... (-36.048)
		Round 1: -38.72 TATGGCGA T:17.9(8.37%),B:208.4(0.34%),P:1e-16
		Round 2: -38.72 TATGGCGA T:17.9(8.37%),B:208.4(0.34%),P:1e-16
		=Final=: -8.62 TATGGCGA T:5.0(2.56%),B:126.1(0.26%),P:1e-3
		Performing exhaustive masking of motif...
		Reprioritizing potential motifs...
	2 of 25 Initial Sequence: TTTTCAGT... (-23.656)
		Round 1: -31.16 TTTTCAGT T:42.4(19.42%),B:2712.7(4.28%),P:1e-13
		Round 2: -31.16 TTTTCAGT T:42.4(19.42%),B:2712.7(4.28%),P:1e-13
		=Final=: -10.25 TTTTCAGT T:25.0(12.82%),B:2523.0(5.23%),P:1e-4
		Performing exhaustive masking of motif...
		Reprioritizing potential motifs...
	3 of 25 Initial Sequence: TGGAAAAT... (-18.413)
		Round 1: -24.24 TGGAAAAT T:35.1(16.47%),B:2601.1(4.11%),P:1e-10
		Round 2: -24.24 TGGAAAAT T:35.1(16.47%),B:2601.1(4.11%),P:1e-10
		=Final=: -6.07 TGGAAAAT T:13.0(6.67%),B:1279.1(2.65%),P:1e-2
		Performing exhaustive masking of motif...
		Reprioritizing potential motifs...
	4 of 25 Initial Sequence: AATTATTA... (-15.278)
		Round 1: -32.09 AATTATTA T:79.3(33.38%),B:8046.8(12.18%),P:1e-13
		Round 2: -32.09 AATTATTA T:79.3(33.38%),B:8046.8(12.18%),P:1e-13
		=Final=: -11.63 AATTATTA T:22.0(11.28%),B:1876.8(3.89%),P:1e-5
		Performing exhaustive masking of motif...
		Reprioritizing potential motifs...
	5 of 25 Initial Sequence: CCTACAGT... (-13.228)
		Round 1: -15.61 CCTACAGT T:90.2(37.04%),B:14429.5(20.78%),P:1e-6
		Round 2: -20.50 CMTACART T:71.6(30.58%),B:9027.2(13.56%),P:1e-8
		Round 3: -20.50 CMTACART T:71.6(30.58%),B:9027.2(13.56%),P:1e-8
		=Final=: -7.04 CMTACART T:24.0(12.31%),B:2939.1(6.09%),P:1e-3
		Performing exhaustive masking of motif...
		Reprioritizing potential motifs...
	6 of 25 Initial Sequence: CGGCTATA... (-12.659)
		Round 1: -19.41 CGGCTATA T:45.2(20.65%),B:4762.2(7.40%),P:1e-8
		Round 2: -21.35 CGGCTATA T:46.1(21.06%),B:4641.9(7.22%),P:1e-9
		Round 3: -21.35 CGGCTATA T:46.1(21.06%),B:4641.9(7.22%),P:1e-9
		=Final=: -15.19 CGGCTATA T:41.0(21.03%),B:4339.5(9.00%),P:1e-6
		Performing exhaustive masking of motif...
		Reprioritizing potential motifs...
	7 of 25 Initial Sequence: ACGTGAAA... (-12.179)
		Round 1: -17.08 ACGTGAAA T:15.6(7.42%),B:672.7(1.08%),P:1e-7
		Round 2: -17.08 ACGTGAAA T:15.6(7.42%),B:672.7(1.08%),P:1e-7
		=Final=: -11.10 ACGTGAAA T:12.0(6.15%),B:644.6(1.34%),P:1e-4
		Performing exhaustive masking of motif...
		Reprioritizing potential motifs...
	8 of 25 Initial Sequence: GTTTGGTT... (-11.632)
		Round 1: -13.80 GTTTGGTT T:41.2(19.01%),B:5226.0(8.09%),P:1e-5
		Round 2: -13.93 GGTTGRTG T:58.0(25.78%),B:8454.5(12.76%),P:1e-6
		Round 3: -13.93 GGTTGRTG T:58.0(25.78%),B:8454.5(12.76%),P:1e-6
		=Final=: -10.52 GGTTGRTG T:46.0(23.59%),B:6177.2(12.81%),P:1e-4
		Performing exhaustive masking of motif...
		Reprioritizing potential motifs...
	9 of 25 Initial Sequence: AGGCGTAG... (-10.392)
		Round 1: -15.17 AGGCGTAG T:87.1(36.06%),B:13954.1(20.17%),P:1e-6
		Round 2: -15.17 AGGCGTAG T:87.1(36.06%),B:13954.1(20.17%),P:1e-6
		=Final=: -6.54 AGGCGTAG T:31.0(15.90%),B:4354.4(9.03%),P:1e-2
		Performing exhaustive masking of motif...
		Reprioritizing potential motifs...
	10 of 25 Initial Sequence: CCTACTAT... (-9.461)
		Round 1: -13.28 CCTACTAT T:55.7(24.63%),B:8117.3(12.28%),P:1e-5
		Round 2: -13.28 CCTACTAT T:55.7(24.63%),B:8117.3(12.28%),P:1e-5
		=Final=: -8.08 CCTACTAT T:49.0(25.13%),B:7447.3(15.44%),P:1e-3
		Performing exhaustive masking of motif...
		Reprioritizing potential motifs...
	11 of 25 Initial Sequence: TCAATGAT... (-8.762)
		Round 1: -19.61 TCAATGAT T:55.6(24.63%),B:6504.0(9.97%),P:1e-8
		Round 2: -19.61 TCAATGAT T:55.6(24.63%),B:6504.0(9.97%),P:1e-8
		=Final=: -14.21 TCAATGAT T:40.0(20.51%),B:4335.6(8.99%),P:1e-6
		Performing exhaustive masking of motif...
		Reprioritizing potential motifs...
	Remaining seeds don't look promising (After initial 5 motifs, logp -8.220 > -8.290)

	Finalizing Enrichment Statistics (new in v3.4)
	Reading input files...
	50000 total sequences read
	Cache length = 11180
	Using binomial scoring
	Checking enrichment of 11 motif(s)
	|0%                                    50%                                  100%|
	=================================================================================
	Output in file: /home1/gyang/work_space/4.ProjectET/batch11_cr/7.Peak_anno/ESC_Oct4_50k_rep1_peakAnalysis/homerMotifs.motifs8

	(Motifs in homer2 format)
	Determining similar motifs... 11 reduced to 9 motifs
	Outputing HTML and sequence logos for motif comparison...
	Checking de novo motifs against known motifs...
	Formatting HTML page...
		1 of 9 (1e-6) similar to Mef2a(MADS)/HL1-Mef2a.biotin-ChIP-Seq(GSE21529)/Homer(0.662)
		2 of 9 (1e-6) similar to PB0028.1_Hbp1_1/Jaspar(0.725)
		3 of 9 (1e-4) similar to PH0134.1_Pbx1/Jaspar(0.689)
		4 of 9 (1e-4) similar to HIF2a(bHLH)/785_O-HIF2a-ChIP-Seq(GSE34871)/Homer(0.744)
		5 of 9 (1e-4) similar to Hoxd12(Homeobox)/ChickenMSG-Hoxd12.Flag-ChIP-Seq(GSE86088)/Homer(0.704)
		6 of 9 (1e-4) similar to ZKSCAN1(Zf)/HepG2-ZKSCAN1-ChIP-Seq(Encode)/Homer(0.801)
		7 of 9 (1e-3) similar to YY2/MA0748.1/Jaspar(0.770)
		8 of 9 (1e-2) similar to ZFX(Zf)/mES-Zfx-ChIP-Seq(GSE11431)/Homer(0.742)
		9 of 9 (1e-2) similar to NFATC2/MA0152.1/Jaspar(0.912)
	Job finished - if results look good, please send beer to ..

	Cleaning up tmp files...

