
	Position file = morula_dhs.peak
	Genome = mm9
	Output Directory = /home1/gyang/work_space/4.ProjectET/analysis/figs1/1.dnase_peak/../2.dnase_motif/morula_peakAnalysis
	Using actual sizes of regions (-size given)
	Fragment size set to given
	Using 10 CPUs
	Motif length set at 8,
	Found mset for "mouse", will check against vertebrates motifs
	Peak/BED file conversion summary:
		BED/Header formatted lines: 19476
		peakfile formatted lines: 0

	Peak File Statistics:
		Total Peaks: 19476
		Redundant Peak IDs: 19472
		Peaks lacking information: 0 (need at least 5 columns per peak)
		Peaks with misformatted coordinates: 0 (should be integer)
		Peaks with misformatted strand: 0 (should be either +/- or 0/1)

	Redunant Peaks found: Remove or rename these or some programs may have trouble...

	19472 duplicate peak IDs out of 19476 total peaks
	Background fragment size set to 224 (avg size of targets)
ls: cannot access /usr/local/software/homer/.//data/genomes/mm9//preparsed//mm9.*.cgbins: No such file or directory
	Could not find background files for 224 bp fragments
	Below are the sizes that are already available prepared.
	HOMER will now create background files for 224 bp fragments
	To CANCEL and rerun with a differet "-size <#>", hit <CTRL+C> now!
		5
		4
		3
		2
		1
	Preparsing genome for 224 bp fragments...(will probably take 1-5 min)
	preparse size set to 224

	By default, using /usr/local/software/homer/.//data/genomes/mm9//mm9.tss for reference positions
	Output files will be placed in /usr/local/software/homer/.//data/genomes/mm9//preparsed//mm9.224.* ...
	By default, HOMER will set the the preparsed Directory to be group read/write
chmod: changing permissions of ‘/usr/local/software/homer/.//data/genomes/mm9//preparsed/’: Operation not permitted
	Extracting sequences

	Extracting sequences from directory: /usr/local/software/homer/.//data/genomes/mm9//
	Extracting 84152 sequences from chr1
	Extracting 485 sequences from chr1_random
	Extracting 103239 sequences from chr2
	Extracting 69247 sequences from chr3
	Extracting 78689 sequences from chr4
	Extracting 91 sequences from chr4_random
	Extracting 79734 sequences from chr5
	Extracting 239 sequences from chr5_random
	Extracting 75883 sequences from chr6
	Extracting 97489 sequences from chr7
	Extracting 267 sequences from chr7_random
	Extracting 58592 sequences from chr8
	Extracting 564 sequences from chr8_random
	Extracting 71470 sequences from chr9
	Extracting 388 sequences from chr9_random
	Extracting 65316 sequences from chr10
	Extracting 78790 sequences from chr11
	Extracting 47927 sequences from chr12
	Extracting 55056 sequences from chr13
	Extracting 475 sequences from chr13_random
	Extracting 52228 sequences from chr14
	Extracting 48488 sequences from chr15
	Extracting 44937 sequences from chr16
	Extracting 55132 sequences from chr17
	Extracting 201 sequences from chr17_random
	Extracting 38463 sequences from chr18
	Extracting 37584 sequences from chr19
	Extracting 71646 sequences from chrX
	Extracting 733 sequences from chrX_random
	Extracting 1097 sequences from chrY
	Extracting 6300 sequences from chrY_random
	Extracting 1802 sequences from chrUn_random
		4180 of 1326441 removed because they had >70.00% Ns (i.e. masked repeats)

	Sequences processed:
		Auto detected maximum sequence length of 225 bp
		100000
		200000
		300000
		400000
		500000
		600000
		700000
		800000
		900000
		1000000
		1100000
		1200000
		1300000
		1322261 total

	Frequency Bins: 0.01 0.02 0.03 0.04 0.05 0.06 0.08 0.1 0.12 0.14 0.16
	Freq	Bin	Count
	0.01	0	842655
	0.02	1	265765
	0.03	2	99632
	0.04	3	38642
	0.05	4	24345
	0.06	5	9378
	0.08	6	12782
	0.1	7	11387
	0.12	8	6780
	0.14	9	5852
	0.16	10	2775
	11	11	2268
	Frequency Bins: 0.2 0.25 0.3 0.35 0.4 0.45 0.5 0.6 0.7 0.8
	Freq	Bin	Count
	0.2	0	681
	0.25	1	7694
	0.3	2	40094
	0.35	3	119094
	0.4	4	230975
	0.45	5	326844
	0.5	6	289193
	0.6	7	250020
	0.7	8	41270
	0.8	9	14361
	10	10	2035


	Extracting sequences from directory: /usr/local/software/homer/.//data/genomes/mm9//
	Extracting 1099 sequences from chr1
	Extracting 1530 sequences from chr2
	Extracting 811 sequences from chr3
	Extracting 1438 sequences from chr4
	Extracting 1420 sequences from chr5
	Extracting 879 sequences from chr6
	Extracting 1519 sequences from chr7
	Extracting 1152 sequences from chr8
	Extracting 1046 sequences from chr9
	Extracting 1098 sequences from chr10
	Extracting 1645 sequences from chr11
	Extracting 735 sequences from chr12
	Extracting 673 sequences from chr13
	Extracting 602 sequences from chr14
	Extracting 763 sequences from chr15
	Extracting 593 sequences from chr16
	Extracting 956 sequences from chr17
	Extracting 463 sequences from chr18
	Extracting 583 sequences from chr19
	Extracting 466 sequences from chrX
	Extracting 5 sequences from chrY

	Not removing redundant sequences


	Sequences processed:
		Auto detected maximum sequence length of 350 bp
		19476 total

	Frequency Bins: 0.2 0.25 0.3 0.35 0.4 0.45 0.5 0.6 0.7 0.8
	Freq	Bin	Count
	0.3	2	2
	0.35	3	11
	0.4	4	104
	0.45	5	631
	0.5	6	2085
	0.6	7	6906
	0.7	8	6239
	0.8	9	3244
	10	10	254

	Total sequences set to 50000

	Choosing background that matches in CpG/GC content...
	Bin	# Targets	# Background	Background Weight
	2	2	3	1.045
	3	11	17	1.014
	4	104	163	1.000
	5	631	989	1.000
	6	2085	3268	1.000
	7	6906	10824	1.000
	8	6239	9778	1.000
	9	3244	5084	1.000
	10	254	398	1.000
	Assembling sequence file...
	Normalizing lower order oligos using homer2

	Reading input files...
	50000 total sequences read
	Autonormalization: 1-mers (4 total)
		A	19.91%	20.25%	0.983
		C	30.09%	29.75%	1.011
		G	30.09%	29.75%	1.011
		T	19.91%	20.25%	0.983
	Autonormalization: 2-mers (16 total)
		AA	4.54%	4.38%	1.036
		CA	6.52%	7.00%	0.931
		GA	6.02%	6.19%	0.973
		TA	2.82%	2.66%	1.059
		AC	4.64%	4.85%	0.957
		CC	10.23%	9.99%	1.024
		GC	9.21%	8.75%	1.053
		TC	6.02%	6.19%	0.973
		AG	7.65%	7.83%	0.977
		CG	5.70%	4.94%	1.153
		GG	10.23%	9.99%	1.024
		TG	6.52%	7.00%	0.931
		AT	3.08%	3.17%	0.970
		CT	7.65%	7.83%	0.977
		GT	4.64%	4.85%	0.957
		TT	4.54%	4.38%	1.036
	Autonormalization: 3-mers (64 total)
	Normalization weights can be found in file: /home1/gyang/work_space/4.ProjectET/analysis/figs1/1.dnase_peak/../2.dnase_motif/morula_peakAnalysis/seq.autonorm.tsv
	Converging on autonormalization solution:
	...............................................................................
	Final normalization:	Autonormalization: 1-mers (4 total)
		A	19.91%	19.90%	1.001
		C	30.09%	30.10%	1.000
		G	30.09%	30.10%	1.000
		T	19.91%	19.90%	1.001
	Autonormalization: 2-mers (16 total)
		AA	4.54%	4.50%	1.008
		CA	6.52%	6.57%	0.992
		GA	6.02%	6.05%	0.995
		TA	2.82%	2.77%	1.019
		AC	4.64%	4.66%	0.995
		CC	10.23%	10.21%	1.002
		GC	9.21%	9.18%	1.003
		TC	6.02%	6.05%	0.995
		AG	7.65%	7.64%	1.002
		CG	5.70%	5.68%	1.003
		GG	10.23%	10.21%	1.002
		TG	6.52%	6.57%	0.992
		AT	3.08%	3.09%	0.994
		CT	7.65%	7.64%	1.002
		GT	4.64%	4.66%	0.995
		TT	4.54%	4.50%	1.008
	Autonormalization: 3-mers (64 total)
	Finished preparing sequence/group files

	----------------------------------------------------------
	Known motif enrichment

	Reading input files...
	50000 total sequences read
	414 motifs loaded
	Cache length = 11180
	Using binomial scoring
	Checking enrichment of 414 motif(s)
	|0%                                    50%                                  100%|
	=================================================================================
	Preparing HTML output with sequence logos...
		1 of 414 (1e-1594) KLF5(Zf)/LoVo-KLF5-ChIP-Seq(GSE49402)/Homer
		2 of 414 (1e-1480) Sp2(Zf)/HEK293-Sp2.eGFP-ChIP-Seq(Encode)/Homer
		3 of 414 (1e-1454) KLF3(Zf)/MEF-Klf3-ChIP-Seq(GSE44748)/Homer
		4 of 414 (1e-1320) Sp5(Zf)/mES-Sp5.Flag-ChIP-Seq(GSE72989)/Homer
		5 of 414 (1e-1237) KLF6(Zf)/PDAC-KLF6-ChIP-Seq(GSE64557)/Homer
		6 of 414 (1e-1116) Sp1(Zf)/Promoter/Homer
		7 of 414 (1e-1090) Klf4(Zf)/mES-Klf4-ChIP-Seq(GSE11431)/Homer
		8 of 414 (1e-1024) Klf9(Zf)/GBM-Klf9-ChIP-Seq(GSE62211)/Homer
		9 of 414 (1e-1015) NFY(CCAAT)/Promoter/Homer
		10 of 414 (1e-994) KLF14(Zf)/HEK293-KLF14.GFP-ChIP-Seq(GSE58341)/Homer
		11 of 414 (1e-595) KLF10(Zf)/HEK293-KLF10.GFP-ChIP-Seq(GSE58341)/Homer
		12 of 414 (1e-575) EKLF(Zf)/Erythrocyte-Klf1-ChIP-Seq(GSE20478)/Homer
		13 of 414 (1e-287) Maz(Zf)/HepG2-Maz-ChIP-Seq(GSE31477)/Homer
		14 of 414 (1e-249) Elk4(ETS)/Hela-Elk4-ChIP-Seq(GSE31477)/Homer
		15 of 414 (1e-236) ELF1(ETS)/Jurkat-ELF1-ChIP-Seq(SRA014231)/Homer
		16 of 414 (1e-224) Elk1(ETS)/Hela-Elk1-ChIP-Seq(GSE31477)/Homer
		17 of 414 (1e-222) ETS(ETS)/Promoter/Homer
		18 of 414 (1e-209) Fli1(ETS)/CD8-FLI-ChIP-Seq(GSE20898)/Homer
		19 of 414 (1e-201) GABPA(ETS)/Jurkat-GABPa-ChIP-Seq(GSE17954)/Homer
		20 of 414 (1e-198) Elf4(ETS)/BMDM-Elf4-ChIP-Seq(GSE88699)/Homer
		21 of 414 (1e-195) Ronin(THAP)/ES-Thap11-ChIP-Seq(GSE51522)/Homer
		22 of 414 (1e-186) ETS1(ETS)/Jurkat-ETS1-ChIP-Seq(GSE17954)/Homer
		23 of 414 (1e-185) ETV4(ETS)/HepG2-ETV4-ChIP-Seq(ENCODE)/Homer
		24 of 414 (1e-157) ETV1(ETS)/GIST48-ETV1-ChIP-Seq(GSE22441)/Homer
		25 of 414 (1e-155) GFY-Staf(?,Zf)/Promoter/Homer
		26 of 414 (1e-146) NRF1(NRF)/MCF7-NRF1-ChIP-Seq(Unpublished)/Homer
		27 of 414 (1e-141) ERG(ETS)/VCaP-ERG-ChIP-Seq(GSE14097)/Homer
		28 of 414 (1e-141) ELF5(ETS)/T47D-ELF5-ChIP-Seq(GSE30407)/Homer
		29 of 414 (1e-138) GFY(?)/Promoter/Homer
		30 of 414 (1e-134) CTCF(Zf)/CD4+-CTCF-ChIP-Seq(Barski_et_al.)/Homer
		31 of 414 (1e-133) EHF(ETS)/LoVo-EHF-ChIP-Seq(GSE49402)/Homer
		32 of 414 (1e-125) NRF(NRF)/Promoter/Homer
		33 of 414 (1e-119) Hoxa9(Homeobox)/ChickenMSG-Hoxa9.Flag-ChIP-Seq(GSE86088)/Homer
		34 of 414 (1e-117) Etv2(ETS)/ES-ER71-ChIP-Seq(GSE59402)/Homer(0.967)
		35 of 414 (1e-111) BORIS(Zf)/K562-CTCFL-ChIP-Seq(GSE32465)/Homer
		36 of 414 (1e-111) ELF3(ETS)/PDAC-ELF3-ChIP-Seq(GSE64557)/Homer
		37 of 414 (1e-111) CRE(bZIP)/Promoter/Homer
		38 of 414 (1e-104) Usf2(bHLH)/C2C12-Usf2-ChIP-Seq(GSE36030)/Homer
		39 of 414 (1e-102) Gata6(Zf)/HUG1N-GATA6-ChIP-Seq(GSE51936)/Homer
		40 of 414 (1e-102) Gata2(Zf)/K562-GATA2-ChIP-Seq(GSE18829)/Homer
		41 of 414 (1e-95) EWS:FLI1-fusion(ETS)/SK_N_MC-EWS:FLI1-ChIP-Seq(SRA014231)/Homer
		42 of 414 (1e-95) Gata1(Zf)/K562-GATA1-ChIP-Seq(GSE18829)/Homer
		43 of 414 (1e-94) Gata4(Zf)/Heart-Gata4-ChIP-Seq(GSE35151)/Homer
		44 of 414 (1e-93) GATA3(Zf)/iTreg-Gata3-ChIP-Seq(GSE20898)/Homer
		45 of 414 (1e-92) SF1(NR)/H295R-Nr5a1-ChIP-Seq(GSE44220)/Homer
		46 of 414 (1e-92) Atf1(bZIP)/K562-ATF1-ChIP-Seq(GSE31477)/Homer
		47 of 414 (1e-88) TFE3(bHLH)/MEF-TFE3-ChIP-Seq(GSE75757)/Homer
		48 of 414 (1e-81) Atf7(bZIP)/3T3L1-Atf7-ChIP-Seq(GSE56872)/Homer
		49 of 414 (1e-75) JunD(bZIP)/K562-JunD-ChIP-Seq/Homer
		50 of 414 (1e-73) ZNF143|STAF(Zf)/CUTLL-ZNF143-ChIP-Seq(GSE29600)/Homer
		51 of 414 (1e-71) Brn1(POU,Homeobox)/NPC-Brn1-ChIP-Seq(GSE35496)/Homer
		52 of 414 (1e-70) Rfx2(HTH)/LoVo-RFX2-ChIP-Seq(GSE49402)/Homer
		53 of 414 (1e-69) Lhx3(Homeobox)/Neuron-Lhx3-ChIP-Seq(GSE31456)/Homer
		54 of 414 (1e-68) Atf2(bZIP)/3T3L1-Atf2-ChIP-Seq(GSE56872)/Homer
		55 of 414 (1e-67) RFX(HTH)/K562-RFX3-ChIP-Seq(SRA012198)/Homer
		56 of 414 (1e-66) USF1(bHLH)/GM12878-Usf1-ChIP-Seq(GSE32465)/Homer
		57 of 414 (1e-63) E-box(bHLH)/Promoter/Homer
		58 of 414 (1e-62) Oct2(POU,Homeobox)/Bcell-Oct2-ChIP-Seq(GSE21512)/Homer
		59 of 414 (1e-62) PU.1(ETS)/ThioMac-PU.1-ChIP-Seq(GSE21512)/Homer
		60 of 414 (1e-61) Oct4(POU,Homeobox)/mES-Oct4-ChIP-Seq(GSE11431)/Homer
		61 of 414 (1e-60) Nanog(Homeobox)/mES-Nanog-ChIP-Seq(GSE11724)/Homer
		62 of 414 (1e-57) TEAD1(TEAD)/HepG2-TEAD1-ChIP-Seq(Encode)/Homer
		63 of 414 (1e-57) Pknox1(Homeobox)/ES-Prep1-ChIP-Seq(GSE63282)/Homer
		64 of 414 (1e-56) c-Jun-CRE(bZIP)/K562-cJun-ChIP-Seq(GSE31477)/Homer
		65 of 414 (1e-54) Pbx3(Homeobox)/GM12878-PBX3-ChIP-Seq(GSE32465)/Homer
		66 of 414 (1e-54) MITF(bHLH)/MastCells-MITF-ChIP-Seq(GSE48085)/Homer
		67 of 414 (1e-54) TEAD4(TEA)/Tropoblast-Tead4-ChIP-Seq(GSE37350)/Homer
		68 of 414 (1e-52) Oct6(POU,Homeobox)/NPC-Pou3f1-ChIP-Seq(GSE35496)/Homer
		69 of 414 (1e-52) GFX(?)/Promoter/Homer
		70 of 414 (1e-51) SPDEF(ETS)/VCaP-SPDEF-ChIP-Seq(SRA014231)/Homer
		71 of 414 (1e-50) Egr2(Zf)/Thymocytes-Egr2-ChIP-Seq(GSE34254)/Homer
		72 of 414 (1e-50) E2F4(E2F)/K562-E2F4-ChIP-Seq(GSE31477)/Homer
		73 of 414 (1e-50) bHLHE40(bHLH)/HepG2-BHLHE40-ChIP-Seq(GSE31477)/Homer
		74 of 414 (1e-48) Nr5a2(NR)/mES-Nr5a2-ChIP-Seq(GSE19019)/Homer
		75 of 414 (1e-47) CLOCK(bHLH)/Liver-Clock-ChIP-Seq(GSE39860)/Homer
		76 of 414 (1e-46) Nr5a2(NR)/Pancreas-LRH1-ChIP-Seq(GSE34295)/Homer
		77 of 414 (1e-45) PBX1(Homeobox)/MCF7-PBX1-ChIP-Seq(GSE28007)/Homer
		78 of 414 (1e-45) X-box(HTH)/NPC-H3K4me1-ChIP-Seq(GSE16256)/Homer
		79 of 414 (1e-43) TEAD3(TEA)/HepG2-TEAD3-ChIP-Seq(Encode)/Homer
		80 of 414 (1e-43) Stat3(Stat)/mES-Stat3-ChIP-Seq(GSE11431)/Homer
		81 of 414 (1e-43) TEAD(TEA)/Fibroblast-PU.1-ChIP-Seq(Unpublished)/Homer
		82 of 414 (1e-42) TEAD2(TEA)/Py2T-Tead2-ChIP-Seq(GSE55709)/Homer
		83 of 414 (1e-41) NFIL3(bZIP)/HepG2-NFIL3-ChIP-Seq(Encode)/Homer
		84 of 414 (1e-38) OCT4-SOX2-TCF-NANOG(POU,Homeobox,HMG)/mES-Oct4-ChIP-Seq(GSE11431)/Homer
		85 of 414 (1e-37) Rfx5(HTH)/GM12878-Rfx5-ChIP-Seq(GSE31477)/Homer
		86 of 414 (1e-36) RARg(NR)/ES-RARg-ChIP-Seq(GSE30538)/Homer
		87 of 414 (1e-35) Rfx1(HTH)/NPC-H3K4me1-ChIP-Seq(GSE16256)/Homer
		88 of 414 (1e-33) ZBTB33(Zf)/GM12878-ZBTB33-ChIP-Seq(GSE32465)/Homer
		89 of 414 (1e-30) Egr1(Zf)/K562-Egr1-ChIP-Seq(GSE32465)/Homer
		90 of 414 (1e-30) RAR:RXR(NR),DR5/ES-RAR-ChIP-Seq(GSE56893)/Homer
		91 of 414 (1e-30) ZNF467(Zf)/HEK293-ZNF467.GFP-ChIP-Seq(GSE58341)/Homer
		92 of 414 (1e-26) Gfi1b(Zf)/HPC7-Gfi1b-ChIP-Seq(GSE22178)/Homer
		93 of 414 (1e-25) Jun-AP1(bZIP)/K562-cJun-ChIP-Seq(GSE31477)/Homer
		94 of 414 (1e-25) Stat3+il21(Stat)/CD4-Stat3-ChIP-Seq(GSE19198)/Homer
		95 of 414 (1e-25) E2F7(E2F)/Hela-E2F7-ChIP-Seq(GSE32673)/Homer
		96 of 414 (1e-24) ETS:RUNX(ETS,Runt)/Jurkat-RUNX1-ChIP-Seq(GSE17954)/Homer
		97 of 414 (1e-24) Fra2(bZIP)/Striatum-Fra2-ChIP-Seq(GSE43429)/Homer
		98 of 414 (1e-24) JunB(bZIP)/DendriticCells-Junb-ChIP-Seq(GSE36099)/Homer
		99 of 414 (1e-23) bHLHE41(bHLH)/proB-Bhlhe41-ChIP-Seq(GSE93764)/Homer
		100 of 414 (1e-22) Fosl2(bZIP)/3T3L1-Fosl2-ChIP-Seq(GSE56872)/Homer
		101 of 414 (1e-22) WT1(Zf)/Kidney-WT1-ChIP-Seq(GSE90016)/Homer
		102 of 414 (1e-22) Esrrb(NR)/mES-Esrrb-ChIP-Seq(GSE11431)/Homer
		103 of 414 (1e-21) Bach1(bZIP)/K562-Bach1-ChIP-Seq(GSE31477)/Homer
		104 of 414 (1e-20) BATF(bZIP)/Th17-BATF-ChIP-Seq(GSE39756)/Homer
		105 of 414 (1e-20) SpiB(ETS)/OCILY3-SPIB-ChIP-Seq(GSE56857)/Homer
		106 of 414 (1e-19) Ets1-distal(ETS)/CD4+-PolII-ChIP-Seq(Barski_et_al.)/Homer
		107 of 414 (1e-19) Atf3(bZIP)/GBM-ATF3-ChIP-Seq(GSE33912)/Homer
		108 of 414 (1e-19) STAT4(Stat)/CD4-Stat4-ChIP-Seq(GSE22104)/Homer
		109 of 414 (1e-19) Fra1(bZIP)/BT549-Fra1-ChIP-Seq(GSE46166)/Homer
		110 of 414 (1e-19) Smad3(MAD)/NPC-Smad3-ChIP-Seq(GSE36673)/Homer
		111 of 414 (1e-18) Hoxd13(Homeobox)/ChickenMSG-Hoxd13.Flag-ChIP-Seq(GSE86088)/Homer
		112 of 414 (1e-18) EWS:ERG-fusion(ETS)/CADO_ES1-EWS:ERG-ChIP-Seq(SRA014231)/Homer
		113 of 414 (1e-17) E2F3(E2F)/MEF-E2F3-ChIP-Seq(GSE71376)/Homer
		114 of 414 (1e-17) Nrf2(bZIP)/Lymphoblast-Nrf2-ChIP-Seq(GSE37589)/Homer
		115 of 414 (1e-16) Hoxd10(Homeobox)/ChickenMSG-Hoxd10.Flag-ChIP-Seq(GSE86088)/Homer
		116 of 414 (1e-15) p53(p53)/mES-cMyc-ChIP-Seq(GSE11431)/Homer
		117 of 414 (1e-15) AP-1(bZIP)/ThioMac-PU.1-ChIP-Seq(GSE21512)/Homer
		118 of 414 (1e-15) CRX(Homeobox)/Retina-Crx-ChIP-Seq(GSE20012)/Homer
		119 of 414 (1e-14) STAT5(Stat)/mCD4+-Stat5-ChIP-Seq(GSE12346)/Homer
		120 of 414 (1e-14) NF-E2(bZIP)/K562-NFE2-ChIP-Seq(GSE31477)/Homer
		121 of 414 (1e-14) n-Myc(bHLH)/mES-nMyc-ChIP-Seq(GSE11431)/Homer
		122 of 414 (1e-14) c-Myc(bHLH)/LNCAP-cMyc-ChIP-Seq(Unpublished)/Homer
		123 of 414 (1e-14) STAT1(Stat)/HelaS3-STAT1-ChIP-Seq(GSE12782)/Homer
		124 of 414 (1e-14) Max(bHLH)/K562-Max-ChIP-Seq(GSE31477)/Homer
		125 of 414 (1e-13) NFE2L2(bZIP)/HepG2-NFE2L2-ChIP-Seq(Encode)/Homer
		126 of 414 (1e-13) PBX2(Homeobox)/K562-PBX2-ChIP-Seq(Encode)/Homer
		127 of 414 (1e-12) Foxo3(Forkhead)/U2OS-Foxo3-ChIP-Seq(E-MTAB-2701)/Homer
		128 of 414 (1e-12) Tbx5(T-box)/HL1-Tbx5.biotin-ChIP-Seq(GSE21529)/Homer
		129 of 414 (1e-12) Rfx6(HTH)/Min6b1-Rfx6.HA-ChIP-Seq(GSE62844)/Homer
		130 of 414 (1e-12) FOXA1(Forkhead)/MCF7-FOXA1-ChIP-Seq(GSE26831)/Homer
		131 of 414 (1e-11) Zfp281(Zf)/ES-Zfp281-ChIP-Seq(GSE81042)/Homer
		132 of 414 (1e-11) YY1(Zf)/Promoter/Homer
		133 of 414 (1e-11) p73(p53)/Trachea-p73-ChIP-Seq(PRJNA310161)/Homer
		134 of 414 (1e-11) PRDM10(Zf)/HEK293-PRDM10.eGFP-ChIP-Seq(Encode)/Homer
		135 of 414 (1e-10) FOXP1(Forkhead)/H9-FOXP1-ChIP-Seq(GSE31006)/Homer
		136 of 414 (1e-10) BMAL1(bHLH)/Liver-Bmal1-ChIP-Seq(GSE39860)/Homer
		137 of 414 (1e-9) HOXB13(Homeobox)/ProstateTumor-HOXB13-ChIP-Seq(GSE56288)/Homer
		138 of 414 (1e-9) Hoxa13(Homeobox)/ChickenMSG-Hoxa13.Flag-ChIP-Seq(GSE86088)/Homer
		139 of 414 (1e-9) Hoxa11(Homeobox)/ChickenMSG-Hoxa11.Flag-ChIP-Seq(GSE86088)/Homer
		140 of 414 (1e-9) Tcfcp2l1(CP2)/mES-Tcfcp2l1-ChIP-Seq(GSE11431)/Homer
		141 of 414 (1e-9) GSC(Homeobox)/FrogEmbryos-GSC-ChIP-Seq(DRA000576)/Homer
		142 of 414 (1e-9) E2F1(E2F)/Hela-E2F1-ChIP-Seq(GSE22478)/Homer
		143 of 414 (1e-9) Foxa3(Forkhead)/Liver-Foxa3-ChIP-Seq(GSE77670)/Homer
		144 of 414 (1e-9) Bach2(bZIP)/OCILy7-Bach2-ChIP-Seq(GSE44420)/Homer
		145 of 414 (1e-9) Unknown(Homeobox)/Limb-p300-ChIP-Seq/Homer
		146 of 414 (1e-9) NPAS2(bHLH)/Liver-NPAS2-ChIP-Seq(GSE39860)/Homer
		147 of 414 (1e-8) FOXM1(Forkhead)/MCF7-FOXM1-ChIP-Seq(GSE72977)/Homer
		148 of 414 (1e-8) E2F6(E2F)/Hela-E2F6-ChIP-Seq(GSE31477)/Homer
		149 of 414 (1e-8) CHR(?)/Hela-CellCycle-Expression/Homer
		150 of 414 (1e-8) CDX4(Homeobox)/ZebrafishEmbryos-Cdx4.Myc-ChIP-Seq(GSE48254)/Homer
		151 of 414 (1e-8) Foxa2(Forkhead)/Liver-Foxa2-ChIP-Seq(GSE25694)/Homer
		152 of 414 (1e-8) FOXK2(Forkhead)/U2OS-FOXK2-ChIP-Seq(E-MTAB-2204)/Homer
		153 of 414 (1e-8) FOXA1(Forkhead)/LNCAP-FOXA1-ChIP-Seq(GSE27824)/Homer
		154 of 414 (1e-8) Znf263(Zf)/K562-Znf263-ChIP-Seq(GSE31477)/Homer
		155 of 414 (1e-7) E2F(E2F)/Hela-CellCycle-Expression/Homer
		156 of 414 (1e-7) Isl1(Homeobox)/Neuron-Isl1-ChIP-Seq(GSE31456)/Homer
		157 of 414 (1e-7) Foxf1(Forkhead)/Lung-Foxf1-ChIP-Seq(GSE77951)/Homer
		158 of 414 (1e-7) TR4(NR),DR1/Hela-TR4-ChIP-Seq(GSE24685)/Homer
		159 of 414 (1e-6) Hoxd11(Homeobox)/ChickenMSG-Hoxd11.Flag-ChIP-Seq(GSE86088)/Homer
		160 of 414 (1e-6) p53(p53)/Saos-p53-ChIP-Seq(GSE15780)/Homer
		161 of 414 (1e-6) p53(p53)/Saos-p53-ChIP-Seq/Homer
		162 of 414 (1e-6) FOXK1(Forkhead)/HEK293-FOXK1-ChIP-Seq(GSE51673)/Homer
		163 of 414 (1e-6) Pitx1(Homeobox)/Chicken-Pitx1-ChIP-Seq(GSE38910)/Homer
		164 of 414 (1e-5) IRF8(IRF)/BMDM-IRF8-ChIP-Seq(GSE77884)/Homer
		165 of 414 (1e-5) p63(p53)/Keratinocyte-p63-ChIP-Seq(GSE17611)/Homer
		166 of 414 (1e-5) Lhx2(Homeobox)/HFSC-Lhx2-ChIP-Seq(GSE48068)/Homer
		167 of 414 (1e-5) MNT(bHLH)/HepG2-MNT-ChIP-Seq(Encode)/Homer
		168 of 414 (1e-5) ZSCAN22(Zf)/HEK293-ZSCAN22.GFP-ChIP-Seq(GSE58341)/Homer
		169 of 414 (1e-5) Bcl6(Zf)/Liver-Bcl6-ChIP-Seq(GSE31578)/Homer
		170 of 414 (1e-5) Foxh1(Forkhead)/hESC-FOXH1-ChIP-Seq(GSE29422)/Homer
		171 of 414 (1e-5) Otx2(Homeobox)/EpiLC-Otx2-ChIP-Seq(GSE56098)/Homer
		172 of 414 (1e-5) GATA:SCL(Zf,bHLH)/Ter119-SCL-ChIP-Seq(GSE18720)/Homer
		173 of 414 (1e-5) DUX4(Homeobox)/Myoblasts-DUX4.V5-ChIP-Seq(GSE75791)/Homer
		174 of 414 (1e-5) GATA(Zf),IR4/iTreg-Gata3-ChIP-Seq(GSE20898)/Homer
		175 of 414 (1e-5) Pax7(Paired,Homeobox),long/Myoblast-Pax7-ChIP-Seq(GSE25064)/Homer
		176 of 414 (1e-4) Tbet(T-box)/CD8-Tbet-ChIP-Seq(GSE33802)/Homer
		177 of 414 (1e-4) PU.1-IRF(ETS:IRF)/Bcell-PU.1-ChIP-Seq(GSE21512)/Homer
		178 of 414 (1e-4) Arnt:Ahr(bHLH)/MCF7-Arnt-ChIP-Seq(Lo_et_al.)/Homer
		179 of 414 (1e-4) HIF-1b(HLH)/T47D-HIF1b-ChIP-Seq(GSE59937)/Homer
		180 of 414 (1e-4) TATA-Box(TBP)/Promoter/Homer
		181 of 414 (1e-4) FoxL2(Forkhead)/Ovary-FoxL2-ChIP-Seq(GSE60858)/Homer
		182 of 414 (1e-4) Lhx1(Homeobox)/EmbryoCarcinoma-Lhx1-ChIP-Seq(GSE70957)/Homer
		183 of 414 (1e-4) Nur77(NR)/K562-NR4A1-ChIP-Seq(GSE31363)/Homer
		184 of 414 (1e-4) Hoxc9(Homeobox)/Ainv15-Hoxc9-ChIP-Seq(GSE21812)/Homer
		185 of 414 (1e-4) PAX5(Paired,Homeobox),condensed/GM12878-PAX5-ChIP-Seq(GSE32465)/Homer
		186 of 414 (1e-4) COUP-TFII(NR)/K562-NR2F1-ChIP-Seq(Encode)/Homer
		187 of 414 (1e-4) Cdx2(Homeobox)/mES-Cdx2-ChIP-Seq(GSE14586)/Homer
		188 of 414 (1e-4) AMYB(HTH)/Testes-AMYB-ChIP-Seq(GSE44588)/Homer
		189 of 414 (1e-3) Atf4(bZIP)/MEF-Atf4-ChIP-Seq(GSE35681)/Homer
		190 of 414 (1e-3) MYB(HTH)/ERMYB-Myb-ChIPSeq(GSE22095)/Homer
		191 of 414 (1e-3) OCT:OCT(POU,Homeobox)/NPC-Brn1-ChIP-Seq(GSE35496)/Homer
		192 of 414 (1e-3) GATA3(Zf),DR4/iTreg-Gata3-ChIP-Seq(GSE20898)/Homer
		193 of 414 (1e-3) RUNX1(Runt)/Jurkat-RUNX1-ChIP-Seq(GSE29180)/Homer
		194 of 414 (1e-3) RUNX(Runt)/HPC7-Runx1-ChIP-Seq(GSE22178)/Homer
		195 of 414 (1e-3) Zfp809(Zf)/ES-Zfp809-ChIP-Seq(GSE70799)/Homer
		196 of 414 (1e-3) NPAS(bHLH)/Liver-NPAS-ChIP-Seq(GSE39860)/Homer
		197 of 414 (1e-3) EAR2(NR)/K562-NR2F6-ChIP-Seq(Encode)/Homer
		198 of 414 (1e-2) HIF-1a(bHLH)/MCF7-HIF1a-ChIP-Seq(GSE28352)/Homer
		199 of 414 (1e-2) BMYB(HTH)/Hela-BMYB-ChIP-Seq(GSE27030)/Homer
		200 of 414 (1e-2) GATA(Zf),IR3/iTreg-Gata3-ChIP-Seq(GSE20898)/Homer
		201 of 414 (1e-2) Fox:Ebox(Forkhead,bHLH)/Panc1-Foxa2-ChIP-Seq(GSE47459)/Homer
		202 of 414 (1e-2) CTCF-SatelliteElement(Zf?)/CD4+-CTCF-ChIP-Seq(Barski_et_al.)/Homer
		203 of 414 (1e-2) COUP-TFII(NR)/Artia-Nr2f2-ChIP-Seq(GSE46497)/Homer
		204 of 414 (1e-2) STAT6(Stat)/Macrophage-Stat6-ChIP-Seq(GSE38377)/Homer
		205 of 414 (1e-2) ZNF7(Zf)/HepG2-ZNF7.Flag-ChIP-Seq(Encode)/Homer
		206 of 414 (1e-2) OCT:OCT(POU,Homeobox,IR1)/NPC-Brn2-ChIP-Seq(GSE35496)/Homer
		207 of 414 (1e-2) Meis1(Homeobox)/MastCells-Meis1-ChIP-Seq(GSE48085)/Homer
	----------------------------------------------------------
	De novo motif finding (HOMER)

	Scanning input files...
	Parsing sequences...
	|0%                                   50%                                  100%|
	===============================================================================
	Total number of Oligos: 32896
	Autoadjustment for sequence coverage in background: 1.13x

	Oligos: 32896 of 34497 max
	Tree  : 67148 of 172485 max
	Optimizing memory usage...
	Cache length = 11180
	Using binomial scoring

	Global Optimization Phase: Looking for enriched oligos with up to 2 mismatches...

	Screening oligos 32896 (allowing 0 mismatches):
	|0%                                   50%                                  100%|
	================================================================================
		0.00% skipped, 100.00% checked (32895 of 32896), of those checked:
		0.00% not in target, 0.00% increased p-value, 0.00% high p-value

	Screening oligos 32896 (allowing 1 mismatches):
	|0%                                   50%                                  100%|
	================================================================================
		0.00% skipped, 100.00% checked (32895 of 32896), of those checked:
		0.00% not in target, 51.40% increased p-value, 50.00% high p-value

	Screening oligos 32896 (allowing 2 mismatches):
	|0%                                   50%                                  100%|
	================================================================================
		63.11% skipped, 36.89% checked (12136 of 32896), of those checked:
		0.00% not in target, 19.11% increased p-value, 0.00% high p-value
	Reading input files...
	50000 total sequences read
	Cache length = 11180
	Using binomial scoring

	Local Optimization Phase:
	1 of 25 Initial Sequence: TGATTGGC... (-2054.062)
		Round 1: -3321.15 TGATTGGC T:5529.6(24.72%),B:2256.4(6.39%),P:1e-1442
		Round 2: -3321.15 TGATTGGC T:5529.6(24.72%),B:2256.4(6.39%),P:1e-1442
		=Final=: -2420.75 TGATTGGC T:4214.0(21.64%),B:1937.9(6.41%),P:1e-1051
		Performing exhaustive masking of motif...
		Reprioritizing potential motifs...
	2 of 25 Initial Sequence: GCCCCGCC... (-1333.059)
		Round 1: -3345.91 GCCACACC T:21219.6(66.36%),B:16006.6(37.40%),P:1e-1453
		Round 2: -3383.54 GCCCCGCC T:19734.3(63.70%),B:14571.6(34.72%),P:1e-1469
		Round 3: -3383.54 GCCCCGCC T:19734.3(63.70%),B:14571.6(34.72%),P:1e-1469
		=Final=: -2821.88 GCCCCGCC T:11255.0(57.79%),B:9560.0(31.64%),P:1e-1225
		Performing exhaustive masking of motif...
		Reprioritizing potential motifs...
	3 of 25 Initial Sequence: CCGGAAGT... (-392.654)
		Round 1: -664.71 CCGGAAGT T:4369.8(20.10%),B:4024.9(11.11%),P:1e-288
		Round 2: -664.71 CCGGAAGT T:4369.8(20.10%),B:4024.9(11.11%),P:1e-288
		=Final=: -590.89 CCGGAAGT T:3856.0(19.80%),B:3419.1(11.32%),P:1e-256
		Performing exhaustive masking of motif...
		Reprioritizing potential motifs...
	4 of 25 Initial Sequence: GCATGCGC... (-341.774)
		Round 1: -473.55 GCATGCGC T:4789.9(21.80%),B:5038.3(13.71%),P:1e-205
		Round 2: -473.55 GCATGCGC T:4789.9(21.80%),B:5038.3(13.71%),P:1e-205
		=Final=: -208.91 GCATGCGC T:1407.0(7.22%),B:1226.3(4.06%),P:1e-90
		Performing exhaustive masking of motif...
		Reprioritizing potential motifs...
	5 of 25 Initial Sequence: CTATTGGC... (-294.124)
		Round 1: -622.95 CTATTGGC T:1566.1(7.73%),B:944.7(2.73%),P:1e-270
		Round 2: -622.95 CTATTGGC T:1566.1(7.73%),B:944.7(2.73%),P:1e-270
		=Final=: -624.02 CTATTGGC T:1787.0(9.18%),B:1087.0(3.60%),P:1e-271
		Performing exhaustive masking of motif...
		Reprioritizing potential motifs...
	6 of 25 Initial Sequence: CGTCACGT... (-220.333)
		Round 1: -440.59 CGTCACGT T:2899.3(13.83%),B:2710.6(7.63%),P:1e-191
		Round 2: -483.61 CGTGACGT T:3063.6(14.55%),B:2821.9(7.93%),P:1e-210
		Round 3: -483.61 CGTGACGT T:3063.6(14.55%),B:2821.9(7.93%),P:1e-210
		=Final=: -345.30 CGTGACGT T:2377.0(12.20%),B:2106.1(6.97%),P:1e-149
		Performing exhaustive masking of motif...
		Reprioritizing potential motifs...
	7 of 25 Initial Sequence: GGGAGGAG... (-203.616)
		Round 1: -223.44 GGGAGGAG T:2885.1(13.77%),B:3278.8(9.15%),P:1e-97
		Round 2: -234.78 GGGAGTAG T:2927.2(13.95%),B:3296.9(9.20%),P:1e-101
		Round 3: -234.78 GGGAGTAG T:2927.2(13.95%),B:3296.9(9.20%),P:1e-101
		=Final=: -208.96 GGGAGTAG T:3233.0(16.60%),B:3530.9(11.69%),P:1e-90
		Performing exhaustive masking of motif...
		Reprioritizing potential motifs...
	8 of 25 Initial Sequence: GTCCCGCC... (-190.616)
		Round 1: -488.14 GWCACGCC T:5210.4(23.47%),B:5546.5(14.98%),P:1e-211
		Round 2: -488.14 GWCACGCC T:5210.4(23.47%),B:5546.5(14.98%),P:1e-211
		=Final=: -488.74 GWCACGCC T:4772.0(24.50%),B:4786.3(15.84%),P:1e-212
		Performing exhaustive masking of motif...
		Reprioritizing potential motifs...
	9 of 25 Initial Sequence: ATGCAAAT... (-167.914)
		Round 1: -250.07 ATGCAAAT T:492.3(2.49%),B:257.1(0.75%),P:1e-108
		Round 2: -250.07 ATGCAAAT T:492.3(2.49%),B:257.1(0.75%),P:1e-108
		=Final=: -216.13 ATGCAAAT T:482.0(2.47%),B:248.1(0.82%),P:1e-93
		Performing exhaustive masking of motif...
		Reprioritizing potential motifs...
	10 of 25 Initial Sequence: TCTCGCGA... (-165.982)
		Round 1: -197.98 TDWCGCGA T:728.5(3.67%),B:551.9(1.60%),P:1e-85
		Round 2: -197.98 TDWCGCGA T:728.5(3.67%),B:551.9(1.60%),P:1e-85
		=Final=: -134.47 TDWCGCGA T:605.0(3.11%),B:452.2(1.50%),P:1e-58
		Performing exhaustive masking of motif...
		Reprioritizing potential motifs...
	11 of 25 Initial Sequence: TTGTTGGA... (-125.561)
		Round 1: -173.48 TGGTTGGA T:1270.4(6.31%),B:1252.4(3.60%),P:1e-75
		Round 2: -177.66 TGATTGGY T:2701.7(12.95%),B:3189.8(8.91%),P:1e-77
		Round 3: -177.66 TGATTGGY T:2701.7(12.95%),B:3189.8(8.91%),P:1e-77
		=Final=: -166.77 TGATTGGY T:2114.0(10.85%),B:2196.9(7.27%),P:1e-72
		Performing exhaustive masking of motif...
		Reprioritizing potential motifs...
	12 of 25 Initial Sequence: ACCAATGG... (-124.409)
Optimal threshold is low - motif appears very degenerate!!!
		Round 1: -44.37 ACCAATGG T:354.1(1.80%),B:365.5(1.06%),P:1e-19
		Round 2: -125.55 TCCAACAA T:315.8(1.60%),B:196.4(0.57%),P:1e-54
		Round 3: -128.26 TCCGACAA T:349.6(1.78%),B:227.8(0.66%),P:1e-55
		Round 4: -133.83 TCTAACAA T:390.0(1.98%),B:265.9(0.77%),P:1e-58
		Round 5: -133.83 TCTAACAA T:390.0(1.98%),B:265.9(0.77%),P:1e-58
		=Final=: -55.94 TCTAACAA T:312.0(1.60%),B:255.8(0.85%),P:1e-24
		Performing exhaustive masking of motif...
		Reprioritizing potential motifs...
	13 of 25 Initial Sequence: AGATAAGA... (-94.999)
		Round 1: -276.83 WGATAARG T:1637.5(8.06%),B:1494.2(4.28%),P:1e-120
		Round 2: -276.83 WGATAARG T:1637.5(8.06%),B:1494.2(4.28%),P:1e-120
		=Final=: -237.35 WGATAARG T:1612.0(8.28%),B:1411.8(4.67%),P:1e-103
		Performing exhaustive masking of motif...
		Reprioritizing potential motifs...
	14 of 25 Initial Sequence: AATGTAGT... (-78.616)
		Round 1: -90.87 AATGTAGT T:237.2(1.21%),B:152.5(0.44%),P:1e-39
		Round 2: -90.87 AATGTAGT T:237.2(1.21%),B:152.5(0.44%),P:1e-39
		=Final=: -98.81 AATGTAGT T:261.0(1.34%),B:150.3(0.50%),P:1e-42
		Performing exhaustive masking of motif...
		Reprioritizing potential motifs...
	15 of 25 Initial Sequence: CCTTGAAC... (-71.191)
		Round 1: -71.19 CCTTGAAC T:373.5(1.90%),B:333.0(0.97%),P:1e-30
		Round 2: -71.19 CCTTGAAC T:373.5(1.90%),B:333.0(0.97%),P:1e-30
		=Final=: -81.19 CCTTGAAC T:414.0(2.13%),B:326.4(1.08%),P:1e-35
		Performing exhaustive masking of motif...
		Reprioritizing potential motifs...
	16 of 25 Initial Sequence: GTTTGAAT... (-66.762)
		Round 1: -129.73 GTTTGAAT T:503.3(2.55%),B:393.3(1.14%),P:1e-56
		Round 2: -129.73 GTTTGAAT T:503.3(2.55%),B:393.3(1.14%),P:1e-56
		=Final=: -132.09 GTTTGAAT T:538.0(2.76%),B:385.8(1.28%),P:1e-57
		Performing exhaustive masking of motif...
		Reprioritizing potential motifs...
	17 of 25 Initial Sequence: GGCGGAAC... (-62.626)
		Round 1: -182.08 GGCGGAAM T:4409.5(20.26%),B:5632.1(15.20%),P:1e-79
		Round 2: -196.52 GGCGKDAH T:2539.5(12.22%),B:2893.6(8.12%),P:1e-85
		Round 3: -196.52 GGCGKDAH T:2539.5(12.22%),B:2893.6(8.12%),P:1e-85
		=Final=: -220.80 GGCGKDAH T:2674.0(13.73%),B:2762.8(9.14%),P:1e-95
		Performing exhaustive masking of motif...
		Reprioritizing potential motifs...
	18 of 25 Initial Sequence: ACTATTAG... (-54.225)
		Round 1: -62.62 ACTATTAG T:169.8(0.86%),B:112.9(0.33%),P:1e-27
		Round 2: -62.62 ACTATTAG T:169.8(0.86%),B:112.9(0.33%),P:1e-27
		=Final=: -66.56 ACTATTAG T:187.0(0.96%),B:112.9(0.37%),P:1e-28
		Performing exhaustive masking of motif...
		Reprioritizing potential motifs...
	19 of 25 Initial Sequence: GGTGGAGT... (-53.601)
		Round 1: -60.91 GGTGGAGT T:413.3(2.10%),B:404.6(1.18%),P:1e-26
		Round 2: -60.91 GGTGGAGT T:413.3(2.10%),B:404.6(1.18%),P:1e-26
		=Final=: -57.97 GGTGGAGT T:441.0(2.26%),B:399.9(1.32%),P:1e-25
		Performing exhaustive masking of motif...
		Reprioritizing potential motifs...
	20 of 25 Initial Sequence: ACATTCCT... (-48.231)
		Round 1: -126.89 ACATTCCT T:1108.2(5.53%),B:1156.3(3.33%),P:1e-55
		Round 2: -126.89 ACATTCCT T:1108.2(5.53%),B:1156.3(3.33%),P:1e-55
		=Final=: -127.64 ACATTCCT T:1177.0(6.04%),B:1124.9(3.72%),P:1e-55
		Performing exhaustive masking of motif...
		Reprioritizing potential motifs...
	21 of 25 Initial Sequence: TTTACATA... (-43.258)
		Round 1: -72.15 TTWACATA T:421.9(2.14%),B:391.5(1.14%),P:1e-31
		Round 2: -72.15 TTWACATA T:421.9(2.14%),B:391.5(1.14%),P:1e-31
		=Final=: -64.75 TTWACATA T:260.0(1.33%),B:186.8(0.62%),P:1e-28
		Performing exhaustive masking of motif...
		Reprioritizing potential motifs...
	22 of 25 Initial Sequence: GCGCACGC... (-40.996)
		Round 1: -58.68 GCGCACGC T:899.5(4.51%),B:1080.1(3.11%),P:1e-25
		Round 2: -58.68 GCGCACGC T:899.5(4.51%),B:1080.1(3.11%),P:1e-25
		=Final=: -65.02 GCGCACGC T:943.0(4.84%),B:1003.7(3.32%),P:1e-28
		Performing exhaustive masking of motif...
		Reprioritizing potential motifs...
	23 of 25 Initial Sequence: GGAGTGGT... (-39.700)
		Round 1: -66.79 GGATTGGW T:411.1(2.09%),B:389.3(1.13%),P:1e-29
		Round 2: -66.79 GGATTGGW T:411.1(2.09%),B:389.3(1.13%),P:1e-29
		=Final=: -75.30 GGATTGGW T:452.0(2.32%),B:378.4(1.25%),P:1e-32
		Performing exhaustive masking of motif...
		Reprioritizing potential motifs...
	24 of 25 Initial Sequence: CATGTGAC... (-36.342)
		Round 1: -52.81 CACGTGAC T:475.5(2.41%),B:506.4(1.47%),P:1e-22
		Round 2: -52.81 CACGTGAC T:475.5(2.41%),B:506.4(1.47%),P:1e-22
		=Final=: -41.52 CACGTGAC T:481.0(2.47%),B:488.2(1.62%),P:1e-18
		Performing exhaustive masking of motif...
		Reprioritizing potential motifs...
	25 of 25 Initial Sequence: AGTGACAC... (-36.423)
		Round 1: -45.72 AGTGACAC T:593.0(2.99%),B:690.5(2.00%),P:1e-19
		Round 2: -45.72 AGTGACAC T:593.0(2.99%),B:690.5(2.00%),P:1e-19
		=Final=: -52.82 AGTGACAC T:656.0(3.37%),B:675.6(2.24%),P:1e-22
		Performing exhaustive masking of motif...
		Reprioritizing potential motifs...

	Finalizing Enrichment Statistics (new in v3.4)
	Reading input files...
	50000 total sequences read
	Cache length = 11180
	Using binomial scoring
	Checking enrichment of 25 motif(s)
	|0%                                    50%                                  100%|
	=================================================================================
	Output in file: /home1/gyang/work_space/4.ProjectET/analysis/figs1/1.dnase_peak/../2.dnase_motif/morula_peakAnalysis/homerMotifs.motifs8

	(Motifs in homer2 format)
	Determining similar motifs... 25 reduced to 13 motifs
	Outputing HTML and sequence logos for motif comparison...
	Checking de novo motifs against known motifs...
	Formatting HTML page...
		1 of 13 (1e-1234) similar to KLF5(Zf)/LoVo-KLF5-ChIP-Seq(GSE49402)/Homer(0.887)
		2 of 13 (1e-1051) similar to NFYA/MA0060.3/Jaspar(0.967)
		3 of 13 (1e-270) similar to ELF1(ETS)/Jurkat-ELF1-ChIP-Seq(SRA014231)/Homer(0.981)
		4 of 13 (1e-161) similar to Atf1/MA0604.1/Jaspar(0.898)
		5 of 13 (1e-117) similar to Znf263(Zf)/K562-Znf263-ChIP-Seq(GSE31477)/Homer(0.756)
		6 of 13 (1e-109) similar to Gata4(Zf)/Heart-Gata4-ChIP-Seq(GSE35151)/Homer(0.952)
		7 of 13 (1e-94) similar to Oct4(POU,Homeobox)/mES-Oct4-ChIP-Seq(GSE11431)/Homer(0.956)
		8 of 13 (1e-93) similar to NRF(NRF)/Promoter/Homer(0.863)
		9 of 13 (1e-66) similar to ZBED1/MA0749.1/Jaspar(0.780)
		10 of 13 (1e-63) similar to TEAD2/MA1121.1/Jaspar(0.970)
		11 of 13 (1e-55) similar to MF0011.1_HMG_class/Jaspar(0.739)
		12 of 13 (1e-37) similar to RAR:RXR(NR),DR5/ES-RAR-ChIP-Seq(GSE56893)/Homer(0.856)
		13 of 13 (1e-29) similar to VENTX/MA0724.1/Jaspar(0.782)
	Job finished - if results look good, please send beer to ..

	Cleaning up tmp files...

