This is cutadapt 1.16 with Python 3.6.4
Command line parameters: -j 2 -a AGATCGGAAGAGC -A AGATCGGAAGAGC --trim-n -m 50 -q 20,20 -o /home1/gyang/work_space/4.ProjectET/batch1_cr/2.cutdata/ESC_IgG_10k_rep1.R1_cut.fq -p /home1/gyang/work_space/4.ProjectET/batch1_cr/2.cutdata/ESC_IgG_10k_rep1.R2_cut.fq ESC_IgG_10k_rep1.R1.fq.gz ESC_IgG_10k_rep1.R2.fq.gz
Running on 2 cores
Trimming 2 adapters with at most 10.0% errors in paired-end mode ...
Finished in 1468.49 s (35 us/read; 1.73 M reads/minute).

=== Summary ===

Total read pairs processed:         42,343,295
  Read 1 with adapter:              13,985,500 (33.0%)
  Read 2 with adapter:              11,742,018 (27.7%)
Pairs that were too short:           2,758,398 (6.5%)
Pairs written (passing filters):    39,584,897 (93.5%)

Total basepairs processed: 12,702,988,500 bp
  Read 1: 6,351,494,250 bp
  Read 2: 6,351,494,250 bp
Quality-trimmed:              54,956,427 bp (0.4%)
  Read 1:    23,057,366 bp
  Read 2:    31,899,061 bp
Total written (filtered):  11,026,900,453 bp (86.8%)
  Read 1: 5,515,391,984 bp
  Read 2: 5,511,508,469 bp

=== First read: Adapter 1 ===

Sequence: AGATCGGAAGAGC; Type: regular 3'; Length: 13; Trimmed: 13985500 times.

No. of allowed errors:
0-9 bp: 0; 10-13 bp: 1

Bases preceding removed adapters:
  A: 19.5%
  C: 14.4%
  G: 17.5%
  T: 32.5%
  none/other: 16.1%

Overview of removed sequences
length	count	expect	max.err	error counts
3	869558	661614.0	0	869558
4	307959	165403.5	0	307959
5	218964	41350.9	0	218964
6	175517	10337.7	0	175517
7	174891	2584.4	0	174891
8	192934	646.1	0	192934
9	175599	161.5	0	174516 1083
10	176993	40.4	1	169746 7247
11	183660	10.1	1	172450 11210
12	168306	2.5	1	158971 9335
13	151852	0.6	1	143702 8150
14	152104	0.6	1	143105 8999
15	160263	0.6	1	151475 8788
16	171154	0.6	1	160664 10490
17	205104	0.6	1	191261 13843
18	191386	0.6	1	182298 9088
19	173522	0.6	1	165832 7690
20	167187	0.6	1	158413 8774
21	154784	0.6	1	146702 8082
22	135230	0.6	1	128829 6401
23	134891	0.6	1	127722 7169
24	127658	0.6	1	120182 7476
25	132471	0.6	1	125605 6866
26	140350	0.6	1	133586 6764
27	161445	0.6	1	153231 8214
28	182983	0.6	1	174510 8473
29	161994	0.6	1	152730 9264
30	170393	0.6	1	163473 6920
31	151293	0.6	1	145096 6197
32	145726	0.6	1	138873 6853
33	125188	0.6	1	118571 6617
34	126042	0.6	1	119124 6918
35	118906	0.6	1	113209 5697
36	124352	0.6	1	118701 5651
37	133023	0.6	1	126124 6899
38	154640	0.6	1	146407 8233
39	168358	0.6	1	160651 7707
40	165036	0.6	1	156674 8362
41	133342	0.6	1	124124 9218
42	120218	0.6	1	113416 6802
43	164166	0.6	1	156166 8000
44	58533	0.6	1	53412 5121
45	110632	0.6	1	103706 6926
46	322959	0.6	1	311246 11713
47	148678	0.6	1	139326 9352
48	92373	0.6	1	85492 6881
49	256608	0.6	1	247815 8793
50	110662	0.6	1	103564 7098
51	46918	0.6	1	43481 3437
52	163856	0.6	1	158986 4870
53	123661	0.6	1	119102 4559
54	82369	0.6	1	78204 4165
55	72130	0.6	1	69402 2728
56	49497	0.6	1	46687 2810
57	139145	0.6	1	135272 3873
58	31013	0.6	1	28168 2845
59	53349	0.6	1	50825 2524
60	118100	0.6	1	114470 3630
61	57477	0.6	1	54877 2600
62	34027	0.6	1	32029 1998
63	69800	0.6	1	67039 2761
64	95786	0.6	1	92153 3633
65	26807	0.6	1	24355 2452
66	54848	0.6	1	52730 2118
67	72298	0.6	1	69276 3022
68	132584	0.6	1	128445 4139
69	27604	0.6	1	24771 2833
70	8529	0.6	1	7333 1196
71	15127	0.6	1	14013 1114
72	36669	0.6	1	35024 1645
73	50463	0.6	1	48514 1949
74	56923	0.6	1	54484 2439
75	57724	0.6	1	55107 2617
76	55278	0.6	1	52626 2652
77	54859	0.6	1	52170 2689
78	57026	0.6	1	54266 2760
79	58674	0.6	1	55826 2848
80	62776	0.6	1	59713 3063
81	65851	0.6	1	62694 3157
82	60722	0.6	1	57854 2868
83	55657	0.6	1	52897 2760
84	51539	0.6	1	48822 2717
85	46993	0.6	1	44558 2435
86	45016	0.6	1	42641 2375
87	44456	0.6	1	42172 2284
88	43061	0.6	1	40716 2345
89	43627	0.6	1	41311 2316
90	47336	0.6	1	44906 2430
91	47742	0.6	1	45505 2237
92	48093	0.6	1	45906 2187
93	44980	0.6	1	43010 1970
94	43089	0.6	1	41095 1994
95	37482	0.6	1	35656 1826
96	36429	0.6	1	34726 1703
97	33347	0.6	1	31839 1508
98	32422	0.6	1	30881 1541
99	30885	0.6	1	29445 1440
100	30472	0.6	1	29077 1395
101	31630	0.6	1	30211 1419
102	31904	0.6	1	30499 1405
103	30430	0.6	1	29087 1343
104	28182	0.6	1	26933 1249
105	25689	0.6	1	24467 1222
106	22414	0.6	1	21390 1024
107	22294	0.6	1	21270 1024
108	20160	0.6	1	19184 976
109	19555	0.6	1	18597 958
110	18633	0.6	1	17801 832
111	18983	0.6	1	18096 887
112	18410	0.6	1	17579 831
113	17743	0.6	1	16954 789
114	16708	0.6	1	15937 771
115	15639	0.6	1	14908 731
116	12771	0.6	1	12183 588
117	11210	0.6	1	10696 514
118	9491	0.6	1	8990 501
119	8466	0.6	1	8006 460
120	7444	0.6	1	6993 451
121	6485	0.6	1	6127 358
122	5272	0.6	1	4957 315
123	4441	0.6	1	4203 238
124	3462	0.6	1	3231 231
125	2167	0.6	1	2019 148
126	1688	0.6	1	1467 221
127	943	0.6	1	830 113
128	639	0.6	1	571 68
129	349	0.6	1	276 73
130	930	0.6	1	645 285
131	439	0.6	1	384 55
132	173	0.6	1	137 36
133	108	0.6	1	86 22
134	81	0.6	1	47 34
135	73	0.6	1	39 34
136	60	0.6	1	30 30
137	69	0.6	1	47 22
138	94	0.6	1	66 28
139	53	0.6	1	18 35
140	53	0.6	1	19 34
141	81	0.6	1	52 29
142	68	0.6	1	13 55
143	141	0.6	1	97 44
144	77	0.6	1	18 59
145	134	0.6	1	7 127
146	222	0.6	1	15 207
147	464	0.6	1	8 456
148	930	0.6	1	14 916
149	15235	0.6	1	33 15202
150	2248410	0.6	1	708 2247702

=== Second read: Adapter 2 ===

Sequence: AGATCGGAAGAGC; Type: regular 3'; Length: 13; Trimmed: 11742018 times.

No. of allowed errors:
0-9 bp: 0; 10-13 bp: 1

Bases preceding removed adapters:
  A: 23.3%
  C: 16.9%
  G: 20.7%
  T: 39.0%
  none/other: 0.0%

Overview of removed sequences
length	count	expect	max.err	error counts
3	875807	661614.0	0	875807
4	311924	165403.5	0	311924
5	216061	41350.9	0	216061
6	170259	10337.7	0	170259
7	182516	2584.4	0	182516
8	207440	646.1	0	207440
9	156168	161.5	0	155221 947
10	181974	40.4	1	169800 12174
11	181072	10.1	1	167562 13510
12	170673	2.5	1	158224 12449
13	151141	0.6	1	142171 8970
14	159043	0.6	1	147618 11425
15	152543	0.6	1	143368 9175
16	175917	0.6	1	164870 11047
17	210255	0.6	1	196288 13967
18	168375	0.6	1	160054 8321
19	220591	0.6	1	204962 15629
20	147568	0.6	1	138876 8692
21	146432	0.6	1	138105 8327
22	132026	0.6	1	124663 7363
23	132156	0.6	1	123360 8796
24	269092	0.6	1	250547 18545
25	128173	0.6	1	120679 7494
26	109749	0.6	1	103148 6601
27	96201	0.6	1	89365 6836
28	264022	0.6	1	250757 13265
29	74592	0.6	1	68990 5602
30	253591	0.6	1	241626 11965
31	97822	0.6	1	90756 7066
32	426521	0.6	1	410874 15647
33	131813	0.6	1	123900 7913
34	40701	0.6	1	37078 3623
35	212850	0.6	1	204259 8591
36	77686	0.6	1	73122 4564
37	95508	0.6	1	90467 5041
38	79078	0.6	1	75352 3726
39	91090	0.6	1	86455 4635
40	57483	0.6	1	54436 3047
41	133690	0.6	1	128514 5176
42	166561	0.6	1	160190 6371
43	61265	0.6	1	57641 3624
44	104429	0.6	1	99506 4923
45	246321	0.6	1	239267 7054
46	77980	0.6	1	73908 4072
47	74654	0.6	1	71072 3582
48	215410	0.6	1	208668 6742
49	115637	0.6	1	111011 4626
50	55281	0.6	1	52282 2999
51	200950	0.6	1	194532 6418
52	236197	0.6	1	229290 6907
53	107602	0.6	1	103600 4002
54	101160	0.6	1	97177 3983
55	100786	0.6	1	97563 3223
56	45537	0.6	1	43431 2106
57	79423	0.6	1	76400 3023
58	100754	0.6	1	97250 3504
59	61545	0.6	1	58969 2576
60	42989	0.6	1	41029 1960
61	35553	0.6	1	34041 1512
62	33518	0.6	1	32059 1459
63	35121	0.6	1	33547 1574
64	44496	0.6	1	42746 1750
65	51487	0.6	1	49460 2027
66	56535	0.6	1	54301 2234
67	59106	0.6	1	56948 2158
68	63049	0.6	1	60661 2388
69	71390	0.6	1	68800 2590
70	73843	0.6	1	71452 2391
71	78675	0.6	1	76231 2444
72	73894	0.6	1	71298 2596
73	66912	0.6	1	64593 2319
74	62468	0.6	1	60309 2159
75	59706	0.6	1	57614 2092
76	55252	0.6	1	53357 1895
77	54919	0.6	1	52971 1948
78	57943	0.6	1	55971 1972
79	58056	0.6	1	56136 1920
80	62660	0.6	1	60696 1964
81	65676	0.6	1	63692 1984
82	58576	0.6	1	56761 1815
83	54727	0.6	1	53053 1674
84	50973	0.6	1	49287 1686
85	46354	0.6	1	44839 1515
86	45568	0.6	1	44057 1511
87	45635	0.6	1	44291 1344
88	44972	0.6	1	43716 1256
89	44023	0.6	1	42734 1289
90	46449	0.6	1	45065 1384
91	45572	0.6	1	44197 1375
92	46761	0.6	1	45401 1360
93	44916	0.6	1	43632 1284
94	42833	0.6	1	41640 1193
95	37629	0.6	1	36596 1033
96	36251	0.6	1	35217 1034
97	32229	0.6	1	31346 883
98	31741	0.6	1	30864 877
99	30973	0.6	1	30158 815
100	31203	0.6	1	30327 876
101	31881	0.6	1	31039 842
102	32282	0.6	1	31466 816
103	30255	0.6	1	29484 771
104	28370	0.6	1	27630 740
105	25876	0.6	1	25224 652
106	22605	0.6	1	22053 552
107	22430	0.6	1	21849 581
108	19940	0.6	1	19459 481
109	19632	0.6	1	19144 488
110	18573	0.6	1	18138 435
111	19107	0.6	1	18673 434
112	18477	0.6	1	18045 432
113	17632	0.6	1	17264 368
114	16655	0.6	1	16221 434
115	14892	0.6	1	14534 358
116	12670	0.6	1	12406 264
117	11055	0.6	1	10856 199
118	9697	0.6	1	9429 268
119	8498	0.6	1	8294 204
120	7637	0.6	1	7397 240
121	6484	0.6	1	6324 160
122	5384	0.6	1	5251 133
123	4597	0.6	1	4481 116
124	3597	0.6	1	3500 97
125	2249	0.6	1	2162 87
126	1715	0.6	1	1623 92
127	989	0.6	1	950 39
128	676	0.6	1	633 43
129	332	0.6	1	307 25
130	971	0.6	1	884 87
131	435	0.6	1	384 51
132	173	0.6	1	142 31
133	98	0.6	1	79 19
134	71	0.6	1	48 23
135	59	0.6	1	38 21
136	50	0.6	1	33 17
137	70	0.6	1	50 20
138	89	0.6	1	67 22
139	42	0.6	1	16 26
140	36	0.6	1	18 18
141	70	0.6	1	58 12
142	38	0.6	1	13 25
143	129	0.6	1	106 23
144	41	0.6	1	20 21
145	31	0.6	1	7 24
146	38	0.6	1	12 26
147	29	0.6	1	10 19
148	36	0.6	1	12 24
149	156	0.6	1	65 91
150	3441	0.6	1	779 2662

