This is cutadapt 1.16 with Python 3.6.4
Command line parameters: -j 2 -a AGATCGGAAGAGC -A AGATCGGAAGAGC --trim-n -m 50 -q 20,20 -o /home1/gyang/work_space/4.ProjectET/batch1_cr/2.cutdata/ESC_Nanog_5k_rep1.R1_cut.fq -p /home1/gyang/work_space/4.ProjectET/batch1_cr/2.cutdata/ESC_Nanog_5k_rep1.R2_cut.fq ESC_Nanog_5k_rep1.R1.fq.gz ESC_Nanog_5k_rep1.R2.fq.gz
Running on 2 cores
Trimming 2 adapters with at most 10.0% errors in paired-end mode ...
Finished in 1638.82 s (31 us/read; 1.91 M reads/minute).

=== Summary ===

Total read pairs processed:         52,119,092
  Read 1 with adapter:              10,135,488 (19.4%)
  Read 2 with adapter:               7,980,689 (15.3%)
Pairs that were too short:           2,976,929 (5.7%)
Pairs written (passing filters):    49,142,163 (94.3%)

Total basepairs processed: 15,635,727,600 bp
  Read 1: 7,817,863,800 bp
  Read 2: 7,817,863,800 bp
Quality-trimmed:              66,101,333 bp (0.4%)
  Read 1:    31,664,506 bp
  Read 2:    34,436,827 bp
Total written (filtered):  14,218,208,755 bp (90.9%)
  Read 1: 7,110,241,707 bp
  Read 2: 7,107,967,048 bp

=== First read: Adapter 1 ===

Sequence: AGATCGGAAGAGC; Type: regular 3'; Length: 13; Trimmed: 10135488 times.

No. of allowed errors:
0-9 bp: 0; 10-13 bp: 1

Bases preceding removed adapters:
  A: 21.6%
  C: 7.1%
  G: 10.0%
  T: 40.0%
  none/other: 21.3%

Overview of removed sequences
length	count	expect	max.err	error counts
3	1135881	814360.8	0	1135881
4	302591	203590.2	0	302591
5	149725	50897.6	0	149725
6	106733	12724.4	0	106733
7	102642	3181.1	0	102642
8	102872	795.3	0	102872
9	101595	198.8	0	100434 1161
10	99094	49.7	1	94847 4247
11	101808	12.4	1	95290 6518
12	98742	3.1	1	92975 5767
13	92428	0.8	1	87042 5386
14	92627	0.8	1	86657 5970
15	90832	0.8	1	85568 5264
16	92502	0.8	1	86264 6238
17	98636	0.8	1	91878 6758
18	93890	0.8	1	88380 5510
19	87487	0.8	1	82501 4986
20	86808	0.8	1	81534 5274
21	85183	0.8	1	79979 5204
22	80789	0.8	1	76278 4511
23	80393	0.8	1	75623 4770
24	84083	0.8	1	78345 5738
25	80775	0.8	1	75994 4781
26	80565	0.8	1	75962 4603
27	82539	0.8	1	77668 4871
28	78766	0.8	1	74174 4592
29	81078	0.8	1	75640 5438
30	79063	0.8	1	74631 4432
31	75709	0.8	1	71299 4410
32	75288	0.8	1	71023 4265
33	74143	0.8	1	69268 4875
34	78242	0.8	1	72908 5334
35	74560	0.8	1	70160 4400
36	75729	0.8	1	71253 4476
37	71714	0.8	1	67449 4265
38	74302	0.8	1	69552 4750
39	76015	0.8	1	71408 4607
40	71616	0.8	1	67320 4296
41	70403	0.8	1	65699 4704
42	79198	0.8	1	74504 4694
43	64474	0.8	1	57995 6479
44	75041	0.8	1	68848 6193
45	124496	0.8	1	118538 5958
46	37672	0.8	1	31935 5737
47	83426	0.8	1	73619 9807
48	568191	0.8	1	555583 12608
49	246846	0.8	1	229148 17698
50	34915	0.8	1	26352 8563
51	117002	0.8	1	113268 3734
52	82369	0.8	1	77783 4586
53	17163	0.8	1	14516 2647
54	12321	0.8	1	10944 1377
55	36907	0.8	1	35621 1286
56	17597	0.8	1	16111 1486
57	5421	0.8	1	4519 902
58	5538	0.8	1	4887 651
59	14353	0.8	1	13698 655
60	4091	0.8	1	3376 715
61	5547	0.8	1	4831 716
62	26309	0.8	1	25530 779
63	8166	0.8	1	7004 1162
64	6734	0.8	1	6052 682
65	10868	0.8	1	9949 919
66	26945	0.8	1	25939 1006
67	6123	0.8	1	5040 1083
68	8058	0.8	1	7365 693
69	13825	0.8	1	12963 862
70	20696	0.8	1	19724 972
71	6626	0.8	1	5648 978
72	2803	0.8	1	2261 542
73	5501	0.8	1	5020 481
74	13890	0.8	1	13142 748
75	23528	0.8	1	22308 1220
76	29595	0.8	1	28015 1580
77	32936	0.8	1	31028 1908
78	35233	0.8	1	33253 1980
79	35225	0.8	1	33199 2026
80	36336	0.8	1	34249 2087
81	36319	0.8	1	34226 2093
82	34762	0.8	1	32658 2104
83	35024	0.8	1	32895 2129
84	33795	0.8	1	31565 2230
85	33100	0.8	1	31122 1978
86	32570	0.8	1	30626 1944
87	31031	0.8	1	29236 1795
88	30060	0.8	1	28299 1761
89	31067	0.8	1	29171 1896
90	30829	0.8	1	28974 1855
91	30098	0.8	1	28330 1768
92	30665	0.8	1	28842 1823
93	29795	0.8	1	28048 1747
94	30409	0.8	1	28624 1785
95	28649	0.8	1	26939 1710
96	29326	0.8	1	27603 1723
97	29485	0.8	1	27817 1668
98	27354	0.8	1	25787 1567
99	25964	0.8	1	24409 1555
100	25330	0.8	1	23858 1472
101	26004	0.8	1	24545 1459
102	26575	0.8	1	25089 1486
103	25905	0.8	1	24353 1552
104	25409	0.8	1	23993 1416
105	24782	0.8	1	23361 1421
106	24531	0.8	1	23138 1393
107	24565	0.8	1	23137 1428
108	24264	0.8	1	22916 1348
109	23830	0.8	1	22406 1424
110	24114	0.8	1	22757 1357
111	25501	0.8	1	24166 1335
112	25583	0.8	1	24177 1406
113	26118	0.8	1	24722 1396
114	26865	0.8	1	25421 1444
115	27371	0.8	1	25990 1381
116	26265	0.8	1	24879 1386
117	26558	0.8	1	25222 1336
118	23409	0.8	1	22126 1283
119	28457	0.8	1	27025 1432
120	22826	0.8	1	21661 1165
121	22123	0.8	1	21057 1066
122	21460	0.8	1	20362 1098
123	21534	0.8	1	20448 1086
124	20896	0.8	1	19871 1025
125	19886	0.8	1	18918 968
126	18323	0.8	1	17464 859
127	17168	0.8	1	16408 760
128	16257	0.8	1	15569 688
129	14000	0.8	1	13409 591
130	10542	0.8	1	10086 456
131	6894	0.8	1	6599 295
132	3693	0.8	1	3521 172
133	1744	0.8	1	1647 97
134	550	0.8	1	489 61
135	173	0.8	1	137 36
136	98	0.8	1	60 38
137	93	0.8	1	48 45
138	95	0.8	1	50 45
139	77	0.8	1	18 59
140	75	0.8	1	20 55
141	99	0.8	1	36 63
142	113	0.8	1	38 75
143	252	0.8	1	152 100
144	231	0.8	1	100 131
145	215	0.8	1	67 148
146	226	0.8	1	40 186
147	543	0.8	1	16 527
148	1218	0.8	1	21 1197
149	12077	0.8	1	69 12008
150	2150456	0.8	1	5250 2145206

=== Second read: Adapter 2 ===

Sequence: AGATCGGAAGAGC; Type: regular 3'; Length: 13; Trimmed: 7980689 times.

No. of allowed errors:
0-9 bp: 0; 10-13 bp: 1

Bases preceding removed adapters:
  A: 27.4%
  C: 8.8%
  G: 12.7%
  T: 51.1%
  none/other: 0.1%

Overview of removed sequences
length	count	expect	max.err	error counts
3	1155439	814360.8	0	1155439
4	307791	203590.2	0	307791
5	150941	50897.6	0	150941
6	105480	12724.4	0	105480
7	105026	3181.1	0	105026
8	110253	795.3	0	110253
9	94916	198.8	0	94019 897
10	102136	49.7	1	98263 3873
11	100834	12.4	1	96486 4348
12	100936	3.1	1	96975 3961
13	93211	0.8	1	90086 3125
14	95310	0.8	1	91189 4121
15	87925	0.8	1	84917 3008
16	93015	0.8	1	89876 3139
17	102580	0.8	1	98592 3988
18	85065	0.8	1	82256 2809
19	109286	0.8	1	104984 4302
20	77639	0.8	1	74716 2923
21	82605	0.8	1	79448 3157
22	79314	0.8	1	76520 2794
23	82372	0.8	1	79205 3167
24	160040	0.8	1	154176 5864
25	66614	0.8	1	64190 2424
26	68034	0.8	1	65484 2550
27	56264	0.8	1	53135 3129
28	125275	0.8	1	122033 3242
29	34961	0.8	1	32672 2289
30	120012	0.8	1	116692 3320
31	50679	0.8	1	47656 3023
32	217346	0.8	1	212545 4801
33	75916	0.8	1	72975 2941
34	26660	0.8	1	24684 1976
35	117892	0.8	1	115270 2622
36	43040	0.8	1	41176 1864
37	50295	0.8	1	48609 1686
38	44996	0.8	1	43484 1512
39	44425	0.8	1	42958 1467
40	34594	0.8	1	33255 1339
41	67148	0.8	1	65124 2024
42	93280	0.8	1	90969 2311
43	38913	0.8	1	37230 1683
44	67387	0.8	1	64867 2520
45	165966	0.8	1	162997 2969
46	47384	0.8	1	45449 1935
47	45606	0.8	1	43782 1824
48	120849	0.8	1	118385 2464
49	57400	0.8	1	55567 1833
50	32457	0.8	1	30981 1476
51	108412	0.8	1	105797 2615
52	115854	0.8	1	113229 2625
53	64929	0.8	1	63031 1898
54	56827	0.8	1	55174 1653
55	65769	0.8	1	64081 1688
56	39908	0.8	1	38698 1210
57	49185	0.8	1	47716 1469
58	60886	0.8	1	59517 1369
59	34582	0.8	1	33572 1010
60	23905	0.8	1	23068 837
61	22379	0.8	1	21620 759
62	23014	0.8	1	22305 709
63	25492	0.8	1	24699 793
64	32167	0.8	1	31245 922
65	32047	0.8	1	31013 1034
66	35279	0.8	1	34172 1107
67	35812	0.8	1	34734 1078
68	36300	0.8	1	35264 1036
69	38027	0.8	1	36953 1074
70	38457	0.8	1	37296 1161
71	41496	0.8	1	40344 1152
72	41159	0.8	1	39997 1162
73	41273	0.8	1	40134 1139
74	38360	0.8	1	37276 1084
75	36516	0.8	1	35473 1043
76	34469	0.8	1	33485 984
77	35195	0.8	1	34259 936
78	36959	0.8	1	35966 993
79	35068	0.8	1	34121 947
80	36558	0.8	1	35571 987
81	36127	0.8	1	35152 975
82	32806	0.8	1	31896 910
83	33785	0.8	1	32873 912
84	32369	0.8	1	31438 931
85	31456	0.8	1	30535 921
86	31983	0.8	1	31135 848
87	32365	0.8	1	31549 816
88	31513	0.8	1	30742 771
89	29575	0.8	1	28810 765
90	29001	0.8	1	28223 778
91	27852	0.8	1	27108 744
92	28132	0.8	1	27400 732
93	29161	0.8	1	28457 704
94	29389	0.8	1	28695 694
95	28443	0.8	1	27754 689
96	28265	0.8	1	27550 715
97	25480	0.8	1	24851 629
98	24262	0.8	1	23646 616
99	24473	0.8	1	23884 589
100	23874	0.8	1	23243 631
101	25322	0.8	1	24707 615
102	26360	0.8	1	25630 730
103	24063	0.8	1	23464 599
104	23130	0.8	1	22560 570
105	22474	0.8	1	21953 521
106	23691	0.8	1	23128 563
107	23664	0.8	1	23140 524
108	23356	0.8	1	22811 545
109	22846	0.8	1	22350 496
110	22317	0.8	1	21824 493
111	23654	0.8	1	23162 492
112	23623	0.8	1	23107 516
113	24679	0.8	1	24176 503
114	25289	0.8	1	24751 538
115	25346	0.8	1	24840 506
116	25671	0.8	1	25166 505
117	23010	0.8	1	22556 454
118	22661	0.8	1	22224 437
119	22388	0.8	1	21963 425
120	22377	0.8	1	21936 441
121	21492	0.8	1	21050 442
122	20945	0.8	1	20566 379
123	21417	0.8	1	21032 385
124	20763	0.8	1	20436 327
125	19915	0.8	1	19559 356
126	18257	0.8	1	17893 364
127	17081	0.8	1	16764 317
128	16279	0.8	1	15995 284
129	13992	0.8	1	13752 240
130	10431	0.8	1	10270 161
131	6821	0.8	1	6675 146
132	3650	0.8	1	3567 83
133	1719	0.8	1	1648 71
134	533	0.8	1	502 31
135	174	0.8	1	139 35
136	87	0.8	1	63 24
137	84	0.8	1	47 37
138	79	0.8	1	43 36
139	46	0.8	1	21 25
140	45	0.8	1	18 27
141	83	0.8	1	53 30
142	55	0.8	1	34 21
143	189	0.8	1	171 18
144	108	0.8	1	87 21
145	79	0.8	1	56 23
146	54	0.8	1	34 20
147	55	0.8	1	19 36
148	54	0.8	1	20 34
149	332	0.8	1	146 186
150	7847	0.8	1	5410 2437

