This is cutadapt 1.16 with Python 3.6.4
Command line parameters: -j 2 -a AGATCGGAAGAGC -A AGATCGGAAGAGC --trim-n -m 50 -q 20,20 -o /home1/gyang/work_space/4.ProjectET/batch1_cr/2.cutdata/ESC_IgG_1k_rep2.R1_cut.fq -p /home1/gyang/work_space/4.ProjectET/batch1_cr/2.cutdata/ESC_IgG_1k_rep2.R2_cut.fq ESC_IgG_1k_rep2.R1.fq.gz ESC_IgG_1k_rep2.R2.fq.gz
Running on 2 cores
Trimming 2 adapters with at most 10.0% errors in paired-end mode ...
Finished in 1657.46 s (33 us/read; 1.84 M reads/minute).

=== Summary ===

Total read pairs processed:         50,799,751
  Read 1 with adapter:              18,543,671 (36.5%)
  Read 2 with adapter:              11,495,706 (22.6%)
Pairs that were too short:           7,839,697 (15.4%)
Pairs written (passing filters):    42,960,054 (84.6%)

Total basepairs processed: 15,239,925,300 bp
  Read 1: 7,619,962,650 bp
  Read 2: 7,619,962,650 bp
Quality-trimmed:              53,924,355 bp (0.4%)
  Read 1:    16,393,748 bp
  Read 2:    37,530,607 bp
Total written (filtered):  12,041,019,465 bp (79.0%)
  Read 1: 6,023,333,632 bp
  Read 2: 6,017,685,833 bp

=== First read: Adapter 1 ===

Sequence: AGATCGGAAGAGC; Type: regular 3'; Length: 13; Trimmed: 18543671 times.

No. of allowed errors:
0-9 bp: 0; 10-13 bp: 1

Bases preceding removed adapters:
  A: 16.4%
  C: 9.3%
  G: 12.5%
  T: 23.6%
  none/other: 38.2%

Overview of removed sequences
length	count	expect	max.err	error counts
3	929323	793746.1	0	929323
4	311253	198436.5	0	311253
5	206528	49609.1	0	206528
6	159286	12402.3	0	159286
7	156844	3100.6	0	156844
8	172262	775.1	0	172262
9	149461	193.8	0	148245 1216
10	154819	48.4	1	147434 7385
11	162719	12.1	1	151340 11379
12	153570	3.0	1	143678 9892
13	142314	0.8	1	133242 9072
14	140887	0.8	1	131499 9388
15	147709	0.8	1	138155 9554
16	151366	0.8	1	140355 11011
17	173015	0.8	1	159862 13153
18	160241	0.8	1	150461 9780
19	145082	0.8	1	136928 8154
20	143337	0.8	1	134171 9166
21	139399	0.8	1	130410 8989
22	126019	0.8	1	118527 7492
23	127881	0.8	1	119657 8224
24	126162	0.8	1	117403 8759
25	126133	0.8	1	118432 7701
26	130995	0.8	1	122855 8140
27	143696	0.8	1	134995 8701
28	144449	0.8	1	135771 8678
29	147077	0.8	1	137330 9747
30	140082	0.8	1	132558 7524
31	127411	0.8	1	120384 7027
32	126037	0.8	1	118750 7287
33	115531	0.8	1	108089 7442
34	125279	0.8	1	116864 8415
35	108935	0.8	1	102533 6402
36	121605	0.8	1	113591 8014
37	130814	0.8	1	122685 8129
38	131786	0.8	1	123449 8337
39	120407	0.8	1	112158 8249
40	133237	0.8	1	126004 7233
41	110126	0.8	1	102194 7932
42	107237	0.8	1	100151 7086
43	146808	0.8	1	139412 7396
44	52801	0.8	1	47477 5324
45	90337	0.8	1	85639 4698
46	101304	0.8	1	94967 6337
47	101530	0.8	1	95408 6122
48	99599	0.8	1	93271 6328
49	113518	0.8	1	105962 7556
50	108069	0.8	1	101283 6786
51	99592	0.8	1	93696 5896
52	95919	0.8	1	89968 5951
53	94533	0.8	1	87936 6597
54	82046	0.8	1	76316 5730
55	89853	0.8	1	83707 6146
56	94032	0.8	1	87739 6293
57	82190	0.8	1	75996 6194
58	87159	0.8	1	82204 4955
59	87190	0.8	1	81362 5828
60	105357	0.8	1	98369 6988
61	105394	0.8	1	98771 6623
62	86229	0.8	1	80866 5363
63	68922	0.8	1	64109 4813
64	103680	0.8	1	96430 7250
65	104130	0.8	1	97031 7099
66	123336	0.8	1	116725 6611
67	103223	0.8	1	96563 6660
68	134826	0.8	1	128155 6671
69	18636	0.8	1	14837 3799
70	8935	0.8	1	7462 1473
71	33483	0.8	1	31540 1943
72	54356	0.8	1	51181 3175
73	60019	0.8	1	56341 3678
74	62717	0.8	1	58660 4057
75	65865	0.8	1	61239 4626
76	64134	0.8	1	59720 4414
77	63931	0.8	1	59538 4393
78	62032	0.8	1	57665 4367
79	64145	0.8	1	59578 4567
80	66682	0.8	1	62119 4563
81	65794	0.8	1	61367 4427
82	62932	0.8	1	58533 4399
83	60733	0.8	1	56471 4262
84	59370	0.8	1	54829 4541
85	54273	0.8	1	50330 3943
86	55369	0.8	1	51185 4184
87	55101	0.8	1	50973 4128
88	53577	0.8	1	49546 4031
89	52554	0.8	1	48697 3857
90	57782	0.8	1	53754 4028
91	68353	0.8	1	64121 4232
92	55929	0.8	1	52237 3692
93	50313	0.8	1	47004 3309
94	49904	0.8	1	46501 3403
95	46787	0.8	1	43543 3244
96	45644	0.8	1	42418 3226
97	44032	0.8	1	41062 2970
98	42576	0.8	1	39857 2719
99	40081	0.8	1	37477 2604
100	39032	0.8	1	36503 2529
101	39722	0.8	1	37169 2553
102	39428	0.8	1	36788 2640
103	38870	0.8	1	36328 2542
104	36890	0.8	1	34613 2277
105	36373	0.8	1	33963 2410
106	30968	0.8	1	28881 2087
107	33582	0.8	1	31222 2360
108	29227	0.8	1	27170 2057
109	30375	0.8	1	28073 2302
110	27601	0.8	1	25662 1939
111	27746	0.8	1	25761 1985
112	26430	0.8	1	24651 1779
113	25604	0.8	1	23918 1686
114	24291	0.8	1	22691 1600
115	23796	0.8	1	22129 1667
116	19691	0.8	1	18367 1324
117	17994	0.8	1	16716 1278
118	15967	0.8	1	14735 1232
119	14830	0.8	1	13570 1260
120	13150	0.8	1	12040 1110
121	11774	0.8	1	10780 994
122	10024	0.8	1	9175 849
123	8684	0.8	1	7994 690
124	6625	0.8	1	5962 663
125	4830	0.8	1	4278 552
126	3443	0.8	1	3041 402
127	2224	0.8	1	1951 273
128	1587	0.8	1	1393 194
129	1094	0.8	1	977 117
130	880	0.8	1	777 103
131	1461	0.8	1	1340 121
132	456	0.8	1	398 58
133	352	0.8	1	308 44
134	228	0.8	1	181 47
135	205	0.8	1	160 45
136	108	0.8	1	61 47
137	105	0.8	1	63 42
138	230	0.8	1	170 60
139	106	0.8	1	21 85
140	113	0.8	1	20 93
141	417	0.8	1	187 230
142	149	0.8	1	28 121
143	462	0.8	1	274 188
144	261	0.8	1	61 200
145	359	0.8	1	18 341
146	569	0.8	1	23 546
147	1655	0.8	1	71 1584
148	3384	0.8	1	14 3370
149	51134	0.8	1	164 50970
150	7061255	0.8	1	6728 7054527

=== Second read: Adapter 2 ===

Sequence: AGATCGGAAGAGC; Type: regular 3'; Length: 13; Trimmed: 11495706 times.

No. of allowed errors:
0-9 bp: 0; 10-13 bp: 1

Bases preceding removed adapters:
  A: 26.6%
  C: 14.7%
  G: 19.8%
  T: 38.6%
  none/other: 0.2%

Overview of removed sequences
length	count	expect	max.err	error counts
3	937951	793746.1	0	937951
4	315233	198436.5	0	315233
5	204883	49609.1	0	204883
6	155381	12402.3	0	155381
7	164807	3100.6	0	164807
8	184080	775.1	0	184080
9	135102	193.8	0	134101 1001
10	160356	48.4	1	149387 10969
11	160372	12.1	1	148547 11825
12	155717	3.0	1	144604 11113
13	141676	0.8	1	133367 8309
14	148413	0.8	1	138038 10375
15	139402	0.8	1	131390 8012
16	156688	0.8	1	146862 9826
17	179840	0.8	1	167576 12264
18	140274	0.8	1	133282 6992
19	186167	0.8	1	172644 13523
20	126669	0.8	1	119142 7527
21	132189	0.8	1	124645 7544
22	123242	0.8	1	116538 6704
23	127461	0.8	1	119121 8340
24	252698	0.8	1	235123 17575
25	120091	0.8	1	113355 6736
26	100636	0.8	1	94611 6025
27	86480	0.8	1	80561 5919
28	227841	0.8	1	215991 11850
29	61736	0.8	1	57190 4546
30	211343	0.8	1	201122 10221
31	82679	0.8	1	76894 5785
32	380721	0.8	1	366326 14395
33	118909	0.8	1	111838 7071
34	38925	0.8	1	35538 3387
35	201432	0.8	1	192932 8500
36	71171	0.8	1	66831 4340
37	82229	0.8	1	77773 4456
38	67105	0.8	1	63683 3422
39	74342	0.8	1	70471 3871
40	47579	0.8	1	45018 2561
41	113809	0.8	1	109296 4513
42	151643	0.8	1	145556 6087
43	58899	0.8	1	55321 3578
44	102391	0.8	1	97472 4919
45	241023	0.8	1	234043 6980
46	74520	0.8	1	70482 4038
47	68702	0.8	1	65368 3334
48	194505	0.8	1	188092 6413
49	101642	0.8	1	97369 4273
50	48001	0.8	1	45371 2630
51	181616	0.8	1	175713 5903
52	229879	0.8	1	222917 6962
53	108833	0.8	1	104789 4044
54	101814	0.8	1	97607 4207
55	100240	0.8	1	96799 3441
56	45793	0.8	1	43604 2189
57	80332	0.8	1	77047 3285
58	93365	0.8	1	89792 3573
59	56733	0.8	1	54161 2572
60	38346	0.8	1	36366 1980
61	32083	0.8	1	30449 1634
62	31447	0.8	1	29904 1543
63	34526	0.8	1	32792 1734
64	44801	0.8	1	42823 1978
65	57032	0.8	1	54522 2510
66	60742	0.8	1	58287 2455
67	67168	0.8	1	64548 2620
68	67884	0.8	1	65170 2714
69	76645	0.8	1	73755 2890
70	73170	0.8	1	70560 2610
71	75643	0.8	1	72845 2798
72	73936	0.8	1	71137 2799
73	67948	0.8	1	65257 2691
74	65285	0.8	1	62753 2532
75	65984	0.8	1	63510 2474
76	60129	0.8	1	57997 2132
77	62420	0.8	1	60045 2375
78	62947	0.8	1	60617 2330
79	64098	0.8	1	61716 2382
80	67217	0.8	1	64922 2295
81	66938	0.8	1	64653 2285
82	62001	0.8	1	59795 2206
83	60677	0.8	1	58646 2031
84	59820	0.8	1	57721 2099
85	54160	0.8	1	52120 2040
86	55615	0.8	1	53704 1911
87	54879	0.8	1	52999 1880
88	55083	0.8	1	53277 1806
89	52780	0.8	1	51080 1700
90	54629	0.8	1	52702 1927
91	53868	0.8	1	52142 1726
92	54475	0.8	1	52622 1853
93	51150	0.8	1	49412 1738
94	50191	0.8	1	48615 1576
95	47582	0.8	1	46143 1439
96	46320	0.8	1	44904 1416
97	43071	0.8	1	41733 1338
98	42122	0.8	1	40837 1285
99	40161	0.8	1	38927 1234
100	39081	0.8	1	37974 1107
101	39953	0.8	1	38800 1153
102	40288	0.8	1	39100 1188
103	39548	0.8	1	38507 1041
104	37852	0.8	1	36811 1041
105	37340	0.8	1	36395 945
106	31642	0.8	1	30840 802
107	34228	0.8	1	33345 883
108	29624	0.8	1	28810 814
109	30836	0.8	1	30023 813
110	27867	0.8	1	27190 677
111	28076	0.8	1	27415 661
112	26795	0.8	1	26148 647
113	25818	0.8	1	25214 604
114	24306	0.8	1	23768 538
115	23238	0.8	1	22742 496
116	19820	0.8	1	19361 459
117	17998	0.8	1	17616 382
118	16375	0.8	1	15959 416
119	15122	0.8	1	14770 352
120	13631	0.8	1	13272 359
121	11886	0.8	1	11617 269
122	10338	0.8	1	10070 268
123	9107	0.8	1	8924 183
124	6937	0.8	1	6793 144
125	4941	0.8	1	4801 140
126	3555	0.8	1	3427 128
127	2319	0.8	1	2250 69
128	1632	0.8	1	1578 54
129	1148	0.8	1	1089 59
130	923	0.8	1	867 56
131	1428	0.8	1	1206 222
132	447	0.8	1	396 51
133	321	0.8	1	302 19
134	209	0.8	1	184 25
135	181	0.8	1	147 34
136	84	0.8	1	61 23
137	83	0.8	1	65 18
138	196	0.8	1	166 30
139	36	0.8	1	18 18
140	52	0.8	1	25 27
141	356	0.8	1	340 16
142	58	0.8	1	35 23
143	372	0.8	1	356 16
144	87	0.8	1	56 31
145	50	0.8	1	16 34
146	68	0.8	1	29 39
147	92	0.8	1	65 27
148	102	0.8	1	14 88
149	1037	0.8	1	360 677
150	27690	0.8	1	7233 20457

