This is cutadapt 1.16 with Python 3.6.4
Command line parameters: -j 2 -a AGATCGGAAGAGC -A AGATCGGAAGAGC --trim-n -m 50 -q 20,20 -o /home1/gyang/work_space/4.ProjectET/batch1_cr/2.cutdata/ESC_Nanog_10k_rep1.R1_cut.fq -p /home1/gyang/work_space/4.ProjectET/batch1_cr/2.cutdata/ESC_Nanog_10k_rep1.R2_cut.fq ESC_Nanog_10k_rep1.R1.fq.gz ESC_Nanog_10k_rep1.R2.fq.gz
Running on 2 cores
Trimming 2 adapters with at most 10.0% errors in paired-end mode ...
Finished in 2064.23 s (32 us/read; 1.88 M reads/minute).

=== Summary ===

Total read pairs processed:         64,606,404
  Read 1 with adapter:              15,185,214 (23.5%)
  Read 2 with adapter:              11,038,907 (17.1%)
Pairs that were too short:           5,645,928 (8.7%)
Pairs written (passing filters):    58,960,476 (91.3%)

Total basepairs processed: 19,381,921,200 bp
  Read 1: 9,690,960,600 bp
  Read 2: 9,690,960,600 bp
Quality-trimmed:              68,151,648 bp (0.4%)
  Read 1:    24,232,019 bp
  Read 2:    43,919,629 bp
Total written (filtered):  16,953,179,088 bp (87.5%)
  Read 1: 8,477,712,701 bp
  Read 2: 8,475,466,387 bp

=== First read: Adapter 1 ===

Sequence: AGATCGGAAGAGC; Type: regular 3'; Length: 13; Trimmed: 15185214 times.

No. of allowed errors:
0-9 bp: 0; 10-13 bp: 1

Bases preceding removed adapters:
  A: 18.8%
  C: 8.2%
  G: 11.1%
  T: 34.4%
  none/other: 27.4%

Overview of removed sequences
length	count	expect	max.err	error counts
3	1336000	1009475.1	0	1336000
4	369005	252368.8	0	369005
5	188620	63092.2	0	188620
6	140989	15773.0	0	140989
7	135100	3943.3	0	135100
8	136627	985.8	0	136627
9	134792	246.5	0	132835 1957
10	130666	61.6	1	125252 5414
11	134061	15.4	1	126410 7651
12	125956	3.9	1	119208 6748
13	118805	1.0	1	112289 6516
14	118842	1.0	1	111831 7011
15	118324	1.0	1	111602 6722
16	122816	1.0	1	115090 7726
17	131719	1.0	1	123123 8596
18	129365	1.0	1	122363 7002
19	118219	1.0	1	111907 6312
20	114719	1.0	1	108437 6282
21	109217	1.0	1	103181 6036
22	103448	1.0	1	97999 5449
23	101799	1.0	1	96037 5762
24	103965	1.0	1	97363 6602
25	101557	1.0	1	95780 5777
26	102097	1.0	1	96579 5518
27	108524	1.0	1	102392 6132
28	108971	1.0	1	102836 6135
29	112745	1.0	1	105734 7011
30	109928	1.0	1	104164 5764
31	104629	1.0	1	99190 5439
32	100419	1.0	1	95169 5250
33	96446	1.0	1	90588 5858
34	100431	1.0	1	94087 6344
35	94297	1.0	1	89123 5174
36	96597	1.0	1	91141 5456
37	96831	1.0	1	91509 5322
38	102076	1.0	1	95997 6079
39	105012	1.0	1	98936 6076
40	107471	1.0	1	101314 6157
41	93690	1.0	1	88533 5157
42	88544	1.0	1	83555 4989
43	85482	1.0	1	80203 5279
44	84642	1.0	1	78693 5949
45	129014	1.0	1	124571 4443
46	35195	1.0	1	30395 4800
47	74945	1.0	1	71645 3300
48	91954	1.0	1	87100 4854
49	86820	1.0	1	81954 4866
50	86038	1.0	1	80944 5094
51	90927	1.0	1	85553 5374
52	80857	1.0	1	76273 4584
53	72192	1.0	1	68142 4050
54	77628	1.0	1	73181 4447
55	76055	1.0	1	71816 4239
56	67559	1.0	1	63288 4271
57	74763	1.0	1	70683 4080
58	79931	1.0	1	75575 4356
59	74784	1.0	1	70260 4524
60	77381	1.0	1	73646 3735
61	63869	1.0	1	59970 3899
62	74485	1.0	1	70617 3868
63	73374	1.0	1	69636 3738
64	60264	1.0	1	56871 3393
65	52347	1.0	1	48759 3588
66	80412	1.0	1	76826 3586
67	69591	1.0	1	65188 4403
68	102150	1.0	1	97769 4381
69	88465	1.0	1	83163 5302
70	99096	1.0	1	94950 4146
71	12400	1.0	1	9745 2655
72	10330	1.0	1	9049 1281
73	34988	1.0	1	33425 1563
74	48771	1.0	1	46400 2371
75	53086	1.0	1	50378 2708
76	52537	1.0	1	49651 2886
77	53030	1.0	1	50083 2947
78	54095	1.0	1	51163 2932
79	54025	1.0	1	51125 2900
80	56095	1.0	1	53089 3006
81	56650	1.0	1	53577 3073
82	54926	1.0	1	51848 3078
83	53709	1.0	1	50791 2918
84	52060	1.0	1	49165 2895
85	50476	1.0	1	47724 2752
86	49289	1.0	1	46527 2762
87	47892	1.0	1	45290 2602
88	47295	1.0	1	44584 2711
89	48549	1.0	1	45995 2554
90	49195	1.0	1	46438 2757
91	49621	1.0	1	46862 2759
92	50796	1.0	1	48094 2702
93	50659	1.0	1	47933 2726
94	50202	1.0	1	47493 2709
95	47608	1.0	1	44945 2663
96	47811	1.0	1	45148 2663
97	45100	1.0	1	42703 2397
98	45114	1.0	1	42753 2361
99	44425	1.0	1	42109 2316
100	43509	1.0	1	41183 2326
101	44835	1.0	1	42418 2417
102	45871	1.0	1	43385 2486
103	45671	1.0	1	43204 2467
104	45676	1.0	1	43247 2429
105	44122	1.0	1	41827 2295
106	43777	1.0	1	41470 2307
107	43240	1.0	1	40912 2328
108	43566	1.0	1	41295 2271
109	43275	1.0	1	41012 2263
110	44909	1.0	1	42575 2334
111	46001	1.0	1	43613 2388
112	47432	1.0	1	44956 2476
113	47786	1.0	1	45386 2400
114	49446	1.0	1	47032 2414
115	49470	1.0	1	47046 2424
116	48309	1.0	1	45967 2342
117	48289	1.0	1	46104 2185
118	46109	1.0	1	43875 2234
119	46227	1.0	1	44051 2176
120	44868	1.0	1	42688 2180
121	43781	1.0	1	41733 2048
122	43288	1.0	1	41216 2072
123	43925	1.0	1	41922 2003
124	43977	1.0	1	41986 1991
125	41540	1.0	1	39718 1822
126	39420	1.0	1	37670 1750
127	37475	1.0	1	35837 1638
128	34772	1.0	1	33303 1469
129	30200	1.0	1	29022 1178
130	23105	1.0	1	22213 892
131	14960	1.0	1	14353 607
132	8556	1.0	1	8194 362
133	3827	1.0	1	3610 217
134	1300	1.0	1	1182 118
135	371	1.0	1	288 83
136	153	1.0	1	87 66
137	145	1.0	1	87 58
138	176	1.0	1	88 88
139	133	1.0	1	26 107
140	133	1.0	1	31 102
141	297	1.0	1	189 108
142	191	1.0	1	78 113
143	1845	1.0	1	1692 153
144	259	1.0	1	122 137
145	295	1.0	1	50 245
146	419	1.0	1	48 371
147	1042	1.0	1	50 992
148	1959	1.0	1	44 1915
149	25743	1.0	1	112 25631
150	4145266	1.0	1	13383 4131883

=== Second read: Adapter 2 ===

Sequence: AGATCGGAAGAGC; Type: regular 3'; Length: 13; Trimmed: 11038907 times.

No. of allowed errors:
0-9 bp: 0; 10-13 bp: 1

Bases preceding removed adapters:
  A: 25.7%
  C: 11.4%
  G: 15.0%
  T: 47.7%
  none/other: 0.2%

Overview of removed sequences
length	count	expect	max.err	error counts
3	1349875	1009475.1	0	1349875
4	372062	252368.8	0	372062
5	188566	63092.2	0	188566
6	140249	15773.0	0	140249
7	138400	3943.3	0	138400
8	144885	985.8	0	144885
9	125551	246.5	0	124515 1036
10	134854	61.6	1	130170 4684
11	131495	15.4	1	126671 4824
12	128547	3.9	1	123973 4574
13	119551	1.0	1	115949 3602
14	122721	1.0	1	118052 4669
15	113766	1.0	1	110370 3396
16	122411	1.0	1	118579 3832
17	142128	1.0	1	136957 5171
18	112031	1.0	1	108672 3359
19	149195	1.0	1	144157 5038
20	99339	1.0	1	96001 3338
21	103291	1.0	1	99928 3363
22	102272	1.0	1	99072 3200
23	103453	1.0	1	99869 3584
24	194239	1.0	1	187361 6878
25	84510	1.0	1	81678 2832
26	85387	1.0	1	82583 2804
27	76496	1.0	1	72546 3950
28	174981	1.0	1	171025 3956
29	46882	1.0	1	44041 2841
30	166179	1.0	1	161914 4265
31	67609	1.0	1	63812 3797
32	309511	1.0	1	303772 5739
33	90636	1.0	1	86958 3678
34	32401	1.0	1	30081 2320
35	164170	1.0	1	161040 3130
36	54432	1.0	1	52257 2175
37	58437	1.0	1	56586 1851
38	60950	1.0	1	59081 1869
39	57660	1.0	1	55969 1691
40	48183	1.0	1	46474 1709
41	93840	1.0	1	91327 2513
42	125779	1.0	1	122914 2865
43	48429	1.0	1	46416 2013
44	86958	1.0	1	84076 2882
45	222731	1.0	1	219240 3491
46	60282	1.0	1	57942 2340
47	59054	1.0	1	56813 2241
48	165486	1.0	1	162236 3250
49	80174	1.0	1	77946 2228
50	43320	1.0	1	41315 2005
51	157788	1.0	1	154493 3295
52	168644	1.0	1	165338 3306
53	87874	1.0	1	85643 2231
54	84940	1.0	1	82559 2381
55	90459	1.0	1	88632 1827
56	46444	1.0	1	45008 1436
57	63903	1.0	1	62312 1591
58	85439	1.0	1	83808 1631
59	45503	1.0	1	44316 1187
60	31482	1.0	1	30573 909
61	30133	1.0	1	29221 912
62	30317	1.0	1	29444 873
63	34546	1.0	1	33581 965
64	44637	1.0	1	43499 1138
65	42833	1.0	1	41580 1253
66	46840	1.0	1	45585 1255
67	47285	1.0	1	46084 1201
68	50004	1.0	1	48708 1296
69	53308	1.0	1	51903 1405
70	55416	1.0	1	53954 1462
71	62820	1.0	1	61263 1557
72	60525	1.0	1	58931 1594
73	61006	1.0	1	59512 1494
74	55377	1.0	1	54029 1348
75	52806	1.0	1	51504 1302
76	49537	1.0	1	48438 1099
77	51169	1.0	1	49917 1252
78	53602	1.0	1	52243 1359
79	51388	1.0	1	50137 1251
80	55096	1.0	1	53880 1216
81	55132	1.0	1	53895 1237
82	50600	1.0	1	49371 1229
83	51051	1.0	1	49873 1178
84	49284	1.0	1	48013 1271
85	47630	1.0	1	46406 1224
86	48905	1.0	1	47716 1189
87	50324	1.0	1	49259 1065
88	49986	1.0	1	48871 1115
89	46292	1.0	1	45143 1149
90	46303	1.0	1	45200 1103
91	45977	1.0	1	44942 1035
92	46716	1.0	1	45693 1023
93	48979	1.0	1	47916 1063
94	48355	1.0	1	47267 1088
95	46768	1.0	1	45796 972
96	46980	1.0	1	45937 1043
97	41957	1.0	1	41022 935
98	42463	1.0	1	41517 946
99	42091	1.0	1	41176 915
100	44028	1.0	1	43104 924
101	47144	1.0	1	46194 950
102	48412	1.0	1	47444 968
103	43152	1.0	1	42137 1015
104	42401	1.0	1	41456 945
105	40795	1.0	1	39996 799
106	42870	1.0	1	41991 879
107	43594	1.0	1	42703 891
108	43866	1.0	1	42937 929
109	42830	1.0	1	42015 815
110	43105	1.0	1	42232 873
111	44215	1.0	1	43426 789
112	45836	1.0	1	44950 886
113	48325	1.0	1	47417 908
114	50162	1.0	1	49271 891
115	50035	1.0	1	49095 940
116	49541	1.0	1	48694 847
117	45561	1.0	1	44747 814
118	45029	1.0	1	44214 815
119	43930	1.0	1	43143 787
120	44084	1.0	1	43338 746
121	43333	1.0	1	42597 736
122	42099	1.0	1	41425 674
123	43710	1.0	1	42986 724
124	43638	1.0	1	42968 670
125	41588	1.0	1	40963 625
126	39429	1.0	1	38805 624
127	37381	1.0	1	36792 589
128	34741	1.0	1	34223 518
129	30109	1.0	1	29663 446
130	22962	1.0	1	22628 334
131	15023	1.0	1	14767 256
132	8392	1.0	1	8235 157
133	3803	1.0	1	3714 89
134	1335	1.0	1	1268 67
135	351	1.0	1	298 53
136	402	1.0	1	349 53
137	130	1.0	1	85 45
138	127	1.0	1	91 36
139	65	1.0	1	27 38
140	49	1.0	1	30 19
141	252	1.0	1	207 45
142	94	1.0	1	73 21
143	1769	1.0	1	1718 51
144	146	1.0	1	112 34
145	90	1.0	1	46 44
146	82	1.0	1	48 34
147	101	1.0	1	58 43
148	109	1.0	1	51 58
149	531	1.0	1	252 279
150	17879	1.0	1	13890 3989

