This is cutadapt 1.16 with Python 3.6.4
Command line parameters: -j 2 -a AGATCGGAAGAGC -A AGATCGGAAGAGC --trim-n -m 50 -q 20,20 -o /home1/gyang/work_space/4.ProjectET/batch1_cr/2.cutdata/ESC_Sox2_10k_rep1.R1_cut.fq -p /home1/gyang/work_space/4.ProjectET/batch1_cr/2.cutdata/ESC_Sox2_10k_rep1.R2_cut.fq ESC_Sox2_10k_rep1.R1.fq.gz ESC_Sox2_10k_rep1.R2.fq.gz
Running on 2 cores
Trimming 2 adapters with at most 10.0% errors in paired-end mode ...
Finished in 1955.99 s (33 us/read; 1.80 M reads/minute).

=== Summary ===

Total read pairs processed:         58,763,809
  Read 1 with adapter:              15,944,884 (27.1%)
  Read 2 with adapter:              13,578,770 (23.1%)
Pairs that were too short:           3,239,644 (5.5%)
Pairs written (passing filters):    55,524,165 (94.5%)

Total basepairs processed: 17,629,142,700 bp
  Read 1: 8,814,571,350 bp
  Read 2: 8,814,571,350 bp
Quality-trimmed:              60,812,666 bp (0.3%)
  Read 1:    20,716,767 bp
  Read 2:    40,095,899 bp
Total written (filtered):  15,696,136,606 bp (89.0%)
  Read 1: 7,848,939,838 bp
  Read 2: 7,847,196,768 bp

=== First read: Adapter 1 ===

Sequence: AGATCGGAAGAGC; Type: regular 3'; Length: 13; Trimmed: 15944884 times.

No. of allowed errors:
0-9 bp: 0; 10-13 bp: 1

Bases preceding removed adapters:
  A: 21.3%
  C: 10.4%
  G: 13.9%
  T: 39.6%
  none/other: 14.9%

Overview of removed sequences
length	count	expect	max.err	error counts
3	1204486	918184.5	0	1204486
4	385622	229546.1	0	385622
5	225129	57386.5	0	225129
6	197860	14346.6	0	197860
7	188957	3586.7	0	188957
8	194194	896.7	0	194194
9	195185	224.2	0	191117 4068
10	185252	56.0	1	180043 5209
11	190849	14.0	1	182137 8712
12	186399	3.5	1	178430 7969
13	167184	0.9	1	160154 7030
14	169130	0.9	1	161003 8127
15	175110	0.9	1	167590 7520
16	173249	0.9	1	164537 8712
17	193335	0.9	1	183183 10152
18	197012	0.9	1	188676 8336
19	176425	0.9	1	169022 7403
20	174608	0.9	1	166953 7655
21	170067	0.9	1	162784 7283
22	150301	0.9	1	144164 6137
23	147306	0.9	1	140611 6695
24	156578	0.9	1	148822 7756
25	149694	0.9	1	143024 6670
26	155492	0.9	1	148877 6615
27	169194	0.9	1	161801 7393
28	167772	0.9	1	160436 7336
29	173058	0.9	1	164490 8568
30	172226	0.9	1	164868 7358
31	160648	0.9	1	154056 6592
32	156812	0.9	1	150172 6640
33	150684	0.9	1	143887 6797
34	140198	0.9	1	134094 6104
35	143402	0.9	1	135447 7955
36	152519	0.9	1	145641 6878
37	140763	0.9	1	134598 6165
38	155964	0.9	1	148802 7162
39	166741	0.9	1	159440 7301
40	157175	0.9	1	150030 7145
41	153888	0.9	1	147130 6758
42	146214	0.9	1	140151 6063
43	128876	0.9	1	122430 6446
44	125510	0.9	1	118682 6828
45	195000	0.9	1	189479 5521
46	54392	0.9	1	49114 5278
47	111826	0.9	1	107781 4045
48	139206	0.9	1	133298 5908
49	129353	0.9	1	123623 5730
50	128552	0.9	1	122473 6079
51	144405	0.9	1	137922 6483
52	122063	0.9	1	116656 5407
53	105962	0.9	1	101330 4632
54	116613	0.9	1	111258 5355
55	111678	0.9	1	106583 5095
56	98995	0.9	1	94097 4898
57	114329	0.9	1	109354 4975
58	119833	0.9	1	114708 5125
59	113924	0.9	1	108653 5271
60	116542	0.9	1	112150 4392
61	92608	0.9	1	88194 4414
62	108979	0.9	1	104471 4508
63	108175	0.9	1	103939 4236
64	85404	0.9	1	81683 3721
65	73961	0.9	1	69985 3976
66	117930	0.9	1	113642 4288
67	93339	0.9	1	88595 4744
68	138648	0.9	1	133748 4900
69	125613	0.9	1	119977 5636
70	141981	0.9	1	137229 4752
71	16926	0.9	1	14144 2782
72	13049	0.9	1	11711 1338
73	43327	0.9	1	41684 1643
74	62349	0.9	1	60010 2339
75	71726	0.9	1	68848 2878
76	67026	0.9	1	64252 2774
77	65270	0.9	1	62391 2879
78	68216	0.9	1	65264 2952
79	65238	0.9	1	62353 2885
80	67304	0.9	1	64294 3010
81	70230	0.9	1	67258 2972
82	67206	0.9	1	64376 2830
83	60103	0.9	1	57514 2589
84	58790	0.9	1	56004 2786
85	53680	0.9	1	51026 2654
86	51912	0.9	1	49513 2399
87	51573	0.9	1	49242 2331
88	48725	0.9	1	46488 2237
89	48769	0.9	1	46637 2132
90	51765	0.9	1	49380 2385
91	49171	0.9	1	46909 2262
92	48642	0.9	1	46442 2200
93	49022	0.9	1	46906 2116
94	47432	0.9	1	45309 2123
95	42670	0.9	1	40771 1899
96	43215	0.9	1	41184 2031
97	38832	0.9	1	37035 1797
98	38295	0.9	1	36536 1759
99	37176	0.9	1	35443 1733
100	35667	0.9	1	34089 1578
101	35989	0.9	1	34427 1562
102	37175	0.9	1	35419 1756
103	36278	0.9	1	34569 1709
104	34422	0.9	1	32911 1511
105	33089	0.9	1	31565 1524
106	29332	0.9	1	28033 1299
107	28364	0.9	1	27049 1315
108	28370	0.9	1	27026 1344
109	27355	0.9	1	26097 1258
110	27508	0.9	1	26275 1233
111	29620	0.9	1	28254 1366
112	28526	0.9	1	27307 1219
113	29108	0.9	1	27785 1323
114	30078	0.9	1	28713 1365
115	27721	0.9	1	26534 1187
116	25606	0.9	1	24529 1077
117	25396	0.9	1	24344 1052
118	22067	0.9	1	21106 961
119	21987	0.9	1	21065 922
120	21873	0.9	1	20876 997
121	20251	0.9	1	19362 889
122	20213	0.9	1	19318 895
123	20698	0.9	1	19866 832
124	19102	0.9	1	18378 724
125	17086	0.9	1	16431 655
126	15394	0.9	1	14802 592
127	13190	0.9	1	12700 490
128	11298	0.9	1	10880 418
129	9741	0.9	1	9385 356
130	7307	0.9	1	7054 253
131	4704	0.9	1	4505 199
132	2587	0.9	1	2465 122
133	1079	0.9	1	1009 70
134	403	0.9	1	343 60
135	171	0.9	1	139 32
136	109	0.9	1	69 40
137	109	0.9	1	78 31
138	110	0.9	1	72 38
139	68	0.9	1	16 52
140	68	0.9	1	18 50
141	171	0.9	1	107 64
142	100	0.9	1	45 55
143	403	0.9	1	308 95
144	189	0.9	1	96 93
145	188	0.9	1	54 134
146	213	0.9	1	42 171
147	567	0.9	1	93 474
148	1553	0.9	1	34 1519
149	17376	0.9	1	97 17279
150	2366887	0.9	1	9475 2357412

=== Second read: Adapter 2 ===

Sequence: AGATCGGAAGAGC; Type: regular 3'; Length: 13; Trimmed: 13578770 times.

No. of allowed errors:
0-9 bp: 0; 10-13 bp: 1

Bases preceding removed adapters:
  A: 24.9%
  C: 12.3%
  G: 16.0%
  T: 46.7%
  none/other: 0.1%

Overview of removed sequences
length	count	expect	max.err	error counts
3	1213222	918184.5	0	1213222
4	387335	229546.1	0	387335
5	225850	57386.5	0	225850
6	196548	14346.6	0	196548
7	193443	3586.7	0	193443
8	204686	896.7	0	204686
9	183002	224.2	0	179914 3088
10	190068	56.0	1	184788 5280
11	187276	14.0	1	181241 6035
12	189411	3.5	1	183458 5953
13	167922	0.9	1	163232 4690
14	174185	0.9	1	168010 6175
15	169261	0.9	1	164442 4819
16	173605	0.9	1	168470 5135
17	209381	0.9	1	202611 6770
18	171418	0.9	1	166693 4725
19	223433	0.9	1	216686 6747
20	150468	0.9	1	145850 4618
21	160811	0.9	1	156109 4702
22	147581	0.9	1	143361 4220
23	148978	0.9	1	144193 4785
24	287647	0.9	1	278411 9236
25	127087	0.9	1	123266 3821
26	133763	0.9	1	129896 3867
27	120110	0.9	1	114610 5500
28	272216	0.9	1	266735 5481
29	68316	0.9	1	64281 4035
30	253900	0.9	1	248020 5880
31	106942	0.9	1	101558 5384
32	467568	0.9	1	459396 8172
33	140901	0.9	1	135828 5073
34	46998	0.9	1	43948 3050
35	240901	0.9	1	236776 4125
36	83205	0.9	1	79961 3244
37	97658	0.9	1	95045 2613
38	93444	0.9	1	90814 2630
39	93451	0.9	1	90954 2497
40	72729	0.9	1	70316 2413
41	147151	0.9	1	143719 3432
42	196905	0.9	1	192964 3941
43	76098	0.9	1	73235 2863
44	130152	0.9	1	126187 3965
45	324901	0.9	1	319985 4916
46	91060	0.9	1	87668 3392
47	83121	0.9	1	80201 2920
48	254331	0.9	1	249969 4362
49	113822	0.9	1	110696 3126
50	63847	0.9	1	61161 2686
51	261638	0.9	1	257183 4455
52	258095	0.9	1	253449 4646
53	129584	0.9	1	126435 3149
54	122461	0.9	1	119441 3020
55	132456	0.9	1	130132 2324
56	67981	0.9	1	66101 1880
57	94454	0.9	1	92316 2138
58	123335	0.9	1	121235 2100
59	66244	0.9	1	64585 1659
60	46008	0.9	1	44737 1271
61	42719	0.9	1	41620 1099
62	42846	0.9	1	41692 1154
63	48423	0.9	1	47312 1111
64	61140	0.9	1	59658 1482
65	59059	0.9	1	57485 1574
66	66747	0.9	1	65208 1539
67	65492	0.9	1	63859 1633
68	70294	0.9	1	68653 1641
69	76943	0.9	1	75146 1797
70	76579	0.9	1	74788 1791
71	85728	0.9	1	83829 1899
72	81062	0.9	1	79147 1915
73	77319	0.9	1	75522 1797
74	70539	0.9	1	68910 1629
75	70297	0.9	1	68746 1551
76	63050	0.9	1	61667 1383
77	62667	0.9	1	61235 1432
78	67329	0.9	1	65815 1514
79	62200	0.9	1	60844 1356
80	65609	0.9	1	64186 1423
81	68553	0.9	1	67080 1473
82	61597	0.9	1	60304 1293
83	57379	0.9	1	56139 1240
84	55856	0.9	1	54480 1376
85	50979	0.9	1	49751 1228
86	51807	0.9	1	50671 1136
87	54547	0.9	1	53394 1153
88	52210	0.9	1	51136 1074
89	47057	0.9	1	46025 1032
90	48228	0.9	1	47112 1116
91	45305	0.9	1	44291 1014
92	44381	0.9	1	43361 1020
93	47367	0.9	1	46416 951
94	45712	0.9	1	44805 907
95	42414	0.9	1	41462 952
96	42367	0.9	1	41438 929
97	35570	0.9	1	34776 794
98	35080	0.9	1	34302 778
99	34922	0.9	1	34162 760
100	35499	0.9	1	34789 710
101	37042	0.9	1	36262 780
102	38560	0.9	1	37694 866
103	34302	0.9	1	33540 762
104	32531	0.9	1	31872 659
105	31344	0.9	1	30686 658
106	28943	0.9	1	28283 660
107	28300	0.9	1	27694 606
108	28053	0.9	1	27367 686
109	26929	0.9	1	26362 567
110	26481	0.9	1	25945 536
111	28528	0.9	1	27986 542
112	27828	0.9	1	27288 540
113	29487	0.9	1	28897 590
114	30232	0.9	1	29599 633
115	27957	0.9	1	27387 570
116	26052	0.9	1	25618 434
117	23822	0.9	1	23417 405
118	21511	0.9	1	21150 361
119	20781	0.9	1	20385 396
120	21596	0.9	1	21138 458
121	19939	0.9	1	19571 368
122	19792	0.9	1	19460 332
123	20692	0.9	1	20381 311
124	19023	0.9	1	18719 304
125	17137	0.9	1	16813 324
126	15502	0.9	1	15163 339
127	13235	0.9	1	12987 248
128	11313	0.9	1	11124 189
129	9725	0.9	1	9556 169
130	7313	0.9	1	7177 136
131	4803	0.9	1	4694 109
132	2554	0.9	1	2482 72
133	1080	0.9	1	1039 41
134	433	0.9	1	392 41
135	175	0.9	1	151 24
136	263	0.9	1	227 36
137	102	0.9	1	78 24
138	100	0.9	1	72 28
139	36	0.9	1	12 24
140	30	0.9	1	14 16
141	145	0.9	1	117 28
142	85	0.9	1	48 37
143	340	0.9	1	324 16
144	119	0.9	1	97 22
145	67	0.9	1	48 19
146	71	0.9	1	44 27
147	89	0.9	1	62 27
148	81	0.9	1	37 44
149	333	0.9	1	167 166
150	12678	0.9	1	9754 2924

