This is cutadapt 1.18 with Python 3.7.11
Command line parameters: -j 1 -a AGATCGGAAGAGC -A AGATCGGAAGAGC --trim-n -m 50 -q 20,20 -o /home1/gyang/work_space/4.ProjectET/batch28_cr/2.cutdata/ICM_Nanog_rep1.R1_cut.fq -p /home1/gyang/work_space/4.ProjectET/batch28_cr/2.cutdata/ICM_Nanog_rep1.R2_cut.fq ICM_Nanog_rep1.R1.fq.gz ICM_Nanog_rep1.R2.fq.gz
Processing reads on 1 core in paired-end mode ...
Finished in 4535.54 s (86 us/read; 0.70 M reads/minute).

=== Summary ===

Total read pairs processed:         52,755,154
  Read 1 with adapter:              20,732,128 (39.3%)
  Read 2 with adapter:              15,583,283 (29.5%)
Pairs that were too short:           7,233,211 (13.7%)
Pairs written (passing filters):    45,521,943 (86.3%)

Total basepairs processed: 15,826,546,200 bp
  Read 1: 7,913,273,100 bp
  Read 2: 7,913,273,100 bp
Quality-trimmed:              54,664,273 bp (0.3%)
  Read 1:    22,386,537 bp
  Read 2:    32,277,736 bp
Total written (filtered):  12,510,673,764 bp (79.0%)
  Read 1: 6,256,590,951 bp
  Read 2: 6,254,082,813 bp

=== First read: Adapter 1 ===

Sequence: AGATCGGAAGAGC; Type: regular 3'; Length: 13; Trimmed: 20732128 times.

No. of allowed errors:
0-9 bp: 0; 10-13 bp: 1

Bases preceding removed adapters:
  A: 13.9%
  C: 14.2%
  G: 21.0%
  T: 25.8%
  none/other: 25.0%

Overview of removed sequences
length	count	expect	max.err	error counts
3	944037	824299.3	0	944037
4	334708	206074.8	0	334708
5	230805	51518.7	0	230805
6	185100	12879.7	0	185100
7	188228	3219.9	0	188228
8	196441	805.0	0	196441
9	190105	201.2	0	188737 1368
10	187778	50.3	1	181631 6147
11	188112	12.6	1	178676 9436
12	173014	3.1	1	165461 7553
13	161924	0.8	1	154742 7182
14	171800	0.8	1	163288 8512
15	173358	0.8	1	165446 7912
16	188983	0.8	1	178928 10055
17	218258	0.8	1	206305 11953
18	209737	0.8	1	201119 8618
19	180786	0.8	1	173617 7169
20	175077	0.8	1	167391 7686
21	157563	0.8	1	150584 6979
22	144572	0.8	1	138850 5722
23	141203	0.8	1	134812 6391
24	140325	0.8	1	132620 7705
25	143003	0.8	1	136495 6508
26	152351	0.8	1	145668 6683
27	175797	0.8	1	167973 7824
28	179737	0.8	1	172322 7415
29	197635	0.8	1	187816 9819
30	185171	0.8	1	178216 6955
31	158769	0.8	1	152943 5826
32	143815	0.8	1	137984 5831
33	128764	0.8	1	122724 6040
34	131650	0.8	1	125056 6594
35	125878	0.8	1	120913 4965
36	125155	0.8	1	120370 4785
37	142867	0.8	1	137550 5317
38	177744	0.8	1	170073 7671
39	188919	0.8	1	180764 8155
40	186488	0.8	1	176217 10271
41	160787	0.8	1	153440 7347
42	123008	0.8	1	117958 5050
43	124741	0.8	1	117779 6962
44	104314	0.8	1	97677 6637
45	165539	0.8	1	159238 6301
46	59686	0.8	1	54517 5169
47	120811	0.8	1	115656 5155
48	197011	0.8	1	188731 8280
49	155095	0.8	1	147976 7119
50	124370	0.8	1	117582 6788
51	188138	0.8	1	180628 7510
52	116877	0.8	1	111283 5594
53	66405	0.8	1	62921 3484
54	95809	0.8	1	91273 4536
55	173739	0.8	1	168539 5200
56	111856	0.8	1	106063 5793
57	129983	0.8	1	125232 4751
58	128609	0.8	1	123180 5429
59	205214	0.8	1	199213 6001
60	87800	0.8	1	82980 4820
61	82647	0.8	1	78738 3909
62	158183	0.8	1	153843 4340
63	97287	0.8	1	93641 3646
64	51836	0.8	1	49201 2635
65	60225	0.8	1	57076 3149
66	185643	0.8	1	182065 3578
67	69805	0.8	1	65136 4669
68	135841	0.8	1	131795 4046
69	122022	0.8	1	117059 4963
70	115363	0.8	1	110721 4642
71	20109	0.8	1	17607 2502
72	28731	0.8	1	27312 1419
73	58582	0.8	1	56784 1798
74	72676	0.8	1	70265 2411
75	77612	0.8	1	74923 2689
76	74873	0.8	1	72180 2693
77	76737	0.8	1	73764 2973
78	83895	0.8	1	80496 3399
79	92044	0.8	1	88549 3495
80	113426	0.8	1	109146 4280
81	123885	0.8	1	119419 4466
82	111494	0.8	1	107358 4136
83	93169	0.8	1	89632 3537
84	83403	0.8	1	79968 3435
85	77028	0.8	1	74003 3025
86	73950	0.8	1	70922 3028
87	74508	0.8	1	71558 2950
88	74751	0.8	1	71599 3152
89	83065	0.8	1	79695 3370
90	96084	0.8	1	92336 3748
91	100673	0.8	1	96797 3876
92	105841	0.8	1	101589 4252
93	99352	0.8	1	95480 3872
94	95740	0.8	1	91779 3961
95	80452	0.8	1	77189 3263
96	76963	0.8	1	73776 3187
97	70207	0.8	1	67438 2769
98	75418	0.8	1	72452 2966
99	76183	0.8	1	73156 3027
100	80304	0.8	1	77180 3124
101	92571	0.8	1	89248 3323
102	96871	0.8	1	93127 3744
103	95626	0.8	1	92088 3538
104	89784	0.8	1	86297 3487
105	74357	0.8	1	71305 3052
106	64166	0.8	1	61645 2521
107	62200	0.8	1	59621 2579
108	60863	0.8	1	58320 2543
109	61528	0.8	1	58918 2610
110	67995	0.8	1	65201 2794
111	81920	0.8	1	74066 7854
112	80444	0.8	1	77496 2948
113	83392	0.8	1	80296 3096
114	81664	0.8	1	78704 2960
115	68746	0.8	1	66151 2595
116	61475	0.8	1	59278 2197
117	58884	0.8	1	56725 2159
118	54425	0.8	1	52373 2052
119	55535	0.8	1	53485 2050
120	56059	0.8	1	54006 2053
121	57413	0.8	1	55383 2030
122	62384	0.8	1	60194 2190
123	68409	0.8	1	66134 2275
124	66639	0.8	1	64525 2114
125	51736	0.8	1	50051 1685
126	42686	0.8	1	41229 1457
127	36565	0.8	1	35407 1158
128	31055	0.8	1	30142 913
129	25404	0.8	1	24674 730
130	17848	0.8	1	17357 491
131	11548	0.8	1	11197 351
132	6111	0.8	1	5925 186
133	2459	0.8	1	2382 77
134	942	0.8	1	897 45
135	206	0.8	1	161 45
136	152	0.8	1	123 29
137	52	0.8	1	16 36
138	142	0.8	1	103 39
139	54	0.8	1	14 40
140	105	0.8	1	33 72
141	185	0.8	1	104 81
142	82	0.8	1	19 63
143	1113	0.8	1	992 121
144	200	0.8	1	50 150
145	200	0.8	1	20 180
146	312	0.8	1	45 267
147	785	0.8	1	65 720
148	1979	0.8	1	20 1959
149	31120	0.8	1	65 31055
150	5170281	0.8	1	3269 5167012

=== Second read: Adapter 2 ===

Sequence: AGATCGGAAGAGC; Type: regular 3'; Length: 13; Trimmed: 15583283 times.

No. of allowed errors:
0-9 bp: 0; 10-13 bp: 1

Bases preceding removed adapters:
  A: 18.6%
  C: 18.6%
  G: 27.9%
  T: 34.8%
  none/other: 0.0%

Overview of removed sequences
length	count	expect	max.err	error counts
3	959687	824299.3	0	959687
4	336866	206074.8	0	336866
5	227383	51518.7	0	227383
6	184458	12879.7	0	184458
7	194772	3219.9	0	194772
8	210186	805.0	0	210186
9	172997	201.2	0	172120 877
10	195560	50.3	1	187729 7831
11	184755	12.6	1	176520 8235
12	178096	3.1	1	170102 7994
13	162603	0.8	1	156982 5621
14	181332	0.8	1	172914 8418
15	165042	0.8	1	159233 5809
16	189801	0.8	1	183329 6472
17	236038	0.8	1	227579 8459
18	175950	0.8	1	170471 5479
19	251764	0.8	1	242609 9155
20	145693	0.8	1	140326 5367
21	141241	0.8	1	136200 5041
22	141120	0.8	1	136288 4832
23	145615	0.8	1	140199 5416
24	375602	0.8	1	363262 12340
25	108645	0.8	1	104518 4127
26	101647	0.8	1	98034 3613
27	86811	0.8	1	81931 4880
28	310822	0.8	1	303679 7143
29	58181	0.8	1	53835 4346
30	292627	0.8	1	285681 6946
31	78848	0.8	1	74553 4295
32	436247	0.8	1	428237 8010
33	117399	0.8	1	112871 4528
34	41075	0.8	1	38526 2549
35	212370	0.8	1	208298 4072
36	92263	0.8	1	89463 2800
37	76080	0.8	1	73312 2768
38	129322	0.8	1	126290 3032
39	97674	0.8	1	94868 2806
40	94905	0.8	1	92186 2719
41	150511	0.8	1	146948 3563
42	163287	0.8	1	159592 3695
43	72394	0.8	1	70112 2282
44	105502	0.8	1	102527 2975
45	225731	0.8	1	221939 3792
46	84167	0.8	1	81375 2792
47	105266	0.8	1	102501 2765
48	212683	0.8	1	208369 4314
49	154854	0.8	1	151464 3390
50	92508	0.8	1	89725 2783
51	194532	0.8	1	190472 4060
52	219615	0.8	1	215688 3927
53	135593	0.8	1	132779 2814
54	100753	0.8	1	98333 2420
55	134935	0.8	1	132453 2482
56	88650	0.8	1	86586 2064
57	124098	0.8	1	121709 2389
58	129348	0.8	1	126960 2388
59	106631	0.8	1	104421 2210
60	78326	0.8	1	76448 1878
61	59008	0.8	1	57384 1624
62	50556	0.8	1	49226 1330
63	48845	0.8	1	47612 1233
64	61602	0.8	1	60138 1464
65	65353	0.8	1	63879 1474
66	71229	0.8	1	69708 1521
67	75341	0.8	1	73734 1607
68	90186	0.8	1	88323 1863
69	110604	0.8	1	108374 2230
70	125050	0.8	1	122640 2410
71	137670	0.8	1	135127 2543
72	118033	0.8	1	115675 2358
73	102211	0.8	1	100169 2042
74	89834	0.8	1	87919 1915
75	84513	0.8	1	82858 1655
76	77360	0.8	1	75671 1689
77	77578	0.8	1	75940 1638
78	84939	0.8	1	83177 1762
79	91732	0.8	1	90003 1729
80	112767	0.8	1	110841 1926
81	123705	0.8	1	121566 2139
82	109252	0.8	1	107286 1966
83	92292	0.8	1	90465 1827
84	82655	0.8	1	80981 1674
85	76258	0.8	1	74715 1543
86	74383	0.8	1	72950 1433
87	76194	0.8	1	74712 1482
88	77101	0.8	1	75615 1486
89	83206	0.8	1	81624 1582
90	94514	0.8	1	92719 1795
91	98631	0.8	1	96966 1665
92	103430	0.8	1	101607 1823
93	98462	0.8	1	96824 1638
94	94874	0.8	1	93189 1685
95	80065	0.8	1	78593 1472
96	76955	0.8	1	75556 1399
97	69406	0.8	1	68111 1295
98	75205	0.8	1	73777 1428
99	76380	0.8	1	74917 1463
100	81478	0.8	1	80059 1419
101	92695	0.8	1	91187 1508
102	95697	0.8	1	94134 1563
103	94259	0.8	1	92728 1531
104	88605	0.8	1	87205 1400
105	73542	0.8	1	72308 1234
106	64124	0.8	1	63029 1095
107	62532	0.8	1	61495 1037
108	61405	0.8	1	60326 1079
109	62151	0.8	1	61171 980
110	67416	0.8	1	66409 1007
111	77106	0.8	1	75899 1207
112	80331	0.8	1	79165 1166
113	84098	0.8	1	82936 1162
114	82233	0.8	1	81089 1144
115	69234	0.8	1	68293 941
116	62541	0.8	1	61654 887
117	58697	0.8	1	57874 823
118	54525	0.8	1	53755 770
119	55578	0.8	1	54805 773
120	56300	0.8	1	55554 746
121	57489	0.8	1	56706 783
122	62233	0.8	1	61487 746
123	68536	0.8	1	67736 800
124	66744	0.8	1	65998 746
125	51889	0.8	1	51271 618
126	42833	0.8	1	42314 519
127	36629	0.8	1	36236 393
128	31136	0.8	1	30772 364
129	25441	0.8	1	25188 253
130	17889	0.8	1	17681 208
131	11505	0.8	1	11365 140
132	6105	0.8	1	6021 84
133	2457	0.8	1	2409 48
134	924	0.8	1	908 16
135	186	0.8	1	162 24
136	139	0.8	1	124 15
137	25	0.8	1	14 11
138	122	0.8	1	103 19
139	27	0.8	1	15 12
140	46	0.8	1	37 9
141	151	0.8	1	132 19
142	45	0.8	1	18 27
143	1040	0.8	1	1022 18
144	75	0.8	1	51 24
145	37	0.8	1	17 20
146	74	0.8	1	49 25
147	85	0.8	1	60 25
148	51	0.8	1	19 32
149	261	0.8	1	117 144
150	6322	0.8	1	3365 2957

