This is cutadapt 1.18 with Python 3.7.11
Command line parameters: -j 1 -a AGATCGGAAGAGC -A AGATCGGAAGAGC --trim-n -m 50 -q 20,20 -o /home1/gyang/work_space/4.ProjectET/batch28_cr/2.cutdata/TE_Cdx2_rep1.R1_cut.fq -p /home1/gyang/work_space/4.ProjectET/batch28_cr/2.cutdata/TE_Cdx2_rep1.R2_cut.fq TE_Cdx2_rep1.R1.fq.gz TE_Cdx2_rep1.R2.fq.gz
Processing reads on 1 core in paired-end mode ...
Finished in 5048.76 s (77 us/read; 0.77 M reads/minute).

=== Summary ===

Total read pairs processed:         65,183,371
  Read 1 with adapter:              24,902,406 (38.2%)
  Read 2 with adapter:              21,013,059 (32.2%)
Pairs that were too short:          10,372,165 (15.9%)
Pairs written (passing filters):    54,811,206 (84.1%)

Total basepairs processed: 19,555,011,300 bp
  Read 1: 9,777,505,650 bp
  Read 2: 9,777,505,650 bp
Quality-trimmed:              76,933,130 bp (0.4%)
  Read 1:    31,696,099 bp
  Read 2:    45,237,031 bp
Total written (filtered):  15,015,795,943 bp (76.8%)
  Read 1: 7,509,701,880 bp
  Read 2: 7,506,094,063 bp

=== First read: Adapter 1 ===

Sequence: AGATCGGAAGAGC; Type: regular 3'; Length: 13; Trimmed: 24902406 times.

No. of allowed errors:
0-9 bp: 0; 10-13 bp: 1

Bases preceding removed adapters:
  A: 15.6%
  C: 12.3%
  G: 20.4%
  T: 35.8%
  none/other: 15.8%

Overview of removed sequences
length	count	expect	max.err	error counts
3	1169299	1018490.2	0	1169299
4	356781	254622.5	0	356781
5	208717	63655.6	0	208717
6	154446	15913.9	0	154446
7	157491	3978.5	0	157491
8	163077	994.6	0	163077
9	161900	248.7	0	160509 1391
10	158567	62.2	1	153243 5324
11	157950	15.5	1	149682 8268
12	146839	3.9	1	140144 6695
13	135651	1.0	1	129696 5955
14	137156	1.0	1	130063 7093
15	142729	1.0	1	136205 6524
16	155706	1.0	1	147073 8633
17	180076	1.0	1	170151 9925
18	172148	1.0	1	164993 7155
19	151719	1.0	1	145395 6324
20	144941	1.0	1	138402 6539
21	130229	1.0	1	124303 5926
22	117690	1.0	1	112766 4924
23	113950	1.0	1	108617 5333
24	116727	1.0	1	110259 6468
25	118036	1.0	1	112645 5391
26	125844	1.0	1	120333 5511
27	145618	1.0	1	139220 6398
28	146623	1.0	1	140607 6016
29	164406	1.0	1	156094 8312
30	156346	1.0	1	150063 6283
31	136059	1.0	1	130582 5477
32	125723	1.0	1	120492 5231
33	113563	1.0	1	108229 5334
34	114520	1.0	1	108553 5967
35	112084	1.0	1	106320 5764
36	124497	1.0	1	119371 5126
37	125252	1.0	1	120287 4965
38	152894	1.0	1	145552 7342
39	170877	1.0	1	163760 7117
40	162486	1.0	1	156216 6270
41	141578	1.0	1	136195 5383
42	122121	1.0	1	116629 5492
43	115559	1.0	1	107605 7954
44	111900	1.0	1	105145 6755
45	167043	1.0	1	160878 6165
46	62059	1.0	1	56680 5379
47	123799	1.0	1	118055 5744
48	269575	1.0	1	261129 8446
49	172537	1.0	1	164762 7775
50	101286	1.0	1	94168 7118
51	254743	1.0	1	247343 7400
52	123765	1.0	1	117805 5960
53	48449	1.0	1	44983 3466
54	111134	1.0	1	106713 4421
55	284132	1.0	1	278673 5459
56	161060	1.0	1	154382 6678
57	122229	1.0	1	117777 4452
58	104636	1.0	1	100017 4619
59	237161	1.0	1	232312 4849
60	52672	1.0	1	47941 4731
61	66789	1.0	1	63642 3147
62	184218	1.0	1	180834 3384
63	75075	1.0	1	71484 3591
64	41001	1.0	1	38739 2262
65	71631	1.0	1	68831 2800
66	208687	1.0	1	205173 3514
67	50354	1.0	1	45669 4685
68	114505	1.0	1	111269 3236
69	117065	1.0	1	112677 4388
70	117685	1.0	1	113163 4522
71	17921	1.0	1	15132 2789
72	26946	1.0	1	25514 1432
73	63486	1.0	1	61526 1960
74	89340	1.0	1	86535 2805
75	103177	1.0	1	99716 3461
76	107405	1.0	1	103625 3780
77	111234	1.0	1	107348 3886
78	119921	1.0	1	115517 4404
79	130738	1.0	1	126034 4704
80	150341	1.0	1	145017 5324
81	163935	1.0	1	158100 5835
82	154587	1.0	1	149117 5470
83	140049	1.0	1	134873 5176
84	133859	1.0	1	128941 4918
85	129981	1.0	1	125089 4892
86	129164	1.0	1	124348 4816
87	132491	1.0	1	127434 5057
88	134320	1.0	1	129106 5214
89	146927	1.0	1	141382 5545
90	164275	1.0	1	158190 6085
91	170622	1.0	1	164479 6143
92	176437	1.0	1	169890 6547
93	175409	1.0	1	168834 6575
94	171187	1.0	1	164691 6496
95	159009	1.0	1	153095 5914
96	159295	1.0	1	153288 6007
97	152123	1.0	1	146504 5619
98	159850	1.0	1	153918 5932
99	166169	1.0	1	159923 6246
100	176833	1.0	1	170362 6471
101	189595	1.0	1	183005 6590
102	195780	1.0	1	188547 7233
103	192514	1.0	1	185614 6900
104	186697	1.0	1	180068 6629
105	176881	1.0	1	170587 6294
106	167202	1.0	1	161379 5823
107	164824	1.0	1	158656 6168
108	169497	1.0	1	163407 6090
109	177846	1.0	1	171345 6501
110	196355	1.0	1	189462 6893
111	219297	1.0	1	211731 7566
112	223732	1.0	1	216085 7647
113	225863	1.0	1	218229 7634
114	226087	1.0	1	218698 7389
115	213925	1.0	1	206776 7149
116	211886	1.0	1	205130 6756
117	217841	1.0	1	210836 7005
118	210972	1.0	1	204448 6524
119	223774	1.0	1	216678 7096
120	249495	1.0	1	241834 7661
121	261643	1.0	1	253919 7724
122	264067	1.0	1	256256 7811
123	275588	1.0	1	267515 8073
124	259713	1.0	1	252044 7669
125	233805	1.0	1	227259 6546
126	225324	1.0	1	218983 6341
127	191196	1.0	1	185943 5253
128	165751	1.0	1	161316 4435
129	143300	1.0	1	139631 3669
130	111401	1.0	1	108694 2707
131	64751	1.0	1	63162 1589
132	29329	1.0	1	28590 739
133	9628	1.0	1	9349 279
134	2293	1.0	1	2198 95
135	395	1.0	1	358 37
136	145	1.0	1	108 37
137	64	1.0	1	20 44
138	140	1.0	1	98 42
139	55	1.0	1	15 40
140	72	1.0	1	37 35
141	113	1.0	1	59 54
142	71	1.0	1	12 59
143	558	1.0	1	460 98
144	112	1.0	1	26 86
145	129	1.0	1	16 113
146	158	1.0	1	26 132
147	565	1.0	1	92 473
148	1232	1.0	1	21 1211
149	18564	1.0	1	44 18520
150	3922085	1.0	1	581 3921504

=== Second read: Adapter 2 ===

Sequence: AGATCGGAAGAGC; Type: regular 3'; Length: 13; Trimmed: 21013059 times.

No. of allowed errors:
0-9 bp: 0; 10-13 bp: 1

Bases preceding removed adapters:
  A: 18.4%
  C: 14.4%
  G: 24.3%
  T: 42.8%
  none/other: 0.0%

Overview of removed sequences
length	count	expect	max.err	error counts
3	1196594	1018490.2	0	1196594
4	359591	254622.5	0	359591
5	208219	63655.6	0	208219
6	152611	15913.9	0	152611
7	160557	3978.5	0	160557
8	173914	994.6	0	173914
9	149466	248.7	0	148425 1041
10	162900	62.2	1	157003 5897
11	157106	15.5	1	149302 7804
12	152614	3.9	1	145573 7041
13	134162	1.0	1	129443 4719
14	144047	1.0	1	137542 6505
15	138086	1.0	1	132900 5186
16	157009	1.0	1	151287 5722
17	192324	1.0	1	185386 6938
18	147741	1.0	1	142660 5081
19	209992	1.0	1	202367 7625
20	123112	1.0	1	118247 4865
21	124347	1.0	1	119185 5162
22	112676	1.0	1	108703 3973
23	117896	1.0	1	113235 4661
24	320998	1.0	1	310851 10147
25	101314	1.0	1	97340 3974
26	91581	1.0	1	87898 3683
27	82362	1.0	1	77012 5350
28	253919	1.0	1	248643 5276
29	53859	1.0	1	49107 4752
30	244737	1.0	1	239153 5584
31	80094	1.0	1	75055 5039
32	440088	1.0	1	433109 6979
33	118529	1.0	1	114114 4415
34	33111	1.0	1	30703 2408
35	177769	1.0	1	174650 3119
36	64583	1.0	1	62258 2325
37	65099	1.0	1	62623 2476
38	103901	1.0	1	101592 2309
39	77955	1.0	1	75394 2561
40	80895	1.0	1	78530 2365
41	133588	1.0	1	130500 3088
42	158554	1.0	1	155235 3319
43	65941	1.0	1	63760 2181
44	105575	1.0	1	102314 3261
45	252312	1.0	1	248673 3639
46	81891	1.0	1	79137 2754
47	98723	1.0	1	95915 2808
48	204040	1.0	1	200187 3853
49	144333	1.0	1	141024 3309
50	97557	1.0	1	94421 3136
51	225762	1.0	1	221270 4492
52	274201	1.0	1	269833 4368
53	140042	1.0	1	137093 2949
54	107014	1.0	1	104379 2635
55	167740	1.0	1	165113 2627
56	89118	1.0	1	86925 2193
57	114273	1.0	1	112012 2261
58	125104	1.0	1	122861 2243
59	86819	1.0	1	84877 1942
60	58751	1.0	1	57223 1528
61	45181	1.0	1	43891 1290
62	42334	1.0	1	41264 1070
63	44708	1.0	1	43479 1229
64	62181	1.0	1	60810 1371
65	71734	1.0	1	70061 1673
66	83540	1.0	1	81827 1713
67	88442	1.0	1	86505 1937
68	103814	1.0	1	101674 2140
69	121701	1.0	1	119123 2578
70	136034	1.0	1	133243 2791
71	152792	1.0	1	149848 2944
72	138340	1.0	1	135612 2728
73	128674	1.0	1	126206 2468
74	119674	1.0	1	117193 2481
75	116213	1.0	1	113943 2270
76	112235	1.0	1	110042 2193
77	113022	1.0	1	110761 2261
78	121894	1.0	1	119581 2313
79	130103	1.0	1	127683 2420
80	149621	1.0	1	146870 2751
81	163420	1.0	1	160472 2948
82	150930	1.0	1	148159 2771
83	138113	1.0	1	135500 2613
84	131975	1.0	1	129509 2466
85	128281	1.0	1	125936 2345
86	129870	1.0	1	127366 2504
87	134412	1.0	1	131943 2469
88	137846	1.0	1	135466 2380
89	146316	1.0	1	143618 2698
90	161501	1.0	1	158630 2871
91	166939	1.0	1	164183 2756
92	172539	1.0	1	169651 2888
93	173669	1.0	1	170703 2966
94	170041	1.0	1	167152 2889
95	158594	1.0	1	155923 2671
96	159584	1.0	1	156937 2647
97	150779	1.0	1	148191 2588
98	157830	1.0	1	155150 2680
99	163784	1.0	1	161162 2622
100	174584	1.0	1	171654 2930
101	187481	1.0	1	184511 2970
102	195290	1.0	1	192238 3052
103	189544	1.0	1	186565 2979
104	184362	1.0	1	181487 2875
105	175727	1.0	1	172959 2768
106	168367	1.0	1	165746 2621
107	165759	1.0	1	163274 2485
108	170782	1.0	1	168018 2764
109	178450	1.0	1	175898 2552
110	194294	1.0	1	191463 2831
111	217619	1.0	1	214619 3000
112	221776	1.0	1	218623 3153
113	226980	1.0	1	223875 3105
114	226895	1.0	1	223833 3062
115	214349	1.0	1	211461 2888
116	213843	1.0	1	211107 2736
117	215617	1.0	1	212737 2880
118	209835	1.0	1	207209 2626
119	221812	1.0	1	218929 2883
120	247695	1.0	1	244528 3167
121	260314	1.0	1	257245 3069
122	261947	1.0	1	258778 3169
123	274555	1.0	1	271399 3156
124	258990	1.0	1	255960 3030
125	233419	1.0	1	230698 2721
126	225360	1.0	1	222653 2707
127	190866	1.0	1	188586 2280
128	165727	1.0	1	163785 1942
129	143292	1.0	1	141562 1730
130	111165	1.0	1	109910 1255
131	64699	1.0	1	63900 799
132	29240	1.0	1	28928 312
133	9621	1.0	1	9486 135
134	2282	1.0	1	2231 51
135	402	1.0	1	362 40
136	134	1.0	1	111 23
137	40	1.0	1	24 16
138	127	1.0	1	105 22
139	42	1.0	1	15 27
140	56	1.0	1	37 19
141	95	1.0	1	65 30
142	31	1.0	1	13 18
143	486	1.0	1	468 18
144	61	1.0	1	28 33
145	53	1.0	1	15 38
146	51	1.0	1	26 25
147	132	1.0	1	93 39
148	55	1.0	1	18 37
149	183	1.0	1	59 124
150	2817	1.0	1	608 2209

