This is cutadapt 1.18 with Python 3.7.11
Command line parameters: -j 1 -a AGATCGGAAGAGC -A AGATCGGAAGAGC --trim-n -m 50 -q 20,20 -o /home1/gyang/work_space/4.ProjectET/batch28_cr/2.cutdata/TE_Cdx2_rep2.R1_cut.fq -p /home1/gyang/work_space/4.ProjectET/batch28_cr/2.cutdata/TE_Cdx2_rep2.R2_cut.fq TE_Cdx2_rep2.R1.fq.gz TE_Cdx2_rep2.R2.fq.gz
Processing reads on 1 core in paired-end mode ...
Finished in 5237.64 s (77 us/read; 0.78 M reads/minute).

=== Summary ===

Total read pairs processed:         68,155,356
  Read 1 with adapter:              24,661,159 (36.2%)
  Read 2 with adapter:              21,996,250 (32.3%)
Pairs that were too short:           8,154,403 (12.0%)
Pairs written (passing filters):    60,000,953 (88.0%)

Total basepairs processed: 20,446,606,800 bp
  Read 1: 10,223,303,400 bp
  Read 2: 10,223,303,400 bp
Quality-trimmed:              66,852,652 bp (0.3%)
  Read 1:    25,348,785 bp
  Read 2:    41,503,867 bp
Total written (filtered):  16,443,549,939 bp (80.4%)
  Read 1: 8,223,091,598 bp
  Read 2: 8,220,458,341 bp

=== First read: Adapter 1 ===

Sequence: AGATCGGAAGAGC; Type: regular 3'; Length: 13; Trimmed: 24661159 times.

No. of allowed errors:
0-9 bp: 0; 10-13 bp: 1

Bases preceding removed adapters:
  A: 15.0%
  C: 14.5%
  G: 24.7%
  T: 34.8%
  none/other: 11.0%

Overview of removed sequences
length	count	expect	max.err	error counts
3	1277831	1064927.4	0	1277831
4	397988	266231.9	0	397988
5	244389	66558.0	0	244389
6	187168	16639.5	0	187168
7	189709	4159.9	0	189709
8	199932	1040.0	0	199932
9	192361	260.0	0	190555 1806
10	189620	65.0	1	182613 7007
11	188863	16.2	1	177633 11230
12	171274	4.1	1	162028 9246
13	158239	1.0	1	149590 8649
14	173358	1.0	1	162945 10413
15	174917	1.0	1	165133 9784
16	190047	1.0	1	177904 12143
17	224811	1.0	1	210240 14571
18	218898	1.0	1	207648 11250
19	186728	1.0	1	177329 9399
20	178304	1.0	1	168650 9654
21	157606	1.0	1	149122 8484
22	138871	1.0	1	131928 6943
23	135228	1.0	1	127747 7481
24	138101	1.0	1	129056 9045
25	140971	1.0	1	132991 7980
26	154393	1.0	1	146390 8003
27	183158	1.0	1	173207 9951
28	188906	1.0	1	178891 10015
29	212191	1.0	1	199387 12804
30	198362	1.0	1	188737 9625
31	169265	1.0	1	161036 8229
32	152707	1.0	1	145021 7686
33	135864	1.0	1	127965 7899
34	135892	1.0	1	128054 7838
35	124688	1.0	1	118453 6235
36	146394	1.0	1	138021 8373
37	162589	1.0	1	153943 8646
38	187780	1.0	1	178135 9645
39	214422	1.0	1	203961 10461
40	204101	1.0	1	193622 10479
41	179964	1.0	1	170717 9247
42	144922	1.0	1	137387 7535
43	121620	1.0	1	113933 7687
44	122100	1.0	1	113910 8190
45	180296	1.0	1	173433 6863
46	68321	1.0	1	60990 7331
47	129211	1.0	1	123808 5403
48	163939	1.0	1	155345 8594
49	173639	1.0	1	164351 9288
50	169865	1.0	1	160791 9074
51	172040	1.0	1	162430 9610
52	140348	1.0	1	132241 8107
53	109061	1.0	1	102976 6085
54	106297	1.0	1	100234 6063
55	112942	1.0	1	106309 6633
56	105241	1.0	1	98843 6398
57	126597	1.0	1	119304 7293
58	176810	1.0	1	167805 9005
59	165572	1.0	1	155437 10135
60	191517	1.0	1	182762 8755
61	162361	1.0	1	153855 8506
62	153295	1.0	1	145557 7738
63	132913	1.0	1	126706 6207
64	114244	1.0	1	108248 5996
65	83018	1.0	1	77204 5814
66	177636	1.0	1	171095 6541
67	186226	1.0	1	176477 9749
68	292246	1.0	1	281590 10656
69	165806	1.0	1	154393 11413
70	134566	1.0	1	126548 8018
71	42309	1.0	1	37745 4564
72	50458	1.0	1	47697 2761
73	93771	1.0	1	90393 3378
74	108279	1.0	1	103856 4423
75	115113	1.0	1	109948 5165
76	114468	1.0	1	109027 5441
77	117021	1.0	1	111175 5846
78	125606	1.0	1	119576 6030
79	137678	1.0	1	131046 6632
80	164092	1.0	1	156310 7782
81	177434	1.0	1	169247 8187
82	164241	1.0	1	156490 7751
83	145335	1.0	1	138394 6941
84	136493	1.0	1	129865 6628
85	131011	1.0	1	124408 6603
86	128346	1.0	1	121858 6488
87	132752	1.0	1	126265 6487
88	134007	1.0	1	126834 7173
89	148819	1.0	1	141509 7310
90	167804	1.0	1	159604 8200
91	173075	1.0	1	164669 8406
92	179308	1.0	1	170375 8933
93	172989	1.0	1	164367 8622
94	170168	1.0	1	161696 8472
95	151764	1.0	1	144033 7731
96	152449	1.0	1	144760 7689
97	145356	1.0	1	137949 7407
98	152878	1.0	1	145003 7875
99	160203	1.0	1	152354 7849
100	169775	1.0	1	161248 8527
101	184594	1.0	1	175623 8971
102	186825	1.0	1	177634 9191
103	182602	1.0	1	173837 8765
104	174078	1.0	1	165726 8352
105	160079	1.0	1	152223 7856
106	149576	1.0	1	142188 7388
107	145777	1.0	1	138422 7355
108	149837	1.0	1	142402 7435
109	158124	1.0	1	150355 7769
110	175416	1.0	1	167007 8409
111	205160	1.0	1	189541 15619
112	198181	1.0	1	188847 9334
113	197489	1.0	1	188359 9130
114	193453	1.0	1	184692 8761
115	177258	1.0	1	169154 8104
116	172217	1.0	1	164364 7853
117	175834	1.0	1	167934 7900
118	168851	1.0	1	161127 7724
119	179130	1.0	1	171461 7669
120	201829	1.0	1	193122 8707
121	213077	1.0	1	204283 8794
122	212728	1.0	1	203971 8757
123	219087	1.0	1	210266 8821
124	202722	1.0	1	194539 8183
125	178328	1.0	1	171349 6979
126	170579	1.0	1	163938 6641
127	144409	1.0	1	139049 5360
128	125902	1.0	1	121305 4597
129	110023	1.0	1	106202 3821
130	86294	1.0	1	83330 2964
131	50256	1.0	1	48640 1616
132	22137	1.0	1	21390 747
133	7192	1.0	1	6893 299
134	1665	1.0	1	1556 109
135	286	1.0	1	241 45
136	119	1.0	1	87 32
137	51	1.0	1	18 33
138	137	1.0	1	109 28
139	54	1.0	1	8 46
140	68	1.0	1	22 46
141	203	1.0	1	150 53
142	56	1.0	1	14 42
143	405	1.0	1	345 60
144	85	1.0	1	30 55
145	109	1.0	1	13 96
146	125	1.0	1	30 95
147	385	1.0	1	41 344
148	1072	1.0	1	12 1060
149	11708	1.0	1	23 11685
150	2714046	1.0	1	855 2713191

=== Second read: Adapter 2 ===

Sequence: AGATCGGAAGAGC; Type: regular 3'; Length: 13; Trimmed: 21996250 times.

No. of allowed errors:
0-9 bp: 0; 10-13 bp: 1

Bases preceding removed adapters:
  A: 16.7%
  C: 15.9%
  G: 27.9%
  T: 39.5%
  none/other: 0.0%

Overview of removed sequences
length	count	expect	max.err	error counts
3	1297983	1064927.4	0	1297983
4	397592	266231.9	0	397592
5	240659	66558.0	0	240659
6	186990	16639.5	0	186990
7	196121	4159.9	0	196121
8	211177	1040.0	0	211177
9	178109	260.0	0	176929 1180
10	196880	65.0	1	188997 7883
11	186172	16.2	1	177168 9004
12	175847	4.1	1	167435 8412
13	159775	1.0	1	153533 6242
14	182867	1.0	1	173996 8871
15	166854	1.0	1	160488 6366
16	191173	1.0	1	184002 7171
17	243466	1.0	1	233829 9637
18	184219	1.0	1	177570 6649
19	258706	1.0	1	248739 9967
20	147062	1.0	1	141114 5948
21	142155	1.0	1	136516 5639
22	135221	1.0	1	130050 5171
23	138613	1.0	1	132806 5807
24	324664	1.0	1	312697 11967
25	121512	1.0	1	116597 4915
26	124190	1.0	1	119357 4833
27	116314	1.0	1	108994 7320
28	325422	1.0	1	317669 7753
29	69799	1.0	1	63256 6543
30	308143	1.0	1	300419 7724
31	94423	1.0	1	87550 6873
32	481145	1.0	1	472217 8928
33	130953	1.0	1	125338 5615
34	44430	1.0	1	40707 3723
35	225520	1.0	1	220965 4555
36	97184	1.0	1	93616 3568
37	82831	1.0	1	79270 3561
38	139911	1.0	1	136154 3757
39	109634	1.0	1	105870 3764
40	104331	1.0	1	100546 3785
41	168963	1.0	1	164245 4718
42	184295	1.0	1	179782 4513
43	80745	1.0	1	77459 3286
44	121823	1.0	1	117440 4383
45	274938	1.0	1	270213 4725
46	96514	1.0	1	92645 3869
47	118789	1.0	1	114716 4073
48	255869	1.0	1	250168 5701
49	179434	1.0	1	174698 4736
50	105143	1.0	1	100891 4252
51	237608	1.0	1	231656 5952
52	272177	1.0	1	266526 5651
53	167016	1.0	1	162802 4214
54	126439	1.0	1	122676 3763
55	167322	1.0	1	163826 3496
56	108292	1.0	1	105022 3270
57	149513	1.0	1	146242 3271
58	155538	1.0	1	152202 3336
59	124382	1.0	1	121382 3000
60	90236	1.0	1	87798 2438
61	69272	1.0	1	67149 2123
62	62423	1.0	1	60593 1830
63	64225	1.0	1	62308 1917
64	84861	1.0	1	82665 2196
65	86723	1.0	1	84427 2296
66	95409	1.0	1	93037 2372
67	99092	1.0	1	96550 2542
68	117761	1.0	1	114812 2949
69	141927	1.0	1	138463 3464
70	159600	1.0	1	155584 4016
71	176116	1.0	1	171918 4198
72	156235	1.0	1	152263 3972
73	143946	1.0	1	140437 3509
74	128807	1.0	1	125568 3239
75	123355	1.0	1	120378 2977
76	116996	1.0	1	114058 2938
77	117816	1.0	1	114792 3024
78	127400	1.0	1	124374 3026
79	136749	1.0	1	133426 3323
80	162964	1.0	1	159131 3833
81	176619	1.0	1	172880 3739
82	160017	1.0	1	156255 3762
83	143156	1.0	1	139717 3439
84	134579	1.0	1	131373 3206
85	129232	1.0	1	126001 3231
86	129159	1.0	1	126017 3142
87	136562	1.0	1	133285 3277
88	138936	1.0	1	135663 3273
89	148868	1.0	1	145339 3529
90	165169	1.0	1	161225 3944
91	169196	1.0	1	165224 3972
92	174468	1.0	1	170419 4049
93	170810	1.0	1	167007 3803
94	168185	1.0	1	164514 3671
95	151214	1.0	1	147738 3476
96	152801	1.0	1	149311 3490
97	143410	1.0	1	140071 3339
98	150916	1.0	1	147464 3452
99	157118	1.0	1	153608 3510
100	167747	1.0	1	164090 3657
101	180714	1.0	1	176854 3860
102	182449	1.0	1	178551 3898
103	177895	1.0	1	174040 3855
104	171191	1.0	1	167509 3682
105	157652	1.0	1	154258 3394
106	148789	1.0	1	145649 3140
107	145647	1.0	1	142590 3057
108	149910	1.0	1	146637 3273
109	158409	1.0	1	155097 3312
110	173624	1.0	1	170203 3421
111	197823	1.0	1	193920 3903
112	196938	1.0	1	193169 3769
113	198171	1.0	1	194488 3683
114	194658	1.0	1	191058 3600
115	177806	1.0	1	174407 3399
116	174196	1.0	1	171015 3181
117	174317	1.0	1	171089 3228
118	168095	1.0	1	165178 2917
119	177733	1.0	1	174709 3024
120	200746	1.0	1	197238 3508
121	212503	1.0	1	208747 3756
122	211455	1.0	1	207931 3524
123	218264	1.0	1	214669 3595
124	202614	1.0	1	199388 3226
125	178336	1.0	1	175537 2799
126	170694	1.0	1	168005 2689
127	144538	1.0	1	142209 2329
128	125967	1.0	1	123996 1971
129	110154	1.0	1	108456 1698
130	86258	1.0	1	84934 1324
131	50251	1.0	1	49496 755
132	22104	1.0	1	21793 311
133	7164	1.0	1	7045 119
134	1662	1.0	1	1612 50
135	292	1.0	1	249 43
136	116	1.0	1	93 23
137	47	1.0	1	22 25
138	139	1.0	1	113 26
139	48	1.0	1	9 39
140	38	1.0	1	23 15
141	176	1.0	1	150 26
142	40	1.0	1	16 24
143	380	1.0	1	354 26
144	47	1.0	1	28 19
145	42	1.0	1	14 28
146	50	1.0	1	29 21
147	69	1.0	1	42 27
148	51	1.0	1	13 38
149	149	1.0	1	61 88
150	2917	1.0	1	892 2025

