
	Position file = TE_Cdx2_rep2_peaks.narrowPeak
	Genome = mm10
	Output Directory = /home1/gyang/work_space/4.ProjectET/batch28_cr/7.Peak_anno/TE_Cdx2_rep2_peakAnalysis
	Using actual sizes of regions (-size given)
	Fragment size set to given
	Using 7 CPUs
	Motif length set at 8,
	Found mset for "mouse", will check against vertebrates motifs
	Peak/BED file conversion summary:
		BED/Header formatted lines: 29063
		peakfile formatted lines: 0

	Peak File Statistics:
		Total Peaks: 29063
		Redundant Peak IDs: 0
		Peaks lacking information: 0 (need at least 5 columns per peak)
		Peaks with misformatted coordinates: 0 (should be integer)
		Peaks with misformatted strand: 0 (should be either +/- or 0/1)

	Peak file looks good!

	Background fragment size set to 496 (avg size of targets)
	Could not find background files for 496 bp fragments
	Below are the sizes that are already available prepared.
		133
		200
		224
		283
		330
		332
		342
		345
		354
		356
		360
		367
		368
		369
		370
		373
		378
		381
		384
		385
		387
		390
		391
		392
		393
		400
		405
		410
		411
		416
		418
		419
		420
		422
		423
		424
		428
		433
		436
		438
		439
		442
		443
		444
		445
		447
		448
		449
		451
		454
		455
		456
		457
		461
		463
		465
		467
		468
		471
		472
		475
		476
		478
		479
		486
		487
		489
		497
		502
		504
		510
		511
		514
		518
		519
		521
		523
		525
		526
		533
		534
		536
		539
		543
		545
		550
		559
		560
		561
		562
		563
		564
		565
		566
		567
		570
		571
		572
		576
		583
		584
		586
		588
		589
		590
		595
		596
		598
		603
		607
		611
		622
		623
		624
		631
		637
		644
		648
		664
		665
		667
		671
		674
		676
		677
		685
		694
		698
		703
		704
		709
		712
		716
		724
		735
		736
		739
		740
		741
		743
		747
		758
		780
		783
		786
		789
		815
		828
		838
		843
		848
		867
		892
		917
		926
		951
		956
		972
		973
		998
		999
		1016
		1032
		1041
		1078
		1142
		1165
		1178
		1222
		1249
		1259
		1262
		1288
		1296
		1332
		1376
		1406
		1410
		1418
		1448
		1455
		1499
		1547
		1575
		1619
		1623
		1848
		1925
		1930
		1959
		2017
		2116
		2151
		2488
		2499
		3187
		3207
		3228
		3257
		3278
		5196
		5251
		5278
		7879
		7974
		41360
	HOMER will now create background files for 496 bp fragments
	To CANCEL and rerun with a differet "-size <#>", hit <CTRL+C> now!
		5
		4
		3
		2
		1
	Preparsing genome for 496 bp fragments...(will probably take 1-5 min)
	preparse size set to 496

	By default, using /home1/homer/.//data/genomes/mm10//mm10.tss for reference positions
	Output files will be placed in /home1/homer/.//data/genomes/mm10//preparsed//mm10.496.* ...
	By default, HOMER will set the the preparsed Directory to be group read/write
chmod: changing permissions of ‘/home1/homer/.//data/genomes/mm10//preparsed/’: Operation not permitted
	Extracting sequences
	Custom genome sequence directory: /home1/homer/.//data/genomes/mm10//

	Extracting sequences from directory: /home1/homer/.//data/genomes/mm10//
	Extracting 77812 sequences from chr1
	Extracting 94117 sequences from chr2
	Extracting 63233 sequences from chr3
	Extracting 71020 sequences from chr4
	Extracting 72925 sequences from chr5
	Extracting 69220 sequences from chr6
	Extracting 87237 sequences from chr7
	Extracting 53855 sequences from chr8
	Extracting 64998 sequences from chr9
	Extracting 59680 sequences from chr10
	Extracting 70565 sequences from chr11
	Extracting 43781 sequences from chr12
	Extracting 51682 sequences from chr13
	Extracting 47535 sequences from chr14
	Extracting 43999 sequences from chr15
	Extracting 41412 sequences from chr16
	Extracting 49496 sequences from chr17
	Extracting 35681 sequences from chr18
	Extracting 34187 sequences from chr19
	Extracting 66809 sequences from chrX
	Extracting 10768 sequences from chrY
	Extracting 89 sequences from chr1_GL456211_random
	Extracting 175 sequences from chr1_GL456221_random
	Extracting 58 sequences from chr4_GL456216_random
	Extracting 280 sequences from chr4_GL456350_random
	Extracting 47 sequences from chr4_JH584292_random
	Extracting 171 sequences from chr4_JH584293_random
	Extracting 185 sequences from chr4_JH584294_random
	Extracting 209 sequences from chr5_GL456354_random
	Extracting 98 sequences from chr5_JH584296_random
	Extracting 86 sequences from chr5_JH584297_random
	Extracting 163 sequences from chr5_JH584298_random
	Extracting 386 sequences from chr5_JH584299_random
	Extracting 128 sequences from chr7_GL456219_random
	Extracting 92 sequences from chrUn_JH584304
	Extracting 297 sequences from chrX_GL456233_random
		3127 of 1212343 removed because they had >70.00% Ns (i.e. masked repeats)

	Sequences processed:
		Auto detected maximum sequence length of 497 bp
		100000
		200000
		300000
		400000
		500000
		600000
		700000
		800000
		900000
		1000000
		1100000
		1200000
		1209216 total

	Frequency Bins: 0.01 0.02 0.03 0.04 0.05 0.06 0.08 0.1 0.12 0.14 0.16
	Freq	Bin	Count
	0.01	0	690116
	0.02	1	375307
	0.03	2	84787
	0.04	3	22037
	0.05	4	9136
	0.06	5	6103
	0.08	6	8640
	0.1	7	5904
	0.12	8	3749
	0.14	9	2066
	0.16	10	990
	11	11	381
	Frequency Bins: 0.2 0.25 0.3 0.35 0.4 0.45 0.5 0.6 0.7 0.8
	Freq	Bin	Count
	0.2	0	81
	0.25	1	1403
	0.3	2	18326
	0.35	3	88928
	0.4	4	250301
	0.45	5	350282
	0.5	6	294731
	0.6	7	179411
	0.7	8	19779
	0.8	9	5653
	10	10	321

	Custom genome sequence directory: /home1/homer/.//data/genomes/mm10//

	Extracting sequences from directory: /home1/homer/.//data/genomes/mm10//
	Extracting 1847 sequences from chr1
	Extracting 2273 sequences from chr2
	Extracting 1443 sequences from chr3
	Extracting 2050 sequences from chr4
	Extracting 1909 sequences from chr5
	Extracting 1603 sequences from chr6
	Extracting 1875 sequences from chr7
	Extracting 1351 sequences from chr8
	Extracting 1765 sequences from chr9
	Extracting 1405 sequences from chr10
	Extracting 2173 sequences from chr11
	Extracting 1164 sequences from chr12
	Extracting 1228 sequences from chr13
	Extracting 1042 sequences from chr14
	Extracting 1183 sequences from chr15
	Extracting 1077 sequences from chr16
	Extracting 1170 sequences from chr17
	Extracting 906 sequences from chr18
	Extracting 1014 sequences from chr19
	Extracting 580 sequences from chrX
	Extracting 2 sequences from chrY
	Extracting 3 sequences from chrM

	Not removing redundant sequences


	Sequences processed:
		Auto detected maximum sequence length of 230 bp
		29063 total

	Frequency Bins: 0.2 0.25 0.3 0.35 0.4 0.45 0.5 0.6 0.7 0.8
	Freq	Bin	Count
	0.25	1	5
	0.3	2	66
	0.35	3	550
	0.4	4	2559
	0.45	5	6827
	0.5	6	8394
	0.6	7	7493
	0.7	8	2438
	0.8	9	713
	10	10	18

	Total sequences set to 58126

	Choosing background that matches in CpG/GC content...
	Bin	# Targets	# Background	Background Weight
	1	5	5	1.000
	2	66	66	1.000
	3	550	550	1.000
	4	2559	2559	1.000
	5	6827	6827	1.000
	6	8394	8394	1.000
	7	7493	7493	1.000
	8	2438	2438	1.000
	9	713	713	1.000
	10	18	18	1.000
	Assembling sequence file...
	Normalizing lower order oligos using homer2

	Reading input files...
	58126 total sequences read
	Autonormalization: 1-mers (4 total)
		A	25.51%	25.69%	0.993
		C	24.49%	24.31%	1.008
		G	24.49%	24.31%	1.008
		T	25.51%	25.69%	0.993
	Autonormalization: 2-mers (16 total)
		AA	7.39%	7.12%	1.037
		CA	7.29%	7.55%	0.966
		GA	6.21%	6.33%	0.981
		TA	4.57%	4.68%	0.976
		AC	5.34%	5.33%	1.002
		CC	7.04%	7.00%	1.005
		GC	5.94%	5.65%	1.051
		TC	6.21%	6.33%	0.981
		AG	7.77%	7.83%	0.993
		CG	2.37%	1.93%	1.228
		GG	7.04%	7.00%	1.005
		TG	7.29%	7.55%	0.966
		AT	5.04%	5.41%	0.931
		CT	7.77%	7.83%	0.993
		GT	5.34%	5.33%	1.002
		TT	7.39%	7.12%	1.037
	Autonormalization: 3-mers (64 total)
	Normalization weights can be found in file: /home1/gyang/work_space/4.ProjectET/batch28_cr/7.Peak_anno/TE_Cdx2_rep2_peakAnalysis/seq.autonorm.tsv
	Converging on autonormalization solution:
	...............................................................................
	Final normalization:	Autonormalization: 1-mers (4 total)
		A	25.51%	25.50%	1.000
		C	24.49%	24.50%	1.000
		G	24.49%	24.50%	1.000
		T	25.51%	25.50%	1.000
	Autonormalization: 2-mers (16 total)
		AA	7.39%	7.31%	1.010
		CA	7.29%	7.35%	0.993
		GA	6.21%	6.24%	0.995
		TA	4.57%	4.59%	0.996
		AC	5.34%	5.29%	1.009
		CC	7.04%	7.06%	0.997
		GC	5.94%	5.91%	1.005
		TC	6.21%	6.24%	0.995
		AG	7.77%	7.74%	1.004
		CG	2.37%	2.36%	1.007
		GG	7.04%	7.06%	0.997
		TG	7.29%	7.35%	0.993
		AT	5.04%	5.16%	0.977
		CT	7.77%	7.74%	1.004
		GT	5.34%	5.29%	1.009
		TT	7.39%	7.31%	1.010
	Autonormalization: 3-mers (64 total)
	Finished preparing sequence/group files

	----------------------------------------------------------
	Known motif enrichment

	Reading input files...
	58126 total sequences read
	440 motifs loaded
	Cache length = 11180
	Using binomial scoring
	Checking enrichment of 440 motif(s)
	|0%                                    50%                                  100%|
	=================================================================================
	Preparing HTML output with sequence logos...
		1 of 440 (1e-239) CDX4(Homeobox)/ZebrafishEmbryos-Cdx4.Myc-ChIP-Seq(GSE48254)/Homer
		2 of 440 (1e-212) Klf4(Zf)/mES-Klf4-ChIP-Seq(GSE11431)/Homer
		3 of 440 (1e-192) Cdx2(Homeobox)/mES-Cdx2-ChIP-Seq(GSE14586)/Homer
		4 of 440 (1e-165) KLF3(Zf)/MEF-Klf3-ChIP-Seq(GSE44748)/Homer
		5 of 440 (1e-157) KLF1(Zf)/HUDEP2-KLF1-CutnRun(GSE136251)/Homer
		6 of 440 (1e-153) EKLF(Zf)/Erythrocyte-Klf1-ChIP-Seq(GSE20478)/Homer
		7 of 440 (1e-132) Gata1(Zf)/K562-GATA1-ChIP-Seq(GSE18829)/Homer
		8 of 440 (1e-129) KLF5(Zf)/LoVo-KLF5-ChIP-Seq(GSE49402)/Homer
		9 of 440 (1e-126) TEAD4(TEA)/Tropoblast-Tead4-ChIP-Seq(GSE37350)/Homer
		10 of 440 (1e-125) TEAD1(TEAD)/HepG2-TEAD1-ChIP-Seq(Encode)/Homer
		11 of 440 (1e-124) Gata2(Zf)/K562-GATA2-ChIP-Seq(GSE18829)/Homer
		12 of 440 (1e-113) TEAD(TEA)/Fibroblast-PU.1-ChIP-Seq(Unpublished)/Homer
		13 of 440 (1e-101) Unknown(Homeobox)/Limb-p300-ChIP-Seq/Homer
		14 of 440 (1e-98) TEAD2(TEA)/Py2T-Tead2-ChIP-Seq(GSE55709)/Homer
		15 of 440 (1e-95) AP-2alpha(AP2)/Hela-AP2alpha-ChIP-Seq(GSE31477)/Homer
		16 of 440 (1e-94) HOXB13(Homeobox)/ProstateTumor-HOXB13-ChIP-Seq(GSE56288)/Homer
		17 of 440 (1e-92) KLF6(Zf)/PDAC-KLF6-ChIP-Seq(GSE64557)/Homer
		18 of 440 (1e-90) Gata6(Zf)/HUG1N-GATA6-ChIP-Seq(GSE51936)/Homer
		19 of 440 (1e-90) Gata4(Zf)/Heart-Gata4-ChIP-Seq(GSE35151)/Homer
		20 of 440 (1e-86) AP-2gamma(AP2)/MCF7-TFAP2C-ChIP-Seq(GSE21234)/Homer
		21 of 440 (1e-80) TEAD3(TEA)/HepG2-TEAD3-ChIP-Seq(Encode)/Homer
		22 of 440 (1e-80) Klf9(Zf)/GBM-Klf9-ChIP-Seq(GSE62211)/Homer
		23 of 440 (1e-62) Sp1(Zf)/Promoter/Homer
		24 of 440 (1e-56) Sp2(Zf)/HEK293-Sp2.eGFP-ChIP-Seq(Encode)/Homer
		25 of 440 (1e-55) Sp5(Zf)/mES-Sp5.Flag-ChIP-Seq(GSE72989)/Homer
		26 of 440 (1e-52) SF1(NR)/H295R-Nr5a1-ChIP-Seq(GSE44220)/Homer
		27 of 440 (1e-47) Nr5a2(NR)/mES-Nr5a2-ChIP-Seq(GSE19019)/Homer
		28 of 440 (1e-41) GATA3(Zf)/iTreg-Gata3-ChIP-Seq(GSE20898)/Homer
		29 of 440 (1e-41) KLF10(Zf)/HEK293-KLF10.GFP-ChIP-Seq(GSE58341)/Homer
		30 of 440 (1e-41) Hoxc9(Homeobox)/Ainv15-Hoxc9-ChIP-Seq(GSE21812)/Homer
		31 of 440 (1e-41) Hoxd10(Homeobox)/ChickenMSG-Hoxd10.Flag-ChIP-Seq(GSE86088)/Homer
		32 of 440 (1e-39) CTCF(Zf)/CD4+-CTCF-ChIP-Seq(Barski_et_al.)/Homer
		33 of 440 (1e-38) Nr5a2(NR)/Pancreas-LRH1-ChIP-Seq(GSE34295)/Homer
		34 of 440 (1e-35) Usf2(bHLH)/C2C12-Usf2-ChIP-Seq(GSE36030)/Homer
		35 of 440 (1e-34) ELF1(ETS)/Jurkat-ELF1-ChIP-Seq(SRA014231)/Homer
		36 of 440 (1e-34) Elk1(ETS)/Hela-Elk1-ChIP-Seq(GSE31477)/Homer
		37 of 440 (1e-33) Elk4(ETS)/Hela-Elk4-ChIP-Seq(GSE31477)/Homer
		38 of 440 (1e-30) GATA(Zf),IR3/iTreg-Gata3-ChIP-Seq(GSE20898)/Homer
		39 of 440 (1e-30) GATA(Zf),IR4/iTreg-Gata3-ChIP-Seq(GSE20898)/Homer
		40 of 440 (1e-29) Esrrb(NR)/mES-Esrrb-ChIP-Seq(GSE11431)/Homer
		41 of 440 (1e-28) TFE3(bHLH)/MEF-TFE3-ChIP-Seq(GSE75757)/Homer
		42 of 440 (1e-26) Ronin(THAP)/ES-Thap11-ChIP-Seq(GSE51522)/Homer
		43 of 440 (1e-24) bHLHE40(bHLH)/HepG2-BHLHE40-ChIP-Seq(GSE31477)/Homer
		44 of 440 (1e-24) ETS(ETS)/Promoter/Homer
		45 of 440 (1e-23) ERRg(NR)/Kidney-ESRRG-ChIP-Seq(GSE104905)/Homer
		46 of 440 (1e-22) RARg(NR)/ES-RARg-ChIP-Seq(GSE30538)/Homer
		47 of 440 (1e-22) BORIS(Zf)/K562-CTCFL-ChIP-Seq(GSE32465)/Homer
		48 of 440 (1e-22) E-box(bHLH)/Promoter/Homer
		49 of 440 (1e-22) KLF14(Zf)/HEK293-KLF14.GFP-ChIP-Seq(GSE58341)/Homer
		50 of 440 (1e-22) RAR:RXR(NR),DR0/ES-RAR-ChIP-Seq(GSE56893)/Homer
		51 of 440 (1e-21) Hoxd13(Homeobox)/ChickenMSG-Hoxd13.Flag-ChIP-Seq(GSE86088)/Homer
		52 of 440 (1e-20) E2F7(E2F)/Hela-E2F7-ChIP-Seq(GSE32673)/Homer
		53 of 440 (1e-19) E2F4(E2F)/K562-E2F4-ChIP-Seq(GSE31477)/Homer
		54 of 440 (1e-19) Fosl2(bZIP)/3T3L1-Fosl2-ChIP-Seq(GSE56872)/Homer
		55 of 440 (1e-18) Jun-AP1(bZIP)/K562-cJun-ChIP-Seq(GSE31477)/Homer
		56 of 440 (1e-18) STAT5(Stat)/mCD4+-Stat5-ChIP-Seq(GSE12346)/Homer
		57 of 440 (1e-18) Foxo3(Forkhead)/U2OS-Foxo3-ChIP-Seq(E-MTAB-2701)/Homer
		58 of 440 (1e-18) USF1(bHLH)/GM12878-Usf1-ChIP-Seq(GSE32465)/Homer
		59 of 440 (1e-18) Fra2(bZIP)/Striatum-Fra2-ChIP-Seq(GSE43429)/Homer
		60 of 440 (1e-16) Fos(bZIP)/TSC-Fos-ChIP-Seq(GSE110950)/Homer
		61 of 440 (1e-16) GFY(?)/Promoter/Homer
		62 of 440 (1e-16) Stat3(Stat)/mES-Stat3-ChIP-Seq(GSE11431)/Homer
		63 of 440 (1e-15) TRPS1(Zf)/MCF7-TRPS1-ChIP-Seq(GSE107013)/Homer
		64 of 440 (1e-14) MITF(bHLH)/MastCells-MITF-ChIP-Seq(GSE48085)/Homer
		65 of 440 (1e-14) ELF5(ETS)/T47D-ELF5-ChIP-Seq(GSE30407)/Homer
		66 of 440 (1e-13) GRHL2(CP2)/HBE-GRHL2-ChIP-Seq(GSE46194)/Homer
		67 of 440 (1e-13) Atf3(bZIP)/GBM-ATF3-ChIP-Seq(GSE33912)/Homer
		68 of 440 (1e-13) Arnt:Ahr(bHLH)/MCF7-Arnt-ChIP-Seq(Lo_et_al.)/Homer
		69 of 440 (1e-12) Tcfcp2l1(CP2)/mES-Tcfcp2l1-ChIP-Seq(GSE11431)/Homer
		70 of 440 (1e-12) GFY-Staf(?,Zf)/Promoter/Homer
		71 of 440 (1e-11) E2F1(E2F)/Hela-E2F1-ChIP-Seq(GSE22478)/Homer
		72 of 440 (1e-11) c-Myc(bHLH)/LNCAP-cMyc-ChIP-Seq(Unpublished)/Homer
		73 of 440 (1e-11) Fra1(bZIP)/BT549-Fra1-ChIP-Seq(GSE46166)/Homer
		74 of 440 (1e-11) AP-1(bZIP)/ThioMac-PU.1-ChIP-Seq(GSE21512)/Homer
		75 of 440 (1e-11) GATA:SCL(Zf,bHLH)/Ter119-SCL-ChIP-Seq(GSE18720)/Homer
		76 of 440 (1e-11) Nrf2(bZIP)/Lymphoblast-Nrf2-ChIP-Seq(GSE37589)/Homer
		77 of 440 (1e-10) Hoxb4(Homeobox)/ES-Hoxb4-ChIP-Seq(GSE34014)/Homer
		78 of 440 (1e-10) NFkB-p65-Rel(RHD)/ThioMac-LPS-Expression(GSE23622)/Homer
		79 of 440 (1e-10) BATF(bZIP)/Th17-BATF-ChIP-Seq(GSE39756)/Homer
		80 of 440 (1e-10) NRF1(NRF)/MCF7-NRF1-ChIP-Seq(Unpublished)/Homer
		81 of 440 (1e-10) JunB(bZIP)/DendriticCells-Junb-ChIP-Seq(GSE36099)/Homer
		82 of 440 (1e-10) CLOCK(bHLH)/Liver-Clock-ChIP-Seq(GSE39860)/Homer
		83 of 440 (1e-10) FOXP1(Forkhead)/H9-FOXP1-ChIP-Seq(GSE31006)/Homer
		84 of 440 (1e-9) ELF3(ETS)/PDAC-ELF3-ChIP-Seq(GSE64557)/Homer
		85 of 440 (1e-9) GABPA(ETS)/Jurkat-GABPa-ChIP-Seq(GSE17954)/Homer
		86 of 440 (1e-9) Elf4(ETS)/BMDM-Elf4-ChIP-Seq(GSE88699)/Homer
		87 of 440 (1e-8) Maz(Zf)/HepG2-Maz-ChIP-Seq(GSE31477)/Homer
		88 of 440 (1e-8) Bach2(bZIP)/OCILy7-Bach2-ChIP-Seq(GSE44420)/Homer
		89 of 440 (1e-8) NFE2L2(bZIP)/HepG2-NFE2L2-ChIP-Seq(Encode)/Homer
		90 of 440 (1e-8) NRF(NRF)/Promoter/Homer
		91 of 440 (1e-8) ZNF652/HepG2-ZNF652.Flag-ChIP-Seq(Encode)/Homer
		92 of 440 (1e-8) ETV4(ETS)/HepG2-ETV4-ChIP-Seq(ENCODE)/Homer
		93 of 440 (1e-8) CRE(bZIP)/Promoter/Homer
		94 of 440 (1e-8) NFIL3(bZIP)/HepG2-NFIL3-ChIP-Seq(Encode)/Homer
		95 of 440 (1e-7) Bach1(bZIP)/K562-Bach1-ChIP-Seq(GSE31477)/Homer
		96 of 440 (1e-7) STAT1(Stat)/HelaS3-STAT1-ChIP-Seq(GSE12782)/Homer
		97 of 440 (1e-7) RORa(NR)/Liver-Rora-ChIP-Seq(GSE101115)/Homer
		98 of 440 (1e-7) DLX5(Homeobox)/BasalGanglia-Dlx5-ChIP-seq(GSE124936)/Homer
		99 of 440 (1e-7) EAR2(NR)/K562-NR2F6-ChIP-Seq(Encode)/Homer
		100 of 440 (1e-7) Zfp281(Zf)/ES-Zfp281-ChIP-Seq(GSE81042)/Homer
		101 of 440 (1e-7) Fli1(ETS)/CD8-FLI-ChIP-Seq(GSE20898)/Homer
		102 of 440 (1e-6) MYNN(Zf)/HEK293-MYNN.eGFP-ChIP-Seq(Encode)/Homer
		103 of 440 (1e-6) SPDEF(ETS)/VCaP-SPDEF-ChIP-Seq(SRA014231)/Homer
		104 of 440 (1e-6) COUP-TFII(NR)/K562-NR2F1-ChIP-Seq(Encode)/Homer
		105 of 440 (1e-6) STAT4(Stat)/CD4-Stat4-ChIP-Seq(GSE22104)/Homer
		106 of 440 (1e-6) Hoxa11(Homeobox)/ChickenMSG-Hoxa11.Flag-ChIP-Seq(GSE86088)/Homer
		107 of 440 (1e-6) Stat3+il21(Stat)/CD4-Stat3-ChIP-Seq(GSE19198)/Homer
		108 of 440 (1e-6) Otx2(Homeobox)/EpiLC-Otx2-ChIP-Seq(GSE56098)/Homer
		109 of 440 (1e-6) Npas4(bHLH)/Neuron-Npas4-ChIP-Seq(GSE127793)/Homer
		110 of 440 (1e-6) NF-E2(bZIP)/K562-NFE2-ChIP-Seq(GSE31477)/Homer
		111 of 440 (1e-6) Dlx3(Homeobox)/Kerainocytes-Dlx3-ChIP-Seq(GSE89884)/Homer
		112 of 440 (1e-6) LXRE(NR),DR4/RAW-LXRb.biotin-ChIP-Seq(GSE21512)/Homer
		113 of 440 (1e-6) RORg(NR)/Liver-Rorc-ChIP-Seq(GSE101115)/Homer
		114 of 440 (1e-5) Foxh1(Forkhead)/hESC-FOXH1-ChIP-Seq(GSE29422)/Homer
		115 of 440 (1e-5) Nur77(NR)/K562-NR4A1-ChIP-Seq(GSE31363)/Homer
		116 of 440 (1e-5) Fox:Ebox(Forkhead,bHLH)/Panc1-Foxa2-ChIP-Seq(GSE47459)/Homer
		117 of 440 (1e-5) CTCF-SatelliteElement(Zf?)/CD4+-CTCF-ChIP-Seq(Barski_et_al.)/Homer
		118 of 440 (1e-5) GSC(Homeobox)/FrogEmbryos-GSC-ChIP-Seq(DRA000576)/Homer
		119 of 440 (1e-5) EWS:FLI1-fusion(ETS)/SK_N_MC-EWS:FLI1-ChIP-Seq(SRA014231)/Homer
		120 of 440 (1e-5) p53(p53)/mES-cMyc-ChIP-Seq(GSE11431)/Homer
		121 of 440 (1e-5) Foxa2(Forkhead)/Liver-Foxa2-ChIP-Seq(GSE25694)/Homer
		122 of 440 (1e-4) CREB5(bZIP)/LNCaP-CREB5.V5-ChIP-Seq(GSE137775)/Homer
		123 of 440 (1e-4) Pax8(Paired,Homeobox)/Thyroid-Pax8-ChIP-Seq(GSE26938)/Homer
		124 of 440 (1e-4) Etv2(ETS)/ES-ER71-ChIP-Seq(GSE59402)/Homer
		125 of 440 (1e-4) CEBP:AP1(bZIP)/ThioMac-CEBPb-ChIP-Seq(GSE21512)/Homer
		126 of 440 (1e-4) TATA-Box(TBP)/Promoter/Homer
		127 of 440 (1e-4) DMRT1(DM)/Testis-DMRT1-ChIP-Seq(GSE64892)/Homer
		128 of 440 (1e-4) ETS:RUNX(ETS,Runt)/Jurkat-RUNX1-ChIP-Seq(GSE17954)/Homer
		129 of 440 (1e-4) YY1(Zf)/Promoter/Homer
		130 of 440 (1e-4) ERE(NR),IR3/MCF7-ERa-ChIP-Seq(Unpublished)/Homer
		131 of 440 (1e-4) ZBTB33(Zf)/GM12878-ZBTB33-ChIP-Seq(GSE32465)/Homer
		132 of 440 (1e-4) CEBP(bZIP)/ThioMac-CEBPb-ChIP-Seq(GSE21512)/Homer
		133 of 440 (1e-4) c-Jun-CRE(bZIP)/K562-cJun-ChIP-Seq(GSE31477)/Homer
		134 of 440 (1e-4) E2F(E2F)/Hela-CellCycle-Expression/Homer
		135 of 440 (1e-4) CArG(MADS)/PUER-Srf-ChIP-Seq(Sullivan_et_al.)/Homer
		136 of 440 (1e-4) Hoxd11(Homeobox)/ChickenMSG-Hoxd11.Flag-ChIP-Seq(GSE86088)/Homer
		137 of 440 (1e-4) EBF(EBF)/proBcell-EBF-ChIP-Seq(GSE21978)/Homer
		138 of 440 (1e-3) Foxa3(Forkhead)/Liver-Foxa3-ChIP-Seq(GSE77670)/Homer
		139 of 440 (1e-3) ETS:E-box(ETS,bHLH)/HPC7-Scl-ChIP-Seq(GSE22178)/Homer
		140 of 440 (1e-3) Atf1(bZIP)/K562-ATF1-ChIP-Seq(GSE31477)/Homer
		141 of 440 (1e-3) FOXK2(Forkhead)/U2OS-FOXK2-ChIP-Seq(E-MTAB-2204)/Homer
		142 of 440 (1e-3) RFX(HTH)/K562-RFX3-ChIP-Seq(SRA012198)/Homer
		143 of 440 (1e-3) Atf4(bZIP)/MEF-Atf4-ChIP-Seq(GSE35681)/Homer
		144 of 440 (1e-3) DMRT6(DM)/Testis-DMRT6-ChIP-Seq(GSE60440)/Homer
		145 of 440 (1e-3) PAX5(Paired,Homeobox),condensed/GM12878-PAX5-ChIP-Seq(GSE32465)/Homer
		146 of 440 (1e-3) COUP-TFII(NR)/Artia-Nr2f2-ChIP-Seq(GSE46497)/Homer
		147 of 440 (1e-3) Brachyury(T-box)/Mesoendoderm-Brachyury-ChIP-exo(GSE54963)/Homer
		148 of 440 (1e-3) PBX1(Homeobox)/MCF7-PBX1-ChIP-Seq(GSE28007)/Homer
		149 of 440 (1e-3) RORgt(NR)/EL4-RORgt.Flag-ChIP-Seq(GSE56019)/Homer
		150 of 440 (1e-3) RORgt(NR)/EL4-RORgt.Flag-ChIP-Seq(GSE56019)/Homer
		151 of 440 (1e-3) THRa(NR)/C17.2-THRa-ChIP-Seq(GSE38347)/Homer
		152 of 440 (1e-2) Tbet(T-box)/CD8-Tbet-ChIP-Seq(GSE33802)/Homer
		153 of 440 (1e-2) HOXA1(Homeobox)/mES-Hoxa1-ChIP-Seq(SRP084292)/Homer
		154 of 440 (1e-2) RAR:RXR(NR),DR5/ES-RAR-ChIP-Seq(GSE56893)/Homer
		155 of 440 (1e-2) EBF2(EBF)/BrownAdipose-EBF2-ChIP-Seq(GSE97114)/Homer
		156 of 440 (1e-2) FOXK1(Forkhead)/HEK293-FOXK1-ChIP-Seq(GSE51673)/Homer
		157 of 440 (1e-2) p73(p53)/Trachea-p73-ChIP-Seq(PRJNA310161)/Homer
		158 of 440 (1e-2) p63(p53)/Keratinocyte-p63-ChIP-Seq(GSE17611)/Homer
		159 of 440 (1e-2) Atf2(bZIP)/3T3L1-Atf2-ChIP-Seq(GSE56872)/Homer
		160 of 440 (1e-2) E2F6(E2F)/Hela-E2F6-ChIP-Seq(GSE31477)/Homer
		161 of 440 (1e-2) PU.1(ETS)/ThioMac-PU.1-ChIP-Seq(GSE21512)/Homer
		162 of 440 (1e-2) GATA3(Zf),DR4/iTreg-Gata3-ChIP-Seq(GSE20898)/Homer
		163 of 440 (1e-2) JunD(bZIP)/K562-JunD-ChIP-Seq/Homer
		164 of 440 (1e-2) FOXM1(Forkhead)/MCF7-FOXM1-ChIP-Seq(GSE72977)/Homer
		165 of 440 (1e-2) HLF(bZIP)/HSC-HLF.Flag-ChIP-Seq(GSE69817)/Homer
		166 of 440 (1e-2) STAT6(Stat)/Macrophage-Stat6-ChIP-Seq(GSE38377)/Homer
		167 of 440 (1e-2) GATA3(Zf),DR8/iTreg-Gata3-ChIP-Seq(GSE20898)/Homer
		168 of 440 (1e-2) Tbx6(T-box)/ESC-Tbx6-ChIP-Seq(GSE93524)/Homer
		169 of 440 (1e-2) NFkB-p65(RHD)/GM12787-p65-ChIP-Seq(GSE19485)/Homer
		170 of 440 (1e-2) TR4(NR),DR1/Hela-TR4-ChIP-Seq(GSE24685)/Homer
		171 of 440 (1e-2) FXR(NR),IR1/Liver-FXR-ChIP-Seq(Chong_et_al.)/Homer
		172 of 440 (1e-2) THRb(NR)/HepG2-THRb.Flag-ChIP-Seq(Encode)/Homer
		173 of 440 (1e-2) EHF(ETS)/LoVo-EHF-ChIP-Seq(GSE49402)/Homer
		174 of 440 (1e-2) Reverb(NR),DR2/RAW-Reverba.biotin-ChIP-Seq(GSE45914)/Homer
		175 of 440 (1e-2) Rfx2(HTH)/LoVo-RFX2-ChIP-Seq(GSE49402)/Homer
		176 of 440 (1e-2) Tbx21(T-box)/GM12878-TBX21-ChIP-Seq(Encode)/Homer
	----------------------------------------------------------
	De novo motif finding (HOMER)

	Number of Trial motifs (-T) set to 7 (from 10) to work well with 7 CPUs
	Scanning input files...
	Parsing sequences...
	|0%                                   50%                                  100%|
	================================================================================
	Total number of Oligos: 32896
	Autoadjustment for sequence coverage in background: 1.30x

	Oligos: 32896 of 34497 max
	Tree  : 67168 of 172485 max
	Optimizing memory usage...
	Cache length = 11180
	Using binomial scoring

	Global Optimization Phase: Looking for enriched oligos with up to 2 mismatches...

	Screening oligos 32896 (allowing 0 mismatches):
	|0%                                   50%                                  100%|
	================================================================================
		0.00% skipped, 100.00% checked (32896 of 32896), of those checked:
		0.00% not in target, 0.00% increased p-value, 0.00% high p-value

	Screening oligos 32896 (allowing 1 mismatches):
	|0%                                   50%                                  100%|
	================================================================================
		0.00% skipped, 100.00% checked (32896 of 32896), of those checked:
		0.00% not in target, 46.11% increased p-value, 37.87% high p-value

	Screening oligos 32896 (allowing 2 mismatches):
	|0%                                   50%                                  100%|
	================================================================================
		56.77% skipped, 43.23% checked (14221 of 32896), of those checked:
		0.00% not in target, 31.20% increased p-value, 0.00% high p-value
	Reading input files...
	58126 total sequences read
	Cache length = 11180
	Using binomial scoring

	Local Optimization Phase:
	1 of 25 Initial Sequence: TTTATCGC... (-332.978)
		Round 1: -590.12 TTTATSGC T:8492.3(25.34%),B:7080.2(17.33%),P:1e-256
		Round 2: -596.11 TTTATGGY T:4649.5(14.78%),B:3347.4(8.60%),P:1e-258
		Round 3: -596.11 TTTATGGY T:4649.5(14.78%),B:3347.4(8.60%),P:1e-258
		=Final=: -699.92 TTTATGGY T:3279.0(11.28%),B:1604.1(5.60%),P:1e-303
		Performing exhaustive masking of motif...
		Reprioritizing potential motifs...
	2 of 25 Initial Sequence: GGGTGTGG... (-199.720)
		Round 1: -424.92 GGGYGGGG T:16152.2(42.64%),B:15696.0(34.42%),P:1e-184
		Round 2: -424.92 GGGYGGGG T:16152.2(42.64%),B:15696.0(34.42%),P:1e-184
		=Final=: -279.91 GGGYGGGG T:9092.0(31.28%),B:7204.6(25.16%),P:1e-121
		Performing exhaustive masking of motif...
		Reprioritizing potential motifs...
	3 of 25 Initial Sequence: ACATTCCG... (-167.947)
		Round 1: -351.70 ACATTCCG T:5517.1(17.29%),B:4748.2(11.98%),P:1e-152
		Round 2: -406.16 GVATTCCK T:8038.0(24.16%),B:7180.2(17.55%),P:1e-176
		Round 3: -406.16 GVATTCCK T:8038.0(24.16%),B:7180.2(17.55%),P:1e-176
		=Final=: -286.88 GVATTCCK T:6928.0(23.84%),B:5227.3(18.25%),P:1e-124
		Performing exhaustive masking of motif...
		Reprioritizing potential motifs...
	4 of 25 Initial Sequence: GCCTAAGG... (-140.977)
		Round 1: -267.36 GCCTAAGG T:17214.3(44.70%),B:17838.8(38.09%),P:1e-116
		Round 2: -278.43 GCCTNAGG T:12661.7(35.32%),B:12718.5(28.96%),P:1e-120
		Round 3: -278.43 GCCTNAGG T:12661.7(35.32%),B:12718.5(28.96%),P:1e-120
		=Final=: -163.52 GCCTNAGG T:4961.0(17.07%),B:3829.2(13.37%),P:1e-71
		Performing exhaustive masking of motif...
		Reprioritizing potential motifs...
	5 of 25 Initial Sequence: TTTATTGC... (-138.698)
		Round 1: -419.57 TTTATTGC T:5896.3(18.36%),B:4944.1(12.45%),P:1e-182
		Round 2: -419.57 TTTATTGC T:5896.3(18.36%),B:4944.1(12.45%),P:1e-182
		=Final=: -488.14 TTTATTGC T:4870.0(16.76%),B:3066.4(10.71%),P:1e-211
		Performing exhaustive masking of motif...
		Reprioritizing potential motifs...
	6 of 25 Initial Sequence: TTATCTCG... (-127.584)
		Round 1: -223.41 TTATCTCG T:8424.3(25.16%),B:8345.3(20.10%),P:1e-97
		Round 2: -223.41 TTATCTCG T:8424.3(25.16%),B:8345.3(20.10%),P:1e-97
		=Final=: -231.59 TTATCTCG T:5527.0(19.02%),B:4135.9(14.44%),P:1e-100
		Performing exhaustive masking of motif...
		Reprioritizing potential motifs...
	7 of 25 Initial Sequence: GTTGTAAA... (-122.822)
		Round 1: -135.08 GTTGTAAA T:693.2(2.36%),B:445.0(1.19%),P:1e-58
		Round 2: -135.08 GTTGTAAA T:693.2(2.36%),B:445.0(1.19%),P:1e-58
		=Final=: -184.86 GTTGTAAA T:899.0(3.09%),B:439.0(1.53%),P:1e-80
		Performing exhaustive masking of motif...
		Reprioritizing potential motifs...
	8 of 25 Initial Sequence: TGGAATGT... (-111.859)
		Round 1: -164.33 YGGAATGT T:1466.1(4.92%),B:1121.4(2.97%),P:1e-71
		Round 2: -164.33 YGGAATGT T:1466.1(4.92%),B:1121.4(2.97%),P:1e-71
		=Final=: -200.99 YGGAATGT T:1817.0(6.25%),B:1094.9(3.82%),P:1e-87
		Performing exhaustive masking of motif...
		Reprioritizing potential motifs...
	9 of 25 Initial Sequence: ACAGGTTC... (-82.585)
		Round 1: -110.48 ACMGGTTC T:3715.8(12.00%),B:3672.1(9.40%),P:1e-47
		Round 2: -129.16 RSCGGTTY T:12863.9(35.76%),B:14018.2(31.40%),P:1e-56
		Round 3: -163.14 ASCGGTTY T:11335.0(32.29%),B:11982.6(27.54%),P:1e-70
		Round 4: -163.14 ASCGGTTY T:11335.0(32.29%),B:11982.6(27.54%),P:1e-70
		=Final=: -70.20 ASCGGTTY T:10038.0(34.54%),B:8981.3(31.36%),P:1e-30
		Performing exhaustive masking of motif...
		Reprioritizing potential motifs...
	10 of 25 Initial Sequence: CTAAGTTA... (-68.855)
		Round 1: -86.72 CTAAGTTA T:681.5(2.32%),B:507.3(1.35%),P:1e-37
		Round 2: -86.72 CTAAGTTA T:681.5(2.32%),B:507.3(1.35%),P:1e-37
		=Final=: -84.56 CTAAGTTA T:505.0(1.74%),B:267.8(0.94%),P:1e-36
		Performing exhaustive masking of motif...
		Reprioritizing potential motifs...
	11 of 25 Initial Sequence: ACTTCCGG... (-64.945)
		Round 1: -95.50 ACTTCCGG T:4274.4(13.68%),B:4375.6(11.10%),P:1e-41
		Round 2: -95.50 ACTTCCGG T:4274.4(13.68%),B:4375.6(11.10%),P:1e-41
		=Final=: -93.11 ACTTCCGG T:3349.0(11.52%),B:2627.4(9.18%),P:1e-40
		Performing exhaustive masking of motif...
		Reprioritizing potential motifs...
	12 of 25 Initial Sequence: AGCGTTCT... (-60.594)
		Round 1: -85.20 AGCGTTCT T:7349.4(22.34%),B:7988.1(19.32%),P:1e-37
		Round 2: -85.20 AGCGTTCT T:7349.4(22.34%),B:7988.1(19.32%),P:1e-37
		=Final=: -52.46 AGCGTTCT T:6809.0(23.43%),B:6020.4(21.02%),P:1e-22
		Performing exhaustive masking of motif...
		Reprioritizing potential motifs...
	13 of 25 Initial Sequence: TGACCTTG... (-57.587)
		Round 1: -117.94 TGACCTTG T:4181.0(13.40%),B:4155.4(10.57%),P:1e-51
		Round 2: -117.94 TGACCTTG T:4181.0(13.40%),B:4155.4(10.57%),P:1e-51
		=Final=: -163.14 TGACCTTG T:4274.0(14.71%),B:3224.9(11.26%),P:1e-70
		Performing exhaustive masking of motif...
		Reprioritizing potential motifs...
	14 of 25 Initial Sequence: GTCACGTG... (-53.682)
		Round 1: -96.94 GTCACGTG T:1144.0(3.86%),B:943.4(2.50%),P:1e-42
		Round 2: -115.91 ATCACGTG T:1942.3(6.46%),B:1722.0(4.52%),P:1e-50
		Round 3: -115.91 ATCACGTG T:1942.3(6.46%),B:1722.0(4.52%),P:1e-50
		=Final=: -105.43 ATCACGTG T:2061.0(7.09%),B:1473.0(5.14%),P:1e-45
		Performing exhaustive masking of motif...
		Reprioritizing potential motifs...
	15 of 25 Initial Sequence: GCCTTAAG... (-49.646)
		Round 1: -87.14 GCCTTAAG T:13996.7(38.22%),B:15785.7(34.58%),P:1e-37
		Round 2: -87.14 GCCTTAAG T:13996.7(38.22%),B:15785.7(34.58%),P:1e-37
		=Final=: -35.24 GCCTTAAG T:5707.0(19.64%),B:5100.0(17.81%),P:1e-15
		Performing exhaustive masking of motif...
		Reprioritizing potential motifs...
	16 of 25 Initial Sequence: CCACACCT... (-49.346)
		Round 1: -117.53 CCACACCT T:4838.2(15.34%),B:4894.3(12.33%),P:1e-51
		Round 2: -121.48 MCACACCY T:5781.0(18.04%),B:5937.0(14.75%),P:1e-52
		Round 3: -132.41 WCACGCCT T:9255.4(27.27%),B:9831.0(23.22%),P:1e-57
		Round 4: -132.41 WCACGCCT T:9255.4(27.27%),B:9831.0(23.22%),P:1e-57
		=Final=: -102.44 WCACGCCT T:8421.0(28.97%),B:7254.9(25.34%),P:1e-44
		Performing exhaustive masking of motif...
		Reprioritizing potential motifs...
	17 of 25 Initial Sequence: TAGTCTAG... (-44.485)
		Round 1: -70.63 TAGTCTAG T:1127.6(3.80%),B:996.2(2.64%),P:1e-30
		Round 2: -70.63 TAGTCTAG T:1127.6(3.80%),B:996.2(2.64%),P:1e-30
		=Final=: -96.53 TAGTCTAG T:1421.0(4.89%),B:960.6(3.35%),P:1e-41
		Performing exhaustive masking of motif...
		Reprioritizing potential motifs...
	18 of 25 Initial Sequence: ATAAGTGC... (-44.071)
		Round 1: -44.07 ATAAGTGC T:266.8(0.91%),B:184.2(0.49%),P:1e-19
		Round 2: -44.07 ATAAGTGC T:266.8(0.91%),B:184.2(0.49%),P:1e-19
		=Final=: -50.99 ATAAGTGC T:331.0(1.14%),B:181.1(0.63%),P:1e-22
		Performing exhaustive masking of motif...
		Reprioritizing potential motifs...
	19 of 25 Initial Sequence: CCATTATC... (-38.371)
		Round 1: -38.88 CCATTATC T:380.5(1.30%),B:304.9(0.81%),P:1e-16
		Round 2: -38.88 CCATTATC T:380.5(1.30%),B:304.9(0.81%),P:1e-16
		=Final=: -55.62 CCATTATC T:504.0(1.73%),B:304.9(1.06%),P:1e-24
		Performing exhaustive masking of motif...
		Reprioritizing potential motifs...
	20 of 25 Initial Sequence: AATCGAGC... (-38.092)
		Round 1: -38.42 AATCGAGC T:336.6(1.15%),B:261.1(0.70%),P:1e-16
		Round 2: -47.42 AATTGAGC T:5075.5(16.02%),B:5639.9(14.07%),P:1e-20
		Round 3: -47.42 AATTGAGC T:5075.5(16.02%),B:5639.9(14.07%),P:1e-20
		=Final=: -46.64 AATTGAGC T:4765.0(16.40%),B:4134.8(14.44%),P:1e-20
		Performing exhaustive masking of motif...
		Reprioritizing potential motifs...
	21 of 25 Initial Sequence: GACTCGAC... (-33.392)
		Round 1: -33.39 GACTCGAC T:123.2(0.42%),B:71.8(0.19%),P:1e-14
		Round 2: -33.39 GACTCGAC T:123.2(0.42%),B:71.8(0.19%),P:1e-14
		=Final=: -34.92 GACTCGAC T:150.0(0.52%),B:71.8(0.25%),P:1e-15
		Performing exhaustive masking of motif...
		Reprioritizing potential motifs...
	22 of 25 Initial Sequence: CGACGTTT... (-32.264)
		Round 1: -62.30 CGACGTTT T:11591.9(32.89%),B:13238.8(29.94%),P:1e-27
		Round 2: -68.95 CGAMGTTT T:6691.0(20.56%),B:7353.4(17.94%),P:1e-29
		Round 3: -77.77 CGACGTTT T:7360.3(22.37%),B:8064.2(19.49%),P:1e-33
		Round 4: -77.77 CGACGTTT T:7360.3(22.37%),B:8064.2(19.49%),P:1e-33
		=Final=: -61.23 CGACGTTT T:7580.0(26.08%),B:6693.2(23.37%),P:1e-26
		Performing exhaustive masking of motif...
		Reprioritizing potential motifs...
	23 of 25 Initial Sequence: CATTCCCG... (-32.240)
		Round 1: -43.59 CATTCCCG T:1034.1(3.50%),B:983.7(2.61%),P:1e-18
		Round 2: -46.01 CATTCCCK T:3246.0(10.56%),B:3497.0(8.97%),P:1e-19
		Round 3: -53.91 CATTCCCK T:2054.8(6.82%),B:2079.4(5.44%),P:1e-23
		Round 4: -53.91 CATTCCCK T:2054.8(6.82%),B:2079.4(5.44%),P:1e-23
		=Final=: -79.32 CATTCCCK T:4579.0(15.76%),B:3792.8(13.25%),P:1e-34
		Performing exhaustive masking of motif...
		Reprioritizing potential motifs...
	24 of 25 Initial Sequence: AGATCTGT... (-29.455)
		Round 1: -61.62 AGATCTGT T:2475.5(8.16%),B:2516.3(6.54%),P:1e-26
		Round 2: -61.62 AGATCTGT T:2475.5(8.16%),B:2516.3(6.54%),P:1e-26
		=Final=: -66.71 AGATCTGT T:2783.0(9.58%),B:2220.0(7.75%),P:1e-28
		Performing exhaustive masking of motif...
		Reprioritizing potential motifs...
	25 of 25 Initial Sequence: TTATCTGG... (-29.377)
		Round 1: -7.24 TTATCTGG T:866.2(2.94%),B:992.6(2.63%),P:1e-3
		Round 2: -30.74 TTATCTGG T:11330.7(32.28%),B:13407.6(30.26%),P:1e-13
		Round 3: -38.49 TTATCTGV T:4196.7(13.44%),B:4679.9(11.82%),P:1e-16
		Round 4: -38.49 TTATCTGV T:4196.7(13.44%),B:4679.9(11.82%),P:1e-16
		=Final=: -58.29 TTATCTGV T:2778.0(9.56%),B:2248.2(7.85%),P:1e-25
		Performing exhaustive masking of motif...
		Reprioritizing potential motifs...

	Finalizing Enrichment Statistics (new in v3.4)
	Reading input files...
	58126 total sequences read
	Cache length = 11180
	Using binomial scoring
	Checking enrichment of 25 motif(s)
	|0%                                    50%                                  100%|
	=================================================================================
	Output in file: /home1/gyang/work_space/4.ProjectET/batch28_cr/7.Peak_anno/TE_Cdx2_rep2_peakAnalysis/homerMotifs.motifs8

	(Motifs in homer2 format)
	Determining similar motifs... 25 reduced to 16 motifs
	Outputing HTML and sequence logos for motif comparison...
	Checking de novo motifs against known motifs...
	Formatting HTML page...
		1 of 16 (1e-303) similar to CDX4(Homeobox)/ZebrafishEmbryos-Cdx4.Myc-ChIP-Seq(GSE48254)/Homer(0.962)
		2 of 16 (1e-128) similar to TEAD4(TEA)/Tropoblast-Tead4-ChIP-Seq(GSE37350)/Homer(0.936)
		3 of 16 (1e-121) similar to KLF5/MA0599.1/Jaspar(0.948)
		4 of 16 (1e-76) similar to SF1(NR)/H295R-Nr5a1-ChIP-Seq(GSE44220)/Homer(0.969)
		5 of 16 (1e-75) similar to AP-2gamma(AP2)/MCF7-TFAP2C-ChIP-Seq(GSE21234)/Homer(0.914)
		6 of 16 (1e-65) similar to GATA5/MA0766.2/Jaspar(0.852)
		7 of 16 (1e-51) similar to Smad4/MA1153.1/Jaspar(0.744)
		8 of 16 (1e-46) similar to TFE3/MA0831.2/Jaspar(0.933)
		9 of 16 (1e-37) similar to PB0081.1_Tcf1_1/Jaspar(0.669)
		10 of 16 (1e-33) similar to TFCP2/MA0145.3/Jaspar(0.734)
		11 of 16 (1e-32) similar to Ptf1a/MA1618.1/Jaspar(0.746)
		12 of 16 (1e-29) similar to NR4A1/MA1112.2/Jaspar(0.685)
		13 of 16 (1e-27) similar to PB0194.1_Zbtb12_2/Jaspar(0.720)
		14 of 16 (1e-26) similar to CEBP(bZIP)/ThioMac-CEBPb-ChIP-Seq(GSE21512)/Homer(0.692)
		15 of 16 (1e-24) similar to ISL2/MA0914.1/Jaspar(0.841)
		16 of 16 (1e-14) similar to SMAD5/MA1557.1/Jaspar(0.683)
	Job finished - if results look good, please send beer to ..

	Cleaning up tmp files...

