This is cutadapt 1.16 with Python 3.6.4
Command line parameters: -j 2 -a AGATCGGAAGAGC -A AGATCGGAAGAGC --trim-n -m 50 -q 20,20 -o /home1/gyang/work_space/4.ProjectET/batch4_cr/2.cutdata/MEF_Dux-CHA_1k_rep1.R1_cut.fq -p /home1/gyang/work_space/4.ProjectET/batch4_cr/2.cutdata/MEF_Dux-CHA_1k_rep1.R2_cut.fq MEF_Dux-CHA_1k_rep1.R1.fq.gz MEF_Dux-CHA_1k_rep1.R2.fq.gz
Running on 2 cores
Trimming 2 adapters with at most 10.0% errors in paired-end mode ...
Finished in 2020.43 s (35 us/read; 1.72 M reads/minute).

=== Summary ===

Total read pairs processed:         57,793,665
  Read 1 with adapter:              22,378,351 (38.7%)
  Read 2 with adapter:              15,400,564 (26.6%)
Pairs that were too short:           8,828,117 (15.3%)
Pairs written (passing filters):    48,965,548 (84.7%)

Total basepairs processed: 17,338,099,500 bp
  Read 1: 8,669,049,750 bp
  Read 2: 8,669,049,750 bp
Quality-trimmed:              44,384,242 bp (0.3%)
  Read 1:    12,388,026 bp
  Read 2:    31,996,216 bp
Total written (filtered):  13,412,529,707 bp (77.4%)
  Read 1: 6,707,785,685 bp
  Read 2: 6,704,744,022 bp

=== First read: Adapter 1 ===

Sequence: AGATCGGAAGAGC; Type: regular 3'; Length: 13; Trimmed: 22378351 times.

No. of allowed errors:
0-9 bp: 0; 10-13 bp: 1

Bases preceding removed adapters:
  A: 14.7%
  C: 6.9%
  G: 14.8%
  T: 32.3%
  none/other: 31.4%

Overview of removed sequences
length	count	expect	max.err	error counts
3	904853	903026.0	0	904853
4	297755	225756.5	0	297755
5	170690	56439.1	0	170690
6	145237	14109.8	0	145237
7	136602	3527.4	0	136602
8	142193	881.9	0	142193
9	139333	220.5	0	138568 765
10	138611	55.1	1	134448 4163
11	139690	13.8	1	133671 6019
12	137101	3.4	1	132000 5101
13	130026	0.9	1	125126 4900
14	133240	0.9	1	127150 6090
15	137425	0.9	1	131807 5618
16	144809	0.9	1	138113 6696
17	152226	0.9	1	144997 7229
18	151711	0.9	1	146264 5447
19	135895	0.9	1	130940 4955
20	138741	0.9	1	133329 5412
21	135138	0.9	1	129937 5201
22	129476	0.9	1	125042 4434
23	128036	0.9	1	122956 5080
24	132697	0.9	1	126512 6185
25	130112	0.9	1	124910 5202
26	133452	0.9	1	128617 4835
27	143424	0.9	1	138025 5399
28	141417	0.9	1	136254 5163
29	150081	0.9	1	143366 6715
30	146486	0.9	1	141257 5229
31	139903	0.9	1	135089 4814
32	130051	0.9	1	125434 4617
33	135076	0.9	1	129452 5624
34	126469	0.9	1	121734 4735
35	130608	0.9	1	124971 5637
36	142986	0.9	1	137146 5840
37	145422	0.9	1	138556 6866
38	153233	0.9	1	147848 5385
39	153318	0.9	1	147992 5326
40	157334	0.9	1	151774 5560
41	157273	0.9	1	150799 6474
42	135509	0.9	1	129608 5901
43	203252	0.9	1	197612 5640
44	55423	0.9	1	51286 4137
45	112343	0.9	1	108974 3369
46	141174	0.9	1	136308 4866
47	142487	0.9	1	137468 5019
48	136102	0.9	1	130615 5487
49	154634	0.9	1	148747 5887
50	136455	0.9	1	131456 4999
51	125655	0.9	1	121325 4330
52	125283	0.9	1	120509 4774
53	132989	0.9	1	128010 4979
54	114878	0.9	1	110456 4422
55	126875	0.9	1	122507 4368
56	130724	0.9	1	125903 4821
57	133716	0.9	1	128786 4930
58	130687	0.9	1	126629 4058
59	123837	0.9	1	119343 4494
60	190290	0.9	1	184486 5804
61	176805	0.9	1	171852 4953
62	118367	0.9	1	114096 4271
63	101987	0.9	1	97992 3995
64	211826	0.9	1	206636 5190
65	132048	0.9	1	126923 5125
66	210201	0.9	1	204912 5289
67	148908	0.9	1	143280 5628
68	137070	0.9	1	132025 5045
69	17852	0.9	1	15561 2291
70	24509	0.9	1	23274 1235
71	81858	0.9	1	79847 2011
72	105246	0.9	1	102437 2809
73	105804	0.9	1	102603 3201
74	108289	0.9	1	104882 3407
75	110161	0.9	1	106518 3643
76	105467	0.9	1	101932 3535
77	107344	0.9	1	103598 3746
78	110866	0.9	1	107128 3738
79	120059	0.9	1	115963 4096
80	132018	0.9	1	127666 4352
81	139208	0.9	1	134537 4671
82	126145	0.9	1	121838 4307
83	117077	0.9	1	113085 3992
84	116026	0.9	1	111898 4128
85	108392	0.9	1	104617 3775
86	106746	0.9	1	102987 3759
87	113500	0.9	1	109448 4052
88	116900	0.9	1	112757 4143
89	131001	0.9	1	126643 4358
90	143162	0.9	1	138396 4766
91	131355	0.9	1	127069 4286
92	119466	0.9	1	115379 4087
93	113034	0.9	1	109239 3795
94	107860	0.9	1	104147 3713
95	103768	0.9	1	100168 3600
96	101559	0.9	1	97920 3639
97	97817	0.9	1	94455 3362
98	97061	0.9	1	93672 3389
99	101968	0.9	1	98589 3379
100	103714	0.9	1	99967 3747
101	107465	0.9	1	103780 3685
102	108819	0.9	1	105133 3686
103	100189	0.9	1	96543 3646
104	97894	0.9	1	94464 3430
105	98566	0.9	1	94987 3579
106	86864	0.9	1	83839 3025
107	88681	0.9	1	85444 3237
108	88708	0.9	1	85560 3148
109	85736	0.9	1	82442 3294
110	85147	0.9	1	82119 3028
111	87415	0.9	1	84248 3167
112	78892	0.9	1	76207 2685
113	75112	0.9	1	72392 2720
114	74038	0.9	1	71464 2574
115	64997	0.9	1	62633 2364
116	57048	0.9	1	54937 2111
117	53283	0.9	1	51368 1915
118	44718	0.9	1	42897 1821
119	38797	0.9	1	37205 1592
120	32706	0.9	1	31266 1440
121	28713	0.9	1	27478 1235
122	24255	0.9	1	23145 1110
123	20606	0.9	1	19702 904
124	15303	0.9	1	14554 749
125	11747	0.9	1	11158 589
126	7082	0.9	1	6666 416
127	4416	0.9	1	4129 287
128	2833	0.9	1	2637 196
129	1566	0.9	1	1472 94
130	1035	0.9	1	968 67
131	803	0.9	1	754 49
132	524	0.9	1	501 23
133	305	0.9	1	265 40
134	200	0.9	1	177 23
135	115	0.9	1	90 25
136	97	0.9	1	66 31
137	60	0.9	1	36 24
138	141	0.9	1	94 47
139	60	0.9	1	32 28
140	64	0.9	1	27 37
141	157	0.9	1	64 93
142	89	0.9	1	26 63
143	286	0.9	1	216 70
144	173	0.9	1	96 77
145	172	0.9	1	31 141
146	235	0.9	1	31 204
147	745	0.9	1	83 662
148	3315	0.9	1	37 3278
149	66078	0.9	1	299 65779
150	6999214	0.9	1	20697 6978517

=== Second read: Adapter 2 ===

Sequence: AGATCGGAAGAGC; Type: regular 3'; Length: 13; Trimmed: 15400564 times.

No. of allowed errors:
0-9 bp: 0; 10-13 bp: 1

Bases preceding removed adapters:
  A: 21.2%
  C: 10.0%
  G: 21.3%
  T: 47.3%
  none/other: 0.2%

Overview of removed sequences
length	count	expect	max.err	error counts
3	915429	903026.0	0	915429
4	299654	225756.5	0	299654
5	172478	56439.1	0	172478
6	144870	14109.8	0	144870
7	140867	3527.4	0	140867
8	152626	881.9	0	152626
9	129192	220.5	0	128703 489
10	142699	55.1	1	138757 3942
11	137703	13.8	1	133169 4534
12	139483	3.4	1	135022 4461
13	131362	0.9	1	127328 4034
14	137083	0.9	1	132151 4932
15	134724	0.9	1	130742 3982
16	143843	0.9	1	139675 4168
17	164161	0.9	1	158825 5336
18	134295	0.9	1	130785 3510
19	175752	0.9	1	170211 5541
20	121833	0.9	1	118235 3598
21	127942	0.9	1	123924 4018
22	128247	0.9	1	124791 3456
23	130750	0.9	1	126970 3780
24	307687	0.9	1	299160 8527
25	102449	0.9	1	99333 3116
26	95839	0.9	1	92904 2935
27	80038	0.9	1	76146 3892
28	246688	0.9	1	242100 4588
29	47400	0.9	1	44310 3090
30	232143	0.9	1	227209 4934
31	90080	0.9	1	86177 3903
32	503584	0.9	1	496513 7071
33	128168	0.9	1	123461 4707
34	33863	0.9	1	31644 2219
35	226509	0.9	1	222902 3607
36	69132	0.9	1	66720 2412
37	78030	0.9	1	75725 2305
38	85250	0.9	1	83323 1927
39	75888	0.9	1	73706 2182
40	62147	0.9	1	60477 1670
41	142796	0.9	1	140084 2712
42	187184	0.9	1	183865 3319
43	73071	0.9	1	70973 2098
44	130877	0.9	1	128055 2822
45	321572	0.9	1	317532 4040
46	97739	0.9	1	94751 2988
47	110191	0.9	1	107718 2473
48	250708	0.9	1	246852 3856
49	145000	0.9	1	142108 2892
50	68192	0.9	1	66092 2100
51	230333	0.9	1	226615 3718
52	364292	0.9	1	359920 4372
53	178956	0.9	1	175850 3106
54	134072	0.9	1	131491 2581
55	178087	0.9	1	175556 2531
56	72647	0.9	1	70788 1859
57	116129	0.9	1	114143 1986
58	127478	0.9	1	125409 2069
59	71661	0.9	1	69993 1668
60	46003	0.9	1	44778 1225
61	36060	0.9	1	35107 953
62	37942	0.9	1	37054 888
63	45601	0.9	1	44473 1128
64	69870	0.9	1	68586 1284
65	84442	0.9	1	82919 1523
66	95947	0.9	1	94219 1728
67	102143	0.9	1	100290 1853
68	110554	0.9	1	108697 1857
69	123991	0.9	1	121839 2152
70	130290	0.9	1	128005 2285
71	130489	0.9	1	128335 2154
72	121243	0.9	1	119190 2053
73	112696	0.9	1	110737 1959
74	109334	0.9	1	107503 1831
75	109329	0.9	1	107525 1804
76	103320	0.9	1	101648 1672
77	105699	0.9	1	103891 1808
78	111357	0.9	1	109566 1791
79	118412	0.9	1	116517 1895
80	131358	0.9	1	129333 2025
81	138580	0.9	1	136554 2026
82	122524	0.9	1	120758 1766
83	115479	0.9	1	113676 1803
84	114479	0.9	1	112751 1728
85	107056	0.9	1	105357 1699
86	107621	0.9	1	105945 1676
87	116383	0.9	1	114659 1724
88	120654	0.9	1	118899 1755
89	130345	0.9	1	128600 1745
90	138769	0.9	1	136815 1954
91	127461	0.9	1	125616 1845
92	117007	0.9	1	115301 1706
93	112272	0.9	1	110666 1606
94	106920	0.9	1	105340 1580
95	103743	0.9	1	102266 1477
96	101850	0.9	1	100341 1509
97	96963	0.9	1	95595 1368
98	96613	0.9	1	95219 1394
99	100872	0.9	1	99573 1299
100	102246	0.9	1	100926 1320
101	106696	0.9	1	105395 1301
102	109239	0.9	1	107775 1464
103	100031	0.9	1	98690 1341
104	98652	0.9	1	97378 1274
105	98759	0.9	1	97491 1268
106	87812	0.9	1	86752 1060
107	89210	0.9	1	88078 1132
108	88592	0.9	1	87476 1116
109	85696	0.9	1	84652 1044
110	85228	0.9	1	84120 1108
111	88276	0.9	1	87243 1033
112	79621	0.9	1	78713 908
113	75977	0.9	1	75132 845
114	74749	0.9	1	73931 818
115	64964	0.9	1	64277 687
116	57342	0.9	1	56687 655
117	53475	0.9	1	52900 575
118	45129	0.9	1	44646 483
119	39476	0.9	1	39005 471
120	33415	0.9	1	33040 375
121	29154	0.9	1	28848 306
122	24674	0.9	1	24360 314
123	20960	0.9	1	20703 257
124	15657	0.9	1	15468 189
125	12030	0.9	1	11877 153
126	7271	0.9	1	7170 101
127	4607	0.9	1	4538 69
128	2957	0.9	1	2908 49
129	1614	0.9	1	1585 29
130	1127	0.9	1	1082 45
131	790	0.9	1	751 39
132	530	0.9	1	502 28
133	292	0.9	1	266 26
134	200	0.9	1	173 27
135	107	0.9	1	86 21
136	103	0.9	1	79 24
137	50	0.9	1	33 17
138	112	0.9	1	87 25
139	44	0.9	1	26 18
140	31	0.9	1	23 8
141	103	0.9	1	87 16
142	35	0.9	1	21 14
143	232	0.9	1	217 15
144	95	0.9	1	81 14
145	33	0.9	1	20 13
146	64	0.9	1	26 38
147	109	0.9	1	76 33
148	72	0.9	1	31 41
149	850	0.9	1	474 376
150	29532	0.9	1	21109 8423

