This is cutadapt 1.18 with Python 3.7.0
Command line parameters: -j 3 -a AGATCGGAAGAGC -A AGATCGGAAGAGC --trim-n -m 50 -q 20,20 -o /home1/gyang/work_space/4.ProjectET/batch18_cr/2.cutdata/8Cell_Klf5_rep2.R1_cut.fq -p /home1/gyang/work_space/4.ProjectET/batch18_cr/2.cutdata/8Cell_Klf5_rep2.R2_cut.fq 8Cell_Klf5_rep2.R1.fq.gz 8Cell_Klf5_rep2.R2.fq.gz
Processing reads on 3 cores in paired-end mode ...
Finished in 948.99 s (18 us/read; 3.34 M reads/minute).

=== Summary ===

Total read pairs processed:         52,826,631
  Read 1 with adapter:              22,693,879 (43.0%)
  Read 2 with adapter:              19,806,142 (37.5%)
Pairs that were too short:           8,160,780 (15.4%)
Pairs written (passing filters):    44,665,851 (84.6%)

Total basepairs processed: 15,847,989,300 bp
  Read 1: 7,923,994,650 bp
  Read 2: 7,923,994,650 bp
Quality-trimmed:              54,783,071 bp (0.3%)
  Read 1:    15,763,942 bp
  Read 2:    39,019,129 bp
Total written (filtered):  11,912,776,073 bp (75.2%)
  Read 1: 5,962,170,348 bp
  Read 2: 5,950,605,725 bp

=== First read: Adapter 1 ===

Sequence: AGATCGGAAGAGC; Type: regular 3'; Length: 13; Trimmed: 22693879 times.

No. of allowed errors:
0-9 bp: 0; 10-13 bp: 1

Bases preceding removed adapters:
  A: 19.3%
  C: 2.1%
  G: 4.2%
  T: 61.1%
  none/other: 13.3%

Overview of removed sequences
length	count	expect	max.err	error counts
3	826802	825416.1	0	826802
4	256425	206354.0	0	256425
5	147516	51588.5	0	147516
6	126647	12897.1	0	126647
7	116402	3224.3	0	116402
8	125417	806.1	0	125417
9	122485	201.5	0	120700 1785
10	115140	50.4	1	109840 5300
11	127958	12.6	1	119238 8720
12	144571	3.1	1	136639 7932
13	121191	0.8	1	114130 7061
14	123039	0.8	1	115147 7892
15	132655	0.8	1	124805 7850
16	111922	0.8	1	104696 7226
17	127951	0.8	1	118755 9196
18	132385	0.8	1	125607 6778
19	122657	0.8	1	115939 6718
20	125725	0.8	1	118818 6907
21	146382	0.8	1	137568 8814
22	120159	0.8	1	113925 6234
23	117695	0.8	1	111157 6538
24	135419	0.8	1	127400 8019
25	122186	0.8	1	115529 6657
26	124182	0.8	1	117358 6824
27	145565	0.8	1	137746 7819
28	132506	0.8	1	125627 6879
29	126611	0.8	1	118591 8020
30	135023	0.8	1	128628 6395
31	126930	0.8	1	120458 6472
32	142950	0.8	1	135767 7183
33	153195	0.8	1	144666 8529
34	135055	0.8	1	127714 7341
35	145012	0.8	1	136667 8345
36	159579	0.8	1	151445 8134
37	129583	0.8	1	122799 6784
38	140817	0.8	1	134085 6732
39	159890	0.8	1	151751 8139
40	138842	0.8	1	131367 7475
41	139203	0.8	1	129334 9869
42	176273	0.8	1	164310 11963
43	223830	0.8	1	214370 9460
44	96675	0.8	1	88274 8401
45	148826	0.8	1	141570 7256
46	182895	0.8	1	174179 8716
47	141662	0.8	1	133488 8174
48	147516	0.8	1	137847 9669
49	265982	0.8	1	252964 13018
50	137575	0.8	1	129509 8066
51	94238	0.8	1	87995 6243
52	160475	0.8	1	152875 7600
53	188097	0.8	1	180460 7637
54	209899	0.8	1	200846 9053
55	116322	0.8	1	109545 6777
56	140617	0.8	1	133500 7117
57	269765	0.8	1	260516 9249
58	61378	0.8	1	54429 6949
59	115434	0.8	1	109411 6023
60	213773	0.8	1	207132 6641
61	91371	0.8	1	85736 5635
62	90128	0.8	1	85342 4786
63	148985	0.8	1	141841 7144
64	152178	0.8	1	145815 6363
65	114433	0.8	1	108231 6202
66	182258	0.8	1	174365 7893
67	193565	0.8	1	183296 10269
68	406320	0.8	1	392829 13491
69	89614	0.8	1	79169 10445
70	25324	0.8	1	21611 3713
71	51303	0.8	1	48805 2498
72	97268	0.8	1	93777 3491
73	112844	0.8	1	108439 4405
74	131090	0.8	1	125901 5189
75	158112	0.8	1	151254 6858
76	146197	0.8	1	139829 6368
77	142398	0.8	1	136116 6282
78	153298	0.8	1	146633 6665
79	138074	0.8	1	131762 6312
80	135125	0.8	1	128921 6204
81	151856	0.8	1	144829 7027
82	147489	0.8	1	140777 6712
83	133476	0.8	1	127386 6090
84	148194	0.8	1	141360 6834
85	133545	0.8	1	127309 6236
86	135408	0.8	1	129268 6140
87	150132	0.8	1	143336 6796
88	137632	0.8	1	131315 6317
89	129562	0.8	1	123618 5944
90	150980	0.8	1	144083 6897
91	133834	0.8	1	127584 6250
92	123796	0.8	1	117918 5878
93	148826	0.8	1	141816 7010
94	136073	0.8	1	129824 6249
95	136647	0.8	1	130319 6328
96	150298	0.8	1	143561 6737
97	137536	0.8	1	131491 6045
98	137498	0.8	1	131474 6024
99	148513	0.8	1	142039 6474
100	137838	0.8	1	131952 5886
101	130830	0.8	1	125277 5553
102	146707	0.8	1	140603 6104
103	132227	0.8	1	126871 5356
104	135434	0.8	1	129878 5556
105	161951	0.8	1	155389 6562
106	145146	0.8	1	139259 5887
107	142887	0.8	1	137182 5705
108	157869	0.8	1	151539 6330
109	153261	0.8	1	147086 6175
110	154084	0.8	1	148067 6017
111	178327	0.8	1	171405 6922
112	159632	0.8	1	153486 6146
113	159982	0.8	1	153749 6233
114	183378	0.8	1	176496 6882
115	176576	0.8	1	169824 6752
116	183489	0.8	1	176850 6639
117	206530	0.8	1	198964 7566
118	185805	0.8	1	178873 6932
119	188897	0.8	1	182064 6833
120	209966	0.8	1	202669 7297
121	191161	0.8	1	184295 6866
122	188174	0.8	1	181409 6765
123	203135	0.8	1	196021 7114
124	189696	0.8	1	183193 6503
125	180609	0.8	1	174474 6135
126	182452	0.8	1	176316 6136
127	157284	0.8	1	152055 5229
128	136809	0.8	1	132309 4500
129	121712	0.8	1	117887 3825
130	82021	0.8	1	79392 2629
131	43994	0.8	1	42616 1378
132	23798	0.8	1	23059 739
133	8881	0.8	1	8565 316
134	3186	0.8	1	3063 123
135	1537	0.8	1	1460 77
136	269	0.8	1	226 43
137	121	0.8	1	70 51
138	76	0.8	1	28 48
139	32	0.8	1	11 21
140	48	0.8	1	4 44
141	130	0.8	1	69 61
142	69	0.8	1	8 61
143	235	0.8	1	146 89
144	100	0.8	1	26 74
145	134	0.8	1	10 124
146	189	0.8	1	17 172
147	881	0.8	1	351 530
148	1482	0.8	1	11 1471
149	22248	0.8	1	78 22170
150	3016516	0.8	1	5495 3011021

=== Second read: Adapter 2 ===

Sequence: AGATCGGAAGAGC; Type: regular 3'; Length: 13; Trimmed: 19806142 times.

No. of allowed errors:
0-9 bp: 0; 10-13 bp: 1

Bases preceding removed adapters:
  A: 21.9%
  C: 2.4%
  G: 4.8%
  T: 70.9%
  none/other: 0.0%

Overview of removed sequences
length	count	expect	max.err	error counts
3	839272	825416.1	0	839272
4	259577	206354.0	0	259577
5	145514	51588.5	0	145514
6	125551	12897.1	0	125551
7	123287	3224.3	0	123287
8	134675	806.1	0	134675
9	114852	201.5	0	113113 1739
10	119751	50.4	1	114202 5549
11	128089	12.6	1	121940 6149
12	151393	3.1	1	144423 6970
13	118796	0.8	1	113548 5248
14	131074	0.8	1	124448 6626
15	127925	0.8	1	122327 5598
16	114869	0.8	1	109628 5241
17	140506	0.8	1	134118 6388
18	117317	0.8	1	112772 4545
19	178247	0.8	1	170614 7633
20	111609	0.8	1	106053 5556
21	125711	0.8	1	120593 5118
22	114624	0.8	1	110142 4482
23	119941	0.8	1	114766 5175
24	353978	0.8	1	340671 13307
25	84259	0.8	1	80847 3412
26	77958	0.8	1	74946 3012
27	74038	0.8	1	69710 4328
28	214656	0.8	1	208181 6475
29	42483	0.8	1	38975 3508
30	220942	0.8	1	214782 6160
31	75802	0.8	1	71054 4748
32	428636	0.8	1	420394 8242
33	145177	0.8	1	139033 6144
34	46946	0.8	1	43698 3248
35	226376	0.8	1	221377 4999
36	90661	0.8	1	87270 3391
37	80246	0.8	1	77044 3202
38	105614	0.8	1	102439 3175
39	83178	0.8	1	79790 3388
40	75056	0.8	1	72513 2543
41	138547	0.8	1	134669 3878
42	221341	0.8	1	216137 5204
43	97848	0.8	1	94112 3736
44	163813	0.8	1	158961 4852
45	390489	0.8	1	384833 5656
46	113299	0.8	1	109012 4287
47	116731	0.8	1	113191 3540
48	262008	0.8	1	257288 4720
49	142280	0.8	1	138611 3669
50	89080	0.8	1	85957 3123
51	293208	0.8	1	287485 5723
52	326209	0.8	1	320474 5735
53	177825	0.8	1	173744 4081
54	161949	0.8	1	157941 4008
55	211549	0.8	1	207988 3561
56	123212	0.8	1	119965 3247
57	163300	0.8	1	159953 3347
58	166491	0.8	1	163211 3280
59	110170	0.8	1	107646 2524
60	76713	0.8	1	74583 2130
61	59504	0.8	1	57826 1678
62	63901	0.8	1	62374 1527
63	77975	0.8	1	76135 1840
64	101395	0.8	1	99323 2072
65	112068	0.8	1	109442 2626
66	136212	0.8	1	133525 2687
67	124258	0.8	1	121614 2644
68	135192	0.8	1	132166 3026
69	142765	0.8	1	139916 2849
70	122401	0.8	1	119828 2573
71	140045	0.8	1	137336 2709
72	147011	0.8	1	143940 3071
73	142483	0.8	1	139497 2986
74	141205	0.8	1	138259 2946
75	160089	0.8	1	156965 3124
76	144712	0.8	1	141820 2892
77	141270	0.8	1	138530 2740
78	153849	0.8	1	151158 2691
79	135514	0.8	1	133042 2472
80	133962	0.8	1	131512 2450
81	150885	0.8	1	148268 2617
82	142200	0.8	1	139616 2584
83	131107	0.8	1	128709 2398
84	145376	0.8	1	142767 2609
85	130984	0.8	1	128621 2363
86	136805	0.8	1	134354 2451
87	154143	0.8	1	151524 2619
88	144477	0.8	1	142022 2455
89	129747	0.8	1	127458 2289
90	147603	0.8	1	145040 2563
91	130104	0.8	1	127843 2261
92	119775	0.8	1	117707 2068
93	147496	0.8	1	145035 2461
94	135524	0.8	1	133347 2177
95	139123	0.8	1	136859 2264
96	153267	0.8	1	150903 2364
97	137810	0.8	1	135515 2295
98	135043	0.8	1	132875 2168
99	142577	0.8	1	140360 2217
100	131527	0.8	1	129312 2215
101	125199	0.8	1	123063 2136
102	140278	0.8	1	138062 2216
103	128956	0.8	1	126858 2098
104	136100	0.8	1	134027 2073
105	161724	0.8	1	159261 2463
106	145574	0.8	1	143408 2166
107	142885	0.8	1	140789 2096
108	154960	0.8	1	152634 2326
109	150945	0.8	1	148704 2241
110	152041	0.8	1	149797 2244
111	179581	0.8	1	177107 2474
112	161202	0.8	1	158928 2274
113	161189	0.8	1	159026 2163
114	185421	0.8	1	182929 2492
115	173661	0.8	1	171294 2367
116	181776	0.8	1	179466 2310
117	203714	0.8	1	201263 2451
118	184323	0.8	1	181993 2330
119	187610	0.8	1	185213 2397
120	208030	0.8	1	205540 2490
121	190447	0.8	1	188156 2291
122	187817	0.8	1	185632 2185
123	203190	0.8	1	200771 2419
124	189725	0.8	1	187459 2266
125	180361	0.8	1	178200 2161
126	182965	0.8	1	180794 2171
127	157490	0.8	1	155713 1777
128	136739	0.8	1	135123 1616
129	121851	0.8	1	120464 1387
130	81810	0.8	1	80894 916
131	43959	0.8	1	43462 497
132	23790	0.8	1	23508 282
133	8886	0.8	1	8756 130
134	3185	0.8	1	3125 60
135	1531	0.8	1	1495 36
136	255	0.8	1	231 24
137	91	0.8	1	69 22
138	46	0.8	1	33 13
139	35	0.8	1	13 22
140	19	0.8	1	3 16
141	105	0.8	1	73 32
142	25	0.8	1	9 16
143	168	0.8	1	152 16
144	37	0.8	1	26 11
145	36	0.8	1	13 23
146	44	0.8	1	18 26
147	409	0.8	1	361 48
148	61	0.8	1	13 48
149	312	0.8	1	97 215
150	9552	0.8	1	7497 2055

