This is cutadapt 1.18 with Python 3.7.0
Command line parameters: -j 3 -a AGATCGGAAGAGC -A AGATCGGAAGAGC --trim-n -m 50 -q 20,20 -o /home1/gyang/work_space/4.ProjectET/batch18_cr/2.cutdata/Morula_Klf5_rep2.R1_cut.fq -p /home1/gyang/work_space/4.ProjectET/batch18_cr/2.cutdata/Morula_Klf5_rep2.R2_cut.fq Morula_Klf5_rep2.R1.fq.gz Morula_Klf5_rep2.R2.fq.gz
Processing reads on 3 cores in paired-end mode ...
Finished in 934.56 s (18 us/read; 3.32 M reads/minute).

=== Summary ===

Total read pairs processed:         51,676,334
  Read 1 with adapter:              19,645,867 (38.0%)
  Read 2 with adapter:              16,905,746 (32.7%)
Pairs that were too short:           8,981,759 (17.4%)
Pairs written (passing filters):    42,694,575 (82.6%)

Total basepairs processed: 15,502,900,200 bp
  Read 1: 7,751,450,100 bp
  Read 2: 7,751,450,100 bp
Quality-trimmed:              53,044,184 bp (0.3%)
  Read 1:    17,809,698 bp
  Read 2:    35,234,486 bp
Total written (filtered):  11,645,871,587 bp (75.1%)
  Read 1: 5,825,502,154 bp
  Read 2: 5,820,369,433 bp

=== First read: Adapter 1 ===

Sequence: AGATCGGAAGAGC; Type: regular 3'; Length: 13; Trimmed: 19645867 times.

No. of allowed errors:
0-9 bp: 0; 10-13 bp: 1

Bases preceding removed adapters:
  A: 21.3%
  C: 2.5%
  G: 4.2%
  T: 58.1%
  none/other: 13.9%

Overview of removed sequences
length	count	expect	max.err	error counts
3	883297	807442.7	0	883297
4	230400	201860.7	0	230400
5	119580	50465.2	0	119580
6	79340	12616.3	0	79340
7	69985	3154.1	0	69985
8	79624	788.5	0	79624
9	74691	197.1	0	73524 1167
10	72681	49.3	1	68728 3953
11	81540	12.3	1	74913 6627
12	84572	3.1	1	79255 5317
13	72842	0.8	1	68345 4497
14	75122	0.8	1	69847 5275
15	76561	0.8	1	71646 4915
16	72211	0.8	1	67059 5152
17	82670	0.8	1	76224 6446
18	71051	0.8	1	67416 3635
19	70368	0.8	1	66594 3774
20	73010	0.8	1	68599 4411
21	80289	0.8	1	75367 4922
22	68460	0.8	1	65140 3320
23	71583	0.8	1	67439 4144
24	76147	0.8	1	71433 4714
25	72481	0.8	1	68682 3799
26	71878	0.8	1	68121 3757
27	80204	0.8	1	75818 4386
28	71622	0.8	1	68053 3569
29	78154	0.8	1	73108 5046
30	78190	0.8	1	74814 3376
31	71306	0.8	1	67956 3350
32	80045	0.8	1	76144 3901
33	85944	0.8	1	81526 4418
34	81845	0.8	1	77916 3929
35	89805	0.8	1	84073 5732
36	88016	0.8	1	84225 3791
37	78245	0.8	1	74598 3647
38	86007	0.8	1	81300 4707
39	91557	0.8	1	87015 4542
40	82099	0.8	1	78113 3986
41	83576	0.8	1	80032 3544
42	99557	0.8	1	95379 4178
43	85730	0.8	1	81457 4273
44	91651	0.8	1	86303 5348
45	138111	0.8	1	133776 4335
46	52851	0.8	1	48316 4535
47	85880	0.8	1	82431 3449
48	92671	0.8	1	89084 3587
49	92765	0.8	1	88722 4043
50	87962	0.8	1	83648 4314
51	119671	0.8	1	113550 6121
52	88590	0.8	1	84663 3927
53	86890	0.8	1	83403 3487
54	107329	0.8	1	102986 4343
55	94332	0.8	1	90976 3356
56	99654	0.8	1	95380 4274
57	105141	0.8	1	100933 4208
58	106764	0.8	1	102115 4649
59	108024	0.8	1	102804 5220
60	95645	0.8	1	91784 3861
61	100778	0.8	1	95968 4810
62	98341	0.8	1	94426 3915
63	109503	0.8	1	105322 4181
64	103176	0.8	1	98469 4707
65	113250	0.8	1	106866 6384
66	150163	0.8	1	144430 5733
67	136894	0.8	1	130602 6292
68	185819	0.8	1	178294 7525
69	171989	0.8	1	163041 8948
70	249662	0.8	1	238957 10705
71	58975	0.8	1	53086 5889
72	23593	0.8	1	20991 2602
73	30517	0.8	1	28504 2013
74	53008	0.8	1	50576 2432
75	79823	0.8	1	76547 3276
76	95566	0.8	1	91715 3851
77	104935	0.8	1	100617 4318
78	113710	0.8	1	109052 4658
79	112088	0.8	1	107115 4973
80	114233	0.8	1	109416 4817
81	123585	0.8	1	118368 5217
82	122280	0.8	1	117173 5107
83	122970	0.8	1	117787 5183
84	130302	0.8	1	124919 5383
85	127107	0.8	1	121695 5412
86	128139	0.8	1	122708 5431
87	133734	0.8	1	128106 5628
88	130026	0.8	1	124533 5493
89	129340	0.8	1	124034 5306
90	137755	0.8	1	132148 5607
91	132581	0.8	1	127104 5477
92	130967	0.8	1	125572 5395
93	143458	0.8	1	137635 5823
94	140105	0.8	1	134652 5453
95	142844	0.8	1	137248 5596
96	149362	0.8	1	143678 5684
97	143250	0.8	1	137593 5657
98	143169	0.8	1	137758 5411
99	149712	0.8	1	143954 5758
100	145116	0.8	1	139733 5383
101	146059	0.8	1	140577 5482
102	154875	0.8	1	149079 5796
103	150936	0.8	1	145155 5781
104	155759	0.8	1	150092 5667
105	169092	0.8	1	162902 6190
106	164948	0.8	1	158732 6216
107	167743	0.8	1	161458 6285
108	174158	0.8	1	167650 6508
109	175492	0.8	1	168849 6643
110	178981	0.8	1	172463 6518
111	189583	0.8	1	182246 7337
112	187568	0.8	1	180439 7129
113	194297	0.8	1	187178 7119
114	211618	0.8	1	204006 7612
115	214990	0.8	1	207227 7763
116	226503	0.8	1	218476 8027
117	238545	0.8	1	230398 8147
118	230981	0.8	1	223210 7771
119	236284	0.8	1	228241 8043
120	247482	0.8	1	239465 8017
121	241938	0.8	1	234165 7773
122	239618	0.8	1	232246 7372
123	248970	0.8	1	241171 7799
124	245489	0.8	1	238447 7042
125	242778	0.8	1	235991 6787
126	233504	0.8	1	227094 6410
127	213863	0.8	1	208100 5763
128	192092	0.8	1	186956 5136
129	167351	0.8	1	162984 4367
130	115795	0.8	1	112831 2964
131	71022	0.8	1	69245 1777
132	42623	0.8	1	41544 1079
133	16678	0.8	1	16228 450
134	7715	0.8	1	7455 260
135	4618	0.8	1	4437 181
136	2889	0.8	1	2730 159
137	2891	0.8	1	2741 150
138	1698	0.8	1	1577 121
139	1193	0.8	1	1063 130
140	920	0.8	1	815 105
141	706	0.8	1	568 138
142	450	0.8	1	281 169
143	571	0.8	1	316 255
144	366	0.8	1	77 289
145	523	0.8	1	52 471
146	617	0.8	1	22 595
147	1783	0.8	1	86 1697
148	3335	0.8	1	29 3306
149	36537	0.8	1	141 36396
150	2703399	0.8	1	6519 2696880

=== Second read: Adapter 2 ===

Sequence: AGATCGGAAGAGC; Type: regular 3'; Length: 13; Trimmed: 16905746 times.

No. of allowed errors:
0-9 bp: 0; 10-13 bp: 1

Bases preceding removed adapters:
  A: 24.5%
  C: 2.8%
  G: 4.7%
  T: 68.0%
  none/other: 0.1%

Overview of removed sequences
length	count	expect	max.err	error counts
3	908700	807442.7	0	908700
4	241580	201860.7	0	241580
5	123402	50465.2	0	123402
6	73094	12616.3	0	73094
7	78048	3154.1	0	78048
8	89040	788.5	0	89040
9	69551	197.1	0	68636 915
10	76378	49.3	1	71947 4431
11	82022	12.3	1	77484 4538
12	89365	3.1	1	84957 4408
13	73789	0.8	1	70357 3432
14	78085	0.8	1	73627 4458
15	76197	0.8	1	72469 3728
16	76887	0.8	1	73121 3766
17	79520	0.8	1	75535 3985
18	69965	0.8	1	67221 2744
19	92953	0.8	1	88662 4291
20	70501	0.8	1	66794 3707
21	76574	0.8	1	73130 3444
22	68558	0.8	1	65664 2894
23	71850	0.8	1	68638 3212
24	159845	0.8	1	152690 7155
25	69521	0.8	1	67050 2471
26	55608	0.8	1	53226 2382
27	55938	0.8	1	52929 3009
28	119285	0.8	1	115576 3709
29	34753	0.8	1	32469 2284
30	128345	0.8	1	124404 3941
31	54627	0.8	1	51653 2974
32	304896	0.8	1	299172 5724
33	92088	0.8	1	88035 4053
34	24937	0.8	1	23223 1714
35	130978	0.8	1	127550 3428
36	42363	0.8	1	40614 1749
37	44448	0.8	1	42556 1892
38	53792	0.8	1	52123 1669
39	43650	0.8	1	41747 1903
40	38823	0.8	1	37395 1428
41	82530	0.8	1	80310 2220
42	132355	0.8	1	129294 3061
43	50301	0.8	1	48263 2038
44	100291	0.8	1	97286 3005
45	268206	0.8	1	264311 3895
46	66756	0.8	1	64205 2551
47	65349	0.8	1	63260 2089
48	178197	0.8	1	175233 2964
49	87575	0.8	1	85404 2171
50	49858	0.8	1	48002 1856
51	208577	0.8	1	204888 3689
52	250806	0.8	1	246807 3999
53	116975	0.8	1	114331 2644
54	98089	0.8	1	95672 2417
55	139216	0.8	1	136728 2488
56	64558	0.8	1	62768 1790
57	89985	0.8	1	88051 1934
58	93358	0.8	1	91410 1948
59	56279	0.8	1	54785 1494
60	36386	0.8	1	35205 1181
61	30504	0.8	1	29578 926
62	34290	0.8	1	33402 888
63	41566	0.8	1	40472 1094
64	60346	0.8	1	59014 1332
65	74614	0.8	1	72911 1703
66	89782	0.8	1	87922 1860
67	89775	0.8	1	87917 1858
68	96689	0.8	1	94617 2072
69	99106	0.8	1	96883 2223
70	94533	0.8	1	92448 2085
71	103645	0.8	1	101472 2173
72	108529	0.8	1	106200 2329
73	110992	0.8	1	108575 2417
74	112643	0.8	1	110298 2345
75	119346	0.8	1	116960 2386
76	116401	0.8	1	113943 2458
77	116105	0.8	1	113788 2317
78	122577	0.8	1	120102 2475
79	115934	0.8	1	113508 2426
80	116623	0.8	1	114166 2457
81	126017	0.8	1	123444 2573
82	120361	0.8	1	117920 2441
83	122707	0.8	1	120230 2477
84	129319	0.8	1	126737 2582
85	125139	0.8	1	122637 2502
86	129118	0.8	1	126700 2418
87	137018	0.8	1	134548 2470
88	134777	0.8	1	132430 2347
89	129292	0.8	1	127029 2263
90	135481	0.8	1	133167 2314
91	128915	0.8	1	126673 2242
92	126741	0.8	1	124584 2157
93	141731	0.8	1	139344 2387
94	138588	0.8	1	136390 2198
95	142274	0.8	1	139968 2306
96	149449	0.8	1	147069 2380
97	139937	0.8	1	137623 2314
98	138896	0.8	1	136542 2354
99	146455	0.8	1	143945 2510
100	144563	0.8	1	142199 2364
101	147405	0.8	1	145060 2345
102	156961	0.8	1	154546 2415
103	148329	0.8	1	146042 2287
104	152776	0.8	1	150550 2226
105	165974	0.8	1	163336 2638
106	163332	0.8	1	160860 2472
107	166145	0.8	1	163582 2563
108	172808	0.8	1	170225 2583
109	173677	0.8	1	171128 2549
110	175710	0.8	1	173126 2584
111	187061	0.8	1	184561 2500
112	185124	0.8	1	182542 2582
113	194327	0.8	1	191719 2608
114	212099	0.8	1	209329 2770
115	215119	0.8	1	212289 2830
116	227574	0.8	1	224709 2865
117	233562	0.8	1	230547 3015
118	228529	0.8	1	225719 2810
119	232431	0.8	1	229415 3016
120	243715	0.8	1	240799 2916
121	236468	0.8	1	233639 2829
122	236062	0.8	1	233313 2749
123	246853	0.8	1	243960 2893
124	243165	0.8	1	240336 2829
125	238806	0.8	1	236114 2692
126	230643	0.8	1	228090 2553
127	210047	0.8	1	207723 2324
128	188234	0.8	1	186083 2151
129	161101	0.8	1	159346 1755
130	109987	0.8	1	108774 1213
131	62080	0.8	1	61399 681
132	32297	0.8	1	31942 355
133	12096	0.8	1	11958 138
134	4062	0.8	1	3988 74
135	1647	0.8	1	1617 30
136	298	0.8	1	277 21
137	70	0.8	1	46 24
138	42	0.8	1	25 17
139	25	0.8	1	2 23
140	32	0.8	1	9 23
141	93	0.8	1	54 39
142	32	0.8	1	6 26
143	197	0.8	1	176 21
144	52	0.8	1	33 19
145	36	0.8	1	3 33
146	59	0.8	1	11 48
147	111	0.8	1	65 46
148	65	0.8	1	15 50
149	344	0.8	1	115 229
150	11703	0.8	1	9572 2131

