                                 Started job on |	Sep 14 14:52:56
                             Started mapping on |	Sep 14 14:57:49
                                    Finished on |	Sep 14 15:41:18
       Mapping speed, Million of reads per hour |	93.38

                          Number of input reads |	67674701
                      Average input read length |	298
                                    UNIQUE READS:
                   Uniquely mapped reads number |	45349079
                        Uniquely mapped reads % |	67.01%
                          Average mapped length |	292.76
                       Number of splices: Total |	27978067
            Number of splices: Annotated (sjdb) |	27285736
                       Number of splices: GT/AG |	27639847
                       Number of splices: GC/AG |	273675
                       Number of splices: AT/AC |	22800
               Number of splices: Non-canonical |	41745
                      Mismatch rate per base, % |	1.31%
                         Deletion rate per base |	0.03%
                        Deletion average length |	2.31
                        Insertion rate per base |	0.03%
                       Insertion average length |	1.88
                             MULTI-MAPPING READS:
        Number of reads mapped to multiple loci |	2553758
             % of reads mapped to multiple loci |	3.77%
        Number of reads mapped to too many loci |	859
             % of reads mapped to too many loci |	0.00%
                                  UNMAPPED READS:
       % of reads unmapped: too many mismatches |	12.78%
                 % of reads unmapped: too short |	11.24%
                     % of reads unmapped: other |	5.20%
                                  CHIMERIC READS:
                       Number of chimeric reads |	0
                            % of chimeric reads |	0.00%
