This is cutadapt 1.16 with Python 3.6.4
Command line parameters: -j 2 -a AGATCGGAAGAGC -A AGATCGGAAGAGC --trim-n -m 50 -q 20,20 -o /home1/gyang/work_space/4.ProjectET/batch3-1_cr/2.cutdata/TSC_Cdx2_1k_rep3.R1_cut.fq -p /home1/gyang/work_space/4.ProjectET/batch3-1_cr/2.cutdata/TSC_Cdx2_1k_rep3.R2_cut.fq TSC_Cdx2_1k_rep3.R1.fq.gz TSC_Cdx2_1k_rep3.R2.fq.gz
Running on 2 cores
Trimming 2 adapters with at most 10.0% errors in paired-end mode ...
Finished in 1607.12 s (34 us/read; 1.76 M reads/minute).

=== Summary ===

Total read pairs processed:         47,176,415
  Read 1 with adapter:              17,544,265 (37.2%)
  Read 2 with adapter:              12,494,486 (26.5%)
Pairs that were too short:           6,375,528 (13.5%)
Pairs written (passing filters):    40,800,887 (86.5%)

Total basepairs processed: 14,152,924,500 bp
  Read 1: 7,076,462,250 bp
  Read 2: 7,076,462,250 bp
Quality-trimmed:              52,314,788 bp (0.4%)
  Read 1:    19,178,126 bp
  Read 2:    33,136,662 bp
Total written (filtered):  11,296,983,139 bp (79.8%)
  Read 1: 5,649,038,542 bp
  Read 2: 5,647,944,597 bp

=== First read: Adapter 1 ===

Sequence: AGATCGGAAGAGC; Type: regular 3'; Length: 13; Trimmed: 17544265 times.

No. of allowed errors:
0-9 bp: 0; 10-13 bp: 1

Bases preceding removed adapters:
  A: 15.4%
  C: 12.4%
  G: 17.4%
  T: 26.0%
  none/other: 28.8%

Overview of removed sequences
length	count	expect	max.err	error counts
3	863752	737131.5	0	863752
4	313643	184282.9	0	313643
5	206391	46070.7	0	206391
6	161513	11517.7	0	161513
7	158825	2879.4	0	158825
8	171974	719.9	0	171974
9	166825	180.0	0	165777 1048
10	158669	45.0	1	151708 6961
11	170097	11.2	1	158457 11640
12	155489	2.8	1	146663 8826
13	139351	0.7	1	131334 8017
14	140188	0.7	1	130897 9291
15	141647	0.7	1	133244 8403
16	147733	0.7	1	136887 10846
17	174268	0.7	1	161223 13045
18	158285	0.7	1	149654 8631
19	141748	0.7	1	133990 7758
20	143034	0.7	1	133941 9093
21	132701	0.7	1	124308 8393
22	118462	0.7	1	112084 6378
23	117431	0.7	1	110239 7192
24	118740	0.7	1	109760 8980
25	115794	0.7	1	108888 6906
26	119552	0.7	1	112689 6863
27	134594	0.7	1	126553 8041
28	132765	0.7	1	125525 7240
29	151487	0.7	1	140790 10697
30	141920	0.7	1	134795 7125
31	127826	0.7	1	121439 6387
32	127280	0.7	1	120600 6680
33	115754	0.7	1	108891 6863
34	116026	0.7	1	108887 7139
35	109882	0.7	1	104484 5398
36	118297	0.7	1	110002 8295
37	109083	0.7	1	103860 5223
38	126614	0.7	1	120025 6589
39	131295	0.7	1	124577 6718
40	126833	0.7	1	120728 6105
41	122342	0.7	1	114727 7615
42	119096	0.7	1	111104 7992
43	141055	0.7	1	135030 6025
44	55929	0.7	1	51265 4664
45	84138	0.7	1	80113 4025
46	104383	0.7	1	99133 5250
47	99600	0.7	1	94323 5277
48	94167	0.7	1	88425 5742
49	147262	0.7	1	138468 8794
50	106958	0.7	1	101756 5202
51	81699	0.7	1	77977 3722
52	97319	0.7	1	92794 4525
53	107366	0.7	1	102914 4452
54	96114	0.7	1	91329 4785
55	89201	0.7	1	85418 3783
56	93789	0.7	1	89596 4193
57	122552	0.7	1	117546 5006
58	54259	0.7	1	51289 2970
59	79583	0.7	1	75748 3835
60	141822	0.7	1	137267 4555
61	92816	0.7	1	89339 3477
62	72400	0.7	1	69335 3065
63	79403	0.7	1	75597 3806
64	152591	0.7	1	148284 4307
65	78813	0.7	1	75159 3654
66	130428	0.7	1	126393 4035
67	77064	0.7	1	73384 3680
68	65754	0.7	1	62242 3512
69	12098	0.7	1	10568 1530
70	19922	0.7	1	18884 1038
71	48525	0.7	1	46910 1615
72	63167	0.7	1	61011 2156
73	69161	0.7	1	66690 2471
74	72489	0.7	1	69733 2756
75	74948	0.7	1	72021 2927
76	73185	0.7	1	70155 3030
77	72897	0.7	1	70001 2896
78	74741	0.7	1	71832 2909
79	78922	0.7	1	75753 3169
80	84366	0.7	1	80939 3427
81	86434	0.7	1	83004 3430
82	82042	0.7	1	78598 3444
83	77972	0.7	1	74831 3141
84	76798	0.7	1	73586 3212
85	74676	0.7	1	71537 3139
86	75063	0.7	1	71894 3169
87	74308	0.7	1	71151 3157
88	73670	0.7	1	70447 3223
89	76789	0.7	1	73639 3150
90	84116	0.7	1	80534 3582
91	88322	0.7	1	84847 3475
92	79243	0.7	1	76067 3176
93	76814	0.7	1	73836 2978
94	75446	0.7	1	72469 2977
95	72545	0.7	1	69664 2881
96	71270	0.7	1	68367 2903
97	68555	0.7	1	65957 2598
98	68434	0.7	1	65789 2645
99	70749	0.7	1	68078 2671
100	73233	0.7	1	70619 2614
101	73099	0.7	1	70498 2601
102	68502	0.7	1	66117 2385
103	64098	0.7	1	61833 2265
104	62249	0.7	1	60167 2082
105	60384	0.7	1	58183 2201
106	56791	0.7	1	54872 1919
107	55603	0.7	1	53670 1933
108	54985	0.7	1	53162 1823
109	58094	0.7	1	56166 1928
110	63326	0.7	1	61367 1959
111	69670	0.7	1	67478 2192
112	62791	0.7	1	60880 1911
113	56579	0.7	1	54753 1826
114	52660	0.7	1	50977 1683
115	47838	0.7	1	46298 1540
116	44330	0.7	1	42934 1396
117	41909	0.7	1	40626 1283
118	35828	0.7	1	34709 1119
119	34455	0.7	1	33377 1078
120	35165	0.7	1	34050 1115
121	29996	0.7	1	29073 923
122	22037	0.7	1	21311 726
123	16977	0.7	1	16355 622
124	11042	0.7	1	10562 480
125	7483	0.7	1	7160 323
126	5300	0.7	1	5059 241
127	2994	0.7	1	2856 138
128	1896	0.7	1	1799 97
129	1169	0.7	1	1093 76
130	795	0.7	1	741 54
131	567	0.7	1	535 32
132	282	0.7	1	243 39
133	207	0.7	1	160 47
134	134	0.7	1	95 39
135	107	0.7	1	77 30
136	77	0.7	1	49 28
137	46	0.7	1	22 24
138	96	0.7	1	61 35
139	70	0.7	1	27 43
140	73	0.7	1	22 51
141	152	0.7	1	82 70
142	141	0.7	1	79 62
143	319	0.7	1	226 93
144	237	0.7	1	122 115
145	220	0.7	1	56 164
146	257	0.7	1	24 233
147	824	0.7	1	63 761
148	2201	0.7	1	12 2189
149	35785	0.7	1	52 35733
150	5039854	0.7	1	562 5039292

=== Second read: Adapter 2 ===

Sequence: AGATCGGAAGAGC; Type: regular 3'; Length: 13; Trimmed: 12494486 times.

No. of allowed errors:
0-9 bp: 0; 10-13 bp: 1

Bases preceding removed adapters:
  A: 21.7%
  C: 17.3%
  G: 24.1%
  T: 36.9%
  none/other: 0.0%

Overview of removed sequences
length	count	expect	max.err	error counts
3	863739	737131.5	0	863739
4	309311	184282.9	0	309311
5	198371	46070.7	0	198371
6	165926	11517.7	0	165926
7	169415	2879.4	0	169415
8	186704	719.9	0	186704
9	148087	180.0	0	147199 888
10	168758	45.0	1	161049 7709
11	164003	11.2	1	155577 8426
12	161212	2.8	1	151956 9256
13	140133	0.7	1	132911 7222
14	148383	0.7	1	139136 9247
15	136569	0.7	1	130054 6515
16	146413	0.7	1	139352 7061
17	186663	0.7	1	176764 9899
18	136607	0.7	1	130731 5876
19	216768	0.7	1	205719 11049
20	112125	0.7	1	106459 5666
21	116817	0.7	1	111051 5766
22	114405	0.7	1	109779 4626
23	120477	0.7	1	114969 5508
24	316214	0.7	1	302282 13932
25	77244	0.7	1	73222 4022
26	80652	0.7	1	77152 3500
27	80807	0.7	1	75774 5033
28	229718	0.7	1	222362 7356
29	50245	0.7	1	46387 3858
30	229095	0.7	1	221301 7794
31	67747	0.7	1	63174 4573
32	318204	0.7	1	309886 8318
33	115790	0.7	1	110803 4987
34	44774	0.7	1	41768 3006
35	165822	0.7	1	161087 4735
36	75938	0.7	1	72642 3296
37	70044	0.7	1	66800 3244
38	93167	0.7	1	89932 3235
39	74567	0.7	1	71108 3459
40	74149	0.7	1	71526 2623
41	115125	0.7	1	111831 3294
42	135882	0.7	1	131997 3885
43	69008	0.7	1	66141 2867
44	94851	0.7	1	91584 3267
45	196647	0.7	1	192721 3926
46	75472	0.7	1	72618 2854
47	79059	0.7	1	76567 2492
48	152889	0.7	1	149321 3568
49	102263	0.7	1	98970 3293
50	75904	0.7	1	73199 2705
51	155384	0.7	1	151329 4055
52	169493	0.7	1	165134 4359
53	107408	0.7	1	104340 3068
54	90983	0.7	1	88218 2765
55	123497	0.7	1	120522 2975
56	76942	0.7	1	74658 2284
57	93350	0.7	1	90854 2496
58	103063	0.7	1	100632 2431
59	74973	0.7	1	72874 2099
60	52767	0.7	1	51047 1720
61	43381	0.7	1	41937 1444
62	42884	0.7	1	41502 1382
63	45828	0.7	1	44541 1287
64	58470	0.7	1	56954 1516
65	59451	0.7	1	57784 1667
66	62310	0.7	1	60721 1589
67	63216	0.7	1	61498 1718
68	68003	0.7	1	66207 1796
69	76818	0.7	1	74696 2122
70	80649	0.7	1	78484 2165
71	90467	0.7	1	88244 2223
72	84013	0.7	1	81931 2082
73	84382	0.7	1	82235 2147
74	78458	0.7	1	76397 2061
75	76611	0.7	1	74647 1964
76	72757	0.7	1	70868 1889
77	72224	0.7	1	70411 1813
78	74840	0.7	1	72958 1882
79	76957	0.7	1	75095 1862
80	82983	0.7	1	81037 1946
81	85088	0.7	1	82979 2109
82	78268	0.7	1	76353 1915
83	75684	0.7	1	73972 1712
84	74229	0.7	1	72537 1692
85	72729	0.7	1	71018 1711
86	75644	0.7	1	73991 1653
87	76837	0.7	1	75133 1704
88	77150	0.7	1	75430 1720
89	75866	0.7	1	74183 1683
90	79190	0.7	1	77408 1782
91	76696	0.7	1	74928 1768
92	74335	0.7	1	72772 1563
93	74742	0.7	1	73180 1562
94	73123	0.7	1	71521 1602
95	71431	0.7	1	69916 1515
96	70045	0.7	1	68602 1443
97	66276	0.7	1	64920 1356
98	66119	0.7	1	64726 1393
99	67957	0.7	1	66574 1383
100	71848	0.7	1	70392 1456
101	71541	0.7	1	70165 1376
102	67600	0.7	1	66267 1333
103	61872	0.7	1	60689 1183
104	61532	0.7	1	60364 1168
105	59574	0.7	1	58469 1105
106	56648	0.7	1	55587 1061
107	55011	0.7	1	54000 1011
108	53932	0.7	1	52980 952
109	57117	0.7	1	56090 1027
110	62522	0.7	1	61415 1107
111	70241	0.7	1	69053 1188
112	62865	0.7	1	61844 1021
113	56713	0.7	1	55745 968
114	53145	0.7	1	52235 910
115	47028	0.7	1	46254 774
116	44034	0.7	1	43329 705
117	41368	0.7	1	40716 652
118	35685	0.7	1	35059 626
119	34433	0.7	1	33853 580
120	35015	0.7	1	34426 589
121	29987	0.7	1	29558 429
122	22168	0.7	1	21838 330
123	17126	0.7	1	16872 254
124	11248	0.7	1	11047 201
125	7631	0.7	1	7493 138
126	5394	0.7	1	5300 94
127	3126	0.7	1	3060 66
128	1955	0.7	1	1913 42
129	1162	0.7	1	1118 44
130	788	0.7	1	750 38
131	570	0.7	1	508 62
132	273	0.7	1	243 30
133	204	0.7	1	160 44
134	105	0.7	1	83 22
135	103	0.7	1	68 35
136	69	0.7	1	45 24
137	42	0.7	1	21 21
138	85	0.7	1	60 25
139	40	0.7	1	24 16
140	31	0.7	1	15 16
141	124	0.7	1	89 35
142	78	0.7	1	54 24
143	248	0.7	1	219 29
144	103	0.7	1	78 25
145	75	0.7	1	42 33
146	37	0.7	1	18 19
147	85	0.7	1	61 24
148	44	0.7	1	14 30
149	256	0.7	1	95 161
150	5471	0.7	1	569 4902

