This is cutadapt 1.16 with Python 3.6.4
Command line parameters: -j 2 -a AGATCGGAAGAGC -A AGATCGGAAGAGC --trim-n -m 50 -q 20,20 -o /home1/gyang/work_space/4.ProjectET/batch3-1_cr/2.cutdata/TSC_Cdx2_10k_rep2.R1_cut.fq -p /home1/gyang/work_space/4.ProjectET/batch3-1_cr/2.cutdata/TSC_Cdx2_10k_rep2.R2_cut.fq TSC_Cdx2_10k_rep2.R1.fq.gz TSC_Cdx2_10k_rep2.R2.fq.gz
Running on 2 cores
Trimming 2 adapters with at most 10.0% errors in paired-end mode ...
Finished in 1544.64 s (34 us/read; 1.78 M reads/minute).

=== Summary ===

Total read pairs processed:         45,759,991
  Read 1 with adapter:              14,120,831 (30.9%)
  Read 2 with adapter:              12,109,472 (26.5%)
Pairs that were too short:           3,291,609 (7.2%)
Pairs written (passing filters):    42,468,382 (92.8%)

Total basepairs processed: 13,727,997,300 bp
  Read 1: 6,863,998,650 bp
  Read 2: 6,863,998,650 bp
Quality-trimmed:              73,923,974 bp (0.5%)
  Read 1:    34,303,021 bp
  Read 2:    39,620,953 bp
Total written (filtered):  11,828,486,200 bp (86.2%)
  Read 1: 5,915,193,262 bp
  Read 2: 5,913,292,938 bp

=== First read: Adapter 1 ===

Sequence: AGATCGGAAGAGC; Type: regular 3'; Length: 13; Trimmed: 14120831 times.

No. of allowed errors:
0-9 bp: 0; 10-13 bp: 1

Bases preceding removed adapters:
  A: 19.4%
  C: 13.3%
  G: 16.8%
  T: 36.3%
  none/other: 14.2%

Overview of removed sequences
length	count	expect	max.err	error counts
3	907673	714999.9	0	907673
4	312983	178750.0	0	312983
5	191346	44687.5	0	191346
6	157401	11171.9	0	157401
7	155629	2793.0	0	155629
8	163882	698.2	0	163882
9	151008	174.6	0	149806 1202
10	151980	43.6	1	146221 5759
11	155644	10.9	1	147026 8618
12	146465	2.7	1	139276 7189
13	130092	0.7	1	124049 6043
14	132817	0.7	1	125456 7361
15	135784	0.7	1	129160 6624
16	140878	0.7	1	132587 8291
17	160513	0.7	1	151248 9265
18	153672	0.7	1	146984 6688
19	136221	0.7	1	130383 5838
20	134206	0.7	1	128129 6077
21	124821	0.7	1	119114 5707
22	111807	0.7	1	107080 4727
23	108169	0.7	1	103257 4912
24	112269	0.7	1	105954 6315
25	107949	0.7	1	103037 4912
26	114652	0.7	1	109660 4992
27	129581	0.7	1	123705 5876
28	126253	0.7	1	120798 5455
29	143197	0.7	1	135580 7617
30	137465	0.7	1	132221 5244
31	125259	0.7	1	120384 4875
32	120314	0.7	1	115470 4844
33	111254	0.7	1	106192 5062
34	106079	0.7	1	101662 4417
35	107300	0.7	1	101900 5400
36	121312	0.7	1	115132 6180
37	115504	0.7	1	110697 4807
38	120881	0.7	1	115726 5155
39	129817	0.7	1	125040 4777
40	139160	0.7	1	133230 5930
41	130051	0.7	1	122311 7740
42	128051	0.7	1	120547 7504
43	180781	0.7	1	173850 6931
44	58912	0.7	1	54104 4808
45	109751	0.7	1	102884 6867
46	795570	0.7	1	781351 14219
47	188359	0.7	1	176698 11661
48	39160	0.7	1	34807 4353
49	247625	0.7	1	241924 5701
50	146112	0.7	1	140566 5546
51	20240	0.7	1	17807 2433
52	87173	0.7	1	84848 2325
53	135383	0.7	1	132565 2818
54	46745	0.7	1	44413 2332
55	22643	0.7	1	21498 1145
56	18491	0.7	1	17440 1051
57	73696	0.7	1	72037 1659
58	10726	0.7	1	9447 1279
59	22231	0.7	1	21119 1112
60	89257	0.7	1	87290 1967
61	18157	0.7	1	16695 1462
62	13400	0.7	1	12560 840
63	43265	0.7	1	41939 1326
64	73218	0.7	1	71395 1823
65	13863	0.7	1	12558 1305
66	27786	0.7	1	26741 1045
67	35704	0.7	1	34326 1378
68	53631	0.7	1	51744 1887
69	10103	0.7	1	8939 1164
70	6002	0.7	1	5419 583
71	21950	0.7	1	21186 764
72	45844	0.7	1	44485 1359
73	60366	0.7	1	58678 1688
74	68666	0.7	1	66585 2081
75	73220	0.7	1	70770 2450
76	69670	0.7	1	67266 2404
77	70070	0.7	1	67698 2372
78	72349	0.7	1	69877 2472
79	72536	0.7	1	69979 2557
80	78466	0.7	1	75724 2742
81	83131	0.7	1	80321 2810
82	79925	0.7	1	77173 2752
83	74627	0.7	1	71983 2644
84	72740	0.7	1	70265 2475
85	68558	0.7	1	66255 2303
86	67782	0.7	1	65426 2356
87	68789	0.7	1	66394 2395
88	66688	0.7	1	64247 2441
89	69004	0.7	1	66735 2269
90	76201	0.7	1	73680 2521
91	74564	0.7	1	72167 2397
92	73935	0.7	1	71493 2442
93	75130	0.7	1	72682 2448
94	73197	0.7	1	70890 2307
95	67650	0.7	1	65369 2281
96	68769	0.7	1	66523 2246
97	64167	0.7	1	62127 2040
98	65134	0.7	1	63111 2023
99	66219	0.7	1	64180 2039
100	65316	0.7	1	63281 2035
101	65749	0.7	1	63713 2036
102	68626	0.7	1	66537 2089
103	66219	0.7	1	64163 2056
104	65249	0.7	1	63201 2048
105	64526	0.7	1	62567 1959
106	59706	0.7	1	57878 1828
107	58641	0.7	1	56841 1800
108	58757	0.7	1	56950 1807
109	57339	0.7	1	55580 1759
110	57594	0.7	1	55889 1705
111	59933	0.7	1	58127 1806
112	58296	0.7	1	56586 1710
113	56193	0.7	1	54524 1669
114	56002	0.7	1	54435 1567
115	49427	0.7	1	48033 1394
116	46077	0.7	1	44739 1338
117	41412	0.7	1	40245 1167
118	35391	0.7	1	34350 1041
119	31262	0.7	1	30359 903
120	27699	0.7	1	26870 829
121	23164	0.7	1	22455 709
122	17897	0.7	1	17347 550
123	13928	0.7	1	13497 431
124	10369	0.7	1	10041 328
125	6827	0.7	1	6570 257
126	4397	0.7	1	4224 173
127	2752	0.7	1	2639 113
128	1798	0.7	1	1708 90
129	1000	0.7	1	957 43
130	588	0.7	1	549 39
131	367	0.7	1	328 39
132	147	0.7	1	124 23
133	104	0.7	1	64 40
134	54	0.7	1	31 23
135	50	0.7	1	27 23
136	37	0.7	1	16 21
137	33	0.7	1	15 18
138	48	0.7	1	22 26
139	68	0.7	1	13 55
140	33	0.7	1	8 25
141	66	0.7	1	23 43
142	37	0.7	1	6 31
143	61	0.7	1	30 31
144	65	0.7	1	21 44
145	75	0.7	1	9 66
146	65	0.7	1	7 58
147	211	0.7	1	17 194
148	876	0.7	1	13 863
149	18427	0.7	1	78 18349
150	2001203	0.7	1	7556 1993647

=== Second read: Adapter 2 ===

Sequence: AGATCGGAAGAGC; Type: regular 3'; Length: 13; Trimmed: 12109472 times.

No. of allowed errors:
0-9 bp: 0; 10-13 bp: 1

Bases preceding removed adapters:
  A: 22.6%
  C: 15.4%
  G: 19.3%
  T: 42.6%
  none/other: 0.1%

Overview of removed sequences
length	count	expect	max.err	error counts
3	919751	714999.9	0	919751
4	316508	178750.0	0	316508
5	192440	44687.5	0	192440
6	154037	11171.9	0	154037
7	158770	2793.0	0	158770
8	171239	698.2	0	171239
9	140096	174.6	0	139096 1000
10	156269	43.6	1	148659 7610
11	153406	10.9	1	144414 8992
12	150534	2.7	1	141638 8896
13	128906	0.7	1	122747 6159
14	137267	0.7	1	129168 8099
15	132279	0.7	1	125499 6780
16	139635	0.7	1	132535 7100
17	170924	0.7	1	162031 8893
18	134190	0.7	1	128444 5746
19	182299	0.7	1	172965 9334
20	118635	0.7	1	112610 6025
21	116469	0.7	1	110865 5604
22	106429	0.7	1	101732 4697
23	110592	0.7	1	105262 5330
24	284800	0.7	1	271762 13038
25	84728	0.7	1	80547 4181
26	80490	0.7	1	76829 3661
27	75094	0.7	1	70426 4668
28	213729	0.7	1	206737 6992
29	51631	0.7	1	48074 3557
30	209260	0.7	1	202410 6850
31	81253	0.7	1	76939 4314
32	359887	0.7	1	351411 8476
33	126669	0.7	1	121050 5619
34	36912	0.7	1	34451 2461
35	175105	0.7	1	170513 4592
36	58060	0.7	1	55103 2957
37	83838	0.7	1	80844 2994
38	68999	0.7	1	66358 2641
39	75789	0.7	1	72903 2886
40	54185	0.7	1	52044 2141
41	115057	0.7	1	111748 3309
42	148333	0.7	1	144370 3963
43	55229	0.7	1	52872 2357
44	97604	0.7	1	94428 3176
45	283994	0.7	1	279668 4326
46	73138	0.7	1	70009 3129
47	66207	0.7	1	63760 2447
48	203411	0.7	1	199459 3952
49	92338	0.7	1	89304 3034
50	58997	0.7	1	56842 2155
51	202925	0.7	1	198770 4155
52	219874	0.7	1	215638 4236
53	92516	0.7	1	89829 2687
54	88570	0.7	1	86024 2546
55	100030	0.7	1	97679 2351
56	50695	0.7	1	48997 1698
57	74111	0.7	1	71965 2146
58	101788	0.7	1	99432 2356
59	57264	0.7	1	55555 1709
60	40450	0.7	1	39034 1416
61	36774	0.7	1	35594 1180
62	35151	0.7	1	34034 1117
63	37438	0.7	1	36330 1108
64	46265	0.7	1	45113 1152
65	45518	0.7	1	44087 1431
66	51923	0.7	1	50564 1359
67	53411	0.7	1	51982 1429
68	60884	0.7	1	59329 1555
69	68699	0.7	1	67017 1682
70	73172	0.7	1	71395 1777
71	83580	0.7	1	81655 1925
72	80204	0.7	1	78297 1907
73	78010	0.7	1	76213 1797
74	72195	0.7	1	70545 1650
75	71015	0.7	1	69443 1572
76	65379	0.7	1	63807 1572
77	66550	0.7	1	65035 1515
78	71410	0.7	1	69881 1529
79	69000	0.7	1	67416 1584
80	75919	0.7	1	74332 1587
81	80674	0.7	1	79030 1644
82	73196	0.7	1	71641 1555
83	70960	0.7	1	69453 1507
84	69026	0.7	1	67625 1401
85	65484	0.7	1	64135 1349
86	68139	0.7	1	66763 1376
87	71797	0.7	1	70415 1382
88	71572	0.7	1	70223 1349
89	67794	0.7	1	66520 1274
90	70637	0.7	1	69272 1365
91	68528	0.7	1	67233 1295
92	68745	0.7	1	67450 1295
93	73057	0.7	1	71701 1356
94	70896	0.7	1	69600 1296
95	67758	0.7	1	66629 1129
96	68441	0.7	1	67244 1197
97	62618	0.7	1	61462 1156
98	61678	0.7	1	60621 1057
99	62741	0.7	1	61676 1065
100	62231	0.7	1	61237 994
101	61009	0.7	1	59917 1092
102	66853	0.7	1	65780 1073
103	63950	0.7	1	62922 1028
104	64423	0.7	1	63410 1013
105	63030	0.7	1	62055 975
106	59477	0.7	1	58505 972
107	57532	0.7	1	56657 875
108	56897	0.7	1	56094 803
109	55689	0.7	1	54926 763
110	56327	0.7	1	55466 861
111	60417	0.7	1	59557 860
112	58542	0.7	1	57717 825
113	56337	0.7	1	55561 776
114	56260	0.7	1	55520 740
115	47570	0.7	1	46925 645
116	45126	0.7	1	44517 609
117	40290	0.7	1	39748 542
118	34921	0.7	1	34447 474
119	30897	0.7	1	30500 397
120	27324	0.7	1	26869 455
121	23036	0.7	1	22694 342
122	17813	0.7	1	17546 267
123	13914	0.7	1	13709 205
124	10376	0.7	1	10217 159
125	6828	0.7	1	6687 141
126	4423	0.7	1	4331 92
127	2772	0.7	1	2716 56
128	1814	0.7	1	1762 52
129	988	0.7	1	951 37
130	597	0.7	1	572 25
131	343	0.7	1	314 29
132	151	0.7	1	125 26
133	86	0.7	1	63 23
134	55	0.7	1	29 26
135	49	0.7	1	30 19
136	39	0.7	1	17 22
137	39	0.7	1	18 21
138	32	0.7	1	21 11
139	37	0.7	1	10 27
140	27	0.7	1	4 23
141	48	0.7	1	28 20
142	21	0.7	1	9 12
143	47	0.7	1	28 19
144	37	0.7	1	16 21
145	25	0.7	1	5 20
146	25	0.7	1	5 20
147	43	0.7	1	18 25
148	53	0.7	1	14 39
149	303	0.7	1	132 171
150	10476	0.7	1	7669 2807

