This is cutadapt 1.16 with Python 3.6.4
Command line parameters: -j 2 -a AGATCGGAAGAGC -A AGATCGGAAGAGC --trim-n -m 50 -q 20,20 -o /home1/gyang/work_space/4.ProjectET/batch3-1_cr/2.cutdata/TSC_Cdx2_1k_rep4.R1_cut.fq -p /home1/gyang/work_space/4.ProjectET/batch3-1_cr/2.cutdata/TSC_Cdx2_1k_rep4.R2_cut.fq TSC_Cdx2_1k_rep4.R1.fq.gz TSC_Cdx2_1k_rep4.R2.fq.gz
Running on 2 cores
Trimming 2 adapters with at most 10.0% errors in paired-end mode ...
Finished in 1444.52 s (35 us/read; 1.71 M reads/minute).

=== Summary ===

Total read pairs processed:         41,160,918
  Read 1 with adapter:              16,685,884 (40.5%)
  Read 2 with adapter:               8,018,019 (19.5%)
Pairs that were too short:           9,637,692 (23.4%)
Pairs written (passing filters):    31,523,226 (76.6%)

Total basepairs processed: 12,348,275,400 bp
  Read 1: 6,174,137,700 bp
  Read 2: 6,174,137,700 bp
Quality-trimmed:              43,617,878 bp (0.4%)
  Read 1:    14,805,259 bp
  Read 2:    28,812,619 bp
Total written (filtered):  8,822,904,566 bp (71.5%)
  Read 1: 4,412,375,361 bp
  Read 2: 4,410,529,205 bp

=== First read: Adapter 1 ===

Sequence: AGATCGGAAGAGC; Type: regular 3'; Length: 13; Trimmed: 16685884 times.

No. of allowed errors:
0-9 bp: 0; 10-13 bp: 1

Bases preceding removed adapters:
  A: 10.1%
  C: 7.7%
  G: 11.6%
  T: 18.5%
  none/other: 52.1%

Overview of removed sequences
length	count	expect	max.err	error counts
3	658619	643139.3	0	658619
4	210225	160784.8	0	210225
5	120550	40196.2	0	120550
6	90780	10049.1	0	90780
7	86645	2512.3	0	86645
8	93391	628.1	0	93391
9	89641	157.0	0	88859 782
10	85877	39.3	1	81278 4599
11	93450	9.8	1	85893 7557
12	85277	2.5	1	79222 6055
13	77170	0.6	1	71928 5242
14	77588	0.6	1	71573 6015
15	80139	0.6	1	74163 5976
16	80525	0.6	1	73681 6844
17	93469	0.6	1	85302 8167
18	86134	0.6	1	80423 5711
19	75783	0.6	1	70616 5167
20	76688	0.6	1	71205 5483
21	73331	0.6	1	67897 5434
22	66119	0.6	1	61750 4369
23	65015	0.6	1	60315 4700
24	67651	0.6	1	61743 5908
25	66149	0.6	1	61306 4843
26	67215	0.6	1	62545 4670
27	75279	0.6	1	69882 5397
28	71720	0.6	1	67101 4619
29	82069	0.6	1	75342 6727
30	77529	0.6	1	72611 4918
31	70689	0.6	1	66105 4584
32	70963	0.6	1	66503 4460
33	67427	0.6	1	62699 4728
34	71109	0.6	1	65457 5652
35	61764	0.6	1	57947 3817
36	65098	0.6	1	61153 3945
37	65857	0.6	1	61390 4467
38	79739	0.6	1	75009 4730
39	65859	0.6	1	60743 5116
40	73618	0.6	1	69142 4476
41	75729	0.6	1	69649 6080
42	62654	0.6	1	58385 4269
43	86822	0.6	1	82503 4319
44	31577	0.6	1	28197 3380
45	52214	0.6	1	49233 2981
46	60543	0.6	1	56734 3809
47	60011	0.6	1	56172 3839
48	58560	0.6	1	54330 4230
49	77128	0.6	1	71584 5544
50	65015	0.6	1	61118 3897
51	55449	0.6	1	52273 3176
52	60568	0.6	1	56943 3625
53	64357	0.6	1	60749 3608
54	57070	0.6	1	53311 3759
55	59556	0.6	1	56117 3439
56	61736	0.6	1	58112 3624
57	67936	0.6	1	63871 4065
58	43103	0.6	1	40400 2703
59	53370	0.6	1	50237 3133
60	84171	0.6	1	80324 3847
61	67212	0.6	1	63898 3314
62	51987	0.6	1	49213 2774
63	51530	0.6	1	48154 3376
64	95048	0.6	1	91482 3566
65	65220	0.6	1	61392 3828
66	100953	0.6	1	97106 3847
67	55505	0.6	1	51778 3727
68	47125	0.6	1	43860 3265
69	9997	0.6	1	8507 1490
70	15020	0.6	1	14137 883
71	35045	0.6	1	33648 1397
72	46214	0.6	1	44245 1969
73	49842	0.6	1	47531 2311
74	52122	0.6	1	49600 2522
75	54412	0.6	1	51779 2633
76	54023	0.6	1	51263 2760
77	53539	0.6	1	50768 2771
78	56099	0.6	1	53108 2991
79	57170	0.6	1	54151 3019
80	61916	0.6	1	58764 3152
81	63530	0.6	1	60198 3332
82	60187	0.6	1	57022 3165
83	57416	0.6	1	54296 3120
84	57810	0.6	1	54715 3095
85	56259	0.6	1	53246 3013
86	56352	0.6	1	53307 3045
87	56114	0.6	1	52978 3136
88	55178	0.6	1	52102 3076
89	58040	0.6	1	54956 3084
90	63102	0.6	1	59583 3519
91	62369	0.6	1	58999 3370
92	60247	0.6	1	57215 3032
93	59210	0.6	1	56284 2926
94	58064	0.6	1	55135 2929
95	54931	0.6	1	52107 2824
96	54498	0.6	1	51837 2661
97	52170	0.6	1	49503 2667
98	52000	0.6	1	49452 2548
99	53304	0.6	1	50745 2559
100	55278	0.6	1	52745 2533
101	54936	0.6	1	52302 2634
102	51932	0.6	1	49591 2341
103	48742	0.6	1	46475 2267
104	45830	0.6	1	43741 2089
105	44617	0.6	1	42544 2073
106	41835	0.6	1	39833 2002
107	40918	0.6	1	39012 1906
108	39846	0.6	1	38035 1811
109	42004	0.6	1	40118 1886
110	44999	0.6	1	43065 1934
111	49634	0.6	1	47533 2101
112	44718	0.6	1	42757 1961
113	40016	0.6	1	38199 1817
114	36916	0.6	1	35254 1662
115	32822	0.6	1	31367 1455
116	30756	0.6	1	29355 1401
117	28429	0.6	1	27160 1269
118	23989	0.6	1	22889 1100
119	22879	0.6	1	21837 1042
120	23032	0.6	1	22017 1015
121	19293	0.6	1	18395 898
122	14028	0.6	1	13348 680
123	10947	0.6	1	10397 550
124	7419	0.6	1	7023 396
125	4781	0.6	1	4481 300
126	3298	0.6	1	3062 236
127	1827	0.6	1	1685 142
128	1137	0.6	1	1046 91
129	747	0.6	1	681 66
130	485	0.6	1	424 61
131	396	0.6	1	352 44
132	174	0.6	1	150 24
133	123	0.6	1	92 31
134	88	0.6	1	55 33
135	107	0.6	1	57 50
136	91	0.6	1	39 52
137	86	0.6	1	39 47
138	81	0.6	1	41 40
139	104	0.6	1	21 83
140	81	0.6	1	17 64
141	168	0.6	1	74 94
142	204	0.6	1	91 113
143	286	0.6	1	140 146
144	412	0.6	1	193 219
145	478	0.6	1	98 380
146	545	0.6	1	23 522
147	1617	0.6	1	18 1599
148	3568	0.6	1	16 3552
149	35757	0.6	1	23 35734
150	8658948	0.6	1	1026 8657922

=== Second read: Adapter 2 ===

Sequence: AGATCGGAAGAGC; Type: regular 3'; Length: 13; Trimmed: 8018019 times.

No. of allowed errors:
0-9 bp: 0; 10-13 bp: 1

Bases preceding removed adapters:
  A: 21.0%
  C: 15.9%
  G: 24.2%
  T: 38.8%
  none/other: 0.1%

Overview of removed sequences
length	count	expect	max.err	error counts
3	660560	643139.3	0	660560
4	207237	160784.8	0	207237
5	116531	40196.2	0	116531
6	93294	10049.1	0	93294
7	92913	2512.3	0	92913
8	101015	628.1	0	101015
9	80241	157.0	0	79512 729
10	91610	39.3	1	86799 4811
11	90034	9.8	1	84921 5113
12	88863	2.5	1	83172 5691
13	77510	0.6	1	72994 4516
14	83219	0.6	1	77644 5575
15	76348	0.6	1	72096 4252
16	80439	0.6	1	76192 4247
17	100931	0.6	1	95040 5891
18	74141	0.6	1	70490 3651
19	116231	0.6	1	109732 6499
20	61631	0.6	1	58131 3500
21	65317	0.6	1	61775 3542
22	63487	0.6	1	60402 3085
23	67562	0.6	1	64090 3472
24	178046	0.6	1	169268 8778
25	45342	0.6	1	42757 2585
26	46434	0.6	1	44122 2312
27	46025	0.6	1	42861 3164
28	126383	0.6	1	121785 4598
29	27917	0.6	1	25459 2458
30	126046	0.6	1	121243 4803
31	38995	0.6	1	36157 2838
32	185395	0.6	1	179958 5437
33	67757	0.6	1	64467 3290
34	25951	0.6	1	24080 1871
35	99394	0.6	1	96169 3225
36	44018	0.6	1	41813 2205
37	40177	0.6	1	38094 2083
38	51555	0.6	1	49518 2037
39	41651	0.6	1	39485 2166
40	40798	0.6	1	39112 1686
41	65407	0.6	1	63242 2165
42	81651	0.6	1	79089 2562
43	40811	0.6	1	38781 2030
44	58496	0.6	1	56287 2209
45	125266	0.6	1	122525 2741
46	46368	0.6	1	44248 2120
47	48245	0.6	1	46517 1728
48	93086	0.6	1	90613 2473
49	61469	0.6	1	59319 2150
50	45030	0.6	1	43281 1749
51	96995	0.6	1	94231 2764
52	108806	0.6	1	105620 3186
53	68523	0.6	1	66327 2196
54	60704	0.6	1	58632 2072
55	80403	0.6	1	78352 2051
56	48888	0.6	1	47268 1620
57	60260	0.6	1	58509 1751
58	66689	0.6	1	64821 1868
59	47295	0.6	1	45757 1538
60	33282	0.6	1	32061 1221
61	27742	0.6	1	26686 1056
62	27868	0.6	1	26853 1015
63	30456	0.6	1	29508 948
64	38369	0.6	1	37224 1145
65	40014	0.6	1	38771 1243
66	43162	0.6	1	41890 1272
67	43807	0.6	1	42503 1304
68	47601	0.6	1	46146 1455
69	53536	0.6	1	51991 1545
70	55623	0.6	1	53934 1689
71	61212	0.6	1	59447 1765
72	58645	0.6	1	57019 1626
73	58725	0.6	1	57047 1678
74	55419	0.6	1	53815 1604
75	55068	0.6	1	53478 1590
76	52948	0.6	1	51446 1502
77	52387	0.6	1	50853 1534
78	56223	0.6	1	54691 1532
79	56145	0.6	1	54639 1506
80	61175	0.6	1	59484 1691
81	62626	0.6	1	60907 1719
82	57615	0.6	1	56054 1561
83	55754	0.6	1	54317 1437
84	55999	0.6	1	54542 1457
85	54790	0.6	1	53338 1452
86	56519	0.6	1	55076 1443
87	57718	0.6	1	56296 1422
88	57503	0.6	1	56078 1425
89	57600	0.6	1	56172 1428
90	60238	0.6	1	58757 1481
91	58908	0.6	1	57489 1419
92	57585	0.6	1	56190 1395
93	58006	0.6	1	56565 1441
94	56699	0.6	1	55343 1356
95	54191	0.6	1	52882 1309
96	54277	0.6	1	53036 1241
97	50987	0.6	1	49754 1233
98	50945	0.6	1	49812 1133
99	53064	0.6	1	51872 1192
100	54166	0.6	1	52967 1199
101	53850	0.6	1	52639 1211
102	51685	0.6	1	50568 1117
103	47638	0.6	1	46644 994
104	45659	0.6	1	44654 1005
105	44322	0.6	1	43333 989
106	41753	0.6	1	40901 852
107	41043	0.6	1	40159 884
108	39617	0.6	1	38777 840
109	41712	0.6	1	40816 896
110	44550	0.6	1	43656 894
111	49664	0.6	1	48666 998
112	44778	0.6	1	43964 814
113	40056	0.6	1	39245 811
114	37121	0.6	1	36381 740
115	32554	0.6	1	31943 611
116	30555	0.6	1	29942 613
117	28071	0.6	1	27518 553
118	23918	0.6	1	23434 484
119	22844	0.6	1	22377 467
120	23034	0.6	1	22529 505
121	19311	0.6	1	18973 338
122	14064	0.6	1	13786 278
123	11048	0.6	1	10815 233
124	7534	0.6	1	7373 161
125	4853	0.6	1	4763 90
126	3375	0.6	1	3263 112
127	1880	0.6	1	1818 62
128	1165	0.6	1	1122 43
129	740	0.6	1	707 33
130	475	0.6	1	445 30
131	394	0.6	1	358 36
132	165	0.6	1	139 26
133	125	0.6	1	96 29
134	67	0.6	1	43 24
135	89	0.6	1	53 36
136	74	0.6	1	26 48
137	38	0.6	1	20 18
138	58	0.6	1	43 15
139	51	0.6	1	17 34
140	30	0.6	1	12 18
141	97	0.6	1	61 36
142	58	0.6	1	43 15
143	137	0.6	1	110 27
144	118	0.6	1	84 34
145	74	0.6	1	53 21
146	38	0.6	1	25 13
147	39	0.6	1	23 16
148	61	0.6	1	10 51
149	326	0.6	1	111 215
150	7124	0.6	1	1077 6047

