This is cutadapt 1.16 with Python 3.6.4
Command line parameters: -j 2 -a AGATCGGAAGAGC -A AGATCGGAAGAGC --trim-n -m 50 -q 20,20 -o /home1/gyang/work_space/4.ProjectET/batch3-1_cr/2.cutdata/TSC_Cdx2_100k_rep2.R1_cut.fq -p /home1/gyang/work_space/4.ProjectET/batch3-1_cr/2.cutdata/TSC_Cdx2_100k_rep2.R2_cut.fq TSC_Cdx2_100k_rep2.R1.fq.gz TSC_Cdx2_100k_rep2.R2.fq.gz
Running on 2 cores
Trimming 2 adapters with at most 10.0% errors in paired-end mode ...
Finished in 1847.60 s (32 us/read; 1.87 M reads/minute).

=== Summary ===

Total read pairs processed:         57,485,160
  Read 1 with adapter:              19,417,621 (33.8%)
  Read 2 with adapter:              19,124,018 (33.3%)
Pairs that were too short:           2,023,569 (3.5%)
Pairs written (passing filters):    55,461,591 (96.5%)

Total basepairs processed: 17,245,548,000 bp
  Read 1: 8,622,774,000 bp
  Read 2: 8,622,774,000 bp
Quality-trimmed:              73,563,674 bp (0.4%)
  Read 1:    25,088,539 bp
  Read 2:    48,475,135 bp
Total written (filtered):  15,206,610,723 bp (88.2%)
  Read 1: 7,604,085,572 bp
  Read 2: 7,602,525,151 bp

=== First read: Adapter 1 ===

Sequence: AGATCGGAAGAGC; Type: regular 3'; Length: 13; Trimmed: 19417621 times.

No. of allowed errors:
0-9 bp: 0; 10-13 bp: 1

Bases preceding removed adapters:
  A: 19.6%
  C: 17.9%
  G: 23.4%
  T: 37.6%
  none/other: 1.5%

Overview of removed sequences
length	count	expect	max.err	error counts
3	1186504	898205.6	0	1186504
4	462706	224551.4	0	462706
5	311139	56137.9	0	311139
6	261926	14034.5	0	261926
7	260557	3508.6	0	260557
8	278233	877.2	0	278233
9	263911	219.3	0	262309 1602
10	258145	54.8	1	247675 10470
11	267700	13.7	1	251641 16059
12	244404	3.4	1	231622 12782
13	214320	0.9	1	203798 10522
14	221930	0.9	1	208668 13262
15	228093	0.9	1	216718 11375
16	243910	0.9	1	228780 15130
17	281075	0.9	1	264120 16955
18	271371	0.9	1	259190 12181
19	236632	0.9	1	226087 10545
20	229241	0.9	1	218236 11005
21	206980	0.9	1	197114 9866
22	184601	0.9	1	176242 8359
23	176755	0.9	1	168114 8641
24	183253	0.9	1	172083 11170
25	180510	0.9	1	171730 8780
26	192886	0.9	1	183754 9132
27	220444	0.9	1	210116 10328
28	218925	0.9	1	209640 9285
29	259234	0.9	1	244687 14547
30	248544	0.9	1	238262 10282
31	221225	0.9	1	212208 9017
32	204264	0.9	1	195625 8639
33	182524	0.9	1	173366 9158
34	178925	0.9	1	170232 8693
35	171729	0.9	1	163737 7992
36	190477	0.9	1	180020 10457
37	184349	0.9	1	177240 7109
38	229016	0.9	1	216997 12019
39	232797	0.9	1	222731 10066
40	233856	0.9	1	224877 8979
41	228258	0.9	1	216494 11764
42	176792	0.9	1	168531 8261
43	230671	0.9	1	222761 7910
44	72877	0.9	1	67845 5032
45	129848	0.9	1	124808 5040
46	164123	0.9	1	157510 6613
47	158197	0.9	1	151571 6626
48	162895	0.9	1	155021 7874
49	217420	0.9	1	207553 9867
50	190386	0.9	1	183142 7244
51	155894	0.9	1	150053 5841
52	161443	0.9	1	154855 6588
53	164083	0.9	1	157920 6163
54	124432	0.9	1	119028 5404
55	142542	0.9	1	137323 5219
56	138731	0.9	1	133149 5582
57	156151	0.9	1	149917 6234
58	119867	0.9	1	115180 4687
59	130830	0.9	1	125351 5479
60	234071	0.9	1	226784 7287
61	205522	0.9	1	199286 6236
62	128744	0.9	1	123765 4979
63	112726	0.9	1	108102 4624
64	218937	0.9	1	213458 5479
65	123195	0.9	1	117836 5359
66	194870	0.9	1	189169 5701
67	136598	0.9	1	130823 5775
68	133385	0.9	1	127473 5912
69	20205	0.9	1	17791 2414
70	27177	0.9	1	25853 1324
71	83478	0.9	1	81233 2245
72	108960	0.9	1	105755 3205
73	112242	0.9	1	108696 3546
74	111350	0.9	1	107760 3590
75	110737	0.9	1	106809 3928
76	104720	0.9	1	101029 3691
77	102346	0.9	1	98632 3714
78	107131	0.9	1	103172 3959
79	108901	0.9	1	105037 3864
80	121440	0.9	1	117205 4235
81	131949	0.9	1	127386 4563
82	126548	0.9	1	122220 4328
83	111102	0.9	1	107137 3965
84	106166	0.9	1	102451 3715
85	98660	0.9	1	95230 3430
86	96947	0.9	1	93571 3376
87	97331	0.9	1	93951 3380
88	94759	0.9	1	91489 3270
89	99569	0.9	1	96176 3393
90	110518	0.9	1	106705 3813
91	110125	0.9	1	106472 3653
92	111119	0.9	1	107423 3696
93	109084	0.9	1	105645 3439
94	106167	0.9	1	102755 3412
95	93678	0.9	1	90604 3074
96	95132	0.9	1	91961 3171
97	86764	0.9	1	84025 2739
98	89900	0.9	1	87150 2750
99	89391	0.9	1	86520 2871
100	88855	0.9	1	86032 2823
101	93038	0.9	1	90088 2950
102	97583	0.9	1	94620 2963
103	93994	0.9	1	91028 2966
104	91423	0.9	1	88597 2826
105	88941	0.9	1	86277 2664
106	81310	0.9	1	78849 2461
107	78588	0.9	1	76223 2365
108	80015	0.9	1	77523 2492
109	76055	0.9	1	73774 2281
110	77183	0.9	1	74913 2270
111	80122	0.9	1	77750 2372
112	79637	0.9	1	77344 2293
113	77175	0.9	1	74913 2262
114	78711	0.9	1	76468 2243
115	68465	0.9	1	66540 1925
116	62893	0.9	1	61075 1818
117	58079	0.9	1	56375 1704
118	48974	0.9	1	47510 1464
119	43611	0.9	1	42300 1311
120	38033	0.9	1	36879 1154
121	31836	0.9	1	30916 920
122	25037	0.9	1	24291 746
123	19773	0.9	1	19147 626
124	15514	0.9	1	15059 455
125	10048	0.9	1	9704 344
126	7092	0.9	1	6841 251
127	4537	0.9	1	4370 167
128	3267	0.9	1	3161 106
129	2217	0.9	1	2113 104
130	1201	0.9	1	1130 71
131	728	0.9	1	663 65
132	353	0.9	1	327 26
133	157	0.9	1	124 33
134	76	0.9	1	54 22
135	34	0.9	1	17 17
136	38	0.9	1	10 28
137	44	0.9	1	11 33
138	30	0.9	1	15 15
139	57	0.9	1	12 45
140	23	0.9	1	4 19
141	29	0.9	1	5 24
142	33	0.9	1	6 27
143	25	0.9	1	6 19
144	29	0.9	1	4 25
145	26	0.9	1	2 24
146	39	0.9	1	3 36
147	50	0.9	1	7 43
148	218	0.9	1	5 213
149	3116	0.9	1	19 3097
150	289134	0.9	1	1122 288012

=== Second read: Adapter 2 ===

Sequence: AGATCGGAAGAGC; Type: regular 3'; Length: 13; Trimmed: 19124018 times.

No. of allowed errors:
0-9 bp: 0; 10-13 bp: 1

Bases preceding removed adapters:
  A: 19.8%
  C: 18.1%
  G: 23.6%
  T: 38.4%
  none/other: 0.0%

Overview of removed sequences
length	count	expect	max.err	error counts
3	1187842	898205.6	0	1187842
4	462315	224551.4	0	462315
5	307178	56137.9	0	307178
6	263113	14034.5	0	263113
7	270173	3508.6	0	270173
8	295698	877.2	0	295698
9	240360	219.3	0	239190 1170
10	267020	54.8	1	254783 12237
11	261803	13.7	1	248668 13135
12	249678	3.4	1	236567 13111
13	215018	0.9	1	205718 9300
14	229272	0.9	1	216949 12323
15	222812	0.9	1	211930 10882
16	240925	0.9	1	228755 12170
17	298865	0.9	1	283764 15101
18	236900	0.9	1	227225 9675
19	325001	0.9	1	308705 16296
20	201524	0.9	1	191880 9644
21	191538	0.9	1	183389 8149
22	174893	0.9	1	167984 6909
23	182123	0.9	1	174103 8020
24	502662	0.9	1	482163 20499
25	132027	0.9	1	125657 6370
26	135157	0.9	1	129432 5725
27	121606	0.9	1	114022 7584
28	383920	0.9	1	373692 10228
29	81528	0.9	1	75948 5580
30	376804	0.9	1	366546 10258
31	133110	0.9	1	126202 6908
32	616463	0.9	1	604007 12456
33	204228	0.9	1	196144 8084
34	57171	0.9	1	53342 3829
35	292971	0.9	1	285780 7191
36	98736	0.9	1	94502 4234
37	130920	0.9	1	126237 4683
38	129310	0.9	1	125086 4224
39	128956	0.9	1	124292 4664
40	102151	0.9	1	98848 3303
41	200747	0.9	1	195428 5319
42	243433	0.9	1	237653 5780
43	91104	0.9	1	87586 3518
44	151237	0.9	1	146708 4529
45	426514	0.9	1	420481 6033
46	115392	0.9	1	110799 4593
47	113886	0.9	1	110354 3532
48	319271	0.9	1	313530 5741
49	167561	0.9	1	162786 4775
50	108104	0.9	1	104658 3446
51	324567	0.9	1	318599 5968
52	373659	0.9	1	367354 6305
53	157145	0.9	1	153500 3645
54	130651	0.9	1	127272 3379
55	167266	0.9	1	164222 3044
56	84525	0.9	1	82156 2369
57	120738	0.9	1	117763 2975
58	157433	0.9	1	154357 3076
59	96117	0.9	1	93666 2451
60	68423	0.9	1	66565 1858
61	58814	0.9	1	57039 1775
62	52890	0.9	1	51443 1447
63	53970	0.9	1	52545 1425
64	68208	0.9	1	66439 1769
65	71232	0.9	1	69471 1761
66	80823	0.9	1	78875 1948
67	85059	0.9	1	83023 2036
68	97276	0.9	1	94892 2384
69	113103	0.9	1	110712 2391
70	125807	0.9	1	123301 2506
71	140336	0.9	1	137419 2917
72	130374	0.9	1	127663 2711
73	122524	0.9	1	120035 2489
74	112321	0.9	1	110137 2184
75	108188	0.9	1	106046 2142
76	99697	0.9	1	97671 2026
77	98569	0.9	1	96688 1881
78	106722	0.9	1	104691 2031
79	105371	0.9	1	103401 1970
80	118797	0.9	1	116684 2113
81	128967	0.9	1	126714 2253
82	118279	0.9	1	116219 2060
83	106859	0.9	1	104937 1922
84	101792	0.9	1	99964 1828
85	95130	0.9	1	93447 1683
86	96917	0.9	1	95229 1688
87	100078	0.9	1	98516 1562
88	99659	0.9	1	97940 1719
89	98995	0.9	1	97435 1560
90	106276	0.9	1	104632 1644
91	104234	0.9	1	102664 1570
92	104688	0.9	1	103099 1589
93	105969	0.9	1	104376 1593
94	102483	0.9	1	100939 1544
95	91634	0.9	1	90347 1287
96	93799	0.9	1	92382 1417
97	84462	0.9	1	83008 1454
98	88838	0.9	1	87415 1423
99	88712	0.9	1	87421 1291
100	85561	0.9	1	84359 1202
101	90282	0.9	1	89051 1231
102	95260	0.9	1	93910 1350
103	92209	0.9	1	90835 1374
104	92172	0.9	1	90725 1447
105	88438	0.9	1	87154 1284
106	81516	0.9	1	80489 1027
107	77769	0.9	1	76869 900
108	78333	0.9	1	77458 875
109	74823	0.9	1	73917 906
110	75757	0.9	1	74769 988
111	80563	0.9	1	79622 941
112	79620	0.9	1	78755 865
113	77306	0.9	1	76405 901
114	78781	0.9	1	77890 891
115	66709	0.9	1	65937 772
116	62102	0.9	1	61392 710
117	56939	0.9	1	56248 691
118	48350	0.9	1	47794 556
119	43118	0.9	1	42587 531
120	37599	0.9	1	37130 469
121	31695	0.9	1	31297 398
122	24915	0.9	1	24604 311
123	19726	0.9	1	19477 249
124	15490	0.9	1	15290 200
125	10040	0.9	1	9899 141
126	7138	0.9	1	7030 108
127	4524	0.9	1	4446 78
128	3241	0.9	1	3197 44
129	2191	0.9	1	2157 34
130	1208	0.9	1	1161 47
131	708	0.9	1	673 35
132	351	0.9	1	321 30
133	152	0.9	1	128 24
134	89	0.9	1	56 33
135	39	0.9	1	21 18
136	36	0.9	1	13 23
137	23	0.9	1	12 11
138	32	0.9	1	16 16
139	37	0.9	1	15 22
140	27	0.9	1	4 23
141	24	0.9	1	6 18
142	28	0.9	1	6 22
143	15	0.9	1	7 8
144	22	0.9	1	4 18
145	24	0.9	1	1 23
146	20	0.9	1	4 16
147	28	0.9	1	7 21
148	24	0.9	1	4 20
149	57	0.9	1	16 41
150	1511	0.9	1	1144 367

