This is cutadapt 1.16 with Python 3.6.4
Command line parameters: -j 2 -a AGATCGGAAGAGC -A AGATCGGAAGAGC --trim-n -m 50 -q 20,20 -o /home1/gyang/work_space/4.ProjectET/batch3-1_cr/2.cutdata/TSC_Cdx2_5k_rep2.R1_cut.fq -p /home1/gyang/work_space/4.ProjectET/batch3-1_cr/2.cutdata/TSC_Cdx2_5k_rep2.R2_cut.fq TSC_Cdx2_5k_rep2.R1.fq.gz TSC_Cdx2_5k_rep2.R2.fq.gz
Running on 2 cores
Trimming 2 adapters with at most 10.0% errors in paired-end mode ...
Finished in 1588.02 s (34 us/read; 1.77 M reads/minute).

=== Summary ===

Total read pairs processed:         46,821,289
  Read 1 with adapter:              15,952,028 (34.1%)
  Read 2 with adapter:              12,075,506 (25.8%)
Pairs that were too short:           5,259,153 (11.2%)
Pairs written (passing filters):    41,562,136 (88.8%)

Total basepairs processed: 14,046,386,700 bp
  Read 1: 7,023,193,350 bp
  Read 2: 7,023,193,350 bp
Quality-trimmed:              51,583,138 bp (0.4%)
  Read 1:    16,374,949 bp
  Read 2:    35,208,189 bp
Total written (filtered):  11,525,443,769 bp (82.1%)
  Read 1: 5,766,612,974 bp
  Read 2: 5,758,830,795 bp

=== First read: Adapter 1 ===

Sequence: AGATCGGAAGAGC; Type: regular 3'; Length: 13; Trimmed: 15952028 times.

No. of allowed errors:
0-9 bp: 0; 10-13 bp: 1

Bases preceding removed adapters:
  A: 14.7%
  C: 11.5%
  G: 17.2%
  T: 32.1%
  none/other: 24.6%

Overview of removed sequences
length	count	expect	max.err	error counts
3	830258	731582.6	0	830258
4	282633	182895.7	0	282633
5	174908	45723.9	0	174908
6	142551	11431.0	0	142551
7	140129	2857.7	0	140129
8	151357	714.4	0	151357
9	136785	178.6	0	135755 1030
10	140842	44.7	1	135214 5628
11	143103	11.2	1	135054 8049
12	132340	2.8	1	126090 6250
13	119669	0.7	1	114410 5259
14	119722	0.7	1	113563 6159
15	126309	0.7	1	120033 6276
16	127621	0.7	1	120811 6810
17	152768	0.7	1	143560 9208
18	145370	0.7	1	139738 5632
19	129582	0.7	1	124398 5184
20	125418	0.7	1	119829 5589
21	117343	0.7	1	111979 5364
22	104518	0.7	1	100115 4403
23	100905	0.7	1	96307 4598
24	102411	0.7	1	96759 5652
25	101635	0.7	1	96944 4691
26	107337	0.7	1	102786 4551
27	122393	0.7	1	116984 5409
28	124893	0.7	1	119459 5434
29	140216	0.7	1	132886 7330
30	133891	0.7	1	128908 4983
31	123464	0.7	1	118583 4881
32	118422	0.7	1	113688 4734
33	103888	0.7	1	99294 4594
34	105664	0.7	1	100230 5434
35	95850	0.7	1	92228 3622
36	112740	0.7	1	106964 5776
37	107270	0.7	1	102633 4637
38	125490	0.7	1	120575 4915
39	130565	0.7	1	124439 6126
40	125897	0.7	1	121325 4572
41	132992	0.7	1	125270 7722
42	109411	0.7	1	102968 6443
43	150626	0.7	1	144908 5718
44	47989	0.7	1	44267 3722
45	80150	0.7	1	76888 3262
46	136723	0.7	1	131596 5127
47	85127	0.7	1	80834 4293
48	93637	0.7	1	88830 4807
49	180931	0.7	1	173384 7547
50	124927	0.7	1	120030 4897
51	61223	0.7	1	58280 2943
52	103834	0.7	1	99970 3864
53	145644	0.7	1	141646 3998
54	105531	0.7	1	101697 3834
55	79995	0.7	1	77204 2791
56	70567	0.7	1	67949 2618
57	132585	0.7	1	128887 3698
58	38213	0.7	1	35751 2462
59	57467	0.7	1	54737 2730
60	167342	0.7	1	163243 4099
61	68188	0.7	1	65450 2738
62	45526	0.7	1	43495 2031
63	65112	0.7	1	62405 2707
64	106872	0.7	1	103614 3258
65	51802	0.7	1	49190 2612
66	107816	0.7	1	104727 3089
67	102817	0.7	1	99107 3710
68	131288	0.7	1	126730 4558
69	18552	0.7	1	16205 2347
70	23981	0.7	1	22670 1311
71	56996	0.7	1	55298 1698
72	74463	0.7	1	72134 2329
73	75930	0.7	1	73340 2590
74	78508	0.7	1	75781 2727
75	81286	0.7	1	78388 2898
76	77576	0.7	1	74720 2856
77	75813	0.7	1	72922 2891
78	78788	0.7	1	75816 2972
79	79361	0.7	1	76327 3034
80	86280	0.7	1	83190 3090
81	90927	0.7	1	87653 3274
82	87819	0.7	1	84659 3160
83	80752	0.7	1	77719 3033
84	80293	0.7	1	77228 3065
85	75903	0.7	1	73087 2816
86	75051	0.7	1	72056 2995
87	76448	0.7	1	73571 2877
88	74179	0.7	1	71357 2822
89	76921	0.7	1	74057 2864
90	84859	0.7	1	81670 3189
91	83368	0.7	1	80263 3105
92	83252	0.7	1	80032 3220
93	83403	0.7	1	80333 3070
94	81463	0.7	1	78458 3005
95	74591	0.7	1	71849 2742
96	75366	0.7	1	72659 2707
97	70264	0.7	1	67789 2475
98	71544	0.7	1	68997 2547
99	73140	0.7	1	70590 2550
100	71976	0.7	1	69461 2515
101	73333	0.7	1	70607 2726
102	73607	0.7	1	71053 2554
103	71038	0.7	1	68556 2482
104	68612	0.7	1	66260 2352
105	68012	0.7	1	65740 2272
106	62687	0.7	1	60642 2045
107	61063	0.7	1	58955 2108
108	61250	0.7	1	59181 2069
109	60017	0.7	1	57864 2153
110	61200	0.7	1	59316 1884
111	64878	0.7	1	62789 2089
112	65247	0.7	1	63269 1978
113	72526	0.7	1	70294 2232
114	56470	0.7	1	54839 1631
115	49277	0.7	1	47821 1456
116	44787	0.7	1	43492 1295
117	40931	0.7	1	39751 1180
118	34351	0.7	1	33329 1022
119	31078	0.7	1	30164 914
120	28238	0.7	1	27396 842
121	23935	0.7	1	23228 707
122	17760	0.7	1	17161 599
123	14093	0.7	1	13664 429
124	10228	0.7	1	9886 342
125	6812	0.7	1	6595 217
126	4426	0.7	1	4216 210
127	2591	0.7	1	2473 118
128	1565	0.7	1	1477 88
129	993	0.7	1	940 53
130	645	0.7	1	593 52
131	376	0.7	1	349 27
132	153	0.7	1	127 26
133	106	0.7	1	81 25
134	76	0.7	1	50 26
135	56	0.7	1	33 23
136	50	0.7	1	31 19
137	38	0.7	1	22 16
138	60	0.7	1	20 40
139	35	0.7	1	5 30
140	46	0.7	1	11 35
141	58	0.7	1	37 21
142	51	0.7	1	25 26
143	141	0.7	1	100 41
144	177	0.7	1	123 54
145	191	0.7	1	65 126
146	126	0.7	1	16 110
147	321	0.7	1	48 273
148	852	0.7	1	21 831
149	14573	0.7	1	23 14550
150	3913347	0.7	1	510 3912837

=== Second read: Adapter 2 ===

Sequence: AGATCGGAAGAGC; Type: regular 3'; Length: 13; Trimmed: 12075506 times.

No. of allowed errors:
0-9 bp: 0; 10-13 bp: 1

Bases preceding removed adapters:
  A: 19.2%
  C: 14.9%
  G: 22.8%
  T: 43.0%
  none/other: 0.0%

Overview of removed sequences
length	count	expect	max.err	error counts
3	834565	731582.6	0	834565
4	282561	182895.7	0	282561
5	170380	45723.9	0	170380
6	143740	11431.0	0	143740
7	146793	2857.7	0	146793
8	158041	714.4	0	158041
9	129192	178.6	0	128306 886
10	145377	44.7	1	139278 6099
11	142417	11.2	1	135911 6506
12	137877	2.8	1	131466 6411
13	118099	0.7	1	113494 4605
14	126680	0.7	1	120105 6575
15	120872	0.7	1	115927 4945
16	129500	0.7	1	124249 5251
17	163975	0.7	1	156254 7721
18	128083	0.7	1	123617 4466
19	192156	0.7	1	183316 8840
20	100803	0.7	1	96025 4778
21	101704	0.7	1	97432 4272
22	98760	0.7	1	95306 3454
23	102394	0.7	1	98374 4020
24	283238	0.7	1	272172 11066
25	62510	0.7	1	59467 3043
26	70786	0.7	1	68045 2741
27	78603	0.7	1	74092 4511
28	215356	0.7	1	209630 5726
29	46193	0.7	1	42829 3364
30	217546	0.7	1	212181 5365
31	65061	0.7	1	61320 3741
32	307471	0.7	1	300886 6585
33	113244	0.7	1	108918 4326
34	40248	0.7	1	37862 2386
35	163947	0.7	1	160629 3318
36	71639	0.7	1	68971 2668
37	66790	0.7	1	64268 2522
38	88675	0.7	1	86129 2546
39	73244	0.7	1	70503 2741
40	70439	0.7	1	68133 2306
41	113419	0.7	1	110594 2825
42	133328	0.7	1	130111 3217
43	63624	0.7	1	61353 2271
44	91419	0.7	1	88682 2737
45	214538	0.7	1	211248 3290
46	71619	0.7	1	69028 2591
47	75599	0.7	1	73456 2143
48	164316	0.7	1	161008 3308
49	102919	0.7	1	100113 2806
50	71592	0.7	1	69270 2322
51	167325	0.7	1	163696 3629
52	193545	0.7	1	189990 3555
53	109255	0.7	1	106693 2562
54	90426	0.7	1	87935 2491
55	113669	0.7	1	111320 2349
56	71587	0.7	1	69665 1922
57	93719	0.7	1	91714 2005
58	101707	0.7	1	99618 2089
59	76896	0.7	1	75053 1843
60	56326	0.7	1	54807 1519
61	45317	0.7	1	43938 1379
62	41840	0.7	1	40705 1135
63	44137	0.7	1	43052 1085
64	55018	0.7	1	53734 1284
65	57207	0.7	1	55770 1437
66	62140	0.7	1	60710 1430
67	62756	0.7	1	61175 1581
68	68873	0.7	1	67253 1620
69	77996	0.7	1	76278 1718
70	82552	0.7	1	80772 1780
71	92935	0.7	1	90982 1953
72	89121	0.7	1	87128 1993
73	85604	0.7	1	83777 1827
74	80941	0.7	1	79202 1739
75	80778	0.7	1	79049 1729
76	76138	0.7	1	74464 1674
77	74503	0.7	1	72909 1594
78	79054	0.7	1	77474 1580
79	77484	0.7	1	75845 1639
80	85100	0.7	1	83440 1660
81	89854	0.7	1	88146 1708
82	84199	0.7	1	82585 1614
83	79310	0.7	1	77798 1512
84	78413	0.7	1	76904 1509
85	74605	0.7	1	73093 1512
86	75752	0.7	1	74299 1453
87	78745	0.7	1	77221 1524
88	77649	0.7	1	76299 1350
89	76761	0.7	1	75306 1455
90	82615	0.7	1	81098 1517
91	79961	0.7	1	78593 1368
92	79944	0.7	1	78539 1405
93	82267	0.7	1	80782 1485
94	79863	0.7	1	78503 1360
95	73931	0.7	1	72683 1248
96	74944	0.7	1	73761 1183
97	68741	0.7	1	67615 1126
98	70701	0.7	1	69545 1156
99	72520	0.7	1	71386 1134
100	71804	0.7	1	70691 1113
101	73201	0.7	1	72093 1108
102	72161	0.7	1	71037 1124
103	69680	0.7	1	68579 1101
104	68602	0.7	1	67618 984
105	67907	0.7	1	66946 961
106	62975	0.7	1	62017 958
107	61045	0.7	1	60220 825
108	60374	0.7	1	59532 842
109	59540	0.7	1	58686 854
110	60675	0.7	1	59879 796
111	65461	0.7	1	64583 878
112	64103	0.7	1	62570 1533
113	59431	0.7	1	58264 1167
114	56678	0.7	1	55748 930
115	48681	0.7	1	48033 648
116	44577	0.7	1	43979 598
117	40656	0.7	1	40115 541
118	34361	0.7	1	33924 437
119	31263	0.7	1	30902 361
120	28294	0.7	1	27939 355
121	24097	0.7	1	23816 281
122	17895	0.7	1	17635 260
123	14305	0.7	1	14097 208
124	10385	0.7	1	10241 144
125	6926	0.7	1	6825 101
126	4517	0.7	1	4426 91
127	2680	0.7	1	2614 66
128	1615	0.7	1	1581 34
129	1011	0.7	1	983 28
130	643	0.7	1	610 33
131	368	0.7	1	341 27
132	157	0.7	1	135 22
133	108	0.7	1	87 21
134	76	0.7	1	41 35
135	56	0.7	1	33 23
136	45	0.7	1	30 15
137	30	0.7	1	18 12
138	35	0.7	1	18 17
139	28	0.7	1	6 22
140	25	0.7	1	7 18
141	51	0.7	1	37 14
142	30	0.7	1	13 17
143	96	0.7	1	71 25
144	100	0.7	1	72 28
145	56	0.7	1	31 25
146	26	0.7	1	11 15
147	60	0.7	1	45 15
148	46	0.7	1	17 29
149	122	0.7	1	31 91
150	2392	0.7	1	510 1882

