
	Position file = EXE_E65_Tfap2c_rep1_peaks.narrowPeak
	Genome = mm10
	Output Directory = /home1/gyang/work_space/4.ProjectET/batch22_cr/7.Peak_anno/EXE_E65_Tfap2c_rep1_peakAnalysis
	Using actual sizes of regions (-size given)
	Fragment size set to given
	Using 7 CPUs
	Motif length set at 8,
	Found mset for "mouse", will check against vertebrates motifs
	Peak/BED file conversion summary:
		BED/Header formatted lines: 23387
		peakfile formatted lines: 0

	Peak File Statistics:
		Total Peaks: 23387
		Redundant Peak IDs: 0
		Peaks lacking information: 0 (need at least 5 columns per peak)
		Peaks with misformatted coordinates: 0 (should be integer)
		Peaks with misformatted strand: 0 (should be either +/- or 0/1)

	Peak file looks good!

	Background fragment size set to 583 (avg size of targets)
	Could not find background files for 583 bp fragments
	Below are the sizes that are already available prepared.
		133
		200
		224
		283
		330
		332
		342
		345
		354
		356
		368
		369
		370
		373
		378
		384
		385
		390
		392
		400
		410
		411
		416
		418
		419
		420
		423
		424
		433
		436
		438
		439
		442
		443
		444
		445
		447
		448
		449
		451
		454
		455
		456
		457
		461
		463
		468
		471
		472
		475
		476
		478
		479
		486
		487
		489
		497
		502
		504
		510
		511
		514
		518
		519
		521
		525
		526
		533
		534
		536
		539
		543
		545
		550
		559
		560
		561
		562
		565
		566
		567
		570
		571
		572
		576
		584
		586
		588
		589
		590
		595
		596
		598
		603
		607
		611
		622
		623
		624
		631
		637
		644
		648
		664
		665
		667
		671
		674
		676
		677
		685
		694
		698
		703
		704
		709
		712
		716
		724
		735
		736
		739
		740
		741
		743
		747
		758
		780
		783
		786
		789
		815
		828
		838
		843
		848
		867
		892
		917
		926
		951
		956
		972
		973
		998
		999
		1016
		1032
		1041
		1078
		1142
		1165
		1178
		1222
		1249
		1259
		1262
		1288
		1296
		1332
		1376
		1406
		1410
		1418
		1448
		1455
		1499
		1547
		1575
		1619
		1623
		1848
		1925
		1930
		1959
		2017
		2116
		2151
		2488
		2499
		3187
		3207
		3228
		3257
		3278
		5196
		5251
		5278
		7879
		7974
		41360
	HOMER will now create background files for 583 bp fragments
	To CANCEL and rerun with a differet "-size <#>", hit <CTRL+C> now!
		5
		4
		3
		2
		1
	Preparsing genome for 583 bp fragments...(will probably take 1-5 min)
	preparse size set to 583

	By default, using /home1/homer/.//data/genomes/mm10//mm10.tss for reference positions
	Output files will be placed in /home1/homer/.//data/genomes/mm10//preparsed//mm10.583.* ...
	By default, HOMER will set the the preparsed Directory to be group read/write
chmod: changing permissions of ‘/home1/homer/.//data/genomes/mm10//preparsed/’: Operation not permitted
	Extracting sequences
	Custom genome sequence directory: /home1/homer/.//data/genomes/mm10//

	Extracting sequences from directory: /home1/homer/.//data/genomes/mm10//
	Extracting 76046 sequences from chr1
	Extracting 90978 sequences from chr2
	Extracting 61777 sequences from chr3
	Extracting 68970 sequences from chr4
	Extracting 71079 sequences from chr5
	Extracting 67675 sequences from chr6
	Extracting 83623 sequences from chr7
	Extracting 52560 sequences from chr8
	Extracting 63331 sequences from chr9
	Extracting 57730 sequences from chr10
	Extracting 68188 sequences from chr11
	Extracting 42899 sequences from chr12
	Extracting 50292 sequences from chr13
	Extracting 46268 sequences from chr14
	Extracting 42781 sequences from chr15
	Extracting 40115 sequences from chr16
	Extracting 47815 sequences from chr17
	Extracting 34487 sequences from chr18
	Extracting 33122 sequences from chr19
	Extracting 65340 sequences from chrX
	Extracting 10338 sequences from chrY
	Extracting 82 sequences from chr1_GL456211_random
	Extracting 154 sequences from chr1_GL456221_random
	Extracting 55 sequences from chr4_GL456216_random
	Extracting 272 sequences from chr4_GL456350_random
	Extracting 60 sequences from chr4_JH584292_random
	Extracting 171 sequences from chr4_JH584293_random
	Extracting 174 sequences from chr4_JH584294_random
	Extracting 204 sequences from chr5_GL456354_random
	Extracting 93 sequences from chr5_JH584296_random
	Extracting 97 sequences from chr5_JH584297_random
	Extracting 190 sequences from chr5_JH584298_random
	Extracting 407 sequences from chr5_JH584299_random
	Extracting 153 sequences from chr7_GL456219_random
	Extracting 103 sequences from chrUn_JH584304
	Extracting 294 sequences from chrX_GL456233_random
		3136 of 1177769 removed because they had >70.00% Ns (i.e. masked repeats)

	Sequences processed:
		Auto detected maximum sequence length of 583 bp
		100000
		200000
		300000
		400000
		500000
		600000
		700000
		800000
		900000
		1000000
		1100000
		1174633 total

	Frequency Bins: 0.01 0.02 0.03 0.04 0.05 0.06 0.08 0.1 0.12 0.14 0.16
	Freq	Bin	Count
	0.01	0	699551
	0.02	1	356243
	0.03	2	70760
	0.04	3	17257
	0.05	4	7568
	0.06	5	4433
	0.08	6	7854
	0.1	7	5371
	0.12	8	2965
	0.14	9	1654
	0.16	10	741
	11	11	236
	Frequency Bins: 0.2 0.25 0.3 0.35 0.4 0.45 0.5 0.6 0.7 0.8
	Freq	Bin	Count
	0.2	0	49
	0.25	1	819
	0.3	2	13951
	0.35	3	88701
	0.4	4	248863
	0.45	5	351542
	0.5	6	284910
	0.6	7	163958
	0.7	8	17373
	0.8	9	4279
	10	10	188

	Custom genome sequence directory: /home1/homer/.//data/genomes/mm10//

	Extracting sequences from directory: /home1/homer/.//data/genomes/mm10//
	Extracting 1361 sequences from chr1
	Extracting 1887 sequences from chr2
	Extracting 984 sequences from chr3
	Extracting 1797 sequences from chr4
	Extracting 1560 sequences from chr5
	Extracting 1096 sequences from chr6
	Extracting 1738 sequences from chr7
	Extracting 1279 sequences from chr8
	Extracting 1361 sequences from chr9
	Extracting 1035 sequences from chr10
	Extracting 1989 sequences from chr11
	Extracting 878 sequences from chr12
	Extracting 915 sequences from chr13
	Extracting 749 sequences from chr14
	Extracting 1068 sequences from chr15
	Extracting 744 sequences from chr16
	Extracting 1120 sequences from chr17
	Extracting 666 sequences from chr18
	Extracting 814 sequences from chr19
	Extracting 341 sequences from chrX
	Extracting 2 sequences from chrY
	Extracting 3 sequences from chrM

	Not removing redundant sequences


	Sequences processed:
		Auto detected maximum sequence length of 379 bp
		23387 total

	Frequency Bins: 0.2 0.25 0.3 0.35 0.4 0.45 0.5 0.6 0.7 0.8
	Freq	Bin	Count
	0.3	2	4
	0.35	3	62
	0.4	4	337
	0.45	5	1621
	0.5	6	3926
	0.6	7	9596
	0.7	8	6329
	0.8	9	1479
	10	10	33

	Total sequences set to 50000

	Choosing background that matches in CpG/GC content...
	Bin	# Targets	# Background	Background Weight
	2	4	5	0.910
	3	62	71	0.994
	4	337	383	1.001
	5	1621	1845	1.000
	6	3926	4468	1.000
	7	9596	10920	1.000
	8	6329	7202	1.000
	9	1479	1683	1.000
	10	33	38	0.988
	Assembling sequence file...
	Normalizing lower order oligos using homer2

	Reading input files...
	50002 total sequences read
	Autonormalization: 1-mers (4 total)
		A	21.84%	22.28%	0.980
		C	28.16%	27.72%	1.016
		G	28.16%	27.72%	1.016
		T	21.84%	22.28%	0.980
	Autonormalization: 2-mers (16 total)
		AA	5.54%	5.36%	1.034
		CA	6.86%	7.29%	0.941
		GA	6.24%	6.28%	0.993
		TA	3.16%	3.34%	0.946
		AC	5.02%	5.08%	0.987
		CC	9.04%	8.88%	1.018
		GC	7.91%	7.49%	1.056
		TC	6.24%	6.28%	0.993
		AG	7.76%	7.91%	0.980
		CG	4.49%	3.65%	1.228
		GG	9.04%	8.88%	1.018
		TG	6.86%	7.29%	0.941
		AT	3.54%	3.91%	0.904
		CT	7.76%	7.91%	0.980
		GT	5.02%	5.08%	0.987
		TT	5.54%	5.36%	1.034
	Autonormalization: 3-mers (64 total)
	Normalization weights can be found in file: /home1/gyang/work_space/4.ProjectET/batch22_cr/7.Peak_anno/EXE_E65_Tfap2c_rep1_peakAnalysis/seq.autonorm.tsv
	Converging on autonormalization solution:
	...............................................................................
	Final normalization:	Autonormalization: 1-mers (4 total)
		A	21.84%	21.81%	1.001
		C	28.16%	28.19%	0.999
		G	28.16%	28.19%	0.999
		T	21.84%	21.81%	1.001
	Autonormalization: 2-mers (16 total)
		AA	5.54%	5.45%	1.017
		CA	6.86%	6.93%	0.990
		GA	6.24%	6.23%	1.001
		TA	3.16%	3.19%	0.988
		AC	5.02%	4.98%	1.008
		CC	9.04%	9.07%	0.996
		GC	7.91%	7.92%	1.000
		TC	6.24%	6.23%	1.001
		AG	7.76%	7.74%	1.003
		CG	4.49%	4.45%	1.008
		GG	9.04%	9.07%	0.996
		TG	6.86%	6.93%	0.990
		AT	3.54%	3.65%	0.970
		CT	7.76%	7.74%	1.003
		GT	5.02%	4.98%	1.008
		TT	5.54%	5.45%	1.017
	Autonormalization: 3-mers (64 total)
	Finished preparing sequence/group files

	----------------------------------------------------------
	Known motif enrichment

	Reading input files...
	50002 total sequences read
	440 motifs loaded
	Cache length = 11180
	Using binomial scoring
	Checking enrichment of 440 motif(s)
	|0%                                    50%                                  100%|
	=================================================================================
	Preparing HTML output with sequence logos...
		1 of 440 (1e-139) CTCF(Zf)/CD4+-CTCF-ChIP-Seq(Barski_et_al.)/Homer
		2 of 440 (1e-126) Sp1(Zf)/Promoter/Homer
		3 of 440 (1e-112) AP-2alpha(AP2)/Hela-AP2alpha-ChIP-Seq(GSE31477)/Homer
		4 of 440 (1e-93) BORIS(Zf)/K562-CTCFL-ChIP-Seq(GSE32465)/Homer
		5 of 440 (1e-88) KLF3(Zf)/MEF-Klf3-ChIP-Seq(GSE44748)/Homer
		6 of 440 (1e-83) Fosl2(bZIP)/3T3L1-Fosl2-ChIP-Seq(GSE56872)/Homer
		7 of 440 (1e-78) ELF1(ETS)/Jurkat-ELF1-ChIP-Seq(SRA014231)/Homer
		8 of 440 (1e-77) Klf4(Zf)/mES-Klf4-ChIP-Seq(GSE11431)/Homer
		9 of 440 (1e-75) Jun-AP1(bZIP)/K562-cJun-ChIP-Seq(GSE31477)/Homer
		10 of 440 (1e-74) Elk4(ETS)/Hela-Elk4-ChIP-Seq(GSE31477)/Homer
		11 of 440 (1e-70) TEAD1(TEAD)/HepG2-TEAD1-ChIP-Seq(Encode)/Homer
		12 of 440 (1e-70) AP-2gamma(AP2)/MCF7-TFAP2C-ChIP-Seq(GSE21234)/Homer
		13 of 440 (1e-70) KLF1(Zf)/HUDEP2-KLF1-CutnRun(GSE136251)/Homer
		14 of 440 (1e-68) Fra2(bZIP)/Striatum-Fra2-ChIP-Seq(GSE43429)/Homer
		15 of 440 (1e-64) Elk1(ETS)/Hela-Elk1-ChIP-Seq(GSE31477)/Homer
		16 of 440 (1e-62) Fra1(bZIP)/BT549-Fra1-ChIP-Seq(GSE46166)/Homer
		17 of 440 (1e-59) Klf9(Zf)/GBM-Klf9-ChIP-Seq(GSE62211)/Homer
		18 of 440 (1e-58) TEAD4(TEA)/Tropoblast-Tead4-ChIP-Seq(GSE37350)/Homer
		19 of 440 (1e-57) Fos(bZIP)/TSC-Fos-ChIP-Seq(GSE110950)/Homer
		20 of 440 (1e-53) Atf3(bZIP)/GBM-ATF3-ChIP-Seq(GSE33912)/Homer
		21 of 440 (1e-53) ETS(ETS)/Promoter/Homer
		22 of 440 (1e-52) JunB(bZIP)/DendriticCells-Junb-ChIP-Seq(GSE36099)/Homer
		23 of 440 (1e-48) TEAD2(TEA)/Py2T-Tead2-ChIP-Seq(GSE55709)/Homer
		24 of 440 (1e-47) GABPA(ETS)/Jurkat-GABPa-ChIP-Seq(GSE17954)/Homer
		25 of 440 (1e-41) TEAD3(TEA)/HepG2-TEAD3-ChIP-Seq(Encode)/Homer
		26 of 440 (1e-41) Ronin(THAP)/ES-Thap11-ChIP-Seq(GSE51522)/Homer
		27 of 440 (1e-41) TEAD(TEA)/Fibroblast-PU.1-ChIP-Seq(Unpublished)/Homer
		28 of 440 (1e-40) BATF(bZIP)/Th17-BATF-ChIP-Seq(GSE39756)/Homer
		29 of 440 (1e-39) E2F4(E2F)/K562-E2F4-ChIP-Seq(GSE31477)/Homer
		30 of 440 (1e-37) Bach2(bZIP)/OCILy7-Bach2-ChIP-Seq(GSE44420)/Homer
		31 of 440 (1e-37) Sp5(Zf)/mES-Sp5.Flag-ChIP-Seq(GSE72989)/Homer
		32 of 440 (1e-37) AP-1(bZIP)/ThioMac-PU.1-ChIP-Seq(GSE21512)/Homer
		33 of 440 (1e-34) ETV4(ETS)/HepG2-ETV4-ChIP-Seq(ENCODE)/Homer
		34 of 440 (1e-31) Fli1(ETS)/CD8-FLI-ChIP-Seq(GSE20898)/Homer
		35 of 440 (1e-31) EWS:FLI1-fusion(ETS)/SK_N_MC-EWS:FLI1-ChIP-Seq(SRA014231)/Homer
		36 of 440 (1e-30) Zic3(Zf)/mES-Zic3-ChIP-Seq(GSE37889)/Homer
		37 of 440 (1e-30) Bach1(bZIP)/K562-Bach1-ChIP-Seq(GSE31477)/Homer
		38 of 440 (1e-29) Etv2(ETS)/ES-ER71-ChIP-Seq(GSE59402)/Homer
		39 of 440 (1e-27) Nrf2(bZIP)/Lymphoblast-Nrf2-ChIP-Seq(GSE37589)/Homer
		40 of 440 (1e-26) Zic2(Zf)/ESC-Zic2-ChIP-Seq(SRP197560)/Homer
		41 of 440 (1e-25) KLF5(Zf)/LoVo-KLF5-ChIP-Seq(GSE49402)/Homer
		42 of 440 (1e-25) Elf4(ETS)/BMDM-Elf4-ChIP-Seq(GSE88699)/Homer
		43 of 440 (1e-25) E2F7(E2F)/Hela-E2F7-ChIP-Seq(GSE32673)/Homer
		44 of 440 (1e-24) EKLF(Zf)/Erythrocyte-Klf1-ChIP-Seq(GSE20478)/Homer
		45 of 440 (1e-22) NF-E2(bZIP)/K562-NFE2-ChIP-Seq(GSE31477)/Homer
		46 of 440 (1e-22) ETS1(ETS)/Jurkat-ETS1-ChIP-Seq(GSE17954)/Homer
		47 of 440 (1e-21) GFY(?)/Promoter/Homer
		48 of 440 (1e-21) GFY-Staf(?,Zf)/Promoter/Homer
		49 of 440 (1e-21) SPDEF(ETS)/VCaP-SPDEF-ChIP-Seq(SRA014231)/Homer
		50 of 440 (1e-21) Zfp281(Zf)/ES-Zfp281-ChIP-Seq(GSE81042)/Homer
		51 of 440 (1e-21) KLF6(Zf)/PDAC-KLF6-ChIP-Seq(GSE64557)/Homer
		52 of 440 (1e-21) NRF1(NRF)/MCF7-NRF1-ChIP-Seq(Unpublished)/Homer
		53 of 440 (1e-20) RFX(HTH)/K562-RFX3-ChIP-Seq(SRA012198)/Homer
		54 of 440 (1e-20) E2F1(E2F)/Hela-E2F1-ChIP-Seq(GSE22478)/Homer
		55 of 440 (1e-19) Unknown-ESC-element(?)/mES-Nanog-ChIP-Seq(GSE11724)/Homer
		56 of 440 (1e-18) Tbx21(T-box)/GM12878-TBX21-ChIP-Seq(Encode)/Homer
		57 of 440 (1e-18) ELF5(ETS)/T47D-ELF5-ChIP-Seq(GSE30407)/Homer
		58 of 440 (1e-18) Rfx2(HTH)/LoVo-RFX2-ChIP-Seq(GSE49402)/Homer
		59 of 440 (1e-17) Tbx6(T-box)/ESC-Tbx6-ChIP-Seq(GSE93524)/Homer
		60 of 440 (1e-17) ELF3(ETS)/PDAC-ELF3-ChIP-Seq(GSE64557)/Homer
		61 of 440 (1e-16) HINFP(Zf)/K562-HINFP.eGFP-ChIP-Seq(Encode)/Homer
		62 of 440 (1e-15) OCT:OCT(POU,Homeobox,IR1)/NPC-Brn2-ChIP-Seq(GSE35496)/Homer
		63 of 440 (1e-15) Zfp57(Zf)/H1-ZFP57.HA-ChIP-Seq(GSE115387)/Homer
		64 of 440 (1e-15) Tbet(T-box)/CD8-Tbet-ChIP-Seq(GSE33802)/Homer
		65 of 440 (1e-15) Tbr1(T-box)/Cortex-Tbr1-ChIP-Seq(GSE71384)/Homer
		66 of 440 (1e-15) ETV1(ETS)/GIST48-ETV1-ChIP-Seq(GSE22441)/Homer
		67 of 440 (1e-14) NRF(NRF)/Promoter/Homer
		68 of 440 (1e-13) Sp2(Zf)/HEK293-Sp2.eGFP-ChIP-Seq(Encode)/Homer
		69 of 440 (1e-12) Stat3(Stat)/mES-Stat3-ChIP-Seq(GSE11431)/Homer
		70 of 440 (1e-11) GRHL2(CP2)/HBE-GRHL2-ChIP-Seq(GSE46194)/Homer
		71 of 440 (1e-11) Ets1-distal(ETS)/CD4+-PolII-ChIP-Seq(Barski_et_al.)/Homer
		72 of 440 (1e-11) E2F6(E2F)/Hela-E2F6-ChIP-Seq(GSE31477)/Homer
		73 of 440 (1e-10) c-Myc(bHLH)/LNCAP-cMyc-ChIP-Seq(Unpublished)/Homer
		74 of 440 (1e-10) ERG(ETS)/VCaP-ERG-ChIP-Seq(GSE14097)/Homer
		75 of 440 (1e-10) CTCF-SatelliteElement(Zf?)/CD4+-CTCF-ChIP-Seq(Barski_et_al.)/Homer
		76 of 440 (1e-9) E2F3(E2F)/MEF-E2F3-ChIP-Seq(GSE71376)/Homer
		77 of 440 (1e-9) Zfp809(Zf)/ES-Zfp809-ChIP-Seq(GSE70799)/Homer
		78 of 440 (1e-9) PU.1(ETS)/ThioMac-PU.1-ChIP-Seq(GSE21512)/Homer
		79 of 440 (1e-9) CDX4(Homeobox)/ZebrafishEmbryos-Cdx4.Myc-ChIP-Seq(GSE48254)/Homer
		80 of 440 (1e-8) EBF(EBF)/proBcell-EBF-ChIP-Seq(GSE21978)/Homer
		81 of 440 (1e-8) HIF2a(bHLH)/785_O-HIF2a-ChIP-Seq(GSE34871)/Homer
		82 of 440 (1e-8) NFE2L2(bZIP)/HepG2-NFE2L2-ChIP-Seq(Encode)/Homer
		83 of 440 (1e-8) ETS:RUNX(ETS,Runt)/Jurkat-RUNX1-ChIP-Seq(GSE17954)/Homer
		84 of 440 (1e-7) EHF(ETS)/LoVo-EHF-ChIP-Seq(GSE49402)/Homer
		85 of 440 (1e-7) Sox4(HMG)/proB-Sox4-ChIP-Seq(GSE50066)/Homer
		86 of 440 (1e-7) EWS:ERG-fusion(ETS)/CADO_ES1-EWS:ERG-ChIP-Seq(SRA014231)/Homer
		87 of 440 (1e-7) PBX1(Homeobox)/MCF7-PBX1-ChIP-Seq(GSE28007)/Homer
		88 of 440 (1e-7) EBF1(EBF)/Near-E2A-ChIP-Seq(GSE21512)/Homer
		89 of 440 (1e-7) E2F(E2F)/Hela-CellCycle-Expression/Homer
		90 of 440 (1e-7) Npas4(bHLH)/Neuron-Npas4-ChIP-Seq(GSE127793)/Homer
		91 of 440 (1e-7) X-box(HTH)/NPC-H3K4me1-ChIP-Seq(GSE16256)/Homer
		92 of 440 (1e-6) Zic(Zf)/Cerebellum-ZIC1.2-ChIP-Seq(GSE60731)/Homer
		93 of 440 (1e-6) E-box(bHLH)/Promoter/Homer
		94 of 440 (1e-6) ERRg(NR)/Kidney-ESRRG-ChIP-Seq(GSE104905)/Homer
		95 of 440 (1e-6) EBF2(EBF)/BrownAdipose-EBF2-ChIP-Seq(GSE97114)/Homer
		96 of 440 (1e-6) Esrrb(NR)/mES-Esrrb-ChIP-Seq(GSE11431)/Homer
		97 of 440 (1e-5) KLF10(Zf)/HEK293-KLF10.GFP-ChIP-Seq(GSE58341)/Homer
		98 of 440 (1e-5) Tcfcp2l1(CP2)/mES-Tcfcp2l1-ChIP-Seq(GSE11431)/Homer
		99 of 440 (1e-5) Arnt:Ahr(bHLH)/MCF7-Arnt-ChIP-Seq(Lo_et_al.)/Homer
		100 of 440 (1e-5) Egr2(Zf)/Thymocytes-Egr2-ChIP-Seq(GSE34254)/Homer
		101 of 440 (1e-5) THRb(NR)/HepG2-THRb.Flag-ChIP-Seq(Encode)/Homer
		102 of 440 (1e-5) SpiB(ETS)/OCILY3-SPIB-ChIP-Seq(GSE56857)/Homer
		103 of 440 (1e-5) TFE3(bHLH)/MEF-TFE3-ChIP-Seq(GSE75757)/Homer
		104 of 440 (1e-5) NFkB-p65(RHD)/GM12787-p65-ChIP-Seq(GSE19485)/Homer
		105 of 440 (1e-5) bHLHE40(bHLH)/HepG2-BHLHE40-ChIP-Seq(GSE31477)/Homer
		106 of 440 (1e-4) CRE(bZIP)/Promoter/Homer
		107 of 440 (1e-4) HIF-1a(bHLH)/MCF7-HIF1a-ChIP-Seq(GSE28352)/Homer
		108 of 440 (1e-4) STAT5(Stat)/mCD4+-Stat5-ChIP-Seq(GSE12346)/Homer
		109 of 440 (1e-3) Stat3+il21(Stat)/CD4-Stat3-ChIP-Seq(GSE19198)/Homer
		110 of 440 (1e-3) Sox2(HMG)/mES-Sox2-ChIP-Seq(GSE11431)/Homer
		111 of 440 (1e-3) Cdx2(Homeobox)/mES-Cdx2-ChIP-Seq(GSE14586)/Homer
		112 of 440 (1e-3) STAT1(Stat)/HelaS3-STAT1-ChIP-Seq(GSE12782)/Homer
		113 of 440 (1e-3) PU.1:IRF8(ETS:IRF)/pDC-Irf8-ChIP-Seq(GSE66899)/Homer
		114 of 440 (1e-3) Srebp2(bHLH)/HepG2-Srebp2-ChIP-Seq(GSE31477)/Homer
		115 of 440 (1e-3) RORa(NR)/Liver-Rora-ChIP-Seq(GSE101115)/Homer
		116 of 440 (1e-3) MYNN(Zf)/HEK293-MYNN.eGFP-ChIP-Seq(Encode)/Homer
		117 of 440 (1e-3) Oct11(POU,Homeobox)/NCIH1048-POU2F3-ChIP-seq(GSE115123)/Homer
		118 of 440 (1e-3) OCT:OCT(POU,Homeobox)/NPC-Brn1-ChIP-Seq(GSE35496)/Homer
		119 of 440 (1e-3) USF1(bHLH)/GM12878-Usf1-ChIP-Seq(GSE32465)/Homer
		120 of 440 (1e-3) ZNF519(Zf)/HEK293-ZNF519.GFP-ChIP-Seq(GSE58341)/Homer
		121 of 440 (1e-3) HIF-1b(HLH)/T47D-HIF1b-ChIP-Seq(GSE59937)/Homer
		122 of 440 (1e-3) Sox17(HMG)/Endoderm-Sox17-ChIP-Seq(GSE61475)/Homer
		123 of 440 (1e-3) RORg(NR)/Liver-Rorc-ChIP-Seq(GSE101115)/Homer
		124 of 440 (1e-3) Sox15(HMG)/CPA-Sox15-ChIP-Seq(GSE62909)/Homer
		125 of 440 (1e-3) ZNF143|STAF(Zf)/CUTLL-ZNF143-ChIP-Seq(GSE29600)/Homer
		126 of 440 (1e-2) STAT4(Stat)/CD4-Stat4-ChIP-Seq(GSE22104)/Homer
		127 of 440 (1e-2) Nur77(NR)/K562-NR4A1-ChIP-Seq(GSE31363)/Homer
		128 of 440 (1e-2) ZBTB33(Zf)/GM12878-ZBTB33-ChIP-Seq(GSE32465)/Homer
		129 of 440 (1e-2) REST-NRSF(Zf)/Jurkat-NRSF-ChIP-Seq/Homer
		130 of 440 (1e-2) NFkB-p65-Rel(RHD)/ThioMac-LPS-Expression(GSE23622)/Homer
		131 of 440 (1e-2) JunD(bZIP)/K562-JunD-ChIP-Seq/Homer
		132 of 440 (1e-2) CHR(?)/Hela-CellCycle-Expression/Homer
		133 of 440 (1e-2) ZKSCAN1(Zf)/HepG2-ZKSCAN1-ChIP-Seq(Encode)/Homer
		134 of 440 (1e-2) PAX5(Paired,Homeobox),condensed/GM12878-PAX5-ChIP-Seq(GSE32465)/Homer
		135 of 440 (1e-2) HLF(bZIP)/HSC-HLF.Flag-ChIP-Seq(GSE69817)/Homer
		136 of 440 (1e-2) HOXB13(Homeobox)/ProstateTumor-HOXB13-ChIP-Seq(GSE56288)/Homer
		137 of 440 (1e-2) Eomes(T-box)/H9-Eomes-ChIP-Seq(GSE26097)/Homer
		138 of 440 (1e-2) Rfx5(HTH)/GM12878-Rfx5-ChIP-Seq(GSE31477)/Homer
		139 of 440 (1e-2) IRF8(IRF)/BMDM-IRF8-ChIP-Seq(GSE77884)/Homer
		140 of 440 (1e-2) Usf2(bHLH)/C2C12-Usf2-ChIP-Seq(GSE36030)/Homer
		141 of 440 (1e-2) GRE(NR),IR3/RAW264.7-GRE-ChIP-Seq(Unpublished)/Homer
		142 of 440 (1e-2) Sox7(HMG)/ESC-Sox7-ChIP-Seq(GSE133899)/Homer
	----------------------------------------------------------
	De novo motif finding (HOMER)

	Number of Trial motifs (-T) set to 7 (from 10) to work well with 7 CPUs
	Scanning input files...
	Parsing sequences...
	|0%                                   50%                                  100%|
	================================================================================
	Total number of Oligos: 32896
	Autoadjustment for sequence coverage in background: 1.28x

	Oligos: 32896 of 34497 max
	Tree  : 67104 of 172485 max
	Optimizing memory usage...
	Cache length = 11180
	Using binomial scoring

	Global Optimization Phase: Looking for enriched oligos with up to 2 mismatches...

	Screening oligos 32896 (allowing 0 mismatches):
	|0%                                   50%                                  100%|
	================================================================================
		0.00% skipped, 100.00% checked (32896 of 32896), of those checked:
		0.00% not in target, 0.00% increased p-value, 0.00% high p-value

	Screening oligos 32896 (allowing 1 mismatches):
	|0%                                   50%                                  100%|
	================================================================================
		0.00% skipped, 100.00% checked (32896 of 32896), of those checked:
		0.00% not in target, 47.52% increased p-value, 40.02% high p-value

	Screening oligos 32896 (allowing 2 mismatches):
	|0%                                   50%                                  100%|
	================================================================================
		56.71% skipped, 43.29% checked (14242 of 32896), of those checked:
		0.00% not in target, 34.99% increased p-value, 0.00% high p-value
	Reading input files...
	50002 total sequences read
	Cache length = 11180
	Using binomial scoring

	Local Optimization Phase:
	1 of 25 Initial Sequence: CCGGAATT... (-178.801)
		Round 1: -300.82 CCGGAATT T:14977.0(47.29%),B:16825.8(39.43%),P:1e-130
		Round 2: -300.82 CCGGAATT T:14977.0(47.29%),B:16825.8(39.43%),P:1e-130
		=Final=: -210.10 CCGGAATT T:3398.0(14.53%),B:2694.1(10.27%),P:1e-91
		Performing exhaustive masking of motif...
		Reprioritizing potential motifs...
	2 of 25 Initial Sequence: CCTTAGGC... (-153.148)
		Round 1: -306.36 CCTBAGGC T:9753.5(34.10%),B:10466.2(26.80%),P:1e-133
		Round 2: -306.36 CCTBAGGC T:9753.5(34.10%),B:10466.2(26.80%),P:1e-133
		=Final=: -189.97 CCTBAGGC T:7360.0(31.47%),B:6772.6(25.83%),P:1e-82
		Performing exhaustive masking of motif...
		Reprioritizing potential motifs...
	3 of 25 Initial Sequence: GGAAACCG... (-105.331)
		Round 1: -150.69 GGAAACCG T:14363.8(45.89%),B:17338.7(40.35%),P:1e-65
		Round 2: -173.88 GGAAWCCG T:12546.0(41.52%),B:14804.2(35.67%),P:1e-75
		Round 3: -194.57 GVAAACCG T:14011.0(45.07%),B:16472.4(38.79%),P:1e-84
		Round 4: -194.57 GVAAACCG T:14011.0(45.07%),B:16472.4(38.79%),P:1e-84
		=Final=: -127.01 GVAAACCG T:9506.0(40.65%),B:9355.6(35.68%),P:1e-55
		Performing exhaustive masking of motif...
		Reprioritizing potential motifs...
	4 of 25 Initial Sequence: TGAGTCAC... (-95.468)
		Round 1: -349.58 TGAGTCAC T:4289.4(16.76%),B:3915.7(11.01%),P:1e-151
		Round 2: -349.58 TGAGTCAC T:4289.4(16.76%),B:3915.7(11.01%),P:1e-151
		=Final=: -171.01 TGAGTCAC T:1759.0(7.52%),B:1250.9(4.77%),P:1e-74
		Performing exhaustive masking of motif...
		Reprioritizing potential motifs...
	5 of 25 Initial Sequence: GCCCCGCC... (-92.309)
		Round 1: -219.46 GCCCCGCC T:13739.3(44.43%),B:15920.2(37.78%),P:1e-95
		Round 2: -219.46 GCCCCGCC T:13739.3(44.43%),B:15920.2(37.78%),P:1e-95
		=Final=: -232.59 GCCCCGCC T:7193.0(30.76%),B:6445.0(24.58%),P:1e-101
		Performing exhaustive masking of motif...
		Reprioritizing potential motifs...
	6 of 25 Initial Sequence: ACATTCCA... (-68.999)
		Round 1: -184.63 RCATTCCW T:2917.5(11.73%),B:2843.8(8.12%),P:1e-80
		Round 2: -184.63 RCATTCCW T:2917.5(11.73%),B:2843.8(8.12%),P:1e-80
		=Final=: -160.14 RCATTCCW T:2244.0(9.60%),B:1717.7(6.55%),P:1e-69
		Performing exhaustive masking of motif...
		Reprioritizing potential motifs...
	7 of 25 Initial Sequence: AGGGCGTT... (-65.766)
		Round 1: -97.12 AGGGCGTT T:8848.5(31.50%),B:10765.9(27.45%),P:1e-42
		Round 2: -111.46 AGGGCGTT T:12125.5(40.46%),B:14874.3(35.81%),P:1e-48
		Round 3: -120.74 AGGGCGTT T:13045.8(42.75%),B:15964.7(37.86%),P:1e-52
		Round 4: -122.09 AGGGCGTT T:12852.1(42.28%),B:15700.6(37.37%),P:1e-53
		Round 5: -141.22 AGGRCGTT T:11150.5(37.92%),B:13320.1(32.76%),P:1e-61
		Round 6: -143.62 AGGACGTT T:13807.9(44.59%),B:16700.4(39.21%),P:1e-62
		Round 7: -148.77 AGGRCGTT T:14849.5(47.00%),B:17980.1(41.48%),P:1e-64
		Round 8: -148.77 AGGRCGTT T:14849.5(47.00%),B:17980.1(41.48%),P:1e-64
		=Final=: -123.63 AGGRCGTT T:8938.0(38.22%),B:8754.6(33.39%),P:1e-53
		Performing exhaustive masking of motif...
		Reprioritizing potential motifs...
	8 of 25 Initial Sequence: CGAATTCG... (-55.981)
		Round 1: -80.76 CGAATTCG T:8355.1(30.04%),B:10287.0(26.40%),P:1e-35
		Round 2: -80.76 CGAATTCG T:8355.1(30.04%),B:10287.0(26.40%),P:1e-35
		=Final=: -73.40 CGAATTCG T:6574.0(28.11%),B:6482.4(24.72%),P:1e-31
		Performing exhaustive masking of motif...
		Reprioritizing potential motifs...
	9 of 25 Initial Sequence: AGCGGGAT... (-52.270)
		Round 1: -101.80 AGCGGGAT T:8236.2(29.68%),B:9930.1(25.62%),P:1e-44
		Round 2: -108.03 AGCGGGAW T:11119.1(37.84%),B:13606.1(33.34%),P:1e-46
		Round 3: -133.21 DGCGGDAT T:14160.4(45.42%),B:17267.2(40.23%),P:1e-57
		Round 4: -146.17 WGCGGRMT T:12167.5(40.56%),B:14576.0(35.23%),P:1e-63
		Round 5: -150.47 WGCGGRVT T:12283.3(40.86%),B:14684.6(35.44%),P:1e-65
		Round 6: -150.47 WGCGGRVT T:12283.3(40.86%),B:14684.6(35.44%),P:1e-65
		=Final=: -128.84 WGCGGRVT T:8497.0(36.33%),B:8250.3(31.47%),P:1e-55
		Performing exhaustive masking of motif...
		Reprioritizing potential motifs...
	10 of 25 Initial Sequence: AGCGTAGC... (-41.458)
		Round 1: -66.50 AGCGTAGC T:7680.4(27.99%),B:9551.7(24.77%),P:1e-28
		Round 2: -66.50 AGCGTAGC T:7680.4(27.99%),B:9551.7(24.77%),P:1e-28
		=Final=: -73.74 AGCGTAGC T:3776.0(16.15%),B:3521.5(13.43%),P:1e-32
		Performing exhaustive masking of motif...
		Reprioritizing potential motifs...
	11 of 25 Initial Sequence: CGTTGTTT... (-37.915)
		Round 1: -50.90 CGTTGTTT T:3346.4(13.33%),B:4008.4(11.26%),P:1e-22
		Round 2: -50.90 CGTTGTTT T:3346.4(13.33%),B:4008.4(11.26%),P:1e-22
		=Final=: -42.88 CGTTGTTT T:3710.0(15.86%),B:3621.3(13.81%),P:1e-18
		Performing exhaustive masking of motif...
		Reprioritizing potential motifs...
	12 of 25 Initial Sequence: ACCGGTCT... (-35.163)
		Round 1: -60.72 ACCGGTCT T:10855.3(37.13%),B:13836.4(33.79%),P:1e-26
		Round 2: -72.99 ACCGGTCT T:11099.8(37.79%),B:13992.1(34.10%),P:1e-31
		Round 3: -72.99 ACCGGTCT T:11099.8(37.79%),B:13992.1(34.10%),P:1e-31
		=Final=: -86.79 ACCGGTCT T:5402.0(23.10%),B:5158.5(19.67%),P:1e-37
		Performing exhaustive masking of motif...
		Reprioritizing potential motifs...
	13 of 25 Initial Sequence: TTTCGCAC... (-30.639)
		Round 1: -60.49 TTTCGCAC T:3440.6(13.68%),B:4059.1(11.39%),P:1e-26
		Round 2: -60.49 TTTCGCAC T:3440.6(13.68%),B:4059.1(11.39%),P:1e-26
		=Final=: -67.20 TTTCGCAC T:3185.0(13.62%),B:2941.6(11.22%),P:1e-29
		Performing exhaustive masking of motif...
		Reprioritizing potential motifs...
	14 of 25 Initial Sequence: GGGTGGAG... (-30.137)
		Round 1: -35.21 GGGTGGAG T:2378.2(9.67%),B:2868.2(8.19%),P:1e-15
		Round 2: -36.86 CGGTGGAG T:2654.5(10.73%),B:3215.3(9.14%),P:1e-16
		Round 3: -36.86 CGGTGGAG T:2654.5(10.73%),B:3215.3(9.14%),P:1e-16
		=Final=: -59.47 CGGTGGAG T:3186.0(13.62%),B:2979.4(11.36%),P:1e-25
		Performing exhaustive masking of motif...
		Reprioritizing potential motifs...
	15 of 25 Initial Sequence: GTCGCTAG... (-28.189)
		Round 1: -48.93 GTCGCTAG T:2333.7(9.49%),B:2712.9(7.76%),P:1e-21
		Round 2: -48.93 GTCGCTAG T:2333.7(9.49%),B:2712.9(7.76%),P:1e-21
		=Final=: -87.18 GTCGCTAG T:3066.0(13.11%),B:2735.4(10.43%),P:1e-37
		Performing exhaustive masking of motif...
		Reprioritizing potential motifs...
	16 of 25 Initial Sequence: GGAATCTG... (-24.871)
		Round 1: -34.20 GGAATCTG T:1283.7(5.34%),B:1459.5(4.26%),P:1e-14
		Round 2: -34.20 GGAATCTG T:1283.7(5.34%),B:1459.5(4.26%),P:1e-14
		=Final=: -36.96 GGAATCTG T:1551.0(6.63%),B:1409.7(5.38%),P:1e-16
		Performing exhaustive masking of motif...
		Reprioritizing potential motifs...
	17 of 25 Initial Sequence: GCCTGATT... (-23.695)
		Round 1: -23.70 GCCTGATT T:288.7(1.22%),B:275.4(0.82%),P:1e-10
		Round 2: -23.70 GCCTGATT T:288.7(1.22%),B:275.4(0.82%),P:1e-10
		=Final=: -25.32 GCCTGATT T:355.0(1.52%),B:273.7(1.04%),P:1e-10
		Performing exhaustive masking of motif...
		Reprioritizing potential motifs...
	18 of 25 Initial Sequence: CCCCAGGG... (-23.142)
		Round 1: -29.49 CCCCAGGG T:3726.1(14.73%),B:4708.5(13.09%),P:1e-12
		Round 2: -29.49 CCCCAGGG T:3726.1(14.73%),B:4708.5(13.09%),P:1e-12
		=Final=: -59.08 CCCCAGGG T:2016.0(8.62%),B:1786.9(6.81%),P:1e-25
		Performing exhaustive masking of motif...
		Reprioritizing potential motifs...
	19 of 25 Initial Sequence: GCGTTTTA... (-21.956)
		Round 1: -43.63 GCGTTTTA T:9892.1(34.49%),B:12807.8(31.73%),P:1e-18
		Round 2: -46.97 GCGWTTTA T:9025.4(32.02%),B:11589.3(29.21%),P:1e-20
		Round 3: -54.43 GCGWTTTA T:5624.5(21.38%),B:6965.2(18.74%),P:1e-23
		Round 4: -61.29 GCGTTTTA T:3029.5(12.15%),B:3525.7(9.97%),P:1e-26
		Round 5: -62.07 GCGWTTTA T:7493.8(27.41%),B:9354.5(24.33%),P:1e-26
		Round 6: -62.07 GCGWTTTA T:7493.8(27.41%),B:9354.5(24.33%),P:1e-26
		=Final=: -84.65 GCGWTTTA T:4287.0(18.33%),B:4000.9(15.26%),P:1e-36
		Performing exhaustive masking of motif...
		Reprioritizing potential motifs...
	20 of 25 Initial Sequence: GTCGGAAA... (-21.103)
		Round 1: -44.65 GTCGGAAA T:6420.0(24.00%),B:8130.0(21.52%),P:1e-19
		Round 2: -50.24 GKCGGAAA T:9232.0(32.62%),B:11820.0(29.69%),P:1e-21
		Round 3: -50.24 GKCGGAAA T:9232.0(32.62%),B:11820.0(29.69%),P:1e-21
		=Final=: -133.94 GKCGGAAA T:3312.0(14.16%),B:2819.9(10.75%),P:1e-58
		Performing exhaustive masking of motif...
		Reprioritizing potential motifs...
	21 of 25 Initial Sequence: CCGGAAGA... (-20.086)
		Round 1: -14.30 NCGGAAGN T:1262.9(5.25%),B:1571.4(4.57%),P:1e-6
		Round 2: -32.88 BCGGAHGW T:6398.8(23.93%),B:8261.0(21.82%),P:1e-14
		Round 3: -36.34 GCGGAWGW T:1938.2(7.95%),B:2286.1(6.59%),P:1e-15
		Round 4: -44.00 RCGGATGT T:2390.1(9.71%),B:2818.1(8.06%),P:1e-19
		Round 5: -48.12 ACGGANVW T:7594.8(27.73%),B:9657.7(25.01%),P:1e-20
		Round 6: -50.94 RCGGABGT T:5390.8(20.58%),B:6693.4(18.08%),P:1e-22
		Round 7: -50.94 RCGGABGT T:5390.8(20.58%),B:6693.4(18.08%),P:1e-22
		=Final=: -74.47 RCGGABGT T:5466.0(23.37%),B:5292.0(20.18%),P:1e-32
		Performing exhaustive masking of motif...
		Reprioritizing potential motifs...
	22 of 25 Initial Sequence: CACTTCCT... (-19.416)
		Round 1: -47.37 CACTTCCT T:5037.0(19.37%),B:6260.5(17.02%),P:1e-20
		Round 2: -47.37 CACTTCCT T:5037.0(19.37%),B:6260.5(17.02%),P:1e-20
		=Final=: -40.66 CACTTCCT T:4887.0(20.90%),B:4891.9(18.66%),P:1e-17
		Performing exhaustive masking of motif...
		Reprioritizing potential motifs...
	23 of 25 Initial Sequence: AATGTAGT... (-20.287)
		Round 1: -21.29 AATGTAGT T:449.4(1.90%),B:475.9(1.41%),P:1e-9
		Round 2: -21.29 AATGTAGT T:449.4(1.90%),B:475.9(1.41%),P:1e-9
		=Final=: -29.28 AATGTAGT T:287.0(1.23%),B:203.0(0.77%),P:1e-12
		Performing exhaustive masking of motif...
		Reprioritizing potential motifs...
	24 of 25 Initial Sequence: CCACTAGG... (-17.351)
		Round 1: -30.51 CCACTAGG T:3483.7(13.84%),B:4372.8(12.22%),P:1e-13
		Round 2: -33.19 CCACYAGG T:3021.8(12.12%),B:3731.6(10.52%),P:1e-14
		Round 3: -33.19 CCACYAGG T:3021.8(12.12%),B:3731.6(10.52%),P:1e-14
		=Final=: -35.51 CCACYAGG T:3471.0(14.84%),B:3417.0(13.03%),P:1e-15
		Performing exhaustive masking of motif...
		Reprioritizing potential motifs...
	25 of 25 Initial Sequence: AGGGTGTG... (-17.007)
		Round 1: -19.93 AGGGTGTG T:1943.3(7.97%),B:2426.0(6.97%),P:1e-8
		Round 2: -21.59 AGGTTGTG T:3128.9(12.52%),B:3996.8(11.23%),P:1e-9
		Round 3: -21.59 AGGTTGTG T:3128.9(12.52%),B:3996.8(11.23%),P:1e-9
		=Final=: -21.26 AGGTTGTG T:1430.0(6.11%),B:1365.1(5.21%),P:1e-9
		Performing exhaustive masking of motif...
		Reprioritizing potential motifs...

	Finalizing Enrichment Statistics (new in v3.4)
	Reading input files...
	50002 total sequences read
	Cache length = 11180
	Using binomial scoring
	Checking enrichment of 25 motif(s)
	|0%                                    50%                                  100%|
	=================================================================================
	Output in file: /home1/gyang/work_space/4.ProjectET/batch22_cr/7.Peak_anno/EXE_E65_Tfap2c_rep1_peakAnalysis/homerMotifs.motifs8

	(Motifs in homer2 format)
	Determining similar motifs... 25 reduced to 16 motifs
	Outputing HTML and sequence logos for motif comparison...
	Checking de novo motifs against known motifs...
	Formatting HTML page...
		1 of 16 (1e-101) similar to Sp1(Zf)/Promoter/Homer(0.895)
		2 of 16 (1e-91) similar to Elk1(ETS)/Hela-Elk1-ChIP-Seq(GSE31477)/Homer(0.858)
		3 of 16 (1e-82) similar to TFAP2A/MA0003.4/Jaspar(0.909)
		4 of 16 (1e-73) similar to AP-1(bZIP)/ThioMac-PU.1-ChIP-Seq(GSE21512)/Homer(0.963)
		5 of 16 (1e-65) similar to PH0077.1_Hoxd12/Jaspar(0.769)
		6 of 16 (1e-56) similar to TFCP2/MA0145.3/Jaspar(0.684)
		7 of 16 (1e-56) similar to PB0143.1_Klf7_2/Jaspar(0.702)
		8 of 16 (1e-40) similar to Rfx5(HTH)/GM12878-Rfx5-ChIP-Seq(GSE31477)/Homer(0.730)
		9 of 16 (1e-35) similar to POL010.1_DCE_S_III/Jaspar(0.671)
		10 of 16 (1e-34) similar to ZNF75D/MA1601.1/Jaspar(0.841)
		11 of 16 (1e-30) similar to ZNF354C/MA0130.1/Jaspar(0.759)
		12 of 16 (1e-21) similar to Foxj2/MA0614.1/Jaspar(0.785)
		13 of 16 (1e-19) similar to Zic1::Zic2/MA1628.1/Jaspar(0.759)
		14 of 16 (1e-15) similar to THAP11/MA1573.1/Jaspar(0.669)
		15 of 16 (1e-11) similar to EKLF(Zf)/Erythrocyte-Klf1-ChIP-Seq(GSE20478)/Homer(0.768)
		16 of 16 (1e-10) similar to Dux/MA0611.1/Jaspar(0.730)
	Job finished - if results look good, please send beer to ..

	Cleaning up tmp files...

