
	Position file = Morula_Tead4_rep2_peaks.narrowPeak
	Genome = mm10
	Output Directory = /home1/gyang/work_space/4.ProjectET/batch14_cr/7.Peak_anno/Morula_Tead4_rep2_peakAnalysis
	Using actual sizes of regions (-size given)
	Fragment size set to given
	Using 10 CPUs
	Motif length set at 8,
	Found mset for "mouse", will check against vertebrates motifs
	Peak/BED file conversion summary:
		BED/Header formatted lines: 12523
		peakfile formatted lines: 0

	Peak File Statistics:
		Total Peaks: 12523
		Redundant Peak IDs: 0
		Peaks lacking information: 0 (need at least 5 columns per peak)
		Peaks with misformatted coordinates: 0 (should be integer)
		Peaks with misformatted strand: 0 (should be either +/- or 0/1)

	Peak file looks good!

	Background fragment size set to 471 (avg size of targets)
	Could not find background files for 471 bp fragments
	Below are the sizes that are already available prepared.
		133
		200
		224
		283
		330
		332
		342
		354
		356
		368
		369
		370
		373
		378
		384
		385
		390
		392
		400
		411
		416
		418
		419
		420
		423
		424
		433
		438
		442
		443
		444
		445
		447
		448
		449
		451
		454
		455
		457
		461
		463
		468
		472
		475
		476
		478
		479
		487
		489
		497
		502
		525
		526
		534
		536
		539
		550
		562
		565
		566
		567
		570
		588
		589
		590
		596
		598
		603
		624
		644
		648
		664
		671
		674
		676
		698
		703
		704
		709
		712
		716
		724
		735
		736
		740
		741
		743
		747
		758
		780
		783
		786
		789
		828
		843
		892
		917
		956
		973
		998
		999
		1016
		1078
		1142
		1178
		1222
		1249
		1259
		1262
		1288
		1296
		1332
		1376
		1406
		1410
		1448
		1455
		1499
		1619
		1925
		1959
		2017
		2116
		2151
		2488
		2499
		7879
		7974
	HOMER will now create background files for 471 bp fragments
	To CANCEL and rerun with a differet "-size <#>", hit <CTRL+C> now!
		5
		4
		3
		2
		1
	Preparsing genome for 471 bp fragments...(will probably take 1-5 min)
	preparse size set to 471

	By default, using /usr/local/software/homer/.//data/genomes/mm10//mm10.tss for reference positions
	Output files will be placed in /usr/local/software/homer/.//data/genomes/mm10//preparsed//mm10.471.* ...
	By default, HOMER will set the the preparsed Directory to be group read/write
chmod: changing permissions of ‘/usr/local/software/homer/.//data/genomes/mm10//preparsed/’: Operation not permitted
	Extracting sequences

	Extracting sequences from directory: /usr/local/software/homer/.//data/genomes/mm10//
	Extracting 81111 sequences from chr1
	Extracting 96993 sequences from chr2
	Extracting 66071 sequences from chr3
	Extracting 73961 sequences from chr4
	Extracting 75904 sequences from chr5
	Extracting 72369 sequences from chr6
	Extracting 90509 sequences from chr7
	Extracting 56104 sequences from chr8
	Extracting 67925 sequences from chr9
	Extracting 61978 sequences from chr10
	Extracting 73419 sequences from chr11
	Extracting 45773 sequences from chr12
	Extracting 53706 sequences from chr13
	Extracting 49704 sequences from chr14
	Extracting 45769 sequences from chr15
	Extracting 42963 sequences from chr16
	Extracting 51708 sequences from chr17
	Extracting 37036 sequences from chr18
	Extracting 35536 sequences from chr19
	Extracting 69661 sequences from chrX
	Extracting 10005 sequences from chrY
	Extracting 92 sequences from chr1_GL456211_random
	Extracting 170 sequences from chr1_GL456221_random
	Extracting 72 sequences from chr4_GL456216_random
	Extracting 277 sequences from chr4_GL456350_random
	Extracting 55 sequences from chr4_JH584292_random
	Extracting 182 sequences from chr4_JH584293_random
	Extracting 175 sequences from chr4_JH584294_random
	Extracting 216 sequences from chr5_GL456354_random
	Extracting 85 sequences from chr5_JH584296_random
	Extracting 103 sequences from chr5_JH584297_random
	Extracting 188 sequences from chr5_JH584298_random
	Extracting 443 sequences from chr5_JH584299_random
	Extracting 177 sequences from chr7_GL456219_random
	Extracting 98 sequences from chrUn_JH584304
	Extracting 306 sequences from chrX_GL456233_random
		3356 of 1260699 removed because they had >70.00% Ns (i.e. masked repeats)

	Sequences processed:
		Auto detected maximum sequence length of 471 bp
		100000
		200000
		300000
		400000
		500000
		600000
		700000
		800000
		900000
		1000000
		1100000
		1200000
		1257343 total

	Frequency Bins: 0.01 0.02 0.03 0.04 0.05 0.06 0.08 0.1 0.12 0.14 0.16
	Freq	Bin	Count
	0.01	0	752241
	0.02	1	370622
	0.03	2	78427
	0.04	3	17550
	0.05	4	10048
	0.06	5	6517
	0.08	6	8214
	0.1	7	5829
	0.12	8	4295
	0.14	9	2042
	0.16	10	1153
	11	11	405
	Frequency Bins: 0.2 0.25 0.3 0.35 0.4 0.45 0.5 0.6 0.7 0.8
	Freq	Bin	Count
	0.2	0	98
	0.25	1	1595
	0.3	2	19999
	0.35	3	95193
	0.4	4	264252
	0.45	5	349656
	0.5	6	311154
	0.6	7	187907
	0.7	8	21162
	0.8	9	5939
	10	10	388


	Extracting sequences from directory: /usr/local/software/homer/.//data/genomes/mm10//
	Extracting 738 sequences from chr1
	Extracting 938 sequences from chr2
	Extracting 596 sequences from chr3
	Extracting 877 sequences from chr4
	Extracting 815 sequences from chr5
	Extracting 644 sequences from chr6
	Extracting 939 sequences from chr7
	Extracting 646 sequences from chr8
	Extracting 743 sequences from chr9
	Extracting 635 sequences from chr10
	Extracting 989 sequences from chr11
	Extracting 503 sequences from chr12
	Extracting 481 sequences from chr13
	Extracting 447 sequences from chr14
	Extracting 495 sequences from chr15
	Extracting 448 sequences from chr16
	Extracting 552 sequences from chr17
	Extracting 376 sequences from chr18
	Extracting 432 sequences from chr19
	Extracting 224 sequences from chrX
	Extracting 2 sequences from chrY
	Extracting 3 sequences from chrM

	Not removing redundant sequences


	Sequences processed:
		Auto detected maximum sequence length of 253 bp
		12523 total

	Frequency Bins: 0.2 0.25 0.3 0.35 0.4 0.45 0.5 0.6 0.7 0.8
	Freq	Bin	Count
	0.3	2	8
	0.35	3	113
	0.4	4	686
	0.45	5	2516
	0.5	6	3662
	0.6	7	3865
	0.7	8	1374
	0.8	9	297
	10	10	2

	Total sequences set to 50000

	Choosing background that matches in CpG/GC content...
	Bin	# Targets	# Background	Background Weight
	2	8	24	0.998
	3	113	338	1.001
	4	686	2053	1.000
	5	2516	7530	1.000
	6	3662	10959	1.000
	7	3865	11567	1.000
	8	1374	4112	1.000
	9	297	889	1.000
	10	2	6	0.998
	Assembling sequence file...
	Normalizing lower order oligos using homer2

	Reading input files...
	50001 total sequences read
	Autonormalization: 1-mers (4 total)
		A	24.77%	25.03%	0.990
		C	25.23%	24.97%	1.010
		G	25.23%	24.97%	1.010
		T	24.77%	25.03%	0.990
	Autonormalization: 2-mers (16 total)
		AA	6.96%	6.71%	1.038
		CA	7.39%	7.59%	0.974
		GA	6.21%	6.35%	0.979
		TA	4.16%	4.37%	0.951
		AC	5.38%	5.32%	1.012
		CC	7.38%	7.37%	1.002
		GC	6.30%	5.95%	1.060
		TC	6.21%	6.35%	0.979
		AG	7.81%	7.92%	0.986
		CG	2.63%	2.10%	1.252
		GG	7.38%	7.37%	1.002
		TG	7.39%	7.59%	0.974
		AT	4.63%	5.07%	0.913
		CT	7.81%	7.92%	0.986
		GT	5.38%	5.32%	1.012
		TT	6.96%	6.71%	1.038
	Autonormalization: 3-mers (64 total)
	Normalization weights can be found in file: /home1/gyang/work_space/4.ProjectET/batch14_cr/7.Peak_anno/Morula_Tead4_rep2_peakAnalysis/seq.autonorm.tsv
	Converging on autonormalization solution:
	...............................................................................
	Final normalization:	Autonormalization: 1-mers (4 total)
		A	24.77%	24.75%	1.001
		C	25.23%	25.25%	0.999
		G	25.23%	25.25%	0.999
		T	24.77%	24.75%	1.001
	Autonormalization: 2-mers (16 total)
		AA	6.96%	6.87%	1.013
		CA	7.39%	7.42%	0.996
		GA	6.21%	6.24%	0.995
		TA	4.16%	4.21%	0.987
		AC	5.38%	5.31%	1.013
		CC	7.38%	7.42%	0.995
		GC	6.30%	6.27%	1.004
		TC	6.21%	6.24%	0.995
		AG	7.81%	7.80%	1.002
		CG	2.63%	2.61%	1.010
		GG	7.38%	7.42%	0.995
		TG	7.39%	7.42%	0.996
		AT	4.63%	4.77%	0.972
		CT	7.81%	7.80%	1.002
		GT	5.38%	5.31%	1.013
		TT	6.96%	6.87%	1.013
	Autonormalization: 3-mers (64 total)
	Finished preparing sequence/group files

	----------------------------------------------------------
	Known motif enrichment

	Reading input files...
	50001 total sequences read
	414 motifs loaded
	Cache length = 11180
	Using binomial scoring
	Checking enrichment of 414 motif(s)
	|0%                                    50%                                  100%|
	=================================================================================
	Preparing HTML output with sequence logos...
		1 of 414 (1e-231) TEAD4(TEA)/Tropoblast-Tead4-ChIP-Seq(GSE37350)/Homer
		2 of 414 (1e-229) TEAD1(TEAD)/HepG2-TEAD1-ChIP-Seq(Encode)/Homer
		3 of 414 (1e-199) TEAD3(TEA)/HepG2-TEAD3-ChIP-Seq(Encode)/Homer
		4 of 414 (1e-199) TEAD(TEA)/Fibroblast-PU.1-ChIP-Seq(Unpublished)/Homer
		5 of 414 (1e-184) TEAD2(TEA)/Py2T-Tead2-ChIP-Seq(GSE55709)/Homer
		6 of 414 (1e-156) Klf4(Zf)/mES-Klf4-ChIP-Seq(GSE11431)/Homer
		7 of 414 (1e-144) KLF5(Zf)/LoVo-KLF5-ChIP-Seq(GSE49402)/Homer
		8 of 414 (1e-125) EKLF(Zf)/Erythrocyte-Klf1-ChIP-Seq(GSE20478)/Homer
		9 of 414 (1e-110) RARg(NR)/ES-RARg-ChIP-Seq(GSE30538)/Homer
		10 of 414 (1e-107) RAR:RXR(NR),DR5/ES-RAR-ChIP-Seq(GSE56893)/Homer
		11 of 414 (1e-98) SF1(NR)/H295R-Nr5a1-ChIP-Seq(GSE44220)/Homer
		12 of 414 (1e-97) KLF3(Zf)/MEF-Klf3-ChIP-Seq(GSE44748)/Homer
		13 of 414 (1e-86) KLF6(Zf)/PDAC-KLF6-ChIP-Seq(GSE64557)/Homer
		14 of 414 (1e-83) Nr5a2(NR)/mES-Nr5a2-ChIP-Seq(GSE19019)/Homer
		15 of 414 (1e-62) Nr5a2(NR)/Pancreas-LRH1-ChIP-Seq(GSE34295)/Homer
		16 of 414 (1e-59) Klf9(Zf)/GBM-Klf9-ChIP-Seq(GSE62211)/Homer
		17 of 414 (1e-47) Sp2(Zf)/HEK293-Sp2.eGFP-ChIP-Seq(Encode)/Homer
		18 of 414 (1e-36) Gata1(Zf)/K562-GATA1-ChIP-Seq(GSE18829)/Homer
		19 of 414 (1e-33) Gata2(Zf)/K562-GATA2-ChIP-Seq(GSE18829)/Homer
		20 of 414 (1e-31) Sp1(Zf)/Promoter/Homer
		21 of 414 (1e-28) KLF10(Zf)/HEK293-KLF10.GFP-ChIP-Seq(GSE58341)/Homer
		22 of 414 (1e-27) Gata4(Zf)/Heart-Gata4-ChIP-Seq(GSE35151)/Homer
		23 of 414 (1e-27) Sp5(Zf)/mES-Sp5.Flag-ChIP-Seq(GSE72989)/Homer
		24 of 414 (1e-26) Gata6(Zf)/HUG1N-GATA6-ChIP-Seq(GSE51936)/Homer
		25 of 414 (1e-24) KLF14(Zf)/HEK293-KLF14.GFP-ChIP-Seq(GSE58341)/Homer
		26 of 414 (1e-22) Esrrb(NR)/mES-Esrrb-ChIP-Seq(GSE11431)/Homer
		27 of 414 (1e-20) Otx2(Homeobox)/EpiLC-Otx2-ChIP-Seq(GSE56098)/Homer
		28 of 414 (1e-18) GATA3(Zf)/iTreg-Gata3-ChIP-Seq(GSE20898)/Homer
		29 of 414 (1e-18) Ronin(THAP)/ES-Thap11-ChIP-Seq(GSE51522)/Homer
		30 of 414 (1e-18) GSC(Homeobox)/FrogEmbryos-GSC-ChIP-Seq(DRA000576)/Homer
		31 of 414 (1e-17) Bcl6(Zf)/Liver-Bcl6-ChIP-Seq(GSE31578)/Homer
		32 of 414 (1e-16) NFE2L2(bZIP)/HepG2-NFE2L2-ChIP-Seq(Encode)/Homer
		33 of 414 (1e-15) AP-2alpha(AP2)/Hela-AP2alpha-ChIP-Seq(GSE31477)/Homer
		34 of 414 (1e-13) FOXA1:AR(Forkhead,NR)/LNCAP-AR-ChIP-Seq(GSE27824)/Homer
		35 of 414 (1e-13) CTCF(Zf)/CD4+-CTCF-ChIP-Seq(Barski_et_al.)/Homer
		36 of 414 (1e-12) Stat3(Stat)/mES-Stat3-ChIP-Seq(GSE11431)/Homer
		37 of 414 (1e-12) Nrf2(bZIP)/Lymphoblast-Nrf2-ChIP-Seq(GSE37589)/Homer
		38 of 414 (1e-11) Elk4(ETS)/Hela-Elk4-ChIP-Seq(GSE31477)/Homer
		39 of 414 (1e-11) GFY(?)/Promoter/Homer
		40 of 414 (1e-11) FOXM1(Forkhead)/MCF7-FOXM1-ChIP-Seq(GSE72977)/Homer
		41 of 414 (1e-11) AP-2gamma(AP2)/MCF7-TFAP2C-ChIP-Seq(GSE21234)/Homer
		42 of 414 (1e-10) NF-E2(bZIP)/K562-NFE2-ChIP-Seq(GSE31477)/Homer
		43 of 414 (1e-10) BORIS(Zf)/K562-CTCFL-ChIP-Seq(GSE32465)/Homer
		44 of 414 (1e-10) Elk1(ETS)/Hela-Elk1-ChIP-Seq(GSE31477)/Homer
		45 of 414 (1e-9) ETS(ETS)/Promoter/Homer
		46 of 414 (1e-9) Pax8(Paired,Homeobox)/Thyroid-Pax8-ChIP-Seq(GSE26938)/Homer
		47 of 414 (1e-9) GFY-Staf(?,Zf)/Promoter/Homer
		48 of 414 (1e-9) E2F4(E2F)/K562-E2F4-ChIP-Seq(GSE31477)/Homer
		49 of 414 (1e-9) ELF1(ETS)/Jurkat-ELF1-ChIP-Seq(SRA014231)/Homer
		50 of 414 (1e-9) STAT5(Stat)/mCD4+-Stat5-ChIP-Seq(GSE12346)/Homer
		51 of 414 (1e-8) PRDM10(Zf)/HEK293-PRDM10.eGFP-ChIP-Seq(Encode)/Homer
		52 of 414 (1e-7) Bach1(bZIP)/K562-Bach1-ChIP-Seq(GSE31477)/Homer
		53 of 414 (1e-7) FOXA1(Forkhead)/MCF7-FOXA1-ChIP-Seq(GSE26831)/Homer
		54 of 414 (1e-7) E2F7(E2F)/Hela-E2F7-ChIP-Seq(GSE32673)/Homer
		55 of 414 (1e-7) Bach2(bZIP)/OCILy7-Bach2-ChIP-Seq(GSE44420)/Homer
		56 of 414 (1e-7) BATF(bZIP)/Th17-BATF-ChIP-Seq(GSE39756)/Homer
		57 of 414 (1e-6) STAT4(Stat)/CD4-Stat4-ChIP-Seq(GSE22104)/Homer
		58 of 414 (1e-6) CRX(Homeobox)/Retina-Crx-ChIP-Seq(GSE20012)/Homer
		59 of 414 (1e-6) SPDEF(ETS)/VCaP-SPDEF-ChIP-Seq(SRA014231)/Homer
		60 of 414 (1e-6) Atf3(bZIP)/GBM-ATF3-ChIP-Seq(GSE33912)/Homer
		61 of 414 (1e-6) CTCF-SatelliteElement(Zf?)/CD4+-CTCF-ChIP-Seq(Barski_et_al.)/Homer
		62 of 414 (1e-5) Fra1(bZIP)/BT549-Fra1-ChIP-Seq(GSE46166)/Homer
		63 of 414 (1e-5) Stat3+il21(Stat)/CD4-Stat3-ChIP-Seq(GSE19198)/Homer
		64 of 414 (1e-5) LXRE(NR),DR4/RAW-LXRb.biotin-ChIP-Seq(GSE21512)/Homer
		65 of 414 (1e-5) TFE3(bHLH)/MEF-TFE3-ChIP-Seq(GSE75757)/Homer
		66 of 414 (1e-5) STAT1(Stat)/HelaS3-STAT1-ChIP-Seq(GSE12782)/Homer
		67 of 414 (1e-5) AP-1(bZIP)/ThioMac-PU.1-ChIP-Seq(GSE21512)/Homer
		68 of 414 (1e-5) ETV4(ETS)/HepG2-ETV4-ChIP-Seq(ENCODE)/Homer
		69 of 414 (1e-5) JunB(bZIP)/DendriticCells-Junb-ChIP-Seq(GSE36099)/Homer
		70 of 414 (1e-5) Fox:Ebox(Forkhead,bHLH)/Panc1-Foxa2-ChIP-Seq(GSE47459)/Homer
		71 of 414 (1e-5) FOXA1(Forkhead)/LNCAP-FOXA1-ChIP-Seq(GSE27824)/Homer
		72 of 414 (1e-4) Fli1(ETS)/CD8-FLI-ChIP-Seq(GSE20898)/Homer
		73 of 414 (1e-4) GABPA(ETS)/Jurkat-GABPa-ChIP-Seq(GSE17954)/Homer
		74 of 414 (1e-4) Usf2(bHLH)/C2C12-Usf2-ChIP-Seq(GSE36030)/Homer
		75 of 414 (1e-4) Jun-AP1(bZIP)/K562-cJun-ChIP-Seq(GSE31477)/Homer
		76 of 414 (1e-4) E2F1(E2F)/Hela-E2F1-ChIP-Seq(GSE22478)/Homer
		77 of 414 (1e-4) p73(p53)/Trachea-p73-ChIP-Seq(PRJNA310161)/Homer
		78 of 414 (1e-4) Brachyury(T-box)/Mesoendoderm-Brachyury-ChIP-exo(GSE54963)/Homer
		79 of 414 (1e-4) USF1(bHLH)/GM12878-Usf1-ChIP-Seq(GSE32465)/Homer
		80 of 414 (1e-4) E-box(bHLH)/Promoter/Homer
		81 of 414 (1e-4) Fra2(bZIP)/Striatum-Fra2-ChIP-Seq(GSE43429)/Homer
		82 of 414 (1e-3) NFkB-p65-Rel(RHD)/ThioMac-LPS-Expression(GSE23622)/Homer
		83 of 414 (1e-3) MITF(bHLH)/MastCells-MITF-ChIP-Seq(GSE48085)/Homer
		84 of 414 (1e-3) OCT:OCT(POU,Homeobox,IR1)/NPC-Brn2-ChIP-Seq(GSE35496)/Homer
		85 of 414 (1e-3) Arnt:Ahr(bHLH)/MCF7-Arnt-ChIP-Seq(Lo_et_al.)/Homer
		86 of 414 (1e-3) THRa(NR)/C17.2-THRa-ChIP-Seq(GSE38347)/Homer
		87 of 414 (1e-3) CDX4(Homeobox)/ZebrafishEmbryos-Cdx4.Myc-ChIP-Seq(GSE48254)/Homer
		88 of 414 (1e-3) p53(p53)/mES-cMyc-ChIP-Seq(GSE11431)/Homer
		89 of 414 (1e-3) Tbx6(T-box)/ESC-Tbx6-ChIP-Seq(GSE93524)/Homer
		90 of 414 (1e-3) CHR(?)/Hela-CellCycle-Expression/Homer
		91 of 414 (1e-3) bHLHE40(bHLH)/HepG2-BHLHE40-ChIP-Seq(GSE31477)/Homer
		92 of 414 (1e-3) MYNN(Zf)/HEK293-MYNN.eGFP-ChIP-Seq(Encode)/Homer
		93 of 414 (1e-3) DMRT1(DM)/Testis-DMRT1-ChIP-Seq(GSE64892)/Homer
		94 of 414 (1e-3) Fosl2(bZIP)/3T3L1-Fosl2-ChIP-Seq(GSE56872)/Homer
		95 of 414 (1e-3) HIF-1b(HLH)/T47D-HIF1b-ChIP-Seq(GSE59937)/Homer
		96 of 414 (1e-3) Rfx6(HTH)/Min6b1-Rfx6.HA-ChIP-Seq(GSE62844)/Homer
		97 of 414 (1e-2) Tbr1(T-box)/Cortex-Tbr1-ChIP-Seq(GSE71384)/Homer
		98 of 414 (1e-2) ZBTB12(Zf)/HEK293-ZBTB12.GFP-ChIP-Seq(GSE58341)/Homer
		99 of 414 (1e-2) Brn1(POU,Homeobox)/NPC-Brn1-ChIP-Seq(GSE35496)/Homer
		100 of 414 (1e-2) GATA(Zf),IR4/iTreg-Gata3-ChIP-Seq(GSE20898)/Homer
		101 of 414 (1e-2) PAX5(Paired,Homeobox)/GM12878-PAX5-ChIP-Seq(GSE32465)/Homer
		102 of 414 (1e-2) NFkB-p65(RHD)/GM12787-p65-ChIP-Seq(GSE19485)/Homer
		103 of 414 (1e-2) Elf4(ETS)/BMDM-Elf4-ChIP-Seq(GSE88699)/Homer
		104 of 414 (1e-2) EAR2(NR)/K562-NR2F6-ChIP-Seq(Encode)/Homer
		105 of 414 (1e-2) ELF5(ETS)/T47D-ELF5-ChIP-Seq(GSE30407)/Homer
		106 of 414 (1e-2) Tbx21(T-box)/GM12878-TBX21-ChIP-Seq(Encode)/Homer
		107 of 414 (1e-2) HNF4a(NR),DR1/HepG2-HNF4a-ChIP-Seq(GSE25021)/Homer
		108 of 414 (1e-2) c-Myc(bHLH)/LNCAP-cMyc-ChIP-Seq(Unpublished)/Homer
		109 of 414 (1e-2) Oct2(POU,Homeobox)/Bcell-Oct2-ChIP-Seq(GSE21512)/Homer
		110 of 414 (1e-2) THRb(NR)/HepG2-THRb.Flag-ChIP-Seq(Encode)/Homer
		111 of 414 (1e-2) GATA:SCL(Zf,bHLH)/Ter119-SCL-ChIP-Seq(GSE18720)/Homer
		112 of 414 (1e-2) Foxh1(Forkhead)/hESC-FOXH1-ChIP-Seq(GSE29422)/Homer
		113 of 414 (1e-2) PAX5(Paired,Homeobox),condensed/GM12878-PAX5-ChIP-Seq(GSE32465)/Homer
		114 of 414 (1e-2) DMRT6(DM)/Testis-DMRT6-ChIP-Seq(GSE60440)/Homer
		115 of 414 (1e-2) MafA(bZIP)/Islet-MafA-ChIP-Seq(GSE30298)/Homer
		116 of 414 (1e-2) Etv2(ETS)/ES-ER71-ChIP-Seq(GSE59402)/Homer(0.967)
		117 of 414 (1e-2) Gfi1b(Zf)/HPC7-Gfi1b-ChIP-Seq(GSE22178)/Homer
		118 of 414 (1e-2) Oct4(POU,Homeobox)/mES-Oct4-ChIP-Seq(GSE11431)/Homer
		119 of 414 (1e-2) ETS1(ETS)/Jurkat-ETS1-ChIP-Seq(GSE17954)/Homer
		120 of 414 (1e-2) COUP-TFII(NR)/K562-NR2F1-ChIP-Seq(Encode)/Homer
		121 of 414 (1e-2) Smad2(MAD)/ES-SMAD2-ChIP-Seq(GSE29422)/Homer
		122 of 414 (1e-2) PRDM15(Zf)/ESC-Prdm15-ChIP-Seq(GSE73694)/Homer
		123 of 414 (1e-2) EWS:FLI1-fusion(ETS)/SK_N_MC-EWS:FLI1-ChIP-Seq(SRA014231)/Homer
		124 of 414 (1e-2) PBX1(Homeobox)/MCF7-PBX1-ChIP-Seq(GSE28007)/Homer
		125 of 414 (1e-2) GATA3(Zf),DR4/iTreg-Gata3-ChIP-Seq(GSE20898)/Homer
		126 of 414 (1e-2) RORa(NR)/Liver-Rora-ChIP-Seq(GSE101115)/Homer
		127 of 414 (1e-2) GRHL2(CP2)/HBE-GRHL2-ChIP-Seq(GSE46194)/Homer
		128 of 414 (1e-2) MafF(bZIP)/HepG2-MafF-ChIP-Seq(GSE31477)/Homer
		129 of 414 (1e-2) p53(p53)/Saos-p53-ChIP-Seq(GSE15780)/Homer
		130 of 414 (1e-2) p53(p53)/Saos-p53-ChIP-Seq/Homer
	----------------------------------------------------------
	De novo motif finding (HOMER)

	Scanning input files...
	Parsing sequences...
	|0%                                   50%                                  100%|
	================================================================================
	Total number of Oligos: 32896
	Autoadjustment for sequence coverage in background: 1.22x

	Oligos: 32896 of 34497 max
	Tree  : 67140 of 172485 max
	Optimizing memory usage...
	Cache length = 11180
	Using binomial scoring

	Global Optimization Phase: Looking for enriched oligos with up to 2 mismatches...

	Screening oligos 32896 (allowing 0 mismatches):
	|0%                                   50%                                  100%|
	================================================================================
		0.00% skipped, 100.00% checked (32896 of 32896), of those checked:
		0.00% not in target, 0.00% increased p-value, 0.00% high p-value

	Screening oligos 32896 (allowing 1 mismatches):
	|0%                                   50%                                  100%|
	================================================================================
		0.00% skipped, 100.00% checked (32896 of 32896), of those checked:
		0.00% not in target, 46.92% increased p-value, 45.93% high p-value

	Screening oligos 32896 (allowing 2 mismatches):
	|0%                                   50%                                  100%|
	================================================================================
		61.41% skipped, 38.59% checked (12695 of 32896), of those checked:
		0.00% not in target, 28.24% increased p-value, 0.00% high p-value
	Reading input files...
	50001 total sequences read
	Cache length = 11180
	Using binomial scoring

	Local Optimization Phase:
	1 of 25 Initial Sequence: TTGTTTGT... (-432.469)
		Round 1: -507.20 TKGTTTGT T:10927.8(58.21%),B:25993.0(44.08%),P:1e-220
		Round 2: -507.20 TKGTTTGT T:10927.8(58.21%),B:25993.0(44.08%),P:1e-220
		=Final=: -152.94 TKGTTTGT T:1350.0(10.78%),B:2433.8(6.62%),P:1e-66
		Performing exhaustive masking of motif...
		Reprioritizing potential motifs...
	2 of 25 Initial Sequence: ACATTCCT... (-239.488)
		Round 1: -575.93 ACATTCCT T:5172.0(33.83%),B:10428.4(20.80%),P:1e-250
		Round 2: -660.51 GAATTCCW T:3610.8(25.04%),B:6233.2(13.01%),P:1e-286
		Round 3: -660.51 GAATTCCW T:3610.8(25.04%),B:6233.2(13.01%),P:1e-286
		=Final=: -604.77 GAATTCCW T:3413.0(27.25%),B:5575.8(15.16%),P:1e-262
		Performing exhaustive masking of motif...
		Reprioritizing potential motifs...
	3 of 25 Initial Sequence: GGGTGTGG... (-186.646)
		Round 1: -396.55 AGGTGTGG T:3976.2(27.20%),B:8411.9(17.14%),P:1e-172
		Round 2: -396.55 AGGTGTGG T:3976.2(27.20%),B:8411.9(17.14%),P:1e-172
		=Final=: -339.76 AGGTGTGG T:3607.0(28.80%),B:7055.2(19.19%),P:1e-147
		Performing exhaustive masking of motif...
		Reprioritizing potential motifs...
	4 of 25 Initial Sequence: GTTCAAGG... (-141.835)
		Round 1: -213.24 GTTCAAGG T:2238.3(16.37%),B:4898.2(10.37%),P:1e-92
		Round 2: -213.24 GTTCAAGG T:2238.3(16.37%),B:4898.2(10.37%),P:1e-92
		=Final=: -198.82 GTTCAAGG T:2127.0(16.98%),B:4070.9(11.07%),P:1e-86
		Performing exhaustive masking of motif...
		Reprioritizing potential motifs...
	5 of 25 Initial Sequence: TCGAGGCA... (-117.689)
		Round 1: -142.56 TCGAGGCA T:5571.3(35.91%),B:15318.5(29.00%),P:1e-61
		Round 2: -181.15 TCGAGGCA T:3673.9(25.42%),B:9200.4(18.59%),P:1e-78
		Round 3: -181.15 TCGAGGCA T:3673.9(25.42%),B:9200.4(18.59%),P:1e-78
		=Final=: -182.20 TCGAGGCA T:3238.0(25.86%),B:6973.4(18.96%),P:1e-79
		Performing exhaustive masking of motif...
		Reprioritizing potential motifs...
	6 of 25 Initial Sequence: GGTTTCTC... (-114.212)
		Round 1: -129.95 GRTTTCTC T:2613.0(18.83%),B:6592.4(13.70%),P:1e-56
		Round 2: -148.29 GATYTCKC T:4344.9(29.31%),B:11539.5(22.74%),P:1e-64
		Round 3: -148.29 GATYTCKC T:4344.9(29.31%),B:11539.5(22.74%),P:1e-64
		=Final=: -122.92 GATYTCKC T:3840.0(30.66%),B:9034.7(24.57%),P:1e-53
		Performing exhaustive masking of motif...
		Reprioritizing potential motifs...
	7 of 25 Initial Sequence: AAACAAAA... (-107.957)
		Round 1: -142.36 AAACAAAA T:4928.8(32.53%),B:13376.9(25.85%),P:1e-61
		Round 2: -142.36 AAACAAAA T:4928.8(32.53%),B:13376.9(25.85%),P:1e-61
		=Final=: -68.96 AAACAAAA T:1701.0(13.58%),B:3799.5(10.33%),P:1e-29
		Performing exhaustive masking of motif...
		Reprioritizing potential motifs...
	8 of 25 Initial Sequence: AAGAATGT... (-94.793)
		Round 1: -123.81 AAGAATGT T:699.0(5.43%),B:1288.1(2.84%),P:1e-53
		Round 2: -138.16 ACGAATGC T:762.6(5.90%),B:1391.2(3.06%),P:1e-60
		Round 3: -138.16 ACGAATGC T:762.6(5.90%),B:1391.2(3.06%),P:1e-60
		=Final=: -143.00 ACGAATGC T:894.0(7.14%),B:1442.5(3.92%),P:1e-62
		Performing exhaustive masking of motif...
		Reprioritizing potential motifs...
	9 of 25 Initial Sequence: CTGAACCT... (-90.682)
		Round 1: -90.68 CTGAACCT T:533.6(4.17%),B:1002.6(2.22%),P:1e-39
		Round 2: -90.68 CTGAACCT T:533.6(4.17%),B:1002.6(2.22%),P:1e-39
		=Final=: -63.64 CTGAACCT T:522.0(4.17%),B:917.0(2.49%),P:1e-27
		Performing exhaustive masking of motif...
		Reprioritizing potential motifs...
	10 of 25 Initial Sequence: GATGATAA... (-77.310)
		Round 1: -77.31 GATGATAA T:274.1(2.16%),B:421.5(0.94%),P:1e-33
		Round 2: -77.31 GATGATAA T:274.1(2.16%),B:421.5(0.94%),P:1e-33
		=Final=: -88.15 GATGATAA T:322.0(2.57%),B:417.2(1.13%),P:1e-38
		Performing exhaustive masking of motif...
		Reprioritizing potential motifs...
	11 of 25 Initial Sequence: CGGGATTA... (-68.079)
		Round 1: -143.27 CGGGATTA T:3456.5(24.12%),B:8951.8(18.14%),P:1e-62
		Round 2: -143.27 CGGGATTA T:3456.5(24.12%),B:8951.8(18.14%),P:1e-62
		=Final=: -143.06 CGGGATTA T:3478.0(27.77%),B:7887.1(21.45%),P:1e-62
		Performing exhaustive masking of motif...
		Reprioritizing potential motifs...
	12 of 25 Initial Sequence: ATCTGAAT... (-60.657)
		Round 1: -60.66 ATCTGAAT T:266.9(2.10%),B:452.8(1.01%),P:1e-26
		Round 2: -60.66 ATCTGAAT T:266.9(2.10%),B:452.8(1.01%),P:1e-26
		=Final=: -75.79 ATCTGAAT T:322.0(2.57%),B:447.3(1.22%),P:1e-32
		Performing exhaustive masking of motif...
		Reprioritizing potential motifs...
	13 of 25 Initial Sequence: CACTCCCT... (-54.377)
		Round 1: -54.40 CACTCCCT T:1036.9(7.94%),B:2635.8(5.72%),P:1e-23
		Round 2: -61.56 CATTCCCT T:1234.7(9.38%),B:3159.8(6.82%),P:1e-26
		Round 3: -69.64 CATTCCCW T:2606.6(18.79%),B:7262.6(14.99%),P:1e-30
		Round 4: -69.64 CATTCCCW T:2606.6(18.79%),B:7262.6(14.99%),P:1e-30
		=Final=: -78.18 CATTCCCW T:2770.0(22.12%),B:6550.7(17.82%),P:1e-33
		Performing exhaustive masking of motif...
		Reprioritizing potential motifs...
	14 of 25 Initial Sequence: TAGCCCTG... (-54.148)
		Round 1: -104.88 TAGCCCTG T:2488.2(18.02%),B:6477.5(13.48%),P:1e-45
		Round 2: -104.88 TAGCCCTG T:2488.2(18.02%),B:6477.5(13.48%),P:1e-45
		=Final=: -134.26 TAGCCCTG T:2704.0(21.59%),B:5907.7(16.07%),P:1e-58
		Performing exhaustive masking of motif...
		Reprioritizing potential motifs...
	15 of 25 Initial Sequence: GGTCTACA... (-53.605)
		Round 1: -68.87 GGHCTACA T:1643.4(12.30%),B:4314.1(9.20%),P:1e-29
		Round 2: -74.29 GGMCTACA T:1813.5(13.48%),B:4770.9(10.12%),P:1e-32
		Round 3: -75.69 GGACTACA T:1554.4(11.67%),B:3979.9(8.51%),P:1e-32
		Round 4: -75.69 GGACTACA T:1554.4(11.67%),B:3979.9(8.51%),P:1e-32
		=Final=: -88.42 GGACTACA T:1704.0(13.61%),B:3657.4(9.95%),P:1e-38
		Performing exhaustive masking of motif...
		Reprioritizing potential motifs...
	16 of 25 Initial Sequence: GCCCCACC... (-48.705)
		Round 1: -82.41 GCCCCACC T:2691.0(19.34%),B:7354.1(15.16%),P:1e-35
		Round 2: -83.70 GCTCCACC T:2813.1(20.12%),B:7713.6(15.84%),P:1e-36
		Round 3: -92.42 ACTCCACC T:3703.4(25.60%),B:10337.6(20.64%),P:1e-40
		Round 4: -99.99 GYCCCGCC T:3580.1(24.87%),B:9850.4(19.77%),P:1e-43
		Round 5: -99.99 GYCCCGCC T:3580.1(24.87%),B:9850.4(19.77%),P:1e-43
		=Final=: -74.42 GYCCCGCC T:2729.0(21.79%),B:6477.3(17.62%),P:1e-32
		Performing exhaustive masking of motif...
		Reprioritizing potential motifs...
	17 of 25 Initial Sequence: TCCGTGAA... (-46.903)
		Round 1: -55.17 KCYGTGAA T:882.6(6.80%),B:2171.0(4.74%),P:1e-23
		Round 2: -55.17 KCYGTGAA T:882.6(6.80%),B:2171.0(4.74%),P:1e-23
		=Final=: -69.90 KCYGTGAA T:1027.0(8.20%),B:2083.5(5.67%),P:1e-30
		Performing exhaustive masking of motif...
		Reprioritizing potential motifs...
	18 of 25 Initial Sequence: ATAGCTAA... (-45.862)
		Round 1: -50.44 ATAGCYMA T:545.9(4.26%),B:1236.1(2.73%),P:1e-21
		Round 2: -50.44 ATAGCYMA T:545.9(4.26%),B:1236.1(2.73%),P:1e-21
		=Final=: -60.49 ATAGCYMA T:634.0(5.06%),B:1189.6(3.24%),P:1e-26
		Performing exhaustive masking of motif...
		Reprioritizing potential motifs...
	19 of 25 Initial Sequence: CCCAATTA... (-44.465)
		Round 1: -49.07 CCCAAYTA T:605.3(4.72%),B:1415.2(3.11%),P:1e-21
		Round 2: -49.07 CCCAAYTA T:605.3(4.72%),B:1415.2(3.11%),P:1e-21
		=Final=: -48.42 CCCAAYTA T:663.0(5.29%),B:1324.9(3.60%),P:1e-21
		Performing exhaustive masking of motif...
		Reprioritizing potential motifs...
	20 of 25 Initial Sequence: CTTATAAT... (-42.775)
		Round 1: -73.62 CTTATAAT T:387.7(3.04%),B:703.4(1.56%),P:1e-31
		Round 2: -73.62 CTTATAAT T:387.7(3.04%),B:703.4(1.56%),P:1e-31
		=Final=: -85.57 CTTATAAT T:456.0(3.64%),B:693.7(1.89%),P:1e-37
		Performing exhaustive masking of motif...
		Reprioritizing potential motifs...
	21 of 25 Initial Sequence: ACTAAGTT... (-40.849)
		Round 1: -41.70 ACTAAGTT T:237.2(1.87%),B:447.0(0.99%),P:1e-18
		Round 2: -41.70 ACTAAGTT T:237.2(1.87%),B:447.0(0.99%),P:1e-18
		=Final=: -44.20 ACTAAGTT T:274.0(2.19%),B:442.8(1.20%),P:1e-19
		Performing exhaustive masking of motif...
		Reprioritizing potential motifs...
	22 of 25 Initial Sequence: AGATCCGT... (-37.815)
		Round 1: -66.93 AGATAAGV T:648.7(5.04%),B:1423.2(3.13%),P:1e-29
		Round 2: -80.30 AGATAAGM T:1229.2(9.35%),B:2982.1(6.45%),P:1e-34
		Round 3: -80.30 AGATAAGM T:1229.2(9.35%),B:2982.1(6.45%),P:1e-34
		=Final=: -104.17 AGATAAGM T:1694.0(13.53%),B:3525.3(9.59%),P:1e-45
		Performing exhaustive masking of motif...
		Reprioritizing potential motifs...
	23 of 25 Initial Sequence: GGCGTAAA... (-37.341)
		Round 1: -62.41 GGCGTAAA T:6919.3(42.45%),B:21166.7(37.70%),P:1e-27
		Round 2: -62.65 GGCGTAAA T:1865.9(13.84%),B:5061.2(10.70%),P:1e-27
		Round 3: -62.65 GGCGTAAA T:1865.9(13.84%),B:5061.2(10.70%),P:1e-27
		=Final=: -85.73 GGCGTAAA T:2055.0(16.41%),B:4583.4(12.46%),P:1e-37
		Performing exhaustive masking of motif...
		Reprioritizing potential motifs...
	24 of 25 Initial Sequence: TATGCAAA... (-37.017)
		Round 1: -42.06 TATGCAAA T:411.5(3.23%),B:913.5(2.02%),P:1e-18
		Round 2: -42.06 TATGCAAA T:411.5(3.23%),B:913.5(2.02%),P:1e-18
		=Final=: -50.65 TATGCAAA T:481.0(3.84%),B:881.0(2.40%),P:1e-21
		Performing exhaustive masking of motif...
		Reprioritizing potential motifs...
	25 of 25 Initial Sequence: GACATTGG... (-37.016)
		Round 1: -37.02 GACATTGG T:224.4(1.77%),B:435.1(0.97%),P:1e-16
		Round 2: -37.02 GACATTGG T:224.4(1.77%),B:435.1(0.97%),P:1e-16
		=Final=: -43.94 GACATTGG T:268.0(2.14%),B:430.3(1.17%),P:1e-19
		Performing exhaustive masking of motif...
		Reprioritizing potential motifs...

	Finalizing Enrichment Statistics (new in v3.4)
	Reading input files...
	50001 total sequences read
	Cache length = 11180
	Using binomial scoring
	Checking enrichment of 25 motif(s)
	|0%                                    50%                                  100%|
	=================================================================================
	Output in file: /home1/gyang/work_space/4.ProjectET/batch14_cr/7.Peak_anno/Morula_Tead4_rep2_peakAnalysis/homerMotifs.motifs8

	(Motifs in homer2 format)
	Determining similar motifs... 25 reduced to 18 motifs
	Outputing HTML and sequence logos for motif comparison...
	Checking de novo motifs against known motifs...
	Formatting HTML page...
		1 of 18 (1e-262) similar to TEAD(TEA)/Fibroblast-PU.1-ChIP-Seq(Unpublished)/Homer(0.924)
		2 of 18 (1e-149) similar to KLF9/MA1107.1/Jaspar(0.836)
		3 of 18 (1e-85) similar to RAR:RXR(NR),DR5/ES-RAR-ChIP-Seq(GSE56893)/Homer(0.822)
		4 of 18 (1e-79) similar to Smad4/MA1153.1/Jaspar(0.675)
		5 of 18 (1e-66) similar to ZNF384/MA1125.1/Jaspar(0.758)
		6 of 18 (1e-62) similar to Pitx1(Homeobox)/Chicken-Pitx1-ChIP-Seq(GSE38910)/Homer(0.882)
		7 of 18 (1e-58) similar to ZFX(Zf)/mES-Zfx-ChIP-Seq(GSE11431)/Homer(0.687)
		8 of 18 (1e-49) similar to GATA2/MA0036.3/Jaspar(0.976)
		9 of 18 (1e-45) similar to PH0077.1_Hoxd12/Jaspar(0.773)
		10 of 18 (1e-36) similar to PB0174.1_Sox30_2/Jaspar(0.787)
		11 of 18 (1e-32) similar to LIN54/MA0619.1/Jaspar(0.702)
		12 of 18 (1e-30) similar to Tbr1(T-box)/Cortex-Tbr1-ChIP-Seq(GSE71384)/Homer(0.706)
		13 of 18 (1e-29) similar to VDR/MA0693.2/Jaspar(0.772)
		14 of 18 (1e-27) similar to NFIX/MA0671.1/Jaspar(0.658)
		15 of 18 (1e-21) similar to MSX2/MA0708.1/Jaspar(0.814)
		16 of 18 (1e-21) similar to Oct4(POU,Homeobox)/mES-Oct4-ChIP-Seq(GSE11431)/Homer(0.931)
		17 of 18 (1e-20) similar to NKX3-2/MA0122.2/Jaspar(0.635)
		18 of 18 (1e-18) similar to SOX13/MA1120.1/Jaspar(0.710)
	Job finished - if results look good, please send beer to ..

	Cleaning up tmp files...

