
	Position file = ESC_Rarg_SC_1k_rep1_peaks.narrowPeak
	Genome = mm10
	Output Directory = /home1/gyang/work_space/4.ProjectET/batch16_cr/7.Peak_anno/ESC_Rarg_SC_1k_rep1_peakAnalysis
	Using actual sizes of regions (-size given)
	Fragment size set to given
	Using 7 CPUs
	Motif length set at 8,
	Found mset for "mouse", will check against vertebrates motifs
	Peak/BED file conversion summary:
		BED/Header formatted lines: 90
		peakfile formatted lines: 0

	Peak File Statistics:
		Total Peaks: 90
		Redundant Peak IDs: 0
		Peaks lacking information: 0 (need at least 5 columns per peak)
		Peaks with misformatted coordinates: 0 (should be integer)
		Peaks with misformatted strand: 0 (should be either +/- or 0/1)

	Peak file looks good!

	Background fragment size set to 623 (avg size of targets)
	Could not find background files for 623 bp fragments
	Below are the sizes that are already available prepared.
		133
		200
		224
		283
		330
		332
		342
		354
		356
		368
		369
		370
		373
		378
		384
		385
		390
		392
		400
		411
		416
		418
		419
		420
		423
		424
		433
		438
		442
		443
		444
		445
		447
		448
		449
		451
		454
		455
		457
		461
		463
		468
		471
		472
		475
		476
		478
		479
		486
		487
		489
		497
		502
		504
		518
		519
		521
		525
		526
		534
		536
		539
		550
		560
		561
		562
		565
		566
		567
		570
		576
		586
		588
		589
		590
		595
		596
		598
		603
		607
		624
		637
		644
		648
		664
		665
		667
		671
		674
		676
		694
		698
		703
		704
		709
		712
		716
		724
		735
		736
		739
		740
		741
		743
		747
		758
		780
		783
		786
		789
		815
		828
		838
		843
		848
		867
		892
		917
		926
		951
		956
		972
		973
		998
		999
		1016
		1032
		1041
		1078
		1142
		1165
		1178
		1222
		1249
		1259
		1262
		1288
		1296
		1332
		1376
		1406
		1410
		1418
		1448
		1455
		1499
		1547
		1575
		1619
		1623
		1848
		1925
		1930
		1959
		2017
		2116
		2151
		2488
		2499
		3187
		3207
		3228
		3257
		3278
		5196
		5251
		5278
		7879
		7974
		41360
	HOMER will now create background files for 623 bp fragments
	To CANCEL and rerun with a differet "-size <#>", hit <CTRL+C> now!
		5
		4
		3
		2
		1
	Preparsing genome for 623 bp fragments...(will probably take 1-5 min)
	preparse size set to 623

	By default, using /home1/homer/.//data/genomes/mm10//mm10.tss for reference positions
	Output files will be placed in /home1/homer/.//data/genomes/mm10//preparsed//mm10.623.* ...
	By default, HOMER will set the the preparsed Directory to be group read/write
chmod: changing permissions of ‘/home1/homer/.//data/genomes/mm10//preparsed/’: Operation not permitted
	Extracting sequences
	Custom genome sequence directory: /home1/homer/.//data/genomes/mm10//

	Duplicate peak name (NM_001011874-chr1-3671498-1+0) - this could potentially cause problems
		Sometimes unavoidable for BED/2DBED formats
		New name for this peak is NM_001011874-chr1-3671498-1+0--2
		Warning over 1000 peaks with duplicate names
		Warning over 2000 peaks with duplicate names
		Warning over 3000 peaks with duplicate names
	Extracting sequences from directory: /home1/homer/.//data/genomes/mm10//
	Extracting 82387 sequences from chr1
	Extracting 91192 sequences from chr2
	Extracting 62012 sequences from chr3
	Extracting 68747 sequences from chr4
	Extracting 70909 sequences from chr5
	Extracting 67734 sequences from chr6
	Extracting 83834 sequences from chr7
	Extracting 52447 sequences from chr8
	Extracting 63185 sequences from chr9
	Extracting 58179 sequences from chr10
	Extracting 67982 sequences from chr11
	Extracting 43178 sequences from chr12
	Extracting 50579 sequences from chr13
	Extracting 46065 sequences from chr14
	Extracting 42550 sequences from chr15
	Extracting 40073 sequences from chr16
	Extracting 48101 sequences from chr17
	Extracting 34899 sequences from chr18
	Extracting 26604 sequences from chr19
	Extracting 65458 sequences from chrX
	Extracting 10483 sequences from chrY
	Extracting 188 sequences from chr1_GL456211_random
	Extracting 174 sequences from chr1_GL456221_random
	Extracting 55 sequences from chr4_GL456216_random
	Extracting 272 sequences from chr4_GL456350_random
	Extracting 54 sequences from chr4_JH584292_random
	Extracting 178 sequences from chr4_JH584293_random
	Extracting 238 sequences from chr4_JH584294_random
	Extracting 190 sequences from chr5_GL456354_random
	Extracting 88 sequences from chr5_JH584296_random
	Extracting 95 sequences from chr5_JH584297_random
	Extracting 173 sequences from chr5_JH584298_random
	Extracting 424 sequences from chr5_JH584299_random
	Extracting 134 sequences from chr7_GL456219_random
	Extracting 89 sequences from chrUn_JH584304
	Extracting 301 sequences from chrX_GL456233_random
		3150 of 1179106 removed because they had >70.00% Ns (i.e. masked repeats)

	Sequences processed:
		Auto detected maximum sequence length of 623 bp
		100000
		200000
		300000
		400000
		500000
		600000
		700000
		800000
		900000
		1000000
		1100000
		1175956 total

	Frequency Bins: 0.01 0.02 0.03 0.04 0.05 0.06 0.08 0.1 0.12 0.14 0.16
	Freq	Bin	Count
	0.01	0	765794
	0.02	1	300240
	0.03	2	63159
	0.04	3	16483
	0.05	4	8266
	0.06	5	4627
	0.08	6	7121
	0.1	7	5150
	0.12	8	2777
	0.14	9	1532
	0.16	10	603
	11	11	204
	Frequency Bins: 0.2 0.25 0.3 0.35 0.4 0.45 0.5 0.6 0.7 0.8
	Freq	Bin	Count
	0.2	0	35
	0.25	1	705
	0.3	2	12950
	0.35	3	87206
	0.4	4	252845
	0.45	5	357435
	0.5	6	285488
	0.6	7	158894
	0.7	8	16421
	0.8	9	3820
	10	10	157

	Custom genome sequence directory: /home1/homer/.//data/genomes/mm10//

	Extracting sequences from directory: /home1/homer/.//data/genomes/mm10//
	Extracting 9 sequences from chr1
	Extracting 8 sequences from chr2
	Extracting 3 sequences from chr3
	Extracting 13 sequences from chr4
	Extracting 3 sequences from chr5
	Extracting 1 sequences from chr6
	Extracting 1 sequences from chr7
	Extracting 2 sequences from chr8
	Extracting 6 sequences from chr9
	Extracting 2 sequences from chr10
	Extracting 7 sequences from chr11
	Extracting 2 sequences from chr12
	Extracting 5 sequences from chr13
	Extracting 1 sequences from chr14
	Extracting 6 sequences from chr15
	Extracting 1 sequences from chr16
	Extracting 6 sequences from chr17
	Extracting 5 sequences from chr18
	Extracting 4 sequences from chr19
	Extracting 2 sequences from chrX
	Extracting 3 sequences from chrM

	Not removing redundant sequences


	Sequences processed:
		Auto detected maximum sequence length of 533 bp
		90 total

	Frequency Bins: 0.2 0.25 0.3 0.35 0.4 0.45 0.5 0.6 0.7 0.8
	Freq	Bin	Count
	0.3	2	3
	0.35	3	10
	0.4	4	25
	0.45	5	16
	0.5	6	13
	0.6	7	15
	0.7	8	6
	0.8	9	2

	Total sequences set to 50000

	Choosing background that matches in CpG/GC content...
	Bin	# Targets	# Background	Background Weight
	2	3	1664	1.000
	3	10	5546	1.000
	4	25	13864	1.000
	5	16	8873	1.000
	6	13	7209	1.000
	7	15	8318	1.000
	8	6	3327	1.000
	9	2	1109	1.000
	Assembling sequence file...
	Normalizing lower order oligos using homer2

	Reading input files...
	50000 total sequences read
	Autonormalization: 1-mers (4 total)
		A	27.67%	27.86%	0.993
		C	22.33%	22.14%	1.009
		G	22.33%	22.14%	1.009
		T	27.67%	27.86%	0.993
	Autonormalization: 2-mers (16 total)
		AA	8.49%	8.53%	0.995
		CA	7.03%	7.30%	0.963
		GA	6.12%	6.12%	1.001
		TA	6.01%	5.90%	1.019
		AC	5.24%	5.26%	0.995
		CC	6.11%	5.92%	1.032
		GC	4.88%	4.84%	1.007
		TC	6.12%	6.12%	1.001
		AG	6.98%	7.36%	0.949
		CG	2.20%	1.56%	1.409
		GG	6.11%	5.92%	1.032
		TG	7.03%	7.30%	0.963
		AT	6.95%	6.70%	1.038
		CT	6.98%	7.36%	0.949
		GT	5.24%	5.26%	0.995
		TT	8.49%	8.53%	0.995
	Autonormalization: 3-mers (64 total)
	Normalization weights can be found in file: /home1/gyang/work_space/4.ProjectET/batch16_cr/7.Peak_anno/ESC_Rarg_SC_1k_rep1_peakAnalysis/seq.autonorm.tsv
	Converging on autonormalization solution:
	...............................................................................
	Final normalization:	Autonormalization: 1-mers (4 total)
		A	27.67%	27.65%	1.001
		C	22.33%	22.35%	0.999
		G	22.33%	22.35%	0.999
		T	27.67%	27.65%	1.001
	Autonormalization: 2-mers (16 total)
		AA	8.49%	8.52%	0.996
		CA	7.03%	7.09%	0.992
		GA	6.12%	6.07%	1.008
		TA	6.01%	5.97%	1.007
		AC	5.24%	5.19%	1.009
		CC	6.11%	6.07%	1.007
		GC	4.88%	5.01%	0.973
		TC	6.12%	6.07%	1.008
		AG	6.98%	7.11%	0.982
		CG	2.20%	2.08%	1.059
		GG	6.11%	6.07%	1.007
		TG	7.03%	7.09%	0.992
		AT	6.95%	6.82%	1.019
		CT	6.98%	7.11%	0.982
		GT	5.24%	5.19%	1.009
		TT	8.49%	8.52%	0.996
	Autonormalization: 3-mers (64 total)
	Finished preparing sequence/group files

	----------------------------------------------------------
	Known motif enrichment

	Reading input files...
	50000 total sequences read
	440 motifs loaded
	Cache length = 11180
	Using binomial scoring
	Checking enrichment of 440 motif(s)
	|0%                                    50%                                  100%|
	=================================================================================
	Preparing HTML output with sequence logos...
		1 of 440 (1e-2) RORg(NR)/Liver-Rorc-ChIP-Seq(GSE101115)/Homer
	----------------------------------------------------------
	De novo motif finding (HOMER)

	Number of Trial motifs (-T) set to 7 (from 10) to work well with 7 CPUs
	Scanning input files...
	Parsing sequences...
	|0%                                   50%                                  100%|
	===============================================================================
	Total number of Oligos: 32896
	Autoadjustment for sequence coverage in background: 1.30x

	Oligos: 32896 of 34497 max
	Tree  : 67248 of 172485 max
	Optimizing memory usage...
	Cache length = 11180
	Using binomial scoring

	Global Optimization Phase: Looking for enriched oligos with up to 2 mismatches...

	Screening oligos 32896 (allowing 0 mismatches):
	|0%                                   50%                                  100%|
	================================================================================
		33.71% skipped, 66.29% checked (21808 of 32896), of those checked:
		33.71% not in target, 0.00% increased p-value, 0.00% high p-value

	Screening oligos 32896 (allowing 1 mismatches):
	|0%                                   50%                                  100%|
	================================================================================
		33.71% skipped, 66.29% checked (21808 of 32896), of those checked:
		0.00% not in target, 23.95% increased p-value, 47.61% high p-value

	Screening oligos 32896 (allowing 2 mismatches):
	|0%                                   50%                                  100%|
	================================================================================
		86.26% skipped, 13.74% checked (4521 of 32896), of those checked:
		0.00% not in target, 13.67% increased p-value, 0.00% high p-value
	Reading input files...
	50000 total sequences read
	Cache length = 11180
	Using binomial scoring

	Local Optimization Phase:
	1 of 25 Initial Sequence: TCTTTCTT... (-34.792)
		Round 1: -35.41 TCTTTCTT T:67.9(52.70%),B:10283.0(15.29%),P:1e-15
		Round 2: -35.41 TCTTTCTT T:67.9(52.70%),B:10283.0(15.29%),P:1e-15
		=Final=: -1.87 TCTTTCTT T:16.0(17.78%),B:6461.8(13.54%),P:1e0
		Performing exhaustive masking of motif...
		Reprioritizing potential motifs...
	2 of 25 Initial Sequence: TATGGCGA... (-32.469)
		Round 1: -34.25 TATSGCGA T:38.0(34.60%),B:3978.7(6.22%),P:1e-14
		Round 2: -34.25 TATSGCGA T:38.0(34.60%),B:3978.7(6.22%),P:1e-14
		=Final=: -11.73 TATSGCGA T:5.0(5.56%),B:141.3(0.30%),P:1e-5
		Performing exhaustive masking of motif...
		Reprioritizing potential motifs...
	3 of 25 Initial Sequence: AAATGAGA... (-23.539)
		Round 1: -26.66 AAATGAGA T:29.3(27.68%),B:2973.3(4.68%),P:1e-11
		Round 2: -27.53 AAAYGAGA T:28.3(26.86%),B:2850.6(4.49%),P:1e-11
		Round 3: -29.18 AAAYGWGA T:31.1(29.28%),B:3200.9(5.03%),P:1e-12
		Round 4: -30.27 AWACGAGA T:32.3(30.06%),B:3339.6(5.24%),P:1e-13
		Round 5: -30.27 AWACGAGA T:32.3(30.06%),B:3339.6(5.24%),P:1e-13
		=Final=: -5.68 AWACGAGA T:6.0(6.67%),B:767.7(1.61%),P:1e-2
		Performing exhaustive masking of motif...
		Reprioritizing potential motifs...
	4 of 25 Initial Sequence: AAAATGAG... (-22.860)
		Round 1: -23.73 AAAATGAG T:26.0(25.21%),B:2815.8(4.44%),P:1e-10
		Round 2: -28.87 AAAATGCG T:35.4(32.37%),B:4200.0(6.55%),P:1e-12
		Round 3: -28.87 AAAATGCG T:35.4(32.37%),B:4200.0(6.55%),P:1e-12
		=Final=: -9.67 AAAATGCG T:26.0(28.89%),B:6255.0(13.11%),P:1e-4
		Performing exhaustive masking of motif...
		Reprioritizing potential motifs...
	5 of 25 Initial Sequence: TCCTCCTC... (-21.823)
		Round 1: -26.49 TCCTCCTC T:71.2(54.77%),B:14548.5(20.92%),P:1e-11
		Round 2: -26.49 TCCTCCTC T:71.2(54.77%),B:14548.5(20.92%),P:1e-11
		=Final=: -2.80 TCCTCCTC T:42.0(46.67%),B:18196.6(38.14%),P:1e-1
		Performing exhaustive masking of motif...
		Reprioritizing potential motifs...
	6 of 25 Initial Sequence: ACTGAAAA... (-19.351)
		Round 1: -22.70 ACTGAAAA T:31.3(29.28%),B:4321.5(6.73%),P:1e-9
		Round 2: -22.70 ACTGAAAA T:31.3(29.28%),B:4321.5(6.73%),P:1e-9
		=Final=: -4.12 ACTGAAAA T:14.0(15.56%),B:3961.3(8.30%),P:1e-1
		Performing exhaustive masking of motif...
		Reprioritizing potential motifs...
	7 of 25 Initial Sequence: CTGTAGGA... (-16.407)
		Round 1: -16.47 CTGTAGGA T:17.3(17.30%),B:1873.1(2.98%),P:1e-7
		Round 2: -16.47 CTGTAGGA T:17.3(17.30%),B:1873.1(2.98%),P:1e-7
		=Final=: -4.43 CTGTAGGA T:6.0(6.67%),B:1001.5(2.10%),P:1e-1
		Performing exhaustive masking of motif...
		Reprioritizing potential motifs...
	8 of 25 Initial Sequence: AATTATTG... (-16.236)
		Round 1: -23.42 AATTATTR T:73.7(55.76%),B:16642.9(23.55%),P:1e-10
		Round 2: -23.42 AATTATTR T:73.7(55.76%),B:16642.9(23.55%),P:1e-10
		=Final=: -19.25 AATTATTR T:16.0(17.78%),B:1338.0(2.80%),P:1e-8
		Performing exhaustive masking of motif...
		Reprioritizing potential motifs...
	9 of 25 Initial Sequence: ACCCATAC... (-12.494)
		Round 1: -13.76 ACCCATAC T:80.3(59.09%),B:25643.6(33.88%),P:1e-5
		Round 2: -15.95 AAHCMTAC T:70.3(54.26%),B:19529.1(27.03%),P:1e-6
		Round 3: -15.95 AAHCMTAC T:70.3(54.26%),B:19529.1(27.03%),P:1e-6
		=Final=: -7.92 AAHCMTAC T:43.0(47.78%),B:14443.3(30.27%),P:1e-3
		Performing exhaustive masking of motif...
		Reprioritizing potential motifs...
	10 of 25 Initial Sequence: TGGAATAT... (-11.950)
		Round 1: -15.07 TGGAATAT T:14.5(14.48%),B:1521.6(2.42%),P:1e-6
		Round 2: -15.07 TGGAATAT T:14.5(14.48%),B:1521.6(2.42%),P:1e-6
		=Final=: -5.11 TGGAATAT T:8.0(8.89%),B:1443.4(3.03%),P:1e-2
		Performing exhaustive masking of motif...
		Reprioritizing potential motifs...
	11 of 25 Initial Sequence: CATAGTAT... (-10.809)
		Round 1: -18.13 CATAGTAT T:18.2(18.22%),B:1914.2(3.04%),P:1e-7
		Round 2: -18.13 CATAGTAT T:18.2(18.22%),B:1914.2(3.04%),P:1e-7
		=Final=: -10.90 CATAGTAT T:13.0(14.44%),B:1698.5(3.56%),P:1e-4
		Performing exhaustive masking of motif...
		Reprioritizing potential motifs...
	12 of 25 Initial Sequence: TTACTTAC... (-10.101)
		Round 1: -12.28 TTACTTAC T:14.6(14.48%),B:1967.3(3.12%),P:1e-5
		Round 2: -12.28 TTACTTAC T:14.6(14.48%),B:1967.3(3.12%),P:1e-5
		=Final=: -4.74 TTACTTAC T:9.0(10.00%),B:1865.6(3.91%),P:1e-2
		Performing exhaustive masking of motif...
		Reprioritizing potential motifs...
	13 of 25 Initial Sequence: AATGCACA... (-10.028)
		Round 1: -11.17 AATGCACA T:13.6(13.52%),B:1858.8(2.95%),P:1e-4
		Round 2: -14.93 AACGCACG T:20.9(20.03%),B:3110.1(4.89%),P:1e-6
		Round 3: -14.93 AACGCACG T:20.9(20.03%),B:3110.1(4.89%),P:1e-6
		=Final=: -5.28 AACGCACG T:16.0(17.78%),B:4197.1(8.80%),P:1e-2
		Performing exhaustive masking of motif...
		Reprioritizing potential motifs...
	14 of 25 Initial Sequence: TGATTTCG... (-8.985)
		Round 1: -8.98 TGATTTCG T:5.6(5.43%),B:173.8(0.28%),P:1e-3
		Round 2: -8.98 TGATTTCG T:5.6(5.43%),B:173.8(0.28%),P:1e-3
		=Final=: -8.04 TGATTTCG T:4.0(4.44%),B:170.0(0.36%),P:1e-3
		Performing exhaustive masking of motif...
		Reprioritizing potential motifs...
	15 of 25 Initial Sequence: CATTCATA... (-8.621)
		Round 1: -14.04 CATTCATA T:24.6(23.52%),B:4488.8(6.99%),P:1e-6
		Round 2: -14.04 CATTCATA T:24.6(23.52%),B:4488.8(6.99%),P:1e-6
		=Final=: -8.92 CATTCATA T:14.0(15.56%),B:2357.4(4.94%),P:1e-3
		Performing exhaustive masking of motif...
		Reprioritizing potential motifs...
	16 of 25 Initial Sequence: CAGCAGTT... (-7.989)
		Round 1: -11.72 CAGCAGTT T:24.2(23.52%),B:5232.1(8.10%),P:1e-5
		Round 2: -11.72 CAGCAGTT T:24.2(23.52%),B:5232.1(8.10%),P:1e-5
		=Final=: -12.54 CAGCAGTT T:25.0(27.78%),B:4974.0(10.43%),P:1e-5
		Performing exhaustive masking of motif...
		Reprioritizing potential motifs...
	17 of 25 Initial Sequence: TTGTTGTT... (-7.991)
		Round 1: -11.63 TTGTTGTT T:37.3(33.86%),B:9947.2(14.83%),P:1e-5
		Round 2: -14.91 TTGTTGGT T:46.7(40.19%),B:11791.2(17.32%),P:1e-6
		Round 3: -14.91 TTGTTGGT T:46.7(40.19%),B:11791.2(17.32%),P:1e-6
		=Final=: -6.51 TTGTTGGT T:14.0(15.56%),B:3007.8(6.30%),P:1e-2
		Performing exhaustive masking of motif...
		Reprioritizing potential motifs...
	Remaining seeds don't look promising (After initial 5 motifs, logp -7.946 > -7.954)

	Finalizing Enrichment Statistics (new in v3.4)
	Reading input files...
	50000 total sequences read
	Cache length = 11180
	Using binomial scoring
	Checking enrichment of 17 motif(s)
	|0%                                    50%                                  100%|
	=================================================================================
	Output in file: /home1/gyang/work_space/4.ProjectET/batch16_cr/7.Peak_anno/ESC_Rarg_SC_1k_rep1_peakAnalysis/homerMotifs.motifs8

	(Motifs in homer2 format)
	Determining similar motifs... 17 reduced to 15 motifs
	Outputing HTML and sequence logos for motif comparison...
	Checking de novo motifs against known motifs...
	Formatting HTML page...
		1 of 15 (1e-8) similar to MF0010.1_Homeobox_class/Jaspar(0.915)
		2 of 15 (1e-5) similar to BMYB(HTH)/Hela-BMYB-ChIP-Seq(GSE27030)/Homer(0.761)
		3 of 15 (1e-5) similar to ZBED1/MA0749.1/Jaspar(0.746)
		4 of 15 (1e-4) similar to PB0146.1_Mafk_2/Jaspar(0.635)
		5 of 15 (1e-4) similar to ZKSCAN1/MA1585.1/Jaspar(0.672)
		6 of 15 (1e-3) similar to PB0170.1_Sox17_2/Jaspar(0.844)
		7 of 15 (1e-3) similar to BHLHE23/MA0817.1/Jaspar(0.639)
		8 of 15 (1e-3) similar to PH0037.1_Hdx/Jaspar(0.882)
		9 of 15 (1e-2) similar to PB0106.1_Arid5a_2/Jaspar(0.712)
		10 of 15 (1e-2) similar to LMX1A/MA0702.2/Jaspar(0.729)
		11 of 15 (1e-2) similar to HIF-1b(HLH)/T47D-HIF1b-ChIP-Seq(GSE59937)/Homer(0.727)
		12 of 15 (1e-2) similar to TEAD4/MA0809.2/Jaspar(0.822)
		13 of 15 (1e-1) similar to Hoxd12(Homeobox)/ChickenMSG-Hoxd12.Flag-ChIP-Seq(GSE86088)/Homer(0.711)
		14 of 15 (1e-1) similar to ZNF263/MA0528.2/Jaspar(0.766)
		15 of 15 (1e0) similar to PRDM1/MA0508.3/Jaspar(0.743)
	Job finished - if results look good, please send beer to ..

	Cleaning up tmp files...

