
	Position file = ESC_Rarg_SC_1k_rep2_peaks.narrowPeak
	Genome = mm10
	Output Directory = /home1/gyang/work_space/4.ProjectET/batch16_cr/7.Peak_anno/ESC_Rarg_SC_1k_rep2_peakAnalysis
	Using actual sizes of regions (-size given)
	Fragment size set to given
	Using 7 CPUs
	Motif length set at 8,
	Found mset for "mouse", will check against vertebrates motifs
	Peak/BED file conversion summary:
		BED/Header formatted lines: 75
		peakfile formatted lines: 0

	Peak File Statistics:
		Total Peaks: 75
		Redundant Peak IDs: 0
		Peaks lacking information: 0 (need at least 5 columns per peak)
		Peaks with misformatted coordinates: 0 (should be integer)
		Peaks with misformatted strand: 0 (should be either +/- or 0/1)

	Peak file looks good!

	Background fragment size set to 631 (avg size of targets)
	Could not find background files for 631 bp fragments
	Below are the sizes that are already available prepared.
		133
		200
		224
		283
		330
		332
		342
		354
		356
		368
		369
		370
		373
		378
		384
		385
		390
		392
		400
		411
		416
		418
		419
		420
		423
		424
		433
		438
		442
		443
		444
		445
		447
		448
		449
		451
		454
		455
		457
		461
		463
		468
		471
		472
		475
		476
		478
		479
		486
		487
		489
		497
		502
		504
		518
		519
		521
		525
		526
		534
		536
		539
		550
		560
		561
		562
		565
		566
		567
		570
		576
		586
		588
		589
		590
		595
		596
		598
		603
		607
		624
		637
		644
		648
		664
		665
		667
		671
		674
		676
		694
		698
		703
		704
		709
		712
		716
		724
		735
		736
		739
		740
		741
		743
		747
		758
		780
		783
		786
		789
		815
		828
		838
		843
		848
		867
		892
		917
		926
		951
		956
		972
		973
		998
		999
		1016
		1032
		1041
		1078
		1142
		1165
		1178
		1222
		1249
		1259
		1262
		1288
		1296
		1332
		1376
		1406
		1410
		1418
		1448
		1455
		1499
		1547
		1575
		1619
		1623
		1848
		1925
		1930
		1959
		2017
		2116
		2151
		2488
		2499
		3187
		3207
		3228
		3257
		3278
		5196
		5251
		5278
		7879
		7974
		41360
	HOMER will now create background files for 631 bp fragments
	To CANCEL and rerun with a differet "-size <#>", hit <CTRL+C> now!
		5
		4
		3
		2
		1
	Preparsing genome for 631 bp fragments...(will probably take 1-5 min)
	preparse size set to 631

	By default, using /home1/homer/.//data/genomes/mm10//mm10.tss for reference positions
	Output files will be placed in /home1/homer/.//data/genomes/mm10//preparsed//mm10.631.* ...
	By default, HOMER will set the the preparsed Directory to be group read/write
chmod: changing permissions of ‘/home1/homer/.//data/genomes/mm10//preparsed/’: Operation not permitted
	Extracting sequences
	Custom genome sequence directory: /home1/homer/.//data/genomes/mm10//

	Extracting sequences from directory: /home1/homer/.//data/genomes/mm10//
	Extracting 76312 sequences from chr1
	Extracting 90799 sequences from chr2
	Extracting 62171 sequences from chr3
	Extracting 69129 sequences from chr4
	Extracting 70856 sequences from chr5
	Extracting 67742 sequences from chr6
	Extracting 83733 sequences from chr7
	Extracting 52373 sequences from chr8
	Extracting 63077 sequences from chr9
	Extracting 58187 sequences from chr10
	Extracting 67935 sequences from chr11
	Extracting 43092 sequences from chr12
	Extracting 50486 sequences from chr13
	Extracting 46229 sequences from chr14
	Extracting 42478 sequences from chr15
	Extracting 40260 sequences from chr16
	Extracting 47866 sequences from chr17
	Extracting 34809 sequences from chr18
	Extracting 33172 sequences from chr19
	Extracting 65773 sequences from chrX
	Extracting 10589 sequences from chrY
	Extracting 97 sequences from chr1_GL456211_random
	Extracting 182 sequences from chr1_GL456221_random
	Extracting 74 sequences from chr4_GL456216_random
	Extracting 263 sequences from chr4_GL456350_random
	Extracting 47 sequences from chr4_JH584292_random
	Extracting 172 sequences from chr4_JH584293_random
	Extracting 167 sequences from chr4_JH584294_random
	Extracting 203 sequences from chr5_GL456354_random
	Extracting 92 sequences from chr5_JH584296_random
	Extracting 84 sequences from chr5_JH584297_random
	Extracting 169 sequences from chr5_JH584298_random
	Extracting 397 sequences from chr5_JH584299_random
	Extracting 150 sequences from chr7_GL456219_random
	Extracting 92 sequences from chrUn_JH584304
	Extracting 275 sequences from chrX_GL456233_random
		3141 of 1179393 removed because they had >70.00% Ns (i.e. masked repeats)

	Sequences processed:
		Auto detected maximum sequence length of 631 bp
		100000
		200000
		300000
		400000
		500000
		600000
		700000
		800000
		900000
		1000000
		1100000
		1176252 total

	Frequency Bins: 0.01 0.02 0.03 0.04 0.05 0.06 0.08 0.1 0.12 0.14 0.16
	Freq	Bin	Count
	0.01	0	756200
	0.02	1	306911
	0.03	2	65412
	0.04	3	18456
	0.05	4	6877
	0.06	5	4738
	0.08	6	7659
	0.1	7	4721
	0.12	8	3008
	0.14	9	1495
	0.16	10	579
	11	11	196
	Frequency Bins: 0.2 0.25 0.3 0.35 0.4 0.45 0.5 0.6 0.7 0.8
	Freq	Bin	Count
	0.2	0	28
	0.25	1	649
	0.3	2	13259
	0.35	3	81625
	0.4	4	252696
	0.45	5	354067
	0.5	6	293634
	0.6	7	160009
	0.7	8	16288
	0.8	9	3847
	10	10	150

	Custom genome sequence directory: /home1/homer/.//data/genomes/mm10//

	Extracting sequences from directory: /home1/homer/.//data/genomes/mm10//
	Extracting 7 sequences from chr1
	Extracting 7 sequences from chr2
	Extracting 4 sequences from chr3
	Extracting 10 sequences from chr4
	Extracting 5 sequences from chr5
	Extracting 1 sequences from chr7
	Extracting 4 sequences from chr9
	Extracting 2 sequences from chr10
	Extracting 9 sequences from chr11
	Extracting 2 sequences from chr12
	Extracting 3 sequences from chr13
	Extracting 1 sequences from chr14
	Extracting 2 sequences from chr15
	Extracting 1 sequences from chr16
	Extracting 7 sequences from chr17
	Extracting 4 sequences from chr18
	Extracting 3 sequences from chr19
	Extracting 3 sequences from chrM

	Not removing redundant sequences


	Sequences processed:
		Auto detected maximum sequence length of 525 bp
		75 total

	Frequency Bins: 0.2 0.25 0.3 0.35 0.4 0.45 0.5 0.6 0.7 0.8
	Freq	Bin	Count
	0.3	2	2
	0.35	3	9
	0.4	4	26
	0.45	5	8
	0.5	6	13
	0.6	7	13
	0.7	8	2
	0.8	9	2

	Total sequences set to 50000

	Choosing background that matches in CpG/GC content...
	Bin	# Targets	# Background	Background Weight
	2	2	1331	1.000
	3	9	5991	1.000
	4	26	17307	1.000
	5	8	5325	1.000
	6	13	8654	1.000
	7	13	8654	1.000
	8	2	1331	1.000
	9	2	1331	1.000
	Assembling sequence file...
	Normalizing lower order oligos using homer2

	Reading input files...
	49999 total sequences read
	Autonormalization: 1-mers (4 total)
		A	28.04%	28.30%	0.991
		C	21.96%	21.70%	1.012
		G	21.96%	21.70%	1.012
		T	28.04%	28.30%	0.991
	Autonormalization: 2-mers (16 total)
		AA	8.80%	8.77%	1.003
		CA	6.86%	7.33%	0.937
		GA	6.21%	6.11%	1.016
		TA	6.15%	6.08%	1.012
		AC	5.37%	5.28%	1.016
		CC	6.01%	5.69%	1.056
		GC	4.38%	4.62%	0.948
		TC	6.21%	6.11%	1.016
		AG	6.96%	7.33%	0.950
		CG	2.12%	1.37%	1.548
		GG	6.01%	5.69%	1.056
		TG	6.86%	7.33%	0.937
		AT	6.92%	6.91%	1.002
		CT	6.96%	7.33%	0.950
		GT	5.37%	5.28%	1.016
		TT	8.80%	8.77%	1.003
	Autonormalization: 3-mers (64 total)
	Normalization weights can be found in file: /home1/gyang/work_space/4.ProjectET/batch16_cr/7.Peak_anno/ESC_Rarg_SC_1k_rep2_peakAnalysis/seq.autonorm.tsv
	Converging on autonormalization solution:
	...............................................................................
	Final normalization:	Autonormalization: 1-mers (4 total)
		A	28.04%	28.02%	1.001
		C	21.96%	21.98%	0.999
		G	21.96%	21.98%	0.999
		T	28.04%	28.02%	1.001
	Autonormalization: 2-mers (16 total)
		AA	8.80%	8.80%	1.000
		CA	6.86%	7.03%	0.976
		GA	6.21%	6.10%	1.017
		TA	6.15%	6.09%	1.011
		AC	5.37%	5.23%	1.026
		CC	6.01%	5.92%	1.015
		GC	4.38%	4.72%	0.928
		TC	6.21%	6.10%	1.017
		AG	6.96%	7.10%	0.980
		CG	2.12%	1.93%	1.099
		GG	6.01%	5.92%	1.015
		TG	6.86%	7.03%	0.976
		AT	6.92%	6.89%	1.005
		CT	6.96%	7.10%	0.980
		GT	5.37%	5.23%	1.026
		TT	8.80%	8.80%	1.000
	Autonormalization: 3-mers (64 total)
	Finished preparing sequence/group files

	----------------------------------------------------------
	Known motif enrichment

	Reading input files...
	49999 total sequences read
	440 motifs loaded
	Cache length = 11180
	Using binomial scoring
	Checking enrichment of 440 motif(s)
	|0%                                    50%                                  100%|
	=================================================================================
	Preparing HTML output with sequence logos...
		1 of 440 (1e-2) NFAT:AP1(RHD,bZIP)/Jurkat-NFATC1-ChIP-Seq(Jolma_et_al.)/Homer
		2 of 440 (1e-2) RORg(NR)/Liver-Rorc-ChIP-Seq(GSE101115)/Homer
	----------------------------------------------------------
	De novo motif finding (HOMER)

	Number of Trial motifs (-T) set to 7 (from 10) to work well with 7 CPUs
	Scanning input files...
	Parsing sequences...
	|0%                                   50%                                  100%|
	================================================================================
	Total number of Oligos: 32896
	Autoadjustment for sequence coverage in background: 1.34x

	Oligos: 32896 of 34497 max
	Tree  : 67252 of 172485 max
	Optimizing memory usage...
	Cache length = 11180
	Using binomial scoring

	Global Optimization Phase: Looking for enriched oligos with up to 2 mismatches...

	Screening oligos 32896 (allowing 0 mismatches):
	|0%                                   50%                                  100%|
	================================================================================
		39.80% skipped, 60.20% checked (19805 of 32896), of those checked:
		39.80% not in target, 0.00% increased p-value, 0.00% high p-value

	Screening oligos 32896 (allowing 1 mismatches):
	|0%                                   50%                                  100%|
	================================================================================
		39.80% skipped, 60.20% checked (19805 of 32896), of those checked:
		0.00% not in target, 23.56% increased p-value, 43.11% high p-value

	Screening oligos 32896 (allowing 2 mismatches):
	|0%                                   50%                                  100%|
	================================================================================
		87.95% skipped, 12.05% checked (3964 of 32896), of those checked:
		0.00% not in target, 11.97% increased p-value, 0.00% high p-value
	Reading input files...
	49999 total sequences read
	Cache length = 11180
	Using binomial scoring

	Local Optimization Phase:
	1 of 25 Initial Sequence: TATGGCGA... (-57.025)
		Round 1: -57.03 TATGGCGA T:18.6(21.46%),B:182.6(0.29%),P:1e-24
		Round 2: -57.03 TATGGCGA T:18.6(21.46%),B:182.6(0.29%),P:1e-24
		=Final=: -20.28 TATGGCGA T:7.0(9.33%),B:124.2(0.27%),P:1e-8
		Performing exhaustive masking of motif...
		Reprioritizing potential motifs...
	2 of 25 Initial Sequence: AAAACGTG... (-43.548)
		Round 1: -43.55 AAAACGTG T:18.5(21.46%),B:428.1(0.68%),P:1e-18
		Round 2: -43.55 AAAACGTG T:18.5(21.46%),B:428.1(0.68%),P:1e-18
		=Final=: -15.05 AAAACGTG T:8.0(10.67%),B:400.4(0.86%),P:1e-6
		Performing exhaustive masking of motif...
		Reprioritizing potential motifs...
	3 of 25 Initial Sequence: AAATGAGA... (-42.297)
		Round 1: -46.17 AAATGAGA T:39.4(40.76%),B:2967.5(4.63%),P:1e-20
		Round 2: -46.17 AAATGAGA T:39.4(40.76%),B:2967.5(4.63%),P:1e-20
		=Final=: -5.79 AAATGAGA T:11.0(14.67%),B:2624.1(5.61%),P:1e-2
		Performing exhaustive masking of motif...
		Reprioritizing potential motifs...
	4 of 25 Initial Sequence: GGTCCTAC... (-38.371)
		Round 1: -41.56 GGTCCTAC T:18.7(21.46%),B:486.5(0.77%),P:1e-18
		Round 2: -41.56 GGTCCTAC T:18.7(21.46%),B:486.5(0.77%),P:1e-18
		=Final=: -9.05 GGTCCTAC T:6.0(8.00%),B:472.0(1.01%),P:1e-3
		Performing exhaustive masking of motif...
		Reprioritizing potential motifs...
	5 of 25 Initial Sequence: GGAATATG... (-27.860)
		Round 1: -29.37 GGAATATG T:18.7(21.46%),B:1081.1(1.71%),P:1e-12
		Round 2: -29.37 GGAATATG T:18.7(21.46%),B:1081.1(1.71%),P:1e-12
		=Final=: -6.68 GGAATATG T:7.0(9.33%),B:1017.6(2.18%),P:1e-2
		Performing exhaustive masking of motif...
		Reprioritizing potential motifs...
	6 of 25 Initial Sequence: CTTTCTTT... (-26.842)
		Round 1: -26.84 CTTTCTTT T:55.6(52.21%),B:11370.4(16.60%),P:1e-11
		Round 2: -26.84 CTTTCTTT T:55.6(52.21%),B:11370.4(16.60%),P:1e-11
		=Final=: -0.80 CTTTCTTT T:10.0(13.33%),B:5766.3(12.33%),P:1e0
		Performing exhaustive masking of motif...
		Reprioritizing potential motifs...
	7 of 25 Initial Sequence: CAGTGTTT... (-24.801)
		Round 1: -28.15 CAGTKTTC T:45.9(45.34%),B:7931.3(11.89%),P:1e-12
		Round 2: -30.87 CAGTGTGC T:53.4(50.91%),B:9345.0(13.86%),P:1e-13
		Round 3: -30.87 CAGTGTGC T:53.4(50.91%),B:9345.0(13.86%),P:1e-13
		=Final=: -2.29 CAGTGTGC T:4.0(5.33%),B:1100.7(2.35%),P:1e0
		Performing exhaustive masking of motif...
		Reprioritizing potential motifs...
	8 of 25 Initial Sequence: TCAGTTTT... (-23.532)
		Round 1: -25.87 TCAGTTTT T:31.6(34.04%),B:4267.0(6.58%),P:1e-11
		Round 2: -25.87 TCAGTTTT T:31.6(34.04%),B:4267.0(6.58%),P:1e-11
		=Final=: -4.49 TCAGTTTT T:9.0(12.00%),B:2297.6(4.91%),P:1e-1
		Performing exhaustive masking of motif...
		Reprioritizing potential motifs...
	9 of 25 Initial Sequence: TCCTCCTC... (-19.995)
		Round 1: -23.65 TCCTCCTC T:66.6(58.77%),B:16596.0(23.27%),P:1e-10
		Round 2: -23.65 TCCTCCTC T:66.6(58.77%),B:16596.0(23.27%),P:1e-10
		=Final=: -1.20 TCCTCCTC T:30.0(40.00%),B:17056.5(36.48%),P:1e0
		Performing exhaustive masking of motif...
		Reprioritizing potential motifs...
	10 of 25 Initial Sequence: AGTGTTTC... (-13.316)
		Round 1: -24.34 AGTGTTTS T:26.1(29.46%),B:3402.1(5.29%),P:1e-10
		Round 2: -24.34 AGTGTTTS T:26.1(29.46%),B:3402.1(5.29%),P:1e-10
		=Final=: -6.25 AGTGTTTS T:13.0(17.33%),B:3259.9(6.97%),P:1e-2
		Performing exhaustive masking of motif...
		Reprioritizing potential motifs...
	11 of 25 Initial Sequence: GTTTGGTT... (-11.738)
		Round 1: -14.28 GTTTGGTT T:25.7(28.51%),B:5509.0(8.42%),P:1e-6
		Round 2: -14.28 GTTTGGTT T:25.7(28.51%),B:5509.0(8.42%),P:1e-6
		=Final=: -6.70 GTTTGGTT T:16.0(21.33%),B:4328.9(9.26%),P:1e-2
		Performing exhaustive masking of motif...
		Reprioritizing potential motifs...
	12 of 25 Initial Sequence: CCACTAAT... (-11.622)
		Round 1: -21.46 CCACTAAT T:40.0(41.55%),B:8431.1(12.59%),P:1e-9
		Round 2: -21.46 CCACTAAT T:40.0(41.55%),B:8431.1(12.59%),P:1e-9
		=Final=: -11.18 CCACTAAT T:25.0(33.33%),B:6447.1(13.79%),P:1e-4
		Performing exhaustive masking of motif...
		Reprioritizing potential motifs...
	13 of 25 Initial Sequence: TTGTTGTT... (-10.452)
		Round 1: -10.45 TTGTTGTT T:22.4(25.57%),B:5939.8(9.04%),P:1e-4
		Round 2: -10.45 TTGTTGTT T:22.4(25.57%),B:5939.8(9.04%),P:1e-4
		=Final=: -3.55 TTGTTGTT T:11.0(14.67%),B:3612.8(7.73%),P:1e-1
		Performing exhaustive masking of motif...
		Reprioritizing potential motifs...
	14 of 25 Initial Sequence: CATAGTAT... (-9.587)
		Round 1: -16.45 CATAGTAT T:17.7(20.40%),B:2317.0(3.63%),P:1e-7
		Round 2: -16.45 CATAGTAT T:17.7(20.40%),B:2317.0(3.63%),P:1e-7
		=Final=: -7.89 CATAGTAT T:7.0(9.33%),B:826.8(1.77%),P:1e-3
		Performing exhaustive masking of motif...
		Reprioritizing potential motifs...
	15 of 25 Initial Sequence: TTACTTAC... (-8.757)
		Round 1: -11.73 TTACTTAC T:13.6(16.01%),B:2157.1(3.38%),P:1e-5
		Round 2: -11.90 TTACTYMC T:14.4(17.13%),B:2120.0(3.33%),P:1e-5
		Round 3: -11.90 TTACTYMC T:14.4(17.13%),B:2120.0(3.33%),P:1e-5
		=Final=: -4.15 TTACTYMC T:8.0(10.67%),B:2023.0(4.33%),P:1e-1
		Performing exhaustive masking of motif...
		Reprioritizing potential motifs...
	16 of 25 Initial Sequence: TAATCCTA... (-8.439)
		Round 1: -12.95 TAATCCTA T:47.8(46.79%),B:15703.9(22.17%),P:1e-5
		Round 2: -14.59 TAATMCTA T:53.7(50.91%),B:17090.7(23.87%),P:1e-6
		Round 3: -14.59 TAATMCTA T:53.7(50.91%),B:17090.7(23.87%),P:1e-6
		=Final=: -5.95 TAATMCTA T:6.0(8.00%),B:857.4(1.83%),P:1e-2
		Performing exhaustive masking of motif...
		Reprioritizing potential motifs...
	17 of 25 Initial Sequence: AGGAAGGA... (-8.206)
		Round 1: -8.21 AGGAAGGA T:22.0(25.57%),B:7092.7(10.70%),P:1e-3
		Round 2: -8.21 AGGAAGGA T:22.0(25.57%),B:7092.7(10.70%),P:1e-3
		=Final=: -1.13 AGGAAGGA T:7.0(9.33%),B:3470.1(7.42%),P:1e0
		Performing exhaustive masking of motif...
		Reprioritizing potential motifs...
	Remaining seeds don't look promising (After initial 5 motifs, logp -7.777 > -7.875)

	Finalizing Enrichment Statistics (new in v3.4)
	Reading input files...
	49999 total sequences read
	Cache length = 11180
	Using binomial scoring
	Checking enrichment of 17 motif(s)
	|0%                                    50%                                  100%|
	=================================================================================
	Output in file: /home1/gyang/work_space/4.ProjectET/batch16_cr/7.Peak_anno/ESC_Rarg_SC_1k_rep2_peakAnalysis/homerMotifs.motifs8

	(Motifs in homer2 format)
	Determining similar motifs... 17 reduced to 14 motifs
	Outputing HTML and sequence logos for motif comparison...
	Checking de novo motifs against known motifs...
	Formatting HTML page...
		1 of 14 (1e-8) similar to YY2/MA0748.2/Jaspar(0.746)
		2 of 14 (1e-6) similar to HIF-1b(HLH)/T47D-HIF1b-ChIP-Seq(GSE59937)/Homer(0.762)
		3 of 14 (1e-4) similar to PH0039.1_Mnx1/Jaspar(0.733)
		4 of 14 (1e-3) similar to Znf263(Zf)/K562-Znf263-ChIP-Seq(GSE31477)/Homer(0.667)
		5 of 14 (1e-3) similar to ZKSCAN1/MA1585.1/Jaspar(0.642)
		6 of 14 (1e-2) similar to TEAD2/MA1121.1/Jaspar(0.773)
		7 of 14 (1e-2) similar to RUNX1(Runt)/Jurkat-RUNX1-ChIP-Seq(GSE29180)/Homer(0.669)
		8 of 14 (1e-2) similar to Sox5/MA0087.1/Jaspar(0.724)
		9 of 14 (1e-2) similar to POU6F1(var.2)/MA1549.1/Jaspar(0.711)
		10 of 14 (1e-2) similar to PB0012.1_Elf3_1/Jaspar(0.679)
		11 of 14 (1e-1) similar to PB0093.1_Zfp105_1/Jaspar(0.827)
		12 of 14 (1e0) similar to ZNF263/MA0528.2/Jaspar(0.769)
		13 of 14 (1e0) similar to ETV4/MA0764.2/Jaspar(0.847)
		14 of 14 (1e0) similar to PRDM1/MA0508.3/Jaspar(0.782)
	Job finished - if results look good, please send beer to ..

	Cleaning up tmp files...

