This is cutadapt 1.18 with Python 3.7.11
Command line parameters: -j 3 -a AGATCGGAAGAGC -A AGATCGGAAGAGC --trim-n -m 50 -q 20,20 -o /home1/gyang/work_space/4.ProjectET/batch23_cr/2.cutdata/ESC_RA+_Rarg_PT_10k_rep1.R1_cut.fq -p /home1/gyang/work_space/4.ProjectET/batch23_cr/2.cutdata/ESC_RA+_Rarg_PT_10k_rep1.R2_cut.fq ESC_RA+_Rarg_PT_10k_rep1.R1.fq.gz ESC_RA+_Rarg_PT_10k_rep1.R2.fq.gz
Processing reads on 3 cores in paired-end mode ...
Finished in 1868.56 s (32 us/read; 1.88 M reads/minute).

=== Summary ===

Total read pairs processed:         58,475,790
  Read 1 with adapter:              22,088,811 (37.8%)
  Read 2 with adapter:              15,818,032 (27.1%)
Pairs that were too short:           7,984,527 (13.7%)
Pairs written (passing filters):    50,491,263 (86.3%)

Total basepairs processed: 17,542,737,000 bp
  Read 1: 8,771,368,500 bp
  Read 2: 8,771,368,500 bp
Quality-trimmed:              74,761,813 bp (0.4%)
  Read 1:    29,948,111 bp
  Read 2:    44,813,702 bp
Total written (filtered):  13,921,803,711 bp (79.4%)
  Read 1: 6,963,314,868 bp
  Read 2: 6,958,488,843 bp

=== First read: Adapter 1 ===

Sequence: AGATCGGAAGAGC; Type: regular 3'; Length: 13; Trimmed: 22088811 times.

No. of allowed errors:
0-9 bp: 0; 10-13 bp: 1

Bases preceding removed adapters:
  A: 15.2%
  C: 11.7%
  G: 16.8%
  T: 27.5%
  none/other: 28.7%

Overview of removed sequences
length	count	expect	max.err	error counts
3	1085771	913684.2	0	1085771
4	375214	228421.1	0	375214
5	226208	57105.3	0	226208
6	178535	14276.3	0	178535
7	181524	3569.1	0	181524
8	195907	892.3	0	195907
9	181650	223.1	0	180331 1319
10	185049	55.8	1	176136 8913
11	196756	13.9	1	183215 13541
12	183593	3.5	1	171762 11831
13	164543	0.9	1	154206 10337
14	167046	0.9	1	155714 11332
15	171092	0.9	1	160463 10629
16	179398	0.9	1	165513 13885
17	202320	0.9	1	186550 15770
18	195047	0.9	1	183781 11266
19	176061	0.9	1	165829 10232
20	173207	0.9	1	162412 10795
21	167234	0.9	1	156408 10826
22	150550	0.9	1	141240 9310
23	147112	0.9	1	138043 9069
24	151398	0.9	1	140300 11098
25	143609	0.9	1	134757 8852
26	148806	0.9	1	139788 9018
27	165365	0.9	1	155342 10023
28	163008	0.9	1	153826 9182
29	186381	0.9	1	173284 13097
30	178055	0.9	1	167628 10427
31	170819	0.9	1	161264 9555
32	162586	0.9	1	153787 8799
33	150346	0.9	1	140949 9397
34	152167	0.9	1	142192 9975
35	138562	0.9	1	130660 7902
36	155268	0.9	1	144950 10318
37	146851	0.9	1	138066 8785
38	166052	0.9	1	156955 9097
39	171564	0.9	1	160481 11083
40	171946	0.9	1	162723 9223
41	180854	0.9	1	168537 12317
42	146581	0.9	1	136133 10448
43	193326	0.9	1	183844 9482
44	72536	0.9	1	65336 7200
45	113884	0.9	1	107455 6429
46	196926	0.9	1	187519 9407
47	135281	0.9	1	126821 8460
48	102540	0.9	1	95071 7469
49	208402	0.9	1	198945 9457
50	137745	0.9	1	129535 8210
51	93752	0.9	1	88303 5449
52	147629	0.9	1	140831 6798
53	206502	0.9	1	199022 7480
54	124403	0.9	1	117235 7168
55	125435	0.9	1	120088 5347
56	102561	0.9	1	97289 5272
57	156072	0.9	1	150299 5773
58	67440	0.9	1	62839 4601
59	79372	0.9	1	74551 4821
60	213461	0.9	1	206507 6954
61	152617	0.9	1	146074 6543
62	77334	0.9	1	72527 4807
63	93618	0.9	1	88013 5605
64	228278	0.9	1	221619 6659
65	69341	0.9	1	63213 6128
66	115565	0.9	1	111213 4352
67	92284	0.9	1	87459 4825
68	98670	0.9	1	93693 4977
69	13334	0.9	1	10522 2812
70	19604	0.9	1	18063 1541
71	59514	0.9	1	57149 2365
72	85811	0.9	1	82423 3388
73	95350	0.9	1	91164 4186
74	98443	0.9	1	93860 4583
75	98477	0.9	1	93780 4697
76	94329	0.9	1	89625 4704
77	95297	0.9	1	90439 4858
78	101665	0.9	1	96697 4968
79	98762	0.9	1	93604 5158
80	108944	0.9	1	103386 5558
81	114465	0.9	1	108824 5641
82	112658	0.9	1	106802 5856
83	105769	0.9	1	100310 5459
84	98325	0.9	1	93257 5068
85	92849	0.9	1	87852 4997
86	88921	0.9	1	84144 4777
87	89569	0.9	1	84787 4782
88	84927	0.9	1	80214 4713
89	90739	0.9	1	85836 4903
90	98904	0.9	1	93473 5431
91	103687	0.9	1	98496 5191
92	108830	0.9	1	103474 5356
93	103994	0.9	1	98831 5163
94	108642	0.9	1	103255 5387
95	89386	0.9	1	84799 4587
96	95312	0.9	1	90481 4831
97	81586	0.9	1	77534 4052
98	85720	0.9	1	81242 4478
99	81969	0.9	1	77776 4193
100	81928	0.9	1	77835 4093
101	87390	0.9	1	83195 4195
102	91656	0.9	1	87178 4478
103	90560	0.9	1	86188 4372
104	89262	0.9	1	85122 4140
105	81143	0.9	1	77322 3821
106	75670	0.9	1	72093 3577
107	70147	0.9	1	66656 3491
108	72058	0.9	1	68519 3539
109	66399	0.9	1	63096 3303
110	69079	0.9	1	65759 3320
111	70129	0.9	1	66991 3138
112	74242	0.9	1	70635 3607
113	85514	0.9	1	81391 4123
114	71822	0.9	1	68416 3406
115	62619	0.9	1	59748 2871
116	56425	0.9	1	53882 2543
117	51624	0.9	1	49339 2285
118	43539	0.9	1	41370 2169
119	38880	0.9	1	37034 1846
120	35089	0.9	1	33383 1706
121	30588	0.9	1	29106 1482
122	25268	0.9	1	23976 1292
123	21578	0.9	1	20495 1083
124	17741	0.9	1	16862 879
125	11618	0.9	1	10942 676
126	8885	0.9	1	8361 524
127	6205	0.9	1	5882 323
128	4877	0.9	1	4641 236
129	3788	0.9	1	3613 175
130	1985	0.9	1	1895 90
131	1342	0.9	1	1262 80
132	792	0.9	1	703 89
133	299	0.9	1	243 56
134	153	0.9	1	94 59
135	91	0.9	1	41 50
136	105	0.9	1	36 69
137	66	0.9	1	25 41
138	126	0.9	1	51 75
139	94	0.9	1	17 77
140	68	0.9	1	5 63
141	101	0.9	1	36 65
142	96	0.9	1	7 89
143	159	0.9	1	55 104
144	155	0.9	1	8 147
145	269	0.9	1	5 264
146	362	0.9	1	19 343
147	1073	0.9	1	35 1038
148	2167	0.9	1	1 2166
149	22893	0.9	1	16 22877
150	6315901	0.9	1	168 6315733

=== Second read: Adapter 2 ===

Sequence: AGATCGGAAGAGC; Type: regular 3'; Length: 13; Trimmed: 15818032 times.

No. of allowed errors:
0-9 bp: 0; 10-13 bp: 1

Bases preceding removed adapters:
  A: 21.3%
  C: 16.2%
  G: 23.5%
  T: 39.0%
  none/other: 0.0%

Overview of removed sequences
length	count	expect	max.err	error counts
3	1106445	913684.2	0	1106445
4	370581	228421.1	0	370581
5	227243	57105.3	0	227243
6	178061	14276.3	0	178061
7	187110	3569.1	0	187110
8	213273	892.3	0	213273
9	162967	223.1	0	162039 928
10	190629	55.8	1	179516 11113
11	194107	13.9	1	181764 12343
12	190102	3.5	1	177588 12514
13	164839	0.9	1	155963 8876
14	174978	0.9	1	163632 11346
15	166014	0.9	1	156575 9439
16	180460	0.9	1	170126 10334
17	215365	0.9	1	201234 14131
18	172201	0.9	1	162230 9971
19	252985	0.9	1	238193 14792
20	151420	0.9	1	141230 10190
21	149636	0.9	1	141007 8629
22	141207	0.9	1	133586 7621
23	148373	0.9	1	139627 8746
24	381429	0.9	1	361308 20121
25	98033	0.9	1	92289 5744
26	108392	0.9	1	103074 5318
27	113314	0.9	1	105657 7657
28	267434	0.9	1	258194 9240
29	67979	0.9	1	62010 5969
30	282025	0.9	1	272171 9854
31	93413	0.9	1	86016 7397
32	413923	0.9	1	403218 10705
33	163172	0.9	1	155612 7560
34	58928	0.9	1	54131 4797
35	227949	0.9	1	221406 6543
36	95111	0.9	1	90417 4694
37	93599	0.9	1	89149 4450
38	118424	0.9	1	113692 4732
39	99453	0.9	1	94777 4676
40	94778	0.9	1	90455 4323
41	155891	0.9	1	150062 5829
42	184881	0.9	1	179127 5754
43	85372	0.9	1	81155 4217
44	125775	0.9	1	120101 5674
45	287773	0.9	1	281724 6049
46	92603	0.9	1	88069 4534
47	102007	0.9	1	97576 4431
48	220994	0.9	1	215482 5512
49	132267	0.9	1	127483 4784
50	93603	0.9	1	89226 4377
51	232681	0.9	1	226012 6669
52	282540	0.9	1	276130 6410
53	141317	0.9	1	136737 4580
54	117628	0.9	1	113488 4140
55	150428	0.9	1	146625 3803
56	83522	0.9	1	80472 3050
57	116477	0.9	1	112857 3620
58	135267	0.9	1	131784 3483
59	102648	0.9	1	99453 3195
60	77247	0.9	1	74579 2668
61	60712	0.9	1	58616 2096
62	50870	0.9	1	49072 1798
63	49453	0.9	1	47701 1752
64	61093	0.9	1	59197 1896
65	67097	0.9	1	64911 2186
66	77394	0.9	1	74986 2408
67	78724	0.9	1	76322 2402
68	88304	0.9	1	85696 2608
69	98621	0.9	1	95920 2701
70	107770	0.9	1	104901 2869
71	118606	0.9	1	115380 3226
72	112178	0.9	1	108917 3261
73	107383	0.9	1	104431 2952
74	101768	0.9	1	98999 2769
75	98160	0.9	1	95515 2645
76	91978	0.9	1	89323 2655
77	93684	0.9	1	90957 2727
78	102045	0.9	1	99314 2731
79	96905	0.9	1	94373 2532
80	107853	0.9	1	105059 2794
81	114188	0.9	1	111536 2652
82	108624	0.9	1	105889 2735
83	103641	0.9	1	101059 2582
84	96700	0.9	1	94162 2538
85	90963	0.9	1	88688 2275
86	89611	0.9	1	87359 2252
87	91088	0.9	1	88877 2211
88	88688	0.9	1	86512 2176
89	91120	0.9	1	88952 2168
90	98212	0.9	1	95751 2461
91	101983	0.9	1	99505 2478
92	105788	0.9	1	103327 2461
93	102522	0.9	1	100279 2243
94	107068	0.9	1	104759 2309
95	88790	0.9	1	86712 2078
96	95204	0.9	1	93021 2183
97	80475	0.9	1	78597 1878
98	85026	0.9	1	83146 1880
99	81628	0.9	1	79839 1789
100	82004	0.9	1	80086 1918
101	87814	0.9	1	86025 1789
102	90317	0.9	1	88286 2031
103	89566	0.9	1	87721 1845
104	89196	0.9	1	87360 1836
105	81198	0.9	1	79543 1655
106	75718	0.9	1	74187 1531
107	70414	0.9	1	68971 1443
108	71300	0.9	1	69780 1520
109	65969	0.9	1	64673 1296
110	68636	0.9	1	67351 1285
111	70566	0.9	1	69276 1290
112	74494	0.9	1	72866 1628
113	76436	0.9	1	73740 2696
114	72284	0.9	1	70937 1347
115	61829	0.9	1	60654 1175
116	56064	0.9	1	55006 1058
117	51262	0.9	1	50392 870
118	43252	0.9	1	42455 797
119	38849	0.9	1	38090 759
120	35109	0.9	1	34326 783
121	30632	0.9	1	30070 562
122	25357	0.9	1	24847 510
123	21649	0.9	1	21233 416
124	17775	0.9	1	17429 346
125	11617	0.9	1	11325 292
126	9124	0.9	1	8851 273
127	6305	0.9	1	6117 188
128	4886	0.9	1	4767 119
129	3802	0.9	1	3709 93
130	1982	0.9	1	1920 62
131	1346	0.9	1	1287 59
132	783	0.9	1	734 49
133	271	0.9	1	242 29
134	124	0.9	1	105 19
135	79	0.9	1	43 36
136	62	0.9	1	43 19
137	40	0.9	1	23 17
138	86	0.9	1	63 23
139	44	0.9	1	21 23
140	16	0.9	1	7 9
141	63	0.9	1	37 26
142	30	0.9	1	7 23
143	77	0.9	1	55 22
144	21	0.9	1	9 12
145	24	0.9	1	4 20
146	44	0.9	1	20 24
147	52	0.9	1	28 24
148	30	0.9	1	1 29
149	94	0.9	1	24 70
150	1150	0.9	1	288 862

