This is cutadapt 1.18 with Python 3.7.11
Command line parameters: -j 3 -a AGATCGGAAGAGC -A AGATCGGAAGAGC --trim-n -m 50 -q 20,20 -o /home1/gyang/work_space/4.ProjectET/batch23_cr/2.cutdata/ESC_RA+_Rarg_PT_1k_rep2.R1_cut.fq -p /home1/gyang/work_space/4.ProjectET/batch23_cr/2.cutdata/ESC_RA+_Rarg_PT_1k_rep2.R2_cut.fq ESC_RA+_Rarg_PT_1k_rep2.R1.fq.gz ESC_RA+_Rarg_PT_1k_rep2.R2.fq.gz
Processing reads on 3 cores in paired-end mode ...
Finished in 1816.67 s (33 us/read; 1.84 M reads/minute).

=== Summary ===

Total read pairs processed:         55,832,819
  Read 1 with adapter:              25,467,190 (45.6%)
  Read 2 with adapter:              14,388,005 (25.8%)
Pairs that were too short:          12,593,724 (22.6%)
Pairs written (passing filters):    43,239,095 (77.4%)

Total basepairs processed: 16,749,845,700 bp
  Read 1: 8,374,922,850 bp
  Read 2: 8,374,922,850 bp
Quality-trimmed:              77,004,152 bp (0.5%)
  Read 1:    26,778,572 bp
  Read 2:    50,225,580 bp
Total written (filtered):  11,830,848,105 bp (70.6%)
  Read 1: 5,918,011,109 bp
  Read 2: 5,912,836,996 bp

=== First read: Adapter 1 ===

Sequence: AGATCGGAAGAGC; Type: regular 3'; Length: 13; Trimmed: 25467190 times.

No. of allowed errors:
0-9 bp: 0; 10-13 bp: 1

Bases preceding removed adapters:
  A: 11.1%
  C: 9.2%
  G: 14.7%
  T: 21.3%
  none/other: 43.8%

Overview of removed sequences
length	count	expect	max.err	error counts
3	908137	872387.8	0	908137
4	320463	218096.9	0	320463
5	205094	54524.2	0	205094
6	164780	13631.1	0	164780
7	165564	3407.8	0	165564
8	179927	851.9	0	179927
9	164796	213.0	0	163810 986
10	167394	53.2	1	159218 8176
11	178128	13.3	1	165312 12816
12	168238	3.3	1	156798 11440
13	149733	0.8	1	139349 10384
14	148659	0.8	1	137639 11020
15	157088	0.8	1	146317 10771
16	161952	0.8	1	149554 12398
17	190129	0.8	1	174952 15177
18	180915	0.8	1	169574 11341
19	158360	0.8	1	149031 9329
20	157161	0.8	1	147296 9865
21	148963	0.8	1	139425 9538
22	136847	0.8	1	127964 8883
23	134479	0.8	1	125697 8782
24	136489	0.8	1	126602 9887
25	132680	0.8	1	124388 8292
26	138578	0.8	1	129970 8608
27	155024	0.8	1	145418 9606
28	148356	0.8	1	139553 8803
29	173685	0.8	1	161482 12203
30	164170	0.8	1	154385 9785
31	157951	0.8	1	148458 9493
32	148685	0.8	1	139808 8877
33	136345	0.8	1	126939 9406
34	147702	0.8	1	136647 11055
35	125311	0.8	1	117717 7594
36	135631	0.8	1	127613 8018
37	138060	0.8	1	129145 8915
38	180592	0.8	1	170283 10309
39	135235	0.8	1	124483 10752
40	161980	0.8	1	153072 8908
41	164640	0.8	1	152905 11735
42	121252	0.8	1	112629 8623
43	172726	0.8	1	164466 8260
44	54996	0.8	1	48110 6886
45	100399	0.8	1	95107 5292
46	127243	0.8	1	119450 7793
47	123714	0.8	1	116172 7542
48	106495	0.8	1	99009 7486
49	152075	0.8	1	142631 9444
50	140778	0.8	1	132928 7850
51	108853	0.8	1	102543 6310
52	121333	0.8	1	114628 6705
53	135394	0.8	1	128289 7105
54	99680	0.8	1	92845 6835
55	117193	0.8	1	111051 6142
56	123702	0.8	1	116889 6813
57	110248	0.8	1	103423 6825
58	82192	0.8	1	77065 5127
59	94392	0.8	1	88238 6154
60	189715	0.8	1	181581 8134
61	161806	0.8	1	153817 7989
62	101511	0.8	1	95353 6158
63	83940	0.8	1	77887 6053
64	209036	0.8	1	202165 6871
65	115071	0.8	1	107253 7818
66	133611	0.8	1	127787 5824
67	80412	0.8	1	74870 5542
68	75937	0.8	1	71018 4919
69	15895	0.8	1	13098 2797
70	24933	0.8	1	23207 1726
71	65638	0.8	1	62953 2685
72	86035	0.8	1	82024 4011
73	91585	0.8	1	87195 4390
74	92014	0.8	1	87149 4865
75	92444	0.8	1	87607 4837
76	88914	0.8	1	83914 5000
77	88686	0.8	1	83599 5087
78	95606	0.8	1	89973 5633
79	92178	0.8	1	86752 5426
80	102843	0.8	1	96739 6104
81	107607	0.8	1	101314 6293
82	104639	0.8	1	98302 6337
83	97963	0.8	1	92062 5901
84	91388	0.8	1	85517 5871
85	86718	0.8	1	81114 5604
86	83466	0.8	1	78113 5353
87	84113	0.8	1	78887 5226
88	79720	0.8	1	73827 5893
89	85797	0.8	1	80276 5521
90	94819	0.8	1	88397 6422
91	98522	0.8	1	92551 5971
92	105949	0.8	1	98961 6988
93	96550	0.8	1	90360 6190
94	104375	0.8	1	97219 7156
95	83948	0.8	1	78757 5191
96	90739	0.8	1	84676 6063
97	75711	0.8	1	70800 4911
98	81014	0.8	1	75513 5501
99	77400	0.8	1	72335 5065
100	76106	0.8	1	71127 4979
101	81189	0.8	1	76342 4847
102	83533	0.8	1	78016 5517
103	82537	0.8	1	77523 5014
104	81020	0.8	1	75971 5049
105	72308	0.8	1	68237 4071
106	68332	0.8	1	64297 4035
107	63785	0.8	1	59772 4013
108	64585	0.8	1	60599 3986
109	59801	0.8	1	56230 3571
110	60828	0.8	1	57210 3618
111	62004	0.8	1	58464 3540
112	63126	0.8	1	59218 3908
113	61622	0.8	1	58288 3334
114	59876	0.8	1	56638 3238
115	53026	0.8	1	50023 3003
116	46617	0.8	1	44078 2539
117	41791	0.8	1	39454 2337
118	35225	0.8	1	33168 2057
119	31381	0.8	1	29529 1852
120	28328	0.8	1	26442 1886
121	24256	0.8	1	22763 1493
122	20530	0.8	1	19210 1320
123	17343	0.8	1	16152 1191
124	13965	0.8	1	13020 945
125	9558	0.8	1	8834 724
126	7164	0.8	1	6544 620
127	4675	0.8	1	4239 436
128	3216	0.8	1	2931 285
129	2127	0.8	1	1961 166
130	1263	0.8	1	1138 125
131	878	0.8	1	778 100
132	624	0.8	1	534 90
133	225	0.8	1	171 54
134	229	0.8	1	158 71
135	117	0.8	1	69 48
136	159	0.8	1	90 69
137	110	0.8	1	41 69
138	139	0.8	1	82 57
139	81	0.8	1	21 60
140	103	0.8	1	21 82
141	121	0.8	1	18 103
142	132	0.8	1	8 124
143	141	0.8	1	26 115
144	203	0.8	1	16 187
145	371	0.8	1	13 358
146	478	0.8	1	14 464
147	1599	0.8	1	35 1564
148	2634	0.8	1	17 2617
149	29561	0.8	1	45 29516
150	11109334	0.8	1	1366 11107968

=== Second read: Adapter 2 ===

Sequence: AGATCGGAAGAGC; Type: regular 3'; Length: 13; Trimmed: 14388005 times.

No. of allowed errors:
0-9 bp: 0; 10-13 bp: 1

Bases preceding removed adapters:
  A: 19.6%
  C: 16.1%
  G: 26.1%
  T: 38.1%
  none/other: 0.1%

Overview of removed sequences
length	count	expect	max.err	error counts
3	925599	872387.8	0	925599
4	322757	218096.9	0	322757
5	203566	54524.2	0	203566
6	164765	13631.1	0	164765
7	171799	3407.8	0	171799
8	193153	851.9	0	193153
9	145872	213.0	0	145158 714
10	173949	53.2	1	161577 12372
11	174394	13.3	1	160771 13623
12	171633	3.3	1	158325 13308
13	147861	0.8	1	137875 9986
14	158206	0.8	1	145340 12866
15	150609	0.8	1	140703 9906
16	165748	0.8	1	153915 11833
17	202134	0.8	1	186977 15157
18	156748	0.8	1	147886 8862
19	241492	0.8	1	223887 17605
20	147080	0.8	1	136399 10681
21	123313	0.8	1	115498 7815
22	126348	0.8	1	118985 7363
23	139059	0.8	1	130385 8674
24	449404	0.8	1	426382 23022
25	81364	0.8	1	76272 5092
26	84182	0.8	1	79469 4713
27	87962	0.8	1	81381 6581
28	250234	0.8	1	240897 9337
29	54574	0.8	1	49351 5223
30	259798	0.8	1	249924 9874
31	87559	0.8	1	80601 6958
32	435237	0.8	1	423680 11557
33	150483	0.8	1	142897 7586
34	45401	0.8	1	41393 4008
35	199403	0.8	1	193021 6382
36	73396	0.8	1	69373 4023
37	78861	0.8	1	74051 4810
38	91198	0.8	1	87152 4046
39	84556	0.8	1	80182 4374
40	75167	0.8	1	71398 3769
41	138650	0.8	1	133567 5083
42	167518	0.8	1	162036 5482
43	74134	0.8	1	70401 3733
44	113327	0.8	1	108258 5069
45	275548	0.8	1	269700 5848
46	88185	0.8	1	83755 4430
47	90574	0.8	1	86263 4311
48	207235	0.8	1	201885 5350
49	124611	0.8	1	120018 4593
50	84829	0.8	1	80605 4224
51	222800	0.8	1	216348 6452
52	268487	0.8	1	261976 6511
53	129767	0.8	1	125309 4458
54	116020	0.8	1	111803 4217
55	155722	0.8	1	151723 3999
56	72070	0.8	1	69391 2679
57	101401	0.8	1	98308 3093
58	123189	0.8	1	119243 3946
59	78603	0.8	1	75684 2919
60	53084	0.8	1	50571 2513
61	40596	0.8	1	38717 1879
62	35820	0.8	1	34117 1703
63	36922	0.8	1	35286 1636
64	49018	0.8	1	47223 1795
65	57073	0.8	1	54934 2139
66	68318	0.8	1	65895 2423
67	70949	0.8	1	68531 2418
68	81876	0.8	1	79178 2698
69	91115	0.8	1	88296 2819
70	99833	0.8	1	96838 2995
71	111071	0.8	1	107838 3233
72	105185	0.8	1	102014 3171
73	101374	0.8	1	98225 3149
74	94892	0.8	1	91948 2944
75	91226	0.8	1	88543 2683
76	85377	0.8	1	82669 2708
77	85846	0.8	1	83128 2718
78	95269	0.8	1	92351 2918
79	90319	0.8	1	87655 2664
80	101420	0.8	1	98465 2955
81	106753	0.8	1	103817 2936
82	100236	0.8	1	97401 2835
83	95110	0.8	1	92385 2725
84	89431	0.8	1	86641 2790
85	84056	0.8	1	81452 2604
86	83567	0.8	1	80953 2614
87	85990	0.8	1	83433 2557
88	83897	0.8	1	81402 2495
89	85583	0.8	1	83077 2506
90	92647	0.8	1	89880 2767
91	95098	0.8	1	92400 2698
92	102180	0.8	1	99372 2808
93	95710	0.8	1	93152 2558
94	102924	0.8	1	100262 2662
95	83426	0.8	1	81069 2357
96	90753	0.8	1	88342 2411
97	75222	0.8	1	73036 2186
98	80562	0.8	1	78445 2117
99	78039	0.8	1	75998 2041
100	75868	0.8	1	73859 2009
101	80693	0.8	1	78634 2059
102	84698	0.8	1	82537 2161
103	81772	0.8	1	79817 1955
104	81062	0.8	1	79101 1961
105	72659	0.8	1	71027 1632
106	68739	0.8	1	67100 1639
107	64646	0.8	1	63154 1492
108	64893	0.8	1	63325 1568
109	60100	0.8	1	58852 1248
110	61276	0.8	1	59946 1330
111	62615	0.8	1	61383 1232
112	64288	0.8	1	62915 1373
113	62092	0.8	1	60841 1251
114	60486	0.8	1	59157 1329
115	53295	0.8	1	52249 1046
116	47023	0.8	1	46065 958
117	41970	0.8	1	41119 851
118	35413	0.8	1	34661 752
119	31695	0.8	1	30979 716
120	28883	0.8	1	28159 724
121	24541	0.8	1	24037 504
122	20868	0.8	1	20459 409
123	17678	0.8	1	17274 404
124	14340	0.8	1	14022 318
125	9781	0.8	1	9532 249
126	7342	0.8	1	7093 249
127	4856	0.8	1	4706 150
128	3362	0.8	1	3259 103
129	2165	0.8	1	2099 66
130	1268	0.8	1	1215 53
131	838	0.8	1	778 60
132	584	0.8	1	536 48
133	207	0.8	1	172 35
134	187	0.8	1	162 25
135	97	0.8	1	74 23
136	116	0.8	1	89 27
137	46	0.8	1	39 7
138	107	0.8	1	77 30
139	34	0.8	1	15 19
140	32	0.8	1	20 12
141	31	0.8	1	17 14
142	15	0.8	1	6 9
143	37	0.8	1	26 11
144	35	0.8	1	26 9
145	22	0.8	1	7 15
146	30	0.8	1	9 21
147	62	0.8	1	28 34
148	62	0.8	1	10 52
149	444	0.8	1	119 325
150	9351	0.8	1	1440 7911

