[2021-09-06 18:52:02,076] multiqc                                            [DEBUG  ]  This is MultiQC v1.11
[2021-09-06 18:52:02,076] multiqc                                            [DEBUG  ]  No MultiQC config found: /home1/gyang/anaconda3/envs/work/lib/python3.6/site-packages/multiqc_config.yaml
[2021-09-06 18:52:02,076] multiqc                                            [DEBUG  ]  No MultiQC config found: /home1/gyang/.multiqc_config.yaml
[2021-09-06 18:52:02,076] multiqc                                            [DEBUG  ]  No MultiQC config found: multiqc_config.yaml
[2021-09-06 18:52:02,076] multiqc                                            [DEBUG  ]  Command used: /home1/gyang/anaconda3/envs/work/bin/multiqc ./ -n batch16_cr_raw
[2021-09-06 18:52:04,528] multiqc                                            [DEBUG  ]  Latest MultiQC version is v1.11
[2021-09-06 18:52:04,529] multiqc                                            [DEBUG  ]  Command     : /home1/gyang/anaconda3/envs/work/bin/multiqc ./ -n batch16_cr_raw
[2021-09-06 18:52:04,529] multiqc                                            [DEBUG  ]  Working dir : /home1/gyang/work_space/4.ProjectET/batch16_cr/1.rawdata
[2021-09-06 18:52:04,529] multiqc                                            [DEBUG  ]  Template    : default
[2021-09-06 18:52:04,529] multiqc                                            [DEBUG  ]  Running Python 3.6.8 |Anaconda, Inc.| (default, Dec 30 2018, 01:22:34)  [GCC 7.3.0]
[2021-09-06 18:52:04,530] multiqc                                            [DEBUG  ]  Analysing modules: custom_content, ccs, ngsderive, purple, conpair, lima, peddy, somalier, methylQA, mosdepth, phantompeakqualtools, qualimap, preseq, quast, qorts, rna_seqc, rockhopper, rsem, rseqc, busco, bustools, goleft_indexcov, gffcompare, disambiguate, supernova, deeptools, sargasso, verifybamid, mirtrace, happy, mirtop, sambamba, homer, hops, macs2, theta2, snpeff, gatk, htseq, bcftools, featureCounts, fgbio, dragen, dedup, damageprofiler, biobambam2, jcvi, mtnucratio, picard, vep, sentieon, prokka, qc3C, nanostat, samblaster, samtools, sexdeterrmine, eigenstratdatabasetools, bamtools, jellyfish, vcftools, longranger, stacks, varscan2, snippy, bbmap, bismark, biscuit, hicexplorer, hicup, hicpro, salmon, kallisto, slamdunk, star, hisat2, tophat, bowtie2, bowtie1, snpsplit, odgi, pangolin, kat, leehom, adapterRemoval, clipandmerge, cutadapt, flexbar, kaiju, kraken, malt, trimmomatic, sickle, skewer, sortmerna, biobloomtools, fastq_screen, afterqc, fastp, fastqc, pychopper, pycoqc, minionqc, multivcfanalyzer, clusterflow, bcl2fastq, bclconvert, interop, ivar, flash, seqyclean, optitype
[2021-09-06 18:52:04,530] multiqc                                            [DEBUG  ]  Using temporary directory for creating report: /tmp/tmp7uiaxqmq
[2021-09-06 18:52:04,854] multiqc                                            [INFO   ]  Search path : /home1/gyang/work_space/4.ProjectET/batch16_cr/1.rawdata
[2021-09-06 18:52:04,925] multiqc                                            [DEBUG  ]  File ignored by ccs/v4 because it exceeded search pattern filesize limit: md5.txt
[2021-09-06 18:52:04,928] multiqc                                            [DEBUG  ]  File ignored by lima/summary because it exceeded search pattern filesize limit: md5.txt
[2021-09-06 18:52:04,943] multiqc                                            [DEBUG  ]  File ignored by ccs/v4 because it exceeded search pattern filesize limit: link.txt
[2021-09-06 18:52:04,944] multiqc                                            [DEBUG  ]  File ignored by hicexplorer because it exceeded search pattern filesize limit: link.txt
[2021-09-06 18:52:04,945] multiqc                                            [DEBUG  ]  File ignored by nanostat because it exceeded search pattern filesize limit: link.txt
[2021-09-06 18:52:04,945] multiqc                                            [DEBUG  ]  File ignored by lima/summary because it exceeded search pattern filesize limit: link.txt
[2021-09-06 18:52:04,947] multiqc                                            [DEBUG  ]  File ignored by longranger/invocation because it exceeded search pattern filesize limit: link.txt
[2021-09-06 18:52:04,962] multiqc                                            [DEBUG  ]  Ignoring file as matched an ignore pattern: ESC_Rarg_SC_10k_rep1.R1.fq.gz
[2021-09-06 18:52:04,962] multiqc                                            [DEBUG  ]  Ignoring file as matched an ignore pattern: ESC_Rarg_SC_5k_rep1.R1.fq.gz
[2021-09-06 18:52:04,962] multiqc                                            [DEBUG  ]  Ignoring file as matched an ignore pattern: ESC_Rarg_SC_1k_rep1.R1.fq.gz
[2021-09-06 18:52:04,963] multiqc                                            [DEBUG  ]  Ignoring file as matched an ignore pattern: ESC_Rarg_SC_1k_rep2.R1.fq.gz
[2021-09-06 18:52:04,963] multiqc                                            [DEBUG  ]  Ignoring file as matched an ignore pattern: ESC_Rarg_PT_100k_rep1.R1.fq.gz
[2021-09-06 18:52:04,963] multiqc                                            [DEBUG  ]  Ignoring file as matched an ignore pattern: ESC_Rarg_PT_10k_rep1.R1.fq.gz
[2021-09-06 18:52:04,963] multiqc                                            [DEBUG  ]  Ignoring file as matched an ignore pattern: ESC_Rarg_PT_5k_rep1.R1.fq.gz
[2021-09-06 18:52:04,963] multiqc                                            [DEBUG  ]  Ignoring file as matched an ignore pattern: ESC_Rarg_PT_1k_rep1.R1.fq.gz
[2021-09-06 18:52:04,963] multiqc                                            [DEBUG  ]  Ignoring file as matched an ignore pattern: ESC_Rarg_PT_1k_rep2.R1.fq.gz
[2021-09-06 18:52:04,963] multiqc                                            [DEBUG  ]  Ignoring file as matched an ignore pattern: ESC_Rarg_SC_10k_rep1.R2.fq.gz
[2021-09-06 18:52:04,963] multiqc                                            [DEBUG  ]  Ignoring file as matched an ignore pattern: ESC_Rarg_SC_1k_rep2.R2.fq.gz
[2021-09-06 18:52:04,964] multiqc                                            [DEBUG  ]  Ignoring file as matched an ignore pattern: ESC_Rarg_PT_100k_rep1.R2.fq.gz
[2021-09-06 18:52:04,964] multiqc                                            [DEBUG  ]  Ignoring file as matched an ignore pattern: ESC_Rarg_PT_10k_rep1.R2.fq.gz
[2021-09-06 18:52:04,964] multiqc                                            [DEBUG  ]  Ignoring file as matched an ignore pattern: ESC_Rarg_PT_5k_rep1.R2.fq.gz
[2021-09-06 18:52:04,964] multiqc                                            [DEBUG  ]  Ignoring file as matched an ignore pattern: ESC_Rarg_PT_1k_rep1.R2.fq.gz
[2021-09-06 18:52:04,964] multiqc                                            [DEBUG  ]  Ignoring file as matched an ignore pattern: ESC_Rarg_PT_1k_rep2.R2.fq.gz
[2021-09-06 18:52:04,964] multiqc                                            [DEBUG  ]  Ignoring file as matched an ignore pattern: ESC_Rarg_SC_100k_rep1.R2.fq.gz
[2021-09-06 18:52:04,964] multiqc                                            [DEBUG  ]  Ignoring file as matched an ignore pattern: ESC_Rarg_SC_5k_rep1.R2.fq.gz
[2021-09-06 18:52:04,964] multiqc                                            [DEBUG  ]  Ignoring file as matched an ignore pattern: ESC_Rarg_SC_1k_rep1.R2.fq.gz
[2021-09-06 18:52:04,964] multiqc                                            [DEBUG  ]  Ignoring file as matched an ignore pattern: ESC_Rarg_SC_100k_rep1.R1.fq.gz
[2021-09-06 18:52:04,999] multiqc                                            [DEBUG  ]  File ignored by ccs/v4 because it exceeded search pattern filesize limit: ESC_Rarg_PT_5k_rep1.R2_fastqc.html
[2021-09-06 18:52:05,000] multiqc                                            [DEBUG  ]  File ignored by hicexplorer because it exceeded search pattern filesize limit: ESC_Rarg_PT_5k_rep1.R2_fastqc.html
[2021-09-06 18:52:05,001] multiqc                                            [DEBUG  ]  File ignored by nanostat because it exceeded search pattern filesize limit: ESC_Rarg_PT_5k_rep1.R2_fastqc.html
[2021-09-06 18:52:05,001] multiqc                                            [DEBUG  ]  File ignored by lima/summary because it exceeded search pattern filesize limit: ESC_Rarg_PT_5k_rep1.R2_fastqc.html
[2021-09-06 18:52:05,003] multiqc                                            [DEBUG  ]  File ignored by vep/vep_txt because it exceeded search pattern filesize limit: ESC_Rarg_PT_5k_rep1.R2_fastqc.html
[2021-09-06 18:52:05,003] multiqc                                            [DEBUG  ]  File ignored by longranger/invocation because it exceeded search pattern filesize limit: ESC_Rarg_PT_5k_rep1.R2_fastqc.html
[2021-09-06 18:52:05,069] multiqc                                            [DEBUG  ]  File ignored by ccs/v4 because it exceeded search pattern filesize limit: ESC_Rarg_SC_5k_rep1.R1_fastqc.html
[2021-09-06 18:52:05,072] multiqc                                            [DEBUG  ]  File ignored by hicexplorer because it exceeded search pattern filesize limit: ESC_Rarg_SC_5k_rep1.R1_fastqc.html
[2021-09-06 18:52:05,072] multiqc                                            [DEBUG  ]  File ignored by nanostat because it exceeded search pattern filesize limit: ESC_Rarg_SC_5k_rep1.R1_fastqc.html
[2021-09-06 18:52:05,072] multiqc                                            [DEBUG  ]  File ignored by lima/summary because it exceeded search pattern filesize limit: ESC_Rarg_SC_5k_rep1.R1_fastqc.html
[2021-09-06 18:52:05,084] multiqc                                            [DEBUG  ]  File ignored by vep/vep_txt because it exceeded search pattern filesize limit: ESC_Rarg_SC_5k_rep1.R1_fastqc.html
[2021-09-06 18:52:05,085] multiqc                                            [DEBUG  ]  File ignored by longranger/invocation because it exceeded search pattern filesize limit: ESC_Rarg_SC_5k_rep1.R1_fastqc.html
[2021-09-06 18:52:05,191] multiqc                                            [DEBUG  ]  File ignored by ccs/v4 because it exceeded search pattern filesize limit: ESC_Rarg_PT_5k_rep1.R1_fastqc.html
[2021-09-06 18:52:05,193] multiqc                                            [DEBUG  ]  File ignored by hicexplorer because it exceeded search pattern filesize limit: ESC_Rarg_PT_5k_rep1.R1_fastqc.html
[2021-09-06 18:52:05,193] multiqc                                            [DEBUG  ]  File ignored by nanostat because it exceeded search pattern filesize limit: ESC_Rarg_PT_5k_rep1.R1_fastqc.html
[2021-09-06 18:52:05,193] multiqc                                            [DEBUG  ]  File ignored by lima/summary because it exceeded search pattern filesize limit: ESC_Rarg_PT_5k_rep1.R1_fastqc.html
[2021-09-06 18:52:05,197] multiqc                                            [DEBUG  ]  File ignored by vep/vep_txt because it exceeded search pattern filesize limit: ESC_Rarg_PT_5k_rep1.R1_fastqc.html
[2021-09-06 18:52:05,197] multiqc                                            [DEBUG  ]  File ignored by longranger/invocation because it exceeded search pattern filesize limit: ESC_Rarg_PT_5k_rep1.R1_fastqc.html
[2021-09-06 18:52:05,269] multiqc                                            [DEBUG  ]  File ignored by ccs/v4 because it exceeded search pattern filesize limit: ESC_Rarg_SC_100k_rep1.R1_fastqc.html
[2021-09-06 18:52:05,270] multiqc                                            [DEBUG  ]  File ignored by hicexplorer because it exceeded search pattern filesize limit: ESC_Rarg_SC_100k_rep1.R1_fastqc.html
[2021-09-06 18:52:05,271] multiqc                                            [DEBUG  ]  File ignored by nanostat because it exceeded search pattern filesize limit: ESC_Rarg_SC_100k_rep1.R1_fastqc.html
[2021-09-06 18:52:05,271] multiqc                                            [DEBUG  ]  File ignored by lima/summary because it exceeded search pattern filesize limit: ESC_Rarg_SC_100k_rep1.R1_fastqc.html
[2021-09-06 18:52:05,273] multiqc                                            [DEBUG  ]  File ignored by vep/vep_txt because it exceeded search pattern filesize limit: ESC_Rarg_SC_100k_rep1.R1_fastqc.html
[2021-09-06 18:52:05,274] multiqc                                            [DEBUG  ]  File ignored by longranger/invocation because it exceeded search pattern filesize limit: ESC_Rarg_SC_100k_rep1.R1_fastqc.html
[2021-09-06 18:52:05,346] multiqc                                            [DEBUG  ]  File ignored by ccs/v4 because it exceeded search pattern filesize limit: ESC_Rarg_SC_5k_rep1.R2_fastqc.html
[2021-09-06 18:52:05,347] multiqc                                            [DEBUG  ]  File ignored by hicexplorer because it exceeded search pattern filesize limit: ESC_Rarg_SC_5k_rep1.R2_fastqc.html
[2021-09-06 18:52:05,347] multiqc                                            [DEBUG  ]  File ignored by nanostat because it exceeded search pattern filesize limit: ESC_Rarg_SC_5k_rep1.R2_fastqc.html
[2021-09-06 18:52:05,347] multiqc                                            [DEBUG  ]  File ignored by lima/summary because it exceeded search pattern filesize limit: ESC_Rarg_SC_5k_rep1.R2_fastqc.html
[2021-09-06 18:52:05,350] multiqc                                            [DEBUG  ]  File ignored by vep/vep_txt because it exceeded search pattern filesize limit: ESC_Rarg_SC_5k_rep1.R2_fastqc.html
[2021-09-06 18:52:05,350] multiqc                                            [DEBUG  ]  File ignored by longranger/invocation because it exceeded search pattern filesize limit: ESC_Rarg_SC_5k_rep1.R2_fastqc.html
[2021-09-06 18:52:05,427] multiqc                                            [DEBUG  ]  File ignored by ccs/v4 because it exceeded search pattern filesize limit: ESC_Rarg_SC_100k_rep1.R2_fastqc.html
[2021-09-06 18:52:05,429] multiqc                                            [DEBUG  ]  File ignored by hicexplorer because it exceeded search pattern filesize limit: ESC_Rarg_SC_100k_rep1.R2_fastqc.html
[2021-09-06 18:52:05,429] multiqc                                            [DEBUG  ]  File ignored by nanostat because it exceeded search pattern filesize limit: ESC_Rarg_SC_100k_rep1.R2_fastqc.html
[2021-09-06 18:52:05,429] multiqc                                            [DEBUG  ]  File ignored by lima/summary because it exceeded search pattern filesize limit: ESC_Rarg_SC_100k_rep1.R2_fastqc.html
[2021-09-06 18:52:05,432] multiqc                                            [DEBUG  ]  File ignored by vep/vep_txt because it exceeded search pattern filesize limit: ESC_Rarg_SC_100k_rep1.R2_fastqc.html
[2021-09-06 18:52:05,432] multiqc                                            [DEBUG  ]  File ignored by longranger/invocation because it exceeded search pattern filesize limit: ESC_Rarg_SC_100k_rep1.R2_fastqc.html
[2021-09-06 18:52:05,514] multiqc                                            [DEBUG  ]  File ignored by ccs/v4 because it exceeded search pattern filesize limit: ESC_Rarg_PT_10k_rep1.R2_fastqc.html
[2021-09-06 18:52:05,517] multiqc                                            [DEBUG  ]  File ignored by hicexplorer because it exceeded search pattern filesize limit: ESC_Rarg_PT_10k_rep1.R2_fastqc.html
[2021-09-06 18:52:05,517] multiqc                                            [DEBUG  ]  File ignored by nanostat because it exceeded search pattern filesize limit: ESC_Rarg_PT_10k_rep1.R2_fastqc.html
[2021-09-06 18:52:05,517] multiqc                                            [DEBUG  ]  File ignored by lima/summary because it exceeded search pattern filesize limit: ESC_Rarg_PT_10k_rep1.R2_fastqc.html
[2021-09-06 18:52:05,522] multiqc                                            [DEBUG  ]  File ignored by vep/vep_txt because it exceeded search pattern filesize limit: ESC_Rarg_PT_10k_rep1.R2_fastqc.html
[2021-09-06 18:52:05,522] multiqc                                            [DEBUG  ]  File ignored by longranger/invocation because it exceeded search pattern filesize limit: ESC_Rarg_PT_10k_rep1.R2_fastqc.html
[2021-09-06 18:52:05,622] multiqc                                            [DEBUG  ]  File ignored by ccs/v4 because it exceeded search pattern filesize limit: ESC_Rarg_PT_1k_rep1.R2_fastqc.html
[2021-09-06 18:52:05,625] multiqc                                            [DEBUG  ]  File ignored by hicexplorer because it exceeded search pattern filesize limit: ESC_Rarg_PT_1k_rep1.R2_fastqc.html
[2021-09-06 18:52:05,625] multiqc                                            [DEBUG  ]  File ignored by nanostat because it exceeded search pattern filesize limit: ESC_Rarg_PT_1k_rep1.R2_fastqc.html
[2021-09-06 18:52:05,625] multiqc                                            [DEBUG  ]  File ignored by lima/summary because it exceeded search pattern filesize limit: ESC_Rarg_PT_1k_rep1.R2_fastqc.html
[2021-09-06 18:52:05,630] multiqc                                            [DEBUG  ]  File ignored by vep/vep_txt because it exceeded search pattern filesize limit: ESC_Rarg_PT_1k_rep1.R2_fastqc.html
[2021-09-06 18:52:05,630] multiqc                                            [DEBUG  ]  File ignored by longranger/invocation because it exceeded search pattern filesize limit: ESC_Rarg_PT_1k_rep1.R2_fastqc.html
[2021-09-06 18:52:05,710] multiqc                                            [DEBUG  ]  File ignored by ccs/v4 because it exceeded search pattern filesize limit: ESC_Rarg_PT_10k_rep1.R1_fastqc.html
[2021-09-06 18:52:05,712] multiqc                                            [DEBUG  ]  File ignored by hicexplorer because it exceeded search pattern filesize limit: ESC_Rarg_PT_10k_rep1.R1_fastqc.html
[2021-09-06 18:52:05,712] multiqc                                            [DEBUG  ]  File ignored by nanostat because it exceeded search pattern filesize limit: ESC_Rarg_PT_10k_rep1.R1_fastqc.html
[2021-09-06 18:52:05,712] multiqc                                            [DEBUG  ]  File ignored by lima/summary because it exceeded search pattern filesize limit: ESC_Rarg_PT_10k_rep1.R1_fastqc.html
[2021-09-06 18:52:05,715] multiqc                                            [DEBUG  ]  File ignored by vep/vep_txt because it exceeded search pattern filesize limit: ESC_Rarg_PT_10k_rep1.R1_fastqc.html
[2021-09-06 18:52:05,715] multiqc                                            [DEBUG  ]  File ignored by longranger/invocation because it exceeded search pattern filesize limit: ESC_Rarg_PT_10k_rep1.R1_fastqc.html
[2021-09-06 18:52:05,782] multiqc                                            [DEBUG  ]  File ignored by ccs/v4 because it exceeded search pattern filesize limit: ESC_Rarg_PT_1k_rep1.R1_fastqc.html
[2021-09-06 18:52:05,784] multiqc                                            [DEBUG  ]  File ignored by hicexplorer because it exceeded search pattern filesize limit: ESC_Rarg_PT_1k_rep1.R1_fastqc.html
[2021-09-06 18:52:05,784] multiqc                                            [DEBUG  ]  File ignored by nanostat because it exceeded search pattern filesize limit: ESC_Rarg_PT_1k_rep1.R1_fastqc.html
[2021-09-06 18:52:05,784] multiqc                                            [DEBUG  ]  File ignored by lima/summary because it exceeded search pattern filesize limit: ESC_Rarg_PT_1k_rep1.R1_fastqc.html
[2021-09-06 18:52:05,787] multiqc                                            [DEBUG  ]  File ignored by vep/vep_txt because it exceeded search pattern filesize limit: ESC_Rarg_PT_1k_rep1.R1_fastqc.html
[2021-09-06 18:52:05,787] multiqc                                            [DEBUG  ]  File ignored by longranger/invocation because it exceeded search pattern filesize limit: ESC_Rarg_PT_1k_rep1.R1_fastqc.html
[2021-09-06 18:52:05,864] multiqc                                            [DEBUG  ]  File ignored by ccs/v4 because it exceeded search pattern filesize limit: ESC_Rarg_PT_100k_rep1.R1_fastqc.html
[2021-09-06 18:52:05,866] multiqc                                            [DEBUG  ]  File ignored by hicexplorer because it exceeded search pattern filesize limit: ESC_Rarg_PT_100k_rep1.R1_fastqc.html
[2021-09-06 18:52:05,866] multiqc                                            [DEBUG  ]  File ignored by nanostat because it exceeded search pattern filesize limit: ESC_Rarg_PT_100k_rep1.R1_fastqc.html
[2021-09-06 18:52:05,866] multiqc                                            [DEBUG  ]  File ignored by lima/summary because it exceeded search pattern filesize limit: ESC_Rarg_PT_100k_rep1.R1_fastqc.html
[2021-09-06 18:52:05,869] multiqc                                            [DEBUG  ]  File ignored by vep/vep_txt because it exceeded search pattern filesize limit: ESC_Rarg_PT_100k_rep1.R1_fastqc.html
[2021-09-06 18:52:05,869] multiqc                                            [DEBUG  ]  File ignored by longranger/invocation because it exceeded search pattern filesize limit: ESC_Rarg_PT_100k_rep1.R1_fastqc.html
[2021-09-06 18:52:05,923] multiqc                                            [DEBUG  ]  File ignored by ccs/v4 because it exceeded search pattern filesize limit: ESC_Rarg_SC_10k_rep1.R2_fastqc.html
[2021-09-06 18:52:05,924] multiqc                                            [DEBUG  ]  File ignored by hicexplorer because it exceeded search pattern filesize limit: ESC_Rarg_SC_10k_rep1.R2_fastqc.html
[2021-09-06 18:52:05,925] multiqc                                            [DEBUG  ]  File ignored by nanostat because it exceeded search pattern filesize limit: ESC_Rarg_SC_10k_rep1.R2_fastqc.html
[2021-09-06 18:52:05,925] multiqc                                            [DEBUG  ]  File ignored by lima/summary because it exceeded search pattern filesize limit: ESC_Rarg_SC_10k_rep1.R2_fastqc.html
[2021-09-06 18:52:05,927] multiqc                                            [DEBUG  ]  File ignored by vep/vep_txt because it exceeded search pattern filesize limit: ESC_Rarg_SC_10k_rep1.R2_fastqc.html
[2021-09-06 18:52:05,928] multiqc                                            [DEBUG  ]  File ignored by longranger/invocation because it exceeded search pattern filesize limit: ESC_Rarg_SC_10k_rep1.R2_fastqc.html
[2021-09-06 18:52:06,005] multiqc                                            [DEBUG  ]  File ignored by ccs/v4 because it exceeded search pattern filesize limit: ESC_Rarg_PT_100k_rep1.R2_fastqc.html
[2021-09-06 18:52:06,007] multiqc                                            [DEBUG  ]  File ignored by hicexplorer because it exceeded search pattern filesize limit: ESC_Rarg_PT_100k_rep1.R2_fastqc.html
[2021-09-06 18:52:06,007] multiqc                                            [DEBUG  ]  File ignored by nanostat because it exceeded search pattern filesize limit: ESC_Rarg_PT_100k_rep1.R2_fastqc.html
[2021-09-06 18:52:06,007] multiqc                                            [DEBUG  ]  File ignored by lima/summary because it exceeded search pattern filesize limit: ESC_Rarg_PT_100k_rep1.R2_fastqc.html
[2021-09-06 18:52:06,010] multiqc                                            [DEBUG  ]  File ignored by vep/vep_txt because it exceeded search pattern filesize limit: ESC_Rarg_PT_100k_rep1.R2_fastqc.html
[2021-09-06 18:52:06,010] multiqc                                            [DEBUG  ]  File ignored by longranger/invocation because it exceeded search pattern filesize limit: ESC_Rarg_PT_100k_rep1.R2_fastqc.html
[2021-09-06 18:52:06,077] multiqc                                            [DEBUG  ]  File ignored by ccs/v4 because it exceeded search pattern filesize limit: ESC_Rarg_SC_10k_rep1.R1_fastqc.html
[2021-09-06 18:52:06,079] multiqc                                            [DEBUG  ]  File ignored by hicexplorer because it exceeded search pattern filesize limit: ESC_Rarg_SC_10k_rep1.R1_fastqc.html
[2021-09-06 18:52:06,079] multiqc                                            [DEBUG  ]  File ignored by nanostat because it exceeded search pattern filesize limit: ESC_Rarg_SC_10k_rep1.R1_fastqc.html
[2021-09-06 18:52:06,079] multiqc                                            [DEBUG  ]  File ignored by lima/summary because it exceeded search pattern filesize limit: ESC_Rarg_SC_10k_rep1.R1_fastqc.html
[2021-09-06 18:52:06,082] multiqc                                            [DEBUG  ]  File ignored by vep/vep_txt because it exceeded search pattern filesize limit: ESC_Rarg_SC_10k_rep1.R1_fastqc.html
[2021-09-06 18:52:06,082] multiqc                                            [DEBUG  ]  File ignored by longranger/invocation because it exceeded search pattern filesize limit: ESC_Rarg_SC_10k_rep1.R1_fastqc.html
[2021-09-06 18:52:06,136] multiqc                                            [DEBUG  ]  File ignored by ccs/v4 because it exceeded search pattern filesize limit: ESC_Rarg_PT_1k_rep2.R1_fastqc.html
[2021-09-06 18:52:06,138] multiqc                                            [DEBUG  ]  File ignored by hicexplorer because it exceeded search pattern filesize limit: ESC_Rarg_PT_1k_rep2.R1_fastqc.html
[2021-09-06 18:52:06,138] multiqc                                            [DEBUG  ]  File ignored by nanostat because it exceeded search pattern filesize limit: ESC_Rarg_PT_1k_rep2.R1_fastqc.html
[2021-09-06 18:52:06,138] multiqc                                            [DEBUG  ]  File ignored by lima/summary because it exceeded search pattern filesize limit: ESC_Rarg_PT_1k_rep2.R1_fastqc.html
[2021-09-06 18:52:06,141] multiqc                                            [DEBUG  ]  File ignored by vep/vep_txt because it exceeded search pattern filesize limit: ESC_Rarg_PT_1k_rep2.R1_fastqc.html
[2021-09-06 18:52:06,141] multiqc                                            [DEBUG  ]  File ignored by longranger/invocation because it exceeded search pattern filesize limit: ESC_Rarg_PT_1k_rep2.R1_fastqc.html
[2021-09-06 18:52:06,212] multiqc                                            [DEBUG  ]  File ignored by ccs/v4 because it exceeded search pattern filesize limit: ESC_Rarg_SC_1k_rep2.R2_fastqc.html
[2021-09-06 18:52:06,215] multiqc                                            [DEBUG  ]  File ignored by hicexplorer because it exceeded search pattern filesize limit: ESC_Rarg_SC_1k_rep2.R2_fastqc.html
[2021-09-06 18:52:06,215] multiqc                                            [DEBUG  ]  File ignored by nanostat because it exceeded search pattern filesize limit: ESC_Rarg_SC_1k_rep2.R2_fastqc.html
[2021-09-06 18:52:06,215] multiqc                                            [DEBUG  ]  File ignored by lima/summary because it exceeded search pattern filesize limit: ESC_Rarg_SC_1k_rep2.R2_fastqc.html
[2021-09-06 18:52:06,220] multiqc                                            [DEBUG  ]  File ignored by vep/vep_txt because it exceeded search pattern filesize limit: ESC_Rarg_SC_1k_rep2.R2_fastqc.html
[2021-09-06 18:52:06,220] multiqc                                            [DEBUG  ]  File ignored by longranger/invocation because it exceeded search pattern filesize limit: ESC_Rarg_SC_1k_rep2.R2_fastqc.html
[2021-09-06 18:52:06,313] multiqc                                            [DEBUG  ]  File ignored by ccs/v4 because it exceeded search pattern filesize limit: ESC_Rarg_SC_1k_rep2.R1_fastqc.html
[2021-09-06 18:52:06,315] multiqc                                            [DEBUG  ]  File ignored by hicexplorer because it exceeded search pattern filesize limit: ESC_Rarg_SC_1k_rep2.R1_fastqc.html
[2021-09-06 18:52:06,315] multiqc                                            [DEBUG  ]  File ignored by nanostat because it exceeded search pattern filesize limit: ESC_Rarg_SC_1k_rep2.R1_fastqc.html
[2021-09-06 18:52:06,315] multiqc                                            [DEBUG  ]  File ignored by lima/summary because it exceeded search pattern filesize limit: ESC_Rarg_SC_1k_rep2.R1_fastqc.html
[2021-09-06 18:52:06,318] multiqc                                            [DEBUG  ]  File ignored by vep/vep_txt because it exceeded search pattern filesize limit: ESC_Rarg_SC_1k_rep2.R1_fastqc.html
[2021-09-06 18:52:06,318] multiqc                                            [DEBUG  ]  File ignored by longranger/invocation because it exceeded search pattern filesize limit: ESC_Rarg_SC_1k_rep2.R1_fastqc.html
[2021-09-06 18:52:06,373] multiqc                                            [DEBUG  ]  File ignored by ccs/v4 because it exceeded search pattern filesize limit: ESC_Rarg_PT_1k_rep2.R2_fastqc.html
[2021-09-06 18:52:06,374] multiqc                                            [DEBUG  ]  File ignored by hicexplorer because it exceeded search pattern filesize limit: ESC_Rarg_PT_1k_rep2.R2_fastqc.html
[2021-09-06 18:52:06,375] multiqc                                            [DEBUG  ]  File ignored by nanostat because it exceeded search pattern filesize limit: ESC_Rarg_PT_1k_rep2.R2_fastqc.html
[2021-09-06 18:52:06,375] multiqc                                            [DEBUG  ]  File ignored by lima/summary because it exceeded search pattern filesize limit: ESC_Rarg_PT_1k_rep2.R2_fastqc.html
[2021-09-06 18:52:06,385] multiqc                                            [DEBUG  ]  File ignored by vep/vep_txt because it exceeded search pattern filesize limit: ESC_Rarg_PT_1k_rep2.R2_fastqc.html
[2021-09-06 18:52:06,385] multiqc                                            [DEBUG  ]  File ignored by longranger/invocation because it exceeded search pattern filesize limit: ESC_Rarg_PT_1k_rep2.R2_fastqc.html
[2021-09-06 18:52:06,446] multiqc                                            [DEBUG  ]  File ignored by ccs/v4 because it exceeded search pattern filesize limit: ESC_Rarg_SC_1k_rep1.R2_fastqc.html
[2021-09-06 18:52:06,447] multiqc                                            [DEBUG  ]  File ignored by hicexplorer because it exceeded search pattern filesize limit: ESC_Rarg_SC_1k_rep1.R2_fastqc.html
[2021-09-06 18:52:06,448] multiqc                                            [DEBUG  ]  File ignored by nanostat because it exceeded search pattern filesize limit: ESC_Rarg_SC_1k_rep1.R2_fastqc.html
[2021-09-06 18:52:06,448] multiqc                                            [DEBUG  ]  File ignored by lima/summary because it exceeded search pattern filesize limit: ESC_Rarg_SC_1k_rep1.R2_fastqc.html
[2021-09-06 18:52:06,450] multiqc                                            [DEBUG  ]  File ignored by vep/vep_txt because it exceeded search pattern filesize limit: ESC_Rarg_SC_1k_rep1.R2_fastqc.html
[2021-09-06 18:52:06,451] multiqc                                            [DEBUG  ]  File ignored by longranger/invocation because it exceeded search pattern filesize limit: ESC_Rarg_SC_1k_rep1.R2_fastqc.html
[2021-09-06 18:52:06,527] multiqc                                            [DEBUG  ]  File ignored by ccs/v4 because it exceeded search pattern filesize limit: ESC_Rarg_SC_1k_rep1.R1_fastqc.html
[2021-09-06 18:52:06,528] multiqc                                            [DEBUG  ]  File ignored by hicexplorer because it exceeded search pattern filesize limit: ESC_Rarg_SC_1k_rep1.R1_fastqc.html
[2021-09-06 18:52:06,529] multiqc                                            [DEBUG  ]  File ignored by nanostat because it exceeded search pattern filesize limit: ESC_Rarg_SC_1k_rep1.R1_fastqc.html
[2021-09-06 18:52:06,529] multiqc                                            [DEBUG  ]  File ignored by lima/summary because it exceeded search pattern filesize limit: ESC_Rarg_SC_1k_rep1.R1_fastqc.html
[2021-09-06 18:52:06,531] multiqc                                            [DEBUG  ]  File ignored by vep/vep_txt because it exceeded search pattern filesize limit: ESC_Rarg_SC_1k_rep1.R1_fastqc.html
[2021-09-06 18:52:06,531] multiqc                                            [DEBUG  ]  File ignored by longranger/invocation because it exceeded search pattern filesize limit: ESC_Rarg_SC_1k_rep1.R1_fastqc.html
[2021-09-06 18:52:08,205] multiqc.plots.bargraph                             [DEBUG  ]  Using matplotlib version 3.3.4
[2021-09-06 18:52:08,217] multiqc.plots.linegraph                            [DEBUG  ]  Using matplotlib version 3.3.4
[2021-09-06 18:52:08,235] multiqc                                            [DEBUG  ]  No samples found: custom_content
[2021-09-06 18:52:08,283] multiqc                                            [DEBUG  ]  No samples found: ccs
[2021-09-06 18:52:08,288] multiqc                                            [DEBUG  ]  No samples found: ngsderive
[2021-09-06 18:52:08,336] multiqc                                            [DEBUG  ]  No samples found: purple
[2021-09-06 18:52:08,388] multiqc                                            [DEBUG  ]  No samples found: conpair
[2021-09-06 18:52:08,426] multiqc                                            [DEBUG  ]  No samples found: lima
[2021-09-06 18:52:08,458] multiqc                                            [DEBUG  ]  No samples found: peddy
[2021-09-06 18:52:08,494] multiqc                                            [DEBUG  ]  No samples found: somalier
[2021-09-06 18:52:08,530] multiqc                                            [DEBUG  ]  No samples found: methylQA
[2021-09-06 18:52:08,577] multiqc.modules.mosdepth.mosdepth                  [DEBUG  ]  include_contigs: []
[2021-09-06 18:52:08,577] multiqc.modules.mosdepth.mosdepth                  [DEBUG  ]  exclude_contigs: []
[2021-09-06 18:52:08,578] multiqc                                            [DEBUG  ]  No samples found: mosdepth
[2021-09-06 18:52:08,609] multiqc                                            [DEBUG  ]  No samples found: phantompeakqualtools
[2021-09-06 18:52:08,623] multiqc                                            [DEBUG  ]  No samples found: qualimap
[2021-09-06 18:52:08,652] multiqc                                            [DEBUG  ]  No samples found: preseq
[2021-09-06 18:52:08,671] multiqc                                            [DEBUG  ]  No samples found: quast
[2021-09-06 18:52:08,710] multiqc                                            [DEBUG  ]  No samples found: qorts
[2021-09-06 18:52:08,719] multiqc                                            [DEBUG  ]  No samples found: rna_seqc
[2021-09-06 18:52:08,739] multiqc                                            [DEBUG  ]  No samples found: rockhopper
[2021-09-06 18:52:08,748] multiqc                                            [DEBUG  ]  No samples found: rsem
[2021-09-06 18:52:08,784] multiqc                                            [DEBUG  ]  No samples found: rseqc
[2021-09-06 18:52:08,833] multiqc                                            [DEBUG  ]  No samples found: busco
[2021-09-06 18:52:08,842] multiqc                                            [DEBUG  ]  No samples found: bustools
[2021-09-06 18:52:08,850] multiqc                                            [DEBUG  ]  No samples found: goleft_indexcov
[2021-09-06 18:52:08,883] multiqc                                            [DEBUG  ]  No samples found: gffcompare
[2021-09-06 18:52:08,973] multiqc                                            [DEBUG  ]  No samples found: disambiguate
[2021-09-06 18:52:09,003] multiqc                                            [DEBUG  ]  No samples found: supernova
[2021-09-06 18:52:09,105] multiqc                                            [DEBUG  ]  No samples found: deeptools
[2021-09-06 18:52:09,136] multiqc                                            [DEBUG  ]  No samples found: sargasso
[2021-09-06 18:52:09,141] multiqc                                            [DEBUG  ]  No samples found: verifybamid
[2021-09-06 18:52:09,191] multiqc                                            [DEBUG  ]  No samples found: mirtrace
[2021-09-06 18:52:09,230] multiqc                                            [DEBUG  ]  No samples found: happy
[2021-09-06 18:52:09,250] multiqc                                            [DEBUG  ]  No samples found: mirtop
[2021-09-06 18:52:09,276] multiqc                                            [DEBUG  ]  No samples found: sambamba
[2021-09-06 18:52:09,330] multiqc                                            [DEBUG  ]  No samples found: homer
[2021-09-06 18:52:09,372] multiqc                                            [DEBUG  ]  No samples found: hops
[2021-09-06 18:52:09,417] multiqc                                            [DEBUG  ]  No samples found: macs2
[2021-09-06 18:52:09,426] multiqc                                            [DEBUG  ]  No samples found: theta2
[2021-09-06 18:52:09,473] multiqc                                            [DEBUG  ]  No samples found: snpeff
[2021-09-06 18:52:09,500] multiqc                                            [DEBUG  ]  No samples found: gatk
[2021-09-06 18:52:09,519] multiqc                                            [DEBUG  ]  No samples found: htseq
[2021-09-06 18:52:09,526] multiqc                                            [DEBUG  ]  No samples found: bcftools
[2021-09-06 18:52:09,546] multiqc                                            [DEBUG  ]  No samples found: featureCounts
[2021-09-06 18:52:09,611] multiqc                                            [DEBUG  ]  No samples found: fgbio
[2021-09-06 18:52:09,751] multiqc                                            [DEBUG  ]  No samples found: dragen
[2021-09-06 18:52:09,779] multiqc                                            [DEBUG  ]  No samples found: dedup
[2021-09-06 18:52:09,822] multiqc                                            [DEBUG  ]  No samples found: damageprofiler
[2021-09-06 18:52:09,965] multiqc                                            [DEBUG  ]  No samples found: biobambam2
[2021-09-06 18:52:09,972] multiqc                                            [DEBUG  ]  No samples found: jcvi
[2021-09-06 18:52:10,004] multiqc                                            [DEBUG  ]  No samples found: mtnucratio
[2021-09-06 18:52:10,009] multiqc                                            [DEBUG  ]  No samples found: picard
[2021-09-06 18:52:10,039] multiqc                                            [DEBUG  ]  No samples found: vep
[2021-09-06 18:52:10,111] multiqc                                            [DEBUG  ]  No samples found: sentieon
[2021-09-06 18:52:10,128] multiqc                                            [DEBUG  ]  No samples found: prokka
[2021-09-06 18:52:10,155] multiqc                                            [DEBUG  ]  No samples found: qc3C
[2021-09-06 18:52:10,163] multiqc                                            [DEBUG  ]  No samples found: nanostat
[2021-09-06 18:52:10,177] multiqc                                            [DEBUG  ]  No samples found: samblaster
[2021-09-06 18:52:10,276] multiqc                                            [DEBUG  ]  No samples found: samtools
[2021-09-06 18:52:10,302] multiqc                                            [DEBUG  ]  No samples found: sexdeterrmine
[2021-09-06 18:52:10,325] multiqc                                            [DEBUG  ]  No samples found: eigenstratdatabasetools
[2021-09-06 18:52:10,353] multiqc                                            [DEBUG  ]  No samples found: bamtools
[2021-09-06 18:52:10,368] multiqc                                            [DEBUG  ]  No samples found: jellyfish
[2021-09-06 18:52:10,415] multiqc                                            [DEBUG  ]  No samples found: vcftools
[2021-09-06 18:52:10,458] multiqc                                            [DEBUG  ]  No samples found: longranger
[2021-09-06 18:52:10,466] multiqc                                            [DEBUG  ]  No samples found: stacks
[2021-09-06 18:52:10,498] multiqc                                            [DEBUG  ]  No samples found: varscan2
[2021-09-06 18:52:10,518] multiqc                                            [DEBUG  ]  No samples found: snippy
[2021-09-06 18:52:10,569] multiqc                                            [DEBUG  ]  No samples found: bbmap
[2021-09-06 18:52:10,578] multiqc                                            [DEBUG  ]  No samples found: bismark
[2021-09-06 18:52:10,623] multiqc                                            [DEBUG  ]  No samples found: biscuit
[2021-09-06 18:52:10,645] multiqc                                            [DEBUG  ]  No samples found: hicexplorer
[2021-09-06 18:52:10,683] multiqc                                            [DEBUG  ]  No samples found: hicup
[2021-09-06 18:52:10,691] multiqc                                            [DEBUG  ]  No samples found: hicpro
[2021-09-06 18:52:10,718] multiqc                                            [DEBUG  ]  No samples found: salmon
[2021-09-06 18:52:10,725] multiqc                                            [DEBUG  ]  No samples found: kallisto
[2021-09-06 18:52:10,748] multiqc                                            [DEBUG  ]  No samples found: slamdunk
[2021-09-06 18:52:10,761] multiqc                                            [DEBUG  ]  No samples found: star
[2021-09-06 18:52:10,767] multiqc                                            [DEBUG  ]  No samples found: hisat2
[2021-09-06 18:52:10,788] multiqc                                            [DEBUG  ]  No samples found: tophat
[2021-09-06 18:52:10,828] multiqc                                            [DEBUG  ]  No samples found: bowtie2
[2021-09-06 18:52:10,834] multiqc                                            [DEBUG  ]  No samples found: bowtie1
[2021-09-06 18:52:10,841] multiqc                                            [DEBUG  ]  No samples found: snpsplit
[2021-09-06 18:52:10,877] multiqc                                            [DEBUG  ]  No samples found: odgi
[2021-09-06 18:52:10,916] multiqc                                            [DEBUG  ]  No samples found: pangolin
[2021-09-06 18:52:10,930] multiqc                                            [DEBUG  ]  No samples found: kat
[2021-09-06 18:52:10,936] multiqc                                            [DEBUG  ]  No samples found: leehom
[2021-09-06 18:52:10,948] multiqc                                            [DEBUG  ]  No samples found: adapterRemoval
[2021-09-06 18:52:10,980] multiqc                                            [DEBUG  ]  No samples found: clipandmerge
[2021-09-06 18:52:10,987] multiqc                                            [DEBUG  ]  No samples found: cutadapt
[2021-09-06 18:52:11,004] multiqc                                            [DEBUG  ]  No samples found: flexbar
[2021-09-06 18:52:11,011] multiqc                                            [DEBUG  ]  No samples found: kaiju
[2021-09-06 18:52:11,047] multiqc                                            [DEBUG  ]  No samples found: kraken
[2021-09-06 18:52:11,053] multiqc                                            [DEBUG  ]  No samples found: malt
[2021-09-06 18:52:11,058] multiqc                                            [DEBUG  ]  No samples found: trimmomatic
[2021-09-06 18:52:11,081] multiqc                                            [DEBUG  ]  No samples found: sickle
[2021-09-06 18:52:11,102] multiqc                                            [DEBUG  ]  No samples found: skewer
[2021-09-06 18:52:11,123] multiqc                                            [DEBUG  ]  No samples found: sortmerna
[2021-09-06 18:52:11,130] multiqc                                            [DEBUG  ]  No samples found: biobloomtools
[2021-09-06 18:52:11,138] multiqc                                            [DEBUG  ]  No samples found: fastq_screen
[2021-09-06 18:52:11,162] multiqc                                            [DEBUG  ]  No samples found: afterqc
[2021-09-06 18:52:11,190] multiqc                                            [DEBUG  ]  No samples found: fastp
[2021-09-06 18:52:14,206] multiqc.modules.fastqc.fastqc                      [INFO   ]  Found 20 reports
[2021-09-06 18:52:14,802] multiqc                                            [DEBUG  ]  No samples found: pychopper
[2021-09-06 18:52:14,819] multiqc                                            [DEBUG  ]  No samples found: pycoqc
[2021-09-06 18:52:14,839] multiqc                                            [DEBUG  ]  No samples found: minionqc
[2021-09-06 18:52:14,845] multiqc                                            [DEBUG  ]  No samples found: multivcfanalyzer
[2021-09-06 18:52:14,865] multiqc                                            [DEBUG  ]  No samples found: clusterflow
[2021-09-06 18:52:14,893] multiqc                                            [DEBUG  ]  No samples found: bcl2fastq
[2021-09-06 18:52:14,903] multiqc                                            [DEBUG  ]  No samples found: bclconvert
[2021-09-06 18:52:14,942] multiqc                                            [DEBUG  ]  No samples found: interop
[2021-09-06 18:52:14,950] multiqc                                            [DEBUG  ]  No samples found: ivar
[2021-09-06 18:52:14,957] multiqc                                            [DEBUG  ]  No samples found: flash
[2021-09-06 18:52:14,979] multiqc                                            [DEBUG  ]  No samples found: seqyclean
[2021-09-06 18:52:14,997] multiqc                                            [DEBUG  ]  No samples found: optitype
[2021-09-06 18:52:15,036] multiqc                                            [INFO   ]  Compressing plot data
[2021-09-06 18:52:15,459] multiqc                                            [INFO   ]  Report      : batch16_cr_raw.html
[2021-09-06 18:52:15,460] multiqc                                            [INFO   ]  Data        : batch16_cr_raw_data
[2021-09-06 18:52:15,460] multiqc                                            [DEBUG  ]  Moving data file from '/tmp/tmp7uiaxqmq/multiqc_data' to '/home1/gyang/work_space/4.ProjectET/batch16_cr/1.rawdata/batch16_cr_raw_data'
[2021-09-06 18:52:15,958] multiqc                                            [INFO   ]  MultiQC complete
