This is cutadapt 1.16 with Python 3.6.4
Command line parameters: -j 2 -a AGATCGGAAGAGC -A AGATCGGAAGAGC --trim-n -m 50 -q 20,20 -o /home1/gyang/work_space/4.ProjectET/batch8_cr/2.cutdata/Morula_Cdx2_rep1.R1_cut.fq -p /home1/gyang/work_space/4.ProjectET/batch8_cr/2.cutdata/Morula_Cdx2_rep1.R2_cut.fq Morula_Cdx2_rep1.R1.fq.gz Morula_Cdx2_rep1.R2.fq.gz
Running on 2 cores
Trimming 2 adapters with at most 10.0% errors in paired-end mode ...
Finished in 1251.49 s (28 us/read; 2.15 M reads/minute).

=== Summary ===

Total read pairs processed:         44,942,868
  Read 1 with adapter:              19,184,129 (42.7%)
  Read 2 with adapter:              14,031,311 (31.2%)
Pairs that were too short:           7,145,318 (15.9%)
Pairs written (passing filters):    37,797,550 (84.1%)

Total basepairs processed: 13,482,860,400 bp
  Read 1: 6,741,430,200 bp
  Read 2: 6,741,430,200 bp
Quality-trimmed:              37,990,272 bp (0.3%)
  Read 1:    12,142,659 bp
  Read 2:    25,847,613 bp
Total written (filtered):  10,050,161,994 bp (74.5%)
  Read 1: 5,026,712,256 bp
  Read 2: 5,023,449,738 bp

=== First read: Adapter 1 ===

Sequence: AGATCGGAAGAGC; Type: regular 3'; Length: 13; Trimmed: 19184129 times.

No. of allowed errors:
0-9 bp: 0; 10-13 bp: 1

Bases preceding removed adapters:
  A: 11.4%
  C: 8.5%
  G: 19.7%
  T: 33.5%
  none/other: 27.0%

Overview of removed sequences
length	count	expect	max.err	error counts
3	597607	702232.3	0	597607
4	197243	175558.1	0	197243
5	123154	43889.5	0	123154
6	103920	10972.4	0	103920
7	102232	2743.1	0	102232
8	104327	685.8	0	104327
9	94825	171.4	0	93599 1226
10	94045	42.9	1	89946 4099
11	100622	10.7	1	94983 5639
12	106072	2.7	1	100702 5370
13	95492	0.7	1	90290 5202
14	95585	0.7	1	90444 5141
15	102064	0.7	1	96802 5262
16	94422	0.7	1	89092 5330
17	102145	0.7	1	96104 6041
18	105710	0.7	1	100382 5328
19	93298	0.7	1	88764 4534
20	100030	0.7	1	95150 4880
21	105838	0.7	1	100641 5197
22	95249	0.7	1	90409 4840
23	97691	0.7	1	92938 4753
24	102951	0.7	1	97192 5759
25	97412	0.7	1	92667 4745
26	98009	0.7	1	92912 5097
27	107173	0.7	1	101678 5495
28	102055	0.7	1	96619 5436
29	98657	0.7	1	93245 5412
30	105169	0.7	1	100196 4973
31	96028	0.7	1	91681 4347
32	104978	0.7	1	100291 4687
33	111060	0.7	1	105791 5269
34	107094	0.7	1	101502 5592
35	101904	0.7	1	97168 4736
36	107064	0.7	1	101843 5221
37	105915	0.7	1	99942 5973
38	108074	0.7	1	102963 5111
39	107968	0.7	1	102410 5558
40	114452	0.7	1	108716 5736
41	111136	0.7	1	105185 5951
42	108121	0.7	1	102537 5584
43	176214	0.7	1	170315 5899
44	47378	0.7	1	42526 4852
45	102380	0.7	1	98862 3518
46	123396	0.7	1	117674 5722
47	106969	0.7	1	101622 5347
48	101172	0.7	1	96331 4841
49	121692	0.7	1	116024 5668
50	113620	0.7	1	108044 5576
51	107706	0.7	1	102836 4870
52	109561	0.7	1	104686 4875
53	136774	0.7	1	130151 6623
54	117836	0.7	1	111472 6364
55	130656	0.7	1	124999 5657
56	134289	0.7	1	128453 5836
57	124378	0.7	1	118341 6037
58	105170	0.7	1	100720 4450
59	93200	0.7	1	88653 4547
60	151522	0.7	1	145228 6294
61	139200	0.7	1	133180 6020
62	111348	0.7	1	106205 5143
63	100828	0.7	1	95572 5256
64	229286	0.7	1	221587 7699
65	155566	0.7	1	147319 8247
66	202235	0.7	1	195447 6788
67	151886	0.7	1	145357 6529
68	144484	0.7	1	138676 5808
69	18007	0.7	1	14591 3416
70	14803	0.7	1	13487 1316
71	64710	0.7	1	62440 2270
72	102556	0.7	1	98733 3823
73	113116	0.7	1	108278 4838
74	124981	0.7	1	119699 5282
75	138821	0.7	1	132724 6097
76	133555	0.7	1	127436 6119
77	133406	0.7	1	127046 6360
78	134730	0.7	1	128559 6171
79	138966	0.7	1	132391 6575
80	143041	0.7	1	136379 6662
81	146988	0.7	1	140192 6796
82	142074	0.7	1	135328 6746
83	136903	0.7	1	130345 6558
84	143925	0.7	1	136995 6930
85	139633	0.7	1	133059 6574
86	141930	0.7	1	135360 6570
87	145315	0.7	1	138760 6555
88	141365	0.7	1	134705 6660
89	143158	0.7	1	136749 6409
90	155227	0.7	1	148133 7094
91	148412	0.7	1	141613 6799
92	138988	0.7	1	132640 6348
93	143741	0.7	1	137400 6341
94	136469	0.7	1	130359 6110
95	136223	0.7	1	130144 6079
96	136300	0.7	1	130271 6029
97	130296	0.7	1	124433 5863
98	127176	0.7	1	121318 5858
99	134251	0.7	1	128383 5868
100	134929	0.7	1	128933 5996
101	129954	0.7	1	124160 5794
102	122409	0.7	1	116878 5531
103	113110	0.7	1	107764 5346
104	107398	0.7	1	102460 4938
105	109340	0.7	1	104264 5076
106	98040	0.7	1	93470 4570
107	95765	0.7	1	91034 4731
108	92445	0.7	1	88203 4242
109	95159	0.7	1	90630 4529
110	100097	0.7	1	95735 4362
111	110170	0.7	1	105519 4651
112	92357	0.7	1	88215 4142
113	80542	0.7	1	76669 3873
114	73144	0.7	1	69779 3365
115	65724	0.7	1	62649 3075
116	57749	0.7	1	55077 2672
117	54377	0.7	1	51816 2561
118	44576	0.7	1	42306 2270
119	42884	0.7	1	40785 2099
120	43325	0.7	1	41226 2099
121	37506	0.7	1	35799 1707
122	27394	0.7	1	25965 1429
123	22004	0.7	1	20858 1146
124	15867	0.7	1	14935 932
125	11785	0.7	1	11034 751
126	9891	0.7	1	9338 553
127	7588	0.7	1	7126 462
128	6263	0.7	1	5974 289
129	5387	0.7	1	5169 218
130	4537	0.7	1	4328 209
131	5491	0.7	1	5267 224
132	3097	0.7	1	3008 89
133	2233	0.7	1	2161 72
134	1682	0.7	1	1592 90
135	1503	0.7	1	1446 57
136	320	0.7	1	289 31
137	59	0.7	1	48 11
138	46	0.7	1	26 20
139	45	0.7	1	13 32
140	38	0.7	1	13 25
141	43	0.7	1	20 23
142	32	0.7	1	7 25
143	84	0.7	1	40 44
144	98	0.7	1	25 73
145	104	0.7	1	6 98
146	143	0.7	1	11 132
147	332	0.7	1	25 307
148	802	0.7	1	12 790
149	11881	0.7	1	39 11842
150	5169777	0.7	1	1213 5168564

=== Second read: Adapter 2 ===

Sequence: AGATCGGAAGAGC; Type: regular 3'; Length: 13; Trimmed: 14031311 times.

No. of allowed errors:
0-9 bp: 0; 10-13 bp: 1

Bases preceding removed adapters:
  A: 15.5%
  C: 11.5%
  G: 26.9%
  T: 46.0%
  none/other: 0.0%

Overview of removed sequences
length	count	expect	max.err	error counts
3	600563	702232.3	0	600563
4	199740	175558.1	0	199740
5	123208	43889.5	0	123208
6	101106	10972.4	0	101106
7	104336	2743.1	0	104336
8	110289	685.8	0	110289
9	83551	171.4	0	82333 1218
10	98052	42.9	1	90935 7117
11	98251	10.7	1	90669 7582
12	108675	2.7	1	100351 8324
13	92857	0.7	1	86105 6752
14	102798	0.7	1	94128 8670
15	95085	0.7	1	87862 7223
16	95476	0.7	1	88743 6733
17	114507	0.7	1	106142 8365
18	86576	0.7	1	80096 6480
19	128924	0.7	1	118871 10053
20	87600	0.7	1	81288 6312
21	96361	0.7	1	90895 5466
22	92129	0.7	1	86166 5963
23	98987	0.7	1	92160 6827
24	261115	0.7	1	243843 17272
25	80640	0.7	1	75902 4738
26	57847	0.7	1	54800 3047
27	45099	0.7	1	41556 3543
28	173736	0.7	1	165283 8453
29	27377	0.7	1	24652 2725
30	169752	0.7	1	161618 8134
31	55202	0.7	1	50486 4716
32	343128	0.7	1	329453 13675
33	108242	0.7	1	102191 6051
34	27317	0.7	1	24528 2789
35	183402	0.7	1	175777 7625
36	58619	0.7	1	54736 3883
37	60807	0.7	1	57154 3653
38	62447	0.7	1	59153 3294
39	60111	0.7	1	56807 3304
40	40207	0.7	1	37705 2502
41	101575	0.7	1	97035 4540
42	158614	0.7	1	152584 6030
43	65789	0.7	1	61885 3904
44	114016	0.7	1	108414 5602
45	247615	0.7	1	240942 6673
46	84901	0.7	1	80113 4788
47	82066	0.7	1	78093 3973
48	192969	0.7	1	186119 6850
49	114574	0.7	1	109820 4754
50	58105	0.7	1	54887 3218
51	219010	0.7	1	211726 7284
52	308871	0.7	1	300159 8712
53	147699	0.7	1	142252 5447
54	141579	0.7	1	135930 5649
55	164751	0.7	1	159556 5195
56	65637	0.7	1	62297 3340
57	113162	0.7	1	108886 4276
58	125579	0.7	1	121157 4422
59	72169	0.7	1	69046 3123
60	44434	0.7	1	42330 2104
61	33099	0.7	1	31458 1641
62	36838	0.7	1	34919 1919
63	42608	0.7	1	40787 1821
64	65328	0.7	1	62638 2690
65	93821	0.7	1	90155 3666
66	112272	0.7	1	108489 3783
67	112535	0.7	1	108780 3755
68	118213	0.7	1	114270 3943
69	126116	0.7	1	121928 4188
70	119620	0.7	1	115481 4139
71	124022	0.7	1	119785 4237
72	127606	0.7	1	123493 4113
73	122755	0.7	1	118848 3907
74	128419	0.7	1	124495 3924
75	139258	0.7	1	135330 3928
76	132448	0.7	1	128594 3854
77	132187	0.7	1	128159 4028
78	135484	0.7	1	131387 4097
79	138541	0.7	1	134458 4083
80	142686	0.7	1	138415 4271
81	148414	0.7	1	144174 4240
82	139613	0.7	1	135558 4055
83	136561	0.7	1	132434 4127
84	141808	0.7	1	137657 4151
85	137226	0.7	1	133324 3902
86	142327	0.7	1	138229 4098
87	146524	0.7	1	142542 3982
88	144117	0.7	1	140150 3967
89	142920	0.7	1	138892 4028
90	153185	0.7	1	149066 4119
91	145837	0.7	1	141989 3848
92	136310	0.7	1	132728 3582
93	142970	0.7	1	139210 3760
94	135309	0.7	1	131780 3529
95	135573	0.7	1	132211 3362
96	136036	0.7	1	132627 3409
97	130163	0.7	1	127013 3150
98	127560	0.7	1	124529 3031
99	136260	0.7	1	132998 3262
100	134667	0.7	1	131590 3077
101	129495	0.7	1	126425 3070
102	121438	0.7	1	118585 2853
103	111576	0.7	1	109036 2540
104	106917	0.7	1	104455 2462
105	109280	0.7	1	106847 2433
106	98353	0.7	1	96167 2186
107	95722	0.7	1	93509 2213
108	92206	0.7	1	90096 2110
109	95122	0.7	1	92997 2125
110	99940	0.7	1	97615 2325
111	110611	0.7	1	108367 2244
112	92805	0.7	1	90784 2021
113	80815	0.7	1	79196 1619
114	73536	0.7	1	71886 1650
115	65635	0.7	1	64169 1466
116	57878	0.7	1	56586 1292
117	54264	0.7	1	53164 1100
118	44670	0.7	1	43679 991
119	43189	0.7	1	42213 976
120	43428	0.7	1	42560 868
121	37560	0.7	1	36836 724
122	27510	0.7	1	26971 539
123	22187	0.7	1	21735 452
124	16010	0.7	1	15650 360
125	11878	0.7	1	11600 278
126	9918	0.7	1	9704 214
127	7661	0.7	1	7489 172
128	6284	0.7	1	6140 144
129	5407	0.7	1	5303 104
130	4523	0.7	1	4406 117
131	5506	0.7	1	5236 270
132	3082	0.7	1	3028 54
133	2245	0.7	1	2204 41
134	1642	0.7	1	1594 48
135	1502	0.7	1	1445 57
136	315	0.7	1	289 26
137	68	0.7	1	53 15
138	37	0.7	1	27 10
139	46	0.7	1	15 31
140	22	0.7	1	13 9
141	46	0.7	1	23 23
142	33	0.7	1	18 15
143	92	0.7	1	72 20
144	74	0.7	1	48 26
145	25	0.7	1	8 17
146	49	0.7	1	14 35
147	52	0.7	1	21 31
148	32	0.7	1	11 21
149	169	0.7	1	68 101
150	5986	0.7	1	1355 4631

