This is cutadapt 1.16 with Python 3.6.4
Command line parameters: -j 2 -a AGATCGGAAGAGC -A AGATCGGAAGAGC --trim-n -m 50 -q 20,20 -o /home1/gyang/work_space/4.ProjectET/batch8_cr/2.cutdata/Morula_Nanog_rep1.R1_cut.fq -p /home1/gyang/work_space/4.ProjectET/batch8_cr/2.cutdata/Morula_Nanog_rep1.R2_cut.fq Morula_Nanog_rep1.R1.fq.gz Morula_Nanog_rep1.R2.fq.gz
Running on 2 cores
Trimming 2 adapters with at most 10.0% errors in paired-end mode ...
Finished in 1283.15 s (27 us/read; 2.25 M reads/minute).

=== Summary ===

Total read pairs processed:         48,186,939
  Read 1 with adapter:              18,358,226 (38.1%)
  Read 2 with adapter:              11,245,810 (23.3%)
Pairs that were too short:           8,320,417 (17.3%)
Pairs written (passing filters):    39,866,522 (82.7%)

Total basepairs processed: 14,456,081,700 bp
  Read 1: 7,228,040,850 bp
  Read 2: 7,228,040,850 bp
Quality-trimmed:              38,041,969 bp (0.3%)
  Read 1:    16,260,690 bp
  Read 2:    21,781,279 bp
Total written (filtered):  11,041,706,038 bp (76.4%)
  Read 1: 5,521,991,882 bp
  Read 2: 5,519,714,156 bp

=== First read: Adapter 1 ===

Sequence: AGATCGGAAGAGC; Type: regular 3'; Length: 13; Trimmed: 18358226 times.

No. of allowed errors:
0-9 bp: 0; 10-13 bp: 1

Bases preceding removed adapters:
  A: 11.5%
  C: 7.9%
  G: 14.6%
  T: 27.1%
  none/other: 39.0%

Overview of removed sequences
length	count	expect	max.err	error counts
3	597186	752920.9	0	597186
4	210339	188230.2	0	210339
5	143200	47057.6	0	143200
6	123665	11764.4	0	123665
7	113737	2941.1	0	113737
8	121149	735.3	0	121149
9	108230	183.8	0	106525 1705
10	109013	46.0	1	104221 4792
11	114572	11.5	1	108416 6156
12	120294	2.9	1	114319 5975
13	107392	0.7	1	102053 5339
14	107711	0.7	1	102224 5487
15	113409	0.7	1	107836 5573
16	104892	0.7	1	99478 5414
17	115168	0.7	1	108938 6230
18	118387	0.7	1	112600 5787
19	105073	0.7	1	100311 4762
20	110966	0.7	1	105626 5340
21	115554	0.7	1	110293 5261
22	105234	0.7	1	100250 4984
23	108681	0.7	1	103679 5002
24	111225	0.7	1	105636 5589
25	105310	0.7	1	100420 4890
26	107212	0.7	1	102223 4989
27	115101	0.7	1	109705 5396
28	110106	0.7	1	104719 5387
29	105999	0.7	1	100808 5191
30	111088	0.7	1	106325 4763
31	100532	0.7	1	96314 4218
32	108135	0.7	1	103479 4656
33	111584	0.7	1	106722 4862
34	107220	0.7	1	101968 5252
35	109877	0.7	1	104146 5731
36	107729	0.7	1	102941 4788
37	102086	0.7	1	97422 4664
38	106779	0.7	1	101159 5620
39	115172	0.7	1	109131 6041
40	107083	0.7	1	101392 5691
41	123053	0.7	1	116278 6775
42	109824	0.7	1	103762 6062
43	184338	0.7	1	177186 7152
44	50950	0.7	1	46529 4421
45	101827	0.7	1	97341 4486
46	258798	0.7	1	249305 9493
47	118876	0.7	1	111632 7244
48	69459	0.7	1	65272 4187
49	174013	0.7	1	168267 5746
50	109127	0.7	1	103033 6094
51	54080	0.7	1	50834 3246
52	142521	0.7	1	138025 4496
53	216863	0.7	1	210001 6862
54	113261	0.7	1	107592 5669
55	102621	0.7	1	98935 3686
56	70282	0.7	1	66926 3356
57	152584	0.7	1	148530 4054
58	40012	0.7	1	37154 2858
59	41280	0.7	1	39109 2171
60	146071	0.7	1	141672 4399
61	75378	0.7	1	71819 3559
62	40211	0.7	1	37940 2271
63	73801	0.7	1	71068 2733
64	170963	0.7	1	165628 5335
65	39862	0.7	1	36302 3560
66	80736	0.7	1	78251 2485
67	84996	0.7	1	82114 2882
68	97716	0.7	1	94631 3085
69	13361	0.7	1	11467 1894
70	7626	0.7	1	6752 874
71	31695	0.7	1	30309 1386
72	62616	0.7	1	60304 2312
73	74327	0.7	1	71331 2996
74	81595	0.7	1	78100 3495
75	89590	0.7	1	85721 3869
76	83683	0.7	1	79997 3686
77	85087	0.7	1	81172 3915
78	83915	0.7	1	80251 3664
79	83355	0.7	1	79349 4006
80	80523	0.7	1	76701 3822
81	84208	0.7	1	80378 3830
82	80442	0.7	1	76919 3523
83	78530	0.7	1	74691 3839
84	83796	0.7	1	79860 3936
85	75492	0.7	1	71985 3507
86	78236	0.7	1	74495 3741
87	81614	0.7	1	77882 3732
88	75739	0.7	1	72157 3582
89	72896	0.7	1	69550 3346
90	77132	0.7	1	73668 3464
91	72475	0.7	1	69063 3412
92	70143	0.7	1	66890 3253
93	72214	0.7	1	68856 3358
94	67456	0.7	1	64371 3085
95	68467	0.7	1	65261 3206
96	68900	0.7	1	65701 3199
97	64477	0.7	1	61576 2901
98	63996	0.7	1	61247 2749
99	63688	0.7	1	60812 2876
100	58554	0.7	1	55842 2712
101	57403	0.7	1	54650 2753
102	59097	0.7	1	56387 2710
103	56153	0.7	1	53540 2613
104	55880	0.7	1	53383 2497
105	58376	0.7	1	55650 2726
106	50001	0.7	1	47785 2216
107	53538	0.7	1	51081 2457
108	50028	0.7	1	47777 2251
109	49207	0.7	1	46827 2380
110	44843	0.7	1	42789 2054
111	49259	0.7	1	46808 2451
112	41603	0.7	1	39608 1995
113	40248	0.7	1	38370 1878
114	39775	0.7	1	37967 1808
115	38769	0.7	1	36924 1845
116	35053	0.7	1	33490 1563
117	33663	0.7	1	32242 1421
118	29747	0.7	1	28492 1255
119	28764	0.7	1	27389 1375
120	26453	0.7	1	25194 1259
121	23551	0.7	1	22460 1091
122	21680	0.7	1	20691 989
123	19840	0.7	1	18929 911
124	16694	0.7	1	15957 737
125	14766	0.7	1	14070 696
126	14763	0.7	1	14184 579
127	12765	0.7	1	12219 546
128	11712	0.7	1	11333 379
129	9757	0.7	1	9445 312
130	8578	0.7	1	8316 262
131	8114	0.7	1	7848 266
132	6255	0.7	1	6070 185
133	4653	0.7	1	4518 135
134	3377	0.7	1	3273 104
135	3198	0.7	1	3100 98
136	596	0.7	1	556 40
137	120	0.7	1	92 28
138	74	0.7	1	42 32
139	70	0.7	1	23 47
140	55	0.7	1	10 45
141	273	0.7	1	203 70
142	208	0.7	1	141 67
143	202	0.7	1	145 57
144	127	0.7	1	45 82
145	180	0.7	1	23 157
146	241	0.7	1	34 207
147	535	0.7	1	36 499
148	2517	0.7	1	24 2493
149	34847	0.7	1	180 34667
150	7145197	0.7	1	24348 7120849

=== Second read: Adapter 2 ===

Sequence: AGATCGGAAGAGC; Type: regular 3'; Length: 13; Trimmed: 11245810 times.

No. of allowed errors:
0-9 bp: 0; 10-13 bp: 1

Bases preceding removed adapters:
  A: 18.8%
  C: 12.7%
  G: 23.4%
  T: 44.7%
  none/other: 0.3%

Overview of removed sequences
length	count	expect	max.err	error counts
3	599579	752920.9	0	599579
4	211062	188230.2	0	211062
5	143640	47057.6	0	143640
6	121361	11764.4	0	121361
7	116838	2941.1	0	116838
8	129621	735.3	0	129621
9	95157	183.8	0	93489 1668
10	112470	46.0	1	105026 7444
11	112480	11.5	1	104828 7652
12	122468	2.9	1	113950 8518
13	105516	0.7	1	98755 6761
14	114924	0.7	1	106328 8596
15	106518	0.7	1	99528 6990
16	106745	0.7	1	100005 6740
17	129728	0.7	1	121222 8506
18	96875	0.7	1	90509 6366
19	147003	0.7	1	136853 10150
20	93050	0.7	1	87176 5874
21	105548	0.7	1	100544 5004
22	102577	0.7	1	96843 5734
23	108826	0.7	1	102575 6251
24	273399	0.7	1	257458 15941
25	89160	0.7	1	84621 4539
26	63042	0.7	1	60368 2674
27	48581	0.7	1	45468 3113
28	186106	0.7	1	178243 7863
29	29258	0.7	1	26997 2261
30	177639	0.7	1	170236 7403
31	55185	0.7	1	51514 3671
32	349025	0.7	1	336648 12377
33	104031	0.7	1	98889 5142
34	26162	0.7	1	24007 2155
35	191652	0.7	1	184475 7177
36	59022	0.7	1	55810 3212
37	58925	0.7	1	55823 3102
38	59605	0.7	1	56869 2736
39	59399	0.7	1	56331 3068
40	39896	0.7	1	37848 2048
41	101016	0.7	1	97134 3882
42	151685	0.7	1	146539 5146
43	63629	0.7	1	60542 3087
44	108615	0.7	1	104129 4486
45	221317	0.7	1	215778 5539
46	79547	0.7	1	75647 3900
47	76735	0.7	1	73655 3080
48	174258	0.7	1	168828 5430
49	103354	0.7	1	99412 3942
50	50750	0.7	1	48496 2254
51	182459	0.7	1	177214 5245
52	269099	0.7	1	262498 6601
53	128013	0.7	1	123993 4020
54	120205	0.7	1	115989 4216
55	138569	0.7	1	134596 3973
56	53963	0.7	1	51644 2319
57	96643	0.7	1	93474 3169
58	100918	0.7	1	97755 3163
59	58380	0.7	1	56023 2357
60	34908	0.7	1	33460 1448
61	25043	0.7	1	23875 1168
62	27550	0.7	1	26248 1302
63	32790	0.7	1	31588 1202
64	51007	0.7	1	49234 1773
65	73645	0.7	1	71133 2512
66	86295	0.7	1	83732 2563
67	87559	0.7	1	85211 2348
68	87405	0.7	1	84959 2446
69	93890	0.7	1	91247 2643
70	84224	0.7	1	81648 2576
71	87033	0.7	1	84470 2563
72	89718	0.7	1	87094 2624
73	84055	0.7	1	81712 2343
74	85061	0.7	1	82871 2190
75	90844	0.7	1	88688 2156
76	83000	0.7	1	80877 2123
77	84495	0.7	1	82272 2223
78	84672	0.7	1	82376 2296
79	83113	0.7	1	80864 2249
80	80620	0.7	1	78595 2025
81	84613	0.7	1	82534 2079
82	79490	0.7	1	77421 2069
83	78018	0.7	1	75940 2078
84	83389	0.7	1	81172 2217
85	75249	0.7	1	73333 1916
86	78600	0.7	1	76517 2083
87	81779	0.7	1	79653 2126
88	76096	0.7	1	74205 1891
89	72936	0.7	1	71137 1799
90	75589	0.7	1	73644 1945
91	69199	0.7	1	67511 1688
92	69184	0.7	1	67532 1652
93	72300	0.7	1	70645 1655
94	67284	0.7	1	65734 1550
95	68523	0.7	1	67007 1516
96	69031	0.7	1	67554 1477
97	64485	0.7	1	63120 1365
98	64094	0.7	1	62766 1328
99	64153	0.7	1	62871 1282
100	59160	0.7	1	57972 1188
101	57895	0.7	1	56771 1124
102	59953	0.7	1	58645 1308
103	56346	0.7	1	55254 1092
104	56354	0.7	1	55156 1198
105	58887	0.7	1	57696 1191
106	50382	0.7	1	49375 1007
107	53914	0.7	1	52797 1117
108	50222	0.7	1	49259 963
109	49402	0.7	1	48356 1046
110	45010	0.7	1	44113 897
111	49792	0.7	1	48827 965
112	42128	0.7	1	41263 865
113	40738	0.7	1	39971 767
114	40265	0.7	1	39488 777
115	38850	0.7	1	38158 692
116	35312	0.7	1	34722 590
117	33721	0.7	1	33159 562
118	30009	0.7	1	29426 583
119	29175	0.7	1	28634 541
120	26728	0.7	1	26216 512
121	23726	0.7	1	23361 365
122	21832	0.7	1	21486 346
123	20007	0.7	1	19693 314
124	16923	0.7	1	16628 295
125	14893	0.7	1	14639 254
126	14833	0.7	1	14551 282
127	12849	0.7	1	12636 213
128	11785	0.7	1	11619 166
129	9794	0.7	1	9652 142
130	8547	0.7	1	8415 132
131	8085	0.7	1	7868 217
132	6238	0.7	1	6113 125
133	4643	0.7	1	4578 65
134	3376	0.7	1	3287 89
135	3199	0.7	1	3120 79
136	604	0.7	1	565 39
137	118	0.7	1	96 22
138	71	0.7	1	49 22
139	56	0.7	1	21 35
140	36	0.7	1	14 22
141	256	0.7	1	239 17
142	169	0.7	1	136 33
143	225	0.7	1	209 16
144	98	0.7	1	79 19
145	55	0.7	1	25 30
146	76	0.7	1	41 35
147	51	0.7	1	29 22
148	75	0.7	1	23 52
149	734	0.7	1	351 383
150	36046	0.7	1	25330 10716

