
	Position file = CP_EPI_E6-5_Sox2_rep1_peaks.narrowPeak
	Genome = mm10
	Output Directory = CP_EPI_E6-5_Sox2_rep1_peakAnalysis
	Using actual sizes of regions (-size given)
	Fragment size set to given
	Using 10 CPUs
	Motif length set at 8,
	Found mset for "mouse", will check against vertebrates motifs
	Peak/BED file conversion summary:
		BED/Header formatted lines: 2326
		peakfile formatted lines: 0

	Peak File Statistics:
		Total Peaks: 2326
		Redundant Peak IDs: 0
		Peaks lacking information: 0 (need at least 5 columns per peak)
		Peaks with misformatted coordinates: 0 (should be integer)
		Peaks with misformatted strand: 0 (should be either +/- or 0/1)

	Peak file looks good!

	Background fragment size set to 424 (avg size of targets)
	Could not find background files for 424 bp fragments
	Below are the sizes that are already available prepared.
		200
		342
		420
		444
		463
		534
		536
		539
		566
		570
		590
		603
		624
		644
		648
		671
		674
		703
		724
		998
		999
		1078
		1142
		1222
		1249
		1259
		1262
		1288
		1376
		1455
		1619
		1925
		1959
		2017
		2116
		2151
		2488
		2499
		7879
		7974
	HOMER will now create background files for 424 bp fragments
	To CANCEL and rerun with a differet "-size <#>", hit <CTRL+C> now!
		5
		4
		3
		2
		1
	Preparsing genome for 424 bp fragments...(will probably take 1-5 min)
	preparse size set to 424

	By default, using /usr/local/software/homer/.//data/genomes/mm10//mm10.tss for reference positions
	Output files will be placed in /usr/local/software/homer/.//data/genomes/mm10//preparsed//mm10.424.* ...
	By default, HOMER will set the the preparsed Directory to be group read/write
chmod: changing permissions of ‘/usr/local/software/homer/.//data/genomes/mm10//preparsed/’: Operation not permitted
	Extracting sequences

	Extracting sequences from directory: /usr/local/software/homer/.//data/genomes/mm10//
	Extracting 80729 sequences from chr1
	Extracting 97391 sequences from chr2
	Extracting 65742 sequences from chr3
	Extracting 73784 sequences from chr4
	Extracting 76143 sequences from chr5
	Extracting 72152 sequences from chr6
	Extracting 90982 sequences from chr7
	Extracting 55977 sequences from chr8
	Extracting 67790 sequences from chr9
	Extracting 61938 sequences from chr10
	Extracting 73755 sequences from chr11
	Extracting 45613 sequences from chr12
	Extracting 53619 sequences from chr13
	Extracting 49476 sequences from chr14
	Extracting 45988 sequences from chr15
	Extracting 42875 sequences from chr16
	Extracting 51427 sequences from chr17
	Extracting 36902 sequences from chr18
	Extracting 35527 sequences from chr19
	Extracting 69788 sequences from chrX
	Extracting 10042 sequences from chrY
	Extracting 110 sequences from chr1_GL456211_random
	Extracting 200 sequences from chr1_GL456221_random
	Extracting 67 sequences from chr4_GL456216_random
	Extracting 271 sequences from chr4_GL456350_random
	Extracting 56 sequences from chr4_JH584292_random
	Extracting 180 sequences from chr4_JH584293_random
	Extracting 176 sequences from chr4_JH584294_random
	Extracting 219 sequences from chr5_GL456354_random
	Extracting 93 sequences from chr5_JH584296_random
	Extracting 102 sequences from chr5_JH584297_random
	Extracting 186 sequences from chr5_JH584298_random
	Extracting 441 sequences from chr5_JH584299_random
	Extracting 158 sequences from chr7_GL456219_random
	Extracting 102 sequences from chrUn_JH584304
	Extracting 320 sequences from chrX_GL456233_random
		3177 of 1260166 removed because they had >70.00% Ns (i.e. masked repeats)

	Sequences processed:
		Auto detected maximum sequence length of 425 bp
		100000
		200000
		300000
		400000
		500000
		600000
		700000
		800000
		900000
		1000000
		1100000
		1200000
		1256989 total

	Frequency Bins: 0.01 0.02 0.03 0.04 0.05 0.06 0.08 0.1 0.12 0.14 0.16
	Freq	Bin	Count
	0.01	0	810395
	0.02	1	302042
	0.03	2	79196
	0.04	3	23289
	0.05	4	11992
	0.06	5	5912
	0.08	6	8748
	0.1	7	6854
	0.12	8	4083
	0.14	9	2693
	0.16	10	1211
	11	11	574
	Frequency Bins: 0.2 0.25 0.3 0.35 0.4 0.45 0.5 0.6 0.7 0.8
	Freq	Bin	Count
	0.2	0	126
	0.25	1	2088
	0.3	2	21938
	0.35	3	99572
	0.4	4	251533
	0.45	5	359454
	0.5	6	297496
	0.6	7	194025
	0.7	8	23413
	0.8	9	6840
	10	10	504


	Extracting sequences from directory: /usr/local/software/homer/.//data/genomes/mm10//
	Extracting 173 sequences from chr1
	Extracting 167 sequences from chr2
	Extracting 117 sequences from chr3
	Extracting 152 sequences from chr4
	Extracting 163 sequences from chr5
	Extracting 122 sequences from chr6
	Extracting 161 sequences from chr7
	Extracting 145 sequences from chr8
	Extracting 115 sequences from chr9
	Extracting 121 sequences from chr10
	Extracting 158 sequences from chr11
	Extracting 98 sequences from chr12
	Extracting 86 sequences from chr13
	Extracting 87 sequences from chr14
	Extracting 92 sequences from chr15
	Extracting 61 sequences from chr16
	Extracting 117 sequences from chr17
	Extracting 68 sequences from chr18
	Extracting 71 sequences from chr19
	Extracting 46 sequences from chrX
	Extracting 3 sequences from chrY
	Extracting 3 sequences from chrM

	Not removing redundant sequences


	Sequences processed:
		Auto detected maximum sequence length of 606 bp
		2326 total

	Frequency Bins: 0.2 0.25 0.3 0.35 0.4 0.45 0.5 0.6 0.7 0.8
	Freq	Bin	Count
	0.3	2	5
	0.35	3	43
	0.4	4	220
	0.45	5	358
	0.5	6	363
	0.6	7	676
	0.7	8	523
	0.8	9	137
	10	10	1

	Total sequences set to 50000

	Choosing background that matches in CpG/GC content...
	Bin	# Targets	# Background	Background Weight
	2	5	102	1.005
	3	43	881	1.000
	4	220	4509	1.000
	5	358	7338	1.000
	6	363	7440	1.000
	7	676	13855	1.000
	8	523	10719	1.000
	9	137	2808	1.000
	10	1	20	1.025
	Assembling sequence file...
	Normalizing lower order oligos using homer2

	Reading input files...
	49998 total sequences read
	Autonormalization: 1-mers (4 total)
		A	23.44%	23.82%	0.984
		C	26.56%	26.18%	1.014
		G	26.56%	26.18%	1.014
		T	23.44%	23.82%	0.984
	Autonormalization: 2-mers (16 total)
		AA	6.68%	6.22%	1.073
		CA	6.62%	7.30%	0.906
		GA	6.19%	6.25%	0.990
		TA	3.92%	4.02%	0.977
		AC	4.86%	5.14%	0.944
		CC	8.49%	8.06%	1.053
		GC	7.07%	6.74%	1.048
		TC	6.19%	6.25%	0.990
		AG	7.49%	7.78%	0.963
		CG	3.96%	3.06%	1.293
		GG	8.49%	8.06%	1.053
		TG	6.62%	7.30%	0.906
		AT	4.43%	4.66%	0.952
		CT	7.49%	7.78%	0.963
		GT	4.86%	5.14%	0.944
		TT	6.68%	6.22%	1.073
	Autonormalization: 3-mers (64 total)
	Normalization weights can be found in file: CP_EPI_E6-5_Sox2_rep1_peakAnalysis/seq.autonorm.tsv
	Converging on autonormalization solution:
	...............................................................................
	Final normalization:	Autonormalization: 1-mers (4 total)
		A	23.44%	23.42%	1.001
		C	26.56%	26.58%	0.999
		G	26.56%	26.58%	0.999
		T	23.44%	23.42%	1.001
	Autonormalization: 2-mers (16 total)
		AA	6.68%	6.54%	1.022
		CA	6.62%	6.74%	0.982
		GA	6.19%	6.19%	0.999
		TA	3.92%	3.95%	0.994
		AC	4.86%	4.88%	0.995
		CC	8.49%	8.41%	1.009
		GC	7.07%	7.09%	0.996
		TC	6.19%	6.19%	0.999
		AG	7.49%	7.51%	0.997
		CG	3.96%	3.93%	1.008
		GG	8.49%	8.41%	1.009
		TG	6.62%	6.74%	0.982
		AT	4.43%	4.49%	0.987
		CT	7.49%	7.51%	0.997
		GT	4.86%	4.88%	0.995
		TT	6.68%	6.54%	1.022
	Autonormalization: 3-mers (64 total)
	Finished preparing sequence/group files

	----------------------------------------------------------
	Known motif enrichment

	Reading input files...
	49998 total sequences read
	414 motifs loaded
	Cache length = 11180
	Using binomial scoring
	Checking enrichment of 414 motif(s)
	|0%                                    50%                                  100%|
	=================================================================================
	Preparing HTML output with sequence logos...
		1 of 414 (1e-142) GFX(?)/Promoter/Homer
		2 of 414 (1e-113) Sox2(HMG)/mES-Sox2-ChIP-Seq(GSE11431)/Homer
		3 of 414 (1e-107) ZBTB33(Zf)/GM12878-ZBTB33-ChIP-Seq(GSE32465)/Homer
		4 of 414 (1e-82) Sox17(HMG)/Endoderm-Sox17-ChIP-Seq(GSE61475)/Homer
		5 of 414 (1e-80) Sox15(HMG)/CPA-Sox15-ChIP-Seq(GSE62909)/Homer
		6 of 414 (1e-76) Sox3(HMG)/NPC-Sox3-ChIP-Seq(GSE33059)/Homer
		7 of 414 (1e-69) Sox6(HMG)/Myotubes-Sox6-ChIP-Seq(GSE32627)/Homer
		8 of 414 (1e-60) Sox10(HMG)/SciaticNerve-Sox3-ChIP-Seq(GSE35132)/Homer
		9 of 414 (1e-56) Sox4(HMG)/proB-Sox4-ChIP-Seq(GSE50066)/Homer
		10 of 414 (1e-33) OCT:OCT(POU,Homeobox,IR1)/NPC-Brn2-ChIP-Seq(GSE35496)/Homer
		11 of 414 (1e-32) Sp1(Zf)/Promoter/Homer
		12 of 414 (1e-31) KLF3(Zf)/MEF-Klf3-ChIP-Seq(GSE44748)/Homer
		13 of 414 (1e-30) OCT4-SOX2-TCF-NANOG(POU,Homeobox,HMG)/mES-Oct4-ChIP-Seq(GSE11431)/Homer
		14 of 414 (1e-29) Sp5(Zf)/mES-Sp5.Flag-ChIP-Seq(GSE72989)/Homer
		15 of 414 (1e-23) LEF1(HMG)/H1-LEF1-ChIP-Seq(GSE64758)/Homer
		16 of 414 (1e-23) Zfp281(Zf)/ES-Zfp281-ChIP-Seq(GSE81042)/Homer
		17 of 414 (1e-23) Sox9(HMG)/Limb-SOX9-ChIP-Seq(GSE73225)/Homer
		18 of 414 (1e-22) Sp2(Zf)/HEK293-Sp2.eGFP-ChIP-Seq(Encode)/Homer
		19 of 414 (1e-21) Unknown-ESC-element(?)/mES-Nanog-ChIP-Seq(GSE11724)/Homer
		20 of 414 (1e-21) Zic(Zf)/Cerebellum-ZIC1.2-ChIP-Seq(GSE60731)/Homer
		21 of 414 (1e-21) Klf9(Zf)/GBM-Klf9-ChIP-Seq(GSE62211)/Homer
		22 of 414 (1e-19) Zic3(Zf)/mES-Zic3-ChIP-Seq(GSE37889)/Homer
		23 of 414 (1e-19) KLF6(Zf)/PDAC-KLF6-ChIP-Seq(GSE64557)/Homer
		24 of 414 (1e-18) Brn2(POU,Homeobox)/NPC-Brn2-ChIP-Seq(GSE35496)/Homer
		25 of 414 (1e-17) Klf4(Zf)/mES-Klf4-ChIP-Seq(GSE11431)/Homer
		26 of 414 (1e-15) KLF5(Zf)/LoVo-KLF5-ChIP-Seq(GSE49402)/Homer
		27 of 414 (1e-14) KLF14(Zf)/HEK293-KLF14.GFP-ChIP-Seq(GSE58341)/Homer
		28 of 414 (1e-14) TEAD4(TEA)/Tropoblast-Tead4-ChIP-Seq(GSE37350)/Homer
		29 of 414 (1e-13) Maz(Zf)/HepG2-Maz-ChIP-Seq(GSE31477)/Homer
		30 of 414 (1e-12) TEAD1(TEAD)/HepG2-TEAD1-ChIP-Seq(Encode)/Homer
		31 of 414 (1e-12) Oct6(POU,Homeobox)/NPC-Pou3f1-ChIP-Seq(GSE35496)/Homer
		32 of 414 (1e-11) Ronin(THAP)/ES-Thap11-ChIP-Seq(GSE51522)/Homer
		33 of 414 (1e-10) Brn1(POU,Homeobox)/NPC-Brn1-ChIP-Seq(GSE35496)/Homer
		34 of 414 (1e-10) TEAD(TEA)/Fibroblast-PU.1-ChIP-Seq(Unpublished)/Homer
		35 of 414 (1e-9) Oct4(POU,Homeobox)/mES-Oct4-ChIP-Seq(GSE11431)/Homer
		36 of 414 (1e-8) Tcf3(HMG)/mES-Tcf3-ChIP-Seq(GSE11724)/Homer
		37 of 414 (1e-8) TEAD2(TEA)/Py2T-Tead2-ChIP-Seq(GSE55709)/Homer
		38 of 414 (1e-7) Oct2(POU,Homeobox)/Bcell-Oct2-ChIP-Seq(GSE21512)/Homer
		39 of 414 (1e-7) Elk4(ETS)/Hela-Elk4-ChIP-Seq(GSE31477)/Homer
		40 of 414 (1e-7) Lhx3(Homeobox)/Neuron-Lhx3-ChIP-Seq(GSE31456)/Homer
		41 of 414 (1e-7) NFY(CCAAT)/Promoter/Homer
		42 of 414 (1e-6) GFY(?)/Promoter/Homer
		43 of 414 (1e-6) FOXP1(Forkhead)/H9-FOXP1-ChIP-Seq(GSE31006)/Homer
		44 of 414 (1e-6) TEAD3(TEA)/HepG2-TEAD3-ChIP-Seq(Encode)/Homer
		45 of 414 (1e-6) ZFX(Zf)/mES-Zfx-ChIP-Seq(GSE11431)/Homer
		46 of 414 (1e-6) Tcf7(HMG)/GM12878-TCF7-ChIP-Seq(Encode)/Homer
		47 of 414 (1e-5) Tbx21(T-box)/GM12878-TBX21-ChIP-Seq(Encode)/Homer
		48 of 414 (1e-5) Lhx1(Homeobox)/EmbryoCarcinoma-Lhx1-ChIP-Seq(GSE70957)/Homer
		49 of 414 (1e-5) PBX1(Homeobox)/MCF7-PBX1-ChIP-Seq(GSE28007)/Homer
		50 of 414 (1e-5) GFY-Staf(?,Zf)/Promoter/Homer
		51 of 414 (1e-5) Lhx2(Homeobox)/HFSC-Lhx2-ChIP-Seq(GSE48068)/Homer
		52 of 414 (1e-5) KLF10(Zf)/HEK293-KLF10.GFP-ChIP-Seq(GSE58341)/Homer
		53 of 414 (1e-5) ZNF711(Zf)/SHSY5Y-ZNF711-ChIP-Seq(GSE20673)/Homer
		54 of 414 (1e-5) TCFL2(HMG)/K562-TCF7L2-ChIP-Seq(GSE29196)/Homer
		55 of 414 (1e-5) E2F4(E2F)/K562-E2F4-ChIP-Seq(GSE31477)/Homer
		56 of 414 (1e-5) NFkB-p65(RHD)/GM12787-p65-ChIP-Seq(GSE19485)/Homer
		57 of 414 (1e-5) Pit1+1bp(Homeobox)/GCrat-Pit1-ChIP-Seq(GSE58009)/Homer
		58 of 414 (1e-5) STAT6(Stat)/CD4-Stat6-ChIP-Seq(GSE22104)/Homer
		59 of 414 (1e-5) FOXK2(Forkhead)/U2OS-FOXK2-ChIP-Seq(E-MTAB-2204)/Homer
		60 of 414 (1e-5) Dlx3(Homeobox)/Kerainocytes-Dlx3-ChIP-Seq(GSE89884)/Homer
		61 of 414 (1e-5) Otx2(Homeobox)/EpiLC-Otx2-ChIP-Seq(GSE56098)/Homer
		62 of 414 (1e-5) Elk1(ETS)/Hela-Elk1-ChIP-Seq(GSE31477)/Homer
		63 of 414 (1e-4) ELF1(ETS)/Jurkat-ELF1-ChIP-Seq(SRA014231)/Homer
		64 of 414 (1e-4) Nkx6.1(Homeobox)/Islet-Nkx6.1-ChIP-Seq(GSE40975)/Homer
		65 of 414 (1e-4) Fli1(ETS)/CD8-FLI-ChIP-Seq(GSE20898)/Homer
		66 of 414 (1e-4) Pknox1(Homeobox)/ES-Prep1-ChIP-Seq(GSE63282)/Homer
		67 of 414 (1e-4) MYNN(Zf)/HEK293-MYNN.eGFP-ChIP-Seq(Encode)/Homer
		68 of 414 (1e-4) STAT6(Stat)/Macrophage-Stat6-ChIP-Seq(GSE38377)/Homer
		69 of 414 (1e-4) Tbet(T-box)/CD8-Tbet-ChIP-Seq(GSE33802)/Homer
		70 of 414 (1e-4) Brachyury(T-box)/Mesoendoderm-Brachyury-ChIP-exo(GSE54963)/Homer
		71 of 414 (1e-4) ETS(ETS)/Promoter/Homer
		72 of 414 (1e-4) Tbr1(T-box)/Cortex-Tbr1-ChIP-Seq(GSE71384)/Homer
		73 of 414 (1e-4) X-box(HTH)/NPC-H3K4me1-ChIP-Seq(GSE16256)/Homer
		74 of 414 (1e-4) RFX(HTH)/K562-RFX3-ChIP-Seq(SRA012198)/Homer
		75 of 414 (1e-4) CRX(Homeobox)/Retina-Crx-ChIP-Seq(GSE20012)/Homer
		76 of 414 (1e-4) WT1(Zf)/Kidney-WT1-ChIP-Seq(GSE90016)/Homer
		77 of 414 (1e-4) Eomes(T-box)/H9-Eomes-ChIP-Seq(GSE26097)/Homer
		78 of 414 (1e-4) E2F7(E2F)/Hela-E2F7-ChIP-Seq(GSE32673)/Homer
		79 of 414 (1e-4) Foxa2(Forkhead)/Liver-Foxa2-ChIP-Seq(GSE25694)/Homer
		80 of 414 (1e-3) Isl1(Homeobox)/Neuron-Isl1-ChIP-Seq(GSE31456)/Homer
		81 of 414 (1e-3) Pbx3(Homeobox)/GM12878-PBX3-ChIP-Seq(GSE32465)/Homer
		82 of 414 (1e-3) Atf4(bZIP)/MEF-Atf4-ChIP-Seq(GSE35681)/Homer
		83 of 414 (1e-3) GABPA(ETS)/Jurkat-GABPa-ChIP-Seq(GSE17954)/Homer
		84 of 414 (1e-3) Rfx2(HTH)/LoVo-RFX2-ChIP-Seq(GSE49402)/Homer
		85 of 414 (1e-3) PAX3:FKHR-fusion(Paired,Homeobox)/Rh4-PAX3:FKHR-ChIP-Seq(GSE19063)/Homer
		86 of 414 (1e-3) GATA(Zf),IR4/iTreg-Gata3-ChIP-Seq(GSE20898)/Homer
		87 of 414 (1e-3) Tbx6(T-box)/ESC-Tbx6-ChIP-Seq(GSE93524)/Homer
		88 of 414 (1e-3) ZNF143|STAF(Zf)/CUTLL-ZNF143-ChIP-Seq(GSE29600)/Homer
		89 of 414 (1e-3) NFkB-p65-Rel(RHD)/ThioMac-LPS-Expression(GSE23622)/Homer
		90 of 414 (1e-2) ETV4(ETS)/HepG2-ETV4-ChIP-Seq(ENCODE)/Homer
		91 of 414 (1e-2) OCT:OCT(POU,Homeobox)/NPC-Brn1-ChIP-Seq(GSE35496)/Homer
		92 of 414 (1e-2) Foxo3(Forkhead)/U2OS-Foxo3-ChIP-Seq(E-MTAB-2701)/Homer
		93 of 414 (1e-2) EWS:FLI1-fusion(ETS)/SK_N_MC-EWS:FLI1-ChIP-Seq(SRA014231)/Homer
		94 of 414 (1e-2) EKLF(Zf)/Erythrocyte-Klf1-ChIP-Seq(GSE20478)/Homer
		95 of 414 (1e-2) ZNF652/HepG2-ZNF652.Flag-ChIP-Seq(Encode)/Homer
		96 of 414 (1e-2) ZNF467(Zf)/HEK293-ZNF467.GFP-ChIP-Seq(GSE58341)/Homer
		97 of 414 (1e-2) NRF1(NRF)/MCF7-NRF1-ChIP-Seq(Unpublished)/Homer
		98 of 414 (1e-2) E2F(E2F)/Hela-CellCycle-Expression/Homer
		99 of 414 (1e-2) NRF(NRF)/Promoter/Homer
		100 of 414 (1e-2) YY1(Zf)/Promoter/Homer
		101 of 414 (1e-2) GSC(Homeobox)/FrogEmbryos-GSC-ChIP-Seq(DRA000576)/Homer
		102 of 414 (1e-2) Tbox:Smad(T-box,MAD)/ESCd5-Smad2_3-ChIP-Seq(GSE29422)/Homer
		103 of 414 (1e-2) IRF4(IRF)/GM12878-IRF4-ChIP-Seq(GSE32465)/Homer
		104 of 414 (1e-2) Foxh1(Forkhead)/hESC-FOXH1-ChIP-Seq(GSE29422)/Homer
		105 of 414 (1e-2) FOXK1(Forkhead)/HEK293-FOXK1-ChIP-Seq(GSE51673)/Homer
		106 of 414 (1e-2) CRE(bZIP)/Promoter/Homer
		107 of 414 (1e-2) CEBP(bZIP)/ThioMac-CEBPb-ChIP-Seq(GSE21512)/Homer
	----------------------------------------------------------
	De novo motif finding (HOMER)

	Scanning input files...
	Parsing sequences...
	|0%                                   50%                                  100%|
	================================================================================
	Total number of Oligos: 32896
	Autoadjustment for sequence coverage in background: 1.17x

	Oligos: 32896 of 34497 max
	Tree  : 66976 of 172485 max
	Optimizing memory usage...
	Cache length = 11180
	Using binomial scoring

	Global Optimization Phase: Looking for enriched oligos with up to 2 mismatches...

	Screening oligos 32896 (allowing 0 mismatches):
	|0%                                   50%                                  100%|
	================================================================================
		0.22% skipped, 99.78% checked (32824 of 32896), of those checked:
		0.22% not in target, 0.00% increased p-value, 0.00% high p-value

	Screening oligos 32896 (allowing 1 mismatches):
	|0%                                   50%                                  100%|
	================================================================================
		0.22% skipped, 99.78% checked (32824 of 32896), of those checked:
		0.00% not in target, 39.94% increased p-value, 53.38% high p-value

	Screening oligos 32896 (allowing 2 mismatches):
	|0%                                   50%                                  100%|
	================================================================================
		63.90% skipped, 36.10% checked (11876 of 32896), of those checked:
		0.00% not in target, 27.34% increased p-value, 0.00% high p-value
	Reading input files...
	49998 total sequences read
	Cache length = 11180
	Using binomial scoring

	Local Optimization Phase:
	1 of 25 Initial Sequence: TCTCGCGA... (-458.138)
		Round 1: -507.32 TCTCGCGA T:314.7(12.63%),B:516.9(0.95%),P:1e-220
		Round 2: -507.32 TCTCGCGA T:314.7(12.63%),B:516.9(0.95%),P:1e-220
		=Final=: -310.17 TCTCGCGA T:184.0(7.91%),B:285.5(0.62%),P:1e-134
		Performing exhaustive masking of motif...
		Reprioritizing potential motifs...
	2 of 25 Initial Sequence: AACAATGG... (-115.371)
		Round 1: -309.43 AACAAWGG T:1189.1(40.03%),B:10780.1(18.06%),P:1e-134
		Round 2: -309.43 AACAAWGG T:1189.1(40.03%),B:10780.1(18.06%),P:1e-134
		=Final=: -245.98 AACAAWGG T:878.0(37.75%),B:8480.0(18.29%),P:1e-106
		Performing exhaustive masking of motif...
		Reprioritizing potential motifs...
	3 of 25 Initial Sequence: AATCCCGC... (-58.294)
		Round 1: -84.33 AATCCCGC T:685.6(25.51%),B:8970.0(15.27%),P:1e-36
		Round 2: -84.33 AATCCCGC T:685.6(25.51%),B:8970.0(15.27%),P:1e-36
		=Final=: -83.56 AATCCCGC T:386.0(16.60%),B:3906.7(8.43%),P:1e-36
		Performing exhaustive masking of motif...
		Reprioritizing potential motifs...
	4 of 25 Initial Sequence: GCATTACA... (-48.334)
		Round 1: -50.94 GCATTACA T:842.4(30.38%),B:13202.4(21.64%),P:1e-22
		Round 2: -73.61 GCATTACT T:130.9(5.44%),B:836.9(1.53%),P:1e-31
		Round 3: -73.61 GCATTACT T:130.9(5.44%),B:836.9(1.53%),P:1e-31
		=Final=: -61.56 GCATTACT T:126.0(5.42%),B:812.2(1.75%),P:1e-26
		Performing exhaustive masking of motif...
		Reprioritizing potential motifs...
	5 of 25 Initial Sequence: AGGGGCGT... (-46.359)
		Round 1: -69.64 AGGGGCGT T:1378.3(44.71%),B:21800.9(33.15%),P:1e-30
		Round 2: -72.14 AGGGGBKT T:975.9(34.25%),B:14461.4(23.44%),P:1e-31
		Round 3: -72.14 AGGGGBKT T:975.9(34.25%),B:14461.4(23.44%),P:1e-31
		=Final=: -44.65 AGGGGBKT T:695.0(29.88%),B:10088.8(21.76%),P:1e-19
		Performing exhaustive masking of motif...
		Reprioritizing potential motifs...
	6 of 25 Initial Sequence: GTTACACT... (-42.463)
		Round 1: -50.54 GYTACAYT T:127.7(5.31%),B:1050.9(1.92%),P:1e-21
		Round 2: -50.54 GYTACAYT T:127.7(5.31%),B:1050.9(1.92%),P:1e-21
		=Final=: -31.62 GYTACAYT T:114.0(4.90%),B:1028.0(2.22%),P:1e-13
		Performing exhaustive masking of motif...
		Reprioritizing potential motifs...
	7 of 25 Initial Sequence: CATATTAG... (-41.797)
		Round 1: -48.88 CTAATTAG T:208.1(8.56%),B:2251.7(4.07%),P:1e-21
		Round 2: -54.09 CCAATTAG T:157.0(6.49%),B:1386.5(2.53%),P:1e-23
		Round 3: -54.09 CCAATTAG T:157.0(6.49%),B:1386.5(2.53%),P:1e-23
		=Final=: -59.34 CCAATTAG T:170.0(7.31%),B:1352.7(2.92%),P:1e-25
		Performing exhaustive masking of motif...
		Reprioritizing potential motifs...
	8 of 25 Initial Sequence: GAATTCCG... (-38.361)
		Round 1: -72.46 GAATTCCG T:776.6(28.37%),B:10957.6(18.32%),P:1e-31
		Round 2: -77.63 GAATTCCK T:551.0(21.10%),B:6973.9(12.09%),P:1e-33
		Round 3: -93.04 GAATTCHT T:699.8(25.96%),B:8899.2(15.16%),P:1e-40
		Round 4: -93.04 GAATTCHT T:699.8(25.96%),B:8899.2(15.16%),P:1e-40
		=Final=: -36.95 GAATTCHT T:251.0(10.79%),B:2896.5(6.25%),P:1e-16
		Performing exhaustive masking of motif...
		Reprioritizing potential motifs...
	9 of 25 Initial Sequence: TGATTGGC... (-36.219)
		Round 1: -59.46 TGATTGGC T:441.8(17.27%),B:5722.7(10.03%),P:1e-25
		Round 2: -67.34 TGATTRGC T:674.0(25.13%),B:9400.0(15.94%),P:1e-29
		Round 3: -67.34 TGATTRGC T:674.0(25.13%),B:9400.0(15.94%),P:1e-29
		=Final=: -49.48 TGATTRGC T:599.0(25.75%),B:8217.9(17.73%),P:1e-21
		Performing exhaustive masking of motif...
		Reprioritizing potential motifs...
	10 of 25 Initial Sequence: AGAATTTA... (-33.900)
		Round 1: -33.90 AGAATTTA T:87.2(3.67%),B:743.1(1.36%),P:1e-14
		Round 2: -33.90 AGAATTTA T:87.2(3.67%),B:743.1(1.36%),P:1e-14
		=Final=: -29.49 AGAATTTA T:88.0(3.78%),B:723.8(1.56%),P:1e-12
		Performing exhaustive masking of motif...
		Reprioritizing potential motifs...
	11 of 25 Initial Sequence: CAAATGGA... (-32.439)
		Round 1: -43.64 CAAATGGA T:238.0(9.69%),B:2822.0(5.08%),P:1e-18
		Round 2: -43.64 CAAATGGA T:238.0(9.69%),B:2822.0(5.08%),P:1e-18
		=Final=: -33.36 CAAATGGA T:233.0(10.02%),B:2713.0(5.85%),P:1e-14
		Performing exhaustive masking of motif...
		Reprioritizing potential motifs...
	12 of 25 Initial Sequence: CTACGCCT... (-29.308)
		Round 1: -61.67 CTACGCCT T:1138.4(38.70%),B:17987.4(28.27%),P:1e-26
		Round 2: -61.67 CTACGCCT T:1138.4(38.70%),B:17987.4(28.27%),P:1e-26
		=Final=: -40.21 CTACGCCT T:367.0(15.78%),B:4638.6(10.01%),P:1e-17
		Performing exhaustive masking of motif...
		Reprioritizing potential motifs...
	13 of 25 Initial Sequence: CCTATTCA... (-28.322)
		Round 1: -28.32 CCTATTCA T:52.3(2.21%),B:360.0(0.66%),P:1e-12
		Round 2: -28.32 CCTATTCA T:52.3(2.21%),B:360.0(0.66%),P:1e-12
		=Final=: -33.33 CCTATTCA T:60.0(2.58%),B:358.9(0.77%),P:1e-14
		Performing exhaustive masking of motif...
		Reprioritizing potential motifs...
	14 of 25 Initial Sequence: GTGTGAAA... (-27.415)
		Round 1: -47.69 RCGAGAAA T:269.7(10.92%),B:3240.5(5.81%),P:1e-20
		Round 2: -47.69 RCGAGAAA T:269.7(10.92%),B:3240.5(5.81%),P:1e-20
		=Final=: -21.96 RCGAGAAA T:234.0(10.06%),B:3071.0(6.62%),P:1e-9
		Performing exhaustive masking of motif...
		Reprioritizing potential motifs...
	15 of 25 Initial Sequence: GGGCGGGG... (-25.584)
		Round 1: -65.88 GGGCGGGG T:1694.8(51.73%),B:27840.0(40.21%),P:1e-28
		Round 2: -65.88 GGGCGGGG T:1694.8(51.73%),B:27840.0(40.21%),P:1e-28
		=Final=: -51.25 GGGCGGGG T:915.0(39.34%),B:13807.1(29.78%),P:1e-22
		Performing exhaustive masking of motif...
		Reprioritizing potential motifs...
	16 of 25 Initial Sequence: TGAAAGAG... (-25.321)
		Round 1: -38.06 TGAAAGAG T:239.8(9.77%),B:3009.6(5.41%),P:1e-16
		Round 2: -38.06 TGAAAGAG T:239.8(9.77%),B:3009.6(5.41%),P:1e-16
		=Final=: -35.83 TGAAAGAG T:249.0(10.71%),B:2894.5(6.24%),P:1e-15
		Performing exhaustive masking of motif...
		Reprioritizing potential motifs...
	17 of 25 Initial Sequence: TCGGAATG... (-25.356)
		Round 1: -38.59 TCGGAATG T:649.6(24.35%),B:10339.7(17.39%),P:1e-16
		Round 2: -39.47 KCGGAATK T:537.5(20.62%),B:8213.6(14.08%),P:1e-17
		Round 3: -39.47 KCGGAATK T:537.5(20.62%),B:8213.6(14.08%),P:1e-17
		=Final=: -38.94 KCGGAATK T:530.0(22.79%),B:7420.7(16.01%),P:1e-16
		Performing exhaustive masking of motif...
		Reprioritizing potential motifs...
	18 of 25 Initial Sequence: GATACTTA... (-23.221)
		Round 1: -23.22 GATACTTA T:39.4(1.66%),B:252.0(0.46%),P:1e-10
		Round 2: -23.22 GATACTTA T:39.4(1.66%),B:252.0(0.46%),P:1e-10
		=Final=: -28.03 GATACTTA T:45.0(1.93%),B:248.7(0.54%),P:1e-12
		Performing exhaustive masking of motif...
		Reprioritizing potential motifs...
	19 of 25 Initial Sequence: CAAACAAG... (-20.815)
		Round 1: -20.81 CAAACAAG T:87.3(3.67%),B:965.3(1.77%),P:1e-9
		Round 2: -20.81 CAAACAAG T:87.3(3.67%),B:965.3(1.77%),P:1e-9
		=Final=: -25.80 CAAACAAG T:101.0(4.34%),B:949.9(2.05%),P:1e-11
		Performing exhaustive masking of motif...
		Reprioritizing potential motifs...
	20 of 25 Initial Sequence: GCAAGTTG... (-19.555)
		Round 1: -25.59 GCAARTTG T:249.6(10.15%),B:3600.6(6.43%),P:1e-11
		Round 2: -26.76 GCAARTTG T:207.5(8.52%),B:2814.7(5.07%),P:1e-11
		Round 3: -26.76 GCAARTTG T:207.5(8.52%),B:2814.7(5.07%),P:1e-11
		=Final=: -25.60 GCAARTTG T:265.0(11.39%),B:3451.8(7.45%),P:1e-11
		Performing exhaustive masking of motif...
		Reprioritizing potential motifs...
	21 of 25 Initial Sequence: TTCAGTAC... (-19.257)
		Round 1: -23.45 TTCAGTAC T:65.9(2.76%),B:594.1(1.09%),P:1e-10
		Round 2: -23.45 TTCAGTAC T:65.9(2.76%),B:594.1(1.09%),P:1e-10
		=Final=: -31.76 TTCAGTAC T:79.0(3.40%),B:586.0(1.26%),P:1e-13
		Performing exhaustive masking of motif...
		Reprioritizing potential motifs...
	22 of 25 Initial Sequence: GTCTGCTA... (-17.330)
		Round 1: -19.24 GTCTGCTA T:58.4(2.46%),B:557.3(1.02%),P:1e-8
		Round 2: -19.24 GTCTGCTA T:58.4(2.46%),B:557.3(1.02%),P:1e-8
		=Final=: -19.31 GTCTGCTA T:63.0(2.71%),B:550.2(1.19%),P:1e-8
		Performing exhaustive masking of motif...
		Reprioritizing potential motifs...
	23 of 25 Initial Sequence: CCTCCCCC... (-16.622)
		Round 1: -18.37 CCTCCCCC T:373.8(14.82%),B:6293.5(10.97%),P:1e-7
		Round 2: -18.49 CATCCCCC T:622.9(23.47%),B:11227.9(18.73%),P:1e-8
		Round 3: -18.65 GATCCGCC T:380.8(15.08%),B:6413.2(11.17%),P:1e-8
		Round 4: -18.65 GATCCGCC T:380.8(15.08%),B:6413.2(11.17%),P:1e-8
		=Final=: -21.13 GATCCGCC T:389.0(16.72%),B:5739.8(12.38%),P:1e-9
		Performing exhaustive masking of motif...
		Reprioritizing potential motifs...
	24 of 25 Initial Sequence: AAAAGCCG... (-15.994)
		Round 1: -28.24 AAAAGCCG T:977.0(34.28%),B:17413.4(27.51%),P:1e-12
		Round 2: -28.24 AAAAGCCG T:977.0(34.28%),B:17413.4(27.51%),P:1e-12
		=Final=: -27.70 AAAAGCCG T:745.0(32.03%),B:11815.1(25.48%),P:1e-12
		Performing exhaustive masking of motif...
		Reprioritizing potential motifs...
	25 of 25 Initial Sequence: GTGGTATT... (-15.983)
		Round 1: -18.70 GTGGTATT T:45.2(1.92%),B:379.3(0.70%),P:1e-8
		Round 2: -19.42 GTCGTATT T:76.6(3.22%),B:817.7(1.50%),P:1e-8
		Round 3: -22.26 GTCGTATT T:97.4(4.09%),B:1098.1(2.01%),P:1e-9
		Round 4: -22.26 GTCGTATT T:97.4(4.09%),B:1098.1(2.01%),P:1e-9
		=Final=: -24.21 GTCGTATT T:109.0(4.69%),B:1088.5(2.35%),P:1e-10
		Performing exhaustive masking of motif...
		Reprioritizing potential motifs...

	Finalizing Enrichment Statistics (new in v3.4)
	Reading input files...
	49998 total sequences read
	Cache length = 11180
	Using binomial scoring
	Checking enrichment of 25 motif(s)
	|0%                                    50%                                  100%|
	=================================================================================
	Output in file: CP_EPI_E6-5_Sox2_rep1_peakAnalysis/homerMotifs.motifs8

	(Motifs in homer2 format)
	Determining similar motifs... 25 reduced to 18 motifs
	Outputing HTML and sequence logos for motif comparison...
	Checking de novo motifs against known motifs...
	Formatting HTML page...
		1 of 18 (1e-134) similar to ZBTB33/MA0527.1/Jaspar(0.907)
		2 of 18 (1e-106) similar to Sox3(HMG)/NPC-Sox3-ChIP-Seq(GSE33059)/Homer(0.988)
		3 of 18 (1e-43) similar to PH0139.1_Pitx3/Jaspar(0.767)
		4 of 18 (1e-26) similar to MSX2/MA0708.1/Jaspar(0.887)
		5 of 18 (1e-26) similar to TEAD1(TEAD)/HepG2-TEAD1-ChIP-Seq(Encode)/Homer(0.699)
		6 of 18 (1e-26) similar to KLF5/MA0599.1/Jaspar(0.928)
		7 of 18 (1e-20) similar to PB0100.1_Zfp740_1/Jaspar(0.756)
		8 of 18 (1e-19) similar to MYNN(Zf)/HEK293-MYNN.eGFP-ChIP-Seq(Encode)/Homer(0.712)
		9 of 18 (1e-17) similar to PRDM1/MA0508.2/Jaspar(0.726)
		10 of 18 (1e-16) similar to TEAD(TEA)/Fibroblast-PU.1-ChIP-Seq(Unpublished)/Homer(0.801)
		11 of 18 (1e-15) similar to Hoxa10(Homeobox)/ChickenMSG-Hoxa10.Flag-ChIP-Seq(GSE86088)/Homer(0.798)
		12 of 18 (1e-14) similar to PB0170.1_Sox17_2/Jaspar(0.716)
		13 of 18 (1e-14) similar to NEUROD1/MA1109.1/Jaspar(0.683)
		14 of 18 (1e-13) similar to DMRT3/MA0610.1/Jaspar(0.753)
		15 of 18 (1e-12) similar to DMRT3/MA0610.1/Jaspar(0.693)
		16 of 18 (1e-12) similar to PB0106.1_Arid5a_2/Jaspar(0.721)
		17 of 18 (1e-10) similar to PB0165.1_Sox11_2/Jaspar(0.675)
		18 of 18 (1e-9) similar to Smad4(MAD)/ESC-SMAD4-ChIP-Seq(GSE29422)/Homer(0.756)
	Job finished - if results look good, please send beer to ..

	Cleaning up tmp files...

