
	Position file = CP_EPI_E6-5_Sox2_rep3_peaks.narrowPeak
	Genome = mm10
	Output Directory = CP_EPI_E6-5_Sox2_rep3_peakAnalysis
	Using actual sizes of regions (-size given)
	Fragment size set to given
	Using 10 CPUs
	Motif length set at 8,
	Found mset for "mouse", will check against vertebrates motifs
	Peak/BED file conversion summary:
		BED/Header formatted lines: 4164
		peakfile formatted lines: 0

	Peak File Statistics:
		Total Peaks: 4164
		Redundant Peak IDs: 0
		Peaks lacking information: 0 (need at least 5 columns per peak)
		Peaks with misformatted coordinates: 0 (should be integer)
		Peaks with misformatted strand: 0 (should be either +/- or 0/1)

	Peak file looks good!

	Background fragment size set to 461 (avg size of targets)
	Could not find background files for 461 bp fragments
	Below are the sizes that are already available prepared.
		200
		342
		420
		444
		463
		534
		536
		539
		566
		570
		590
		603
		624
		644
		648
		671
		674
		703
		724
		998
		999
		1078
		1142
		1222
		1249
		1259
		1262
		1288
		1376
		1455
		1619
		1925
		1959
		2017
		2116
		2151
		2488
		2499
		7879
		7974
	HOMER will now create background files for 461 bp fragments
	To CANCEL and rerun with a differet "-size <#>", hit <CTRL+C> now!
		5
		4
		3
		2
		1
	Preparsing genome for 461 bp fragments...(will probably take 1-5 min)
	preparse size set to 461

	By default, using /usr/local/software/homer/.//data/genomes/mm10//mm10.tss for reference positions
	Output files will be placed in /usr/local/software/homer/.//data/genomes/mm10//preparsed//mm10.461.* ...
	By default, HOMER will set the the preparsed Directory to be group read/write
chmod: changing permissions of ‘/usr/local/software/homer/.//data/genomes/mm10//preparsed/’: Operation not permitted
	Extracting sequences

	Extracting sequences from directory: /usr/local/software/homer/.//data/genomes/mm10//
	Extracting 81026 sequences from chr1
	Extracting 97142 sequences from chr2
	Extracting 66340 sequences from chr3
	Extracting 73940 sequences from chr4
	Extracting 75799 sequences from chr5
	Extracting 72591 sequences from chr6
	Extracting 91013 sequences from chr7
	Extracting 55967 sequences from chr8
	Extracting 67733 sequences from chr9
	Extracting 61998 sequences from chr10
	Extracting 73483 sequences from chr11
	Extracting 46046 sequences from chr12
	Extracting 53401 sequences from chr13
	Extracting 49841 sequences from chr14
	Extracting 46052 sequences from chr15
	Extracting 42992 sequences from chr16
	Extracting 51760 sequences from chr17
	Extracting 36838 sequences from chr18
	Extracting 35288 sequences from chr19
	Extracting 69386 sequences from chrX
	Extracting 9914 sequences from chrY
	Extracting 95 sequences from chr1_GL456211_random
	Extracting 169 sequences from chr1_GL456221_random
	Extracting 73 sequences from chr4_GL456216_random
	Extracting 269 sequences from chr4_GL456350_random
	Extracting 55 sequences from chr4_JH584292_random
	Extracting 193 sequences from chr4_JH584293_random
	Extracting 186 sequences from chr4_JH584294_random
	Extracting 209 sequences from chr5_GL456354_random
	Extracting 89 sequences from chr5_JH584296_random
	Extracting 97 sequences from chr5_JH584297_random
	Extracting 195 sequences from chr5_JH584298_random
	Extracting 428 sequences from chr5_JH584299_random
	Extracting 174 sequences from chr7_GL456219_random
	Extracting 102 sequences from chrUn_JH584304
	Extracting 304 sequences from chrX_GL456233_random
		3346 of 1261039 removed because they had >70.00% Ns (i.e. masked repeats)

	Sequences processed:
		Auto detected maximum sequence length of 461 bp
		100000
		200000
		300000
		400000
		500000
		600000
		700000
		800000
		900000
		1000000
		1100000
		1200000
		1257693 total

	Frequency Bins: 0.01 0.02 0.03 0.04 0.05 0.06 0.08 0.1 0.12 0.14 0.16
	Freq	Bin	Count
	0.01	0	766112
	0.02	1	361730
	0.03	2	67596
	0.04	3	24275
	0.05	4	8313
	0.06	5	6852
	0.08	6	8655
	0.1	7	6023
	0.12	8	4415
	0.14	9	2179
	0.16	10	1082
	11	11	461
	Frequency Bins: 0.2 0.25 0.3 0.35 0.4 0.45 0.5 0.6 0.7 0.8
	Freq	Bin	Count
	0.2	0	114
	0.25	1	1748
	0.3	2	20245
	0.35	3	99798
	0.4	4	260407
	0.45	5	355567
	0.5	6	302336
	0.6	7	189420
	0.7	8	21491
	0.8	9	6162
	10	10	405


	Extracting sequences from directory: /usr/local/software/homer/.//data/genomes/mm10//
	Extracting 277 sequences from chr1
	Extracting 281 sequences from chr2
	Extracting 238 sequences from chr3
	Extracting 278 sequences from chr4
	Extracting 268 sequences from chr5
	Extracting 218 sequences from chr6
	Extracting 299 sequences from chr7
	Extracting 218 sequences from chr8
	Extracting 205 sequences from chr9
	Extracting 214 sequences from chr10
	Extracting 297 sequences from chr11
	Extracting 151 sequences from chr12
	Extracting 155 sequences from chr13
	Extracting 185 sequences from chr14
	Extracting 146 sequences from chr15
	Extracting 115 sequences from chr16
	Extracting 200 sequences from chr17
	Extracting 119 sequences from chr18
	Extracting 144 sequences from chr19
	Extracting 148 sequences from chrX
	Extracting 5 sequences from chrY
	Extracting 3 sequences from chrM

	Not removing redundant sequences


	Sequences processed:
		Auto detected maximum sequence length of 289 bp
		4164 total

	Frequency Bins: 0.2 0.25 0.3 0.35 0.4 0.45 0.5 0.6 0.7 0.8
	Freq	Bin	Count
	0.3	2	7
	0.35	3	117
	0.4	4	564
	0.45	5	739
	0.5	6	631
	0.6	7	1141
	0.7	8	763
	0.8	9	200
	10	10	2

	Total sequences set to 50000

	Choosing background that matches in CpG/GC content...
	Bin	# Targets	# Background	Background Weight
	2	7	77	1.001
	3	117	1288	1.000
	4	564	6208	1.000
	5	739	8135	1.000
	6	631	6946	1.000
	7	1141	12560	1.000
	8	763	8399	1.000
	9	200	2202	1.000
	10	2	22	1.001
	Assembling sequence file...
	Normalizing lower order oligos using homer2

	Reading input files...
	50001 total sequences read
	Autonormalization: 1-mers (4 total)
		A	24.36%	24.65%	0.988
		C	25.64%	25.35%	1.012
		G	25.64%	25.35%	1.012
		T	24.36%	24.65%	0.988
	Autonormalization: 2-mers (16 total)
		AA	7.16%	6.68%	1.071
		CA	6.74%	7.33%	0.920
		GA	6.21%	6.24%	0.995
		TA	4.22%	4.38%	0.962
		AC	4.89%	5.19%	0.943
		CC	7.97%	7.60%	1.049
		GC	6.60%	6.33%	1.042
		TC	6.21%	6.24%	0.995
		AG	7.48%	7.71%	0.970
		CG	3.43%	2.71%	1.265
		GG	7.97%	7.60%	1.049
		TG	6.74%	7.33%	0.920
		AT	4.85%	5.06%	0.959
		CT	7.48%	7.71%	0.970
		GT	4.89%	5.19%	0.943
		TT	7.16%	6.68%	1.071
	Autonormalization: 3-mers (64 total)
	Normalization weights can be found in file: CP_EPI_E6-5_Sox2_rep3_peakAnalysis/seq.autonorm.tsv
	Converging on autonormalization solution:
	...............................................................................
	Final normalization:	Autonormalization: 1-mers (4 total)
		A	24.36%	24.34%	1.001
		C	25.64%	25.66%	0.999
		G	25.64%	25.66%	0.999
		T	24.36%	24.34%	1.001
	Autonormalization: 2-mers (16 total)
		AA	7.16%	7.01%	1.021
		CA	6.74%	6.84%	0.986
		GA	6.21%	6.21%	1.000
		TA	4.22%	4.28%	0.985
		AC	4.89%	4.93%	0.991
		CC	7.97%	7.90%	1.009
		GC	6.60%	6.62%	0.998
		TC	6.21%	6.21%	1.000
		AG	7.48%	7.50%	0.997
		CG	3.43%	3.42%	1.004
		GG	7.97%	7.90%	1.009
		TG	6.74%	6.84%	0.986
		AT	4.85%	4.90%	0.989
		CT	7.48%	7.50%	0.997
		GT	4.89%	4.93%	0.991
		TT	7.16%	7.01%	1.021
	Autonormalization: 3-mers (64 total)
	Finished preparing sequence/group files

	----------------------------------------------------------
	Known motif enrichment

	Reading input files...
	50001 total sequences read
	414 motifs loaded
	Cache length = 11180
	Using binomial scoring
	Checking enrichment of 414 motif(s)
	|0%                                    50%                                  100%|
	=================================================================================
	Preparing HTML output with sequence logos...
		1 of 414 (1e-192) Sox2(HMG)/mES-Sox2-ChIP-Seq(GSE11431)/Homer
		2 of 414 (1e-164) GFX(?)/Promoter/Homer
		3 of 414 (1e-137) Sox3(HMG)/NPC-Sox3-ChIP-Seq(GSE33059)/Homer
		4 of 414 (1e-129) Sox17(HMG)/Endoderm-Sox17-ChIP-Seq(GSE61475)/Homer
		5 of 414 (1e-121) Sox6(HMG)/Myotubes-Sox6-ChIP-Seq(GSE32627)/Homer
		6 of 414 (1e-114) Sox10(HMG)/SciaticNerve-Sox3-ChIP-Seq(GSE35132)/Homer
		7 of 414 (1e-112) Sox15(HMG)/CPA-Sox15-ChIP-Seq(GSE62909)/Homer
		8 of 414 (1e-102) ZBTB33(Zf)/GM12878-ZBTB33-ChIP-Seq(GSE32465)/Homer
		9 of 414 (1e-93) Sox4(HMG)/proB-Sox4-ChIP-Seq(GSE50066)/Homer
		10 of 414 (1e-50) Sox9(HMG)/Limb-SOX9-ChIP-Seq(GSE73225)/Homer
		11 of 414 (1e-46) Sp1(Zf)/Promoter/Homer
		12 of 414 (1e-45) OCT:OCT(POU,Homeobox,IR1)/NPC-Brn2-ChIP-Seq(GSE35496)/Homer
		13 of 414 (1e-45) KLF3(Zf)/MEF-Klf3-ChIP-Seq(GSE44748)/Homer
		14 of 414 (1e-45) LEF1(HMG)/H1-LEF1-ChIP-Seq(GSE64758)/Homer
		15 of 414 (1e-43) Zfp281(Zf)/ES-Zfp281-ChIP-Seq(GSE81042)/Homer
		16 of 414 (1e-40) OCT4-SOX2-TCF-NANOG(POU,Homeobox,HMG)/mES-Oct4-ChIP-Seq(GSE11431)/Homer
		17 of 414 (1e-39) Unknown-ESC-element(?)/mES-Nanog-ChIP-Seq(GSE11724)/Homer
		18 of 414 (1e-38) Sp5(Zf)/mES-Sp5.Flag-ChIP-Seq(GSE72989)/Homer
		19 of 414 (1e-36) Zic3(Zf)/mES-Zic3-ChIP-Seq(GSE37889)/Homer
		20 of 414 (1e-34) Sp2(Zf)/HEK293-Sp2.eGFP-ChIP-Seq(Encode)/Homer
		21 of 414 (1e-31) Klf9(Zf)/GBM-Klf9-ChIP-Seq(GSE62211)/Homer
		22 of 414 (1e-30) TEAD4(TEA)/Tropoblast-Tead4-ChIP-Seq(GSE37350)/Homer
		23 of 414 (1e-27) TEAD1(TEAD)/HepG2-TEAD1-ChIP-Seq(Encode)/Homer
		24 of 414 (1e-26) Zic(Zf)/Cerebellum-ZIC1.2-ChIP-Seq(GSE60731)/Homer
		25 of 414 (1e-24) Klf4(Zf)/mES-Klf4-ChIP-Seq(GSE11431)/Homer
		26 of 414 (1e-23) Brn2(POU,Homeobox)/NPC-Brn2-ChIP-Seq(GSE35496)/Homer
		27 of 414 (1e-23) TEAD2(TEA)/Py2T-Tead2-ChIP-Seq(GSE55709)/Homer
		28 of 414 (1e-21) TEAD(TEA)/Fibroblast-PU.1-ChIP-Seq(Unpublished)/Homer
		29 of 414 (1e-20) Tcf3(HMG)/mES-Tcf3-ChIP-Seq(GSE11724)/Homer
		30 of 414 (1e-20) Maz(Zf)/HepG2-Maz-ChIP-Seq(GSE31477)/Homer
		31 of 414 (1e-20) KLF6(Zf)/PDAC-KLF6-ChIP-Seq(GSE64557)/Homer
		32 of 414 (1e-20) KLF5(Zf)/LoVo-KLF5-ChIP-Seq(GSE49402)/Homer
		33 of 414 (1e-18) Oct2(POU,Homeobox)/Bcell-Oct2-ChIP-Seq(GSE21512)/Homer
		34 of 414 (1e-18) Brn1(POU,Homeobox)/NPC-Brn1-ChIP-Seq(GSE35496)/Homer
		35 of 414 (1e-17) Ronin(THAP)/ES-Thap11-ChIP-Seq(GSE51522)/Homer
		36 of 414 (1e-17) Oct6(POU,Homeobox)/NPC-Pou3f1-ChIP-Seq(GSE35496)/Homer
		37 of 414 (1e-16) KLF14(Zf)/HEK293-KLF14.GFP-ChIP-Seq(GSE58341)/Homer
		38 of 414 (1e-15) TEAD3(TEA)/HepG2-TEAD3-ChIP-Seq(Encode)/Homer
		39 of 414 (1e-15) Oct4(POU,Homeobox)/mES-Oct4-ChIP-Seq(GSE11431)/Homer
		40 of 414 (1e-13) TCFL2(HMG)/K562-TCF7L2-ChIP-Seq(GSE29196)/Homer
		41 of 414 (1e-12) NFY(CCAAT)/Promoter/Homer
		42 of 414 (1e-11) ZFX(Zf)/mES-Zfx-ChIP-Seq(GSE11431)/Homer
		43 of 414 (1e-11) Tcf7(HMG)/GM12878-TCF7-ChIP-Seq(Encode)/Homer
		44 of 414 (1e-11) Elk4(ETS)/Hela-Elk4-ChIP-Seq(GSE31477)/Homer
		45 of 414 (1e-10) E2F4(E2F)/K562-E2F4-ChIP-Seq(GSE31477)/Homer
		46 of 414 (1e-10) Elk1(ETS)/Hela-Elk1-ChIP-Seq(GSE31477)/Homer
		47 of 414 (1e-9) RFX(HTH)/K562-RFX3-ChIP-Seq(SRA012198)/Homer
		48 of 414 (1e-9) E2F7(E2F)/Hela-E2F7-ChIP-Seq(GSE32673)/Homer
		49 of 414 (1e-9) GFY-Staf(?,Zf)/Promoter/Homer
		50 of 414 (1e-9) ETS(ETS)/Promoter/Homer
		51 of 414 (1e-9) ZNF711(Zf)/SHSY5Y-ZNF711-ChIP-Seq(GSE20673)/Homer
		52 of 414 (1e-9) NRF(NRF)/Promoter/Homer
		53 of 414 (1e-8) Rfx2(HTH)/LoVo-RFX2-ChIP-Seq(GSE49402)/Homer
		54 of 414 (1e-8) Tbx6(T-box)/ESC-Tbx6-ChIP-Seq(GSE93524)/Homer
		55 of 414 (1e-7) WT1(Zf)/Kidney-WT1-ChIP-Seq(GSE90016)/Homer
		56 of 414 (1e-7) Tbet(T-box)/CD8-Tbet-ChIP-Seq(GSE33802)/Homer
		57 of 414 (1e-7) Fli1(ETS)/CD8-FLI-ChIP-Seq(GSE20898)/Homer
		58 of 414 (1e-7) ELF1(ETS)/Jurkat-ELF1-ChIP-Seq(SRA014231)/Homer
		59 of 414 (1e-7) NRF1(NRF)/MCF7-NRF1-ChIP-Seq(Unpublished)/Homer
		60 of 414 (1e-7) GFY(?)/Promoter/Homer
		61 of 414 (1e-7) Pit1+1bp(Homeobox)/GCrat-Pit1-ChIP-Seq(GSE58009)/Homer
		62 of 414 (1e-6) KLF10(Zf)/HEK293-KLF10.GFP-ChIP-Seq(GSE58341)/Homer
		63 of 414 (1e-6) Tbr1(T-box)/Cortex-Tbr1-ChIP-Seq(GSE71384)/Homer
		64 of 414 (1e-6) Atf4(bZIP)/MEF-Atf4-ChIP-Seq(GSE35681)/Homer
		65 of 414 (1e-6) Lhx3(Homeobox)/Neuron-Lhx3-ChIP-Seq(GSE31456)/Homer
		66 of 414 (1e-6) FOXP1(Forkhead)/H9-FOXP1-ChIP-Seq(GSE31006)/Homer
		67 of 414 (1e-6) ETV4(ETS)/HepG2-ETV4-ChIP-Seq(ENCODE)/Homer
		68 of 414 (1e-6) PRDM1(Zf)/Hela-PRDM1-ChIP-Seq(GSE31477)/Homer
		69 of 414 (1e-6) X-box(HTH)/NPC-H3K4me1-ChIP-Seq(GSE16256)/Homer
		70 of 414 (1e-6) CRX(Homeobox)/Retina-Crx-ChIP-Seq(GSE20012)/Homer
		71 of 414 (1e-6) Tbx21(T-box)/GM12878-TBX21-ChIP-Seq(Encode)/Homer
		72 of 414 (1e-6) NFkB-p50,p52(RHD)/Monocyte-p50-ChIP-Chip(Schreiber_et_al.)/Homer
		73 of 414 (1e-6) Otx2(Homeobox)/EpiLC-Otx2-ChIP-Seq(GSE56098)/Homer
		74 of 414 (1e-6) PBX1(Homeobox)/MCF7-PBX1-ChIP-Seq(GSE28007)/Homer
		75 of 414 (1e-5) NFkB-p65(RHD)/GM12787-p65-ChIP-Seq(GSE19485)/Homer
		76 of 414 (1e-5) FOXK2(Forkhead)/U2OS-FOXK2-ChIP-Seq(E-MTAB-2204)/Homer
		77 of 414 (1e-5) SPDEF(ETS)/VCaP-SPDEF-ChIP-Seq(SRA014231)/Homer
		78 of 414 (1e-5) ZNF467(Zf)/HEK293-ZNF467.GFP-ChIP-Seq(GSE58341)/Homer
		79 of 414 (1e-4) Eomes(T-box)/H9-Eomes-ChIP-Seq(GSE26097)/Homer
		80 of 414 (1e-4) Brachyury(T-box)/Mesoendoderm-Brachyury-ChIP-exo(GSE54963)/Homer
		81 of 414 (1e-4) E-box(bHLH)/Promoter/Homer
		82 of 414 (1e-4) EWS:FLI1-fusion(ETS)/SK_N_MC-EWS:FLI1-ChIP-Seq(SRA014231)/Homer
		83 of 414 (1e-4) GABPA(ETS)/Jurkat-GABPa-ChIP-Seq(GSE17954)/Homer
		84 of 414 (1e-4) GRHL2(CP2)/HBE-GRHL2-ChIP-Seq(GSE46194)/Homer
		85 of 414 (1e-4) Foxa2(Forkhead)/Liver-Foxa2-ChIP-Seq(GSE25694)/Homer
		86 of 414 (1e-4) EKLF(Zf)/Erythrocyte-Klf1-ChIP-Seq(GSE20478)/Homer
		87 of 414 (1e-4) Pitx1(Homeobox)/Chicken-Pitx1-ChIP-Seq(GSE38910)/Homer
		88 of 414 (1e-4) PRDM15(Zf)/ESC-Prdm15-ChIP-Seq(GSE73694)/Homer
		89 of 414 (1e-4) GATA(Zf),IR4/iTreg-Gata3-ChIP-Seq(GSE20898)/Homer
		90 of 414 (1e-4) bHLHE41(bHLH)/proB-Bhlhe41-ChIP-Seq(GSE93764)/Homer
		91 of 414 (1e-4) ETS1(ETS)/Jurkat-ETS1-ChIP-Seq(GSE17954)/Homer
		92 of 414 (1e-3) TFE3(bHLH)/MEF-TFE3-ChIP-Seq(GSE75757)/Homer
		93 of 414 (1e-3) Pknox1(Homeobox)/ES-Prep1-ChIP-Seq(GSE63282)/Homer
		94 of 414 (1e-3) YY1(Zf)/Promoter/Homer
		95 of 414 (1e-3) IRF4(IRF)/GM12878-IRF4-ChIP-Seq(GSE32465)/Homer
		96 of 414 (1e-3) PU.1:IRF8(ETS:IRF)/pDC-Irf8-ChIP-Seq(GSE66899)/Homer
		97 of 414 (1e-3) ETV1(ETS)/GIST48-ETV1-ChIP-Seq(GSE22441)/Homer
		98 of 414 (1e-3) GLIS3(Zf)/Thyroid-Glis3.GFP-ChIP-Seq(GSE103297)/Homer
		99 of 414 (1e-3) PAX3:FKHR-fusion(Paired,Homeobox)/Rh4-PAX3:FKHR-ChIP-Seq(GSE19063)/Homer
		100 of 414 (1e-3) Foxo3(Forkhead)/U2OS-Foxo3-ChIP-Seq(E-MTAB-2701)/Homer
		101 of 414 (1e-3) CEBP(bZIP)/ThioMac-CEBPb-ChIP-Seq(GSE21512)/Homer
		102 of 414 (1e-3) MYNN(Zf)/HEK293-MYNN.eGFP-ChIP-Seq(Encode)/Homer
		103 of 414 (1e-3) CArG(MADS)/PUER-Srf-ChIP-Seq(Sullivan_et_al.)/Homer
		104 of 414 (1e-3) USF1(bHLH)/GM12878-Usf1-ChIP-Seq(GSE32465)/Homer
		105 of 414 (1e-3) Usf2(bHLH)/C2C12-Usf2-ChIP-Seq(GSE36030)/Homer
		106 of 414 (1e-3) Isl1(Homeobox)/Neuron-Isl1-ChIP-Seq(GSE31456)/Homer
		107 of 414 (1e-3) Rfx1(HTH)/NPC-H3K4me1-ChIP-Seq(GSE16256)/Homer
		108 of 414 (1e-3) Nkx6.1(Homeobox)/Islet-Nkx6.1-ChIP-Seq(GSE40975)/Homer
		109 of 414 (1e-3) EBF2(EBF)/BrownAdipose-EBF2-ChIP-Seq(GSE97114)/Homer
		110 of 414 (1e-3) OCT:OCT(POU,Homeobox)/NPC-Brn1-ChIP-Seq(GSE35496)/Homer
		111 of 414 (1e-2) Egr1(Zf)/K562-Egr1-ChIP-Seq(GSE32465)/Homer
		112 of 414 (1e-2) IRF8(IRF)/BMDM-IRF8-ChIP-Seq(GSE77884)/Homer
		113 of 414 (1e-2) HLF(bZIP)/HSC-HLF.Flag-ChIP-Seq(GSE69817)/Homer
		114 of 414 (1e-2) E2F6(E2F)/Hela-E2F6-ChIP-Seq(GSE31477)/Homer
		115 of 414 (1e-2) FOXK1(Forkhead)/HEK293-FOXK1-ChIP-Seq(GSE51673)/Homer
		116 of 414 (1e-2) Elf4(ETS)/BMDM-Elf4-ChIP-Seq(GSE88699)/Homer
		117 of 414 (1e-2) CEBP:AP1(bZIP)/ThioMac-CEBPb-ChIP-Seq(GSE21512)/Homer
		118 of 414 (1e-2) E2F1(E2F)/Hela-E2F1-ChIP-Seq(GSE22478)/Homer
		119 of 414 (1e-2) OCT:OCT-short(POU,Homeobox)/NPC-OCT6-ChIP-Seq(GSE43916)/Homer
		120 of 414 (1e-2) E2A(bHLH),near_PU.1/Bcell-PU.1-ChIP-Seq(GSE21512)/Homer
		121 of 414 (1e-2) Hand2(bHLH)/Mesoderm-Hand2-ChIP-Seq(GSE61475)/Homer
		122 of 414 (1e-2) NFIL3(bZIP)/HepG2-NFIL3-ChIP-Seq(Encode)/Homer
		123 of 414 (1e-2) STAT6(Stat)/Macrophage-Stat6-ChIP-Seq(GSE38377)/Homer
		124 of 414 (1e-2) Foxa3(Forkhead)/Liver-Foxa3-ChIP-Seq(GSE77670)/Homer
		125 of 414 (1e-2) E2F3(E2F)/MEF-E2F3-ChIP-Seq(GSE71376)/Homer
		126 of 414 (1e-2) E2F(E2F)/Hela-CellCycle-Expression/Homer
		127 of 414 (1e-2) Lhx2(Homeobox)/HFSC-Lhx2-ChIP-Seq(GSE48068)/Homer
		128 of 414 (1e-2) STAT4(Stat)/CD4-Stat4-ChIP-Seq(GSE22104)/Homer
		129 of 414 (1e-2) Tbox:Smad(T-box,MAD)/ESCd5-Smad2_3-ChIP-Seq(GSE29422)/Homer
		130 of 414 (1e-2) Rfx5(HTH)/GM12878-Rfx5-ChIP-Seq(GSE31477)/Homer
		131 of 414 (1e-2) ELF5(ETS)/T47D-ELF5-ChIP-Seq(GSE30407)/Homer
		132 of 414 (1e-2) ZNF652/HepG2-ZNF652.Flag-ChIP-Seq(Encode)/Homer
		133 of 414 (1e-2) Lhx1(Homeobox)/EmbryoCarcinoma-Lhx1-ChIP-Seq(GSE70957)/Homer
		134 of 414 (1e-2) RBPJ:Ebox(?,bHLH)/Panc1-Rbpj1-ChIP-Seq(GSE47459)/Homer
		135 of 414 (1e-2) EWS:ERG-fusion(ETS)/CADO_ES1-EWS:ERG-ChIP-Seq(SRA014231)/Homer
		136 of 414 (1e-2) Foxh1(Forkhead)/hESC-FOXH1-ChIP-Seq(GSE29422)/Homer
		137 of 414 (1e-2) Hoxd11(Homeobox)/ChickenMSG-Hoxd11.Flag-ChIP-Seq(GSE86088)/Homer
		138 of 414 (1e-2) CRE(bZIP)/Promoter/Homer
		139 of 414 (1e-2) PU.1(ETS)/ThioMac-PU.1-ChIP-Seq(GSE21512)/Homer
		140 of 414 (1e-2) NFAT(RHD)/Jurkat-NFATC1-ChIP-Seq(Jolma_et_al.)/Homer
		141 of 414 (1e-2) Slug(Zf)/Mesoderm-Snai2-ChIP-Seq(GSE61475)/Homer
		142 of 414 (1e-2) ISRE(IRF)/ThioMac-LPS-Expression(GSE23622)/Homer
	----------------------------------------------------------
	De novo motif finding (HOMER)

	Scanning input files...
	Parsing sequences...
	|0%                                   50%                                  100%|
	================================================================================
	Total number of Oligos: 32896
	Autoadjustment for sequence coverage in background: 1.16x

	Oligos: 32896 of 34497 max
	Tree  : 66804 of 172485 max
	Optimizing memory usage...
	Cache length = 11180
	Using binomial scoring

	Global Optimization Phase: Looking for enriched oligos with up to 2 mismatches...

	Screening oligos 32896 (allowing 0 mismatches):
	|0%                                   50%                                  100%|
	================================================================================
		0.04% skipped, 99.96% checked (32883 of 32896), of those checked:
		0.04% not in target, 0.00% increased p-value, 0.00% high p-value

	Screening oligos 32896 (allowing 1 mismatches):
	|0%                                   50%                                  100%|
	================================================================================
		0.04% skipped, 99.96% checked (32883 of 32896), of those checked:
		0.00% not in target, 43.22% increased p-value, 47.90% high p-value

	Screening oligos 32896 (allowing 2 mismatches):
	|0%                                   50%                                  100%|
	================================================================================
		61.65% skipped, 38.35% checked (12616 of 32896), of those checked:
		0.00% not in target, 29.89% increased p-value, 0.00% high p-value
	Reading input files...
	50001 total sequences read
	Cache length = 11180
	Using binomial scoring

	Local Optimization Phase:
	1 of 25 Initial Sequence: TCTCGCGA... (-456.717)
		Round 1: -523.69 TCTCGCGA T:371.2(8.53%),B:428.2(0.82%),P:1e-227
		Round 2: -523.69 TCTCGCGA T:371.2(8.53%),B:428.2(0.82%),P:1e-227
		=Final=: -322.73 TCTCGCGA T:225.0(5.40%),B:244.5(0.55%),P:1e-140
		Performing exhaustive masking of motif...
		Reprioritizing potential motifs...
	2 of 25 Initial Sequence: CCATTGTT... (-173.656)
		Round 1: -467.97 CCATTGTT T:1835.4(35.64%),B:9146.1(16.18%),P:1e-203
		Round 2: -467.97 CCATTGTT T:1835.4(35.64%),B:9146.1(16.18%),P:1e-203
		=Final=: -441.19 CCATTGTT T:1556.0(37.37%),B:8045.9(17.94%),P:1e-191
		Performing exhaustive masking of motif...
		Reprioritizing potential motifs...
	3 of 25 Initial Sequence: AGGGGCGT... (-85.861)
		Round 1: -131.14 AGGGGSGT T:2724.4(48.02%),B:23050.2(35.90%),P:1e-56
		Round 2: -149.79 AGGGGCGT T:2577.8(46.15%),B:21008.7(33.33%),P:1e-65
		Round 3: -149.79 AGGGGCGT T:2577.8(46.15%),B:21008.7(33.33%),P:1e-65
		=Final=: -114.23 AGGGGCGT T:1689.0(40.56%),B:13325.8(29.71%),P:1e-49
		Performing exhaustive masking of motif...
		Reprioritizing potential motifs...
	4 of 25 Initial Sequence: GGAATTCC... (-79.030)
		Round 1: -124.15 GGAATTCC T:1406.1(28.66%),B:10739.2(18.72%),P:1e-53
		Round 2: -124.15 GGAATTCC T:1406.1(28.66%),B:10739.2(18.72%),P:1e-53
		=Final=: -84.81 GGAATTCC T:1130.0(27.14%),B:8523.5(19.00%),P:1e-36
		Performing exhaustive masking of motif...
		Reprioritizing potential motifs...
	5 of 25 Initial Sequence: CCTATTCA... (-77.786)
		Round 1: -77.85 CCTATTCA T:137.8(3.24%),B:472.6(0.91%),P:1e-33
		Round 2: -80.27 CCTATTMG T:649.9(14.43%),B:4646.9(8.57%),P:1e-34
		Round 3: -90.88 CHAATYMG T:1378.9(28.18%),B:11329.9(19.64%),P:1e-39
		Round 4: -90.88 CHAATYMG T:1378.9(28.18%),B:11329.9(19.64%),P:1e-39
		=Final=: -99.36 CHAATYMG T:1281.0(30.76%),B:9661.1(21.54%),P:1e-43
		Performing exhaustive masking of motif...
		Reprioritizing potential motifs...
	6 of 25 Initial Sequence: ATTCATGA... (-69.888)
		Round 1: -90.44 ATTCASGA T:640.3(14.25%),B:4386.4(8.11%),P:1e-39
		Round 2: -90.44 ATTCASGA T:640.3(14.25%),B:4386.4(8.11%),P:1e-39
		=Final=: -76.13 ATTCASGA T:613.0(14.72%),B:4008.7(8.94%),P:1e-33
		Performing exhaustive masking of motif...
		Reprioritizing potential motifs...
	7 of 25 Initial Sequence: GCATTACA... (-64.033)
		Round 1: -65.44 RCATTRCA T:271.0(6.30%),B:1545.7(2.94%),P:1e-28
		Round 2: -65.44 RCATTRCA T:271.0(6.30%),B:1545.7(2.94%),P:1e-28
		=Final=: -72.19 RCATTRCA T:110.0(2.64%),B:302.3(0.67%),P:1e-31
		Performing exhaustive masking of motif...
		Reprioritizing potential motifs...
	8 of 25 Initial Sequence: CCATTTGT... (-62.554)
		Round 1: -102.72 CCATTTGT T:486.4(11.02%),B:2881.6(5.41%),P:1e-44
		Round 2: -102.72 CCATTTGT T:486.4(11.02%),B:2881.6(5.41%),P:1e-44
		=Final=: -118.39 CCATTTGT T:522.0(12.54%),B:2759.2(6.15%),P:1e-51
		Performing exhaustive masking of motif...
		Reprioritizing potential motifs...
	9 of 25 Initial Sequence: ACCTATTC... (-48.581)
		Round 1: -88.37 ACCYATTC T:668.9(14.82%),B:4673.3(8.62%),P:1e-38
		Round 2: -90.15 ASCCAWTC T:1264.5(26.18%),B:10243.3(17.93%),P:1e-39
		Round 3: -90.15 ASCCAWTC T:1264.5(26.18%),B:10243.3(17.93%),P:1e-39
		=Final=: -91.40 ASCCAWTC T:1189.0(28.55%),B:8947.2(19.95%),P:1e-39
		Performing exhaustive masking of motif...
		Reprioritizing potential motifs...
	10 of 25 Initial Sequence: TTACACTC... (-43.129)
		Round 1: -61.30 TTTCACTC T:398.9(9.12%),B:2686.9(5.05%),P:1e-26
		Round 2: -61.30 TTTCACTC T:398.9(9.12%),B:2686.9(5.05%),P:1e-26
		=Final=: -45.69 TTTCACTC T:391.0(9.39%),B:2586.5(5.77%),P:1e-19
		Performing exhaustive masking of motif...
		Reprioritizing potential motifs...
	11 of 25 Initial Sequence: GATCTTTC... (-40.465)
		Round 1: -42.93 GATCTTTC T:2125.3(39.97%),B:21017.0(33.34%),P:1e-18
		Round 2: -58.52 GVKCTTTK T:1616.9(32.17%),B:14840.1(24.90%),P:1e-25
		Round 3: -59.23 GATCTTTB T:2120.2(39.90%),B:20052.7(32.09%),P:1e-25
		Round 4: -59.23 GATCTTTB T:2120.2(39.90%),B:20052.7(32.09%),P:1e-25
		=Final=: -37.16 GATCTTTB T:1682.0(40.39%),B:15353.1(34.23%),P:1e-16
		Performing exhaustive masking of motif...
		Reprioritizing potential motifs...
	12 of 25 Initial Sequence: AGTACTAC... (-40.376)
		Round 1: -68.10 AGTACTAC T:233.1(5.44%),B:1215.6(2.32%),P:1e-29
		Round 2: -68.10 AGTACTAC T:233.1(5.44%),B:1215.6(2.32%),P:1e-29
		=Final=: -39.22 AGTACTAC T:99.0(2.38%),B:395.3(0.88%),P:1e-17
		Performing exhaustive masking of motif...
		Reprioritizing potential motifs...
	13 of 25 Initial Sequence: AGGCGTAG... (-39.734)
		Round 1: -63.17 AGGCGTAG T:2257.6(41.85%),B:21280.5(33.68%),P:1e-27
		Round 2: -67.09 AGGCGTAR T:1774.9(34.69%),B:16106.1(26.71%),P:1e-29
		Round 3: -69.83 AGGCSTAG T:2097.6(39.57%),B:19302.9(31.10%),P:1e-30
		Round 4: -72.22 AGGCGKAR T:1291.2(26.66%),B:11034.2(19.18%),P:1e-31
		Round 5: -72.22 AGGCGKAR T:1291.2(26.66%),B:11034.2(19.18%),P:1e-31
		=Final=: -63.86 AGGCGKAR T:1041.0(25.00%),B:8133.2(18.13%),P:1e-27
		Performing exhaustive masking of motif...
		Reprioritizing potential motifs...
	14 of 25 Initial Sequence: TGGGCGGG... (-37.686)
		Round 1: -107.54 TGGGCGGG T:1209.9(25.20%),B:9283.3(16.40%),P:1e-46
		Round 2: -107.54 TGGGCGGG T:1209.9(25.20%),B:9283.3(16.40%),P:1e-46
		=Final=: -69.59 TGGGCGGG T:1052.0(25.26%),B:8108.1(18.08%),P:1e-30
		Performing exhaustive masking of motif...
		Reprioritizing potential motifs...
	15 of 25 Initial Sequence: ATAATCAG... (-34.068)
		Round 1: -41.12 ATAATCAG T:267.4(6.21%),B:1822.4(3.45%),P:1e-17
		Round 2: -41.12 ATAATCAG T:267.4(6.21%),B:1822.4(3.45%),P:1e-17
		=Final=: -33.39 ATAATCAG T:257.0(6.17%),B:1649.9(3.68%),P:1e-14
		Performing exhaustive masking of motif...
		Reprioritizing potential motifs...
	16 of 25 Initial Sequence: GATACTTA... (-33.006)
		Round 1: -33.01 GATACTTA T:67.5(1.60%),B:265.6(0.51%),P:1e-14
		Round 2: -33.01 GATACTTA T:67.5(1.60%),B:265.6(0.51%),P:1e-14
		=Final=: -38.70 GATACTTA T:77.0(1.85%),B:264.6(0.59%),P:1e-16
		Performing exhaustive masking of motif...
		Reprioritizing potential motifs...
	17 of 25 Initial Sequence: GCTAAACC... (-31.366)
		Round 1: -63.02 GCTAAACC T:600.2(13.42%),B:4512.4(8.34%),P:1e-27
		Round 2: -63.02 GCTAAACC T:600.2(13.42%),B:4512.4(8.34%),P:1e-27
		=Final=: -64.34 GCTAAACC T:622.0(14.94%),B:4275.4(9.53%),P:1e-27
		Performing exhaustive masking of motif...
		Reprioritizing potential motifs...
	18 of 25 Initial Sequence: GGGTGGGG... (-30.300)
		Round 1: -45.21 GGGGGGGG T:2440.5(44.35%),B:24253.8(37.37%),P:1e-19
		Round 2: -51.19 GKGGGGGG T:2883.6(49.96%),B:28585.1(42.40%),P:1e-22
		Round 3: -51.37 GGGGGGGG T:2686.3(47.54%),B:26475.7(40.00%),P:1e-22
		Round 4: -51.37 GGGGGGGG T:2686.3(47.54%),B:26475.7(40.00%),P:1e-22
		=Final=: -42.80 GGGGGGGG T:1011.0(24.28%),B:8387.9(18.70%),P:1e-18
		Performing exhaustive masking of motif...
		Reprioritizing potential motifs...
	19 of 25 Initial Sequence: GCATATTA... (-30.214)
		Round 1: -30.96 GCATATTA T:143.4(3.38%),B:872.3(1.67%),P:1e-13
		Round 2: -44.08 GGCTATTA T:328.8(7.58%),B:2332.7(4.40%),P:1e-19
		Round 3: -44.08 GGCTATTA T:328.8(7.58%),B:2332.7(4.40%),P:1e-19
		=Final=: -43.76 GGCTATTA T:344.0(8.26%),B:2219.9(4.95%),P:1e-19
		Performing exhaustive masking of motif...
		Reprioritizing potential motifs...
	20 of 25 Initial Sequence: GACAATAG... (-28.522)
		Round 1: -34.50 GACAATAG T:199.1(4.67%),B:1315.7(2.51%),P:1e-14
		Round 2: -48.25 GACAATAG T:410.6(9.38%),B:3019.8(5.66%),P:1e-20
		Round 3: -48.25 GACAATAG T:410.6(9.38%),B:3019.8(5.66%),P:1e-20
		=Final=: -68.50 GACAATAG T:459.0(11.02%),B:2823.5(6.30%),P:1e-29
		Performing exhaustive masking of motif...
		Reprioritizing potential motifs...
	21 of 25 Initial Sequence: TTTACTAA... (-28.040)
		Round 1: -38.34 TTTACTAA T:162.1(3.82%),B:943.2(1.80%),P:1e-16
		Round 2: -38.34 TTTACTAA T:162.1(3.82%),B:943.2(1.80%),P:1e-16
		=Final=: -38.14 TTTACTAA T:174.0(4.18%),B:929.8(2.07%),P:1e-16
		Performing exhaustive masking of motif...
		Reprioritizing potential motifs...
	22 of 25 Initial Sequence: ATGCAAAT... (-27.939)
		Round 1: -45.57 ATGCAAAT T:369.0(8.46%),B:2679.4(5.04%),P:1e-19
		Round 2: -48.20 ATGCRAAT T:347.0(7.97%),B:2432.1(4.58%),P:1e-20
		Round 3: -48.32 CTGCGAAT T:478.5(10.85%),B:3660.7(6.82%),P:1e-20
		Round 4: -48.32 CTGCGAAT T:478.5(10.85%),B:3660.7(6.82%),P:1e-20
		=Final=: -53.88 CTGCGAAT T:506.0(12.15%),B:3440.5(7.67%),P:1e-23
		Performing exhaustive masking of motif...
		Reprioritizing potential motifs...
	23 of 25 Initial Sequence: GGAACACT... (-27.889)
		Round 1: -28.20 GGAACACT T:225.2(5.26%),B:1658.5(3.15%),P:1e-12
		Round 2: -28.20 GGAACACT T:225.2(5.26%),B:1658.5(3.15%),P:1e-12
		=Final=: -34.31 GGAACACT T:256.0(6.15%),B:1627.6(3.63%),P:1e-14
		Performing exhaustive masking of motif...
		Reprioritizing potential motifs...
	24 of 25 Initial Sequence: GTGCTAGC... (-26.342)
		Round 1: -26.34 GTGCTAGC T:66.3(1.57%),B:301.2(0.58%),P:1e-11
		Round 2: -26.34 GTGCTAGC T:66.3(1.57%),B:301.2(0.58%),P:1e-11
		=Final=: -33.11 GTGCTAGC T:77.0(1.85%),B:295.0(0.66%),P:1e-14
		Performing exhaustive masking of motif...
		Reprioritizing potential motifs...
	25 of 25 Initial Sequence: TTGAAGTC... (-26.107)
		Round 1: -30.74 TTGAAGTC T:224.7(5.24%),B:1604.0(3.05%),P:1e-13
		Round 2: -30.74 TTGAAGTC T:224.7(5.24%),B:1604.0(3.05%),P:1e-13
		=Final=: -27.68 TTGAAGTC T:127.0(3.05%),B:684.4(1.53%),P:1e-12
		Performing exhaustive masking of motif...
		Reprioritizing potential motifs...

	Finalizing Enrichment Statistics (new in v3.4)
	Reading input files...
	50001 total sequences read
	Cache length = 11180
	Using binomial scoring
	Checking enrichment of 25 motif(s)
	|0%                                    50%                                  100%|
	=================================================================================
	Output in file: CP_EPI_E6-5_Sox2_rep3_peakAnalysis/homerMotifs.motifs8

	(Motifs in homer2 format)
	Determining similar motifs... 25 reduced to 19 motifs
	Outputing HTML and sequence logos for motif comparison...
	Checking de novo motifs against known motifs...
	Formatting HTML page...
		1 of 19 (1e-191) similar to Sox2/MA0143.3/Jaspar(0.973)
		2 of 19 (1e-140) similar to ZBTB33/MA0527.1/Jaspar(0.906)
		3 of 19 (1e-49) similar to POL004.1_CCAAT-box/Jaspar(0.782)
		4 of 19 (1e-49) similar to PB0076.1_Sp4_1/Jaspar(0.845)
		5 of 19 (1e-42) similar to PH0089.1_Isx/Jaspar(0.817)
		6 of 19 (1e-38) similar to TEAD(TEA)/Fibroblast-PU.1-ChIP-Seq(Unpublished)/Homer(0.773)
		7 of 19 (1e-36) similar to CRX(Homeobox)/Retina-Crx-ChIP-Seq(GSE20012)/Homer(0.776)
		8 of 19 (1e-35) similar to Oct4(POU,Homeobox)/mES-Oct4-ChIP-Seq(GSE11431)/Homer(0.715)
		9 of 19 (1e-34) similar to PB0178.1_Sox8_2/Jaspar(0.826)
		10 of 19 (1e-29) similar to PB0180.1_Sp4_2/Jaspar(0.728)
		11 of 19 (1e-23) similar to SOX10/MA0442.2/Jaspar(0.722)
		12 of 19 (1e-21) similar to BARX1/MA0875.1/Jaspar(0.747)
		13 of 19 (1e-21) similar to PB0013.1_Eomes_1/Jaspar(0.753)
		14 of 19 (1e-17) similar to PB0096.1_Zfp187_1/Jaspar(0.720)
		15 of 19 (1e-16) similar to DMRT3/MA0610.1/Jaspar(0.693)
		16 of 19 (1e-16) similar to PB0152.1_Nkx3-1_2/Jaspar(0.712)
		17 of 19 (1e-16) similar to AR-halfsite(NR)/LNCaP-AR-ChIP-Seq(GSE27824)/Homer(0.754)
		18 of 19 (1e-15) similar to HIC1(Zf)/Treg-ZBTB29-ChIP-Seq(GSE99889)/Homer(0.674)
		19 of 19 (1e-12) similar to TCFL2(HMG)/K562-TCF7L2-ChIP-Seq(GSE29196)/Homer(0.752)
	Job finished - if results look good, please send beer to ..

	Cleaning up tmp files...

