This is cutadapt 1.16 with Python 3.6.4
Command line parameters: -j 3 -a AGATCGGAAGAGC -A AGATCGGAAGAGC --trim-n -m 50 -q 20,20 -o /home1/gyang/work_space/4.ProjectET/batch9_cr/2.cutdata/Morula_Tfap2c_rep1.R1_cut.fq -p /home1/gyang/work_space/4.ProjectET/batch9_cr/2.cutdata/Morula_Tfap2c_rep1.R2_cut.fq Morula_Tfap2c_rep1.R1.fq.gz Morula_Tfap2c_rep1.R2.fq.gz
Running on 3 cores
Trimming 2 adapters with at most 10.0% errors in paired-end mode ...
Finished in 2016.91 s (39 us/read; 1.56 M reads/minute).

=== Summary ===

Total read pairs processed:         52,312,682
  Read 1 with adapter:              15,264,404 (29.2%)
  Read 2 with adapter:              10,814,422 (20.7%)
Pairs that were too short:           7,592,952 (14.5%)
Pairs written (passing filters):    44,719,730 (85.5%)

Total basepairs processed: 15,693,804,600 bp
  Read 1: 7,846,902,300 bp
  Read 2: 7,846,902,300 bp
Quality-trimmed:              51,480,141 bp (0.3%)
  Read 1:    22,061,045 bp
  Read 2:    29,419,096 bp
Total written (filtered):  12,713,235,943 bp (81.0%)
  Read 1: 6,359,176,835 bp
  Read 2: 6,354,059,108 bp

=== First read: Adapter 1 ===

Sequence: AGATCGGAAGAGC; Type: regular 3'; Length: 13; Trimmed: 15264404 times.

No. of allowed errors:
0-9 bp: 0; 10-13 bp: 1

Bases preceding removed adapters:
  A: 18.8%
  C: 3.0%
  G: 4.3%
  T: 44.1%
  none/other: 29.9%

Overview of removed sequences
length	count	expect	max.err	error counts
3	983901	817385.7	0	983901
4	254743	204346.4	0	254743
5	124090	51086.6	0	124090
6	85914	12771.7	0	85914
7	77790	3192.9	0	77790
8	81704	798.2	0	81704
9	77714	199.6	0	76653 1061
10	77154	49.9	1	72781 4373
11	81427	12.5	1	74810 6617
12	79787	3.1	1	74255 5532
13	75787	0.8	1	70371 5416
14	75376	0.8	1	69459 5917
15	74254	0.8	1	68871 5383
16	71892	0.8	1	66075 5817
17	77332	0.8	1	70474 6858
18	70747	0.8	1	66162 4585
19	69601	0.8	1	64725 4876
20	70767	0.8	1	65414 5353
21	71815	0.8	1	66189 5626
22	65864	0.8	1	61501 4363
23	68986	0.8	1	63943 5043
24	67796	0.8	1	62424 5372
25	66775	0.8	1	62001 4774
26	65740	0.8	1	61162 4578
27	68284	0.8	1	63270 5014
28	64868	0.8	1	60391 4477
29	67824	0.8	1	62242 5582
30	64388	0.8	1	60173 4215
31	65665	0.8	1	61284 4381
32	68283	0.8	1	63755 4528
33	70764	0.8	1	65756 5008
34	70719	0.8	1	65675 5044
35	72163	0.8	1	66429 5734
36	69375	0.8	1	64697 4678
37	67143	0.8	1	62737 4406
38	68317	0.8	1	63275 5042
39	72467	0.8	1	66751 5716
40	63769	0.8	1	59919 3850
41	74170	0.8	1	68421 5749
42	71519	0.8	1	64884 6635
43	125342	0.8	1	118520 6822
44	38122	0.8	1	32125 5997
45	69675	0.8	1	64254 5421
46	205289	0.8	1	197859 7430
47	74820	0.8	1	66889 7931
48	41503	0.8	1	36302 5201
49	181670	0.8	1	174044 7626
50	87697	0.8	1	80113 7584
51	19485	0.8	1	15934 3551
52	89463	0.8	1	85949 3514
53	43515	0.8	1	40192 3323
54	71440	0.8	1	68122 3318
55	27292	0.8	1	24431 2861
56	46820	0.8	1	43983 2837
57	125557	0.8	1	121104 4453
58	16010	0.8	1	12233 3777
59	53633	0.8	1	50972 2661
60	85546	0.8	1	82422 3124
61	16633	0.8	1	14054 2579
62	32392	0.8	1	30512 1880
63	70736	0.8	1	67358 3378
64	85365	0.8	1	81765 3600
65	27963	0.8	1	24590 3373
66	55365	0.8	1	52637 2728
67	72132	0.8	1	68050 4082
68	119931	0.8	1	114434 5497
69	26536	0.8	1	22408 4128
70	7997	0.8	1	6541 1456
71	10001	0.8	1	9028 973
72	27284	0.8	1	25987 1297
73	44306	0.8	1	42278 2028
74	54201	0.8	1	51367 2834
75	58959	0.8	1	55838 3121
76	61072	0.8	1	57836 3236
77	62702	0.8	1	59151 3551
78	62976	0.8	1	59465 3511
79	62347	0.8	1	58754 3593
80	62628	0.8	1	59062 3566
81	64300	0.8	1	60678 3622
82	62857	0.8	1	59209 3648
83	65772	0.8	1	61996 3776
84	65758	0.8	1	62008 3750
85	65000	0.8	1	61215 3785
86	65285	0.8	1	61409 3876
87	65787	0.8	1	62021 3766
88	63770	0.8	1	60033 3737
89	64834	0.8	1	61011 3823
90	66199	0.8	1	62157 4042
91	65068	0.8	1	61200 3868
92	66634	0.8	1	62614 4020
93	68365	0.8	1	64188 4177
94	68158	0.8	1	64067 4091
95	68027	0.8	1	63972 4055
96	69513	0.8	1	65567 3946
97	67578	0.8	1	63763 3815
98	66826	0.8	1	62953 3873
99	68914	0.8	1	65009 3905
100	67338	0.8	1	63553 3785
101	68056	0.8	1	64272 3784
102	71287	0.8	1	67277 4010
103	70549	0.8	1	66824 3725
104	74184	0.8	1	70167 4017
105	77643	0.8	1	73538 4105
106	79337	0.8	1	75164 4173
107	81288	0.8	1	76931 4357
108	81625	0.8	1	77323 4302
109	82289	0.8	1	77910 4379
110	84727	0.8	1	80466 4261
111	88626	0.8	1	84023 4603
112	88980	0.8	1	84449 4531
113	91713	0.8	1	87074 4639
114	97358	0.8	1	92443 4915
115	102696	0.8	1	97654 5042
116	108466	0.8	1	103194 5272
117	111874	0.8	1	106567 5307
118	113468	0.8	1	108036 5432
119	115297	0.8	1	109686 5611
120	118872	0.8	1	113472 5400
121	117534	0.8	1	111822 5712
122	118935	0.8	1	113276 5659
123	121871	0.8	1	116242 5629
124	120952	0.8	1	115502 5450
125	121616	0.8	1	116145 5471
126	116140	0.8	1	110982 5158
127	108448	0.8	1	103725 4723
128	98094	0.8	1	93845 4249
129	82589	0.8	1	79036 3553
130	57021	0.8	1	54640 2381
131	33015	0.8	1	31571 1444
132	16730	0.8	1	15980 750
133	6364	0.8	1	6076 288
134	2128	0.8	1	2004 124
135	980	0.8	1	923 57
136	204	0.8	1	143 61
137	101	0.8	1	35 66
138	131	0.8	1	82 49
139	65	0.8	1	12 53
140	59	0.8	1	17 42
141	236	0.8	1	165 71
142	84	0.8	1	21 63
143	512	0.8	1	401 111
144	141	0.8	1	44 97
145	226	0.8	1	43 183
146	473	0.8	1	193 280
147	705	0.8	1	41 664
148	1922	0.8	1	27 1895
149	17346	0.8	1	78 17268
150	4544385	0.8	1	9057 4535328

=== Second read: Adapter 2 ===

Sequence: AGATCGGAAGAGC; Type: regular 3'; Length: 13; Trimmed: 10814422 times.

No. of allowed errors:
0-9 bp: 0; 10-13 bp: 1

Bases preceding removed adapters:
  A: 26.7%
  C: 4.2%
  G: 6.1%
  T: 62.9%
  none/other: 0.1%

Overview of removed sequences
length	count	expect	max.err	error counts
3	1014686	817385.7	0	1014686
4	260393	204346.4	0	260393
5	123477	51086.6	0	123477
6	83524	12771.7	0	83524
7	83166	3192.9	0	83166
8	90232	798.2	0	90232
9	68960	199.6	0	68033 927
10	81476	49.9	1	75845 5631
11	80584	12.5	1	74819 5765
12	83281	3.1	1	77713 5568
13	75624	0.8	1	71129 4495
14	81101	0.8	1	75266 5835
15	70800	0.8	1	66492 4308
16	73412	0.8	1	69090 4322
17	86354	0.8	1	80793 5561
18	61014	0.8	1	57595 3419
19	97857	0.8	1	92204 5653
20	58333	0.8	1	55037 3296
21	64869	0.8	1	61218 3651
22	66394	0.8	1	62645 3749
23	70899	0.8	1	66508 4391
24	168529	0.8	1	159770 8759
25	49477	0.8	1	46616 2861
26	43539	0.8	1	41121 2418
27	35868	0.8	1	33077 2791
28	110459	0.8	1	106015 4444
29	21892	0.8	1	19406 2486
30	110514	0.8	1	106057 4457
31	37980	0.8	1	34597 3383
32	211048	0.8	1	205101 5947
33	67817	0.8	1	63883 3934
34	22806	0.8	1	20495 2311
35	114576	0.8	1	110751 3825
36	43659	0.8	1	41265 2394
37	39883	0.8	1	37698 2185
38	44855	0.8	1	42930 1925
39	37866	0.8	1	36117 1749
40	32161	0.8	1	30519 1642
41	65743	0.8	1	63141 2602
42	92765	0.8	1	89676 3089
43	43681	0.8	1	41332 2349
44	72059	0.8	1	68933 3126
45	143374	0.8	1	139571 3803
46	52093	0.8	1	49494 2599
47	54979	0.8	1	52704 2275
48	105919	0.8	1	102638 3281
49	70371	0.8	1	67964 2407
50	38062	0.8	1	36104 1958
51	106544	0.8	1	103037 3507
52	143187	0.8	1	139509 3678
53	89645	0.8	1	86887 2758
54	73514	0.8	1	70740 2774
55	92153	0.8	1	89742 2411
56	46718	0.8	1	44857 1861
57	67706	0.8	1	65641 2065
58	66367	0.8	1	64445 1922
59	41894	0.8	1	40486 1408
60	27123	0.8	1	26066 1057
61	22327	0.8	1	21457 870
62	25957	0.8	1	24933 1024
63	30858	0.8	1	29746 1112
64	44441	0.8	1	42941 1500
65	51966	0.8	1	50259 1707
66	56850	0.8	1	55098 1752
67	55956	0.8	1	54094 1862
68	56994	0.8	1	55222 1772
69	57408	0.8	1	55595 1813
70	56926	0.8	1	55238 1688
71	62020	0.8	1	60153 1867
72	62482	0.8	1	60562 1920
73	63975	0.8	1	62006 1969
74	62913	0.8	1	61040 1873
75	63017	0.8	1	61199 1818
76	62538	0.8	1	60828 1710
77	63457	0.8	1	61607 1850
78	63988	0.8	1	62193 1795
79	62327	0.8	1	60641 1686
80	62470	0.8	1	60799 1671
81	64557	0.8	1	62924 1633
82	61803	0.8	1	60168 1635
83	64873	0.8	1	63174 1699
84	65192	0.8	1	63471 1721
85	64300	0.8	1	62594 1706
86	66261	0.8	1	64469 1792
87	67497	0.8	1	65780 1717
88	65932	0.8	1	64287 1645
89	64937	0.8	1	63303 1634
90	65169	0.8	1	63575 1594
91	63220	0.8	1	61694 1526
92	64950	0.8	1	63415 1535
93	67745	0.8	1	66036 1709
94	67528	0.8	1	65855 1673
95	67405	0.8	1	65847 1558
96	69216	0.8	1	67600 1616
97	66812	0.8	1	65311 1501
98	66225	0.8	1	64727 1498
99	69139	0.8	1	67562 1577
100	68058	0.8	1	66594 1464
101	68368	0.8	1	66841 1527
102	72306	0.8	1	70748 1558
103	69789	0.8	1	68245 1544
104	74029	0.8	1	72492 1537
105	77152	0.8	1	75573 1579
106	79232	0.8	1	77586 1646
107	80955	0.8	1	79349 1606
108	80495	0.8	1	78881 1614
109	81662	0.8	1	79979 1683
110	83983	0.8	1	82339 1644
111	89356	0.8	1	87486 1870
112	89849	0.8	1	88151 1698
113	92391	0.8	1	90619 1772
114	98495	0.8	1	96670 1825
115	101893	0.8	1	100059 1834
116	107746	0.8	1	105814 1932
117	110770	0.8	1	108779 1991
118	112786	0.8	1	110877 1909
119	114818	0.8	1	112802 2016
120	118213	0.8	1	116214 1999
121	117369	0.8	1	115478 1891
122	118843	0.8	1	116925 1918
123	121924	0.8	1	119945 1979
124	121098	0.8	1	119176 1922
125	121713	0.8	1	119749 1964
126	116421	0.8	1	114666 1755
127	108557	0.8	1	106916 1641
128	97957	0.8	1	96497 1460
129	82537	0.8	1	81243 1294
130	56889	0.8	1	56001 888
131	33009	0.8	1	32425 584
132	16703	0.8	1	16458 245
133	6371	0.8	1	6251 120
134	2127	0.8	1	2066 61
135	981	0.8	1	938 43
136	173	0.8	1	142 31
137	53	0.8	1	35 18
138	110	0.8	1	88 22
139	39	0.8	1	12 27
140	45	0.8	1	20 25
141	208	0.8	1	179 29
142	45	0.8	1	27 18
143	473	0.8	1	440 33
144	77	0.8	1	57 20
145	76	0.8	1	41 35
146	257	0.8	1	227 30
147	69	0.8	1	40 29
148	76	0.8	1	26 50
149	356	0.8	1	183 173
150	12627	0.8	1	9390 3237

