                                 Started job on |	Dec 04 13:14:51
                             Started mapping on |	Dec 04 14:31:31
                                    Finished on |	Dec 04 16:02:48
       Mapping speed, Million of reads per hour |	68.15

                          Number of input reads |	103685041
                      Average input read length |	293
                                    UNIQUE READS:
                   Uniquely mapped reads number |	64034070
                        Uniquely mapped reads % |	61.76%
                          Average mapped length |	291.46
                       Number of splices: Total |	48491545
            Number of splices: Annotated (sjdb) |	48345590
                       Number of splices: GT/AG |	47718542
                       Number of splices: GC/AG |	579817
                       Number of splices: AT/AC |	69885
               Number of splices: Non-canonical |	123301
                      Mismatch rate per base, % |	1.50%
                         Deletion rate per base |	0.03%
                        Deletion average length |	2.29
                        Insertion rate per base |	0.02%
                       Insertion average length |	1.93
                             MULTI-MAPPING READS:
        Number of reads mapped to multiple loci |	10466094
             % of reads mapped to multiple loci |	10.09%
        Number of reads mapped to too many loci |	2769
             % of reads mapped to too many loci |	0.00%
                                  UNMAPPED READS:
       % of reads unmapped: too many mismatches |	13.45%
                 % of reads unmapped: too short |	7.37%
                     % of reads unmapped: other |	7.33%
                                  CHIMERIC READS:
                       Number of chimeric reads |	76312
                            % of chimeric reads |	0.07%
