INFO  @ Tue, 16 Nov 2021 16:03:06: 
# Command line: callpeak -t ESC_RA-_Rarg_PT_10k_rep1.duprm.bam -f BAMPE -g mm -n ESC_RA-_Rarg_PT_10k_rep1 -B -q 0.05 --keep-dup 1 --outdir /home1/gyang/work_space/4.ProjectET/batch23_cr/6.peak
# ARGUMENTS LIST:
# name = ESC_RA-_Rarg_PT_10k_rep1
# format = BAMPE
# ChIP-seq file = ['ESC_RA-_Rarg_PT_10k_rep1.duprm.bam']
# control file = None
# effective genome size = 1.87e+09
# band width = 300
# model fold = [5, 50]
# qvalue cutoff = 5.00e-02
# Larger dataset will be scaled towards smaller dataset.
# Range for calculating regional lambda is: 10000 bps
# Broad region calling is off
# Paired-End mode is on
 
INFO  @ Tue, 16 Nov 2021 16:03:06: #1 read fragment files... 
INFO  @ Tue, 16 Nov 2021 16:03:06: #1 read treatment fragments... 
INFO  @ Tue, 16 Nov 2021 16:03:20:  1000000 
INFO  @ Tue, 16 Nov 2021 16:03:41:  2000000 
INFO  @ Tue, 16 Nov 2021 16:04:03:  3000000 
INFO  @ Tue, 16 Nov 2021 16:04:25:  4000000 
INFO  @ Tue, 16 Nov 2021 16:04:47:  5000000 
INFO  @ Tue, 16 Nov 2021 16:05:09:  6000000 
INFO  @ Tue, 16 Nov 2021 16:05:31:  7000000 
INFO  @ Tue, 16 Nov 2021 16:05:54:  8000000 
INFO  @ Tue, 16 Nov 2021 16:06:17:  9000000 
INFO  @ Tue, 16 Nov 2021 16:06:39:  10000000 
INFO  @ Tue, 16 Nov 2021 16:07:02:  11000000 
INFO  @ Tue, 16 Nov 2021 16:07:24:  12000000 
INFO  @ Tue, 16 Nov 2021 16:07:47:  13000000 
INFO  @ Tue, 16 Nov 2021 16:08:09:  14000000 
INFO  @ Tue, 16 Nov 2021 16:08:31:  15000000 
INFO  @ Tue, 16 Nov 2021 16:08:53:  16000000 
INFO  @ Tue, 16 Nov 2021 16:09:15:  17000000 
INFO  @ Tue, 16 Nov 2021 16:09:37:  18000000 
INFO  @ Tue, 16 Nov 2021 16:09:59:  19000000 
INFO  @ Tue, 16 Nov 2021 16:10:20:  20000000 
INFO  @ Tue, 16 Nov 2021 16:10:42:  21000000 
INFO  @ Tue, 16 Nov 2021 16:11:02:  22000000 
INFO  @ Tue, 16 Nov 2021 16:11:24:  23000000 
INFO  @ Tue, 16 Nov 2021 16:11:44:  24000000 
INFO  @ Tue, 16 Nov 2021 16:12:04:  25000000 
INFO  @ Tue, 16 Nov 2021 16:12:23:  26000000 
INFO  @ Tue, 16 Nov 2021 16:12:41:  27000000 
INFO  @ Tue, 16 Nov 2021 16:13:17: #1 mean fragment size is determined as 213 bp from treatment 
INFO  @ Tue, 16 Nov 2021 16:13:17: #1 fragment size = 213 
INFO  @ Tue, 16 Nov 2021 16:13:17: #1  total fragments in treatment: 27559031 
INFO  @ Tue, 16 Nov 2021 16:13:17: #1 user defined the maximum fragments... 
INFO  @ Tue, 16 Nov 2021 16:13:17: #1 filter out redundant fragments by allowing at most 1 identical fragment(s) 
INFO  @ Tue, 16 Nov 2021 16:14:25: #1  fragments after filtering in treatment: 27553554 
INFO  @ Tue, 16 Nov 2021 16:14:25: #1  Redundant rate of treatment: 0.00 
INFO  @ Tue, 16 Nov 2021 16:14:25: #1 finished! 
INFO  @ Tue, 16 Nov 2021 16:14:25: #2 Build Peak Model... 
INFO  @ Tue, 16 Nov 2021 16:14:25: #2 Skipped... 
INFO  @ Tue, 16 Nov 2021 16:14:25: #2 Use 213 as fragment length 
INFO  @ Tue, 16 Nov 2021 16:14:25: #3 Call peaks... 
INFO  @ Tue, 16 Nov 2021 16:14:25: #3 Pre-compute pvalue-qvalue table... 
INFO  @ Tue, 16 Nov 2021 16:16:04: #3 In the peak calling step, the following will be performed simultaneously: 
INFO  @ Tue, 16 Nov 2021 16:16:04: #3   Write bedGraph files for treatment pileup (after scaling if necessary)... ESC_RA-_Rarg_PT_10k_rep1_treat_pileup.bdg 
INFO  @ Tue, 16 Nov 2021 16:16:04: #3   Write bedGraph files for control lambda (after scaling if necessary)... ESC_RA-_Rarg_PT_10k_rep1_control_lambda.bdg 
INFO  @ Tue, 16 Nov 2021 16:16:04: #3   Pileup will be based on sequencing depth in treatment. 
INFO  @ Tue, 16 Nov 2021 16:16:04: #3 Call peaks for each chromosome... 
INFO  @ Tue, 16 Nov 2021 16:18:58: #4 Write output xls file... /home1/gyang/work_space/4.ProjectET/batch23_cr/6.peak/ESC_RA-_Rarg_PT_10k_rep1_peaks.xls 
INFO  @ Tue, 16 Nov 2021 16:18:58: #4 Write peak in narrowPeak format file... /home1/gyang/work_space/4.ProjectET/batch23_cr/6.peak/ESC_RA-_Rarg_PT_10k_rep1_peaks.narrowPeak 
INFO  @ Tue, 16 Nov 2021 16:18:58: #4 Write summits bed file... /home1/gyang/work_space/4.ProjectET/batch23_cr/6.peak/ESC_RA-_Rarg_PT_10k_rep1_summits.bed 
INFO  @ Tue, 16 Nov 2021 16:18:58: Done! 
