INFO  @ Tue, 16 Nov 2021 16:03:06: 
# Command line: callpeak -t ESC_RA-_Rarg_SC_10k_rep1.duprm.bam -f BAMPE -g mm -n ESC_RA-_Rarg_SC_10k_rep1 -B -q 0.05 --keep-dup 1 --outdir /home1/gyang/work_space/4.ProjectET/batch23_cr/6.peak
# ARGUMENTS LIST:
# name = ESC_RA-_Rarg_SC_10k_rep1
# format = BAMPE
# ChIP-seq file = ['ESC_RA-_Rarg_SC_10k_rep1.duprm.bam']
# control file = None
# effective genome size = 1.87e+09
# band width = 300
# model fold = [5, 50]
# qvalue cutoff = 5.00e-02
# Larger dataset will be scaled towards smaller dataset.
# Range for calculating regional lambda is: 10000 bps
# Broad region calling is off
# Paired-End mode is on
 
INFO  @ Tue, 16 Nov 2021 16:03:06: #1 read fragment files... 
INFO  @ Tue, 16 Nov 2021 16:03:06: #1 read treatment fragments... 
INFO  @ Tue, 16 Nov 2021 16:03:20:  1000000 
INFO  @ Tue, 16 Nov 2021 16:03:40:  2000000 
INFO  @ Tue, 16 Nov 2021 16:04:02:  3000000 
INFO  @ Tue, 16 Nov 2021 16:04:24:  4000000 
INFO  @ Tue, 16 Nov 2021 16:04:46:  5000000 
INFO  @ Tue, 16 Nov 2021 16:05:08:  6000000 
INFO  @ Tue, 16 Nov 2021 16:05:30:  7000000 
INFO  @ Tue, 16 Nov 2021 16:05:53:  8000000 
INFO  @ Tue, 16 Nov 2021 16:06:15:  9000000 
INFO  @ Tue, 16 Nov 2021 16:06:38:  10000000 
INFO  @ Tue, 16 Nov 2021 16:07:00:  11000000 
INFO  @ Tue, 16 Nov 2021 16:07:22:  12000000 
INFO  @ Tue, 16 Nov 2021 16:07:45:  13000000 
INFO  @ Tue, 16 Nov 2021 16:08:06:  14000000 
INFO  @ Tue, 16 Nov 2021 16:08:29:  15000000 
INFO  @ Tue, 16 Nov 2021 16:08:51:  16000000 
INFO  @ Tue, 16 Nov 2021 16:09:13:  17000000 
INFO  @ Tue, 16 Nov 2021 16:09:35:  18000000 
INFO  @ Tue, 16 Nov 2021 16:09:57:  19000000 
INFO  @ Tue, 16 Nov 2021 16:10:19:  20000000 
INFO  @ Tue, 16 Nov 2021 16:10:40:  21000000 
INFO  @ Tue, 16 Nov 2021 16:11:13: #1 mean fragment size is determined as 221 bp from treatment 
INFO  @ Tue, 16 Nov 2021 16:11:13: #1 fragment size = 221 
INFO  @ Tue, 16 Nov 2021 16:11:13: #1  total fragments in treatment: 21484304 
INFO  @ Tue, 16 Nov 2021 16:11:13: #1 user defined the maximum fragments... 
INFO  @ Tue, 16 Nov 2021 16:11:13: #1 filter out redundant fragments by allowing at most 1 identical fragment(s) 
INFO  @ Tue, 16 Nov 2021 16:12:37: #1  fragments after filtering in treatment: 21480383 
INFO  @ Tue, 16 Nov 2021 16:12:37: #1  Redundant rate of treatment: 0.00 
INFO  @ Tue, 16 Nov 2021 16:12:37: #1 finished! 
INFO  @ Tue, 16 Nov 2021 16:12:37: #2 Build Peak Model... 
INFO  @ Tue, 16 Nov 2021 16:12:37: #2 Skipped... 
INFO  @ Tue, 16 Nov 2021 16:12:37: #2 Use 221 as fragment length 
INFO  @ Tue, 16 Nov 2021 16:12:37: #3 Call peaks... 
INFO  @ Tue, 16 Nov 2021 16:12:37: #3 Pre-compute pvalue-qvalue table... 
INFO  @ Tue, 16 Nov 2021 16:14:11: #3 In the peak calling step, the following will be performed simultaneously: 
INFO  @ Tue, 16 Nov 2021 16:14:11: #3   Write bedGraph files for treatment pileup (after scaling if necessary)... ESC_RA-_Rarg_SC_10k_rep1_treat_pileup.bdg 
INFO  @ Tue, 16 Nov 2021 16:14:11: #3   Write bedGraph files for control lambda (after scaling if necessary)... ESC_RA-_Rarg_SC_10k_rep1_control_lambda.bdg 
INFO  @ Tue, 16 Nov 2021 16:14:11: #3   Pileup will be based on sequencing depth in treatment. 
INFO  @ Tue, 16 Nov 2021 16:14:11: #3 Call peaks for each chromosome... 
INFO  @ Tue, 16 Nov 2021 16:16:33: #4 Write output xls file... /home1/gyang/work_space/4.ProjectET/batch23_cr/6.peak/ESC_RA-_Rarg_SC_10k_rep1_peaks.xls 
INFO  @ Tue, 16 Nov 2021 16:16:33: #4 Write peak in narrowPeak format file... /home1/gyang/work_space/4.ProjectET/batch23_cr/6.peak/ESC_RA-_Rarg_SC_10k_rep1_peaks.narrowPeak 
INFO  @ Tue, 16 Nov 2021 16:16:33: #4 Write summits bed file... /home1/gyang/work_space/4.ProjectET/batch23_cr/6.peak/ESC_RA-_Rarg_SC_10k_rep1_summits.bed 
INFO  @ Tue, 16 Nov 2021 16:16:33: Done! 
