INFO  @ Sat, 11 Dec 2021 23:17:49: 
# Command line: callpeak -t TE_Klf5_rep2.duprm.bam -f BAMPE -g mm -n TE_Klf5_rep2 -B -q 0.05 --keep-dup 1 --outdir /home1/gyang/work_space/4.ProjectET/batch28_cr/6.peak
# ARGUMENTS LIST:
# name = TE_Klf5_rep2
# format = BAMPE
# ChIP-seq file = ['TE_Klf5_rep2.duprm.bam']
# control file = None
# effective genome size = 1.87e+09
# band width = 300
# model fold = [5, 50]
# qvalue cutoff = 5.00e-02
# Larger dataset will be scaled towards smaller dataset.
# Range for calculating regional lambda is: 10000 bps
# Broad region calling is off
# Paired-End mode is on
 
INFO  @ Sat, 11 Dec 2021 23:17:49: #1 read fragment files... 
INFO  @ Sat, 11 Dec 2021 23:17:49: #1 read treatment fragments... 
INFO  @ Sat, 11 Dec 2021 23:18:03:  1000000 
INFO  @ Sat, 11 Dec 2021 23:18:16:  2000000 
INFO  @ Sat, 11 Dec 2021 23:18:29:  3000000 
INFO  @ Sat, 11 Dec 2021 23:18:42:  4000000 
INFO  @ Sat, 11 Dec 2021 23:18:55:  5000000 
INFO  @ Sat, 11 Dec 2021 23:19:09:  6000000 
INFO  @ Sat, 11 Dec 2021 23:19:22:  7000000 
INFO  @ Sat, 11 Dec 2021 23:19:35:  8000000 
INFO  @ Sat, 11 Dec 2021 23:19:48:  9000000 
INFO  @ Sat, 11 Dec 2021 23:20:01:  10000000 
INFO  @ Sat, 11 Dec 2021 23:20:15:  11000000 
INFO  @ Sat, 11 Dec 2021 23:20:28:  12000000 
INFO  @ Sat, 11 Dec 2021 23:20:41:  13000000 
INFO  @ Sat, 11 Dec 2021 23:20:54:  14000000 
INFO  @ Sat, 11 Dec 2021 23:21:07:  15000000 
INFO  @ Sat, 11 Dec 2021 23:21:21:  16000000 
INFO  @ Sat, 11 Dec 2021 23:21:34:  17000000 
INFO  @ Sat, 11 Dec 2021 23:21:47:  18000000 
INFO  @ Sat, 11 Dec 2021 23:22:00:  19000000 
INFO  @ Sat, 11 Dec 2021 23:22:13:  20000000 
INFO  @ Sat, 11 Dec 2021 23:22:27:  21000000 
INFO  @ Sat, 11 Dec 2021 23:22:40:  22000000 
INFO  @ Sat, 11 Dec 2021 23:22:53:  23000000 
INFO  @ Sat, 11 Dec 2021 23:23:19: #1 mean fragment size is determined as 215 bp from treatment 
INFO  @ Sat, 11 Dec 2021 23:23:19: #1 fragment size = 215 
INFO  @ Sat, 11 Dec 2021 23:23:19: #1  total fragments in treatment: 23949394 
INFO  @ Sat, 11 Dec 2021 23:23:19: #1 user defined the maximum fragments... 
INFO  @ Sat, 11 Dec 2021 23:23:19: #1 filter out redundant fragments by allowing at most 1 identical fragment(s) 
INFO  @ Sat, 11 Dec 2021 23:24:08: #1  fragments after filtering in treatment: 23938732 
INFO  @ Sat, 11 Dec 2021 23:24:08: #1  Redundant rate of treatment: 0.00 
INFO  @ Sat, 11 Dec 2021 23:24:08: #1 finished! 
INFO  @ Sat, 11 Dec 2021 23:24:08: #2 Build Peak Model... 
INFO  @ Sat, 11 Dec 2021 23:24:08: #2 Skipped... 
INFO  @ Sat, 11 Dec 2021 23:24:08: #2 Use 215 as fragment length 
INFO  @ Sat, 11 Dec 2021 23:24:08: #3 Call peaks... 
INFO  @ Sat, 11 Dec 2021 23:24:08: #3 Pre-compute pvalue-qvalue table... 
INFO  @ Sat, 11 Dec 2021 23:25:37: #3 In the peak calling step, the following will be performed simultaneously: 
INFO  @ Sat, 11 Dec 2021 23:25:37: #3   Write bedGraph files for treatment pileup (after scaling if necessary)... TE_Klf5_rep2_treat_pileup.bdg 
INFO  @ Sat, 11 Dec 2021 23:25:37: #3   Write bedGraph files for control lambda (after scaling if necessary)... TE_Klf5_rep2_control_lambda.bdg 
INFO  @ Sat, 11 Dec 2021 23:25:37: #3   Pileup will be based on sequencing depth in treatment. 
INFO  @ Sat, 11 Dec 2021 23:25:37: #3 Call peaks for each chromosome... 
INFO  @ Sat, 11 Dec 2021 23:28:56: #4 Write output xls file... /home1/gyang/work_space/4.ProjectET/batch28_cr/6.peak/TE_Klf5_rep2_peaks.xls 
INFO  @ Sat, 11 Dec 2021 23:28:56: #4 Write peak in narrowPeak format file... /home1/gyang/work_space/4.ProjectET/batch28_cr/6.peak/TE_Klf5_rep2_peaks.narrowPeak 
INFO  @ Sat, 11 Dec 2021 23:28:57: #4 Write summits bed file... /home1/gyang/work_space/4.ProjectET/batch28_cr/6.peak/TE_Klf5_rep2_summits.bed 
INFO  @ Sat, 11 Dec 2021 23:28:57: Done! 
