This is cutadapt 1.18 with Python 3.7.0
Command line parameters: -j 3 -a AGATCGGAAGAGC -A AGATCGGAAGAGC --trim-n -m 80 -q 20,20 -o /home1/gyang/work_space/4.ProjectET/batch20_rna/2.cutdata/8Cell_Ctrl_rep3.R1_cut.fq -p /home1/gyang/work_space/4.ProjectET/batch20_rna/2.cutdata/8Cell_Ctrl_rep3.R2_cut.fq 8Cell_Ctrl_rep3.R1.fq.gz 8Cell_Ctrl_rep3.R2.fq.gz
Processing reads on 3 cores in paired-end mode ...
Finished in 1005.13 s (33 us/read; 1.81 M reads/minute).

=== Summary ===

Total read pairs processed:         30,341,551
  Read 1 with adapter:                 786,686 (2.6%)
  Read 2 with adapter:               1,099,900 (3.6%)
Pairs that were too short:              85,332 (0.3%)
Pairs written (passing filters):    30,256,219 (99.7%)

Total basepairs processed: 9,102,465,300 bp
  Read 1: 4,551,232,650 bp
  Read 2: 4,551,232,650 bp
Quality-trimmed:              21,985,115 bp (0.2%)
  Read 1:    11,943,227 bp
  Read 2:    10,041,888 bp
Total written (filtered):  9,051,193,661 bp (99.4%)
  Read 1: 4,525,308,353 bp
  Read 2: 4,525,885,308 bp

=== First read: Adapter 1 ===

Sequence: AGATCGGAAGAGC; Type: regular 3'; Length: 13; Trimmed: 786686 times.

No. of allowed errors:
0-9 bp: 0; 10-13 bp: 1

Bases preceding removed adapters:
  A: 21.5%
  C: 38.9%
  G: 23.2%
  T: 16.4%
  none/other: 0.0%

Overview of removed sequences
length	count	expect	max.err	error counts
3	519578	474086.7	0	519578
4	113310	118521.7	0	113310
5	25714	29630.4	0	25714
6	6336	7407.6	0	6336
7	3834	1851.9	0	3834
8	3393	463.0	0	3393
9	4531	115.7	0	3892 639
10	3701	28.9	1	2165 1536
11	5665	7.2	1	3208 2457
12	3915	1.8	1	2369 1546
13	3878	0.5	1	2318 1560
14	4112	0.5	1	2313 1799
15	4064	0.5	1	2292 1772
16	4673	0.5	1	2568 2105
17	6082	0.5	1	3328 2754
18	2943	0.5	1	1887 1056
19	1959	0.5	1	1206 753
20	3341	0.5	1	2063 1278
21	2257	0.5	1	1448 809
22	2535	0.5	1	1476 1059
23	2401	0.5	1	1411 990
24	3918	0.5	1	2089 1829
25	3232	0.5	1	1561 1671
26	1821	0.5	1	1095 726
27	2228	0.5	1	1392 836
28	2492	0.5	1	1518 974
29	3000	0.5	1	1694 1306
30	2076	0.5	1	1242 834
31	1751	0.5	1	1138 613
32	1891	0.5	1	1192 699
33	2448	0.5	1	1504 944
34	2327	0.5	1	1384 943
35	2629	0.5	1	1543 1086
36	1330	0.5	1	899 431
37	3140	0.5	1	1966 1174
38	1108	0.5	1	719 389
39	2069	0.5	1	1302 767
40	2421	0.5	1	1486 935
41	981	0.5	1	626 355
42	1377	0.5	1	899 478
43	1901	0.5	1	1077 824
44	1791	0.5	1	1035 756
45	1236	0.5	1	797 439
46	579	0.5	1	323 256
47	654	0.5	1	389 265
48	1225	0.5	1	733 492
49	653	0.5	1	392 261
50	524	0.5	1	308 216
51	994	0.5	1	609 385
52	606	0.5	1	376 230
53	325	0.5	1	195 130
54	431	0.5	1	256 175
55	537	0.5	1	315 222
56	323	0.5	1	194 129
57	314	0.5	1	186 128
58	298	0.5	1	181 117
59	295	0.5	1	169 126
60	133	0.5	1	69 64
61	127	0.5	1	56 71
62	238	0.5	1	136 102
63	118	0.5	1	60 58
64	126	0.5	1	66 60
65	152	0.5	1	69 83
66	207	0.5	1	130 77
67	156	0.5	1	77 79
68	178	0.5	1	91 87
69	133	0.5	1	76 57
70	151	0.5	1	68 83
71	87	0.5	1	36 51
72	72	0.5	1	31 41
73	99	0.5	1	46 53
74	146	0.5	1	59 87
75	132	0.5	1	57 75
76	120	0.5	1	63 57
77	133	0.5	1	64 69
78	103	0.5	1	48 55
79	82	0.5	1	30 52
80	48	0.5	1	20 28
81	26	0.5	1	13 13
82	35	0.5	1	7 28
83	12	0.5	1	2 10
84	26	0.5	1	0 26
85	8	0.5	1	3 5
86	23	0.5	1	2 21
87	9	0.5	1	2 7
88	22	0.5	1	1 21
89	14	0.5	1	0 14
90	20	0.5	1	1 19
91	7	0.5	1	0 7
92	4	0.5	1	0 4
93	8	0.5	1	1 7
94	3	0.5	1	1 2
95	7	0.5	1	1 6
96	6	0.5	1	1 5
97	6	0.5	1	2 4
98	29	0.5	1	0 29
99	7	0.5	1	1 6
100	7	0.5	1	0 7
101	8	0.5	1	0 8
102	9	0.5	1	1 8
103	10	0.5	1	2 8
104	15	0.5	1	0 15
105	9	0.5	1	0 9
106	11	0.5	1	1 10
107	8	0.5	1	2 6
108	10	0.5	1	1 9
109	7	0.5	1	2 5
110	13	0.5	1	1 12
111	15	0.5	1	0 15
112	9	0.5	1	0 9
113	18	0.5	1	0 18
114	17	0.5	1	0 17
115	3	0.5	1	0 3
116	42	0.5	1	1 41
117	16	0.5	1	0 16
118	17	0.5	1	1 16
119	29	0.5	1	0 29
120	17	0.5	1	0 17
121	15	0.5	1	0 15
122	13	0.5	1	1 12
123	16	0.5	1	0 16
124	14	0.5	1	1 13
125	7	0.5	1	0 7
126	14	0.5	1	1 13
127	8	0.5	1	0 8
128	2	0.5	1	0 2
129	17	0.5	1	0 17
130	8	0.5	1	0 8
131	4	0.5	1	0 4
132	8	0.5	1	1 7
133	9	0.5	1	0 9
134	4	0.5	1	1 3
135	4	0.5	1	1 3
136	6	0.5	1	0 6
137	7	0.5	1	0 7
138	4	0.5	1	0 4
139	12	0.5	1	0 12
140	5	0.5	1	1 4
141	6	0.5	1	1 5
142	16	0.5	1	0 16
143	15	0.5	1	0 15
144	7	0.5	1	0 7
145	5	0.5	1	2 3
146	5	0.5	1	0 5
148	1	0.5	1	0 1
149	2	0.5	1	0 2
150	2	0.5	1	1 1

=== Second read: Adapter 2 ===

Sequence: AGATCGGAAGAGC; Type: regular 3'; Length: 13; Trimmed: 1099900 times.

No. of allowed errors:
0-9 bp: 0; 10-13 bp: 1

Bases preceding removed adapters:
  A: 32.5%
  C: 26.3%
  G: 28.7%
  T: 12.4%
  none/other: 0.0%

Overview of removed sequences
length	count	expect	max.err	error counts
3	742964	474086.7	0	742964
4	138790	118521.7	0	138790
5	33541	29630.4	0	33541
6	8984	7407.6	0	8984
7	6903	1851.9	0	6903
8	6487	463.0	0	6487
9	5102	115.7	0	4372 730
10	7906	28.9	1	5557 2349
11	7062	7.2	1	5062 2000
12	6711	1.8	1	4919 1792
13	5745	0.5	1	4395 1350
14	7233	0.5	1	5285 1948
15	4800	0.5	1	3899 901
16	6373	0.5	1	5159 1214
17	7221	0.5	1	5538 1683
18	2940	0.5	1	2292 648
19	7086	0.5	1	5178 1908
20	3729	0.5	1	2954 775
21	3322	0.5	1	2605 717
22	3792	0.5	1	2840 952
23	3464	0.5	1	2554 910
24	5864	0.5	1	3705 2159
25	3107	0.5	1	2364 743
26	2928	0.5	1	1994 934
27	3830	0.5	1	2458 1372
28	2895	0.5	1	2091 804
29	3153	0.5	1	2222 931
30	4066	0.5	1	2862 1204
31	2611	0.5	1	1941 670
32	3733	0.5	1	2473 1260
33	3782	0.5	1	2567 1215
34	2975	0.5	1	2135 840
35	2554	0.5	1	1786 768
36	6315	0.5	1	4171 2144
37	2552	0.5	1	1973 579
38	1697	0.5	1	1159 538
39	1331	0.5	1	963 368
40	1307	0.5	1	991 316
41	1399	0.5	1	930 469
42	2131	0.5	1	1582 549
43	1173	0.5	1	805 368
44	2921	0.5	1	2343 578
45	1472	0.5	1	1053 419
46	643	0.5	1	426 217
47	1400	0.5	1	1083 317
48	682	0.5	1	482 200
49	828	0.5	1	631 197
50	595	0.5	1	426 169
51	637	0.5	1	478 159
52	442	0.5	1	298 144
53	691	0.5	1	536 155
54	900	0.5	1	710 190
55	336	0.5	1	221 115
56	450	0.5	1	307 143
57	719	0.5	1	498 221
58	335	0.5	1	217 118
59	196	0.5	1	105 91
60	406	0.5	1	283 123
61	183	0.5	1	105 78
62	153	0.5	1	75 78
63	277	0.5	1	193 84
64	334	0.5	1	223 111
65	193	0.5	1	102 91
66	188	0.5	1	114 74
67	179	0.5	1	90 89
68	146	0.5	1	62 84
69	112	0.5	1	42 70
70	171	0.5	1	87 84
71	129	0.5	1	70 59
72	135	0.5	1	59 76
73	151	0.5	1	77 74
74	134	0.5	1	68 66
75	134	0.5	1	65 69
76	141	0.5	1	50 91
77	145	0.5	1	54 91
78	119	0.5	1	54 65
79	103	0.5	1	48 55
80	82	0.5	1	32 50
81	83	0.5	1	14 69
82	59	0.5	1	16 43
83	66	0.5	1	7 59
84	49	0.5	1	7 42
85	42	0.5	1	8 34
86	34	0.5	1	8 26
87	48	0.5	1	6 42
88	49	0.5	1	5 44
89	39	0.5	1	1 38
90	50	0.5	1	3 47
91	49	0.5	1	3 46
92	33	0.5	1	1 32
93	40	0.5	1	2 38
94	76	0.5	1	3 73
95	55	0.5	1	0 55
96	33	0.5	1	1 32
97	30	0.5	1	1 29
98	51	0.5	1	4 47
99	38	0.5	1	2 36
100	60	0.5	1	6 54
101	61	0.5	1	10 51
102	60	0.5	1	9 51
103	67	0.5	1	6 61
104	65	0.5	1	5 60
105	48	0.5	1	5 43
106	47	0.5	1	7 40
107	53	0.5	1	3 50
108	68	0.5	1	13 55
109	69	0.5	1	6 63
110	58	0.5	1	2 56
111	50	0.5	1	4 46
112	135	0.5	1	7 128
113	46	0.5	1	9 37
114	38	0.5	1	7 31
115	80	0.5	1	5 75
116	50	0.5	1	9 41
117	48	0.5	1	7 41
118	26	0.5	1	2 24
119	42	0.5	1	4 38
120	42	0.5	1	6 36
121	34	0.5	1	6 28
122	60	0.5	1	8 52
123	64	0.5	1	2 62
124	61	0.5	1	0 61
125	37	0.5	1	0 37
126	48	0.5	1	3 45
127	39	0.5	1	0 39
128	43	0.5	1	0 43
129	64	0.5	1	5 59
130	72	0.5	1	3 69
131	42	0.5	1	0 42
132	42	0.5	1	1 41
133	47	0.5	1	0 47
134	21	0.5	1	0 21
135	19	0.5	1	0 19
136	49	0.5	1	2 47
137	50	0.5	1	0 50
138	133	0.5	1	2 131
139	47	0.5	1	0 47
140	34	0.5	1	1 33
141	42	0.5	1	0 42
142	68	0.5	1	0 68
143	25	0.5	1	0 25
144	48	0.5	1	0 48
145	54	0.5	1	0 54
146	41	0.5	1	0 41
147	54	0.5	1	0 54
149	3	0.5	1	0 3
150	2	0.5	1	1 1

