This is cutadapt 1.18 with Python 3.7.0
Command line parameters: -j 3 -a AGATCGGAAGAGC -A AGATCGGAAGAGC --trim-n -m 80 -q 20,20 -o /home1/gyang/work_space/4.ProjectET/batch20_rna/2.cutdata/8Cell_Ctrl_rep1.R1_cut.fq -p /home1/gyang/work_space/4.ProjectET/batch20_rna/2.cutdata/8Cell_Ctrl_rep1.R2_cut.fq 8Cell_Ctrl_rep1.R1.fq.gz 8Cell_Ctrl_rep1.R2.fq.gz
Processing reads on 3 cores in paired-end mode ...
Finished in 1034.63 s (32 us/read; 1.86 M reads/minute).

=== Summary ===

Total read pairs processed:         32,085,619
  Read 1 with adapter:                 783,310 (2.4%)
  Read 2 with adapter:               1,061,667 (3.3%)
Pairs that were too short:              94,576 (0.3%)
Pairs written (passing filters):    31,991,043 (99.7%)

Total basepairs processed: 9,625,685,700 bp
  Read 1: 4,812,842,850 bp
  Read 2: 4,812,842,850 bp
Quality-trimmed:              24,734,031 bp (0.3%)
  Read 1:    11,884,018 bp
  Read 2:    12,850,013 bp
Total written (filtered):  9,572,080,989 bp (99.4%)
  Read 1: 4,786,445,866 bp
  Read 2: 4,785,635,123 bp

=== First read: Adapter 1 ===

Sequence: AGATCGGAAGAGC; Type: regular 3'; Length: 13; Trimmed: 783310 times.

No. of allowed errors:
0-9 bp: 0; 10-13 bp: 1

Bases preceding removed adapters:
  A: 22.8%
  C: 35.5%
  G: 24.7%
  T: 17.0%
  none/other: 0.0%

Overview of removed sequences
length	count	expect	max.err	error counts
3	553252	501337.8	0	553252
4	115570	125334.4	0	115570
5	24715	31333.6	0	24715
6	5192	7833.4	0	5192
7	2651	1958.4	0	2651
8	2472	489.6	0	2472
9	3458	122.4	0	2861 597
10	2770	30.6	1	1609 1161
11	4336	7.6	1	2351 1985
12	2684	1.9	1	1652 1032
13	2571	0.5	1	1435 1136
14	2999	0.5	1	1778 1221
15	2703	0.5	1	1506 1197
16	3293	0.5	1	1747 1546
17	4322	0.5	1	2309 2013
18	1837	0.5	1	1203 634
19	1470	0.5	1	859 611
20	1984	0.5	1	1153 831
21	1550	0.5	1	973 577
22	1541	0.5	1	919 622
23	1841	0.5	1	1095 746
24	2668	0.5	1	1449 1219
25	2202	0.5	1	960 1242
26	1107	0.5	1	612 495
27	1556	0.5	1	978 578
28	1865	0.5	1	1078 787
29	1962	0.5	1	1093 869
30	1464	0.5	1	835 629
31	1049	0.5	1	687 362
32	1254	0.5	1	743 511
33	1535	0.5	1	911 624
34	1721	0.5	1	1063 658
35	1988	0.5	1	1132 856
36	837	0.5	1	550 287
37	952	0.5	1	588 364
38	1768	0.5	1	1035 733
39	1102	0.5	1	676 426
40	790	0.5	1	491 299
41	1219	0.5	1	768 451
42	1062	0.5	1	662 400
43	1512	0.5	1	920 592
44	1035	0.5	1	564 471
45	1185	0.5	1	759 426
46	462	0.5	1	265 197
47	589	0.5	1	329 260
48	1233	0.5	1	804 429
49	476	0.5	1	292 184
50	300	0.5	1	167 133
51	740	0.5	1	487 253
52	376	0.5	1	253 123
53	122	0.5	1	64 58
54	298	0.5	1	163 135
55	359	0.5	1	195 164
56	201	0.5	1	106 95
57	137	0.5	1	67 70
58	151	0.5	1	78 73
59	160	0.5	1	86 74
60	86	0.5	1	30 56
61	81	0.5	1	27 54
62	133	0.5	1	69 64
63	52	0.5	1	26 26
64	43	0.5	1	22 21
65	91	0.5	1	45 46
66	131	0.5	1	70 61
67	75	0.5	1	27 48
68	120	0.5	1	39 81
69	98	0.5	1	45 53
70	135	0.5	1	75 60
71	52	0.5	1	30 22
72	47	0.5	1	19 28
73	52	0.5	1	21 31
74	114	0.5	1	41 73
75	82	0.5	1	33 49
76	96	0.5	1	44 52
77	111	0.5	1	50 61
78	102	0.5	1	40 62
79	67	0.5	1	31 36
80	35	0.5	1	14 21
81	38	0.5	1	14 24
82	23	0.5	1	5 18
83	19	0.5	1	3 16
84	38	0.5	1	3 35
85	13	0.5	1	1 12
86	26	0.5	1	2 24
87	17	0.5	1	1 16
88	8	0.5	1	2 6
89	17	0.5	1	0 17
90	11	0.5	1	0 11
91	13	0.5	1	2 11
92	18	0.5	1	0 18
93	12	0.5	1	1 11
94	13	0.5	1	0 13
95	15	0.5	1	0 15
96	5	0.5	1	0 5
97	10	0.5	1	0 10
98	12	0.5	1	0 12
99	15	0.5	1	1 14
100	10	0.5	1	1 9
101	12	0.5	1	0 12
102	7	0.5	1	1 6
103	14	0.5	1	1 13
104	16	0.5	1	1 15
105	11	0.5	1	2 9
106	12	0.5	1	0 12
107	17	0.5	1	0 17
108	14	0.5	1	1 13
109	3	0.5	1	0 3
110	11	0.5	1	1 10
111	16	0.5	1	1 15
112	20	0.5	1	1 19
113	25	0.5	1	1 24
114	6	0.5	1	0 6
115	12	0.5	1	0 12
116	38	0.5	1	1 37
117	13	0.5	1	2 11
118	15	0.5	1	0 15
119	24	0.5	1	1 23
120	11	0.5	1	0 11
121	25	0.5	1	1 24
122	7	0.5	1	0 7
123	14	0.5	1	0 14
124	8	0.5	1	0 8
125	3	0.5	1	0 3
126	14	0.5	1	0 14
127	13	0.5	1	1 12
128	9	0.5	1	0 9
129	21	0.5	1	0 21
130	5	0.5	1	0 5
131	8	0.5	1	0 8
132	9	0.5	1	0 9
133	9	0.5	1	0 9
134	5	0.5	1	0 5
135	6	0.5	1	1 5
136	4	0.5	1	1 3
137	7	0.5	1	0 7
138	8	0.5	1	0 8
139	1	0.5	1	0 1
140	3	0.5	1	0 3
141	7	0.5	1	0 7
142	14	0.5	1	0 14
144	12	0.5	1	0 12
145	4	0.5	1	0 4
146	3	0.5	1	0 3
147	1	0.5	1	0 1
148	3	0.5	1	0 3
150	6	0.5	1	0 6

=== Second read: Adapter 2 ===

Sequence: AGATCGGAAGAGC; Type: regular 3'; Length: 13; Trimmed: 1061667 times.

No. of allowed errors:
0-9 bp: 0; 10-13 bp: 1

Bases preceding removed adapters:
  A: 32.3%
  C: 26.3%
  G: 28.5%
  T: 12.9%
  none/other: 0.0%

Overview of removed sequences
length	count	expect	max.err	error counts
3	754636	501337.8	0	754636
4	141125	125334.4	0	141125
5	31380	31333.6	0	31380
6	7002	7833.4	0	7002
7	4910	1958.4	0	4910
8	4418	489.6	0	4418
9	4269	122.4	0	3475 794
10	6232	30.6	1	4207 2025
11	5440	7.6	1	3904 1536
12	4859	1.9	1	3527 1332
13	3736	0.5	1	2979 757
14	5591	0.5	1	4207 1384
15	3843	0.5	1	3225 618
16	4363	0.5	1	3727 636
17	5322	0.5	1	4224 1098
18	1896	0.5	1	1496 400
19	5171	0.5	1	3913 1258
20	2640	0.5	1	2133 507
21	2324	0.5	1	1814 510
22	2719	0.5	1	2067 652
23	2523	0.5	1	1845 678
24	4579	0.5	1	2907 1672
25	2199	0.5	1	1715 484
26	2122	0.5	1	1472 650
27	2904	0.5	1	1876 1028
28	2060	0.5	1	1549 511
29	2292	0.5	1	1599 693
30	2959	0.5	1	2150 809
31	1966	0.5	1	1431 535
32	2724	0.5	1	1844 880
33	2840	0.5	1	1917 923
34	2220	0.5	1	1564 656
35	1769	0.5	1	1289 480
36	4541	0.5	1	3102 1439
37	1586	0.5	1	1206 380
38	1038	0.5	1	720 318
39	829	0.5	1	584 245
40	911	0.5	1	664 247
41	900	0.5	1	620 280
42	1225	0.5	1	925 300
43	795	0.5	1	528 267
44	1923	0.5	1	1500 423
45	977	0.5	1	678 299
46	428	0.5	1	266 162
47	840	0.5	1	616 224
48	403	0.5	1	246 157
49	463	0.5	1	325 138
50	358	0.5	1	237 121
51	361	0.5	1	257 104
52	280	0.5	1	181 99
53	437	0.5	1	319 118
54	585	0.5	1	412 173
55	266	0.5	1	152 114
56	316	0.5	1	201 115
57	507	0.5	1	334 173
58	223	0.5	1	130 93
59	174	0.5	1	83 91
60	273	0.5	1	167 106
61	131	0.5	1	72 59
62	110	0.5	1	51 59
63	211	0.5	1	131 80
64	243	0.5	1	162 81
65	127	0.5	1	57 70
66	150	0.5	1	83 67
67	142	0.5	1	65 77
68	129	0.5	1	53 76
69	102	0.5	1	36 66
70	121	0.5	1	67 54
71	128	0.5	1	45 83
72	98	0.5	1	43 55
73	88	0.5	1	34 54
74	96	0.5	1	44 52
75	104	0.5	1	38 66
76	138	0.5	1	56 82
77	143	0.5	1	48 95
78	105	0.5	1	49 56
79	120	0.5	1	40 80
80	108	0.5	1	47 61
81	107	0.5	1	29 78
82	77	0.5	1	18 59
83	85	0.5	1	17 68
84	63	0.5	1	6 57
85	50	0.5	1	9 41
86	42	0.5	1	14 28
87	52	0.5	1	4 48
88	43	0.5	1	5 38
89	34	0.5	1	2 32
90	32	0.5	1	5 27
91	40	0.5	1	1 39
92	39	0.5	1	3 36
93	55	0.5	1	6 49
94	58	0.5	1	2 56
95	58	0.5	1	4 54
96	38	0.5	1	3 35
97	31	0.5	1	3 28
98	32	0.5	1	3 29
99	48	0.5	1	5 43
100	55	0.5	1	6 49
101	66	0.5	1	2 64
102	53	0.5	1	5 48
103	55	0.5	1	9 46
104	48	0.5	1	13 35
105	39	0.5	1	12 27
106	67	0.5	1	4 63
107	37	0.5	1	6 31
108	92	0.5	1	16 76
109	72	0.5	1	12 60
110	45	0.5	1	8 37
111	60	0.5	1	7 53
112	123	0.5	1	6 117
113	38	0.5	1	6 32
114	35	0.5	1	4 31
115	39	0.5	1	5 34
116	35	0.5	1	13 22
117	59	0.5	1	8 51
118	51	0.5	1	5 46
119	28	0.5	1	3 25
120	43	0.5	1	6 37
121	36	0.5	1	2 34
122	45	0.5	1	2 43
123	41	0.5	1	9 32
124	63	0.5	1	5 58
125	42	0.5	1	3 39
126	49	0.5	1	1 48
127	42	0.5	1	0 42
128	36	0.5	1	2 34
129	22	0.5	1	0 22
130	48	0.5	1	6 42
131	48	0.5	1	0 48
132	48	0.5	1	4 44
133	57	0.5	1	2 55
134	35	0.5	1	1 34
135	14	0.5	1	0 14
136	57	0.5	1	3 54
137	48	0.5	1	2 46
138	100	0.5	1	0 100
139	64	0.5	1	0 64
140	36	0.5	1	0 36
141	35	0.5	1	0 35
142	71	0.5	1	0 71
143	28	0.5	1	0 28
144	52	0.5	1	0 52
145	61	0.5	1	0 61
146	40	0.5	1	1 39
147	59	0.5	1	0 59

