This is cutadapt 1.18 with Python 3.7.0
Command line parameters: -j 3 -a AGATCGGAAGAGC -A AGATCGGAAGAGC --trim-n -m 80 -q 20,20 -o /home1/gyang/work_space/4.ProjectET/batch20_rna/2.cutdata/8Cell_siTfap2c_rep3.R1_cut.fq -p /home1/gyang/work_space/4.ProjectET/batch20_rna/2.cutdata/8Cell_siTfap2c_rep3.R2_cut.fq 8Cell_siTfap2c_rep3.R1.fq.gz 8Cell_siTfap2c_rep3.R2.fq.gz
Processing reads on 3 cores in paired-end mode ...
Finished in 933.14 s (33 us/read; 1.82 M reads/minute).

=== Summary ===

Total read pairs processed:         28,277,584
  Read 1 with adapter:                 712,473 (2.5%)
  Read 2 with adapter:               1,001,113 (3.5%)
Pairs that were too short:              70,664 (0.2%)
Pairs written (passing filters):    28,206,920 (99.8%)

Total basepairs processed: 8,483,275,200 bp
  Read 1: 4,241,637,600 bp
  Read 2: 4,241,637,600 bp
Quality-trimmed:              19,072,194 bp (0.2%)
  Read 1:    10,200,123 bp
  Read 2:     8,872,071 bp
Total written (filtered):  8,438,538,900 bp (99.5%)
  Read 1: 4,219,131,770 bp
  Read 2: 4,219,407,130 bp

=== First read: Adapter 1 ===

Sequence: AGATCGGAAGAGC; Type: regular 3'; Length: 13; Trimmed: 712473 times.

No. of allowed errors:
0-9 bp: 0; 10-13 bp: 1

Bases preceding removed adapters:
  A: 21.6%
  C: 38.7%
  G: 23.7%
  T: 16.0%
  none/other: 0.0%

Overview of removed sequences
length	count	expect	max.err	error counts
3	470987	441837.2	0	470987
4	101216	110459.3	0	101216
5	23118	27614.8	0	23118
6	5426	6903.7	0	5426
7	3492	1725.9	0	3492
8	2968	431.5	0	2968
9	3900	107.9	0	3367 533
10	3246	27.0	1	1858 1388
11	4882	6.7	1	2778 2104
12	3477	1.7	1	2106 1371
13	3432	0.4	1	1981 1451
14	3517	0.4	1	2062 1455
15	3841	0.4	1	2112 1729
16	4147	0.4	1	2289 1858
17	5552	0.4	1	2913 2639
18	2712	0.4	1	1645 1067
19	1724	0.4	1	1034 690
20	3272	0.4	1	1949 1323
21	1970	0.4	1	1271 699
22	2480	0.4	1	1441 1039
23	2057	0.4	1	1214 843
24	3412	0.4	1	1813 1599
25	2904	0.4	1	1401 1503
26	1665	0.4	1	938 727
27	1966	0.4	1	1257 709
28	2300	0.4	1	1368 932
29	2684	0.4	1	1559 1125
30	1816	0.4	1	1087 729
31	1649	0.4	1	1068 581
32	1724	0.4	1	1099 625
33	2419	0.4	1	1393 1026
34	2225	0.4	1	1334 891
35	2708	0.4	1	1482 1226
36	1359	0.4	1	901 458
37	1871	0.4	1	1179 692
38	2784	0.4	1	1649 1135
39	1116	0.4	1	722 394
40	1466	0.4	1	834 632
41	1412	0.4	1	885 527
42	1752	0.4	1	1030 722
43	1728	0.4	1	988 740
44	1624	0.4	1	924 700
45	1465	0.4	1	972 493
46	619	0.4	1	360 259
47	702	0.4	1	432 270
48	1552	0.4	1	1006 546
49	742	0.4	1	441 301
50	388	0.4	1	229 159
51	904	0.4	1	617 287
52	552	0.4	1	348 204
53	255	0.4	1	144 111
54	386	0.4	1	230 156
55	488	0.4	1	273 215
56	292	0.4	1	171 121
57	265	0.4	1	166 99
58	245	0.4	1	129 116
59	301	0.4	1	170 131
60	144	0.4	1	81 63
61	111	0.4	1	60 51
62	219	0.4	1	111 108
63	117	0.4	1	63 54
64	102	0.4	1	51 51
65	126	0.4	1	70 56
66	213	0.4	1	124 89
67	115	0.4	1	58 57
68	157	0.4	1	74 83
69	119	0.4	1	68 51
70	107	0.4	1	59 48
71	61	0.4	1	30 31
72	65	0.4	1	33 32
73	93	0.4	1	44 49
74	128	0.4	1	55 73
75	142	0.4	1	65 77
76	149	0.4	1	78 71
77	136	0.4	1	68 68
78	110	0.4	1	44 66
79	79	0.4	1	40 39
80	39	0.4	1	21 18
81	43	0.4	1	19 24
82	30	0.4	1	3 27
83	26	0.4	1	4 22
84	16	0.4	1	0 16
85	15	0.4	1	5 10
86	20	0.4	1	1 19
87	8	0.4	1	0 8
88	11	0.4	1	1 10
89	17	0.4	1	2 15
90	11	0.4	1	2 9
91	12	0.4	1	0 12
92	21	0.4	1	0 21
93	6	0.4	1	0 6
94	7	0.4	1	2 5
95	7	0.4	1	0 7
96	13	0.4	1	2 11
97	7	0.4	1	0 7
98	8	0.4	1	1 7
99	10	0.4	1	1 9
100	8	0.4	1	0 8
101	17	0.4	1	2 15
102	10	0.4	1	1 9
103	10	0.4	1	1 9
104	17	0.4	1	2 15
105	14	0.4	1	1 13
106	5	0.4	1	2 3
107	9	0.4	1	4 5
108	5	0.4	1	0 5
109	5	0.4	1	1 4
110	14	0.4	1	0 14
111	18	0.4	1	1 17
112	8	0.4	1	0 8
113	12	0.4	1	0 12
114	14	0.4	1	0 14
115	16	0.4	1	1 15
116	31	0.4	1	0 31
117	11	0.4	1	0 11
118	11	0.4	1	0 11
119	18	0.4	1	0 18
120	13	0.4	1	0 13
121	6	0.4	1	0 6
122	9	0.4	1	0 9
123	5	0.4	1	0 5
124	14	0.4	1	0 14
125	9	0.4	1	0 9
126	13	0.4	1	0 13
127	14	0.4	1	1 13
128	4	0.4	1	0 4
129	20	0.4	1	0 20
130	7	0.4	1	0 7
131	7	0.4	1	0 7
132	5	0.4	1	0 5
133	22	0.4	1	0 22
134	10	0.4	1	0 10
135	7	0.4	1	0 7
136	3	0.4	1	0 3
137	3	0.4	1	0 3
138	8	0.4	1	0 8
139	9	0.4	1	0 9
140	8	0.4	1	0 8
141	6	0.4	1	0 6
142	22	0.4	1	0 22
143	8	0.4	1	0 8
144	2	0.4	1	0 2
145	4	0.4	1	0 4
146	2	0.4	1	1 1
148	1	0.4	1	0 1
150	3	0.4	1	0 3

=== Second read: Adapter 2 ===

Sequence: AGATCGGAAGAGC; Type: regular 3'; Length: 13; Trimmed: 1001113 times.

No. of allowed errors:
0-9 bp: 0; 10-13 bp: 1

Bases preceding removed adapters:
  A: 31.4%
  C: 26.3%
  G: 29.6%
  T: 12.6%
  none/other: 0.0%

Overview of removed sequences
length	count	expect	max.err	error counts
3	663063	441837.2	0	663063
4	123574	110459.3	0	123574
5	30477	27614.8	0	30477
6	8594	6903.7	0	8594
7	6930	1725.9	0	6930
8	6129	431.5	0	6129
9	4887	107.9	0	4159 728
10	7745	27.0	1	5491 2254
11	6769	6.7	1	4917 1852
12	6297	1.7	1	4680 1617
13	5390	0.4	1	4061 1329
14	7046	0.4	1	5250 1796
15	5104	0.4	1	4185 919
16	6452	0.4	1	5248 1204
17	7494	0.4	1	5783 1711
18	2956	0.4	1	2370 586
19	7653	0.4	1	5713 1940
20	4091	0.4	1	3304 787
21	3431	0.4	1	2736 695
22	3873	0.4	1	2941 932
23	3388	0.4	1	2498 890
24	5706	0.4	1	3691 2015
25	2946	0.4	1	2270 676
26	2663	0.4	1	1836 827
27	3342	0.4	1	2206 1136
28	2903	0.4	1	2130 773
29	3264	0.4	1	2374 890
30	4037	0.4	1	2805 1232
31	2817	0.4	1	2129 688
32	3691	0.4	1	2476 1215
33	3691	0.4	1	2473 1218
34	3487	0.4	1	2477 1010
35	2570	0.4	1	1854 716
36	6011	0.4	1	3957 2054
37	2677	0.4	1	2049 628
38	1797	0.4	1	1240 557
39	1392	0.4	1	978 414
40	1380	0.4	1	1059 321
41	1532	0.4	1	1044 488
42	2043	0.4	1	1565 478
43	1248	0.4	1	883 365
44	3027	0.4	1	2456 571
45	1457	0.4	1	1067 390
46	672	0.4	1	418 254
47	1369	0.4	1	1071 298
48	660	0.4	1	474 186
49	872	0.4	1	669 203
50	602	0.4	1	429 173
51	609	0.4	1	450 159
52	467	0.4	1	323 144
53	702	0.4	1	534 168
54	835	0.4	1	656 179
55	354	0.4	1	232 122
56	436	0.4	1	297 139
57	704	0.4	1	506 198
58	334	0.4	1	214 120
59	220	0.4	1	124 96
60	446	0.4	1	317 129
61	165	0.4	1	97 68
62	182	0.4	1	90 92
63	299	0.4	1	220 79
64	319	0.4	1	206 113
65	215	0.4	1	129 86
66	214	0.4	1	128 86
67	179	0.4	1	84 95
68	179	0.4	1	87 92
69	137	0.4	1	75 62
70	194	0.4	1	96 98
71	138	0.4	1	57 81
72	133	0.4	1	58 75
73	161	0.4	1	77 84
74	131	0.4	1	69 62
75	159	0.4	1	72 87
76	162	0.4	1	78 84
77	169	0.4	1	71 98
78	153	0.4	1	62 91
79	121	0.4	1	47 74
80	76	0.4	1	31 45
81	60	0.4	1	17 43
82	68	0.4	1	24 44
83	77	0.4	1	19 58
84	72	0.4	1	15 57
85	49	0.4	1	6 43
86	39	0.4	1	5 34
87	35	0.4	1	5 30
88	40	0.4	1	5 35
89	46	0.4	1	2 44
90	47	0.4	1	3 44
91	39	0.4	1	2 37
92	47	0.4	1	3 44
93	36	0.4	1	5 31
94	44	0.4	1	7 37
95	45	0.4	1	3 42
96	33	0.4	1	4 29
97	32	0.4	1	3 29
98	30	0.4	1	3 27
99	68	0.4	1	5 63
100	61	0.4	1	10 51
101	60	0.4	1	12 48
102	45	0.4	1	5 40
103	68	0.4	1	4 64
104	33	0.4	1	7 26
105	57	0.4	1	7 50
106	52	0.4	1	7 45
107	31	0.4	1	6 25
108	57	0.4	1	14 43
109	56	0.4	1	4 52
110	54	0.4	1	6 48
111	56	0.4	1	4 52
112	175	0.4	1	7 168
113	40	0.4	1	4 36
114	47	0.4	1	3 44
115	48	0.4	1	8 40
116	20	0.4	1	0 20
117	51	0.4	1	8 43
118	30	0.4	1	3 27
119	29	0.4	1	1 28
120	43	0.4	1	2 41
121	33	0.4	1	1 32
122	52	0.4	1	3 49
123	45	0.4	1	9 36
124	44	0.4	1	3 41
125	34	0.4	1	1 33
126	45	0.4	1	4 41
127	47	0.4	1	2 45
128	53	0.4	1	0 53
129	43	0.4	1	2 41
130	37	0.4	1	1 36
131	50	0.4	1	0 50
132	46	0.4	1	4 42
133	49	0.4	1	0 49
134	39	0.4	1	2 37
135	20	0.4	1	0 20
136	49	0.4	1	3 46
137	58	0.4	1	0 58
138	128	0.4	1	2 126
139	49	0.4	1	0 49
140	39	0.4	1	0 39
141	36	0.4	1	1 35
142	56	0.4	1	0 56
143	36	0.4	1	0 36
144	48	0.4	1	0 48
145	56	0.4	1	0 56
146	37	0.4	1	0 37
147	69	0.4	1	0 69
149	1	0.4	1	0 1
150	2	0.4	1	0 2

