ICM_Nanog_rep1.R1_cut.fq
ICM_Nanog_rep1.R2_cut.fq
TE_Cdx2_rep1.R1_cut.fq
TE_Cdx2_rep1.R2_cut.fq
TE_Cdx2_rep2.R1_cut.fq
TE_Cdx2_rep2.R2_cut.fq
TE_Klf5_rep1.R1_cut.fq
TE_Klf5_rep1.R2_cut.fq
TE_Klf5_rep2.R1_cut.fq
TE_Klf5_rep2.R2_cut.fq
Time loading reference: 00:00:04
Time loading reference: 00:00:04
Time loading reference: 00:00:04
Time loading reference: 00:00:04
Time loading reference: 00:00:04
Time loading forward index: 00:00:02
Time loading forward index: 00:00:02
Time loading forward index: 00:00:02
Time loading forward index: 00:00:02
Time loading forward index: 00:00:02
Time loading mirror index: 00:00:01
Time loading mirror index: 00:00:01
Time loading mirror index: 00:00:01
Time loading mirror index: 00:00:01
Time loading mirror index: 00:00:01
Multiseed full-index search: 03:42:17
45521943 reads; of these:
  45521943 (100.00%) were paired; of these:
    10418993 (22.89%) aligned concordantly 0 times
    25189487 (55.33%) aligned concordantly exactly 1 time
    9913463 (21.78%) aligned concordantly >1 times
77.11% overall alignment rate
Time searching: 03:42:25
Overall time: 03:42:25
Multiseed full-index search: 03:48:58
55027609 reads; of these:
  55027609 (100.00%) were paired; of these:
    9864298 (17.93%) aligned concordantly 0 times
    34866616 (63.36%) aligned concordantly exactly 1 time
    10296695 (18.71%) aligned concordantly >1 times
82.07% overall alignment rate
Time searching: 03:49:06
Overall time: 03:49:06
Multiseed full-index search: 04:02:19
54811206 reads; of these:
  54811206 (100.00%) were paired; of these:
    7541580 (13.76%) aligned concordantly 0 times
    37067568 (67.63%) aligned concordantly exactly 1 time
    10202058 (18.61%) aligned concordantly >1 times
86.24% overall alignment rate
Time searching: 04:02:26
Overall time: 04:02:26
Multiseed full-index search: 04:15:06
60000953 reads; of these:
  60000953 (100.00%) were paired; of these:
    8592907 (14.32%) aligned concordantly 0 times
    40180064 (66.97%) aligned concordantly exactly 1 time
    11227982 (18.71%) aligned concordantly >1 times
85.68% overall alignment rate
Time searching: 04:15:13
Overall time: 04:15:13
Multiseed full-index search: 04:25:37
68871834 reads; of these:
  68871834 (100.00%) were paired; of these:
    12097784 (17.57%) aligned concordantly 0 times
    44169245 (64.13%) aligned concordantly exactly 1 time
    12604805 (18.30%) aligned concordantly >1 times
82.43% overall alignment rate
Time searching: 04:25:44
Overall time: 04:25:44
All Done!
