ESC_Rarg_PT_100k_rep1.R1_cut.fq
ESC_Rarg_PT_100k_rep1.R2_cut.fq
ESC_Rarg_PT_10k_rep1.R1_cut.fq
ESC_Rarg_PT_10k_rep1.R2_cut.fq
ESC_Rarg_PT_1k_rep1.R1_cut.fq
ESC_Rarg_PT_1k_rep1.R2_cut.fq
ESC_Rarg_PT_1k_rep2.R1_cut.fq
ESC_Rarg_PT_1k_rep2.R2_cut.fq
ESC_Rarg_PT_5k_rep1.R1_cut.fq
ESC_Rarg_PT_5k_rep1.R2_cut.fq
ESC_Rarg_SC_100k_rep1.R1_cut.fq
ESC_Rarg_SC_100k_rep1.R2_cut.fq
Time loading reference: 00:00:01
Time loading reference: 00:00:01
Time loading reference: 00:00:01
Time loading reference: 00:00:01
Time loading reference: 00:00:01
Time loading forward index: 00:00:02
Time loading forward index: 00:00:02
Time loading forward index: 00:00:02
Time loading forward index: 00:00:02
Time loading forward index: 00:00:02
Time loading mirror index: 00:00:01
Time loading mirror index: 00:00:01
Time loading mirror index: 00:00:01
Time loading mirror index: 00:00:01
Time loading mirror index: 00:00:01
ESC_Rarg_PT_100k_rep1.R1_cut.fq
ESC_Rarg_PT_100k_rep1.R2_cut.fq
ESC_Rarg_PT_10k_rep1.R1_cut.fq
ESC_Rarg_PT_10k_rep1.R2_cut.fq
ESC_Rarg_PT_1k_rep1.R1_cut.fq
ESC_Rarg_PT_1k_rep1.R2_cut.fq
ESC_Rarg_PT_1k_rep2.R1_cut.fq
ESC_Rarg_PT_1k_rep2.R2_cut.fq
ESC_Rarg_PT_5k_rep1.R1_cut.fq
ESC_Rarg_PT_5k_rep1.R2_cut.fq
ESC_Rarg_SC_100k_rep1.R1_cut.fq
ESC_Rarg_SC_100k_rep1.R2_cut.fq
ESC_Rarg_SC_10k_rep1.R1_cut.fq
ESC_Rarg_SC_10k_rep1.R2_cut.fq
ESC_Rarg_SC_1k_rep1.R1_cut.fq
ESC_Rarg_SC_1k_rep1.R2_cut.fq
ESC_Rarg_SC_1k_rep2.R1_cut.fq
ESC_Rarg_SC_1k_rep2.R2_cut.fq
ESC_Rarg_SC_5k_rep1.R1_cut.fq
ESC_Rarg_SC_5k_rep1.R2_cut.fq
All Done!
