[2021-07-23 22:22:18,356] multiqc                                            [DEBUG  ]  This is MultiQC v1.11
[2021-07-23 22:22:18,357] multiqc                                            [DEBUG  ]  No MultiQC config found: /home1/gyang/anaconda3/envs/work/lib/python3.6/site-packages/multiqc_config.yaml
[2021-07-23 22:22:18,357] multiqc                                            [DEBUG  ]  No MultiQC config found: /home1/gyang/.multiqc_config.yaml
[2021-07-23 22:22:18,357] multiqc                                            [DEBUG  ]  No MultiQC config found: multiqc_config.yaml
[2021-07-23 22:22:18,357] multiqc                                            [DEBUG  ]  Command used: /home1/gyang/anaconda3/envs/work/bin/multiqc ./ -n batch13_cr_rawc
[2021-07-23 22:22:21,099] multiqc                                            [DEBUG  ]  Latest MultiQC version is v1.11
[2021-07-23 22:22:21,099] multiqc                                            [DEBUG  ]  Command     : /home1/gyang/anaconda3/envs/work/bin/multiqc ./ -n batch13_cr_rawc
[2021-07-23 22:22:21,099] multiqc                                            [DEBUG  ]  Working dir : /home1/gyang/work_space/4.ProjectET/batch13_cr/1.rawdata
[2021-07-23 22:22:21,099] multiqc                                            [DEBUG  ]  Template    : default
[2021-07-23 22:22:21,099] multiqc                                            [DEBUG  ]  Running Python 3.6.8 |Anaconda, Inc.| (default, Dec 30 2018, 01:22:34)  [GCC 7.3.0]
[2021-07-23 22:22:21,101] multiqc                                            [DEBUG  ]  Analysing modules: custom_content, ccs, ngsderive, purple, conpair, lima, peddy, somalier, methylQA, mosdepth, phantompeakqualtools, qualimap, preseq, quast, qorts, rna_seqc, rockhopper, rsem, rseqc, busco, bustools, goleft_indexcov, gffcompare, disambiguate, supernova, deeptools, sargasso, verifybamid, mirtrace, happy, mirtop, sambamba, homer, hops, macs2, theta2, snpeff, gatk, htseq, bcftools, featureCounts, fgbio, dragen, dedup, damageprofiler, biobambam2, jcvi, mtnucratio, picard, vep, sentieon, prokka, qc3C, nanostat, samblaster, samtools, sexdeterrmine, eigenstratdatabasetools, bamtools, jellyfish, vcftools, longranger, stacks, varscan2, snippy, bbmap, bismark, biscuit, hicexplorer, hicup, hicpro, salmon, kallisto, slamdunk, star, hisat2, tophat, bowtie2, bowtie1, snpsplit, odgi, pangolin, kat, leehom, adapterRemoval, clipandmerge, cutadapt, flexbar, kaiju, kraken, malt, trimmomatic, sickle, skewer, sortmerna, biobloomtools, fastq_screen, afterqc, fastp, fastqc, pychopper, pycoqc, minionqc, multivcfanalyzer, clusterflow, bcl2fastq, bclconvert, interop, ivar, flash, seqyclean, optitype
[2021-07-23 22:22:21,101] multiqc                                            [DEBUG  ]  Using temporary directory for creating report: /tmp/tmppie125mn
[2021-07-23 22:22:21,479] multiqc                                            [INFO   ]  Search path : /home1/gyang/work_space/4.ProjectET/batch13_cr/1.rawdata
[2021-07-23 22:22:21,603] multiqc                                            [DEBUG  ]  File ignored by ccs/v4 because it exceeded search pattern filesize limit: link.txt
[2021-07-23 22:22:21,606] multiqc                                            [DEBUG  ]  File ignored by hicexplorer because it exceeded search pattern filesize limit: link.txt
[2021-07-23 22:22:21,607] multiqc                                            [DEBUG  ]  File ignored by nanostat because it exceeded search pattern filesize limit: link.txt
[2021-07-23 22:22:21,607] multiqc                                            [DEBUG  ]  File ignored by lima/summary because it exceeded search pattern filesize limit: link.txt
[2021-07-23 22:22:21,623] multiqc                                            [DEBUG  ]  File ignored by longranger/invocation because it exceeded search pattern filesize limit: link.txt
[2021-07-23 22:22:21,670] multiqc                                            [DEBUG  ]  Ignoring file as matched an ignore pattern: ESC_Klf5_100k_rep1.R1.fq.gz
[2021-07-23 22:22:21,671] multiqc                                            [DEBUG  ]  Ignoring file as matched an ignore pattern: ESC_Klf5_10k_rep1.R1.fq.gz
[2021-07-23 22:22:21,671] multiqc                                            [DEBUG  ]  Ignoring file as matched an ignore pattern: ESC_Klf5_5k_rep1.R1.fq.gz
[2021-07-23 22:22:21,671] multiqc                                            [DEBUG  ]  Ignoring file as matched an ignore pattern: ESC_Klf5_1k_rep1.R1.fq.gz
[2021-07-23 22:22:21,671] multiqc                                            [DEBUG  ]  Ignoring file as matched an ignore pattern: ESC_Klf5_1k_rep2.R1.fq.gz
[2021-07-23 22:22:21,672] multiqc                                            [DEBUG  ]  Ignoring file as matched an ignore pattern: ESC_Oct4_100k_rep1.R1.fq.gz
[2021-07-23 22:22:21,672] multiqc                                            [DEBUG  ]  Ignoring file as matched an ignore pattern: ESC_Oct4_10k_rep1.R1.fq.gz
[2021-07-23 22:22:21,672] multiqc                                            [DEBUG  ]  Ignoring file as matched an ignore pattern: ESC_Oct4_5k_rep1.R1.fq.gz
[2021-07-23 22:22:21,672] multiqc                                            [DEBUG  ]  Ignoring file as matched an ignore pattern: ESC_Oct4_1k_rep1.R1.fq.gz
[2021-07-23 22:22:21,672] multiqc                                            [DEBUG  ]  Ignoring file as matched an ignore pattern: ESC_Oct4_1k_rep2.R1.fq.gz
[2021-07-23 22:22:21,673] multiqc                                            [DEBUG  ]  Ignoring file as matched an ignore pattern: ESC_Klf5_10k_rep1.R2.fq.gz
[2021-07-23 22:22:21,673] multiqc                                            [DEBUG  ]  Ignoring file as matched an ignore pattern: ESC_Klf5_5k_rep1.R2.fq.gz
[2021-07-23 22:22:21,673] multiqc                                            [DEBUG  ]  Ignoring file as matched an ignore pattern: ESC_Klf5_1k_rep2.R2.fq.gz
[2021-07-23 22:22:21,673] multiqc                                            [DEBUG  ]  Ignoring file as matched an ignore pattern: ESC_Oct4_10k_rep1.R2.fq.gz
[2021-07-23 22:22:21,673] multiqc                                            [DEBUG  ]  Ignoring file as matched an ignore pattern: ESC_Oct4_1k_rep1.R2.fq.gz
[2021-07-23 22:22:21,709] multiqc                                            [DEBUG  ]  Ignoring file as matched an ignore pattern: ESC_Klf5_100k_rep1.R2.fq.gz
[2021-07-23 22:22:21,709] multiqc                                            [DEBUG  ]  Ignoring file as matched an ignore pattern: ESC_Klf5_1k_rep1.R2.fq.gz
[2021-07-23 22:22:21,709] multiqc                                            [DEBUG  ]  Ignoring file as matched an ignore pattern: ESC_Oct4_100k_rep1.R2.fq.gz
[2021-07-23 22:22:21,710] multiqc                                            [DEBUG  ]  Ignoring file as matched an ignore pattern: ESC_Oct4_5k_rep1.R2.fq.gz
[2021-07-23 22:22:21,710] multiqc                                            [DEBUG  ]  Ignoring file as matched an ignore pattern: ESC_Oct4_1k_rep2.R2.fq.gz
[2021-07-23 22:22:21,723] multiqc                                            [DEBUG  ]  File ignored by ccs/v4 because it exceeded search pattern filesize limit: md5.txt
[2021-07-23 22:22:21,725] multiqc                                            [DEBUG  ]  File ignored by lima/summary because it exceeded search pattern filesize limit: md5.txt
[2021-07-23 22:22:21,785] multiqc                                            [DEBUG  ]  File ignored by ccs/v4 because it exceeded search pattern filesize limit: ESC_Oct4_100k_rep1.R1_fastqc.html
[2021-07-23 22:22:21,787] multiqc                                            [DEBUG  ]  File ignored by hicexplorer because it exceeded search pattern filesize limit: ESC_Oct4_100k_rep1.R1_fastqc.html
[2021-07-23 22:22:21,788] multiqc                                            [DEBUG  ]  File ignored by nanostat because it exceeded search pattern filesize limit: ESC_Oct4_100k_rep1.R1_fastqc.html
[2021-07-23 22:22:21,788] multiqc                                            [DEBUG  ]  File ignored by lima/summary because it exceeded search pattern filesize limit: ESC_Oct4_100k_rep1.R1_fastqc.html
[2021-07-23 22:22:21,792] multiqc                                            [DEBUG  ]  File ignored by vep/vep_txt because it exceeded search pattern filesize limit: ESC_Oct4_100k_rep1.R1_fastqc.html
[2021-07-23 22:22:21,792] multiqc                                            [DEBUG  ]  File ignored by longranger/invocation because it exceeded search pattern filesize limit: ESC_Oct4_100k_rep1.R1_fastqc.html
[2021-07-23 22:22:21,903] multiqc                                            [DEBUG  ]  File ignored by ccs/v4 because it exceeded search pattern filesize limit: ESC_Oct4_100k_rep1.R2_fastqc.html
[2021-07-23 22:22:21,906] multiqc                                            [DEBUG  ]  File ignored by hicexplorer because it exceeded search pattern filesize limit: ESC_Oct4_100k_rep1.R2_fastqc.html
[2021-07-23 22:22:21,906] multiqc                                            [DEBUG  ]  File ignored by nanostat because it exceeded search pattern filesize limit: ESC_Oct4_100k_rep1.R2_fastqc.html
[2021-07-23 22:22:21,906] multiqc                                            [DEBUG  ]  File ignored by lima/summary because it exceeded search pattern filesize limit: ESC_Oct4_100k_rep1.R2_fastqc.html
[2021-07-23 22:22:21,910] multiqc                                            [DEBUG  ]  File ignored by vep/vep_txt because it exceeded search pattern filesize limit: ESC_Oct4_100k_rep1.R2_fastqc.html
[2021-07-23 22:22:21,910] multiqc                                            [DEBUG  ]  File ignored by longranger/invocation because it exceeded search pattern filesize limit: ESC_Oct4_100k_rep1.R2_fastqc.html
[2021-07-23 22:22:22,130] multiqc                                            [DEBUG  ]  File ignored by ccs/v4 because it exceeded search pattern filesize limit: ESC_Klf5_100k_rep1.R2_fastqc.html
[2021-07-23 22:22:22,132] multiqc                                            [DEBUG  ]  File ignored by hicexplorer because it exceeded search pattern filesize limit: ESC_Klf5_100k_rep1.R2_fastqc.html
[2021-07-23 22:22:22,133] multiqc                                            [DEBUG  ]  File ignored by nanostat because it exceeded search pattern filesize limit: ESC_Klf5_100k_rep1.R2_fastqc.html
[2021-07-23 22:22:22,133] multiqc                                            [DEBUG  ]  File ignored by lima/summary because it exceeded search pattern filesize limit: ESC_Klf5_100k_rep1.R2_fastqc.html
[2021-07-23 22:22:22,137] multiqc                                            [DEBUG  ]  File ignored by vep/vep_txt because it exceeded search pattern filesize limit: ESC_Klf5_100k_rep1.R2_fastqc.html
[2021-07-23 22:22:22,137] multiqc                                            [DEBUG  ]  File ignored by longranger/invocation because it exceeded search pattern filesize limit: ESC_Klf5_100k_rep1.R2_fastqc.html
[2021-07-23 22:22:22,335] multiqc                                            [DEBUG  ]  File ignored by ccs/v4 because it exceeded search pattern filesize limit: ESC_Klf5_100k_rep1.R1_fastqc.html
[2021-07-23 22:22:22,337] multiqc                                            [DEBUG  ]  File ignored by hicexplorer because it exceeded search pattern filesize limit: ESC_Klf5_100k_rep1.R1_fastqc.html
[2021-07-23 22:22:22,338] multiqc                                            [DEBUG  ]  File ignored by nanostat because it exceeded search pattern filesize limit: ESC_Klf5_100k_rep1.R1_fastqc.html
[2021-07-23 22:22:22,338] multiqc                                            [DEBUG  ]  File ignored by lima/summary because it exceeded search pattern filesize limit: ESC_Klf5_100k_rep1.R1_fastqc.html
[2021-07-23 22:22:22,342] multiqc                                            [DEBUG  ]  File ignored by vep/vep_txt because it exceeded search pattern filesize limit: ESC_Klf5_100k_rep1.R1_fastqc.html
[2021-07-23 22:22:22,342] multiqc                                            [DEBUG  ]  File ignored by longranger/invocation because it exceeded search pattern filesize limit: ESC_Klf5_100k_rep1.R1_fastqc.html
[2021-07-23 22:22:22,561] multiqc                                            [DEBUG  ]  File ignored by ccs/v4 because it exceeded search pattern filesize limit: ESC_Oct4_5k_rep1.R1_fastqc.html
[2021-07-23 22:22:22,564] multiqc                                            [DEBUG  ]  File ignored by hicexplorer because it exceeded search pattern filesize limit: ESC_Oct4_5k_rep1.R1_fastqc.html
[2021-07-23 22:22:22,564] multiqc                                            [DEBUG  ]  File ignored by nanostat because it exceeded search pattern filesize limit: ESC_Oct4_5k_rep1.R1_fastqc.html
[2021-07-23 22:22:22,564] multiqc                                            [DEBUG  ]  File ignored by lima/summary because it exceeded search pattern filesize limit: ESC_Oct4_5k_rep1.R1_fastqc.html
[2021-07-23 22:22:22,568] multiqc                                            [DEBUG  ]  File ignored by vep/vep_txt because it exceeded search pattern filesize limit: ESC_Oct4_5k_rep1.R1_fastqc.html
[2021-07-23 22:22:22,569] multiqc                                            [DEBUG  ]  File ignored by longranger/invocation because it exceeded search pattern filesize limit: ESC_Oct4_5k_rep1.R1_fastqc.html
[2021-07-23 22:22:22,717] multiqc                                            [DEBUG  ]  File ignored by ccs/v4 because it exceeded search pattern filesize limit: ESC_Oct4_5k_rep1.R2_fastqc.html
[2021-07-23 22:22:22,719] multiqc                                            [DEBUG  ]  File ignored by hicexplorer because it exceeded search pattern filesize limit: ESC_Oct4_5k_rep1.R2_fastqc.html
[2021-07-23 22:22:22,720] multiqc                                            [DEBUG  ]  File ignored by nanostat because it exceeded search pattern filesize limit: ESC_Oct4_5k_rep1.R2_fastqc.html
[2021-07-23 22:22:22,720] multiqc                                            [DEBUG  ]  File ignored by lima/summary because it exceeded search pattern filesize limit: ESC_Oct4_5k_rep1.R2_fastqc.html
[2021-07-23 22:22:22,732] multiqc                                            [DEBUG  ]  File ignored by vep/vep_txt because it exceeded search pattern filesize limit: ESC_Oct4_5k_rep1.R2_fastqc.html
[2021-07-23 22:22:22,733] multiqc                                            [DEBUG  ]  File ignored by longranger/invocation because it exceeded search pattern filesize limit: ESC_Oct4_5k_rep1.R2_fastqc.html
[2021-07-23 22:22:22,880] multiqc                                            [DEBUG  ]  File ignored by ccs/v4 because it exceeded search pattern filesize limit: ESC_Oct4_10k_rep1.R2_fastqc.html
[2021-07-23 22:22:22,882] multiqc                                            [DEBUG  ]  File ignored by hicexplorer because it exceeded search pattern filesize limit: ESC_Oct4_10k_rep1.R2_fastqc.html
[2021-07-23 22:22:22,883] multiqc                                            [DEBUG  ]  File ignored by nanostat because it exceeded search pattern filesize limit: ESC_Oct4_10k_rep1.R2_fastqc.html
[2021-07-23 22:22:22,883] multiqc                                            [DEBUG  ]  File ignored by lima/summary because it exceeded search pattern filesize limit: ESC_Oct4_10k_rep1.R2_fastqc.html
[2021-07-23 22:22:22,887] multiqc                                            [DEBUG  ]  File ignored by vep/vep_txt because it exceeded search pattern filesize limit: ESC_Oct4_10k_rep1.R2_fastqc.html
[2021-07-23 22:22:22,888] multiqc                                            [DEBUG  ]  File ignored by longranger/invocation because it exceeded search pattern filesize limit: ESC_Oct4_10k_rep1.R2_fastqc.html
[2021-07-23 22:22:22,999] multiqc                                            [DEBUG  ]  File ignored by ccs/v4 because it exceeded search pattern filesize limit: ESC_Klf5_1k_rep2.R1_fastqc.html
[2021-07-23 22:22:23,001] multiqc                                            [DEBUG  ]  File ignored by hicexplorer because it exceeded search pattern filesize limit: ESC_Klf5_1k_rep2.R1_fastqc.html
[2021-07-23 22:22:23,002] multiqc                                            [DEBUG  ]  File ignored by nanostat because it exceeded search pattern filesize limit: ESC_Klf5_1k_rep2.R1_fastqc.html
[2021-07-23 22:22:23,002] multiqc                                            [DEBUG  ]  File ignored by lima/summary because it exceeded search pattern filesize limit: ESC_Klf5_1k_rep2.R1_fastqc.html
[2021-07-23 22:22:23,006] multiqc                                            [DEBUG  ]  File ignored by vep/vep_txt because it exceeded search pattern filesize limit: ESC_Klf5_1k_rep2.R1_fastqc.html
[2021-07-23 22:22:23,007] multiqc                                            [DEBUG  ]  File ignored by longranger/invocation because it exceeded search pattern filesize limit: ESC_Klf5_1k_rep2.R1_fastqc.html
[2021-07-23 22:22:23,247] multiqc                                            [DEBUG  ]  File ignored by ccs/v4 because it exceeded search pattern filesize limit: ESC_Oct4_1k_rep2.R2_fastqc.html
[2021-07-23 22:22:23,249] multiqc                                            [DEBUG  ]  File ignored by hicexplorer because it exceeded search pattern filesize limit: ESC_Oct4_1k_rep2.R2_fastqc.html
[2021-07-23 22:22:23,250] multiqc                                            [DEBUG  ]  File ignored by nanostat because it exceeded search pattern filesize limit: ESC_Oct4_1k_rep2.R2_fastqc.html
[2021-07-23 22:22:23,250] multiqc                                            [DEBUG  ]  File ignored by lima/summary because it exceeded search pattern filesize limit: ESC_Oct4_1k_rep2.R2_fastqc.html
[2021-07-23 22:22:23,254] multiqc                                            [DEBUG  ]  File ignored by vep/vep_txt because it exceeded search pattern filesize limit: ESC_Oct4_1k_rep2.R2_fastqc.html
[2021-07-23 22:22:23,264] multiqc                                            [DEBUG  ]  File ignored by longranger/invocation because it exceeded search pattern filesize limit: ESC_Oct4_1k_rep2.R2_fastqc.html
[2021-07-23 22:22:23,442] multiqc                                            [DEBUG  ]  File ignored by ccs/v4 because it exceeded search pattern filesize limit: ESC_Oct4_10k_rep1.R1_fastqc.html
[2021-07-23 22:22:23,444] multiqc                                            [DEBUG  ]  File ignored by hicexplorer because it exceeded search pattern filesize limit: ESC_Oct4_10k_rep1.R1_fastqc.html
[2021-07-23 22:22:23,445] multiqc                                            [DEBUG  ]  File ignored by nanostat because it exceeded search pattern filesize limit: ESC_Oct4_10k_rep1.R1_fastqc.html
[2021-07-23 22:22:23,445] multiqc                                            [DEBUG  ]  File ignored by lima/summary because it exceeded search pattern filesize limit: ESC_Oct4_10k_rep1.R1_fastqc.html
[2021-07-23 22:22:23,459] multiqc                                            [DEBUG  ]  File ignored by vep/vep_txt because it exceeded search pattern filesize limit: ESC_Oct4_10k_rep1.R1_fastqc.html
[2021-07-23 22:22:23,460] multiqc                                            [DEBUG  ]  File ignored by longranger/invocation because it exceeded search pattern filesize limit: ESC_Oct4_10k_rep1.R1_fastqc.html
[2021-07-23 22:22:23,663] multiqc                                            [DEBUG  ]  File ignored by ccs/v4 because it exceeded search pattern filesize limit: ESC_Oct4_1k_rep2.R1_fastqc.html
[2021-07-23 22:22:23,665] multiqc                                            [DEBUG  ]  File ignored by hicexplorer because it exceeded search pattern filesize limit: ESC_Oct4_1k_rep2.R1_fastqc.html
[2021-07-23 22:22:23,666] multiqc                                            [DEBUG  ]  File ignored by nanostat because it exceeded search pattern filesize limit: ESC_Oct4_1k_rep2.R1_fastqc.html
[2021-07-23 22:22:23,666] multiqc                                            [DEBUG  ]  File ignored by lima/summary because it exceeded search pattern filesize limit: ESC_Oct4_1k_rep2.R1_fastqc.html
[2021-07-23 22:22:23,676] multiqc                                            [DEBUG  ]  File ignored by vep/vep_txt because it exceeded search pattern filesize limit: ESC_Oct4_1k_rep2.R1_fastqc.html
[2021-07-23 22:22:23,676] multiqc                                            [DEBUG  ]  File ignored by longranger/invocation because it exceeded search pattern filesize limit: ESC_Oct4_1k_rep2.R1_fastqc.html
[2021-07-23 22:22:23,862] multiqc                                            [DEBUG  ]  File ignored by ccs/v4 because it exceeded search pattern filesize limit: ESC_Klf5_1k_rep2.R2_fastqc.html
[2021-07-23 22:22:23,865] multiqc                                            [DEBUG  ]  File ignored by hicexplorer because it exceeded search pattern filesize limit: ESC_Klf5_1k_rep2.R2_fastqc.html
[2021-07-23 22:22:23,865] multiqc                                            [DEBUG  ]  File ignored by nanostat because it exceeded search pattern filesize limit: ESC_Klf5_1k_rep2.R2_fastqc.html
[2021-07-23 22:22:23,871] multiqc                                            [DEBUG  ]  File ignored by lima/summary because it exceeded search pattern filesize limit: ESC_Klf5_1k_rep2.R2_fastqc.html
[2021-07-23 22:22:23,876] multiqc                                            [DEBUG  ]  File ignored by vep/vep_txt because it exceeded search pattern filesize limit: ESC_Klf5_1k_rep2.R2_fastqc.html
[2021-07-23 22:22:23,882] multiqc                                            [DEBUG  ]  File ignored by longranger/invocation because it exceeded search pattern filesize limit: ESC_Klf5_1k_rep2.R2_fastqc.html
[2021-07-23 22:22:24,018] multiqc                                            [DEBUG  ]  File ignored by ccs/v4 because it exceeded search pattern filesize limit: ESC_Klf5_5k_rep1.R2_fastqc.html
[2021-07-23 22:22:24,021] multiqc                                            [DEBUG  ]  File ignored by hicexplorer because it exceeded search pattern filesize limit: ESC_Klf5_5k_rep1.R2_fastqc.html
[2021-07-23 22:22:24,021] multiqc                                            [DEBUG  ]  File ignored by nanostat because it exceeded search pattern filesize limit: ESC_Klf5_5k_rep1.R2_fastqc.html
[2021-07-23 22:22:24,021] multiqc                                            [DEBUG  ]  File ignored by lima/summary because it exceeded search pattern filesize limit: ESC_Klf5_5k_rep1.R2_fastqc.html
[2021-07-23 22:22:24,025] multiqc                                            [DEBUG  ]  File ignored by vep/vep_txt because it exceeded search pattern filesize limit: ESC_Klf5_5k_rep1.R2_fastqc.html
[2021-07-23 22:22:24,026] multiqc                                            [DEBUG  ]  File ignored by longranger/invocation because it exceeded search pattern filesize limit: ESC_Klf5_5k_rep1.R2_fastqc.html
[2021-07-23 22:22:24,233] multiqc                                            [DEBUG  ]  File ignored by ccs/v4 because it exceeded search pattern filesize limit: ESC_Klf5_5k_rep1.R1_fastqc.html
[2021-07-23 22:22:24,236] multiqc                                            [DEBUG  ]  File ignored by hicexplorer because it exceeded search pattern filesize limit: ESC_Klf5_5k_rep1.R1_fastqc.html
[2021-07-23 22:22:24,246] multiqc                                            [DEBUG  ]  File ignored by nanostat because it exceeded search pattern filesize limit: ESC_Klf5_5k_rep1.R1_fastqc.html
[2021-07-23 22:22:24,246] multiqc                                            [DEBUG  ]  File ignored by lima/summary because it exceeded search pattern filesize limit: ESC_Klf5_5k_rep1.R1_fastqc.html
[2021-07-23 22:22:24,250] multiqc                                            [DEBUG  ]  File ignored by vep/vep_txt because it exceeded search pattern filesize limit: ESC_Klf5_5k_rep1.R1_fastqc.html
[2021-07-23 22:22:24,250] multiqc                                            [DEBUG  ]  File ignored by longranger/invocation because it exceeded search pattern filesize limit: ESC_Klf5_5k_rep1.R1_fastqc.html
[2021-07-23 22:22:24,442] multiqc                                            [DEBUG  ]  File ignored by ccs/v4 because it exceeded search pattern filesize limit: ESC_Oct4_1k_rep1.R1_fastqc.html
[2021-07-23 22:22:24,444] multiqc                                            [DEBUG  ]  File ignored by hicexplorer because it exceeded search pattern filesize limit: ESC_Oct4_1k_rep1.R1_fastqc.html
[2021-07-23 22:22:24,445] multiqc                                            [DEBUG  ]  File ignored by nanostat because it exceeded search pattern filesize limit: ESC_Oct4_1k_rep1.R1_fastqc.html
[2021-07-23 22:22:24,445] multiqc                                            [DEBUG  ]  File ignored by lima/summary because it exceeded search pattern filesize limit: ESC_Oct4_1k_rep1.R1_fastqc.html
[2021-07-23 22:22:24,466] multiqc                                            [DEBUG  ]  File ignored by vep/vep_txt because it exceeded search pattern filesize limit: ESC_Oct4_1k_rep1.R1_fastqc.html
[2021-07-23 22:22:24,467] multiqc                                            [DEBUG  ]  File ignored by longranger/invocation because it exceeded search pattern filesize limit: ESC_Oct4_1k_rep1.R1_fastqc.html
[2021-07-23 22:22:24,603] multiqc                                            [DEBUG  ]  File ignored by ccs/v4 because it exceeded search pattern filesize limit: ESC_Klf5_10k_rep1.R1_fastqc.html
[2021-07-23 22:22:24,606] multiqc                                            [DEBUG  ]  File ignored by hicexplorer because it exceeded search pattern filesize limit: ESC_Klf5_10k_rep1.R1_fastqc.html
[2021-07-23 22:22:24,606] multiqc                                            [DEBUG  ]  File ignored by nanostat because it exceeded search pattern filesize limit: ESC_Klf5_10k_rep1.R1_fastqc.html
[2021-07-23 22:22:24,606] multiqc                                            [DEBUG  ]  File ignored by lima/summary because it exceeded search pattern filesize limit: ESC_Klf5_10k_rep1.R1_fastqc.html
[2021-07-23 22:22:24,624] multiqc                                            [DEBUG  ]  File ignored by vep/vep_txt because it exceeded search pattern filesize limit: ESC_Klf5_10k_rep1.R1_fastqc.html
[2021-07-23 22:22:24,624] multiqc                                            [DEBUG  ]  File ignored by longranger/invocation because it exceeded search pattern filesize limit: ESC_Klf5_10k_rep1.R1_fastqc.html
[2021-07-23 22:22:24,793] multiqc                                            [DEBUG  ]  File ignored by ccs/v4 because it exceeded search pattern filesize limit: ESC_Klf5_10k_rep1.R2_fastqc.html
[2021-07-23 22:22:24,795] multiqc                                            [DEBUG  ]  File ignored by hicexplorer because it exceeded search pattern filesize limit: ESC_Klf5_10k_rep1.R2_fastqc.html
[2021-07-23 22:22:24,796] multiqc                                            [DEBUG  ]  File ignored by nanostat because it exceeded search pattern filesize limit: ESC_Klf5_10k_rep1.R2_fastqc.html
[2021-07-23 22:22:24,796] multiqc                                            [DEBUG  ]  File ignored by lima/summary because it exceeded search pattern filesize limit: ESC_Klf5_10k_rep1.R2_fastqc.html
[2021-07-23 22:22:24,800] multiqc                                            [DEBUG  ]  File ignored by vep/vep_txt because it exceeded search pattern filesize limit: ESC_Klf5_10k_rep1.R2_fastqc.html
[2021-07-23 22:22:24,800] multiqc                                            [DEBUG  ]  File ignored by longranger/invocation because it exceeded search pattern filesize limit: ESC_Klf5_10k_rep1.R2_fastqc.html
[2021-07-23 22:22:24,935] multiqc                                            [DEBUG  ]  File ignored by ccs/v4 because it exceeded search pattern filesize limit: ESC_Oct4_1k_rep1.R2_fastqc.html
[2021-07-23 22:22:24,946] multiqc                                            [DEBUG  ]  File ignored by hicexplorer because it exceeded search pattern filesize limit: ESC_Oct4_1k_rep1.R2_fastqc.html
[2021-07-23 22:22:24,947] multiqc                                            [DEBUG  ]  File ignored by nanostat because it exceeded search pattern filesize limit: ESC_Oct4_1k_rep1.R2_fastqc.html
[2021-07-23 22:22:24,947] multiqc                                            [DEBUG  ]  File ignored by lima/summary because it exceeded search pattern filesize limit: ESC_Oct4_1k_rep1.R2_fastqc.html
[2021-07-23 22:22:24,951] multiqc                                            [DEBUG  ]  File ignored by vep/vep_txt because it exceeded search pattern filesize limit: ESC_Oct4_1k_rep1.R2_fastqc.html
[2021-07-23 22:22:24,951] multiqc                                            [DEBUG  ]  File ignored by longranger/invocation because it exceeded search pattern filesize limit: ESC_Oct4_1k_rep1.R2_fastqc.html
[2021-07-23 22:22:25,150] multiqc                                            [DEBUG  ]  File ignored by ccs/v4 because it exceeded search pattern filesize limit: ESC_Klf5_1k_rep1.R1_fastqc.html
[2021-07-23 22:22:25,152] multiqc                                            [DEBUG  ]  File ignored by hicexplorer because it exceeded search pattern filesize limit: ESC_Klf5_1k_rep1.R1_fastqc.html
[2021-07-23 22:22:25,153] multiqc                                            [DEBUG  ]  File ignored by nanostat because it exceeded search pattern filesize limit: ESC_Klf5_1k_rep1.R1_fastqc.html
[2021-07-23 22:22:25,153] multiqc                                            [DEBUG  ]  File ignored by lima/summary because it exceeded search pattern filesize limit: ESC_Klf5_1k_rep1.R1_fastqc.html
[2021-07-23 22:22:25,157] multiqc                                            [DEBUG  ]  File ignored by vep/vep_txt because it exceeded search pattern filesize limit: ESC_Klf5_1k_rep1.R1_fastqc.html
[2021-07-23 22:22:25,166] multiqc                                            [DEBUG  ]  File ignored by longranger/invocation because it exceeded search pattern filesize limit: ESC_Klf5_1k_rep1.R1_fastqc.html
[2021-07-23 22:22:25,365] multiqc                                            [DEBUG  ]  File ignored by ccs/v4 because it exceeded search pattern filesize limit: ESC_Klf5_1k_rep1.R2_fastqc.html
[2021-07-23 22:22:25,377] multiqc                                            [DEBUG  ]  File ignored by hicexplorer because it exceeded search pattern filesize limit: ESC_Klf5_1k_rep1.R2_fastqc.html
[2021-07-23 22:22:25,377] multiqc                                            [DEBUG  ]  File ignored by nanostat because it exceeded search pattern filesize limit: ESC_Klf5_1k_rep1.R2_fastqc.html
[2021-07-23 22:22:25,377] multiqc                                            [DEBUG  ]  File ignored by lima/summary because it exceeded search pattern filesize limit: ESC_Klf5_1k_rep1.R2_fastqc.html
[2021-07-23 22:22:25,381] multiqc                                            [DEBUG  ]  File ignored by vep/vep_txt because it exceeded search pattern filesize limit: ESC_Klf5_1k_rep1.R2_fastqc.html
[2021-07-23 22:22:25,382] multiqc                                            [DEBUG  ]  File ignored by longranger/invocation because it exceeded search pattern filesize limit: ESC_Klf5_1k_rep1.R2_fastqc.html
[2021-07-23 22:22:27,052] multiqc.plots.bargraph                             [DEBUG  ]  Using matplotlib version 3.3.4
[2021-07-23 22:22:27,053] multiqc.plots.linegraph                            [DEBUG  ]  Using matplotlib version 3.3.4
[2021-07-23 22:22:27,055] multiqc                                            [DEBUG  ]  No samples found: custom_content
[2021-07-23 22:22:27,082] multiqc                                            [DEBUG  ]  No samples found: ccs
[2021-07-23 22:22:27,099] multiqc                                            [DEBUG  ]  No samples found: ngsderive
[2021-07-23 22:22:27,117] multiqc                                            [DEBUG  ]  No samples found: purple
[2021-07-23 22:22:27,125] multiqc                                            [DEBUG  ]  No samples found: conpair
[2021-07-23 22:22:27,134] multiqc                                            [DEBUG  ]  No samples found: lima
[2021-07-23 22:22:27,142] multiqc                                            [DEBUG  ]  No samples found: peddy
[2021-07-23 22:22:27,152] multiqc                                            [DEBUG  ]  No samples found: somalier
[2021-07-23 22:22:27,160] multiqc                                            [DEBUG  ]  No samples found: methylQA
[2021-07-23 22:22:27,171] multiqc.modules.mosdepth.mosdepth                  [DEBUG  ]  include_contigs: []
[2021-07-23 22:22:27,171] multiqc.modules.mosdepth.mosdepth                  [DEBUG  ]  exclude_contigs: []
[2021-07-23 22:22:27,171] multiqc                                            [DEBUG  ]  No samples found: mosdepth
[2021-07-23 22:22:27,179] multiqc                                            [DEBUG  ]  No samples found: phantompeakqualtools
[2021-07-23 22:22:27,187] multiqc                                            [DEBUG  ]  No samples found: qualimap
[2021-07-23 22:22:27,196] multiqc                                            [DEBUG  ]  No samples found: preseq
[2021-07-23 22:22:27,204] multiqc                                            [DEBUG  ]  No samples found: quast
[2021-07-23 22:22:27,213] multiqc                                            [DEBUG  ]  No samples found: qorts
[2021-07-23 22:22:27,222] multiqc                                            [DEBUG  ]  No samples found: rna_seqc
[2021-07-23 22:22:27,230] multiqc                                            [DEBUG  ]  No samples found: rockhopper
[2021-07-23 22:22:27,239] multiqc                                            [DEBUG  ]  No samples found: rsem
[2021-07-23 22:22:27,251] multiqc                                            [DEBUG  ]  No samples found: rseqc
[2021-07-23 22:22:27,260] multiqc                                            [DEBUG  ]  No samples found: busco
[2021-07-23 22:22:27,269] multiqc                                            [DEBUG  ]  No samples found: bustools
[2021-07-23 22:22:27,277] multiqc                                            [DEBUG  ]  No samples found: goleft_indexcov
[2021-07-23 22:22:27,286] multiqc                                            [DEBUG  ]  No samples found: gffcompare
[2021-07-23 22:22:27,295] multiqc                                            [DEBUG  ]  No samples found: disambiguate
[2021-07-23 22:22:27,312] multiqc                                            [DEBUG  ]  No samples found: supernova
[2021-07-23 22:22:27,324] multiqc                                            [DEBUG  ]  No samples found: deeptools
[2021-07-23 22:22:27,333] multiqc                                            [DEBUG  ]  No samples found: sargasso
[2021-07-23 22:22:27,342] multiqc                                            [DEBUG  ]  No samples found: verifybamid
[2021-07-23 22:22:27,351] multiqc                                            [DEBUG  ]  No samples found: mirtrace
[2021-07-23 22:22:27,369] multiqc                                            [DEBUG  ]  No samples found: happy
[2021-07-23 22:22:27,378] multiqc                                            [DEBUG  ]  No samples found: mirtop
[2021-07-23 22:22:27,386] multiqc                                            [DEBUG  ]  No samples found: sambamba
[2021-07-23 22:22:27,397] multiqc                                            [DEBUG  ]  No samples found: homer
[2021-07-23 22:22:27,406] multiqc                                            [DEBUG  ]  No samples found: hops
[2021-07-23 22:22:27,415] multiqc                                            [DEBUG  ]  No samples found: macs2
[2021-07-23 22:22:27,440] multiqc                                            [DEBUG  ]  No samples found: theta2
[2021-07-23 22:22:27,458] multiqc                                            [DEBUG  ]  No samples found: snpeff
[2021-07-23 22:22:27,477] multiqc                                            [DEBUG  ]  No samples found: gatk
[2021-07-23 22:22:27,494] multiqc                                            [DEBUG  ]  No samples found: htseq
[2021-07-23 22:22:27,517] multiqc                                            [DEBUG  ]  No samples found: bcftools
[2021-07-23 22:22:27,534] multiqc                                            [DEBUG  ]  No samples found: featureCounts
[2021-07-23 22:22:27,565] multiqc                                            [DEBUG  ]  No samples found: fgbio
[2021-07-23 22:22:27,596] multiqc                                            [DEBUG  ]  No samples found: dragen
[2021-07-23 22:22:27,615] multiqc                                            [DEBUG  ]  No samples found: dedup
[2021-07-23 22:22:27,640] multiqc                                            [DEBUG  ]  No samples found: damageprofiler
[2021-07-23 22:22:27,675] multiqc                                            [DEBUG  ]  No samples found: biobambam2
[2021-07-23 22:22:27,692] multiqc                                            [DEBUG  ]  No samples found: jcvi
[2021-07-23 22:22:27,701] multiqc                                            [DEBUG  ]  No samples found: mtnucratio
[2021-07-23 22:22:27,708] multiqc                                            [DEBUG  ]  No samples found: picard
[2021-07-23 22:22:27,717] multiqc                                            [DEBUG  ]  No samples found: vep
[2021-07-23 22:22:27,727] multiqc                                            [DEBUG  ]  No samples found: sentieon
[2021-07-23 22:22:27,736] multiqc                                            [DEBUG  ]  No samples found: prokka
[2021-07-23 22:22:27,745] multiqc                                            [DEBUG  ]  No samples found: qc3C
[2021-07-23 22:22:27,753] multiqc                                            [DEBUG  ]  No samples found: nanostat
[2021-07-23 22:22:27,762] multiqc                                            [DEBUG  ]  No samples found: samblaster
[2021-07-23 22:22:27,772] multiqc                                            [DEBUG  ]  No samples found: samtools
[2021-07-23 22:22:27,781] multiqc                                            [DEBUG  ]  No samples found: sexdeterrmine
[2021-07-23 22:22:27,789] multiqc                                            [DEBUG  ]  No samples found: eigenstratdatabasetools
[2021-07-23 22:22:27,798] multiqc                                            [DEBUG  ]  No samples found: bamtools
[2021-07-23 22:22:27,812] multiqc                                            [DEBUG  ]  No samples found: jellyfish
[2021-07-23 22:22:27,831] multiqc                                            [DEBUG  ]  No samples found: vcftools
[2021-07-23 22:22:27,857] multiqc                                            [DEBUG  ]  No samples found: longranger
[2021-07-23 22:22:27,874] multiqc                                            [DEBUG  ]  No samples found: stacks
[2021-07-23 22:22:27,888] multiqc                                            [DEBUG  ]  No samples found: varscan2
[2021-07-23 22:22:27,914] multiqc                                            [DEBUG  ]  No samples found: snippy
[2021-07-23 22:22:27,935] multiqc                                            [DEBUG  ]  No samples found: bbmap
[2021-07-23 22:22:27,953] multiqc                                            [DEBUG  ]  No samples found: bismark
[2021-07-23 22:22:27,980] multiqc                                            [DEBUG  ]  No samples found: biscuit
[2021-07-23 22:22:27,997] multiqc                                            [DEBUG  ]  No samples found: hicexplorer
[2021-07-23 22:22:28,015] multiqc                                            [DEBUG  ]  No samples found: hicup
[2021-07-23 22:22:28,032] multiqc                                            [DEBUG  ]  No samples found: hicpro
[2021-07-23 22:22:28,049] multiqc                                            [DEBUG  ]  No samples found: salmon
[2021-07-23 22:22:28,066] multiqc                                            [DEBUG  ]  No samples found: kallisto
[2021-07-23 22:22:28,076] multiqc                                            [DEBUG  ]  No samples found: slamdunk
[2021-07-23 22:22:28,093] multiqc                                            [DEBUG  ]  No samples found: star
[2021-07-23 22:22:28,111] multiqc                                            [DEBUG  ]  No samples found: hisat2
[2021-07-23 22:22:28,127] multiqc                                            [DEBUG  ]  No samples found: tophat
[2021-07-23 22:22:28,145] multiqc                                            [DEBUG  ]  No samples found: bowtie2
[2021-07-23 22:22:28,171] multiqc                                            [DEBUG  ]  No samples found: bowtie1
[2021-07-23 22:22:28,188] multiqc                                            [DEBUG  ]  No samples found: snpsplit
[2021-07-23 22:22:28,197] multiqc                                            [DEBUG  ]  No samples found: odgi
[2021-07-23 22:22:28,205] multiqc                                            [DEBUG  ]  No samples found: pangolin
[2021-07-23 22:22:28,214] multiqc                                            [DEBUG  ]  No samples found: kat
[2021-07-23 22:22:28,223] multiqc                                            [DEBUG  ]  No samples found: leehom
[2021-07-23 22:22:28,232] multiqc                                            [DEBUG  ]  No samples found: adapterRemoval
[2021-07-23 22:22:28,241] multiqc                                            [DEBUG  ]  No samples found: clipandmerge
[2021-07-23 22:22:28,251] multiqc                                            [DEBUG  ]  No samples found: cutadapt
[2021-07-23 22:22:28,260] multiqc                                            [DEBUG  ]  No samples found: flexbar
[2021-07-23 22:22:28,269] multiqc                                            [DEBUG  ]  No samples found: kaiju
[2021-07-23 22:22:28,287] multiqc                                            [DEBUG  ]  No samples found: kraken
[2021-07-23 22:22:28,304] multiqc                                            [DEBUG  ]  No samples found: malt
[2021-07-23 22:22:28,321] multiqc                                            [DEBUG  ]  No samples found: trimmomatic
[2021-07-23 22:22:28,345] multiqc                                            [DEBUG  ]  No samples found: sickle
[2021-07-23 22:22:28,362] multiqc                                            [DEBUG  ]  No samples found: skewer
[2021-07-23 22:22:28,379] multiqc                                            [DEBUG  ]  No samples found: sortmerna
[2021-07-23 22:22:28,397] multiqc                                            [DEBUG  ]  No samples found: biobloomtools
[2021-07-23 22:22:28,414] multiqc                                            [DEBUG  ]  No samples found: fastq_screen
[2021-07-23 22:22:28,431] multiqc                                            [DEBUG  ]  No samples found: afterqc
[2021-07-23 22:22:28,449] multiqc                                            [DEBUG  ]  No samples found: fastp
[2021-07-23 22:22:35,392] multiqc.modules.fastqc.fastqc                      [INFO   ]  Found 20 reports
[2021-07-23 22:22:37,253] multiqc                                            [DEBUG  ]  No samples found: pychopper
[2021-07-23 22:22:37,270] multiqc                                            [DEBUG  ]  No samples found: pycoqc
[2021-07-23 22:22:37,287] multiqc                                            [DEBUG  ]  No samples found: minionqc
[2021-07-23 22:22:37,303] multiqc                                            [DEBUG  ]  No samples found: multivcfanalyzer
[2021-07-23 22:22:37,328] multiqc                                            [DEBUG  ]  No samples found: clusterflow
[2021-07-23 22:22:37,348] multiqc                                            [DEBUG  ]  No samples found: bcl2fastq
[2021-07-23 22:22:37,365] multiqc                                            [DEBUG  ]  No samples found: bclconvert
[2021-07-23 22:22:37,382] multiqc                                            [DEBUG  ]  No samples found: interop
[2021-07-23 22:22:37,399] multiqc                                            [DEBUG  ]  No samples found: ivar
[2021-07-23 22:22:37,416] multiqc                                            [DEBUG  ]  No samples found: flash
[2021-07-23 22:22:37,442] multiqc                                            [DEBUG  ]  No samples found: seqyclean
[2021-07-23 22:22:37,462] multiqc                                            [DEBUG  ]  No samples found: optitype
[2021-07-23 22:22:37,597] multiqc                                            [INFO   ]  Compressing plot data
[2021-07-23 22:22:38,705] multiqc                                            [INFO   ]  Report      : batch13_cr_rawc.html
[2021-07-23 22:22:38,710] multiqc                                            [INFO   ]  Data        : batch13_cr_rawc_data
[2021-07-23 22:22:38,711] multiqc                                            [DEBUG  ]  Moving data file from '/tmp/tmppie125mn/multiqc_data' to '/home1/gyang/work_space/4.ProjectET/batch13_cr/1.rawdata/batch13_cr_rawc_data'
[2021-07-23 22:22:39,109] multiqc                                            [INFO   ]  MultiQC complete
