This is cutadapt 1.18 with Python 3.7.11
Command line parameters: -j 1 -a AGATCGGAAGAGC -A AGATCGGAAGAGC --trim-n -m 50 -q 20,20 -o /home1/gyang/work_space/4.ProjectET/batch29_cr/2.cutdata/8cell_siTfap2c_H3K4me3_rep2.R1_cut.fq -p /home1/gyang/work_space/4.ProjectET/batch29_cr/2.cutdata/8cell_siTfap2c_H3K4me3_rep2.R2_cut.fq 8cell_siTfap2c_H3K4me3_rep2.R1.fq.gz 8cell_siTfap2c_H3K4me3_rep2.R2.fq.gz
Processing reads on 1 core in paired-end mode ...
Finished in 2133.40 s (48 us/read; 1.24 M reads/minute).

=== Summary ===

Total read pairs processed:         44,160,000
  Read 1 with adapter:               5,961,887 (13.5%)
  Read 2 with adapter:               4,825,736 (10.9%)
Pairs that were too short:           1,772,421 (4.0%)
Pairs written (passing filters):    42,387,579 (96.0%)

Total basepairs processed: 13,248,000,000 bp
  Read 1: 6,624,000,000 bp
  Read 2: 6,624,000,000 bp
Quality-trimmed:              53,527,037 bp (0.4%)
  Read 1:    23,258,388 bp
  Read 2:    30,268,649 bp
Total written (filtered):  12,455,993,636 bp (94.0%)
  Read 1: 6,229,824,554 bp
  Read 2: 6,226,169,082 bp

=== First read: Adapter 1 ===

Sequence: AGATCGGAAGAGC; Type: regular 3'; Length: 13; Trimmed: 5961887 times.

No. of allowed errors:
0-9 bp: 0; 10-13 bp: 1

Bases preceding removed adapters:
  A: 22.7%
  C: 6.1%
  G: 7.9%
  T: 43.3%
  none/other: 20.0%

Overview of removed sequences
length	count	expect	max.err	error counts
3	1085415	690000.0	0	1085415
4	284106	172500.0	0	284106
5	130215	43125.0	0	130215
6	82888	10781.2	0	82888
7	72797	2695.3	0	72797
8	71090	673.8	0	71090
9	66132	168.5	0	65209 923
10	64478	42.1	1	60483 3995
11	68683	10.5	1	62812 5871
12	66790	2.6	1	61930 4860
13	60467	0.7	1	56265 4202
14	62385	0.7	1	57139 5246
15	59297	0.7	1	54712 4585
16	61151	0.7	1	55410 5741
17	61720	0.7	1	55934 5786
18	56593	0.7	1	52595 3998
19	51041	0.7	1	47329 3712
20	52373	0.7	1	48534 3839
21	50612	0.7	1	46710 3902
22	47174	0.7	1	43822 3352
23	46167	0.7	1	42621 3546
24	46781	0.7	1	42273 4508
25	41490	0.7	1	38108 3382
26	39222	0.7	1	36259 2963
27	39001	0.7	1	36008 2993
28	35183	0.7	1	32404 2779
29	36477	0.7	1	33063 3414
30	34690	0.7	1	32168 2522
31	32614	0.7	1	30206 2408
32	33342	0.7	1	30966 2376
33	34386	0.7	1	31395 2991
34	34959	0.7	1	32084 2875
35	37108	0.7	1	33882 3226
36	32605	0.7	1	30381 2224
37	27636	0.7	1	25623 2013
38	30814	0.7	1	28733 2081
39	32795	0.7	1	30368 2427
40	29845	0.7	1	27387 2458
41	33880	0.7	1	30088 3792
42	35623	0.7	1	32042 3581
43	47082	0.7	1	44264 2818
44	16617	0.7	1	14157 2460
45	29160	0.7	1	26792 2368
46	88410	0.7	1	84656 3754
47	33597	0.7	1	30089 3508
48	13345	0.7	1	11293 2052
49	50505	0.7	1	48074 2431
50	30662	0.7	1	28449 2213
51	9010	0.7	1	7768 1242
52	27001	0.7	1	25498 1503
53	64979	0.7	1	63001 1978
54	24103	0.7	1	21924 2179
55	15918	0.7	1	14842 1076
56	11061	0.7	1	10170 891
57	24496	0.7	1	23516 980
58	4911	0.7	1	4098 813
59	5900	0.7	1	5269 631
60	28708	0.7	1	27857 851
61	8302	0.7	1	7388 914
62	4492	0.7	1	3961 531
63	9590	0.7	1	8931 659
64	26562	0.7	1	25728 834
65	4071	0.7	1	3190 881
66	9198	0.7	1	8614 584
67	6466	0.7	1	5843 623
68	5644	0.7	1	5097 547
69	1764	0.7	1	1419 345
70	3942	0.7	1	3652 290
71	8860	0.7	1	8375 485
72	12022	0.7	1	11319 703
73	13431	0.7	1	12590 841
74	14322	0.7	1	13453 869
75	14417	0.7	1	13503 914
76	14797	0.7	1	13823 974
77	14868	0.7	1	13856 1012
78	15535	0.7	1	14489 1046
79	14771	0.7	1	13695 1076
80	14953	0.7	1	13905 1048
81	15228	0.7	1	14210 1018
82	14273	0.7	1	13228 1045
83	14768	0.7	1	13810 958
84	14868	0.7	1	13893 975
85	14508	0.7	1	13532 976
86	14539	0.7	1	13549 990
87	14316	0.7	1	13321 995
88	14224	0.7	1	13248 976
89	14522	0.7	1	13518 1004
90	14911	0.7	1	13945 966
91	14202	0.7	1	13251 951
92	14102	0.7	1	13117 985
93	14642	0.7	1	13663 979
94	14282	0.7	1	13322 960
95	13673	0.7	1	12780 893
96	13451	0.7	1	12545 906
97	12835	0.7	1	11931 904
98	12658	0.7	1	11886 772
99	12750	0.7	1	11997 753
100	12372	0.7	1	11660 712
101	12201	0.7	1	11424 777
102	12486	0.7	1	11718 768
103	11967	0.7	1	11201 766
104	12286	0.7	1	11505 781
105	12907	0.7	1	12104 803
106	12844	0.7	1	12075 769
107	13151	0.7	1	12389 762
108	13504	0.7	1	12728 776
109	13891	0.7	1	13156 735
110	14024	0.7	1	13198 826
111	14806	0.7	1	13958 848
112	14733	0.7	1	13921 812
113	14932	0.7	1	14133 799
114	15957	0.7	1	15139 818
115	16481	0.7	1	15625 856
116	17204	0.7	1	16375 829
117	17549	0.7	1	16720 829
118	17463	0.7	1	16607 856
119	17847	0.7	1	17058 789
120	18456	0.7	1	17630 826
121	18329	0.7	1	17429 900
122	18342	0.7	1	17500 842
123	18971	0.7	1	18134 837
124	18682	0.7	1	17930 752
125	18665	0.7	1	17894 771
126	17667	0.7	1	16935 732
127	16617	0.7	1	15967 650
128	15428	0.7	1	14761 667
129	13279	0.7	1	12768 511
130	10238	0.7	1	9847 391
131	5396	0.7	1	5181 215
132	2810	0.7	1	2678 132
133	1075	0.7	1	996 79
134	372	0.7	1	328 44
135	79	0.7	1	55 24
136	67	0.7	1	27 40
137	57	0.7	1	13 44
138	46	0.7	1	22 24
139	50	0.7	1	2 48
140	56	0.7	1	12 44
141	81	0.7	1	46 35
142	32	0.7	1	7 25
143	123	0.7	1	98 25
144	50	0.7	1	14 36
145	61	0.7	1	8 53
146	68	0.7	1	10 58
147	258	0.7	1	98 160
148	481	0.7	1	10 471
149	5838	0.7	1	31 5807
150	1189359	0.7	1	3021 1186338

=== Second read: Adapter 2 ===

Sequence: AGATCGGAAGAGC; Type: regular 3'; Length: 13; Trimmed: 4825736 times.

No. of allowed errors:
0-9 bp: 0; 10-13 bp: 1

Bases preceding removed adapters:
  A: 28.2%
  C: 7.8%
  G: 9.8%
  T: 54.2%
  none/other: 0.1%

Overview of removed sequences
length	count	expect	max.err	error counts
3	1102149	690000.0	0	1102149
4	283569	172500.0	0	283569
5	131138	43125.0	0	131138
6	84098	10781.2	0	84098
7	75676	2695.3	0	75676
8	78577	673.8	0	78577
9	59847	168.5	0	59067 780
10	68492	42.1	1	63835 4657
11	67666	10.5	1	62578 5088
12	69244	2.6	1	64686 4558
13	62139	0.7	1	58547 3592
14	67409	0.7	1	62719 4690
15	56688	0.7	1	53273 3415
16	60004	0.7	1	56580 3424
17	69394	0.7	1	65095 4299
18	46534	0.7	1	43846 2688
19	82785	0.7	1	78121 4664
20	42633	0.7	1	40001 2632
21	41450	0.7	1	38741 2709
22	45274	0.7	1	42740 2534
23	47516	0.7	1	44409 3107
24	113093	0.7	1	107377 5716
25	24087	0.7	1	22284 1803
26	26659	0.7	1	24960 1699
27	22960	0.7	1	20758 2202
28	58292	0.7	1	56009 2283
29	11917	0.7	1	10347 1570
30	55969	0.7	1	53698 2271
31	17761	0.7	1	16125 1636
32	86454	0.7	1	83762 2692
33	33227	0.7	1	31327 1900
34	14754	0.7	1	13540 1214
35	48741	0.7	1	46946 1795
36	23103	0.7	1	21855 1248
37	18217	0.7	1	17084 1133
38	25027	0.7	1	23935 1092
39	17580	0.7	1	16692 888
40	17529	0.7	1	16566 963
41	28135	0.7	1	26881 1254
42	37845	0.7	1	36423 1422
43	19117	0.7	1	17931 1186
44	29257	0.7	1	27795 1462
45	57058	0.7	1	55429 1629
46	20892	0.7	1	19686 1206
47	21958	0.7	1	20774 1184
48	40064	0.7	1	38756 1308
49	23958	0.7	1	22871 1087
50	16846	0.7	1	15908 938
51	37112	0.7	1	35749 1363
52	45826	0.7	1	44358 1468
53	27827	0.7	1	26722 1105
54	22437	0.7	1	21443 994
55	26108	0.7	1	25130 978
56	18361	0.7	1	17501 860
57	21743	0.7	1	20975 768
58	20370	0.7	1	19659 711
59	15890	0.7	1	15215 675
60	12153	0.7	1	11616 537
61	9897	0.7	1	9459 438
62	9429	0.7	1	8992 437
63	9787	0.7	1	9330 457
64	11707	0.7	1	11214 493
65	12935	0.7	1	12344 591
66	13875	0.7	1	13254 621
67	13408	0.7	1	12828 580
68	13510	0.7	1	12955 555
69	14028	0.7	1	13467 561
70	13299	0.7	1	12790 509
71	14378	0.7	1	13801 577
72	14476	0.7	1	13858 618
73	14989	0.7	1	14382 607
74	14926	0.7	1	14376 550
75	14496	0.7	1	13940 556
76	14602	0.7	1	14063 539
77	14938	0.7	1	14324 614
78	15743	0.7	1	15111 632
79	14734	0.7	1	14122 612
80	14915	0.7	1	14351 564
81	15329	0.7	1	14751 578
82	13874	0.7	1	13337 537
83	14756	0.7	1	14219 537
84	14678	0.7	1	14156 522
85	14307	0.7	1	13792 515
86	14664	0.7	1	14127 537
87	14687	0.7	1	14167 520
88	14746	0.7	1	14253 493
89	14529	0.7	1	14007 522
90	14737	0.7	1	14246 491
91	13796	0.7	1	13277 519
92	13835	0.7	1	13322 513
93	14630	0.7	1	14175 455
94	14252	0.7	1	13766 486
95	13867	0.7	1	13398 469
96	13681	0.7	1	13209 472
97	12906	0.7	1	12417 489
98	12614	0.7	1	12181 433
99	12453	0.7	1	12068 385
100	12028	0.7	1	11652 376
101	11926	0.7	1	11551 375
102	12161	0.7	1	11746 415
103	11789	0.7	1	11383 406
104	12467	0.7	1	12078 389
105	12972	0.7	1	12584 388
106	13015	0.7	1	12633 382
107	13221	0.7	1	12810 411
108	13420	0.7	1	13029 391
109	13804	0.7	1	13402 402
110	13960	0.7	1	13575 385
111	14957	0.7	1	14575 382
112	14893	0.7	1	14498 395
113	15051	0.7	1	14659 392
114	16114	0.7	1	15707 407
115	16327	0.7	1	15971 356
116	17210	0.7	1	16822 388
117	17416	0.7	1	17047 369
118	17369	0.7	1	17001 368
119	17897	0.7	1	17553 344
120	18363	0.7	1	17990 373
121	18278	0.7	1	17892 386
122	18359	0.7	1	18038 321
123	18970	0.7	1	18598 372
124	18733	0.7	1	18411 322
125	18646	0.7	1	18301 345
126	17685	0.7	1	17356 329
127	16633	0.7	1	16353 280
128	15438	0.7	1	15162 276
129	13268	0.7	1	13036 232
130	10241	0.7	1	10047 194
131	5401	0.7	1	5289 112
132	2811	0.7	1	2728 83
133	1063	0.7	1	1015 48
134	382	0.7	1	344 38
135	85	0.7	1	58 27
136	43	0.7	1	26 17
137	41	0.7	1	14 27
138	42	0.7	1	24 18
139	34	0.7	1	2 32
140	35	0.7	1	14 21
141	79	0.7	1	52 27
142	27	0.7	1	7 20
143	130	0.7	1	104 26
144	34	0.7	1	13 21
145	25	0.7	1	7 18
146	33	0.7	1	8 25
147	149	0.7	1	111 38
148	41	0.7	1	10 31
149	72	0.7	1	36 36
150	3576	0.7	1	3115 461

