/home1/gyang/anaconda3/envs/work/lib/python2.7/site-packages/MACS2/OptValidator.py:27: RuntimeWarning: numpy.dtype size changed, may indicate binary incompatibility
  from MACS2.IO.Parser import BEDParser, ELANDResultParser, ELANDMultiParser, \
/home1/gyang/anaconda3/envs/work/lib/python2.7/site-packages/MACS2/callpeak_cmd.py:34: RuntimeWarning: numpy.dtype size changed, may indicate binary incompatibility
  from MACS2.PeakModel import PeakModel,NotEnoughPairsException
/home1/gyang/anaconda3/envs/work/lib/python2.7/site-packages/MACS2/callpeak_cmd.py:35: RuntimeWarning: numpy.dtype size changed, may indicate binary incompatibility
  from MACS2.PeakDetect import PeakDetect
INFO  @ Sun, 21 Feb 2021 12:42:08: 
# Command line: callpeak -t ESC_Sox2_1k_rep1.duprm.bam -c ESC_IgG_10k_rep1.duprm.bam -f BAMPE -g mm -n ESC_Sox2_1k_rep1 -B -q 0.05 --keep-dup 1 --outdir /home1/gyang/work_space/4.ProjectET/batch1_cr/6.peak
# ARGUMENTS LIST:
# name = ESC_Sox2_1k_rep1
# format = BAMPE
# ChIP-seq file = ['ESC_Sox2_1k_rep1.duprm.bam']
# control file = ['ESC_IgG_10k_rep1.duprm.bam']
# effective genome size = 1.87e+09
# band width = 300
# model fold = [5, 50]
# qvalue cutoff = 5.00e-02
# Larger dataset will be scaled towards smaller dataset.
# Range for calculating regional lambda is: 1000 bps and 10000 bps
# Broad region calling is off
# Paired-End mode is on
 
INFO  @ Sun, 21 Feb 2021 12:42:08: #1 read fragment files... 
INFO  @ Sun, 21 Feb 2021 12:42:08: #1 read treatment fragments... 
INFO  @ Sun, 21 Feb 2021 12:42:33:  1000000 
INFO  @ Sun, 21 Feb 2021 12:42:56:  2000000 
INFO  @ Sun, 21 Feb 2021 12:43:18:  3000000 
INFO  @ Sun, 21 Feb 2021 12:43:41:  4000000 
INFO  @ Sun, 21 Feb 2021 12:44:02: #1.2 read input fragments... 
INFO  @ Sun, 21 Feb 2021 12:44:23:  1000000 
INFO  @ Sun, 21 Feb 2021 12:44:45:  2000000 
INFO  @ Sun, 21 Feb 2021 12:45:08:  3000000 
INFO  @ Sun, 21 Feb 2021 12:45:30:  4000000 
INFO  @ Sun, 21 Feb 2021 12:45:51:  5000000 
INFO  @ Sun, 21 Feb 2021 12:46:13:  6000000 
INFO  @ Sun, 21 Feb 2021 12:46:35:  7000000 
INFO  @ Sun, 21 Feb 2021 12:46:56:  8000000 
INFO  @ Sun, 21 Feb 2021 12:47:17:  9000000 
INFO  @ Sun, 21 Feb 2021 12:47:39:  10000000 
INFO  @ Sun, 21 Feb 2021 12:48:00:  11000000 
INFO  @ Sun, 21 Feb 2021 12:48:21:  12000000 
INFO  @ Sun, 21 Feb 2021 12:48:43:  13000000 
INFO  @ Sun, 21 Feb 2021 12:49:04:  14000000 
INFO  @ Sun, 21 Feb 2021 12:49:25:  15000000 
INFO  @ Sun, 21 Feb 2021 12:49:45:  16000000 
INFO  @ Sun, 21 Feb 2021 12:50:05:  17000000 
INFO  @ Sun, 21 Feb 2021 12:50:39: #1 mean fragment size is determined as 265 bp from treatment 
INFO  @ Sun, 21 Feb 2021 12:50:39: #1 note: mean fragment size in control is 227 bp -- value ignored 
INFO  @ Sun, 21 Feb 2021 12:50:39: #1 fragment size = 265 
INFO  @ Sun, 21 Feb 2021 12:50:39: #1  total fragments in treatment: 4805602 
INFO  @ Sun, 21 Feb 2021 12:50:39: #1 user defined the maximum fragments... 
INFO  @ Sun, 21 Feb 2021 12:50:39: #1 filter out redundant fragments by allowing at most 1 identical fragment(s) 
INFO  @ Sun, 21 Feb 2021 12:50:58: #1  fragments after filtering in treatment: 4798245 
INFO  @ Sun, 21 Feb 2021 12:50:58: #1  Redundant rate of treatment: 0.00 
INFO  @ Sun, 21 Feb 2021 12:50:58: #1  total fragments in control: 17875566 
INFO  @ Sun, 21 Feb 2021 12:50:58: #1 user defined the maximum fragments... 
INFO  @ Sun, 21 Feb 2021 12:50:58: #1 filter out redundant fragments by allowing at most 1 identical fragment(s) 
INFO  @ Sun, 21 Feb 2021 12:52:06: #1  fragments after filtering in control: 17866630 
INFO  @ Sun, 21 Feb 2021 12:52:06: #1  Redundant rate of control: 0.00 
INFO  @ Sun, 21 Feb 2021 12:52:06: #1 finished! 
INFO  @ Sun, 21 Feb 2021 12:52:06: #2 Build Peak Model... 
INFO  @ Sun, 21 Feb 2021 12:52:06: #2 Skipped... 
INFO  @ Sun, 21 Feb 2021 12:52:06: #2 Use 265 as fragment length 
INFO  @ Sun, 21 Feb 2021 12:52:06: #3 Call peaks... 
INFO  @ Sun, 21 Feb 2021 12:52:06: #3 Pre-compute pvalue-qvalue table... 
INFO  @ Sun, 21 Feb 2021 12:55:56: #3 In the peak calling step, the following will be performed simultaneously: 
INFO  @ Sun, 21 Feb 2021 12:55:56: #3   Write bedGraph files for treatment pileup (after scaling if necessary)... ESC_Sox2_1k_rep1_treat_pileup.bdg 
INFO  @ Sun, 21 Feb 2021 12:55:56: #3   Write bedGraph files for control lambda (after scaling if necessary)... ESC_Sox2_1k_rep1_control_lambda.bdg 
INFO  @ Sun, 21 Feb 2021 12:55:56: #3   Pileup will be based on sequencing depth in treatment. 
INFO  @ Sun, 21 Feb 2021 12:55:56: #3 Call peaks for each chromosome... 
INFO  @ Sun, 21 Feb 2021 12:59:59: #4 Write output xls file... /home1/gyang/work_space/4.ProjectET/batch1_cr/6.peak/ESC_Sox2_1k_rep1_peaks.xls 
INFO  @ Sun, 21 Feb 2021 12:59:59: #4 Write peak in narrowPeak format file... /home1/gyang/work_space/4.ProjectET/batch1_cr/6.peak/ESC_Sox2_1k_rep1_peaks.narrowPeak 
INFO  @ Sun, 21 Feb 2021 12:59:59: #4 Write summits bed file... /home1/gyang/work_space/4.ProjectET/batch1_cr/6.peak/ESC_Sox2_1k_rep1_summits.bed 
INFO  @ Sun, 21 Feb 2021 12:59:59: Done! 
