
	Position file = ESC_Sox2_100k_rep1_peaks.narrowPeak
	Genome = mm10
	Output Directory = ESC_Sox2_100k_rep1_peakAnalysis
	Using actual sizes of regions (-size given)
	Fragment size set to given
	Using 10 CPUs
	Motif length set at 8,
	Found mset for "mouse", will check against vertebrates motifs
	Peak/BED file conversion summary:
		BED/Header formatted lines: 13928
		peakfile formatted lines: 0

	Peak File Statistics:
		Total Peaks: 13928
		Redundant Peak IDs: 0
		Peaks lacking information: 0 (need at least 5 columns per peak)
		Peaks with misformatted coordinates: 0 (should be integer)
		Peaks with misformatted strand: 0 (should be either +/- or 0/1)

	Peak file looks good!

	Background fragment size set to 603 (avg size of targets)
	Could not find background files for 603 bp fragments
	Below are the sizes that are already available prepared.
		200
		342
		420
		444
		463
		998
		999
		1078
		1142
		1222
		1249
		1259
		1262
		1288
		1376
		1455
		1619
		1925
		1959
		2017
		2116
		2151
		2488
		2499
		7879
		7974
	HOMER will now create background files for 603 bp fragments
	To CANCEL and rerun with a differet "-size <#>", hit <CTRL+C> now!
		5
		4
		3
		2
		1
	Preparsing genome for 603 bp fragments...(will probably take 1-5 min)
	preparse size set to 603

	By default, using /usr/local/software/homer/.//data/genomes/mm10//mm10.tss for reference positions
	Output files will be placed in /usr/local/software/homer/.//data/genomes/mm10//preparsed//mm10.603.* ...
	By default, HOMER will set the the preparsed Directory to be group read/write
chmod: changing permissions of ‘/usr/local/software/homer/.//data/genomes/mm10//preparsed/’: Operation not permitted
	Extracting sequences

	Extracting sequences from directory: /usr/local/software/homer/.//data/genomes/mm10//
	Extracting 78429 sequences from chr1
	Extracting 93702 sequences from chr2
	Extracting 64181 sequences from chr3
	Extracting 71394 sequences from chr4
	Extracting 73430 sequences from chr5
	Extracting 69963 sequences from chr6
	Extracting 87175 sequences from chr7
	Extracting 54163 sequences from chr8
	Extracting 65413 sequences from chr9
	Extracting 60036 sequences from chr10
	Extracting 70563 sequences from chr11
	Extracting 44488 sequences from chr12
	Extracting 52053 sequences from chr13
	Extracting 48120 sequences from chr14
	Extracting 44202 sequences from chr15
	Extracting 41498 sequences from chr16
	Extracting 49472 sequences from chr17
	Extracting 35803 sequences from chr18
	Extracting 34309 sequences from chr19
	Extracting 67820 sequences from chrX
	Extracting 9723 sequences from chrY
	Extracting 95 sequences from chr1_GL456211_random
	Extracting 168 sequences from chr1_GL456221_random
	Extracting 65 sequences from chr4_GL456216_random
	Extracting 265 sequences from chr4_GL456350_random
	Extracting 56 sequences from chr4_JH584292_random
	Extracting 178 sequences from chr4_JH584293_random
	Extracting 167 sequences from chr4_JH584294_random
	Extracting 200 sequences from chr5_GL456354_random
	Extracting 101 sequences from chr5_JH584296_random
	Extracting 104 sequences from chr5_JH584297_random
	Extracting 178 sequences from chr5_JH584298_random
	Extracting 430 sequences from chr5_JH584299_random
	Extracting 171 sequences from chr7_GL456219_random
	Extracting 105 sequences from chrUn_JH584304
	Extracting 324 sequences from chrX_GL456233_random
		3252 of 1218396 removed because they had >70.00% Ns (i.e. masked repeats)

	Sequences processed:
		Auto detected maximum sequence length of 603 bp
		100000
		200000
		300000
		400000
		500000
		600000
		700000
		800000
		900000
		1000000
		1100000
		1200000
		1215144 total

	Frequency Bins: 0.01 0.02 0.03 0.04 0.05 0.06 0.08 0.1 0.12 0.14 0.16
	Freq	Bin	Count
	0.01	0	809443
	0.02	1	298879
	0.03	2	61000
	0.04	3	15810
	0.05	4	7266
	0.06	5	5039
	0.08	6	7424
	0.1	7	4984
	0.12	8	2931
	0.14	9	1481
	0.16	10	673
	11	11	214
	Frequency Bins: 0.2 0.25 0.3 0.35 0.4 0.45 0.5 0.6 0.7 0.8
	Freq	Bin	Count
	0.2	0	48
	0.25	1	811
	0.3	2	13786
	0.35	3	90094
	0.4	4	257866
	0.45	5	368651
	0.5	6	295373
	0.6	7	167240
	0.7	8	17112
	0.8	9	3993
	10	10	170


	Extracting sequences from directory: /usr/local/software/homer/.//data/genomes/mm10//
	Extracting 936 sequences from chr1
	Extracting 994 sequences from chr2
	Extracting 701 sequences from chr3
	Extracting 901 sequences from chr4
	Extracting 799 sequences from chr5
	Extracting 1035 sequences from chr6
	Extracting 664 sequences from chr7
	Extracting 878 sequences from chr8
	Extracting 733 sequences from chr9
	Extracting 818 sequences from chr10
	Extracting 893 sequences from chr11
	Extracting 494 sequences from chr12
	Extracting 634 sequences from chr13
	Extracting 548 sequences from chr14
	Extracting 551 sequences from chr15
	Extracting 475 sequences from chr16
	Extracting 593 sequences from chr17
	Extracting 518 sequences from chr18
	Extracting 379 sequences from chr19
	Extracting 373 sequences from chrX
	Extracting 2 sequences from chrY
	Extracting 9 sequences from chrM

	Not removing redundant sequences


	Sequences processed:
		Auto detected maximum sequence length of 854 bp
		13928 total

	Frequency Bins: 0.2 0.25 0.3 0.35 0.4 0.45 0.5 0.6 0.7 0.8
	Freq	Bin	Count
	0.25	1	3
	0.3	2	21
	0.35	3	192
	0.4	4	1479
	0.45	5	4452
	0.5	6	4566
	0.6	7	2834
	0.7	8	320
	0.8	9	59
	10	10	2

	Total sequences set to 50000

	Choosing background that matches in CpG/GC content...
	Bin	# Targets	# Background	Background Weight
	1	3	8	0.971
	2	21	54	1.007
	3	192	497	1.000
	4	1479	3830	1.000
	5	4452	11530	1.000
	6	4566	11825	1.000
	7	2834	7340	1.000
	8	320	829	1.000
	9	59	153	0.999
	10	2	5	1.036
	Assembling sequence file...
	Normalizing lower order oligos using homer2

	Reading input files...
	49999 total sequences read
	Autonormalization: 1-mers (4 total)
		A	26.80%	26.88%	0.997
		C	23.20%	23.12%	1.003
		G	23.20%	23.12%	1.003
		T	26.80%	26.88%	0.997
	Autonormalization: 2-mers (16 total)
		AA	8.24%	7.72%	1.067
		CA	7.41%	7.68%	0.965
		GA	6.20%	6.34%	0.978
		TA	4.93%	5.15%	0.958
		AC	5.28%	5.44%	0.970
		CC	6.51%	6.34%	1.026
		GC	5.24%	5.00%	1.047
		TC	6.20%	6.34%	0.978
		AG	7.82%	7.81%	1.002
		CG	1.44%	1.29%	1.119
		GG	6.51%	6.34%	1.026
		TG	7.41%	7.68%	0.965
		AT	5.48%	5.91%	0.927
		CT	7.82%	7.81%	1.002
		GT	5.28%	5.44%	0.970
		TT	8.24%	7.72%	1.067
	Autonormalization: 3-mers (64 total)
	Normalization weights can be found in file: ESC_Sox2_100k_rep1_peakAnalysis/seq.autonorm.tsv
	Converging on autonormalization solution:
	...............................................................................
	Final normalization:	Autonormalization: 1-mers (4 total)
		A	26.80%	26.80%	1.000
		C	23.20%	23.20%	1.000
		G	23.20%	23.20%	1.000
		T	26.80%	26.80%	1.000
	Autonormalization: 2-mers (16 total)
		AA	8.24%	8.03%	1.025
		CA	7.41%	7.47%	0.992
		GA	6.20%	6.28%	0.988
		TA	4.93%	5.02%	0.983
		AC	5.28%	5.30%	0.995
		CC	6.51%	6.47%	1.006
		GC	5.24%	5.16%	1.016
		TC	6.20%	6.28%	0.988
		AG	7.82%	7.80%	1.003
		CG	1.44%	1.46%	0.986
		GG	6.51%	6.47%	1.006
		TG	7.41%	7.47%	0.992
		AT	5.48%	5.66%	0.969
		CT	7.82%	7.80%	1.003
		GT	5.28%	5.30%	0.995
		TT	8.24%	8.03%	1.025
	Autonormalization: 3-mers (64 total)
	Finished preparing sequence/group files

	----------------------------------------------------------
	Known motif enrichment

	Reading input files...
	49999 total sequences read
	414 motifs loaded
	Cache length = 11180
	Using binomial scoring
	Checking enrichment of 414 motif(s)
	|0%                                    50%                                  100%|
	=================================================================================
	Preparing HTML output with sequence logos...
		1 of 414 (1e-821) Sox2(HMG)/mES-Sox2-ChIP-Seq(GSE11431)/Homer
		2 of 414 (1e-705) OCT4-SOX2-TCF-NANOG(POU,Homeobox,HMG)/mES-Oct4-ChIP-Seq(GSE11431)/Homer
		3 of 414 (1e-630) Sox17(HMG)/Endoderm-Sox17-ChIP-Seq(GSE61475)/Homer
		4 of 414 (1e-524) Sox3(HMG)/NPC-Sox3-ChIP-Seq(GSE33059)/Homer
		5 of 414 (1e-523) Sox15(HMG)/CPA-Sox15-ChIP-Seq(GSE62909)/Homer
		6 of 414 (1e-388) Sox6(HMG)/Myotubes-Sox6-ChIP-Seq(GSE32627)/Homer
		7 of 414 (1e-369) Nr5a2(NR)/mES-Nr5a2-ChIP-Seq(GSE19019)/Homer
		8 of 414 (1e-366) Sox4(HMG)/proB-Sox4-ChIP-Seq(GSE50066)/Homer
		9 of 414 (1e-342) Sox10(HMG)/SciaticNerve-Sox3-ChIP-Seq(GSE35132)/Homer
		10 of 414 (1e-316) SF1(NR)/H295R-Nr5a1-ChIP-Seq(GSE44220)/Homer
		11 of 414 (1e-304) Nr5a2(NR)/Pancreas-LRH1-ChIP-Seq(GSE34295)/Homer
		12 of 414 (1e-283) RAR:RXR(NR),DR5/ES-RAR-ChIP-Seq(GSE56893)/Homer
		13 of 414 (1e-266) Esrrb(NR)/mES-Esrrb-ChIP-Seq(GSE11431)/Homer
		14 of 414 (1e-233) RARg(NR)/ES-RARg-ChIP-Seq(GSE30538)/Homer
		15 of 414 (1e-188) KLF3(Zf)/MEF-Klf3-ChIP-Seq(GSE44748)/Homer
		16 of 414 (1e-185) LEF1(HMG)/H1-LEF1-ChIP-Seq(GSE64758)/Homer
		17 of 414 (1e-171) KLF5(Zf)/LoVo-KLF5-ChIP-Seq(GSE49402)/Homer
		18 of 414 (1e-145) Sox9(HMG)/Limb-SOX9-ChIP-Seq(GSE73225)/Homer
		19 of 414 (1e-139) Brn1(POU,Homeobox)/NPC-Brn1-ChIP-Seq(GSE35496)/Homer
		20 of 414 (1e-134) Zic3(Zf)/mES-Zic3-ChIP-Seq(GSE37889)/Homer
		21 of 414 (1e-132) Sp2(Zf)/HEK293-Sp2.eGFP-ChIP-Seq(Encode)/Homer
		22 of 414 (1e-131) Oct4(POU,Homeobox)/mES-Oct4-ChIP-Seq(GSE11431)/Homer
		23 of 414 (1e-130) Zfp281(Zf)/ES-Zfp281-ChIP-Seq(GSE81042)/Homer
		24 of 414 (1e-129) Klf4(Zf)/mES-Klf4-ChIP-Seq(GSE11431)/Homer
		25 of 414 (1e-122) Oct6(POU,Homeobox)/NPC-Pou3f1-ChIP-Seq(GSE35496)/Homer
		26 of 414 (1e-115) EKLF(Zf)/Erythrocyte-Klf1-ChIP-Seq(GSE20478)/Homer
		27 of 414 (1e-110) Tcf3(HMG)/mES-Tcf3-ChIP-Seq(GSE11724)/Homer
		28 of 414 (1e-108) KLF6(Zf)/PDAC-KLF6-ChIP-Seq(GSE64557)/Homer
		29 of 414 (1e-96) TEAD4(TEA)/Tropoblast-Tead4-ChIP-Seq(GSE37350)/Homer
		30 of 414 (1e-94) TCFL2(HMG)/K562-TCF7L2-ChIP-Seq(GSE29196)/Homer
		31 of 414 (1e-94) TEAD1(TEAD)/HepG2-TEAD1-ChIP-Seq(Encode)/Homer
		32 of 414 (1e-89) Unknown-ESC-element(?)/mES-Nanog-ChIP-Seq(GSE11724)/Homer
		33 of 414 (1e-87) TEAD(TEA)/Fibroblast-PU.1-ChIP-Seq(Unpublished)/Homer
		34 of 414 (1e-72) Zic(Zf)/Cerebellum-ZIC1.2-ChIP-Seq(GSE60731)/Homer
		35 of 414 (1e-67) TEAD2(TEA)/Py2T-Tead2-ChIP-Seq(GSE55709)/Homer
		36 of 414 (1e-60) EAR2(NR)/K562-NR2F6-ChIP-Seq(Encode)/Homer
		37 of 414 (1e-60) Oct2(POU,Homeobox)/Bcell-Oct2-ChIP-Seq(GSE21512)/Homer
		38 of 414 (1e-58) Klf9(Zf)/GBM-Klf9-ChIP-Seq(GSE62211)/Homer
		39 of 414 (1e-55) Sp5(Zf)/mES-Sp5.Flag-ChIP-Seq(GSE72989)/Homer
		40 of 414 (1e-54) TEAD3(TEA)/HepG2-TEAD3-ChIP-Seq(Encode)/Homer
		41 of 414 (1e-51) Tcf7(HMG)/GM12878-TCF7-ChIP-Seq(Encode)/Homer
		42 of 414 (1e-51) NFkB-p65(RHD)/GM12787-p65-ChIP-Seq(GSE19485)/Homer
		43 of 414 (1e-43) Dlx3(Homeobox)/Kerainocytes-Dlx3-ChIP-Seq(GSE89884)/Homer
		44 of 414 (1e-42) COUP-TFII(NR)/K562-NR2F1-ChIP-Seq(Encode)/Homer
		45 of 414 (1e-38) OCT:OCT(POU,Homeobox,IR1)/NPC-Brn2-ChIP-Seq(GSE35496)/Homer
		46 of 414 (1e-36) Maz(Zf)/HepG2-Maz-ChIP-Seq(GSE31477)/Homer
		47 of 414 (1e-36) KLF14(Zf)/HEK293-KLF14.GFP-ChIP-Seq(GSE58341)/Homer
		48 of 414 (1e-35) NFkB-p65-Rel(RHD)/ThioMac-LPS-Expression(GSE23622)/Homer
		49 of 414 (1e-32) NFkB-p50,p52(RHD)/Monocyte-p50-ChIP-Chip(Schreiber_et_al.)/Homer
		50 of 414 (1e-28) Nrf2(bZIP)/Lymphoblast-Nrf2-ChIP-Seq(GSE37589)/Homer
		51 of 414 (1e-27) Bach1(bZIP)/K562-Bach1-ChIP-Seq(GSE31477)/Homer
		52 of 414 (1e-26) Brn2(POU,Homeobox)/NPC-Brn2-ChIP-Seq(GSE35496)/Homer
		53 of 414 (1e-25) Oct4:Sox17(POU,Homeobox,HMG)/F9-Sox17-ChIP-Seq(GSE44553)/Homer
		54 of 414 (1e-25) Bach2(bZIP)/OCILy7-Bach2-ChIP-Seq(GSE44420)/Homer
		55 of 414 (1e-23) Lhx1(Homeobox)/EmbryoCarcinoma-Lhx1-ChIP-Seq(GSE70957)/Homer
		56 of 414 (1e-23) NF-E2(bZIP)/K562-NFE2-ChIP-Seq(GSE31477)/Homer
		57 of 414 (1e-21) Lhx2(Homeobox)/HFSC-Lhx2-ChIP-Seq(GSE48068)/Homer
		58 of 414 (1e-20) MYNN(Zf)/HEK293-MYNN.eGFP-ChIP-Seq(Encode)/Homer
		59 of 414 (1e-20) COUP-TFII(NR)/Artia-Nr2f2-ChIP-Seq(GSE46497)/Homer
		60 of 414 (1e-18) STAT5(Stat)/mCD4+-Stat5-ChIP-Seq(GSE12346)/Homer
		61 of 414 (1e-16) FOXP1(Forkhead)/H9-FOXP1-ChIP-Seq(GSE31006)/Homer
		62 of 414 (1e-16) STAT4(Stat)/CD4-Stat4-ChIP-Seq(GSE22104)/Homer
		63 of 414 (1e-14) Pitx1:Ebox(Homeobox,bHLH)/Hindlimb-Pitx1-ChIP-Seq(GSE41591)/Homer
		64 of 414 (1e-14) Atf4(bZIP)/MEF-Atf4-ChIP-Seq(GSE35681)/Homer
		65 of 414 (1e-14) DMRT1(DM)/Testis-DMRT1-ChIP-Seq(GSE64892)/Homer
		66 of 414 (1e-14) GLIS3(Zf)/Thyroid-Glis3.GFP-ChIP-Seq(GSE103297)/Homer
		67 of 414 (1e-13) ZNF652/HepG2-ZNF652.Flag-ChIP-Seq(Encode)/Homer
		68 of 414 (1e-13) CEBP:AP1(bZIP)/ThioMac-CEBPb-ChIP-Seq(GSE21512)/Homer
		69 of 414 (1e-12) Foxa3(Forkhead)/Liver-Foxa3-ChIP-Seq(GSE77670)/Homer
		70 of 414 (1e-11) CHR(?)/Hela-CellCycle-Expression/Homer
		71 of 414 (1e-11) Fra2(bZIP)/Striatum-Fra2-ChIP-Seq(GSE43429)/Homer
		72 of 414 (1e-11) WT1(Zf)/Kidney-WT1-ChIP-Seq(GSE90016)/Homer
		73 of 414 (1e-10) TATA-Box(TBP)/Promoter/Homer
		74 of 414 (1e-10) CEBP(bZIP)/ThioMac-CEBPb-ChIP-Seq(GSE21512)/Homer
		75 of 414 (1e-10) Tcfcp2l1(CP2)/mES-Tcfcp2l1-ChIP-Seq(GSE11431)/Homer
		76 of 414 (1e-10) Nur77(NR)/K562-NR4A1-ChIP-Seq(GSE31363)/Homer
		77 of 414 (1e-9) GATA(Zf),IR4/iTreg-Gata3-ChIP-Seq(GSE20898)/Homer
		78 of 414 (1e-9) Atf3(bZIP)/GBM-ATF3-ChIP-Seq(GSE33912)/Homer
		79 of 414 (1e-9) Foxa2(Forkhead)/Liver-Foxa2-ChIP-Seq(GSE25694)/Homer
		80 of 414 (1e-8) Jun-AP1(bZIP)/K562-cJun-ChIP-Seq(GSE31477)/Homer
		81 of 414 (1e-8) Fosl2(bZIP)/3T3L1-Fosl2-ChIP-Seq(GSE56872)/Homer
		82 of 414 (1e-8) STAT1(Stat)/HelaS3-STAT1-ChIP-Seq(GSE12782)/Homer
		83 of 414 (1e-8) PBX1(Homeobox)/MCF7-PBX1-ChIP-Seq(GSE28007)/Homer
		84 of 414 (1e-8) KLF10(Zf)/HEK293-KLF10.GFP-ChIP-Seq(GSE58341)/Homer
		85 of 414 (1e-8) Foxh1(Forkhead)/hESC-FOXH1-ChIP-Seq(GSE29422)/Homer
		86 of 414 (1e-8) NFIL3(bZIP)/HepG2-NFIL3-ChIP-Seq(Encode)/Homer
		87 of 414 (1e-8) AP-2alpha(AP2)/Hela-AP2alpha-ChIP-Seq(GSE31477)/Homer
		88 of 414 (1e-8) bHLHE40(bHLH)/HepG2-BHLHE40-ChIP-Seq(GSE31477)/Homer
		89 of 414 (1e-7) Foxo3(Forkhead)/U2OS-Foxo3-ChIP-Seq(E-MTAB-2701)/Homer
		90 of 414 (1e-7) AP-2gamma(AP2)/MCF7-TFAP2C-ChIP-Seq(GSE21234)/Homer
		91 of 414 (1e-7) E-box(bHLH)/Promoter/Homer
		92 of 414 (1e-7) USF1(bHLH)/GM12878-Usf1-ChIP-Seq(GSE32465)/Homer
		93 of 414 (1e-7) Pit1+1bp(Homeobox)/GCrat-Pit1-ChIP-Seq(GSE58009)/Homer
		94 of 414 (1e-7) Brachyury(T-box)/Mesoendoderm-Brachyury-ChIP-exo(GSE54963)/Homer
		95 of 414 (1e-6) Isl1(Homeobox)/Neuron-Isl1-ChIP-Seq(GSE31456)/Homer
		96 of 414 (1e-6) NFE2L2(bZIP)/HepG2-NFE2L2-ChIP-Seq(Encode)/Homer
		97 of 414 (1e-6) VDR(NR),DR3/GM10855-VDR+vitD-ChIP-Seq(GSE22484)/Homer
		98 of 414 (1e-6) Fra1(bZIP)/BT549-Fra1-ChIP-Seq(GSE46166)/Homer
		99 of 414 (1e-6) ETS:E-box(ETS,bHLH)/HPC7-Scl-ChIP-Seq(GSE22178)/Homer
		100 of 414 (1e-6) Stat3(Stat)/mES-Stat3-ChIP-Seq(GSE11431)/Homer
		101 of 414 (1e-5) STAT6(Stat)/CD4-Stat6-ChIP-Seq(GSE22104)/Homer
		102 of 414 (1e-5) FOXK2(Forkhead)/U2OS-FOXK2-ChIP-Seq(E-MTAB-2204)/Homer
		103 of 414 (1e-5) STAT6(Stat)/Macrophage-Stat6-ChIP-Seq(GSE38377)/Homer
		104 of 414 (1e-5) Chop(bZIP)/MEF-Chop-ChIP-Seq(GSE35681)/Homer
		105 of 414 (1e-5) ZNF7(Zf)/HepG2-ZNF7.Flag-ChIP-Seq(Encode)/Homer
		106 of 414 (1e-4) RFX(HTH)/K562-RFX3-ChIP-Seq(SRA012198)/Homer
		107 of 414 (1e-4) c-Myc(bHLH)/LNCAP-cMyc-ChIP-Seq(Unpublished)/Homer
		108 of 414 (1e-4) Erra(NR)/HepG2-Erra-ChIP-Seq(GSE31477)/Homer
		109 of 414 (1e-4) JunB(bZIP)/DendriticCells-Junb-ChIP-Seq(GSE36099)/Homer
		110 of 414 (1e-4) ELF5(ETS)/T47D-ELF5-ChIP-Seq(GSE30407)/Homer
		111 of 414 (1e-4) E2F1(E2F)/Hela-E2F1-ChIP-Seq(GSE22478)/Homer
		112 of 414 (1e-4) MafK(bZIP)/C2C12-MafK-ChIP-Seq(GSE36030)/Homer
		113 of 414 (1e-4) ZNF467(Zf)/HEK293-ZNF467.GFP-ChIP-Seq(GSE58341)/Homer
		114 of 414 (1e-4) AP-1(bZIP)/ThioMac-PU.1-ChIP-Seq(GSE21512)/Homer
		115 of 414 (1e-4) ELF3(ETS)/PDAC-ELF3-ChIP-Seq(GSE64557)/Homer
		116 of 414 (1e-4) ZNF136(Zf)/HEK293-ZNF136.GFP-ChIP-Seq(GSE58341)/Homer
		117 of 414 (1e-4) OCT:OCT-short(POU,Homeobox)/NPC-OCT6-ChIP-Seq(GSE43916)/Homer
		118 of 414 (1e-4) Egr1(Zf)/K562-Egr1-ChIP-Seq(GSE32465)/Homer
		119 of 414 (1e-3) ZEB2(Zf)/SNU398-ZEB2-ChIP-Seq(GSE103048)/Homer
		120 of 414 (1e-3) E2F4(E2F)/K562-E2F4-ChIP-Seq(GSE31477)/Homer
		121 of 414 (1e-3) ELF1(ETS)/Jurkat-ELF1-ChIP-Seq(SRA014231)/Homer
		122 of 414 (1e-3) Elk4(ETS)/Hela-Elk4-ChIP-Seq(GSE31477)/Homer
		123 of 414 (1e-3) HNF4a(NR),DR1/HepG2-HNF4a-ChIP-Seq(GSE25021)/Homer
		124 of 414 (1e-3) HLF(bZIP)/HSC-HLF.Flag-ChIP-Seq(GSE69817)/Homer
		125 of 414 (1e-3) Six4(Homeobox)/MCF7-SIX4-ChIP-Seq(Encode)/Homer
		126 of 414 (1e-3) Elk1(ETS)/Hela-Elk1-ChIP-Seq(GSE31477)/Homer
		127 of 414 (1e-3) Reverb(NR),DR2/RAW-Reverba.biotin-ChIP-Seq(GSE45914)/Homer
		128 of 414 (1e-3) TFE3(bHLH)/MEF-TFE3-ChIP-Seq(GSE75757)/Homer
		129 of 414 (1e-3) DMRT6(DM)/Testis-DMRT6-ChIP-Seq(GSE60440)/Homer
		130 of 414 (1e-3) RAR:RXR(NR),DR5/ES-RAR-ChIP-Seq(GSE56893)/Homer
		131 of 414 (1e-3) EWS:ERG-fusion(ETS)/CADO_ES1-EWS:ERG-ChIP-Seq(SRA014231)/Homer
		132 of 414 (1e-3) Tbx6(T-box)/ESC-Tbx6-ChIP-Seq(GSE93524)/Homer
		133 of 414 (1e-3) FOXA1:AR(Forkhead,NR)/LNCAP-AR-ChIP-Seq(GSE27824)/Homer
		134 of 414 (1e-3) Lhx3(Homeobox)/Neuron-Lhx3-ChIP-Seq(GSE31456)/Homer
		135 of 414 (1e-2) Elf4(ETS)/BMDM-Elf4-ChIP-Seq(GSE88699)/Homer
		136 of 414 (1e-2) Sp1(Zf)/Promoter/Homer
		137 of 414 (1e-2) Rfx2(HTH)/LoVo-RFX2-ChIP-Seq(GSE49402)/Homer
		138 of 414 (1e-2) E2F7(E2F)/Hela-E2F7-ChIP-Seq(GSE32673)/Homer
		139 of 414 (1e-2) Stat3+il21(Stat)/CD4-Stat3-ChIP-Seq(GSE19198)/Homer
		140 of 414 (1e-2) Tbx21(T-box)/GM12878-TBX21-ChIP-Seq(Encode)/Homer
		141 of 414 (1e-2) Slug(Zf)/Mesoderm-Snai2-ChIP-Seq(GSE61475)/Homer
		142 of 414 (1e-2) Tbet(T-box)/CD8-Tbet-ChIP-Seq(GSE33802)/Homer
		143 of 414 (1e-2) LXRE(NR),DR4/RAW-LXRb.biotin-ChIP-Seq(GSE21512)/Homer
		144 of 414 (1e-2) BATF(bZIP)/Th17-BATF-ChIP-Seq(GSE39756)/Homer
		145 of 414 (1e-2) SPDEF(ETS)/VCaP-SPDEF-ChIP-Seq(SRA014231)/Homer
		146 of 414 (1e-2) Otx2(Homeobox)/EpiLC-Otx2-ChIP-Seq(GSE56098)/Homer
		147 of 414 (1e-2) PAX3:FKHR-fusion(Paired,Homeobox)/Rh4-PAX3:FKHR-ChIP-Seq(GSE19063)/Homer
		148 of 414 (1e-2) Mef2a(MADS)/HL1-Mef2a.biotin-ChIP-Seq(GSE21529)/Homer
		149 of 414 (1e-2) EBF1(EBF)/Near-E2A-ChIP-Seq(GSE21512)/Homer
		150 of 414 (1e-2) ETS(ETS)/Promoter/Homer
		151 of 414 (1e-2) FXR(NR),IR1/Liver-FXR-ChIP-Seq(Chong_et_al.)/Homer
		152 of 414 (1e-2) Barx1(Homeobox)/Stomach-Barx1.3xFlag-ChIP-Seq(GSE69483)/Homer
		153 of 414 (1e-2) Tbox:Smad(T-box,MAD)/ESCd5-Smad2_3-ChIP-Seq(GSE29422)/Homer
		154 of 414 (1e-2) EBF(EBF)/proBcell-EBF-ChIP-Seq(GSE21978)/Homer
		155 of 414 (1e-2) CDX4(Homeobox)/ZebrafishEmbryos-Cdx4.Myc-ChIP-Seq(GSE48254)/Homer
		156 of 414 (1e-2) ERE(NR),IR3/MCF7-ERa-ChIP-Seq(Unpublished)/Homer
		157 of 414 (1e-2) HNF6(Homeobox)/Liver-Hnf6-ChIP-Seq(ERP000394)/Homer
	----------------------------------------------------------
	De novo motif finding (HOMER)

	Scanning input files...
	Parsing sequences...
	|0%                                   50%                                  100%|
	================================================================================
	Total number of Oligos: 32896
	Autoadjustment for sequence coverage in background: 1.32x

	Oligos: 32896 of 34497 max
	Tree  : 67000 of 172485 max
	Optimizing memory usage...
	Cache length = 11180
	Using binomial scoring

	Global Optimization Phase: Looking for enriched oligos with up to 2 mismatches...

	Screening oligos 32896 (allowing 0 mismatches):
	|0%                                   50%                                  100%|
	================================================================================
		0.01% skipped, 99.99% checked (32892 of 32896), of those checked:
		0.01% not in target, 0.00% increased p-value, 0.00% high p-value

	Screening oligos 32896 (allowing 1 mismatches):
	|0%                                   50%                                  100%|
	================================================================================
		0.01% skipped, 99.99% checked (32892 of 32896), of those checked:
		0.00% not in target, 51.06% increased p-value, 50.21% high p-value

	Screening oligos 32896 (allowing 2 mismatches):
	|0%                                   50%                                  100%|
	================================================================================
		64.11% skipped, 35.89% checked (11806 of 32896), of those checked:
		0.00% not in target, 30.36% increased p-value, 0.00% high p-value
	Reading input files...
	49999 total sequences read
	Cache length = 11180
	Using binomial scoring

	Local Optimization Phase:
	1 of 25 Initial Sequence: TGACCTTG... (-951.475)
		Round 1: -959.59 TGACCTTG T:1806.4(12.16%),B:1681.0(3.51%),P:1e-416
		Round 2: -959.59 TGACCTTG T:1806.4(12.16%),B:1681.0(3.51%),P:1e-416
		=Final=: -1078.83 TGACCTTG T:1943.0(13.95%),B:1473.8(4.12%),P:1e-468
		Performing exhaustive masking of motif...
		Reprioritizing potential motifs...
	2 of 25 Initial Sequence: ACAATAGA... (-920.763)
		Round 1: -1413.15 ACAATAGV T:6805.5(38.65%),B:10050.5(19.23%),P:1e-613
		Round 2: -2132.09 ACAATAGA T:9498.9(49.44%),B:12848.1(23.89%),P:1e-925
		Round 3: -2132.09 ACAATAGA T:9498.9(49.44%),B:12848.1(23.89%),P:1e-925
		=Final=: -1762.73 ACAATAGA T:6592.0(47.33%),B:8645.7(24.16%),P:1e-765
		Performing exhaustive masking of motif...
		Reprioritizing potential motifs...
	3 of 25 Initial Sequence: TACTGAAT... (-447.092)
		Round 1: -459.68 DABTGAAT T:5501.5(32.63%),B:11429.5(21.56%),P:1e-199
		Round 2: -537.99 WACTGAAT T:5070.3(30.51%),B:9892.7(18.95%),P:1e-233
		Round 3: -537.99 WACTGAAT T:5070.3(30.51%),B:9892.7(18.95%),P:1e-233
		=Final=: -335.71 WACTGAAT T:757.0(5.44%),B:654.1(1.83%),P:1e-145
		Performing exhaustive masking of motif...
		Reprioritizing potential motifs...
	4 of 25 Initial Sequence: ACAAAGCG... (-351.985)
		Round 1: -668.38 ACAAAGVG T:9455.4(49.28%),B:19730.9(34.24%),P:1e-290
		Round 2: -748.79 ACAAAGRS T:6058.4(35.27%),B:11127.3(21.05%),P:1e-325
		Round 3: -748.79 ACAAAGRS T:6058.4(35.27%),B:11127.3(21.05%),P:1e-325
		=Final=: -614.11 ACAAAGRS T:5026.0(36.09%),B:8215.9(22.96%),P:1e-266
		Performing exhaustive masking of motif...
		Reprioritizing potential motifs...
	5 of 25 Initial Sequence: GGGTGGGG... (-274.697)
		Round 1: -581.19 GGGTGGGG T:5490.6(32.58%),B:10669.7(20.28%),P:1e-252
		Round 2: -581.19 GGGTGGGG T:5490.6(32.58%),B:10669.7(20.28%),P:1e-252
		=Final=: -425.76 GGGTGGGG T:4638.0(33.30%),B:8061.8(22.53%),P:1e-184
		Performing exhaustive masking of motif...
		Reprioritizing potential motifs...
	6 of 25 Initial Sequence: TAATTAGC... (-235.207)
		Round 1: -379.10 TAATTAGC T:2332.2(15.42%),B:4089.2(8.32%),P:1e-164
		Round 2: -379.10 TAATTAGC T:2332.2(15.42%),B:4089.2(8.32%),P:1e-164
		=Final=: -281.78 TAATTAGC T:1954.0(14.03%),B:2889.0(8.07%),P:1e-122
		Performing exhaustive masking of motif...
		Reprioritizing potential motifs...
	7 of 25 Initial Sequence: CCATACAC... (-222.829)
		Round 1: -241.53 CCATACAC T:722.5(5.05%),B:941.2(1.98%),P:1e-104
		Round 2: -241.53 CCATACAC T:722.5(5.05%),B:941.2(1.98%),P:1e-104
		=Final=: -319.11 CCATACAC T:665.0(4.77%),B:544.0(1.52%),P:1e-138
		Performing exhaustive masking of motif...
		Reprioritizing potential motifs...
	8 of 25 Initial Sequence: GCACTTAT... (-218.643)
		Round 1: -219.79 GCACTTAT T:410.5(2.90%),B:398.5(0.84%),P:1e-95
		Round 2: -219.79 GCACTTAT T:410.5(2.90%),B:398.5(0.84%),P:1e-95
		=Final=: -349.91 GCACTTAT T:576.0(4.14%),B:394.9(1.10%),P:1e-151
		Performing exhaustive masking of motif...
		Reprioritizing potential motifs...
	9 of 25 Initial Sequence: ATTTGAAT... (-218.139)
		Round 1: -483.90 ATTTGAAT T:3264.0(20.89%),B:5838.4(11.66%),P:1e-210
		Round 2: -483.90 ATTTGAAT T:3264.0(20.89%),B:5838.4(11.66%),P:1e-210
		=Final=: -573.43 ATTTGAAT T:2369.0(17.01%),B:2919.0(8.16%),P:1e-249
		Performing exhaustive masking of motif...
		Reprioritizing potential motifs...
	10 of 25 Initial Sequence: ATAGCTAA... (-207.981)
		Round 1: -207.98 ATAGCTAA T:438.4(3.10%),B:464.9(0.98%),P:1e-90
		Round 2: -207.98 ATAGCTAA T:438.4(3.10%),B:464.9(0.98%),P:1e-90
		=Final=: -332.11 ATAGCTAA T:613.0(4.40%),B:459.4(1.28%),P:1e-144
		Performing exhaustive masking of motif...
		Reprioritizing potential motifs...
	11 of 25 Initial Sequence: TTCAAGGA... (-202.180)
		Round 1: -337.78 TTCAAGGA T:5415.5(32.21%),B:12090.0(22.65%),P:1e-146
		Round 2: -366.34 TTCWAGGA T:5878.3(34.43%),B:13076.3(24.26%),P:1e-159
		Round 3: -391.04 TTCAAGGA T:4478.5(27.50%),B:9292.1(17.91%),P:1e-169
		Round 4: -391.04 TTCAAGGA T:4478.5(27.50%),B:9292.1(17.91%),P:1e-169
		=Final=: -362.01 TTCAAGGA T:3087.0(22.16%),B:4931.9(13.78%),P:1e-157
		Performing exhaustive masking of motif...
		Reprioritizing potential motifs...
	12 of 25 Initial Sequence: TGAATTCT... (-169.380)
		Round 1: -203.16 TGAATTCT T:1241.9(8.52%),B:2207.6(4.58%),P:1e-88
		Round 2: -203.16 TGAATTCT T:1241.9(8.52%),B:2207.6(4.58%),P:1e-88
		=Final=: -184.82 TGAATTCT T:878.0(6.30%),B:1117.5(3.12%),P:1e-80
		Performing exhaustive masking of motif...
		Reprioritizing potential motifs...
	13 of 25 Initial Sequence: TCGAGCAT... (-169.094)
		Round 1: -169.09 TCGAGCAT T:157.3(1.12%),B:79.8(0.17%),P:1e-73
		Round 2: -169.09 TCGAGCAT T:157.3(1.12%),B:79.8(0.17%),P:1e-73
		=Final=: -252.38 TCGAGCAT T:222.0(1.59%),B:79.1(0.22%),P:1e-109
		Performing exhaustive masking of motif...
		Reprioritizing potential motifs...
	14 of 25 Initial Sequence: TGTTCCAA... (-138.941)
		Round 1: -138.94 TGTTCCAA T:562.2(3.95%),B:857.3(1.80%),P:1e-60
		Round 2: -138.94 TGTTCCAA T:562.2(3.95%),B:857.3(1.80%),P:1e-60
		=Final=: -228.69 TGTTCCAA T:775.0(5.56%),B:846.9(2.37%),P:1e-99
		Performing exhaustive masking of motif...
		Reprioritizing potential motifs...
	15 of 25 Initial Sequence: GGAGGCTA... (-134.489)
		Round 1: -212.84 GSAGRYTA T:2063.5(13.77%),B:4199.5(8.53%),P:1e-92
		Round 2: -233.28 GGAGRCTA T:1772.6(11.95%),B:3365.5(6.90%),P:1e-101
		Round 3: -233.28 GGAGRCTA T:1772.6(11.95%),B:3365.5(6.90%),P:1e-101
		=Final=: -212.63 GGAGRCTA T:1971.0(14.15%),B:3166.1(8.85%),P:1e-92
		Performing exhaustive masking of motif...
		Reprioritizing potential motifs...
	16 of 25 Initial Sequence: CTCTTTCA... (-132.536)
		Round 1: -252.09 CTCTTTCA T:1882.5(12.64%),B:3550.7(7.26%),P:1e-109
		Round 2: -252.09 CTCTTTCA T:1882.5(12.64%),B:3550.7(7.26%),P:1e-109
		=Final=: -265.49 CTCTTTCA T:2167.0(15.56%),B:3372.2(9.42%),P:1e-115
		Performing exhaustive masking of motif...
		Reprioritizing potential motifs...
	17 of 25 Initial Sequence: ACCAGGGG... (-127.200)
		Round 1: -127.20 ACCAGGGG T:481.3(3.39%),B:713.2(1.50%),P:1e-55
		Round 2: -127.20 ACCAGGGG T:481.3(3.39%),B:713.2(1.50%),P:1e-55
		=Final=: -163.65 ACCAGGGG T:611.0(4.39%),B:698.4(1.95%),P:1e-71
		Performing exhaustive masking of motif...
		Reprioritizing potential motifs...
	18 of 25 Initial Sequence: CAGCAGGT... (-123.445)
		Round 1: -132.29 CAGCAGGT T:1232.0(8.47%),B:2508.5(5.19%),P:1e-57
		Round 2: -132.29 CAGCAGGT T:1232.0(8.47%),B:2508.5(5.19%),P:1e-57
		=Final=: -183.89 CAGCAGGT T:1540.0(11.06%),B:2393.2(6.69%),P:1e-79
		Performing exhaustive masking of motif...
		Reprioritizing potential motifs...
	19 of 25 Initial Sequence: TGGGCCTA... (-119.389)
		Round 1: -119.39 TGGGCCTA T:370.6(2.62%),B:499.8(1.05%),P:1e-51
		Round 2: -119.39 TGGGCCTA T:370.6(2.62%),B:499.8(1.05%),P:1e-51
		=Final=: -175.31 TGGGCCTA T:493.0(3.54%),B:486.5(1.36%),P:1e-76
		Performing exhaustive masking of motif...
		Reprioritizing potential motifs...
	20 of 25 Initial Sequence: AGTGGCAG... (-116.407)
		Round 1: -116.41 AGTGGCAG T:696.4(4.87%),B:1241.0(2.60%),P:1e-50
		Round 2: -116.41 AGTGGCAG T:696.4(4.87%),B:1241.0(2.60%),P:1e-50
		=Final=: -115.61 AGTGGCAG T:812.0(5.83%),B:1188.3(3.32%),P:1e-50
		Performing exhaustive masking of motif...
		Reprioritizing potential motifs...
	21 of 25 Initial Sequence: CCAAGACA... (-113.440)
		Round 1: -118.81 CCAAGTCA T:1296.8(8.89%),B:2749.6(5.67%),P:1e-51
		Round 2: -168.62 CTGAGWCA T:3611.7(22.84%),B:8674.4(16.83%),P:1e-73
		Round 3: -168.62 CTGAGWCA T:3611.7(22.84%),B:8674.4(16.83%),P:1e-73
		=Final=: -116.61 CTGAGWCA T:3746.0(26.90%),B:7698.5(21.51%),P:1e-50
		Performing exhaustive masking of motif...
		Reprioritizing potential motifs...
	22 of 25 Initial Sequence: CTTAAAAG... (-112.161)
		Round 1: -161.91 WTTAAAAG T:4754.4(28.92%),B:11956.3(22.43%),P:1e-70
		Round 2: -161.91 WTTAAAAG T:4754.4(28.92%),B:11956.3(22.43%),P:1e-70
		=Final=: -102.13 WTTAAAAG T:4574.0(32.84%),B:9815.7(27.43%),P:1e-44
		Performing exhaustive masking of motif...
		Reprioritizing potential motifs...
	23 of 25 Initial Sequence: GAATAGCT... (-111.124)
		Round 1: -114.14 GAATAGCT T:574.7(4.04%),B:962.0(2.02%),P:1e-49
		Round 2: -114.14 GAATAGCT T:574.7(4.04%),B:962.0(2.02%),P:1e-49
		=Final=: -182.50 GAATAGCT T:782.0(5.61%),B:952.5(2.66%),P:1e-79
		Performing exhaustive masking of motif...
		Reprioritizing potential motifs...
	24 of 25 Initial Sequence: TTAGAAGC... (-96.592)
		Round 1: -144.26 TTAGAAGC T:723.9(5.06%),B:1205.2(2.53%),P:1e-62
		Round 2: -144.26 TTAGAAGC T:723.9(5.06%),B:1205.2(2.53%),P:1e-62
		=Final=: -201.77 TTAGAAGC T:932.0(6.69%),B:1173.0(3.28%),P:1e-87
		Performing exhaustive masking of motif...
		Reprioritizing potential motifs...
	25 of 25 Initial Sequence: TTTACTAA... (-93.841)
		Round 1: -93.84 TTTACTAA T:465.0(3.28%),B:778.6(1.64%),P:1e-40
		Round 2: -93.84 TTTACTAA T:465.0(3.28%),B:778.6(1.64%),P:1e-40
		=Final=: -157.37 TTTACTAA T:642.0(4.61%),B:764.0(2.14%),P:1e-68
		Performing exhaustive masking of motif...
		Reprioritizing potential motifs...

	Finalizing Enrichment Statistics (new in v3.4)
	Reading input files...
	49999 total sequences read
	Cache length = 11180
	Using binomial scoring
	Checking enrichment of 25 motif(s)
	|0%                                    50%                                  100%|
	=================================================================================
	Output in file: ESC_Sox2_100k_rep1_peakAnalysis/homerMotifs.motifs8

	(Motifs in homer2 format)
	Determining similar motifs... 25 reduced to 18 motifs
	Outputing HTML and sequence logos for motif comparison...
	Checking de novo motifs against known motifs...
	Formatting HTML page...
		1 of 18 (1e-765) similar to SOX15/MA1152.1/Jaspar(0.898)
		2 of 18 (1e-468) similar to Esrrb(NR)/mES-Esrrb-ChIP-Seq(GSE11431)/Homer(0.968)
		3 of 18 (1e-250) similar to LIN54/MA0619.1/Jaspar(0.876)
		4 of 18 (1e-186) similar to KLF5/MA0599.1/Jaspar(0.900)
		5 of 18 (1e-151) similar to ISL2/MA0914.1/Jaspar(0.838)
		6 of 18 (1e-141) similar to PB0060.1_Smad3_1/Jaspar(0.655)
		7 of 18 (1e-135) similar to Gata1/MA0035.3/Jaspar(0.636)
		8 of 18 (1e-115) similar to PRDM1/MA0508.2/Jaspar(0.711)
		9 of 18 (1e-111) similar to ZNF189(Zf)/HEK293-ZNF189.GFP-ChIP-Seq(GSE58341)/Homer(0.779)
		10 of 18 (1e-109) similar to PB0139.1_Irf5_2/Jaspar(0.645)
		11 of 18 (1e-99) similar to Crx/MA0467.1/Jaspar(0.613)
		12 of 18 (1e-91) similar to POL008.1_DCE_S_I/Jaspar(0.669)
		13 of 18 (1e-80) similar to Unknown-ESC-element(?)/mES-Nanog-ChIP-Seq(GSE11724)/Homer(0.821)
		14 of 18 (1e-76) similar to ZNF711(Zf)/SHSY5Y-ZNF711-ChIP-Seq(GSE20673)/Homer(0.755)
		15 of 18 (1e-70) similar to HMBOX1/MA0895.1/Jaspar(0.747)
		16 of 18 (1e-67) similar to CTCFL/MA1102.1/Jaspar(0.743)
		17 of 18 (1e-63) similar to BACH2/MA1101.1/Jaspar(0.806)
		18 of 18 (1e-49) similar to PBX3/MA1114.1/Jaspar(0.732)
	Job finished - if results look good, please send beer to ..

	Cleaning up tmp files...

