
	Position file = CP_EPI_E65_Nanog_rep4_peaks.narrowPeak
	Genome = mm10
	Output Directory = /home1/gyang/work_space/4.ProjectET/batch6_cr/7.Peak_anno/CP_EPI_E65_Nanog_rep4_peakAnalysis
	Using actual sizes of regions (-size given)
	Fragment size set to given
	Using 10 CPUs
	Motif length set at 8,
	Found mset for "mouse", will check against vertebrates motifs
	Peak/BED file conversion summary:
		BED/Header formatted lines: 12711
		peakfile formatted lines: 0

	Peak File Statistics:
		Total Peaks: 12711
		Redundant Peak IDs: 0
		Peaks lacking information: 0 (need at least 5 columns per peak)
		Peaks with misformatted coordinates: 0 (should be integer)
		Peaks with misformatted strand: 0 (should be either +/- or 0/1)

	Peak file looks good!

	Background fragment size set to 433 (avg size of targets)
	Could not find background files for 433 bp fragments
	Below are the sizes that are already available prepared.
		200
		342
		354
		400
		419
		420
		424
		444
		454
		457
		461
		463
		468
		475
		502
		534
		536
		539
		562
		566
		567
		570
		589
		590
		603
		624
		644
		648
		671
		674
		703
		724
		998
		999
		1078
		1142
		1222
		1249
		1259
		1262
		1288
		1376
		1455
		1619
		1925
		1959
		2017
		2116
		2151
		2488
		2499
		7879
		7974
	HOMER will now create background files for 433 bp fragments
	To CANCEL and rerun with a differet "-size <#>", hit <CTRL+C> now!
		5
		4
		3
		2
		1
	Preparsing genome for 433 bp fragments...(will probably take 1-5 min)
	preparse size set to 433

	By default, using /usr/local/software/homer/.//data/genomes/mm10//mm10.tss for reference positions
	Output files will be placed in /usr/local/software/homer/.//data/genomes/mm10//preparsed//mm10.433.* ...
	By default, HOMER will set the the preparsed Directory to be group read/write
chmod: changing permissions of ‘/usr/local/software/homer/.//data/genomes/mm10//preparsed/’: Operation not permitted
	Extracting sequences

	Extracting sequences from directory: /usr/local/software/homer/.//data/genomes/mm10//
	Extracting 81155 sequences from chr1
	Extracting 97637 sequences from chr2
	Extracting 66380 sequences from chr3
	Extracting 73745 sequences from chr4
	Extracting 76035 sequences from chr5
	Extracting 72633 sequences from chr6
	Extracting 90777 sequences from chr7
	Extracting 56185 sequences from chr8
	Extracting 68107 sequences from chr9
	Extracting 62030 sequences from chr10
	Extracting 73840 sequences from chr11
	Extracting 46320 sequences from chr12
	Extracting 53747 sequences from chr13
	Extracting 49818 sequences from chr14
	Extracting 46066 sequences from chr15
	Extracting 43004 sequences from chr16
	Extracting 51987 sequences from chr17
	Extracting 37023 sequences from chr18
	Extracting 35660 sequences from chr19
	Extracting 69986 sequences from chrX
	Extracting 9907 sequences from chrY
	Extracting 95 sequences from chr1_GL456211_random
	Extracting 181 sequences from chr1_GL456221_random
	Extracting 55 sequences from chr4_GL456216_random
	Extracting 263 sequences from chr4_GL456350_random
	Extracting 49 sequences from chr4_JH584292_random
	Extracting 174 sequences from chr4_JH584293_random
	Extracting 169 sequences from chr4_JH584294_random
	Extracting 214 sequences from chr5_GL456354_random
	Extracting 109 sequences from chr5_JH584296_random
	Extracting 102 sequences from chr5_JH584297_random
	Extracting 186 sequences from chr5_JH584298_random
	Extracting 458 sequences from chr5_JH584299_random
	Extracting 166 sequences from chr7_GL456219_random
	Extracting 94 sequences from chrUn_JH584304
	Extracting 307 sequences from chrX_GL456233_random
		3342 of 1264521 removed because they had >70.00% Ns (i.e. masked repeats)

	Sequences processed:
		Auto detected maximum sequence length of 433 bp
		100000
		200000
		300000
		400000
		500000
		600000
		700000
		800000
		900000
		1000000
		1100000
		1200000
		1261179 total

	Frequency Bins: 0.01 0.02 0.03 0.04 0.05 0.06 0.08 0.1 0.12 0.14 0.16
	Freq	Bin	Count
	0.01	0	802463
	0.02	1	309384
	0.03	2	82558
	0.04	3	27342
	0.05	4	9094
	0.06	5	6007
	0.08	6	9555
	0.1	7	6556
	0.12	8	3886
	0.14	9	2603
	0.16	10	1247
	11	11	484
	Frequency Bins: 0.2 0.25 0.3 0.35 0.4 0.45 0.5 0.6 0.7 0.8
	Freq	Bin	Count
	0.2	0	123
	0.25	1	2025
	0.3	2	20425
	0.35	3	101715
	0.4	4	263849
	0.45	5	340006
	0.5	6	309152
	0.6	7	193991
	0.7	8	22905
	0.8	9	6538
	10	10	450


	Extracting sequences from directory: /usr/local/software/homer/.//data/genomes/mm10//
	Extracting 779 sequences from chr1
	Extracting 1038 sequences from chr2
	Extracting 628 sequences from chr3
	Extracting 853 sequences from chr4
	Extracting 825 sequences from chr5
	Extracting 666 sequences from chr6
	Extracting 883 sequences from chr7
	Extracting 670 sequences from chr8
	Extracting 743 sequences from chr9
	Extracting 647 sequences from chr10
	Extracting 1027 sequences from chr11
	Extracting 497 sequences from chr12
	Extracting 505 sequences from chr13
	Extracting 437 sequences from chr14
	Extracting 479 sequences from chr15
	Extracting 366 sequences from chr16
	Extracting 577 sequences from chr17
	Extracting 375 sequences from chr18
	Extracting 449 sequences from chr19
	Extracting 260 sequences from chrX
	Extracting 3 sequences from chrY
	Extracting 4 sequences from chrM

	Not removing redundant sequences


	Sequences processed:
		Auto detected maximum sequence length of 234 bp
		12711 total

	Frequency Bins: 0.2 0.25 0.3 0.35 0.4 0.45 0.5 0.6 0.7 0.8
	Freq	Bin	Count
	0.3	2	8
	0.35	3	51
	0.4	4	306
	0.45	5	999
	0.5	6	1641
	0.6	7	4457
	0.7	8	4104
	0.8	9	1134
	10	10	11

	Total sequences set to 50000

	Choosing background that matches in CpG/GC content...
	Bin	# Targets	# Background	Background Weight
	2	8	23	1.020
	3	51	150	0.997
	4	306	898	1.000
	5	999	2931	1.000
	6	1641	4814	1.000
	7	4457	13075	1.000
	8	4104	12039	1.000
	9	1134	3327	1.000
	10	11	32	1.008
	Assembling sequence file...
	Normalizing lower order oligos using homer2

	Reading input files...
	50000 total sequences read
	Autonormalization: 1-mers (4 total)
		A	21.26%	21.76%	0.977
		C	28.74%	28.24%	1.018
		G	28.74%	28.24%	1.018
		T	21.26%	21.76%	0.977
	Autonormalization: 2-mers (16 total)
		AA	5.47%	5.15%	1.063
		CA	6.56%	7.16%	0.916
		GA	6.11%	6.24%	0.978
		TA	3.07%	3.19%	0.964
		AC	4.78%	5.00%	0.955
		CC	9.47%	9.17%	1.032
		GC	8.44%	7.84%	1.076
		TC	6.11%	6.24%	0.978
		AG	7.57%	7.84%	0.966
		CG	5.13%	4.08%	1.257
		GG	9.47%	9.17%	1.032
		TG	6.56%	7.16%	0.916
		AT	3.44%	3.75%	0.919
		CT	7.57%	7.84%	0.966
		GT	4.78%	5.00%	0.955
		TT	5.47%	5.15%	1.063
	Autonormalization: 3-mers (64 total)
	Normalization weights can be found in file: /home1/gyang/work_space/4.ProjectET/batch6_cr/7.Peak_anno/CP_EPI_E65_Nanog_rep4_peakAnalysis/seq.autonorm.tsv
	Converging on autonormalization solution:
	...............................................................................
	Final normalization:	Autonormalization: 1-mers (4 total)
		A	21.26%	21.22%	1.002
		C	28.74%	28.78%	0.999
		G	28.74%	28.78%	0.999
		T	21.26%	21.22%	1.002
	Autonormalization: 2-mers (16 total)
		AA	5.47%	5.34%	1.025
		CA	6.56%	6.65%	0.986
		GA	6.11%	6.13%	0.995
		TA	3.07%	3.10%	0.993
		AC	4.78%	4.79%	0.997
		CC	9.47%	9.46%	1.001
		GC	8.44%	8.40%	1.005
		TC	6.11%	6.13%	0.995
		AG	7.57%	7.57%	1.001
		CG	5.13%	5.10%	1.005
		GG	9.47%	9.46%	1.001
		TG	6.56%	6.65%	0.986
		AT	3.44%	3.53%	0.976
		CT	7.57%	7.57%	1.001
		GT	4.78%	4.79%	0.997
		TT	5.47%	5.34%	1.025
	Autonormalization: 3-mers (64 total)
	Finished preparing sequence/group files

	----------------------------------------------------------
	Known motif enrichment

	Reading input files...
	50000 total sequences read
	414 motifs loaded
	Cache length = 11180
	Using binomial scoring
	Checking enrichment of 414 motif(s)
	|0%                                    50%                                  100%|
	=================================================================================
	Preparing HTML output with sequence logos...
		1 of 414 (1e-156) Sp1(Zf)/Promoter/Homer
		2 of 414 (1e-151) Sp5(Zf)/mES-Sp5.Flag-ChIP-Seq(GSE72989)/Homer
		3 of 414 (1e-145) KLF3(Zf)/MEF-Klf3-ChIP-Seq(GSE44748)/Homer
		4 of 414 (1e-116) Klf9(Zf)/GBM-Klf9-ChIP-Seq(GSE62211)/Homer
		5 of 414 (1e-113) OCT4-SOX2-TCF-NANOG(POU,Homeobox,HMG)/mES-Oct4-ChIP-Seq(GSE11431)/Homer
		6 of 414 (1e-111) Zic3(Zf)/mES-Zic3-ChIP-Seq(GSE37889)/Homer
		7 of 414 (1e-109) Unknown-ESC-element(?)/mES-Nanog-ChIP-Seq(GSE11724)/Homer
		8 of 414 (1e-102) Zfp281(Zf)/ES-Zfp281-ChIP-Seq(GSE81042)/Homer
		9 of 414 (1e-92) Sp2(Zf)/HEK293-Sp2.eGFP-ChIP-Seq(Encode)/Homer
		10 of 414 (1e-89) Zic(Zf)/Cerebellum-ZIC1.2-ChIP-Seq(GSE60731)/Homer
		11 of 414 (1e-87) NFY(CCAAT)/Promoter/Homer
		12 of 414 (1e-78) Brn1(POU,Homeobox)/NPC-Brn1-ChIP-Seq(GSE35496)/Homer
		13 of 414 (1e-74) KLF5(Zf)/LoVo-KLF5-ChIP-Seq(GSE49402)/Homer
		14 of 414 (1e-70) Klf4(Zf)/mES-Klf4-ChIP-Seq(GSE11431)/Homer
		15 of 414 (1e-68) Oct4(POU,Homeobox)/mES-Oct4-ChIP-Seq(GSE11431)/Homer
		16 of 414 (1e-65) Maz(Zf)/HepG2-Maz-ChIP-Seq(GSE31477)/Homer
		17 of 414 (1e-64) KLF14(Zf)/HEK293-KLF14.GFP-ChIP-Seq(GSE58341)/Homer
		18 of 414 (1e-59) Lhx3(Homeobox)/Neuron-Lhx3-ChIP-Seq(GSE31456)/Homer
		19 of 414 (1e-59) Lhx2(Homeobox)/HFSC-Lhx2-ChIP-Seq(GSE48068)/Homer
		20 of 414 (1e-57) Ronin(THAP)/ES-Thap11-ChIP-Seq(GSE51522)/Homer
		21 of 414 (1e-57) Oct6(POU,Homeobox)/NPC-Pou3f1-ChIP-Seq(GSE35496)/Homer
		22 of 414 (1e-56) KLF6(Zf)/PDAC-KLF6-ChIP-Seq(GSE64557)/Homer
		23 of 414 (1e-53) Elk4(ETS)/Hela-Elk4-ChIP-Seq(GSE31477)/Homer
		24 of 414 (1e-53) Tbx21(T-box)/GM12878-TBX21-ChIP-Seq(Encode)/Homer
		25 of 414 (1e-53) Tbr1(T-box)/Cortex-Tbr1-ChIP-Seq(GSE71384)/Homer
		26 of 414 (1e-52) Tcf3(HMG)/mES-Tcf3-ChIP-Seq(GSE11724)/Homer
		27 of 414 (1e-51) Dlx3(Homeobox)/Kerainocytes-Dlx3-ChIP-Seq(GSE89884)/Homer
		28 of 414 (1e-49) Lhx1(Homeobox)/EmbryoCarcinoma-Lhx1-ChIP-Seq(GSE70957)/Homer
		29 of 414 (1e-47) OCT:OCT(POU,Homeobox,IR1)/NPC-Brn2-ChIP-Seq(GSE35496)/Homer
		30 of 414 (1e-47) NRF1(NRF)/MCF7-NRF1-ChIP-Seq(Unpublished)/Homer
		31 of 414 (1e-46) Oct2(POU,Homeobox)/Bcell-Oct2-ChIP-Seq(GSE21512)/Homer
		32 of 414 (1e-46) NRF(NRF)/Promoter/Homer
		33 of 414 (1e-44) Tbx6(T-box)/ESC-Tbx6-ChIP-Seq(GSE93524)/Homer
		34 of 414 (1e-44) LEF1(HMG)/H1-LEF1-ChIP-Seq(GSE64758)/Homer
		35 of 414 (1e-44) Sox2(HMG)/mES-Sox2-ChIP-Seq(GSE11431)/Homer
		36 of 414 (1e-41) CTCF(Zf)/CD4+-CTCF-ChIP-Seq(Barski_et_al.)/Homer
		37 of 414 (1e-40) ELF1(ETS)/Jurkat-ELF1-ChIP-Seq(SRA014231)/Homer
		38 of 414 (1e-38) GFY-Staf(?,Zf)/Promoter/Homer
		39 of 414 (1e-38) Elk1(ETS)/Hela-Elk1-ChIP-Seq(GSE31477)/Homer
		40 of 414 (1e-37) ETS(ETS)/Promoter/Homer
		41 of 414 (1e-35) TCFL2(HMG)/K562-TCF7L2-ChIP-Seq(GSE29196)/Homer
		42 of 414 (1e-34) Isl1(Homeobox)/Neuron-Isl1-ChIP-Seq(GSE31456)/Homer
		43 of 414 (1e-34) Otx2(Homeobox)/EpiLC-Otx2-ChIP-Seq(GSE56098)/Homer
		44 of 414 (1e-33) Eomes(T-box)/H9-Eomes-ChIP-Seq(GSE26097)/Homer
		45 of 414 (1e-33) Tbet(T-box)/CD8-Tbet-ChIP-Seq(GSE33802)/Homer
		46 of 414 (1e-33) GFY(?)/Promoter/Homer
		47 of 414 (1e-32) Brn2(POU,Homeobox)/NPC-Brn2-ChIP-Seq(GSE35496)/Homer
		48 of 414 (1e-31) KLF10(Zf)/HEK293-KLF10.GFP-ChIP-Seq(GSE58341)/Homer
		49 of 414 (1e-29) Sox3(HMG)/NPC-Sox3-ChIP-Seq(GSE33059)/Homer
		50 of 414 (1e-26) Sox17(HMG)/Endoderm-Sox17-ChIP-Seq(GSE61475)/Homer
		51 of 414 (1e-26) TEAD1(TEAD)/HepG2-TEAD1-ChIP-Seq(Encode)/Homer
		52 of 414 (1e-25) GABPA(ETS)/Jurkat-GABPa-ChIP-Seq(GSE17954)/Homer
		53 of 414 (1e-24) Tcf7(HMG)/GM12878-TCF7-ChIP-Seq(Encode)/Homer
		54 of 414 (1e-24) Sox15(HMG)/CPA-Sox15-ChIP-Seq(GSE62909)/Homer
		55 of 414 (1e-24) Sox4(HMG)/proB-Sox4-ChIP-Seq(GSE50066)/Homer
		56 of 414 (1e-23) RFX(HTH)/K562-RFX3-ChIP-Seq(SRA012198)/Homer
		57 of 414 (1e-23) Fli1(ETS)/CD8-FLI-ChIP-Seq(GSE20898)/Homer
		58 of 414 (1e-22) Sox6(HMG)/Myotubes-Sox6-ChIP-Seq(GSE32627)/Homer
		59 of 414 (1e-22) TEAD4(TEA)/Tropoblast-Tead4-ChIP-Seq(GSE37350)/Homer
		60 of 414 (1e-22) GSC(Homeobox)/FrogEmbryos-GSC-ChIP-Seq(DRA000576)/Homer
		61 of 414 (1e-22) Rfx2(HTH)/LoVo-RFX2-ChIP-Seq(GSE49402)/Homer
		62 of 414 (1e-22) E-box(bHLH)/Promoter/Homer
		63 of 414 (1e-21) E2F4(E2F)/K562-E2F4-ChIP-Seq(GSE31477)/Homer
		64 of 414 (1e-21) TFE3(bHLH)/MEF-TFE3-ChIP-Seq(GSE75757)/Homer
		65 of 414 (1e-21) Egr1(Zf)/K562-Egr1-ChIP-Seq(GSE32465)/Homer
		66 of 414 (1e-21) Nkx6.1(Homeobox)/Islet-Nkx6.1-ChIP-Seq(GSE40975)/Homer
		67 of 414 (1e-21) CRE(bZIP)/Promoter/Homer
		68 of 414 (1e-20) WT1(Zf)/Kidney-WT1-ChIP-Seq(GSE90016)/Homer
		69 of 414 (1e-20) X-box(HTH)/NPC-H3K4me1-ChIP-Seq(GSE16256)/Homer
		70 of 414 (1e-20) Sox10(HMG)/SciaticNerve-Sox3-ChIP-Seq(GSE35132)/Homer
		71 of 414 (1e-20) BORIS(Zf)/K562-CTCFL-ChIP-Seq(GSE32465)/Homer
		72 of 414 (1e-19) Brachyury(T-box)/Mesoendoderm-Brachyury-ChIP-exo(GSE54963)/Homer
		73 of 414 (1e-18) ETV4(ETS)/HepG2-ETV4-ChIP-Seq(ENCODE)/Homer
		74 of 414 (1e-17) E2F7(E2F)/Hela-E2F7-ChIP-Seq(GSE32673)/Homer
		75 of 414 (1e-17) ZNF652/HepG2-ZNF652.Flag-ChIP-Seq(Encode)/Homer
		76 of 414 (1e-16) CRX(Homeobox)/Retina-Crx-ChIP-Seq(GSE20012)/Homer
		77 of 414 (1e-16) TEAD(TEA)/Fibroblast-PU.1-ChIP-Seq(Unpublished)/Homer
		78 of 414 (1e-16) TEAD3(TEA)/HepG2-TEAD3-ChIP-Seq(Encode)/Homer
		79 of 414 (1e-16) Foxh1(Forkhead)/hESC-FOXH1-ChIP-Seq(GSE29422)/Homer
		80 of 414 (1e-16) Sox9(HMG)/Limb-SOX9-ChIP-Seq(GSE73225)/Homer
		81 of 414 (1e-16) TEAD2(TEA)/Py2T-Tead2-ChIP-Seq(GSE55709)/Homer
		82 of 414 (1e-15) Rfx5(HTH)/GM12878-Rfx5-ChIP-Seq(GSE31477)/Homer
		83 of 414 (1e-15) ZNF467(Zf)/HEK293-ZNF467.GFP-ChIP-Seq(GSE58341)/Homer
		84 of 414 (1e-14) Nanog(Homeobox)/mES-Nanog-ChIP-Seq(GSE11724)/Homer
		85 of 414 (1e-14) Hoxa9(Homeobox)/ChickenMSG-Hoxa9.Flag-ChIP-Seq(GSE86088)/Homer
		86 of 414 (1e-14) Foxo3(Forkhead)/U2OS-Foxo3-ChIP-Seq(E-MTAB-2701)/Homer
		87 of 414 (1e-12) Usf2(bHLH)/C2C12-Usf2-ChIP-Seq(GSE36030)/Homer
		88 of 414 (1e-12) Pknox1(Homeobox)/ES-Prep1-ChIP-Seq(GSE63282)/Homer
		89 of 414 (1e-12) bHLHE40(bHLH)/HepG2-BHLHE40-ChIP-Seq(GSE31477)/Homer
		90 of 414 (1e-12) PBX1(Homeobox)/MCF7-PBX1-ChIP-Seq(GSE28007)/Homer
		91 of 414 (1e-12) FOXP1(Forkhead)/H9-FOXP1-ChIP-Seq(GSE31006)/Homer
		92 of 414 (1e-12) JunD(bZIP)/K562-JunD-ChIP-Seq/Homer
		93 of 414 (1e-12) FOXK2(Forkhead)/U2OS-FOXK2-ChIP-Seq(E-MTAB-2204)/Homer
		94 of 414 (1e-12) Atf7(bZIP)/3T3L1-Atf7-ChIP-Seq(GSE56872)/Homer
		95 of 414 (1e-10) Rfx1(HTH)/NPC-H3K4me1-ChIP-Seq(GSE16256)/Homer
		96 of 414 (1e-10) Atf2(bZIP)/3T3L1-Atf2-ChIP-Seq(GSE56872)/Homer
		97 of 414 (1e-10) EKLF(Zf)/Erythrocyte-Klf1-ChIP-Seq(GSE20478)/Homer
		98 of 414 (1e-10) E2F3(E2F)/MEF-E2F3-ChIP-Seq(GSE71376)/Homer
		99 of 414 (1e-10) Pbx3(Homeobox)/GM12878-PBX3-ChIP-Seq(GSE32465)/Homer
		100 of 414 (1e-10) EWS:FLI1-fusion(ETS)/SK_N_MC-EWS:FLI1-ChIP-Seq(SRA014231)/Homer
		101 of 414 (1e-9) Egr2(Zf)/Thymocytes-Egr2-ChIP-Seq(GSE34254)/Homer
		102 of 414 (1e-9) c-Jun-CRE(bZIP)/K562-cJun-ChIP-Seq(GSE31477)/Homer
		103 of 414 (1e-9) NFkB-p65(RHD)/GM12787-p65-ChIP-Seq(GSE19485)/Homer
		104 of 414 (1e-9) Atf1(bZIP)/K562-ATF1-ChIP-Seq(GSE31477)/Homer
		105 of 414 (1e-9) USF1(bHLH)/GM12878-Usf1-ChIP-Seq(GSE32465)/Homer
		106 of 414 (1e-9) ETS1(ETS)/Jurkat-ETS1-ChIP-Seq(GSE17954)/Homer
		107 of 414 (1e-9) Phox2a(Homeobox)/Neuron-Phox2a-ChIP-Seq(GSE31456)/Homer
		108 of 414 (1e-9) BMYB(HTH)/Hela-BMYB-ChIP-Seq(GSE27030)/Homer
		109 of 414 (1e-8) Rfx6(HTH)/Min6b1-Rfx6.HA-ChIP-Seq(GSE62844)/Homer
		110 of 414 (1e-8) ETV1(ETS)/GIST48-ETV1-ChIP-Seq(GSE22441)/Homer
		111 of 414 (1e-8) Gfi1b(Zf)/HPC7-Gfi1b-ChIP-Seq(GSE22178)/Homer
		112 of 414 (1e-8) GATA(Zf),IR4/iTreg-Gata3-ChIP-Seq(GSE20898)/Homer
		113 of 414 (1e-8) Foxa2(Forkhead)/Liver-Foxa2-ChIP-Seq(GSE25694)/Homer
		114 of 414 (1e-8) CEBP:AP1(bZIP)/ThioMac-CEBPb-ChIP-Seq(GSE21512)/Homer
		115 of 414 (1e-8) Atf4(bZIP)/MEF-Atf4-ChIP-Seq(GSE35681)/Homer
		116 of 414 (1e-7) Etv2(ETS)/ES-ER71-ChIP-Seq(GSE59402)/Homer(0.967)
		117 of 414 (1e-7) c-Myc(bHLH)/LNCAP-cMyc-ChIP-Seq(Unpublished)/Homer
		118 of 414 (1e-7) FOXK1(Forkhead)/HEK293-FOXK1-ChIP-Seq(GSE51673)/Homer
		119 of 414 (1e-7) Elf4(ETS)/BMDM-Elf4-ChIP-Seq(GSE88699)/Homer
		120 of 414 (1e-7) E2F1(E2F)/Hela-E2F1-ChIP-Seq(GSE22478)/Homer
		121 of 414 (1e-7) Tbox:Smad(T-box,MAD)/ESCd5-Smad2_3-ChIP-Seq(GSE29422)/Homer
		122 of 414 (1e-6) E2F6(E2F)/Hela-E2F6-ChIP-Seq(GSE31477)/Homer
		123 of 414 (1e-6) Stat3(Stat)/mES-Stat3-ChIP-Seq(GSE11431)/Homer
		124 of 414 (1e-6) ZNF143|STAF(Zf)/CUTLL-ZNF143-ChIP-Seq(GSE29600)/Homer
		125 of 414 (1e-6) Foxf1(Forkhead)/Lung-Foxf1-ChIP-Seq(GSE77951)/Homer
		126 of 414 (1e-6) Gata4(Zf)/Heart-Gata4-ChIP-Seq(GSE35151)/Homer
		127 of 414 (1e-6) CLOCK(bHLH)/Liver-Clock-ChIP-Seq(GSE39860)/Homer
		128 of 414 (1e-6) GLIS3(Zf)/Thyroid-Glis3.GFP-ChIP-Seq(GSE103297)/Homer
		129 of 414 (1e-6) FOXA1(Forkhead)/LNCAP-FOXA1-ChIP-Seq(GSE27824)/Homer
		130 of 414 (1e-6) STAT4(Stat)/CD4-Stat4-ChIP-Seq(GSE22104)/Homer
		131 of 414 (1e-6) NFIL3(bZIP)/HepG2-NFIL3-ChIP-Seq(Encode)/Homer
		132 of 414 (1e-6) Pit1+1bp(Homeobox)/GCrat-Pit1-ChIP-Seq(GSE58009)/Homer
		133 of 414 (1e-6) Prop1(Homeobox)/GHFT1-PROP1.biotin-ChIP-Seq(GSE77302)/Homer
		134 of 414 (1e-5) CHR(?)/Hela-CellCycle-Expression/Homer
		135 of 414 (1e-5) Arnt:Ahr(bHLH)/MCF7-Arnt-ChIP-Seq(Lo_et_al.)/Homer
		136 of 414 (1e-5) Foxa3(Forkhead)/Liver-Foxa3-ChIP-Seq(GSE77670)/Homer
		137 of 414 (1e-5) STAT6(Stat)/CD4-Stat6-ChIP-Seq(GSE22104)/Homer
		138 of 414 (1e-5) PAX3:FKHR-fusion(Paired,Homeobox)/Rh4-PAX3:FKHR-ChIP-Seq(GSE19063)/Homer
		139 of 414 (1e-5) Phox2b(Homeobox)/CLBGA-PHOX2B-ChIP-Seq(GSE90683)/Homer
		140 of 414 (1e-5) TATA-Box(TBP)/Promoter/Homer
		141 of 414 (1e-5) Unknown(Homeobox)/Limb-p300-ChIP-Seq/Homer
		142 of 414 (1e-5) ERG(ETS)/VCaP-ERG-ChIP-Seq(GSE14097)/Homer
		143 of 414 (1e-5) E2F(E2F)/Hela-CellCycle-Expression/Homer
		144 of 414 (1e-4) OCT:OCT(POU,Homeobox)/NPC-Brn1-ChIP-Seq(GSE35496)/Homer
		145 of 414 (1e-4) FOXA1(Forkhead)/MCF7-FOXA1-ChIP-Seq(GSE26831)/Homer
		146 of 414 (1e-4) MYNN(Zf)/HEK293-MYNN.eGFP-ChIP-Seq(Encode)/Homer
		147 of 414 (1e-4) SPDEF(ETS)/VCaP-SPDEF-ChIP-Seq(SRA014231)/Homer
		148 of 414 (1e-4) FoxL2(Forkhead)/Ovary-FoxL2-ChIP-Seq(GSE60858)/Homer
		149 of 414 (1e-4) Hoxb4(Homeobox)/ES-Hoxb4-ChIP-Seq(GSE34014)/Homer
		150 of 414 (1e-4) Pitx1(Homeobox)/Chicken-Pitx1-ChIP-Seq(GSE38910)/Homer
		151 of 414 (1e-4) STAT6(Stat)/Macrophage-Stat6-ChIP-Seq(GSE38377)/Homer
		152 of 414 (1e-4) GLI3(Zf)/Limb-GLI3-ChIP-Chip(GSE11077)/Homer
		153 of 414 (1e-4) Rbpj1(?)/Panc1-Rbpj1-ChIP-Seq(GSE47459)/Homer
		154 of 414 (1e-4) GFX(?)/Promoter/Homer
		155 of 414 (1e-4) GATA3(Zf)/iTreg-Gata3-ChIP-Seq(GSE20898)/Homer
		156 of 414 (1e-3) NFkB-p65-Rel(RHD)/ThioMac-LPS-Expression(GSE23622)/Homer
		157 of 414 (1e-3) ETS:RUNX(ETS,Runt)/Jurkat-RUNX1-ChIP-Seq(GSE17954)/Homer
		158 of 414 (1e-3) ELF5(ETS)/T47D-ELF5-ChIP-Seq(GSE30407)/Homer
		159 of 414 (1e-3) GRHL2(CP2)/HBE-GRHL2-ChIP-Seq(GSE46194)/Homer
		160 of 414 (1e-3) AMYB(HTH)/Testes-AMYB-ChIP-Seq(GSE44588)/Homer
		161 of 414 (1e-3) Gata1(Zf)/K562-GATA1-ChIP-Seq(GSE18829)/Homer
		162 of 414 (1e-3) Srebp2(bHLH)/HepG2-Srebp2-ChIP-Seq(GSE31477)/Homer
		163 of 414 (1e-3) Barx1(Homeobox)/Stomach-Barx1.3xFlag-ChIP-Seq(GSE69483)/Homer
		164 of 414 (1e-3) CArG(MADS)/PUER-Srf-ChIP-Seq(Sullivan_et_al.)/Homer
		165 of 414 (1e-3) REST-NRSF(Zf)/Jurkat-NRSF-ChIP-Seq/Homer
		166 of 414 (1e-3) Gata2(Zf)/K562-GATA2-ChIP-Seq(GSE18829)/Homer
		167 of 414 (1e-3) STAT1(Stat)/HelaS3-STAT1-ChIP-Seq(GSE12782)/Homer
		168 of 414 (1e-3) Stat3+il21(Stat)/CD4-Stat3-ChIP-Seq(GSE19198)/Homer
		169 of 414 (1e-3) bHLHE41(bHLH)/proB-Bhlhe41-ChIP-Seq(GSE93764)/Homer
		170 of 414 (1e-3) Hoxd11(Homeobox)/ChickenMSG-Hoxd11.Flag-ChIP-Seq(GSE86088)/Homer
		171 of 414 (1e-3) Hoxa10(Homeobox)/ChickenMSG-Hoxa10.Flag-ChIP-Seq(GSE86088)/Homer
		172 of 414 (1e-3) EBF(EBF)/proBcell-EBF-ChIP-Seq(GSE21978)/Homer
		173 of 414 (1e-3) Tbx5(T-box)/HL1-Tbx5.biotin-ChIP-Seq(GSE21529)/Homer
		174 of 414 (1e-3) EBF1(EBF)/Near-E2A-ChIP-Seq(GSE21512)/Homer
		175 of 414 (1e-3) CTCF-SatelliteElement(Zf?)/CD4+-CTCF-ChIP-Seq(Barski_et_al.)/Homer
		176 of 414 (1e-3) Hoxd13(Homeobox)/ChickenMSG-Hoxd13.Flag-ChIP-Seq(GSE86088)/Homer
		177 of 414 (1e-2) Tcf12(bHLH)/GM12878-Tcf12-ChIP-Seq(GSE32465)/Homer
		178 of 414 (1e-2) HIF-1b(HLH)/T47D-HIF1b-ChIP-Seq(GSE59937)/Homer
		179 of 414 (1e-2) MYB(HTH)/ERMYB-Myb-ChIPSeq(GSE22095)/Homer
		180 of 414 (1e-2) EBF2(EBF)/BrownAdipose-EBF2-ChIP-Seq(GSE97114)/Homer
		181 of 414 (1e-2) ZBTB33(Zf)/GM12878-ZBTB33-ChIP-Seq(GSE32465)/Homer
		182 of 414 (1e-2) Srebp1a(bHLH)/HepG2-Srebp1a-ChIP-Seq(GSE31477)/Homer
		183 of 414 (1e-2) PU.1(ETS)/ThioMac-PU.1-ChIP-Seq(GSE21512)/Homer
		184 of 414 (1e-2) OCT:OCT-short(POU,Homeobox)/NPC-OCT6-ChIP-Seq(GSE43916)/Homer
		185 of 414 (1e-2) Pax7(Paired,Homeobox),long/Myoblast-Pax7-ChIP-Seq(GSE25064)/Homer
		186 of 414 (1e-2) HIF2a(bHLH)/785_O-HIF2a-ChIP-Seq(GSE34871)/Homer
		187 of 414 (1e-2) Pdx1(Homeobox)/Islet-Pdx1-ChIP-Seq(SRA008281)/Homer
		188 of 414 (1e-2) Hoxa13(Homeobox)/ChickenMSG-Hoxa13.Flag-ChIP-Seq(GSE86088)/Homer
		189 of 414 (1e-2) Gata6(Zf)/HUG1N-GATA6-ChIP-Seq(GSE51936)/Homer
		190 of 414 (1e-2) Six4(Homeobox)/MCF7-SIX4-ChIP-Seq(Encode)/Homer
		191 of 414 (1e-2) Hoxc9(Homeobox)/Ainv15-Hoxc9-ChIP-Seq(GSE21812)/Homer
		192 of 414 (1e-2) CEBP(bZIP)/ThioMac-CEBPb-ChIP-Seq(GSE21512)/Homer
		193 of 414 (1e-2) Tcf21(bHLH)/ArterySmoothMuscle-Tcf21-ChIP-Seq(GSE61369)/Homer
		194 of 414 (1e-2) NFAT(RHD)/Jurkat-NFATC1-ChIP-Seq(Jolma_et_al.)/Homer
		195 of 414 (1e-2) HIF-1a(bHLH)/MCF7-HIF1a-ChIP-Seq(GSE28352)/Homer
	----------------------------------------------------------
	De novo motif finding (HOMER)

	Scanning input files...
	Parsing sequences...
	|0%                                   50%                                  100%|
	===============================================================================
	Total number of Oligos: 32896
	Autoadjustment for sequence coverage in background: 1.20x

	Oligos: 32896 of 34497 max
	Tree  : 67036 of 172485 max
	Optimizing memory usage...
	Cache length = 11180
	Using binomial scoring

	Global Optimization Phase: Looking for enriched oligos with up to 2 mismatches...

	Screening oligos 32896 (allowing 0 mismatches):
	|0%                                   50%                                  100%|
	================================================================================
		0.00% skipped, 100.00% checked (32896 of 32896), of those checked:
		0.00% not in target, 0.00% increased p-value, 0.00% high p-value

	Screening oligos 32896 (allowing 1 mismatches):
	|0%                                   50%                                  100%|
	================================================================================
		0.00% skipped, 100.00% checked (32896 of 32896), of those checked:
		0.00% not in target, 45.78% increased p-value, 43.20% high p-value

	Screening oligos 32896 (allowing 2 mismatches):
	|0%                                   50%                                  100%|
	================================================================================
		56.40% skipped, 43.60% checked (14343 of 32896), of those checked:
		0.00% not in target, 29.73% increased p-value, 0.00% high p-value
	Reading input files...
	50000 total sequences read
	Cache length = 11180
	Using binomial scoring

	Local Optimization Phase:
	1 of 25 Initial Sequence: GCGAATTA... (-271.400)
		Round 1: -385.72 GCGAATTA T:6314.8(39.15%),B:14366.3(27.79%),P:1e-167
		Round 2: -413.87 GCBAATYA T:9063.4(50.98%),B:21415.0(38.45%),P:1e-179
		Round 3: -519.44 GCBAATYV T:7398.6(44.12%),B:16102.4(30.57%),P:1e-225
		Round 4: -519.44 GCBAATYV T:7398.6(44.12%),B:16102.4(30.57%),P:1e-225
		=Final=: -385.77 GCBAATYV T:3254.0(25.60%),B:5864.5(16.00%),P:1e-167
		Performing exhaustive masking of motif...
		Reprioritizing potential motifs...
	2 of 25 Initial Sequence: GGGCGGGG... (-213.727)
		Round 1: -390.81 GGGCGGGG T:9836.8(53.88%),B:23741.9(41.61%),P:1e-169
		Round 2: -402.62 GGGCGGGG T:9438.1(52.41%),B:22536.9(39.99%),P:1e-174
		Round 3: -402.62 GGGCGGGG T:9438.1(52.41%),B:22536.9(39.99%),P:1e-174
		=Final=: -210.34 GGGCGGGG T:4545.0(35.76%),B:10075.5(27.49%),P:1e-91
		Performing exhaustive masking of motif...
		Reprioritizing potential motifs...
	3 of 25 Initial Sequence: TTAACGCG... (-149.867)
		Round 1: -219.06 TTAACGCG T:7416.0(44.20%),B:19191.7(35.27%),P:1e-95
		Round 2: -219.06 TTAACGCG T:7416.0(44.20%),B:19191.7(35.27%),P:1e-95
		=Final=: -164.98 TTAACGCG T:4777.0(37.58%),B:11040.7(30.12%),P:1e-71
		Performing exhaustive masking of motif...
		Reprioritizing potential motifs...
	4 of 25 Initial Sequence: ATTTGCAT... (-134.059)
		Round 1: -170.46 ATWTGCAW T:820.7(6.25%),B:1377.3(3.07%),P:1e-74
		Round 2: -171.92 ATTTGCAT T:1091.4(8.23%),B:2024.0(4.48%),P:1e-74
		Round 3: -171.92 ATTTGCAT T:1091.4(8.23%),B:2024.0(4.48%),P:1e-74
		=Final=: -163.06 ATTTGCAT T:828.0(6.51%),B:1215.2(3.32%),P:1e-70
		Performing exhaustive masking of motif...
		Reprioritizing potential motifs...
	5 of 25 Initial Sequence: GTCACGCC... (-105.172)
		Round 1: -198.38 GTCACGCC T:2912.3(20.48%),B:6680.0(14.05%),P:1e-86
		Round 2: -198.38 GTCACGCC T:2912.3(20.48%),B:6680.0(14.05%),P:1e-86
		=Final=: -157.80 GTCACGCC T:2575.0(20.26%),B:5316.3(14.50%),P:1e-68
		Performing exhaustive masking of motif...
		Reprioritizing potential motifs...
	6 of 25 Initial Sequence: GGGGGTGG... (-103.101)
		Round 1: -222.39 GGGGGGGG T:9641.7(53.16%),B:25518.1(43.91%),P:1e-96
		Round 2: -222.39 GGGGGGGG T:9641.7(53.16%),B:25518.1(43.91%),P:1e-96
		=Final=: -98.91 GGGGGGGG T:2399.0(18.87%),B:5278.5(14.40%),P:1e-42
		Performing exhaustive masking of motif...
		Reprioritizing potential motifs...
	7 of 25 Initial Sequence: CGCATGCG... (-91.196)
		Round 1: -98.66 CGCATGCG T:961.8(7.28%),B:2041.1(4.52%),P:1e-42
		Round 2: -189.33 CGSAWKYG T:7417.3(44.21%),B:19621.2(35.89%),P:1e-82
		Round 3: -197.06 CGSATTYS T:7295.1(43.67%),B:19150.8(35.21%),P:1e-85
		Round 4: -197.06 CGSATTYS T:7295.1(43.67%),B:19150.8(35.21%),P:1e-85
		=Final=: -162.03 CGSATTYS T:4991.0(39.27%),B:11648.1(31.78%),P:1e-70
		Performing exhaustive masking of motif...
		Reprioritizing potential motifs...
	8 of 25 Initial Sequence: ATTATTCA... (-66.040)
		Round 1: -66.04 ATTATTCA T:165.9(1.29%),B:204.9(0.46%),P:1e-28
		Round 2: -66.04 ATTATTCA T:165.9(1.29%),B:204.9(0.46%),P:1e-28
		=Final=: -83.03 ATTATTCA T:200.0(1.57%),B:204.0(0.56%),P:1e-36
		Performing exhaustive masking of motif...
		Reprioritizing potential motifs...
	9 of 25 Initial Sequence: CCTGCTGT... (-63.136)
		Round 1: -137.39 CCTGCTGW T:2237.1(16.14%),B:5286.8(11.29%),P:1e-59
		Round 2: -137.39 CCTGCTGW T:2237.1(16.14%),B:5286.8(11.29%),P:1e-59
		=Final=: -159.12 CCTGCTGW T:2356.0(18.54%),B:4763.0(13.00%),P:1e-69
		Performing exhaustive masking of motif...
		Reprioritizing potential motifs...
	10 of 25 Initial Sequence: TTCAAAGG... (-56.642)
		Round 1: -104.84 TTCAAAGG T:3674.6(25.10%),B:9794.2(19.90%),P:1e-45
		Round 2: -110.46 TTCAAASG T:5503.6(35.14%),B:15197.9(29.13%),P:1e-47
		Round 3: -126.11 TTCAMACS T:2856.3(20.12%),B:7147.3(14.95%),P:1e-54
		Round 4: -126.11 TTCAMACS T:2856.3(20.12%),B:7147.3(14.95%),P:1e-54
		=Final=: -102.72 TTCAMACS T:2760.0(21.71%),B:6183.7(16.87%),P:1e-44
		Performing exhaustive masking of motif...
		Reprioritizing potential motifs...
	11 of 25 Initial Sequence: GGGCGGTT... (-47.052)
		Round 1: -81.06 GGGCGGTT T:5784.6(36.56%),B:16601.4(31.35%),P:1e-35
		Round 2: -93.55 GGGCGGTT T:2098.7(15.22%),B:5279.9(11.27%),P:1e-40
		Round 3: -93.55 GGGCGGTT T:2098.7(15.22%),B:5279.9(11.27%),P:1e-40
		=Final=: -116.74 GGGCGGTT T:2212.0(17.40%),B:4670.2(12.74%),P:1e-50
		Performing exhaustive masking of motif...
		Reprioritizing potential motifs...
	12 of 25 Initial Sequence: CGCATTCC... (-46.847)
		Round 1: -38.28 CGCATTCC T:1954.5(14.25%),B:5530.5(11.78%),P:1e-16
		Round 2: -45.93 CGCATTCC T:1342.5(10.02%),B:3550.2(7.73%),P:1e-19
		Round 3: -64.63 KRRATTCC T:4130.3(27.74%),B:11817.7(23.49%),P:1e-28
		Round 4: -76.64 CACATTCY T:3792.0(25.79%),B:10564.7(21.29%),P:1e-33
		Round 5: -76.64 CACATTCY T:3792.0(25.79%),B:10564.7(21.29%),P:1e-33
		=Final=: -37.19 CACATTCY T:2565.0(20.18%),B:6357.6(17.35%),P:1e-16
		Performing exhaustive masking of motif...
		Reprioritizing potential motifs...
	13 of 25 Initial Sequence: CCTTTGTT... (-45.274)
		Round 1: -117.07 CYTTTGTT T:2348.3(16.87%),B:5773.2(12.26%),P:1e-50
		Round 2: -117.07 CYTTTGTT T:2348.3(16.87%),B:5773.2(12.26%),P:1e-50
		=Final=: -101.39 CYTTTGTT T:1982.0(15.59%),B:4197.8(11.45%),P:1e-44
		Performing exhaustive masking of motif...
		Reprioritizing potential motifs...
	14 of 25 Initial Sequence: GTTACACT... (-44.446)
		Round 1: -44.45 GTTACACT T:121.2(0.95%),B:160.5(0.36%),P:1e-19
		Round 2: -44.45 GTTACACT T:121.2(0.95%),B:160.5(0.36%),P:1e-19
		=Final=: -54.16 GTTACACT T:145.0(1.14%),B:158.4(0.43%),P:1e-23
		Performing exhaustive masking of motif...
		Reprioritizing potential motifs...
	15 of 25 Initial Sequence: CATTGGCT... (-43.799)
		Round 1: -57.03 CATTGGCT T:587.2(4.51%),B:1276.7(2.85%),P:1e-24
		Round 2: -57.35 GATTGGCT T:1061.3(8.01%),B:2606.2(5.73%),P:1e-24
		Round 3: -57.35 GATTGGCT T:1061.3(8.01%),B:2606.2(5.73%),P:1e-24
		=Final=: -98.44 GATTGGCT T:1264.0(9.94%),B:2450.3(6.69%),P:1e-42
		Performing exhaustive masking of motif...
		Reprioritizing potential motifs...
	16 of 25 Initial Sequence: GCATTACA... (-41.549)
		Round 1: -6.91 GCATTACA T:100.1(0.78%),B:248.4(0.56%),P:1e-3
		Round 2: -26.24 GATTTACA T:223.6(1.74%),B:470.6(1.06%),P:1e-11
		Round 3: -33.15 GMTTWGYA T:1433.6(10.66%),B:3996.5(8.66%),P:1e-14
		Round 4: -70.45 GATTAGYA T:6431.9(39.71%),B:18849.6(34.76%),P:1e-30
		Round 5: -76.26 GMTTWGYR T:4770.6(31.29%),B:13573.7(26.48%),P:1e-33
		Round 6: -81.57 GATTAGCA T:1733.3(12.75%),B:4335.7(9.36%),P:1e-35
		Round 7: -81.57 GATTAGCA T:1733.3(12.75%),B:4335.7(9.36%),P:1e-35
		=Final=: -101.63 GATTAGCA T:1774.0(13.96%),B:3675.3(10.03%),P:1e-44
		Performing exhaustive masking of motif...
		Reprioritizing potential motifs...
	17 of 25 Initial Sequence: GATACTTA... (-45.201)
		Round 1: -48.05 GATACTTA T:148.5(1.16%),B:209.8(0.47%),P:1e-20
		Round 2: -48.05 GATACTTA T:148.5(1.16%),B:209.8(0.47%),P:1e-20
		=Final=: -57.04 GATACTTA T:176.0(1.38%),B:207.8(0.57%),P:1e-24
		Performing exhaustive masking of motif...
		Reprioritizing potential motifs...
	18 of 25 Initial Sequence: AGGCGGAG... (-41.057)
		Round 1: -48.56 AGGCGGAG T:958.3(7.26%),B:2386.4(5.26%),P:1e-21
		Round 2: -53.68 AAGCGKAG T:2301.3(16.56%),B:6359.2(13.42%),P:1e-23
		Round 3: -53.68 AAGCGKAG T:2301.3(16.56%),B:6359.2(13.42%),P:1e-23
		=Final=: -83.36 AAGCGKAG T:2484.0(19.54%),B:5629.5(15.36%),P:1e-36
		Performing exhaustive masking of motif...
		Reprioritizing potential motifs...
	19 of 25 Initial Sequence: TGGGGGAG... (-39.315)
		Round 1: -42.90 TGGGGGAG T:1146.4(8.62%),B:2997.7(6.57%),P:1e-18
		Round 2: -42.90 TGGGGGAG T:1146.4(8.62%),B:2997.7(6.57%),P:1e-18
		=Final=: -67.84 TGGGGGAG T:1294.0(10.18%),B:2713.1(7.40%),P:1e-29
		Performing exhaustive masking of motif...
		Reprioritizing potential motifs...
	20 of 25 Initial Sequence: GGAATCCC... (-38.055)
		Round 1: -49.20 GGAATCCC T:533.5(4.11%),B:1175.6(2.63%),P:1e-21
		Round 2: -49.20 GGAATCCC T:533.5(4.11%),B:1175.6(2.63%),P:1e-21
		=Final=: -48.97 GGAATCCC T:303.0(2.38%),B:479.8(1.31%),P:1e-21
		Performing exhaustive masking of motif...
		Reprioritizing potential motifs...
	21 of 25 Initial Sequence: CATTACAA... (-36.304)
		Round 1: -36.30 CATTACAA T:130.3(1.02%),B:199.8(0.45%),P:1e-15
		Round 2: -36.30 CATTACAA T:130.3(1.02%),B:199.8(0.45%),P:1e-15
		=Final=: -46.78 CATTACAA T:160.0(1.26%),B:199.4(0.54%),P:1e-20
		Performing exhaustive masking of motif...
		Reprioritizing potential motifs...
	22 of 25 Initial Sequence: AAGGCCTA... (-30.576)
		Round 1: -40.27 AAGGMYTA T:540.6(4.16%),B:1255.0(2.80%),P:1e-17
		Round 2: -43.57 AVSGMTTA T:1320.8(9.86%),B:3511.7(7.65%),P:1e-18
		Round 3: -45.37 AAGGMYTA T:1441.0(10.72%),B:3856.7(8.37%),P:1e-19
		Round 4: -52.14 AAGGMYTA T:527.3(4.06%),B:1143.2(2.56%),P:1e-22
		Round 5: -52.14 AAGGMYTA T:527.3(4.06%),B:1143.2(2.56%),P:1e-22
		=Final=: -82.06 AAGGMYTA T:782.0(6.15%),B:1405.4(3.83%),P:1e-35
		Performing exhaustive masking of motif...
		Reprioritizing potential motifs...
	23 of 25 Initial Sequence: GGTGAATT... (-27.610)
		Round 1: -27.96 GGTGAATT T:5071.5(32.90%),B:15732.3(29.99%),P:1e-12
		Round 2: -35.22 KGTAAATY T:1270.8(9.51%),B:3465.2(7.55%),P:1e-15
		Round 3: -35.22 KGTAAATY T:1270.8(9.51%),B:3465.2(7.55%),P:1e-15
		=Final=: -45.83 KGTAAATY T:566.0(4.45%),B:1085.9(2.96%),P:1e-19
		Performing exhaustive masking of motif...
		Reprioritizing potential motifs...
	24 of 25 Initial Sequence: ACTGCGCA... (-26.766)
		Round 1: -64.60 ACTGCGCA T:3755.8(25.58%),B:10658.2(21.46%),P:1e-28
		Round 2: -82.80 WCTSCGBA T:7443.2(44.32%),B:21689.1(38.83%),P:1e-35
		Round 3: -82.80 WCTSCGBA T:7443.2(44.32%),B:21689.1(38.83%),P:1e-35
		=Final=: -84.14 WCTSCGBA T:3577.0(28.14%),B:8529.5(23.27%),P:1e-36
		Performing exhaustive masking of motif...
		Reprioritizing potential motifs...
	25 of 25 Initial Sequence: AATACCAC... (-25.532)
		Round 1: -25.53 AATACCAC T:109.2(0.85%),B:182.9(0.41%),P:1e-11
		Round 2: -25.53 AATACCAC T:109.2(0.85%),B:182.9(0.41%),P:1e-11
		=Final=: -29.21 AATACCAC T:127.0(1.00%),B:178.5(0.49%),P:1e-12
		Performing exhaustive masking of motif...
		Reprioritizing potential motifs...

	Finalizing Enrichment Statistics (new in v3.4)
	Reading input files...
	50000 total sequences read
	Cache length = 11180
	Using binomial scoring
	Checking enrichment of 25 motif(s)
	|0%                                    50%                                  100%|
	=================================================================================
	Output in file: /home1/gyang/work_space/4.ProjectET/batch6_cr/7.Peak_anno/CP_EPI_E65_Nanog_rep4_peakAnalysis/homerMotifs.motifs8

	(Motifs in homer2 format)
	Determining similar motifs... 25 reduced to 15 motifs
	Outputing HTML and sequence logos for motif comparison...
	Checking de novo motifs against known motifs...
	Formatting HTML page...
		1 of 15 (1e-167) similar to Lhx8/MA0705.1/Jaspar(0.811)
		2 of 15 (1e-91) similar to PB0039.1_Klf7_1/Jaspar(0.900)
		3 of 15 (1e-79) similar to ETV5/MA0765.1/Jaspar(0.772)
		4 of 15 (1e-74) similar to ZNF652/HepG2-ZNF652.Flag-ChIP-Seq(Encode)/Homer(0.730)
		5 of 15 (1e-72) similar to Unknown-ESC-element(?)/mES-Nanog-ChIP-Seq(GSE11724)/Homer(0.920)
		6 of 15 (1e-53) similar to CHR(?)/Hela-CellCycle-Expression/Homer(0.820)
		7 of 15 (1e-49) similar to Otx2(Homeobox)/EpiLC-Otx2-ChIP-Seq(GSE56098)/Homer(0.802)
		8 of 15 (1e-49) similar to ETV2/MA0762.1/Jaspar(0.629)
		9 of 15 (1e-48) similar to Sox3(HMG)/NPC-Sox3-ChIP-Seq(GSE33059)/Homer(0.945)
		10 of 15 (1e-38) similar to Brn2(POU,Homeobox)/NPC-Brn2-ChIP-Seq(GSE35496)/Homer(0.833)
		11 of 15 (1e-32) similar to WT1(Zf)/Kidney-WT1-ChIP-Seq(GSE90016)/Homer(0.835)
		12 of 15 (1e-25) similar to PH0022.1_Dlx3/Jaspar(0.717)
		13 of 15 (1e-24) similar to DMRT3/MA0610.1/Jaspar(0.720)
		14 of 15 (1e-18) similar to Nkx6.1(Homeobox)/Islet-Nkx6.1-ChIP-Seq(GSE40975)/Homer(0.725)
		15 of 15 (1e-13) similar to RUNX2(Runt)/PCa-RUNX2-ChIP-Seq(GSE33889)/Homer(0.706)
	Job finished - if results look good, please send beer to ..

	Cleaning up tmp files...

