
	Position file = CP_EXE_E65_Gata3_rep1_peaks.narrowPeak
	Genome = mm10
	Output Directory = /home1/gyang/work_space/4.ProjectET/batch6_cr/7.Peak_anno/CP_EXE_E65_Gata3_rep1_peakAnalysis
	Using actual sizes of regions (-size given)
	Fragment size set to given
	Using 10 CPUs
	Motif length set at 8,
	Found mset for "mouse", will check against vertebrates motifs
	Peak/BED file conversion summary:
		BED/Header formatted lines: 3827
		peakfile formatted lines: 0

	Peak File Statistics:
		Total Peaks: 3827
		Redundant Peak IDs: 0
		Peaks lacking information: 0 (need at least 5 columns per peak)
		Peaks with misformatted coordinates: 0 (should be integer)
		Peaks with misformatted strand: 0 (should be either +/- or 0/1)

	Peak file looks good!

	Background fragment size set to 373 (avg size of targets)
	Could not find background files for 373 bp fragments
	Below are the sizes that are already available prepared.
		200
		342
		354
		400
		419
		420
		424
		444
		454
		457
		461
		463
		468
		475
		502
		534
		536
		539
		562
		566
		567
		570
		589
		590
		603
		624
		644
		648
		671
		674
		703
		724
		998
		999
		1078
		1142
		1222
		1249
		1259
		1262
		1288
		1376
		1455
		1619
		1925
		1959
		2017
		2116
		2151
		2488
		2499
		7879
		7974
	HOMER will now create background files for 373 bp fragments
	To CANCEL and rerun with a differet "-size <#>", hit <CTRL+C> now!
		5
		4
		3
		2
		1
	Preparsing genome for 373 bp fragments...(will probably take 1-5 min)
	preparse size set to 373

	By default, using /usr/local/software/homer/.//data/genomes/mm10//mm10.tss for reference positions
	Output files will be placed in /usr/local/software/homer/.//data/genomes/mm10//preparsed//mm10.373.* ...
	By default, HOMER will set the the preparsed Directory to be group read/write
chmod: changing permissions of ‘/usr/local/software/homer/.//data/genomes/mm10//preparsed/’: Operation not permitted
	Extracting sequences

	Extracting sequences from directory: /usr/local/software/homer/.//data/genomes/mm10//
	Extracting 81599 sequences from chr1
	Extracting 98147 sequences from chr2
	Extracting 66993 sequences from chr3
	Extracting 74470 sequences from chr4
	Extracting 76609 sequences from chr5
	Extracting 73298 sequences from chr6
	Extracting 91654 sequences from chr7
	Extracting 56399 sequences from chr8
	Extracting 68397 sequences from chr9
	Extracting 62488 sequences from chr10
	Extracting 74402 sequences from chr11
	Extracting 46483 sequences from chr12
	Extracting 54107 sequences from chr13
	Extracting 50006 sequences from chr14
	Extracting 46365 sequences from chr15
	Extracting 43382 sequences from chr16
	Extracting 52594 sequences from chr17
	Extracting 36934 sequences from chr18
	Extracting 36052 sequences from chr19
	Extracting 70325 sequences from chrX
	Extracting 10087 sequences from chrY
	Extracting 96 sequences from chr1_GL456211_random
	Extracting 172 sequences from chr1_GL456221_random
	Extracting 68 sequences from chr4_GL456216_random
	Extracting 272 sequences from chr4_GL456350_random
	Extracting 58 sequences from chr4_JH584292_random
	Extracting 202 sequences from chr4_JH584293_random
	Extracting 188 sequences from chr4_JH584294_random
	Extracting 217 sequences from chr5_GL456354_random
	Extracting 90 sequences from chr5_JH584296_random
	Extracting 92 sequences from chr5_JH584297_random
	Extracting 208 sequences from chr5_JH584298_random
	Extracting 448 sequences from chr5_JH584299_random
	Extracting 164 sequences from chr7_GL456219_random
	Extracting 108 sequences from chrUn_JH584304
	Extracting 312 sequences from chrX_GL456233_random
		3268 of 1273343 removed because they had >70.00% Ns (i.e. masked repeats)

	Sequences processed:
		Auto detected maximum sequence length of 373 bp
		100000
		200000
		300000
		400000
		500000
		600000
		700000
		800000
		900000
		1000000
		1100000
		1200000
		1270075 total

	Frequency Bins: 0.01 0.02 0.03 0.04 0.05 0.06 0.08 0.1 0.12 0.14 0.16
	Freq	Bin	Count
	0.01	0	745196
	0.02	1	370858
	0.03	2	88054
	0.04	3	19565
	0.05	4	12467
	0.06	5	7521
	0.08	6	9171
	0.1	7	7460
	0.12	8	4484
	0.14	9	3133
	0.16	10	1406
	11	11	760
	Frequency Bins: 0.2 0.25 0.3 0.35 0.4 0.45 0.5 0.6 0.7 0.8
	Freq	Bin	Count
	0.2	0	176
	0.25	1	2807
	0.3	2	24038
	0.35	3	107374
	0.4	4	261944
	0.45	5	326601
	0.5	6	308740
	0.6	7	204146
	0.7	8	25711
	0.8	9	7880
	10	10	658


	Extracting sequences from directory: /usr/local/software/homer/.//data/genomes/mm10//
	Extracting 237 sequences from chr1
	Extracting 294 sequences from chr2
	Extracting 179 sequences from chr3
	Extracting 246 sequences from chr4
	Extracting 278 sequences from chr5
	Extracting 203 sequences from chr6
	Extracting 312 sequences from chr7
	Extracting 219 sequences from chr8
	Extracting 218 sequences from chr9
	Extracting 197 sequences from chr10
	Extracting 284 sequences from chr11
	Extracting 145 sequences from chr12
	Extracting 140 sequences from chr13
	Extracting 123 sequences from chr14
	Extracting 148 sequences from chr15
	Extracting 111 sequences from chr16
	Extracting 188 sequences from chr17
	Extracting 102 sequences from chr18
	Extracting 116 sequences from chr19
	Extracting 82 sequences from chrX
	Extracting 1 sequences from chrY
	Extracting 4 sequences from chrM

	Not removing redundant sequences


	Sequences processed:
		Auto detected maximum sequence length of 290 bp
		3827 total

	Frequency Bins: 0.2 0.25 0.3 0.35 0.4 0.45 0.5 0.6 0.7 0.8
	Freq	Bin	Count
	0.25	1	1
	0.3	2	8
	0.35	3	34
	0.4	4	165
	0.45	5	324
	0.5	6	579
	0.6	7	1229
	0.7	8	1071
	0.8	9	411
	10	10	5

	Total sequences set to 50000

	Choosing background that matches in CpG/GC content...
	Bin	# Targets	# Background	Background Weight
	1	1	12	1.005
	2	8	97	0.995
	3	34	410	1.001
	4	165	1991	1.000
	5	324	3909	1.000
	6	579	6986	1.000
	7	1229	14828	1.000
	8	1071	12922	1.000
	9	411	4959	1.000
	10	5	60	1.005
	Assembling sequence file...
	Normalizing lower order oligos using homer2

	Reading input files...
	50001 total sequences read
	Autonormalization: 1-mers (4 total)
		A	21.69%	22.10%	0.981
		C	28.31%	27.90%	1.015
		G	28.31%	27.90%	1.015
		T	21.69%	22.10%	0.981
	Autonormalization: 2-mers (16 total)
		AA	5.54%	5.34%	1.038
		CA	6.62%	7.15%	0.925
		GA	6.19%	6.23%	0.993
		TA	3.29%	3.35%	0.982
		AC	4.97%	5.00%	0.994
		CC	9.12%	8.99%	1.015
		GC	8.08%	7.70%	1.050
		TC	6.19%	6.23%	0.993
		AG	7.52%	7.81%	0.963
		CG	5.05%	3.98%	1.269
		GG	9.12%	8.99%	1.015
		TG	6.62%	7.15%	0.925
		AT	3.67%	3.93%	0.933
		CT	7.52%	7.81%	0.963
		GT	4.97%	5.00%	0.994
		TT	5.54%	5.34%	1.038
	Autonormalization: 3-mers (64 total)
	Normalization weights can be found in file: /home1/gyang/work_space/4.ProjectET/batch6_cr/7.Peak_anno/CP_EXE_E65_Gata3_rep1_peakAnalysis/seq.autonorm.tsv
	Converging on autonormalization solution:
	...............................................................................
	Final normalization:	Autonormalization: 1-mers (4 total)
		A	21.69%	21.65%	1.002
		C	28.31%	28.35%	0.999
		G	28.31%	28.35%	0.999
		T	21.69%	21.65%	1.002
	Autonormalization: 2-mers (16 total)
		AA	5.54%	5.49%	1.010
		CA	6.62%	6.70%	0.988
		GA	6.19%	6.17%	1.003
		TA	3.29%	3.29%	0.999
		AC	4.97%	4.91%	1.012
		CC	9.12%	9.15%	0.997
		GC	8.08%	8.12%	0.995
		TC	6.19%	6.17%	1.003
		AG	7.52%	7.52%	1.000
		CG	5.05%	4.99%	1.012
		GG	9.12%	9.15%	0.997
		TG	6.62%	6.70%	0.988
		AT	3.67%	3.73%	0.982
		CT	7.52%	7.52%	1.000
		GT	4.97%	4.91%	1.012
		TT	5.54%	5.49%	1.010
	Autonormalization: 3-mers (64 total)
	Finished preparing sequence/group files

	----------------------------------------------------------
	Known motif enrichment

	Reading input files...
	50001 total sequences read
	414 motifs loaded
	Cache length = 11180
	Using binomial scoring
	Checking enrichment of 414 motif(s)
	|0%                                    50%                                  100%|
	=================================================================================
	Preparing HTML output with sequence logos...
		1 of 414 (1e-51) Sp1(Zf)/Promoter/Homer
		2 of 414 (1e-46) KLF3(Zf)/MEF-Klf3-ChIP-Seq(GSE44748)/Homer
		3 of 414 (1e-42) Elk4(ETS)/Hela-Elk4-ChIP-Seq(GSE31477)/Homer
		4 of 414 (1e-38) Klf9(Zf)/GBM-Klf9-ChIP-Seq(GSE62211)/Homer
		5 of 414 (1e-36) ELF1(ETS)/Jurkat-ELF1-ChIP-Seq(SRA014231)/Homer
		6 of 414 (1e-36) Sp2(Zf)/HEK293-Sp2.eGFP-ChIP-Seq(Encode)/Homer
		7 of 414 (1e-35) Elk1(ETS)/Hela-Elk1-ChIP-Seq(GSE31477)/Homer
		8 of 414 (1e-35) Klf4(Zf)/mES-Klf4-ChIP-Seq(GSE11431)/Homer
		9 of 414 (1e-33) Sp5(Zf)/mES-Sp5.Flag-ChIP-Seq(GSE72989)/Homer
		10 of 414 (1e-31) TEAD4(TEA)/Tropoblast-Tead4-ChIP-Seq(GSE37350)/Homer
		11 of 414 (1e-27) KLF5(Zf)/LoVo-KLF5-ChIP-Seq(GSE49402)/Homer
		12 of 414 (1e-25) GABPA(ETS)/Jurkat-GABPa-ChIP-Seq(GSE17954)/Homer
		13 of 414 (1e-25) ETS(ETS)/Promoter/Homer
		14 of 414 (1e-25) KLF10(Zf)/HEK293-KLF10.GFP-ChIP-Seq(GSE58341)/Homer
		15 of 414 (1e-24) TEAD1(TEAD)/HepG2-TEAD1-ChIP-Seq(Encode)/Homer
		16 of 414 (1e-24) TEAD2(TEA)/Py2T-Tead2-ChIP-Seq(GSE55709)/Homer
		17 of 414 (1e-23) KLF6(Zf)/PDAC-KLF6-ChIP-Seq(GSE64557)/Homer
		18 of 414 (1e-21) Ronin(THAP)/ES-Thap11-ChIP-Seq(GSE51522)/Homer
		19 of 414 (1e-21) ETV4(ETS)/HepG2-ETV4-ChIP-Seq(ENCODE)/Homer
		20 of 414 (1e-21) KLF14(Zf)/HEK293-KLF14.GFP-ChIP-Seq(GSE58341)/Homer
		21 of 414 (1e-20) Fli1(ETS)/CD8-FLI-ChIP-Seq(GSE20898)/Homer
		22 of 414 (1e-20) Maz(Zf)/HepG2-Maz-ChIP-Seq(GSE31477)/Homer
		23 of 414 (1e-18) NRF1(NRF)/MCF7-NRF1-ChIP-Seq(Unpublished)/Homer
		24 of 414 (1e-18) TEAD(TEA)/Fibroblast-PU.1-ChIP-Seq(Unpublished)/Homer
		25 of 414 (1e-17) ETV1(ETS)/GIST48-ETV1-ChIP-Seq(GSE22441)/Homer
		26 of 414 (1e-17) GFY-Staf(?,Zf)/Promoter/Homer
		27 of 414 (1e-17) NRF(NRF)/Promoter/Homer
		28 of 414 (1e-16) Elf4(ETS)/BMDM-Elf4-ChIP-Seq(GSE88699)/Homer
		29 of 414 (1e-15) TEAD3(TEA)/HepG2-TEAD3-ChIP-Seq(Encode)/Homer
		30 of 414 (1e-15) ETS1(ETS)/Jurkat-ETS1-ChIP-Seq(GSE17954)/Homer
		31 of 414 (1e-14) GFY(?)/Promoter/Homer
		32 of 414 (1e-14) EWS:FLI1-fusion(ETS)/SK_N_MC-EWS:FLI1-ChIP-Seq(SRA014231)/Homer
		33 of 414 (1e-14) Fosl2(bZIP)/3T3L1-Fosl2-ChIP-Seq(GSE56872)/Homer
		34 of 414 (1e-13) Jun-AP1(bZIP)/K562-cJun-ChIP-Seq(GSE31477)/Homer
		35 of 414 (1e-12) NFY(CCAAT)/Promoter/Homer
		36 of 414 (1e-12) Fra2(bZIP)/Striatum-Fra2-ChIP-Seq(GSE43429)/Homer
		37 of 414 (1e-11) Etv2(ETS)/ES-ER71-ChIP-Seq(GSE59402)/Homer(0.967)
		38 of 414 (1e-11) ERG(ETS)/VCaP-ERG-ChIP-Seq(GSE14097)/Homer
		39 of 414 (1e-11) Fra1(bZIP)/BT549-Fra1-ChIP-Seq(GSE46166)/Homer
		40 of 414 (1e-11) OCT:OCT(POU,Homeobox,IR1)/NPC-Brn2-ChIP-Seq(GSE35496)/Homer
		41 of 414 (1e-10) JunB(bZIP)/DendriticCells-Junb-ChIP-Seq(GSE36099)/Homer
		42 of 414 (1e-9) EHF(ETS)/LoVo-EHF-ChIP-Seq(GSE49402)/Homer
		43 of 414 (1e-9) Atf3(bZIP)/GBM-ATF3-ChIP-Seq(GSE33912)/Homer
		44 of 414 (1e-9) BATF(bZIP)/Th17-BATF-ChIP-Seq(GSE39756)/Homer
		45 of 414 (1e-9) EKLF(Zf)/Erythrocyte-Klf1-ChIP-Seq(GSE20478)/Homer
		46 of 414 (1e-9) SPDEF(ETS)/VCaP-SPDEF-ChIP-Seq(SRA014231)/Homer
		47 of 414 (1e-8) ELF5(ETS)/T47D-ELF5-ChIP-Seq(GSE30407)/Homer
		48 of 414 (1e-8) PBX1(Homeobox)/MCF7-PBX1-ChIP-Seq(GSE28007)/Homer
		49 of 414 (1e-7) E2F4(E2F)/K562-E2F4-ChIP-Seq(GSE31477)/Homer
		50 of 414 (1e-7) AP-1(bZIP)/ThioMac-PU.1-ChIP-Seq(GSE21512)/Homer
		51 of 414 (1e-7) Atf1(bZIP)/K562-ATF1-ChIP-Seq(GSE31477)/Homer
		52 of 414 (1e-7) Rfx2(HTH)/LoVo-RFX2-ChIP-Seq(GSE49402)/Homer
		53 of 414 (1e-6) CTCF(Zf)/CD4+-CTCF-ChIP-Seq(Barski_et_al.)/Homer
		54 of 414 (1e-6) ZNF467(Zf)/HEK293-ZNF467.GFP-ChIP-Seq(GSE58341)/Homer
		55 of 414 (1e-6) Gata1(Zf)/K562-GATA1-ChIP-Seq(GSE18829)/Homer
		56 of 414 (1e-6) Arnt:Ahr(bHLH)/MCF7-Arnt-ChIP-Seq(Lo_et_al.)/Homer
		57 of 414 (1e-6) RFX(HTH)/K562-RFX3-ChIP-Seq(SRA012198)/Homer
		58 of 414 (1e-6) Stat3(Stat)/mES-Stat3-ChIP-Seq(GSE11431)/Homer
		59 of 414 (1e-6) ELF3(ETS)/PDAC-ELF3-ChIP-Seq(GSE64557)/Homer
		60 of 414 (1e-6) AP-2gamma(AP2)/MCF7-TFAP2C-ChIP-Seq(GSE21234)/Homer
		61 of 414 (1e-6) TFE3(bHLH)/MEF-TFE3-ChIP-Seq(GSE75757)/Homer
		62 of 414 (1e-6) AP-2alpha(AP2)/Hela-AP2alpha-ChIP-Seq(GSE31477)/Homer
		63 of 414 (1e-6) GRHL2(CP2)/HBE-GRHL2-ChIP-Seq(GSE46194)/Homer
		64 of 414 (1e-6) Gata2(Zf)/K562-GATA2-ChIP-Seq(GSE18829)/Homer
		65 of 414 (1e-5) Zfp281(Zf)/ES-Zfp281-ChIP-Seq(GSE81042)/Homer
		66 of 414 (1e-5) Gata4(Zf)/Heart-Gata4-ChIP-Seq(GSE35151)/Homer
		67 of 414 (1e-5) Gfi1b(Zf)/HPC7-Gfi1b-ChIP-Seq(GSE22178)/Homer
		68 of 414 (1e-5) Brn2(POU,Homeobox)/NPC-Brn2-ChIP-Seq(GSE35496)/Homer
		69 of 414 (1e-5) JunD(bZIP)/K562-JunD-ChIP-Seq/Homer
		70 of 414 (1e-5) CRE(bZIP)/Promoter/Homer
		71 of 414 (1e-5) Pknox1(Homeobox)/ES-Prep1-ChIP-Seq(GSE63282)/Homer
		72 of 414 (1e-5) E-box(bHLH)/Promoter/Homer
		73 of 414 (1e-5) Pbx3(Homeobox)/GM12878-PBX3-ChIP-Seq(GSE32465)/Homer
		74 of 414 (1e-5) GFX(?)/Promoter/Homer
		75 of 414 (1e-5) ZNF711(Zf)/SHSY5Y-ZNF711-ChIP-Seq(GSE20673)/Homer
		76 of 414 (1e-5) bHLHE40(bHLH)/HepG2-BHLHE40-ChIP-Seq(GSE31477)/Homer
		77 of 414 (1e-5) HIF-1b(HLH)/T47D-HIF1b-ChIP-Seq(GSE59937)/Homer
		78 of 414 (1e-5) Gata6(Zf)/HUG1N-GATA6-ChIP-Seq(GSE51936)/Homer
		79 of 414 (1e-5) NFIL3(bZIP)/HepG2-NFIL3-ChIP-Seq(Encode)/Homer
		80 of 414 (1e-4) Bach2(bZIP)/OCILy7-Bach2-ChIP-Seq(GSE44420)/Homer
		81 of 414 (1e-4) Brn1(POU,Homeobox)/NPC-Brn1-ChIP-Seq(GSE35496)/Homer
		82 of 414 (1e-4) E2F7(E2F)/Hela-E2F7-ChIP-Seq(GSE32673)/Homer
		83 of 414 (1e-4) GATA3(Zf)/iTreg-Gata3-ChIP-Seq(GSE20898)/Homer
		84 of 414 (1e-4) Atf2(bZIP)/3T3L1-Atf2-ChIP-Seq(GSE56872)/Homer
		85 of 414 (1e-4) X-box(HTH)/NPC-H3K4me1-ChIP-Seq(GSE16256)/Homer
		86 of 414 (1e-4) Rfx5(HTH)/GM12878-Rfx5-ChIP-Seq(GSE31477)/Homer
		87 of 414 (1e-3) Atf7(bZIP)/3T3L1-Atf7-ChIP-Seq(GSE56872)/Homer
		88 of 414 (1e-3) Rfx6(HTH)/Min6b1-Rfx6.HA-ChIP-Seq(GSE62844)/Homer
		89 of 414 (1e-3) CEBP:AP1(bZIP)/ThioMac-CEBPb-ChIP-Seq(GSE21512)/Homer
		90 of 414 (1e-3) NFkB-p65-Rel(RHD)/ThioMac-LPS-Expression(GSE23622)/Homer
		91 of 414 (1e-3) bHLHE41(bHLH)/proB-Bhlhe41-ChIP-Seq(GSE93764)/Homer
		92 of 414 (1e-3) MITF(bHLH)/MastCells-MITF-ChIP-Seq(GSE48085)/Homer
		93 of 414 (1e-3) Stat3+il21(Stat)/CD4-Stat3-ChIP-Seq(GSE19198)/Homer
		94 of 414 (1e-3) USF1(bHLH)/GM12878-Usf1-ChIP-Seq(GSE32465)/Homer
		95 of 414 (1e-3) STAT5(Stat)/mCD4+-Stat5-ChIP-Seq(GSE12346)/Homer
		96 of 414 (1e-3) c-Jun-CRE(bZIP)/K562-cJun-ChIP-Seq(GSE31477)/Homer
		97 of 414 (1e-3) ZFX(Zf)/mES-Zfx-ChIP-Seq(GSE11431)/Homer
		98 of 414 (1e-3) EWS:ERG-fusion(ETS)/CADO_ES1-EWS:ERG-ChIP-Seq(SRA014231)/Homer
		99 of 414 (1e-3) Rfx1(HTH)/NPC-H3K4me1-ChIP-Seq(GSE16256)/Homer
		100 of 414 (1e-3) CLOCK(bHLH)/Liver-Clock-ChIP-Seq(GSE39860)/Homer
		101 of 414 (1e-3) PPARa(NR),DR1/Liver-Ppara-ChIP-Seq(GSE47954)/Homer
		102 of 414 (1e-3) STAT1(Stat)/HelaS3-STAT1-ChIP-Seq(GSE12782)/Homer
		103 of 414 (1e-3) Ets1-distal(ETS)/CD4+-PolII-ChIP-Seq(Barski_et_al.)/Homer
		104 of 414 (1e-3) PPARE(NR),DR1/3T3L1-Pparg-ChIP-Seq(GSE13511)/Homer
		105 of 414 (1e-3) Usf2(bHLH)/C2C12-Usf2-ChIP-Seq(GSE36030)/Homer
		106 of 414 (1e-3) CEBP(bZIP)/ThioMac-CEBPb-ChIP-Seq(GSE21512)/Homer
		107 of 414 (1e-2) YY1(Zf)/Promoter/Homer
		108 of 414 (1e-2) ZNF143|STAF(Zf)/CUTLL-ZNF143-ChIP-Seq(GSE29600)/Homer
		109 of 414 (1e-2) ZBTB33(Zf)/GM12878-ZBTB33-ChIP-Seq(GSE32465)/Homer
		110 of 414 (1e-2) Atf4(bZIP)/MEF-Atf4-ChIP-Seq(GSE35681)/Homer
		111 of 414 (1e-2) Egr2(Zf)/Thymocytes-Egr2-ChIP-Seq(GSE34254)/Homer
		112 of 414 (1e-2) GATA3(Zf),DR4/iTreg-Gata3-ChIP-Seq(GSE20898)/Homer
		113 of 414 (1e-2) Hoxa13(Homeobox)/ChickenMSG-Hoxa13.Flag-ChIP-Seq(GSE86088)/Homer
		114 of 414 (1e-2) c-Myc(bHLH)/LNCAP-cMyc-ChIP-Seq(Unpublished)/Homer
		115 of 414 (1e-2) HIF-1a(bHLH)/MCF7-HIF1a-ChIP-Seq(GSE28352)/Homer
		116 of 414 (1e-2) GATA3(Zf),DR8/iTreg-Gata3-ChIP-Seq(GSE20898)/Homer
		117 of 414 (1e-2) TR4(NR),DR1/Hela-TR4-ChIP-Seq(GSE24685)/Homer
		118 of 414 (1e-2) STAT4(Stat)/CD4-Stat4-ChIP-Seq(GSE22104)/Homer
		119 of 414 (1e-2) GATA(Zf),IR4/iTreg-Gata3-ChIP-Seq(GSE20898)/Homer
		120 of 414 (1e-2) BMYB(HTH)/Hela-BMYB-ChIP-Seq(GSE27030)/Homer
		121 of 414 (1e-2) Hoxd10(Homeobox)/ChickenMSG-Hoxd10.Flag-ChIP-Seq(GSE86088)/Homer
		122 of 414 (1e-2) Hoxa10(Homeobox)/ChickenMSG-Hoxa10.Flag-ChIP-Seq(GSE86088)/Homer
		123 of 414 (1e-2) BORIS(Zf)/K562-CTCFL-ChIP-Seq(GSE32465)/Homer
		124 of 414 (1e-2) NF-E2(bZIP)/K562-NFE2-ChIP-Seq(GSE31477)/Homer
		125 of 414 (1e-2) Oct2(POU,Homeobox)/Bcell-Oct2-ChIP-Seq(GSE21512)/Homer
		126 of 414 (1e-2) HOXB13(Homeobox)/ProstateTumor-HOXB13-ChIP-Seq(GSE56288)/Homer
		127 of 414 (1e-2) HIF2a(bHLH)/785_O-HIF2a-ChIP-Seq(GSE34871)/Homer
		128 of 414 (1e-2) E2F1(E2F)/Hela-E2F1-ChIP-Seq(GSE22478)/Homer
		129 of 414 (1e-2) Oct6(POU,Homeobox)/NPC-Pou3f1-ChIP-Seq(GSE35496)/Homer
	----------------------------------------------------------
	De novo motif finding (HOMER)

	Scanning input files...
	Parsing sequences...
	|0%                                   50%                                  100%|
	================================================================================
	Total number of Oligos: 32896
	Autoadjustment for sequence coverage in background: 1.14x

	Oligos: 32896 of 34497 max
	Tree  : 67248 of 172485 max
	Optimizing memory usage...
	Cache length = 11180
	Using binomial scoring

	Global Optimization Phase: Looking for enriched oligos with up to 2 mismatches...

	Screening oligos 32896 (allowing 0 mismatches):
	|0%                                   50%                                  100%|
	================================================================================
		0.05% skipped, 99.95% checked (32879 of 32896), of those checked:
		0.05% not in target, 0.00% increased p-value, 0.00% high p-value

	Screening oligos 32896 (allowing 1 mismatches):
	|0%                                   50%                                  100%|
	================================================================================
		0.05% skipped, 99.95% checked (32879 of 32896), of those checked:
		0.00% not in target, 42.37% increased p-value, 52.88% high p-value

	Screening oligos 32896 (allowing 2 mismatches):
	|0%                                   50%                                  100%|
	================================================================================
		64.34% skipped, 35.66% checked (11731 of 32896), of those checked:
		0.00% not in target, 24.91% increased p-value, 0.00% high p-value
	Reading input files...
	50001 total sequences read
	Cache length = 11180
	Using binomial scoring

	Local Optimization Phase:
	1 of 25 Initial Sequence: CCCCCCCC... (-246.030)
		Round 1: -260.28 CCCCCCCC T:3034.2(54.75%),B:23537.2(36.70%),P:1e-113
		Round 2: -260.28 CCCCCCCC T:3034.2(54.75%),B:23537.2(36.70%),P:1e-113
		=Final=: -101.25 CCCCCCCC T:1120.0(29.27%),B:8918.5(19.79%),P:1e-43
		Performing exhaustive masking of motif...
		Reprioritizing potential motifs...
	2 of 25 Initial Sequence: GTGTGTGT... (-77.927)
		Round 1: -77.93 GTGTGTGT T:1882.6(38.85%),B:18049.6(29.58%),P:1e-33
		Round 2: -77.93 GTGTGTGT T:1882.6(38.85%),B:18049.6(29.58%),P:1e-33
		=Final=: -5.82 GTGTGTGT T:279.0(7.29%),B:2787.0(6.18%),P:1e-2
		Performing exhaustive masking of motif...
		Reprioritizing potential motifs...
	3 of 25 Initial Sequence: GGCGGAAC... (-64.427)
		Round 1: -106.95 GGCGGAAC T:1271.6(28.26%),B:10636.7(18.67%),P:1e-46
		Round 2: -137.19 GGCGGAAH T:2347.7(45.85%),B:20673.0(33.08%),P:1e-59
		Round 3: -137.19 GGCGGAAH T:2347.7(45.85%),B:20673.0(33.08%),P:1e-59
		=Final=: -101.83 GGCGGAAH T:1185.0(30.96%),B:9573.8(21.24%),P:1e-44
		Performing exhaustive masking of motif...
		Reprioritizing potential motifs...
	4 of 25 Initial Sequence: TACTTCCG... (-44.313)
		Round 1: -56.64 TACTTCCG T:535.9(13.05%),B:4351.3(8.11%),P:1e-24
		Round 2: -56.64 TACTTCCG T:535.9(13.05%),B:4351.3(8.11%),P:1e-24
		=Final=: -69.43 TACTTCCG T:545.0(14.24%),B:3868.0(8.58%),P:1e-30
		Performing exhaustive masking of motif...
		Reprioritizing potential motifs...
	5 of 25 Initial Sequence: GCATGCGC... (-44.023)
		Round 1: -62.28 GCATGCGC T:1307.9(28.93%),B:12420.0(21.44%),P:1e-27
		Round 2: -62.28 GCATGCGC T:1307.9(28.93%),B:12420.0(21.44%),P:1e-27
		=Final=: -33.21 GCATGCGC T:307.0(8.02%),B:2271.9(5.04%),P:1e-14
		Performing exhaustive masking of motif...
		Reprioritizing potential motifs...
	6 of 25 Initial Sequence: GCCAATCA... (-43.183)
		Round 1: -77.39 GCCAATCA T:859.6(20.11%),B:7183.3(13.03%),P:1e-33
		Round 2: -81.78 ACCAATSR T:802.9(18.91%),B:6498.7(11.86%),P:1e-35
		Round 3: -81.78 ACCAATSR T:802.9(18.91%),B:6498.7(11.86%),P:1e-35
		=Final=: -49.51 ACCAATSR T:524.0(13.69%),B:4026.3(8.93%),P:1e-21
		Performing exhaustive masking of motif...
		Reprioritizing potential motifs...
	7 of 25 Initial Sequence: GTCACGCC... (-38.099)
		Round 1: -58.87 GTCACGCC T:1879.1(38.80%),B:18901.5(30.74%),P:1e-25
		Round 2: -61.55 DTCACGCC T:1129.0(25.55%),B:10500.5(18.45%),P:1e-26
		Round 3: -61.55 DTCACGCC T:1129.0(25.55%),B:10500.5(18.45%),P:1e-26
		=Final=: -52.57 DTCACGCC T:1029.0(26.89%),B:9100.5(20.19%),P:1e-22
		Performing exhaustive masking of motif...
		Reprioritizing potential motifs...
	8 of 25 Initial Sequence: CCACGCCC... (-33.035)
		Round 1: -56.38 CCACGCCY T:884.2(20.63%),B:8028.3(14.44%),P:1e-24
		Round 2: -58.36 CCACGCCC T:2079.2(41.92%),B:21187.6(33.74%),P:1e-25
		Round 3: -58.36 CCACGCCC T:2079.2(41.92%),B:21187.6(33.74%),P:1e-25
		=Final=: -51.82 CCACGCCC T:1272.0(33.24%),B:11738.8(26.05%),P:1e-22
		Performing exhaustive masking of motif...
		Reprioritizing potential motifs...
	9 of 25 Initial Sequence: GTAAATTC... (-28.573)
		Round 1: -37.70 GKMAATTC T:163.1(4.17%),B:1038.3(2.00%),P:1e-16
		Round 2: -37.70 GKMAATTC T:163.1(4.17%),B:1038.3(2.00%),P:1e-16
		=Final=: -26.18 GKMAATTC T:157.0(4.10%),B:1022.5(2.27%),P:1e-11
		Performing exhaustive masking of motif...
		Reprioritizing potential motifs...
	10 of 25 Initial Sequence: TTACTATC... (-24.993)
		Round 1: -33.91 TTACTATC T:85.4(2.20%),B:418.8(0.81%),P:1e-14
		Round 2: -33.91 TTACTATC T:85.4(2.20%),B:418.8(0.81%),P:1e-14
		=Final=: -24.63 TTACTATC T:43.0(1.12%),B:150.4(0.33%),P:1e-10
		Performing exhaustive masking of motif...
		Reprioritizing potential motifs...
	11 of 25 Initial Sequence: CTATAATA... (-24.162)
		Round 1: -24.16 CTATAATA T:44.0(1.12%),B:168.7(0.33%),P:1e-10
		Round 2: -24.16 CTATAATA T:44.0(1.12%),B:168.7(0.33%),P:1e-10
		=Final=: -24.73 CTATAATA T:46.0(1.20%),B:168.7(0.37%),P:1e-10
		Performing exhaustive masking of motif...
		Reprioritizing potential motifs...
	12 of 25 Initial Sequence: TTGCTAAG... (-22.172)
		Round 1: -22.17 TTGCTAAG T:71.9(1.84%),B:404.2(0.78%),P:1e-9
		Round 2: -22.17 TTGCTAAG T:71.9(1.84%),B:404.2(0.78%),P:1e-9
		=Final=: -22.79 TTGCTAAG T:76.0(1.99%),B:393.0(0.87%),P:1e-9
		Performing exhaustive masking of motif...
		Reprioritizing potential motifs...
	13 of 25 Initial Sequence: TGACTGAC... (-21.264)
		Round 1: -35.66 TGACTGAC T:1332.1(29.40%),B:13917.8(23.69%),P:1e-15
		Round 2: -51.75 TGACTCAC T:409.1(10.14%),B:3173.6(5.98%),P:1e-22
		Round 3: -51.75 TGACTCAC T:409.1(10.14%),B:3173.6(5.98%),P:1e-22
		=Final=: -45.81 TGACTCAC T:327.0(8.54%),B:2242.7(4.98%),P:1e-19
		Performing exhaustive masking of motif...
		Reprioritizing potential motifs...
	14 of 25 Initial Sequence: TAATAAGT... (-20.257)
		Round 1: -20.26 TAATAAGT T:41.3(1.07%),B:178.0(0.34%),P:1e-8
		Round 2: -20.26 TAATAAGT T:41.3(1.07%),B:178.0(0.34%),P:1e-8
		=Final=: -22.10 TAATAAGT T:45.0(1.18%),B:176.5(0.39%),P:1e-9
		Performing exhaustive masking of motif...
		Reprioritizing potential motifs...
	15 of 25 Initial Sequence: TAGTATTG... (-19.480)
		Round 1: -19.48 TAGTATTG T:32.2(0.83%),B:118.7(0.23%),P:1e-8
		Round 2: -19.48 TAGTATTG T:32.2(0.83%),B:118.7(0.23%),P:1e-8
		=Final=: -21.25 TAGTATTG T:35.0(0.91%),B:118.7(0.26%),P:1e-9
		Performing exhaustive masking of motif...
		Reprioritizing potential motifs...
	16 of 25 Initial Sequence: CGCGATTT... (-19.024)
		Round 1: -31.91 CGCGATTT T:1179.1(26.52%),B:12337.6(21.31%),P:1e-13
		Round 2: -36.61 CGCGATTT T:1655.1(35.11%),B:17599.8(28.96%),P:1e-15
		Round 3: -36.61 CGCGATTT T:1655.1(35.11%),B:17599.8(28.96%),P:1e-15
		=Final=: -38.89 CGCGATTT T:1379.0(36.03%),B:13365.1(29.66%),P:1e-16
		Performing exhaustive masking of motif...
		Reprioritizing potential motifs...
	17 of 25 Initial Sequence: AATGTAGT... (-17.888)
		Round 1: -19.46 AATGTAGT T:89.6(2.30%),B:590.2(1.14%),P:1e-8
		Round 2: -28.60 TATGTAGT T:269.2(6.79%),B:2226.0(4.23%),P:1e-12
		Round 3: -28.60 TATGTAGT T:269.2(6.79%),B:2226.0(4.23%),P:1e-12
		=Final=: -12.65 TATGTAGT T:106.0(2.77%),B:779.2(1.73%),P:1e-5
		Performing exhaustive masking of motif...
		Reprioritizing potential motifs...
	18 of 25 Initial Sequence: CTTGGAAT... (-16.156)
		Round 1: -36.21 CTTGGAAT T:259.1(6.54%),B:1976.2(3.77%),P:1e-15
		Round 2: -36.21 CTTGGAAT T:259.1(6.54%),B:1976.2(3.77%),P:1e-15
		=Final=: -32.38 CTTGGAAT T:242.0(6.32%),B:1685.5(3.74%),P:1e-14
		Performing exhaustive masking of motif...
		Reprioritizing potential motifs...
	19 of 25 Initial Sequence: TAGAATTC... (-16.056)
		Round 1: -20.09 TAGAATTC T:102.8(2.63%),B:706.9(1.36%),P:1e-8
		Round 2: -20.09 TAGAATTC T:102.8(2.63%),B:706.9(1.36%),P:1e-8
		=Final=: -21.11 TAGAATTC T:109.0(2.85%),B:677.4(1.50%),P:1e-9
		Performing exhaustive masking of motif...
		Reprioritizing potential motifs...
	20 of 25 Initial Sequence: TGCAATAC... (-15.791)
		Round 1: -20.73 TGCAATAC T:59.6(1.53%),B:315.3(0.61%),P:1e-9
		Round 2: -20.73 TGCAATAC T:59.6(1.53%),B:315.3(0.61%),P:1e-9
		=Final=: -17.48 TGCAATAC T:34.0(0.89%),B:131.4(0.29%),P:1e-7
		Performing exhaustive masking of motif...
		Reprioritizing potential motifs...
	21 of 25 Initial Sequence: TTTCGCGA... (-15.520)
		Round 1: -29.42 TTTCGCGA T:153.1(3.92%),B:1062.0(2.04%),P:1e-12
		Round 2: -31.43 TAYCGCKA T:227.8(5.76%),B:1745.1(3.33%),P:1e-13
		Round 3: -31.43 TAYCGCKA T:227.8(5.76%),B:1745.1(3.33%),P:1e-13
		=Final=: -39.28 TAYCGCKA T:243.0(6.35%),B:1591.0(3.53%),P:1e-17
		Performing exhaustive masking of motif...
		Reprioritizing potential motifs...
	22 of 25 Initial Sequence: ACATTCCT... (-15.369)
		Round 1: -46.39 ACATTCCT T:337.1(8.43%),B:2562.5(4.86%),P:1e-20
		Round 2: -46.39 ACATTCCT T:337.1(8.43%),B:2562.5(4.86%),P:1e-20
		=Final=: -46.83 ACATTCCT T:351.0(9.17%),B:2444.1(5.42%),P:1e-20
		Performing exhaustive masking of motif...
		Reprioritizing potential motifs...
	23 of 25 Initial Sequence: TCCAATCA... (-15.046)
		Round 1: -15.75 TCCAATCA T:66.2(1.71%),B:430.8(0.83%),P:1e-6
		Round 2: -29.76 GCCAATCA T:194.1(4.94%),B:1450.8(2.78%),P:1e-12
		Round 3: -29.76 GCCAATCA T:194.1(4.94%),B:1450.8(2.78%),P:1e-12
		=Final=: -36.85 GCCAATCA T:219.0(5.72%),B:1414.6(3.14%),P:1e-16
		Performing exhaustive masking of motif...
		Reprioritizing potential motifs...
	24 of 25 Initial Sequence: AAAGACCG... (-14.674)
		Round 1: -25.92 AAAGACCG T:1023.8(23.46%),B:10847.4(19.00%),P:1e-11
		Round 2: -25.92 AAAGACCG T:1023.8(23.46%),B:10847.4(19.00%),P:1e-11
		=Final=: -35.85 AAAGACCG T:1024.0(26.76%),B:9570.5(21.24%),P:1e-15
		Performing exhaustive masking of motif...
		Reprioritizing potential motifs...
	25 of 25 Initial Sequence: ATGTAGTC... (-14.462)
		Round 1: -17.05 AYGTAGTC T:81.1(2.09%),B:555.4(1.07%),P:1e-7
		Round 2: -17.05 AYGTAGTC T:81.1(2.09%),B:555.4(1.07%),P:1e-7
		=Final=: -19.45 AYGTAGTC T:49.0(1.28%),B:220.1(0.49%),P:1e-8
		Performing exhaustive masking of motif...
		Reprioritizing potential motifs...

	Finalizing Enrichment Statistics (new in v3.4)
	Reading input files...
	50001 total sequences read
	Cache length = 11180
	Using binomial scoring
	Checking enrichment of 25 motif(s)
	|0%                                    50%                                  100%|
	=================================================================================
	Output in file: /home1/gyang/work_space/4.ProjectET/batch6_cr/7.Peak_anno/CP_EXE_E65_Gata3_rep1_peakAnalysis/homerMotifs.motifs8

	(Motifs in homer2 format)
	Determining similar motifs... 25 reduced to 16 motifs
	Outputing HTML and sequence logos for motif comparison...
	Checking de novo motifs against known motifs...
	Formatting HTML page...
		1 of 16 (1e-44) similar to Elk1(ETS)/Hela-Elk1-ChIP-Seq(GSE31477)/Homer(0.787)
		2 of 16 (1e-43) similar to Maz(Zf)/HepG2-Maz-ChIP-Seq(GSE31477)/Homer(0.979)
		3 of 16 (1e-25) similar to NFYA/MA0060.3/Jaspar(0.905)
		4 of 16 (1e-21) similar to TEAD2/MA1121.1/Jaspar(0.932)
		5 of 16 (1e-20) similar to JunB(bZIP)/DendriticCells-Junb-ChIP-Seq(GSE36099)/Homer(0.956)
		6 of 16 (1e-19) similar to Gfi1/MA0038.1/Jaspar(0.709)
		7 of 16 (1e-18) similar to NR1H4/MA1110.1/Jaspar(0.681)
		8 of 16 (1e-14) similar to NRF(NRF)/Promoter/Homer(0.866)
		9 of 16 (1e-12) similar to NFkB-p65-Rel(RHD)/ThioMac-LPS-Expression(GSE23622)/Homer(0.769)
		10 of 16 (1e-11) similar to PRDM1/MA0508.2/Jaspar(0.712)
		11 of 16 (1e-10) similar to PB0174.1_Sox30_2/Jaspar(0.718)
		12 of 16 (1e-9) similar to PB0055.1_Rfx4_1/Jaspar(0.828)
		13 of 16 (1e-8) similar to TEAD3(TEA)/HepG2-TEAD3-ChIP-Seq(Encode)/Homer(0.655)
		14 of 16 (1e-6) similar to Ddit3::Cebpa/MA0019.1/Jaspar(0.851)
		15 of 16 (1e-5) similar to DUXA/MA0884.1/Jaspar(0.609)
		16 of 16 (1e-2) similar to PB0130.1_Gm397_2/Jaspar(0.798)
	Job finished - if results look good, please send beer to ..

	Cleaning up tmp files...

