This is cutadapt 1.18 with Python 3.7.11
Command line parameters: -j 10 -a AGATCGGAAGAGC -A AGATCGGAAGAGC --trim-n -m 50 -q 20,20 -o /home1/gyang/work_space/4.ProjectET/temp_gaorui_usb/usb/500_mES_Sox2_xielab/2.cutdata/mES_500_Sox2.R1_cut.fq -p /home1/gyang/work_space/4.ProjectET/temp_gaorui_usb/usb/500_mES_Sox2_xielab/2.cutdata/mES_500_Sox2.R2_cut.fq mES_500_Sox2.R1.fq.gz mES_500_Sox2.R2.fq.gz
Processing reads on 10 cores in paired-end mode ...
Finished in 98.57 s (7 us/read; 8.22 M reads/minute).

=== Summary ===

Total read pairs processed:         13,497,223
  Read 1 with adapter:               8,029,707 (59.5%)
  Read 2 with adapter:               7,935,806 (58.8%)
Pairs that were too short:             797,661 (5.9%)
Pairs written (passing filters):    12,699,562 (94.1%)

Total basepairs processed: 4,049,166,900 bp
  Read 1: 2,024,583,450 bp
  Read 2: 2,024,583,450 bp
Quality-trimmed:             128,420,699 bp (3.2%)
  Read 1:    49,186,725 bp
  Read 2:    79,233,974 bp
Total written (filtered):  3,092,396,745 bp (76.4%)
  Read 1: 1,548,161,105 bp
  Read 2: 1,544,235,640 bp

=== First read: Adapter 1 ===

Sequence: AGATCGGAAGAGC; Type: regular 3'; Length: 13; Trimmed: 8029707 times.

No. of allowed errors:
0-9 bp: 0; 10-13 bp: 1

Bases preceding removed adapters:
  A: 29.3%
  C: 16.8%
  G: 16.0%
  T: 37.6%
  none/other: 0.3%

Overview of removed sequences
length	count	expect	max.err	error counts
3	194853	210894.1	0	194853
4	97779	52723.5	0	97779
5	80597	13180.9	0	80597
6	79284	3295.2	0	79284
7	80315	823.8	0	80315
8	80599	206.0	0	80599
9	81988	51.5	0	81651 337
10	84950	12.9	1	82918 2032
11	81143	3.2	1	79270 1873
12	78894	0.8	1	76785 2109
13	77214	0.2	1	74917 2297
14	73060	0.2	1	71065 1995
15	76445	0.2	1	74106 2339
16	79494	0.2	1	77255 2239
17	87792	0.2	1	84969 2823
18	90035	0.2	1	87223 2812
19	86726	0.2	1	84358 2368
20	83462	0.2	1	81123 2339
21	79543	0.2	1	77091 2452
22	76547	0.2	1	74151 2396
23	69972	0.2	1	68221 1751
24	69882	0.2	1	67901 1981
25	71522	0.2	1	69659 1863
26	72894	0.2	1	70806 2088
27	77770	0.2	1	75817 1953
28	85322	0.2	1	82656 2666
29	88610	0.2	1	86524 2086
30	89538	0.2	1	87454 2084
31	88899	0.2	1	86999 1900
32	84031	0.2	1	81904 2127
33	76011	0.2	1	74530 1481
34	76779	0.2	1	74715 2064
35	71582	0.2	1	70063 1519
36	76424	0.2	1	74222 2202
37	75994	0.2	1	74256 1738
38	85121	0.2	1	83074 2047
39	87685	0.2	1	85636 2049
40	90644	0.2	1	88750 1894
41	86775	0.2	1	84890 1885
42	78540	0.2	1	76673 1867
43	73568	0.2	1	71851 1717
44	66559	0.2	1	65006 1553
45	76558	0.2	1	74574 1984
46	59392	0.2	1	58153 1239
47	67586	0.2	1	66080 1506
48	71454	0.2	1	69995 1459
49	77074	0.2	1	75304 1770
50	80304	0.2	1	78775 1529
51	79070	0.2	1	77514 1556
52	73087	0.2	1	71619 1468
53	70281	0.2	1	68664 1617
54	66366	0.2	1	64809 1557
55	66455	0.2	1	64946 1509
56	64150	0.2	1	62735 1415
57	64064	0.2	1	62666 1398
58	68644	0.2	1	66960 1684
59	74846	0.2	1	73104 1742
60	81501	0.2	1	79772 1729
61	81901	0.2	1	80021 1880
62	73295	0.2	1	71609 1686
63	73404	0.2	1	71443 1961
64	71087	0.2	1	69351 1736
65	66459	0.2	1	64822 1637
66	77013	0.2	1	75014 1999
67	68520	0.2	1	66814 1706
68	69859	0.2	1	68119 1740
69	78206	0.2	1	76152 2054
70	94404	0.2	1	91888 2516
71	137264	0.2	1	121542 15722
72	1472376	0.2	1	1456705 15671
73	298875	0.2	1	293686 5189
74	76072	0.2	1	74402 1670
75	31100	0.2	1	30357 743
76	20873	0.2	1	20273 600
77	20462	0.2	1	19852 610
78	20473	0.2	1	19882 591
79	21315	0.2	1	20683 632
80	27431	0.2	1	26762 669
81	30566	0.2	1	29805 761
82	33512	0.2	1	32832 680
83	29947	0.2	1	29332 615
84	25282	0.2	1	24711 571
85	21161	0.2	1	20679 482
86	17858	0.2	1	17387 471
87	16333	0.2	1	15862 471
88	15934	0.2	1	15376 558
89	15697	0.2	1	15210 487
90	15415	0.2	1	14928 487
91	15766	0.2	1	15261 505
92	15638	0.2	1	15052 586
93	15247	0.2	1	14686 561
94	15110	0.2	1	14292 818
95	14057	0.2	1	13297 760
96	14153	0.2	1	12580 1573
97	13287	0.2	1	12272 1015
98	12609	0.2	1	11941 668
99	12145	0.2	1	11705 440
100	11723	0.2	1	11342 381
101	11602	0.2	1	11251 351
102	11482	0.2	1	11117 365
103	11071	0.2	1	10758 313
104	10241	0.2	1	10000 241
105	9859	0.2	1	9587 272
106	9076	0.2	1	8810 266
107	8753	0.2	1	8508 245
108	7920	0.2	1	7665 255
109	7399	0.2	1	7197 202
110	7053	0.2	1	6886 167
111	6940	0.2	1	6775 165
112	6470	0.2	1	6308 162
113	6282	0.2	1	6115 167
114	6115	0.2	1	5975 140
115	5486	0.2	1	5361 125
116	4935	0.2	1	4799 136
117	3934	0.2	1	3831 103
118	3242	0.2	1	3157 85
119	2586	0.2	1	2510 76
120	2078	0.2	1	2023 55
121	1490	0.2	1	1433 57
122	1102	0.2	1	1062 40
123	796	0.2	1	767 29
124	567	0.2	1	532 35
125	351	0.2	1	320 31
126	229	0.2	1	203 26
127	149	0.2	1	129 20
128	67	0.2	1	56 11
129	47	0.2	1	30 17
130	34	0.2	1	15 19
131	29	0.2	1	9 20
132	26	0.2	1	8 18
133	23	0.2	1	1 22
134	22	0.2	1	3 19
135	34	0.2	1	5 29
136	30	0.2	1	7 23
137	26	0.2	1	2 24
138	22	0.2	1	2 20
139	28	0.2	1	4 24
140	29	0.2	1	5 24
141	23	0.2	1	1 22
142	29	0.2	1	1 28
143	37	0.2	1	1 36
144	39	0.2	1	4 35
145	48	0.2	1	9 39
146	71	0.2	1	3 68
147	76	0.2	1	3 73
148	121	0.2	1	6 115
149	383	0.2	1	21 362
150	3752	0.2	1	166 3586

=== Second read: Adapter 2 ===

Sequence: AGATCGGAAGAGC; Type: regular 3'; Length: 13; Trimmed: 7935806 times.

No. of allowed errors:
0-9 bp: 0; 10-13 bp: 1

Bases preceding removed adapters:
  A: 28.9%
  C: 16.6%
  G: 16.4%
  T: 37.8%
  none/other: 0.3%

Overview of removed sequences
length	count	expect	max.err	error counts
3	187748	210894.1	0	187748
4	94080	52723.5	0	94080
5	83275	13180.9	0	83275
6	82563	3295.2	0	82563
7	79818	823.8	0	79818
8	78485	206.0	0	78485
9	78840	51.5	0	78587 253
10	84078	12.9	1	80946 3132
11	77254	3.2	1	73978 3276
12	76143	0.8	1	72596 3547
13	79916	0.2	1	75283 4633
14	81616	0.2	1	76761 4855
15	68737	0.2	1	65811 2926
16	86117	0.2	1	81574 4543
17	86568	0.2	1	82238 4330
18	82335	0.2	1	78929 3406
19	86423	0.2	1	82234 4189
20	80938	0.2	1	77382 3556
21	73751	0.2	1	70818 2933
22	74366	0.2	1	71057 3309
23	72091	0.2	1	68624 3467
24	78447	0.2	1	74265 4182
25	67791	0.2	1	65100 2691
26	69611	0.2	1	66867 2744
27	72524	0.2	1	69598 2926
28	84751	0.2	1	81187 3564
29	83338	0.2	1	80367 2971
30	94167	0.2	1	90006 4161
31	83590	0.2	1	80591 2999
32	82950	0.2	1	79585 3365
33	76810	0.2	1	73881 2929
34	74375	0.2	1	71700 2675
35	73796	0.2	1	70995 2801
36	71515	0.2	1	68916 2599
37	73469	0.2	1	71014 2455
38	84120	0.2	1	80778 3342
39	86003	0.2	1	82955 3048
40	92254	0.2	1	88666 3588
41	91798	0.2	1	88186 3612
42	80441	0.2	1	77120 3321
43	70109	0.2	1	67550 2559
44	72826	0.2	1	69933 2893
45	64531	0.2	1	62307 2224
46	62059	0.2	1	60106 1953
47	70369	0.2	1	67861 2508
48	73736	0.2	1	71200 2536
49	76628	0.2	1	73911 2717
50	83662	0.2	1	80648 3014
51	97829	0.2	1	94135 3694
52	67035	0.2	1	64961 2074
53	64586	0.2	1	62937 1649
54	60745	0.2	1	59122 1623
55	70605	0.2	1	68021 2584
56	66669	0.2	1	64589 2080
57	68228	0.2	1	66011 2217
58	70340	0.2	1	67960 2380
59	80919	0.2	1	78358 2561
60	88162	0.2	1	85438 2724
61	92653	0.2	1	89662 2991
62	97108	0.2	1	93544 3564
63	138812	0.2	1	122371 16441
64	1803735	0.2	1	1772265 31470
65	322903	0.2	1	310804 12099
66	70716	0.2	1	67793 2923
67	27142	0.2	1	25950 1192
68	19956	0.2	1	19155 801
69	20503	0.2	1	19754 749
70	20084	0.2	1	19349 735
71	23138	0.2	1	22307 831
72	33302	0.2	1	32297 1005
73	37655	0.2	1	36483 1172
74	41631	0.2	1	40291 1340
75	38306	0.2	1	37112 1194
76	32152	0.2	1	31157 995
77	26746	0.2	1	25944 802
78	21119	0.2	1	20345 774
79	19360	0.2	1	18710 650
80	17595	0.2	1	16984 611
81	18674	0.2	1	17997 677
82	17210	0.2	1	16591 619
83	17611	0.2	1	16982 629
84	16721	0.2	1	16132 589
85	15630	0.2	1	15073 557
86	14844	0.2	1	14356 488
87	15553	0.2	1	15073 480
88	14591	0.2	1	14151 440
89	15645	0.2	1	15122 523
90	13189	0.2	1	12743 446
91	14304	0.2	1	13812 492
92	13006	0.2	1	12515 491
93	13928	0.2	1	13441 487
94	12902	0.2	1	12414 488
95	12240	0.2	1	11798 442
96	11273	0.2	1	10862 411
97	10727	0.2	1	10353 374
98	10293	0.2	1	9964 329
99	9737	0.2	1	9451 286
100	9651	0.2	1	9305 346
101	9596	0.2	1	9290 306
102	9460	0.2	1	9166 294
103	9580	0.2	1	9273 307
104	9000	0.2	1	8699 301
105	8282	0.2	1	8025 257
106	7918	0.2	1	7670 248
107	7000	0.2	1	6789 211
108	6659	0.2	1	6452 207
109	6171	0.2	1	6004 167
110	5938	0.2	1	5770 168
111	5802	0.2	1	5646 156
112	5783	0.2	1	5628 155
113	5547	0.2	1	5419 128
114	5221	0.2	1	5054 167
115	4459	0.2	1	4333 126
116	3721	0.2	1	3619 102
117	3238	0.2	1	3144 94
118	2722	0.2	1	2627 95
119	2237	0.2	1	2163 74
120	1718	0.2	1	1652 66
121	1364	0.2	1	1321 43
122	953	0.2	1	914 39
123	698	0.2	1	674 24
124	462	0.2	1	445 17
125	313	0.2	1	289 24
126	189	0.2	1	175 14
127	91	0.2	1	81 10
128	59	0.2	1	48 11
129	29	0.2	1	27 2
130	24	0.2	1	12 12
131	19	0.2	1	9 10
132	13	0.2	1	3 10
133	6	0.2	1	2 4
134	10	0.2	1	2 8
135	14	0.2	1	4 10
136	20	0.2	1	3 17
137	12	0.2	1	3 9
138	8	0.2	1	0 8
139	16	0.2	1	3 13
140	7	0.2	1	1 6
141	10	0.2	1	2 8
142	20	0.2	1	4 16
143	8	0.2	1	3 5
144	15	0.2	1	3 12
145	22	0.2	1	2 20
146	21	0.2	1	1 20
147	33	0.2	1	1 32
148	49	0.2	1	3 46
149	153	0.2	1	8 145
150	2841	0.2	1	152 2689

