This is cutadapt 1.18 with Python 3.7.11
Command line parameters: -j 3 -a AGATCGGAAGAGC -A AGATCGGAAGAGC --trim-n -m 50 -q 20,20 -o /home1/gyang/work_space/4.ProjectET/batch27_cr/2.cutdata/TE_Tfap2c_rep3.R1_cut.fq -p /home1/gyang/work_space/4.ProjectET/batch27_cr/2.cutdata/TE_Tfap2c_rep3.R2_cut.fq TE_Tfap2c_rep3.R1.fq.gz TE_Tfap2c_rep3.R2.fq.gz
Processing reads on 3 cores in paired-end mode ...
Finished in 1112.67 s (18 us/read; 3.37 M reads/minute).

=== Summary ===

Total read pairs processed:         62,480,965
  Read 1 with adapter:              23,493,193 (37.6%)
  Read 2 with adapter:              19,353,938 (31.0%)
Pairs that were too short:           9,056,799 (14.5%)
Pairs written (passing filters):    53,424,166 (85.5%)

Total basepairs processed: 18,744,289,500 bp
  Read 1: 9,372,144,750 bp
  Read 2: 9,372,144,750 bp
Quality-trimmed:              68,334,042 bp (0.4%)
  Read 1:    23,180,131 bp
  Read 2:    45,153,911 bp
Total written (filtered):  14,672,579,761 bp (78.3%)
  Read 1: 7,341,849,454 bp
  Read 2: 7,330,730,307 bp

=== First read: Adapter 1 ===

Sequence: AGATCGGAAGAGC; Type: regular 3'; Length: 13; Trimmed: 23493193 times.

No. of allowed errors:
0-9 bp: 0; 10-13 bp: 1

Bases preceding removed adapters:
  A: 15.3%
  C: 12.3%
  G: 19.0%
  T: 35.0%
  none/other: 18.4%

Overview of removed sequences
length	count	expect	max.err	error counts
3	1128191	976265.1	0	1128191
4	346403	244066.3	0	346403
5	214268	61016.6	0	214268
6	164918	15254.1	0	164918
7	160515	3813.5	0	160515
8	177809	953.4	0	177809
9	158586	238.3	0	157212 1374
10	164493	59.6	1	155291 9202
11	168217	14.9	1	154384 13833
12	152201	3.7	1	141387 10814
13	137769	0.9	1	128310 9459
14	142343	0.9	1	131313 11030
15	152672	0.9	1	141721 10951
16	169072	0.9	1	155810 13262
17	203043	0.9	1	185882 17161
18	187569	0.9	1	176291 11278
19	167274	0.9	1	156810 10464
20	158384	0.9	1	147603 10781
21	141299	0.9	1	131072 10227
22	124448	0.9	1	116680 7768
23	125105	0.9	1	116329 8776
24	121408	0.9	1	111529 9879
25	126135	0.9	1	117480 8655
26	140209	0.9	1	130932 9277
27	163481	0.9	1	152439 11042
28	170754	0.9	1	159930 10824
29	189233	0.9	1	175086 14147
30	175005	0.9	1	165127 9878
31	151340	0.9	1	142763 8577
32	137337	0.9	1	128942 8395
33	120855	0.9	1	112885 7970
34	118680	0.9	1	110798 7882
35	129155	0.9	1	118626 10529
36	132276	0.9	1	125027 7249
37	138798	0.9	1	130891 7907
38	175418	0.9	1	164053 11365
39	195798	0.9	1	184150 11648
40	180288	0.9	1	169500 10788
41	156820	0.9	1	148271 8549
42	139428	0.9	1	131778 7650
43	104676	0.9	1	97590 7086
44	108080	0.9	1	99983 8097
45	167226	0.9	1	159848 7378
46	61396	0.9	1	54899 6497
47	119875	0.9	1	113616 6259
48	156737	0.9	1	148748 7989
49	157541	0.9	1	148805 8736
50	154415	0.9	1	145362 9053
51	175996	0.9	1	165269 10727
52	118654	0.9	1	112265 6389
53	90399	0.9	1	85607 4792
54	98735	0.9	1	92971 5764
55	97842	0.9	1	92786 5056
56	100803	0.9	1	94857 5946
57	114291	0.9	1	108144 6147
58	143387	0.9	1	135935 7452
59	193845	0.9	1	183565 10280
60	148171	0.9	1	140728 7443
61	150579	0.9	1	142493 8086
62	142379	0.9	1	135824 6555
63	108183	0.9	1	103025 5158
64	91335	0.9	1	86433 4902
65	94867	0.9	1	88820 6047
66	162941	0.9	1	156849 6092
67	117151	0.9	1	110415 6736
68	210684	0.9	1	202697 7987
69	190425	0.9	1	180556 9869
70	239027	0.9	1	228263 10764
71	38764	0.9	1	33597 5167
72	21856	0.9	1	19662 2194
73	48567	0.9	1	46318 2249
74	73091	0.9	1	70059 3032
75	88174	0.9	1	84584 3590
76	93129	0.9	1	89225 3904
77	98042	0.9	1	93718 4324
78	106019	0.9	1	100978 5041
79	115825	0.9	1	110525 5300
80	139048	0.9	1	132764 6284
81	152021	0.9	1	145430 6591
82	140563	0.9	1	134540 6023
83	123182	0.9	1	117610 5572
84	112678	0.9	1	107523 5155
85	107722	0.9	1	102702 5020
86	105917	0.9	1	100874 5043
87	107326	0.9	1	102196 5130
88	108656	0.9	1	102968 5688
89	119821	0.9	1	113590 6231
90	135057	0.9	1	128581 6476
91	142099	0.9	1	135210 6889
92	149531	0.9	1	142029 7502
93	144040	0.9	1	137014 7026
94	141893	0.9	1	134953 6940
95	124258	0.9	1	118258 6000
96	121958	0.9	1	116186 5772
97	115064	0.9	1	109385 5679
98	122707	0.9	1	117030 5677
99	124651	0.9	1	118912 5739
100	130567	0.9	1	124567 6000
101	148007	0.9	1	141693 6314
102	156585	0.9	1	149793 6792
103	156534	0.9	1	149930 6604
104	149388	0.9	1	143221 6167
105	133384	0.9	1	127748 5636
106	124581	0.9	1	119541 5040
107	120345	0.9	1	115421 4924
108	122994	0.9	1	117870 5124
109	126116	0.9	1	121106 5010
110	140098	0.9	1	134610 5488
111	152323	0.9	1	146263 6060
112	164087	0.9	1	157685 6402
113	171554	0.9	1	165033 6521
114	174405	0.9	1	167916 6489
115	158486	0.9	1	152362 6124
116	152897	0.9	1	147299 5598
117	151676	0.9	1	146158 5518
118	149841	0.9	1	144572 5269
119	153710	0.9	1	148068 5642
120	159549	0.9	1	154031 5518
121	163252	0.9	1	157603 5649
122	176552	0.9	1	170245 6307
123	192020	0.9	1	185714 6306
124	193601	0.9	1	187550 6051
125	172709	0.9	1	167386 5323
126	158022	0.9	1	153296 4726
127	144857	0.9	1	140485 4372
128	131829	0.9	1	128004 3825
129	111249	0.9	1	108075 3174
130	80021	0.9	1	77761 2260
131	48068	0.9	1	46762 1306
132	24875	0.9	1	24196 679
133	9767	0.9	1	9471 296
134	2902	0.9	1	2782 120
135	551	0.9	1	488 63
136	197	0.9	1	147 50
137	59	0.9	1	21 38
138	133	0.9	1	101 32
139	48	0.9	1	11 37
140	85	0.9	1	29 56
141	158	0.9	1	82 76
142	69	0.9	1	13 56
143	363	0.9	1	301 62
144	125	0.9	1	48 77
145	139	0.9	1	12 127
146	185	0.9	1	6 179
147	617	0.9	1	100 517
148	1736	0.9	1	31 1705
149	32177	0.9	1	108 32069
150	4301404	0.9	1	17370 4284034

=== Second read: Adapter 2 ===

Sequence: AGATCGGAAGAGC; Type: regular 3'; Length: 13; Trimmed: 19353938 times.

No. of allowed errors:
0-9 bp: 0; 10-13 bp: 1

Bases preceding removed adapters:
  A: 18.7%
  C: 14.9%
  G: 23.2%
  T: 43.1%
  none/other: 0.1%

Overview of removed sequences
length	count	expect	max.err	error counts
3	1159730	976265.1	0	1159730
4	357025	244066.3	0	357025
5	210928	61016.6	0	210928
6	161594	15254.1	0	161594
7	170780	3813.5	0	170780
8	192579	953.4	0	192579
9	142303	238.3	0	141413 890
10	171743	59.6	1	159498 12245
11	167217	14.9	1	154082 13135
12	159682	3.7	1	147326 12356
13	137462	0.9	1	127163 10299
14	156025	0.9	1	141979 14046
15	145188	0.9	1	134726 10462
16	172448	0.9	1	160490 11958
17	224128	0.9	1	207908 16220
18	158205	0.9	1	147944 10261
19	239257	0.9	1	223393 15864
20	129318	0.9	1	120052 9266
21	128662	0.9	1	119691 8971
22	121103	0.9	1	113584 7519
23	127336	0.9	1	119229 8107
24	308359	0.9	1	288665 19694
25	107676	0.9	1	101012 6664
26	109955	0.9	1	103539 6416
27	111229	0.9	1	102664 8565
28	287118	0.9	1	273803 13315
29	70351	0.9	1	64143 6208
30	272708	0.9	1	259971 12737
31	92211	0.9	1	85162 7049
32	396972	0.9	1	383046 13926
33	134492	0.9	1	126473 8019
34	47394	0.9	1	43333 4061
35	201131	0.9	1	192957 8174
36	92044	0.9	1	86639 5405
37	96500	0.9	1	90592 5908
38	127892	0.9	1	121861 6031
39	113489	0.9	1	107376 6113
40	98642	0.9	1	94079 4563
41	151400	0.9	1	145473 5927
42	166232	0.9	1	159596 6636
43	77513	0.9	1	73547 3966
44	111763	0.9	1	106803 4960
45	247690	0.9	1	240742 6948
46	93326	0.9	1	88330 4996
47	102077	0.9	1	97599 4478
48	239316	0.9	1	231295 8021
49	159325	0.9	1	153143 6182
50	97464	0.9	1	92829 4635
51	228060	0.9	1	220752 7308
52	267835	0.9	1	260772 7063
53	133341	0.9	1	128967 4374
54	121638	0.9	1	116981 4657
55	153665	0.9	1	149079 4586
56	77987	0.9	1	74954 3033
57	123227	0.9	1	119467 3760
58	148027	0.9	1	143562 4465
59	111661	0.9	1	107555 4106
60	80369	0.9	1	77180 3189
61	60449	0.9	1	58078 2371
62	51609	0.9	1	49655 1954
63	51072	0.9	1	49212 1860
64	67942	0.9	1	65803 2139
65	73407	0.9	1	70903 2504
66	81918	0.9	1	79214 2704
67	86654	0.9	1	83786 2868
68	102802	0.9	1	99548 3254
69	123272	0.9	1	119561 3711
70	140368	0.9	1	136503 3865
71	157974	0.9	1	153296 4678
72	138544	0.9	1	134442 4102
73	124996	0.9	1	121226 3770
74	112145	0.9	1	108876 3269
75	105758	0.9	1	102706 3052
76	100906	0.9	1	97981 2925
77	101403	0.9	1	98435 2968
78	109392	0.9	1	106317 3075
79	116367	0.9	1	113258 3109
80	139480	0.9	1	135637 3843
81	152580	0.9	1	148500 4080
82	137943	0.9	1	134350 3593
83	122077	0.9	1	118752 3325
84	111692	0.9	1	108585 3107
85	106751	0.9	1	103750 3001
86	107140	0.9	1	104419 2721
87	110153	0.9	1	107399 2754
88	113531	0.9	1	110590 2941
89	120734	0.9	1	117713 3021
90	133715	0.9	1	130516 3199
91	139798	0.9	1	136600 3198
92	146381	0.9	1	143194 3187
93	143220	0.9	1	140135 3085
94	141167	0.9	1	138196 2971
95	124489	0.9	1	121600 2889
96	122776	0.9	1	120106 2670
97	114008	0.9	1	111317 2691
98	120724	0.9	1	118140 2584
99	123245	0.9	1	120545 2700
100	131430	0.9	1	128666 2764
101	149925	0.9	1	146883 3042
102	159459	0.9	1	156316 3143
103	154882	0.9	1	151783 3099
104	147234	0.9	1	144349 2885
105	131462	0.9	1	128623 2839
106	123771	0.9	1	121242 2529
107	120552	0.9	1	118011 2541
108	122928	0.9	1	120479 2449
109	126254	0.9	1	123770 2484
110	138867	0.9	1	136250 2617
111	151112	0.9	1	148385 2727
112	163067	0.9	1	160148 2919
113	172102	0.9	1	169144 2958
114	175259	0.9	1	172378 2881
115	158849	0.9	1	156116 2733
116	154389	0.9	1	151944 2445
117	150585	0.9	1	148125 2460
118	149202	0.9	1	146775 2427
119	152775	0.9	1	150551 2224
120	158939	0.9	1	156462 2477
121	162747	0.9	1	160296 2451
122	175603	0.9	1	173056 2547
123	191673	0.9	1	188969 2704
124	193401	0.9	1	190699 2702
125	172500	0.9	1	169907 2593
126	158063	0.9	1	155875 2188
127	144735	0.9	1	142901 1834
128	131956	0.9	1	130224 1732
129	111227	0.9	1	109695 1532
130	79932	0.9	1	78837 1095
131	47940	0.9	1	47273 667
132	24859	0.9	1	24537 322
133	9722	0.9	1	9593 129
134	2880	0.9	1	2811 69
135	535	0.9	1	498 37
136	179	0.9	1	157 22
137	46	0.9	1	22 24
138	130	0.9	1	103 27
139	35	0.9	1	10 25
140	61	0.9	1	28 33
141	124	0.9	1	92 32
142	34	0.9	1	14 20
143	345	0.9	1	308 37
144	58	0.9	1	45 13
145	45	0.9	1	12 33
146	29	0.9	1	11 18
147	123	0.9	1	86 37
148	68	0.9	1	29 39
149	496	0.9	1	182 314
150	19975	0.9	1	17676 2299

