This is cutadapt 1.18 with Python 3.7.11
Command line parameters: -j 3 -a AGATCGGAAGAGC -A AGATCGGAAGAGC --trim-n -m 50 -q 20,20 -o /home1/gyang/work_space/4.ProjectET/batch27_cr/2.cutdata/TE_Tfap2c_rep4.R1_cut.fq -p /home1/gyang/work_space/4.ProjectET/batch27_cr/2.cutdata/TE_Tfap2c_rep4.R2_cut.fq TE_Tfap2c_rep4.R1.fq.gz TE_Tfap2c_rep4.R2.fq.gz
Processing reads on 3 cores in paired-end mode ...
Finished in 1076.97 s (18 us/read; 3.28 M reads/minute).

=== Summary ===

Total read pairs processed:         58,921,549
  Read 1 with adapter:              22,343,965 (37.9%)
  Read 2 with adapter:              18,097,110 (30.7%)
Pairs that were too short:           8,233,456 (14.0%)
Pairs written (passing filters):    50,688,093 (86.0%)

Total basepairs processed: 17,676,464,700 bp
  Read 1: 8,838,232,350 bp
  Read 2: 8,838,232,350 bp
Quality-trimmed:             117,400,235 bp (0.7%)
  Read 1:    61,505,124 bp
  Read 2:    55,895,111 bp
Total written (filtered):  13,901,361,670 bp (78.6%)
  Read 1: 6,952,423,948 bp
  Read 2: 6,948,937,722 bp

=== First read: Adapter 1 ===

Sequence: AGATCGGAAGAGC; Type: regular 3'; Length: 13; Trimmed: 22343965 times.

No. of allowed errors:
0-9 bp: 0; 10-13 bp: 1

Bases preceding removed adapters:
  A: 17.6%
  C: 12.1%
  G: 16.2%
  T: 35.4%
  none/other: 18.7%

Overview of removed sequences
length	count	expect	max.err	error counts
3	1102041	920649.2	0	1102041
4	347015	230162.3	0	347015
5	210944	57540.6	0	210944
6	158589	14385.1	0	158589
7	160922	3596.3	0	160922
8	179783	899.1	0	179783
9	151500	224.8	0	150474 1026
10	163937	56.2	1	155333 8604
11	168230	14.0	1	155270 12960
12	157823	3.5	1	147498 10325
13	136366	0.9	1	128125 8241
14	144749	0.9	1	135027 9722
15	153583	0.9	1	144056 9527
16	168399	0.9	1	155800 12599
17	198177	0.9	1	183501 14676
18	189275	0.9	1	179360 9915
19	163584	0.9	1	155154 8430
20	159772	0.9	1	150820 8952
21	142982	0.9	1	134420 8562
22	130757	0.9	1	123427 7330
23	138513	0.9	1	130602 7911
24	118642	0.9	1	109788 8854
25	129154	0.9	1	122091 7063
26	140984	0.9	1	133450 7534
27	167152	0.9	1	158382 8770
28	168277	0.9	1	159996 8281
29	182758	0.9	1	172200 10558
30	174818	0.9	1	166322 8496
31	152551	0.9	1	145257 7294
32	139697	0.9	1	132956 6741
33	124784	0.9	1	118335 6449
34	123700	0.9	1	117488 6212
35	134264	0.9	1	124996 9268
36	134616	0.9	1	127769 6847
37	138470	0.9	1	132339 6131
38	169469	0.9	1	160877 8592
39	185084	0.9	1	176626 8458
40	183356	0.9	1	173195 10161
41	156033	0.9	1	149474 6559
42	157399	0.9	1	148790 8609
43	118859	0.9	1	106585 12274
44	136387	0.9	1	125184 11203
45	227047	0.9	1	214468 12579
46	79057	0.9	1	70145 8912
47	170830	0.9	1	157046 13784
48	1059921	0.9	1	1029952 29969
49	1008653	0.9	1	979548 29105
50	160734	0.9	1	145792 14942
51	192549	0.9	1	185251 7298
52	179021	0.9	1	172089 6932
53	66686	0.9	1	63038 3648
54	18061	0.9	1	16160 1901
55	84231	0.9	1	81900 2331
56	69962	0.9	1	67351 2611
57	26617	0.9	1	24669 1948
58	25895	0.9	1	24366 1529
59	32029	0.9	1	30207 1822
60	19493	0.9	1	18150 1343
61	20370	0.9	1	18937 1433
62	61945	0.9	1	60091 1854
63	29849	0.9	1	28207 1642
64	24627	0.9	1	23307 1320
65	20912	0.9	1	19510 1402
66	62809	0.9	1	60877 1932
67	16667	0.9	1	15075 1592
68	6416	0.9	1	5507 909
69	7588	0.9	1	6639 949
70	10892	0.9	1	9752 1140
71	6860	0.9	1	5966 894
72	9398	0.9	1	8603 795
73	21972	0.9	1	20905 1067
74	40764	0.9	1	39298 1466
75	61018	0.9	1	59043 1975
76	74801	0.9	1	72306 2495
77	85976	0.9	1	83064 2912
78	96851	0.9	1	93450 3401
79	107064	0.9	1	102935 4129
80	126327	0.9	1	121658 4669
81	138473	0.9	1	133546 4927
82	128774	0.9	1	124125 4649
83	114362	0.9	1	109985 4377
84	106122	0.9	1	101917 4205
85	101369	0.9	1	97444 3925
86	98899	0.9	1	95055 3844
87	100253	0.9	1	96406 3847
88	101051	0.9	1	97119 3932
89	109460	0.9	1	105223 4237
90	121177	0.9	1	116437 4740
91	126929	0.9	1	122047 4882
92	132955	0.9	1	128102 4853
93	129705	0.9	1	125174 4531
94	126547	0.9	1	121926 4621
95	111578	0.9	1	107580 3998
96	110005	0.9	1	106118 3887
97	103037	0.9	1	99304 3733
98	107656	0.9	1	103647 4009
99	109851	0.9	1	105880 3971
100	115510	0.9	1	111611 3899
101	127468	0.9	1	123116 4352
102	135172	0.9	1	130488 4684
103	134863	0.9	1	130216 4647
104	130166	0.9	1	125950 4216
105	116662	0.9	1	112703 3959
106	108868	0.9	1	105212 3656
107	106641	0.9	1	103033 3608
108	107997	0.9	1	104506 3491
109	109274	0.9	1	105486 3788
110	118711	0.9	1	114726 3985
111	129430	0.9	1	125315 4115
112	137961	0.9	1	133594 4367
113	143024	0.9	1	138514 4510
114	145817	0.9	1	141248 4569
115	134895	0.9	1	130701 4194
116	132144	0.9	1	128057 4087
117	131222	0.9	1	127290 3932
118	129233	0.9	1	125487 3746
119	132345	0.9	1	128417 3928
120	136550	0.9	1	132738 3812
121	139569	0.9	1	135709 3860
122	150038	0.9	1	145825 4213
123	160816	0.9	1	156675 4141
124	160798	0.9	1	156623 4175
125	144784	0.9	1	141171 3613
126	130957	0.9	1	127676 3281
127	118712	0.9	1	115831 2881
128	106042	0.9	1	103595 2447
129	87696	0.9	1	85652 2044
130	62426	0.9	1	60977 1449
131	36083	0.9	1	35282 801
132	18764	0.9	1	18297 467
133	7145	0.9	1	6945 200
134	2014	0.9	1	1925 89
135	393	0.9	1	353 40
136	150	0.9	1	114 36
137	54	0.9	1	24 30
138	76	0.9	1	54 22
139	55	0.9	1	5 50
140	55	0.9	1	18 37
141	98	0.9	1	43 55
142	48	0.9	1	5 43
143	250	0.9	1	193 57
144	70	0.9	1	8 62
145	97	0.9	1	5 92
146	103	0.9	1	2 101
147	369	0.9	1	15 354
148	1289	0.9	1	9 1280
149	22229	0.9	1	22 22207
150	4173342	0.9	1	1900 4171442

=== Second read: Adapter 2 ===

Sequence: AGATCGGAAGAGC; Type: regular 3'; Length: 13; Trimmed: 18097110 times.

No. of allowed errors:
0-9 bp: 0; 10-13 bp: 1

Bases preceding removed adapters:
  A: 21.5%
  C: 14.8%
  G: 19.9%
  T: 43.8%
  none/other: 0.0%

Overview of removed sequences
length	count	expect	max.err	error counts
3	1098410	920649.2	0	1098410
4	344254	230162.3	0	344254
5	206871	57540.6	0	206871
6	155720	14385.1	0	155720
7	168913	3596.3	0	168913
8	183158	899.1	0	183158
9	132457	224.8	0	131605 852
10	171104	56.2	1	155673 15431
11	162486	14.0	1	146435 16051
12	161373	3.5	1	147343 14030
13	135089	0.9	1	122030 13059
14	155931	0.9	1	138503 17428
15	143687	0.9	1	130563 13124
16	169552	0.9	1	152850 16702
17	220787	0.9	1	200557 20230
18	153707	0.9	1	142119 11588
19	261736	0.9	1	241519 20217
20	137514	0.9	1	124600 12914
21	113688	0.9	1	103445 10243
22	120131	0.9	1	111517 8614
23	133836	0.9	1	122798 11038
24	465785	0.9	1	430949 34836
25	82735	0.9	1	75446 7289
26	75251	0.9	1	68682 6569
27	79099	0.9	1	70272 8827
28	272638	0.9	1	257940 14698
29	55037	0.9	1	48589 6448
30	255128	0.9	1	240539 14589
31	91404	0.9	1	83352 8052
32	387891	0.9	1	370683 17208
33	163866	0.9	1	152412 11454
34	46826	0.9	1	41530 5296
35	204807	0.9	1	194310 10497
36	82093	0.9	1	76263 5830
37	95862	0.9	1	89346 6516
38	107534	0.9	1	101267 6267
39	106959	0.9	1	99439 7520
40	81414	0.9	1	76504 4910
41	140836	0.9	1	133233 7603
42	166465	0.9	1	157870 8595
43	76424	0.9	1	71754 4670
44	113543	0.9	1	107313 6230
45	250085	0.9	1	241893 8192
46	102208	0.9	1	96151 6057
47	102081	0.9	1	96587 5494
48	235168	0.9	1	225860 9308
49	155585	0.9	1	148386 7199
50	102837	0.9	1	96905 5932
51	236613	0.9	1	227586 9027
52	283795	0.9	1	274462 9333
53	130292	0.9	1	124835 5457
54	127723	0.9	1	122082 5641
55	162383	0.9	1	156834 5549
56	75624	0.9	1	72013 3611
57	119872	0.9	1	115263 4609
58	157082	0.9	1	151050 6032
59	104783	0.9	1	99932 4851
60	69406	0.9	1	66114 3292
61	48801	0.9	1	46223 2578
62	42092	0.9	1	40070 2022
63	42082	0.9	1	40026 2056
64	56038	0.9	1	53639 2399
65	63399	0.9	1	60732 2667
66	75205	0.9	1	72169 3036
67	81387	0.9	1	78112 3275
68	96991	0.9	1	93426 3565
69	115542	0.9	1	111430 4112
70	131015	0.9	1	126404 4611
71	145108	0.9	1	139638 5470
72	130089	0.9	1	125444 4645
73	120619	0.9	1	116126 4493
74	105760	0.9	1	102018 3742
75	99210	0.9	1	95730 3480
76	94188	0.9	1	90799 3389
77	95581	0.9	1	92021 3560
78	103424	0.9	1	99674 3750
79	109061	0.9	1	105120 3941
80	127448	0.9	1	123150 4298
81	139093	0.9	1	134741 4352
82	124791	0.9	1	120910 3881
83	112084	0.9	1	108390 3694
84	104019	0.9	1	100348 3671
85	99141	0.9	1	95696 3445
86	98705	0.9	1	95389 3316
87	101656	0.9	1	98517 3139
88	104545	0.9	1	101448 3097
89	109413	0.9	1	105847 3566
90	118829	0.9	1	115347 3482
91	123560	0.9	1	119974 3586
92	127891	0.9	1	124175 3716
93	127197	0.9	1	123430 3767
94	123781	0.9	1	120252 3529
95	110434	0.9	1	107155 3279
96	108749	0.9	1	105473 3276
97	100982	0.9	1	98020 2962
98	105064	0.9	1	102127 2937
99	108506	0.9	1	105424 3082
100	114220	0.9	1	110942 3278
101	127788	0.9	1	124307 3481
102	135227	0.9	1	131847 3380
103	132216	0.9	1	128641 3575
104	127216	0.9	1	123911 3305
105	113211	0.9	1	110123 3088
106	107219	0.9	1	104384 2835
107	105820	0.9	1	103170 2650
108	107416	0.9	1	104514 2902
109	108926	0.9	1	106190 2736
110	116716	0.9	1	113906 2810
111	127880	0.9	1	124729 3151
112	136220	0.9	1	133175 3045
113	143704	0.9	1	140480 3224
114	146048	0.9	1	142819 3229
115	134523	0.9	1	131657 2866
116	133370	0.9	1	130548 2822
117	129718	0.9	1	126799 2919
118	128386	0.9	1	125710 2676
119	131006	0.9	1	128262 2744
120	135739	0.9	1	132936 2803
121	138867	0.9	1	135998 2869
122	148731	0.9	1	145746 2985
123	160037	0.9	1	157116 2921
124	160399	0.9	1	157438 2961
125	144327	0.9	1	141663 2664
126	130952	0.9	1	128471 2481
127	118434	0.9	1	116317 2117
128	105876	0.9	1	104014 1862
129	87554	0.9	1	85981 1573
130	62093	0.9	1	61094 999
131	35929	0.9	1	35350 579
132	18667	0.9	1	18305 362
133	7114	0.9	1	6947 167
134	1995	0.9	1	1946 49
135	380	0.9	1	349 31
136	141	0.9	1	110 31
137	53	0.9	1	23 30
138	81	0.9	1	54 27
139	31	0.9	1	5 26
140	46	0.9	1	18 28
141	76	0.9	1	52 24
142	29	0.9	1	5 24
143	228	0.9	1	196 32
144	32	0.9	1	9 23
145	29	0.9	1	7 22
146	43	0.9	1	3 40
147	57	0.9	1	14 43
148	55	0.9	1	7 48
149	155	0.9	1	34 121
150	3112	0.9	1	1927 1185

