RuntimeError: module compiled against API version 0xc but this version of numpy is 0xa
Traceback (most recent call last):
  File "/home1/gyang/anaconda3/envs/work/bin/multiBigwigSummary", line 4, in <module>
    from deeptools.multiBigwigSummary import main
  File "/home1/gyang/anaconda3/envs/work/lib/python2.7/site-packages/deeptools/multiBigwigSummary.py", line 11, in <module>
    import deeptools.getScorePerBigWigBin as score_bw
  File "/home1/gyang/anaconda3/envs/work/lib/python2.7/site-packages/deeptools/getScorePerBigWigBin.py", line 1, in <module>
    import pyBigWig
ImportError: numpy.core.multiarray failed to import
Number of bins found: 37379
Number of bins found: 37379
Number of bins found: 28445
Number of bins found: 28445
Number of bins found: 28445
Number of bins found: 28445
usage: multiBigwigSummary BED-file -b file1.bw file2.bw -o results.npz --BED selection.bed
multiBigwigSummary BED-file: error: argument --outFileName/-out/-o: temp.npz file can't be opened for writing
Number of bins found: 37379
Number of bins found: 37379
Number of bins found: 37379
