This is cutadapt 1.18 with Python 3.7.11
Command line parameters: -j 1 -a AGATCGGAAGAGC -A AGATCGGAAGAGC --trim-n -m 80 -q 20,20 -o /home1/gyang/work_space/4.ProjectET/batch31_rna/2.cutdata/8Cell_RargKDKO_rep1.R1_cut.fq -p /home1/gyang/work_space/4.ProjectET/batch31_rna/2.cutdata/8Cell_RargKDKO_rep1.R2_cut.fq 8Cell_RargKDKO_rep1.R1.fq.gz 8Cell_RargKDKO_rep1.R2.fq.gz
Processing reads on 1 core in paired-end mode ...
Finished in 3889.58 s (149 us/read; 0.40 M reads/minute).

=== Summary ===

Total read pairs processed:         26,158,727
  Read 1 with adapter:               5,311,134 (20.3%)
  Read 2 with adapter:               5,554,489 (21.2%)
Pairs that were too short:             884,414 (3.4%)
Pairs written (passing filters):    25,274,313 (96.6%)

Total basepairs processed: 7,847,618,100 bp
  Read 1: 3,923,809,050 bp
  Read 2: 3,923,809,050 bp
Quality-trimmed:              31,883,820 bp (0.4%)
  Read 1:    14,933,589 bp
  Read 2:    16,950,231 bp
Total written (filtered):  7,330,722,437 bp (93.4%)
  Read 1: 3,666,523,357 bp
  Read 2: 3,664,199,080 bp

=== First read: Adapter 1 ===

Sequence: AGATCGGAAGAGC; Type: regular 3'; Length: 13; Trimmed: 5311134 times.

No. of allowed errors:
0-9 bp: 0; 10-13 bp: 1

Bases preceding removed adapters:
  A: 2.6%
  C: 81.8%
  G: 14.0%
  T: 1.7%
  none/other: 0.0%
WARNING:
    The adapter is preceded by "C" extremely often.
    The provided adapter sequence could be incomplete at its 3' end.

Overview of removed sequences
length	count	expect	max.err	error counts
3	456715	408730.1	0	456715
4	178719	102182.5	0	178719
5	123737	25545.6	0	123737
6	101907	6386.4	0	101907
7	99713	1596.6	0	99713
8	102320	399.2	0	102320
9	88943	99.8	0	88496 447
10	93040	24.9	1	88548 4492
11	96094	6.2	1	90526 5568
12	91599	1.6	1	86898 4701
13	90977	0.4	1	85685 5292
14	86151	0.4	1	81215 4936
15	88678	0.4	1	83440 5238
16	89110	0.4	1	83501 5609
17	101324	0.4	1	93622 7702
18	85484	0.4	1	81068 4416
19	77191	0.4	1	73928 3263
20	83325	0.4	1	78775 4550
21	79517	0.4	1	76057 3460
22	80873	0.4	1	76961 3912
23	79788	0.4	1	75917 3871
24	73571	0.4	1	69077 4494
25	73170	0.4	1	69021 4149
26	66488	0.4	1	63822 2666
27	68469	0.4	1	65172 3297
28	70354	0.4	1	66515 3839
29	62813	0.4	1	59568 3245
30	63123	0.4	1	60210 2913
31	58602	0.4	1	56108 2494
32	60305	0.4	1	57391 2914
33	57761	0.4	1	55005 2756
34	62462	0.4	1	58649 3813
35	63405	0.4	1	59785 3620
36	48295	0.4	1	46457 1838
37	56541	0.4	1	54122 2419
38	54209	0.4	1	50994 3215
39	54318	0.4	1	51540 2778
40	50018	0.4	1	48019 1999
41	60109	0.4	1	56945 3164
42	70249	0.4	1	66868 3381
43	73994	0.4	1	70278 3716
44	49951	0.4	1	47180 2771
45	90285	0.4	1	86732 3553
46	18424	0.4	1	17085 1339
47	39140	0.4	1	37389 1751
48	146830	0.4	1	142255 4575
49	44524	0.4	1	42549 1975
50	14620	0.4	1	13708 912
51	67300	0.4	1	64976 2324
52	47376	0.4	1	45780 1596
53	11473	0.4	1	10925 548
54	45376	0.4	1	43915 1461
55	94255	0.4	1	92415 1840
56	33416	0.4	1	32605 811
57	24198	0.4	1	23558 640
58	13576	0.4	1	13108 468
59	41546	0.4	1	40562 984
60	6729	0.4	1	6425 304
61	8115	0.4	1	7750 365
62	41464	0.4	1	40446 1018
63	11006	0.4	1	10679 327
64	6501	0.4	1	6218 283
65	15059	0.4	1	14500 559
66	55669	0.4	1	54489 1180
67	4906	0.4	1	4636 270
68	11382	0.4	1	11017 365
69	7968	0.4	1	7657 311
70	6498	0.4	1	6189 309
71	1559	0.4	1	1405 154
72	4385	0.4	1	4201 184
73	10789	0.4	1	10464 325
74	15541	0.4	1	15097 444
75	16844	0.4	1	16286 558
76	17708	0.4	1	17132 576
77	18062	0.4	1	17440 622
78	17616	0.4	1	17072 544
79	17577	0.4	1	17014 563
80	16653	0.4	1	16117 536
81	16100	0.4	1	15605 495
82	16395	0.4	1	15834 561
83	15842	0.4	1	15322 520
84	15405	0.4	1	14894 511
85	14961	0.4	1	14486 475
86	14658	0.4	1	14267 391
87	13931	0.4	1	13512 419
88	14255	0.4	1	13784 471
89	14140	0.4	1	13726 414
90	16110	0.4	1	15586 524
91	16432	0.4	1	15921 511
92	15611	0.4	1	15122 489
93	14512	0.4	1	14121 391
94	15006	0.4	1	14569 437
95	14850	0.4	1	14441 409
96	14534	0.4	1	14109 425
97	13486	0.4	1	13073 413
98	13139	0.4	1	12771 368
99	12159	0.4	1	11816 343
100	11919	0.4	1	11570 349
101	11135	0.4	1	10807 328
102	10781	0.4	1	10461 320
103	10640	0.4	1	10303 337
104	9799	0.4	1	9494 305
105	9810	0.4	1	9516 294
106	9347	0.4	1	9056 291
107	9313	0.4	1	9026 287
108	9687	0.4	1	9411 276
109	8955	0.4	1	8664 291
110	8785	0.4	1	8531 254
111	8400	0.4	1	8151 249
112	8767	0.4	1	8476 291
113	9255	0.4	1	8984 271
114	9055	0.4	1	8809 246
115	9285	0.4	1	9010 275
116	9118	0.4	1	8845 273
117	9060	0.4	1	8776 284
118	8248	0.4	1	7999 249
119	7564	0.4	1	7364 200
120	7498	0.4	1	7311 187
121	7139	0.4	1	6971 168
122	7012	0.4	1	6853 159
123	6901	0.4	1	6723 178
124	6848	0.4	1	6673 175
125	6788	0.4	1	6606 182
126	7039	0.4	1	6844 195
127	6969	0.4	1	6812 157
128	6945	0.4	1	6791 154
129	7071	0.4	1	6892 179
130	7206	0.4	1	7030 176
131	7716	0.4	1	7524 192
132	8060	0.4	1	7861 199
133	7868	0.4	1	7701 167
134	6596	0.4	1	6445 151
135	4226	0.4	1	4126 100
136	3468	0.4	1	3402 66
137	2290	0.4	1	2234 56
138	977	0.4	1	953 24
139	435	0.4	1	418 17
140	145	0.4	1	140 5
141	70	0.4	1	62 8
142	83	0.4	1	63 20
143	100	0.4	1	91 9
144	117	0.4	1	105 12
145	443	0.4	1	425 18
146	1159	0.4	1	1117 42
147	735	0.4	1	712 23
148	260	0.4	1	250 10
149	208	0.4	1	177 31
150	531	0.4	1	358 173

=== Second read: Adapter 2 ===

Sequence: AGATCGGAAGAGC; Type: regular 3'; Length: 13; Trimmed: 5554489 times.

No. of allowed errors:
0-9 bp: 0; 10-13 bp: 1

Overview of removed sequences
length	count	expect	max.err	error counts
3	619822	408730.1	0	619822
4	192110	102182.5	0	192110
5	127403	25545.6	0	127403
6	103232	6386.4	0	103232
7	103120	1596.6	0	103120
8	111158	399.2	0	111158
9	78213	99.8	0	77524 689
10	99480	24.9	1	91041 8439
11	94339	6.2	1	86932 7407
12	95302	1.6	1	87134 8168
13	90567	0.4	1	83475 7092
14	97101	0.4	1	88027 9074
15	80470	0.4	1	74750 5720
16	92009	0.4	1	84328 7681
17	115604	0.4	1	106298 9306
18	64169	0.4	1	59515 4654
19	111668	0.4	1	102328 9340
20	70307	0.4	1	64801 5506
21	70695	0.4	1	66766 3929
22	80574	0.4	1	75109 5465
23	77124	0.4	1	72017 5107
24	91042	0.4	1	83164 7878
25	82603	0.4	1	78237 4366
26	59446	0.4	1	55927 3519
27	59920	0.4	1	56191 3729
28	69833	0.4	1	65798 4035
29	61822	0.4	1	58212 3610
30	69834	0.4	1	65184 4650
31	57466	0.4	1	54108 3358
32	66649	0.4	1	61557 5092
33	67197	0.4	1	62098 5099
34	59175	0.4	1	55482 3693
35	57851	0.4	1	54410 3441
36	109161	0.4	1	102190 6971
37	85468	0.4	1	81701 3767
38	55363	0.4	1	52765 2598
39	34380	0.4	1	32706 1674
40	60914	0.4	1	58310 2604
41	36422	0.4	1	34561 1861
42	80633	0.4	1	77143 3490
43	47701	0.4	1	45294 2407
44	137100	0.4	1	132473 4627
45	61198	0.4	1	58606 2592
46	16721	0.4	1	15717 1004
47	55840	0.4	1	53572 2268
48	12841	0.4	1	11927 914
49	31939	0.4	1	30706 1233
50	10354	0.4	1	9710 644
51	19593	0.4	1	18644 949
52	8165	0.4	1	7617 548
53	29649	0.4	1	28408 1241
54	46622	0.4	1	45121 1501
55	17947	0.4	1	17119 828
56	30734	0.4	1	29611 1123
57	80392	0.4	1	78300 2092
58	27529	0.4	1	26213 1316
59	19620	0.4	1	18651 969
60	78678	0.4	1	76514 2164
61	27856	0.4	1	26824 1032
62	10664	0.4	1	10099 565
63	48252	0.4	1	46775 1477
64	90250	0.4	1	88176 2074
65	27458	0.4	1	26383 1075
66	33137	0.4	1	31975 1162
67	29947	0.4	1	29013 934
68	8090	0.4	1	7741 349
69	12939	0.4	1	12424 515
70	18746	0.4	1	18157 589
71	7770	0.4	1	7391 379
72	4888	0.4	1	4643 245
73	5121	0.4	1	4911 210
74	5993	0.4	1	5755 238
75	7412	0.4	1	7126 286
76	10084	0.4	1	9727 357
77	11101	0.4	1	10660 441
78	12885	0.4	1	12420 465
79	13986	0.4	1	13530 456
80	14371	0.4	1	13851 520
81	14300	0.4	1	13849 451
82	14996	0.4	1	14438 558
83	15403	0.4	1	14902 501
84	15149	0.4	1	14659 490
85	15216	0.4	1	14662 554
86	14268	0.4	1	13837 431
87	13203	0.4	1	12762 441
88	13369	0.4	1	12966 403
89	13455	0.4	1	13038 417
90	15962	0.4	1	15497 465
91	15695	0.4	1	15233 462
92	15096	0.4	1	14717 379
93	14183	0.4	1	13797 386
94	14223	0.4	1	13783 440
95	14237	0.4	1	13854 383
96	14050	0.4	1	13654 396
97	12920	0.4	1	12596 324
98	13155	0.4	1	12768 387
99	12510	0.4	1	12175 335
100	12385	0.4	1	12026 359
101	11033	0.4	1	10702 331
102	10598	0.4	1	10296 302
103	10178	0.4	1	9878 300
104	9393	0.4	1	9116 277
105	9572	0.4	1	9299 273
106	9212	0.4	1	8906 306
107	9201	0.4	1	8929 272
108	9568	0.4	1	9258 310
109	8812	0.4	1	8546 266
110	8651	0.4	1	8407 244
111	8466	0.4	1	8235 231
112	8930	0.4	1	8643 287
113	9374	0.4	1	9131 243
114	9376	0.4	1	9123 253
115	9185	0.4	1	8943 242
116	8860	0.4	1	8636 224
117	8800	0.4	1	8551 249
118	8112	0.4	1	7887 225
119	7460	0.4	1	7289 171
120	7490	0.4	1	7285 205
121	7134	0.4	1	6960 174
122	6952	0.4	1	6769 183
123	6900	0.4	1	6740 160
124	6813	0.4	1	6635 178
125	6884	0.4	1	6723 161
126	7046	0.4	1	6899 147
127	6986	0.4	1	6822 164
128	6983	0.4	1	6832 151
129	7009	0.4	1	6867 142
130	7149	0.4	1	6984 165
131	7659	0.4	1	7524 135
132	8016	0.4	1	7885 131
133	7803	0.4	1	7659 144
134	6545	0.4	1	6415 130
135	4186	0.4	1	4104 82
136	3479	0.4	1	3380 99
137	2305	0.4	1	2229 76
138	1038	0.4	1	946 92
139	472	0.4	1	421 51
140	177	0.4	1	140 37
141	102	0.4	1	65 37
142	118	0.4	1	62 56
143	122	0.4	1	90 32
144	140	0.4	1	107 33
145	475	0.4	1	416 59
146	1161	0.4	1	1097 64
147	757	0.4	1	705 52
148	252	0.4	1	241 11
149	191	0.4	1	180 11
150	370	0.4	1	345 25

WARNING:
    One or more of your adapter sequences may be incomplete.
    Please see the detailed output above.
