
	Position file = TSC_Cdx2_5k_rep1_peaks.narrowPeak
	Genome = mm10
	Output Directory = TSC_Cdx2_5k_rep1_peakAnalysis
	Using actual sizes of regions (-size given)
	Fragment size set to given
	Using 10 CPUs
	Motif length set at 8,
	Found mset for "mouse", will check against vertebrates motifs
	Peak/BED file conversion summary:
		BED/Header formatted lines: 18829
		peakfile formatted lines: 0

	Peak File Statistics:
		Total Peaks: 18829
		Redundant Peak IDs: 0
		Peaks lacking information: 0 (need at least 5 columns per peak)
		Peaks with misformatted coordinates: 0 (should be integer)
		Peaks with misformatted strand: 0 (should be either +/- or 0/1)

	Peak file looks good!

	Background fragment size set to 534 (avg size of targets)
	Could not find background files for 534 bp fragments
	Below are the sizes that are already available prepared.
		200
		342
		420
		444
		463
		998
		999
		1078
		1142
		1222
		1249
		1259
		1262
		1288
		1376
		1455
		1619
		1925
		1959
		2017
		2116
		2151
		2488
		2499
		7879
		7974
	HOMER will now create background files for 534 bp fragments
	To CANCEL and rerun with a differet "-size <#>", hit <CTRL+C> now!
		5
		4
		3
		2
		1
	Preparsing genome for 534 bp fragments...(will probably take 1-5 min)
	preparse size set to 534

	By default, using /usr/local/software/homer/.//data/genomes/mm10//mm10.tss for reference positions
	Output files will be placed in /usr/local/software/homer/.//data/genomes/mm10//preparsed//mm10.534.* ...
	By default, HOMER will set the the preparsed Directory to be group read/write
chmod: changing permissions of ‘/usr/local/software/homer/.//data/genomes/mm10//preparsed/’: Operation not permitted
	Extracting sequences

	Extracting sequences from directory: /usr/local/software/homer/.//data/genomes/mm10//
	Extracting 78807 sequences from chr1
	Extracting 94314 sequences from chr2
	Extracting 64358 sequences from chr3
	Extracting 71767 sequences from chr4
	Extracting 73713 sequences from chr5
	Extracting 70579 sequences from chr6
	Extracting 87431 sequences from chr7
	Extracting 54547 sequences from chr8
	Extracting 65851 sequences from chr9
	Extracting 60366 sequences from chr10
	Extracting 71036 sequences from chr11
	Extracting 44667 sequences from chr12
	Extracting 52230 sequences from chr13
	Extracting 48588 sequences from chr14
	Extracting 44580 sequences from chr15
	Extracting 41783 sequences from chr16
	Extracting 50273 sequences from chr17
	Extracting 36009 sequences from chr18
	Extracting 34476 sequences from chr19
	Extracting 67938 sequences from chrX
	Extracting 9742 sequences from chrY
	Extracting 94 sequences from chr1_GL456211_random
	Extracting 166 sequences from chr1_GL456221_random
	Extracting 62 sequences from chr4_GL456216_random
	Extracting 261 sequences from chr4_GL456350_random
	Extracting 55 sequences from chr4_JH584292_random
	Extracting 192 sequences from chr4_JH584293_random
	Extracting 171 sequences from chr4_JH584294_random
	Extracting 207 sequences from chr5_GL456354_random
	Extracting 98 sequences from chr5_JH584296_random
	Extracting 97 sequences from chr5_JH584297_random
	Extracting 195 sequences from chr5_JH584298_random
	Extracting 424 sequences from chr5_JH584299_random
	Extracting 166 sequences from chr7_GL456219_random
	Extracting 102 sequences from chrUn_JH584304
	Extracting 314 sequences from chrX_GL456233_random
		3233 of 1225509 removed because they had >70.00% Ns (i.e. masked repeats)

	Sequences processed:
		Auto detected maximum sequence length of 535 bp
		100000
		200000
		300000
		400000
		500000
		600000
		700000
		800000
		900000
		1000000
		1100000
		1200000
		1222276 total

	Frequency Bins: 0.01 0.02 0.03 0.04 0.05 0.06 0.08 0.1 0.12 0.14 0.16
	Freq	Bin	Count
	0.01	0	781474
	0.02	1	311840
	0.03	2	79845
	0.04	3	16081
	0.05	4	7687
	0.06	5	6078
	0.08	6	7325
	0.1	7	5639
	0.12	8	3463
	0.14	9	1665
	0.16	10	870
	11	11	309
	Frequency Bins: 0.2 0.25 0.3 0.35 0.4 0.45 0.5 0.6 0.7 0.8
	Freq	Bin	Count
	0.2	0	66
	0.25	1	1100
	0.3	2	16589
	0.35	3	93545
	0.4	4	248845
	0.45	5	363227
	0.5	6	300307
	0.6	7	174604
	0.7	8	18891
	0.8	9	4839
	10	10	263


	Extracting sequences from directory: /usr/local/software/homer/.//data/genomes/mm10//
	Extracting 1101 sequences from chr1
	Extracting 1124 sequences from chr2
	Extracting 958 sequences from chr3
	Extracting 1128 sequences from chr4
	Extracting 1046 sequences from chr5
	Extracting 949 sequences from chr6
	Extracting 1153 sequences from chr7
	Extracting 931 sequences from chr8
	Extracting 918 sequences from chr9
	Extracting 1279 sequences from chr10
	Extracting 1893 sequences from chr11
	Extracting 740 sequences from chr12
	Extracting 935 sequences from chr13
	Extracting 687 sequences from chr14
	Extracting 829 sequences from chr15
	Extracting 705 sequences from chr16
	Extracting 908 sequences from chr17
	Extracting 631 sequences from chr18
	Extracting 619 sequences from chr19
	Extracting 291 sequences from chrX
	Extracting 1 sequences from chrY
	Extracting 3 sequences from chrM

	Not removing redundant sequences


	Sequences processed:
		Auto detected maximum sequence length of 1513 bp
		18829 total

	Frequency Bins: 0.2 0.25 0.3 0.35 0.4 0.45 0.5 0.6 0.7 0.8
	Freq	Bin	Count
	0.3	2	21
	0.35	3	184
	0.4	4	1194
	0.45	5	4076
	0.5	6	5364
	0.6	7	5384
	0.7	8	1977
	0.8	9	600
	10	10	29

	Total sequences set to 50000

	Choosing background that matches in CpG/GC content...
	Bin	# Targets	# Background	Background Weight
	2	21	35	0.993
	3	184	305	0.999
	4	1194	1977	1.000
	5	4076	6748	1.000
	6	5364	8880	1.000
	7	5384	8913	1.000
	8	1977	3273	1.000
	9	600	993	1.000
	10	29	48	1.000
	Assembling sequence file...
	Normalizing lower order oligos using homer2

	Reading input files...
	50001 total sequences read
	Autonormalization: 1-mers (4 total)
		A	24.88%	25.12%	0.990
		C	25.12%	24.88%	1.010
		G	25.12%	24.88%	1.010
		T	24.88%	25.12%	0.990
	Autonormalization: 2-mers (16 total)
		AA	7.05%	6.79%	1.038
		CA	7.25%	7.55%	0.960
		GA	6.24%	6.32%	0.987
		TA	4.31%	4.45%	0.969
		AC	5.29%	5.31%	0.997
		CC	7.42%	7.31%	1.016
		GC	6.21%	5.96%	1.042
		TC	6.24%	6.32%	0.987
		AG	7.70%	7.87%	0.979
		CG	2.73%	2.17%	1.262
		GG	7.42%	7.31%	1.016
		TG	7.25%	7.55%	0.960
		AT	4.85%	5.14%	0.943
		CT	7.70%	7.87%	0.979
		GT	5.29%	5.31%	0.997
		TT	7.05%	6.79%	1.038
	Autonormalization: 3-mers (64 total)
	Normalization weights can be found in file: TSC_Cdx2_5k_rep1_peakAnalysis/seq.autonorm.tsv
	Converging on autonormalization solution:
	...............................................................................
	Final normalization:	Autonormalization: 1-mers (4 total)
		A	24.88%	24.86%	1.001
		C	25.12%	25.14%	0.999
		G	25.12%	25.14%	0.999
		T	24.88%	24.86%	1.001
	Autonormalization: 2-mers (16 total)
		AA	7.05%	6.96%	1.012
		CA	7.25%	7.30%	0.993
		GA	6.24%	6.25%	0.999
		TA	4.31%	4.35%	0.990
		AC	5.29%	5.24%	1.009
		CC	7.42%	7.43%	0.999
		GC	6.21%	6.22%	0.997
		TC	6.24%	6.25%	0.999
		AG	7.70%	7.71%	0.999
		CG	2.73%	2.70%	1.012
		GG	7.42%	7.43%	0.999
		TG	7.25%	7.30%	0.993
		AT	4.85%	4.94%	0.980
		CT	7.70%	7.71%	0.999
		GT	5.29%	5.24%	1.009
		TT	7.05%	6.96%	1.012
	Autonormalization: 3-mers (64 total)
	Finished preparing sequence/group files

	----------------------------------------------------------
	Known motif enrichment

	Reading input files...
	50001 total sequences read
	414 motifs loaded
	Cache length = 11180
	Using binomial scoring
	Checking enrichment of 414 motif(s)
	|0%                                    50%                                  100%|
	=================================================================================
	Preparing HTML output with sequence logos...
		1 of 414 (1e-621) Fosl2(bZIP)/3T3L1-Fosl2-ChIP-Seq(GSE56872)/Homer
		2 of 414 (1e-620) Jun-AP1(bZIP)/K562-cJun-ChIP-Seq(GSE31477)/Homer
		3 of 414 (1e-591) Fra2(bZIP)/Striatum-Fra2-ChIP-Seq(GSE43429)/Homer
		4 of 414 (1e-588) Fra1(bZIP)/BT549-Fra1-ChIP-Seq(GSE46166)/Homer
		5 of 414 (1e-567) JunB(bZIP)/DendriticCells-Junb-ChIP-Seq(GSE36099)/Homer
		6 of 414 (1e-543) Atf3(bZIP)/GBM-ATF3-ChIP-Seq(GSE33912)/Homer
		7 of 414 (1e-519) CDX4(Homeobox)/ZebrafishEmbryos-Cdx4.Myc-ChIP-Seq(GSE48254)/Homer
		8 of 414 (1e-507) Cdx2(Homeobox)/mES-Cdx2-ChIP-Seq(GSE14586)/Homer
		9 of 414 (1e-506) AP-1(bZIP)/ThioMac-PU.1-ChIP-Seq(GSE21512)/Homer
		10 of 414 (1e-499) BATF(bZIP)/Th17-BATF-ChIP-Seq(GSE39756)/Homer
		11 of 414 (1e-303) OCT:OCT(POU,Homeobox,IR1)/NPC-Brn2-ChIP-Seq(GSE35496)/Homer
		12 of 414 (1e-302) TEAD1(TEAD)/HepG2-TEAD1-ChIP-Seq(Encode)/Homer
		13 of 414 (1e-301) Bach2(bZIP)/OCILy7-Bach2-ChIP-Seq(GSE44420)/Homer
		14 of 414 (1e-269) HOXB13(Homeobox)/ProstateTumor-HOXB13-ChIP-Seq(GSE56288)/Homer
		15 of 414 (1e-268) TEAD4(TEA)/Tropoblast-Tead4-ChIP-Seq(GSE37350)/Homer
		16 of 414 (1e-253) TEAD(TEA)/Fibroblast-PU.1-ChIP-Seq(Unpublished)/Homer
		17 of 414 (1e-253) TEAD2(TEA)/Py2T-Tead2-ChIP-Seq(GSE55709)/Homer
		18 of 414 (1e-206) Unknown(Homeobox)/Limb-p300-ChIP-Seq/Homer
		19 of 414 (1e-192) TEAD3(TEA)/HepG2-TEAD3-ChIP-Seq(Encode)/Homer
		20 of 414 (1e-143) Hoxd10(Homeobox)/ChickenMSG-Hoxd10.Flag-ChIP-Seq(GSE86088)/Homer
		21 of 414 (1e-139) Nrf2(bZIP)/Lymphoblast-Nrf2-ChIP-Seq(GSE37589)/Homer
		22 of 414 (1e-136) AP-2alpha(AP2)/Hela-AP2alpha-ChIP-Seq(GSE31477)/Homer
		23 of 414 (1e-129) NF-E2(bZIP)/K562-NFE2-ChIP-Seq(GSE31477)/Homer
		24 of 414 (1e-120) Hoxc9(Homeobox)/Ainv15-Hoxc9-ChIP-Seq(GSE21812)/Homer
		25 of 414 (1e-119) AP-2gamma(AP2)/MCF7-TFAP2C-ChIP-Seq(GSE21234)/Homer
		26 of 414 (1e-117) Hoxd13(Homeobox)/ChickenMSG-Hoxd13.Flag-ChIP-Seq(GSE86088)/Homer
		27 of 414 (1e-114) Bach1(bZIP)/K562-Bach1-ChIP-Seq(GSE31477)/Homer
		28 of 414 (1e-76) Hoxa11(Homeobox)/ChickenMSG-Hoxa11.Flag-ChIP-Seq(GSE86088)/Homer
		29 of 414 (1e-74) ELF5(ETS)/T47D-ELF5-ChIP-Seq(GSE30407)/Homer
		30 of 414 (1e-74) Brn2(POU,Homeobox)/NPC-Brn2-ChIP-Seq(GSE35496)/Homer
		31 of 414 (1e-71) Sox17(HMG)/Endoderm-Sox17-ChIP-Seq(GSE61475)/Homer
		32 of 414 (1e-69) NFE2L2(bZIP)/HepG2-NFE2L2-ChIP-Seq(Encode)/Homer
		33 of 414 (1e-65) SPDEF(ETS)/VCaP-SPDEF-ChIP-Seq(SRA014231)/Homer
		34 of 414 (1e-62) Hoxd11(Homeobox)/ChickenMSG-Hoxd11.Flag-ChIP-Seq(GSE86088)/Homer
		35 of 414 (1e-62) ELF3(ETS)/PDAC-ELF3-ChIP-Seq(GSE64557)/Homer
		36 of 414 (1e-58) Tbx6(T-box)/ESC-Tbx6-ChIP-Seq(GSE93524)/Homer
		37 of 414 (1e-58) Dlx3(Homeobox)/Kerainocytes-Dlx3-ChIP-Seq(GSE89884)/Homer
		38 of 414 (1e-58) Elk4(ETS)/Hela-Elk4-ChIP-Seq(GSE31477)/Homer
		39 of 414 (1e-57) KLF3(Zf)/MEF-Klf3-ChIP-Seq(GSE44748)/Homer
		40 of 414 (1e-57) Sox2(HMG)/mES-Sox2-ChIP-Seq(GSE11431)/Homer
		41 of 414 (1e-57) Klf4(Zf)/mES-Klf4-ChIP-Seq(GSE11431)/Homer
		42 of 414 (1e-56) Tbet(T-box)/CD8-Tbet-ChIP-Seq(GSE33802)/Homer
		43 of 414 (1e-50) Atf4(bZIP)/MEF-Atf4-ChIP-Seq(GSE35681)/Homer
		44 of 414 (1e-50) Elf4(ETS)/BMDM-Elf4-ChIP-Seq(GSE88699)/Homer
		45 of 414 (1e-48) NFkB-p65-Rel(RHD)/ThioMac-LPS-Expression(GSE23622)/Homer
		46 of 414 (1e-48) Tbx21(T-box)/GM12878-TBX21-ChIP-Seq(Encode)/Homer
		47 of 414 (1e-46) Hoxb4(Homeobox)/ES-Hoxb4-ChIP-Seq(GSE34014)/Homer
		48 of 414 (1e-44) GABPA(ETS)/Jurkat-GABPa-ChIP-Seq(GSE17954)/Homer
		49 of 414 (1e-43) ETV4(ETS)/HepG2-ETV4-ChIP-Seq(ENCODE)/Homer
		50 of 414 (1e-42) EKLF(Zf)/Erythrocyte-Klf1-ChIP-Seq(GSE20478)/Homer
		51 of 414 (1e-41) KLF5(Zf)/LoVo-KLF5-ChIP-Seq(GSE49402)/Homer
		52 of 414 (1e-40) Brachyury(T-box)/Mesoendoderm-Brachyury-ChIP-exo(GSE54963)/Homer
		53 of 414 (1e-40) MYNN(Zf)/HEK293-MYNN.eGFP-ChIP-Seq(Encode)/Homer
		54 of 414 (1e-39) Elk1(ETS)/Hela-Elk1-ChIP-Seq(GSE31477)/Homer
		55 of 414 (1e-39) Fli1(ETS)/CD8-FLI-ChIP-Seq(GSE20898)/Homer
		56 of 414 (1e-39) MafK(bZIP)/C2C12-MafK-ChIP-Seq(GSE36030)/Homer
		57 of 414 (1e-37) ELF1(ETS)/Jurkat-ELF1-ChIP-Seq(SRA014231)/Homer
		58 of 414 (1e-37) Zfp281(Zf)/ES-Zfp281-ChIP-Seq(GSE81042)/Homer
		59 of 414 (1e-36) Atf7(bZIP)/3T3L1-Atf7-ChIP-Seq(GSE56872)/Homer
		60 of 414 (1e-36) JunD(bZIP)/K562-JunD-ChIP-Seq/Homer
		61 of 414 (1e-36) Hoxd12(Homeobox)/ChickenMSG-Hoxd12.Flag-ChIP-Seq(GSE86088)/Homer
		62 of 414 (1e-35) ETV1(ETS)/GIST48-ETV1-ChIP-Seq(GSE22441)/Homer
		63 of 414 (1e-35) Sox15(HMG)/CPA-Sox15-ChIP-Seq(GSE62909)/Homer
		64 of 414 (1e-34) Sp2(Zf)/HEK293-Sp2.eGFP-ChIP-Seq(Encode)/Homer
		65 of 414 (1e-32) Hoxa13(Homeobox)/ChickenMSG-Hoxa13.Flag-ChIP-Seq(GSE86088)/Homer
		66 of 414 (1e-32) KLF6(Zf)/PDAC-KLF6-ChIP-Seq(GSE64557)/Homer
		67 of 414 (1e-31) c-Jun-CRE(bZIP)/K562-cJun-ChIP-Seq(GSE31477)/Homer
		68 of 414 (1e-30) Lhx2(Homeobox)/HFSC-Lhx2-ChIP-Seq(GSE48068)/Homer
		69 of 414 (1e-30) Foxo3(Forkhead)/U2OS-Foxo3-ChIP-Seq(E-MTAB-2701)/Homer
		70 of 414 (1e-30) Atf2(bZIP)/3T3L1-Atf2-ChIP-Seq(GSE56872)/Homer
		71 of 414 (1e-29) CEBP:AP1(bZIP)/ThioMac-CEBPb-ChIP-Seq(GSE21512)/Homer
		72 of 414 (1e-28) EHF(ETS)/LoVo-EHF-ChIP-Seq(GSE49402)/Homer
		73 of 414 (1e-28) Tbr1(T-box)/Cortex-Tbr1-ChIP-Seq(GSE71384)/Homer
		74 of 414 (1e-28) NFkB-p65(RHD)/GM12787-p65-ChIP-Seq(GSE19485)/Homer
		75 of 414 (1e-27) Klf9(Zf)/GBM-Klf9-ChIP-Seq(GSE62211)/Homer
		76 of 414 (1e-27) Etv2(ETS)/ES-ER71-ChIP-Seq(GSE59402)/Homer(0.967)
		77 of 414 (1e-27) Atf1(bZIP)/K562-ATF1-ChIP-Seq(GSE31477)/Homer
		78 of 414 (1e-27) Sox3(HMG)/NPC-Sox3-ChIP-Seq(GSE33059)/Homer
		79 of 414 (1e-27) ETS1(ETS)/Jurkat-ETS1-ChIP-Seq(GSE17954)/Homer
		80 of 414 (1e-26) Pitx1:Ebox(Homeobox,bHLH)/Hindlimb-Pitx1-ChIP-Seq(GSE41591)/Homer
		81 of 414 (1e-26) FOXP1(Forkhead)/H9-FOXP1-ChIP-Seq(GSE31006)/Homer
		82 of 414 (1e-26) Tbox:Smad(T-box,MAD)/ESCd5-Smad2_3-ChIP-Seq(GSE29422)/Homer
		83 of 414 (1e-25) Sox4(HMG)/proB-Sox4-ChIP-Seq(GSE50066)/Homer
		84 of 414 (1e-24) EWS:FLI1-fusion(ETS)/SK_N_MC-EWS:FLI1-ChIP-Seq(SRA014231)/Homer
		85 of 414 (1e-23) Pdx1(Homeobox)/Islet-Pdx1-ChIP-Seq(SRA008281)/Homer
		86 of 414 (1e-23) Ets1-distal(ETS)/CD4+-PolII-ChIP-Seq(Barski_et_al.)/Homer
		87 of 414 (1e-22) ETS(ETS)/Promoter/Homer
		88 of 414 (1e-21) NFIL3(bZIP)/HepG2-NFIL3-ChIP-Seq(Encode)/Homer
		89 of 414 (1e-21) Foxa2(Forkhead)/Liver-Foxa2-ChIP-Seq(GSE25694)/Homer
		90 of 414 (1e-21) Unknown-ESC-element(?)/mES-Nanog-ChIP-Seq(GSE11724)/Homer
		91 of 414 (1e-21) Sp1(Zf)/Promoter/Homer
		92 of 414 (1e-20) Sp5(Zf)/mES-Sp5.Flag-ChIP-Seq(GSE72989)/Homer
		93 of 414 (1e-20) RFX(HTH)/K562-RFX3-ChIP-Seq(SRA012198)/Homer
		94 of 414 (1e-20) Pit1+1bp(Homeobox)/GCrat-Pit1-ChIP-Seq(GSE58009)/Homer
		95 of 414 (1e-20) Esrrb(NR)/mES-Esrrb-ChIP-Seq(GSE11431)/Homer
		96 of 414 (1e-19) EWS:ERG-fusion(ETS)/CADO_ES1-EWS:ERG-ChIP-Seq(SRA014231)/Homer
		97 of 414 (1e-18) PBX2(Homeobox)/K562-PBX2-ChIP-Seq(Encode)/Homer
		98 of 414 (1e-17) Zic3(Zf)/mES-Zic3-ChIP-Seq(GSE37889)/Homer
		99 of 414 (1e-17) Rfx2(HTH)/LoVo-RFX2-ChIP-Seq(GSE49402)/Homer
		100 of 414 (1e-17) Hoxa10(Homeobox)/ChickenMSG-Hoxa10.Flag-ChIP-Seq(GSE86088)/Homer
		101 of 414 (1e-17) Sox6(HMG)/Myotubes-Sox6-ChIP-Seq(GSE32627)/Homer
		102 of 414 (1e-16) RUNX(Runt)/HPC7-Runx1-ChIP-Seq(GSE22178)/Homer
		103 of 414 (1e-16) Nr5a2(NR)/mES-Nr5a2-ChIP-Seq(GSE19019)/Homer
		104 of 414 (1e-15) PU.1(ETS)/ThioMac-PU.1-ChIP-Seq(GSE21512)/Homer
		105 of 414 (1e-15) Sox10(HMG)/SciaticNerve-Sox3-ChIP-Seq(GSE35132)/Homer
		106 of 414 (1e-15) PBX1(Homeobox)/MCF7-PBX1-ChIP-Seq(GSE28007)/Homer
		107 of 414 (1e-14) STAT5(Stat)/mCD4+-Stat5-ChIP-Seq(GSE12346)/Homer
		108 of 414 (1e-14) TATA-Box(TBP)/Promoter/Homer
		109 of 414 (1e-14) ERG(ETS)/VCaP-ERG-ChIP-Seq(GSE14097)/Homer
		110 of 414 (1e-14) Hoxa9(Homeobox)/ChickenMSG-Hoxa9.Flag-ChIP-Seq(GSE86088)/Homer
		111 of 414 (1e-14) Gfi1b(Zf)/HPC7-Gfi1b-ChIP-Seq(GSE22178)/Homer
		112 of 414 (1e-13) Mef2b(MADS)/HEK293-Mef2b.V5-ChIP-Seq(GSE67450)/Homer
		113 of 414 (1e-13) STAT4(Stat)/CD4-Stat4-ChIP-Seq(GSE22104)/Homer
		114 of 414 (1e-13) Brn1(POU,Homeobox)/NPC-Brn1-ChIP-Seq(GSE35496)/Homer
		115 of 414 (1e-13) FOXK2(Forkhead)/U2OS-FOXK2-ChIP-Seq(E-MTAB-2204)/Homer
		116 of 414 (1e-13) Pbx3(Homeobox)/GM12878-PBX3-ChIP-Seq(GSE32465)/Homer
		117 of 414 (1e-12) Nur77(NR)/K562-NR4A1-ChIP-Seq(GSE31363)/Homer
		118 of 414 (1e-12) COUP-TFII(NR)/K562-NR2F1-ChIP-Seq(Encode)/Homer
		119 of 414 (1e-12) CTCF(Zf)/CD4+-CTCF-ChIP-Seq(Barski_et_al.)/Homer
		120 of 414 (1e-12) OCT:OCT-short(POU,Homeobox)/NPC-OCT6-ChIP-Seq(GSE43916)/Homer
		121 of 414 (1e-11) Foxh1(Forkhead)/hESC-FOXH1-ChIP-Seq(GSE29422)/Homer
		122 of 414 (1e-11) CRE(bZIP)/Promoter/Homer
		123 of 414 (1e-10) Foxa3(Forkhead)/Liver-Foxa3-ChIP-Seq(GSE77670)/Homer
		124 of 414 (1e-10) NFkB-p50,p52(RHD)/Monocyte-p50-ChIP-Chip(Schreiber_et_al.)/Homer
		125 of 414 (1e-10) FOXK1(Forkhead)/HEK293-FOXK1-ChIP-Seq(GSE51673)/Homer
		126 of 414 (1e-10) ETS:RUNX(ETS,Runt)/Jurkat-RUNX1-ChIP-Seq(GSE17954)/Homer
		127 of 414 (1e-10) Lhx1(Homeobox)/EmbryoCarcinoma-Lhx1-ChIP-Seq(GSE70957)/Homer
		128 of 414 (1e-10) EBF1(EBF)/Near-E2A-ChIP-Seq(GSE21512)/Homer
		129 of 414 (1e-10) RUNX-AML(Runt)/CD4+-PolII-ChIP-Seq(Barski_et_al.)/Homer
		130 of 414 (1e-10) EAR2(NR)/K562-NR2F6-ChIP-Seq(Encode)/Homer
		131 of 414 (1e-9) Gata1(Zf)/K562-GATA1-ChIP-Seq(GSE18829)/Homer
		132 of 414 (1e-9) Pknox1(Homeobox)/ES-Prep1-ChIP-Seq(GSE63282)/Homer
		133 of 414 (1e-8) HOXA1(Homeobox)/mES-Hoxa1-ChIP-Seq(SRP084292)/Homer
		134 of 414 (1e-8) HLF(bZIP)/HSC-HLF.Flag-ChIP-Seq(GSE69817)/Homer
		135 of 414 (1e-8) X-box(HTH)/NPC-H3K4me1-ChIP-Seq(GSE16256)/Homer
		136 of 414 (1e-8) CEBP(bZIP)/ThioMac-CEBPb-ChIP-Seq(GSE21512)/Homer
		137 of 414 (1e-8) Sox9(HMG)/Limb-SOX9-ChIP-Seq(GSE73225)/Homer
		138 of 414 (1e-8) RUNX2(Runt)/PCa-RUNX2-ChIP-Seq(GSE33889)/Homer
		139 of 414 (1e-8) MafA(bZIP)/Islet-MafA-ChIP-Seq(GSE30298)/Homer
		140 of 414 (1e-8) FoxL2(Forkhead)/Ovary-FoxL2-ChIP-Seq(GSE60858)/Homer
		141 of 414 (1e-8) IRF:BATF(IRF:bZIP)/pDC-Irf8-ChIP-Seq(GSE66899)/Homer
		142 of 414 (1e-8) Maz(Zf)/HepG2-Maz-ChIP-Seq(GSE31477)/Homer
		143 of 414 (1e-8) KLF14(Zf)/HEK293-KLF14.GFP-ChIP-Seq(GSE58341)/Homer
		144 of 414 (1e-8) Lhx3(Homeobox)/Neuron-Lhx3-ChIP-Seq(GSE31456)/Homer
		145 of 414 (1e-7) Stat3(Stat)/mES-Stat3-ChIP-Seq(GSE11431)/Homer
		146 of 414 (1e-7) Ronin(THAP)/ES-Thap11-ChIP-Seq(GSE51522)/Homer
		147 of 414 (1e-7) Oct4:Sox17(POU,Homeobox,HMG)/F9-Sox17-ChIP-Seq(GSE44553)/Homer
		148 of 414 (1e-7) Mef2a(MADS)/HL1-Mef2a.biotin-ChIP-Seq(GSE21529)/Homer
		149 of 414 (1e-7) Reverb(NR),DR2/RAW-Reverba.biotin-ChIP-Seq(GSE45914)/Homer
		150 of 414 (1e-7) STAT6(Stat)/Macrophage-Stat6-ChIP-Seq(GSE38377)/Homer
		151 of 414 (1e-7) Isl1(Homeobox)/Neuron-Isl1-ChIP-Seq(GSE31456)/Homer
		152 of 414 (1e-6) Zic(Zf)/Cerebellum-ZIC1.2-ChIP-Seq(GSE60731)/Homer
		153 of 414 (1e-6) Gata2(Zf)/K562-GATA2-ChIP-Seq(GSE18829)/Homer
		154 of 414 (1e-6) E2F4(E2F)/K562-E2F4-ChIP-Seq(GSE31477)/Homer
		155 of 414 (1e-6) Usf2(bHLH)/C2C12-Usf2-ChIP-Seq(GSE36030)/Homer
		156 of 414 (1e-6) Mef2d(MADS)/Retina-Mef2d-ChIP-Seq(GSE61391)/Homer
		157 of 414 (1e-6) ETS:E-box(ETS,bHLH)/HPC7-Scl-ChIP-Seq(GSE22178)/Homer
		158 of 414 (1e-6) SF1(NR)/H295R-Nr5a1-ChIP-Seq(GSE44220)/Homer
		159 of 414 (1e-6) DMRT1(DM)/Testis-DMRT1-ChIP-Seq(GSE64892)/Homer
		160 of 414 (1e-6) USF1(bHLH)/GM12878-Usf1-ChIP-Seq(GSE32465)/Homer
		161 of 414 (1e-5) PAX3:FKHR-fusion(Paired,Homeobox)/Rh4-PAX3:FKHR-ChIP-Seq(GSE19063)/Homer
		162 of 414 (1e-5) Foxf1(Forkhead)/Lung-Foxf1-ChIP-Seq(GSE77951)/Homer
		163 of 414 (1e-5) Srebp1a(bHLH)/HepG2-Srebp1a-ChIP-Seq(GSE31477)/Homer
		164 of 414 (1e-5) Gata6(Zf)/HUG1N-GATA6-ChIP-Seq(GSE51936)/Homer
		165 of 414 (1e-5) MafB(bZIP)/BMM-Mafb-ChIP-Seq(GSE75722)/Homer
		166 of 414 (1e-5) PAX5(Paired,Homeobox),condensed/GM12878-PAX5-ChIP-Seq(GSE32465)/Homer
		167 of 414 (1e-5) STAT1(Stat)/HelaS3-STAT1-ChIP-Seq(GSE12782)/Homer
		168 of 414 (1e-5) RORa(NR)/Liver-Rora-ChIP-Seq(GSE101115)/Homer
		169 of 414 (1e-5) bHLHE40(bHLH)/HepG2-BHLHE40-ChIP-Seq(GSE31477)/Homer
		170 of 414 (1e-4) Nr5a2(NR)/Pancreas-LRH1-ChIP-Seq(GSE34295)/Homer
		171 of 414 (1e-4) NFAT:AP1(RHD,bZIP)/Jurkat-NFATC1-ChIP-Seq(Jolma_et_al.)/Homer
		172 of 414 (1e-4) MafF(bZIP)/HepG2-MafF-ChIP-Seq(GSE31477)/Homer
		173 of 414 (1e-4) Rfx5(HTH)/GM12878-Rfx5-ChIP-Seq(GSE31477)/Homer
		174 of 414 (1e-4) TCFL2(HMG)/K562-TCF7L2-ChIP-Seq(GSE29196)/Homer
		175 of 414 (1e-4) E2F7(E2F)/Hela-E2F7-ChIP-Seq(GSE32673)/Homer
		176 of 414 (1e-4) BORIS(Zf)/K562-CTCFL-ChIP-Seq(GSE32465)/Homer
		177 of 414 (1e-4) Oct4(POU,Homeobox)/mES-Oct4-ChIP-Seq(GSE11431)/Homer
		178 of 414 (1e-4) Oct2(POU,Homeobox)/Bcell-Oct2-ChIP-Seq(GSE21512)/Homer
		179 of 414 (1e-4) Gata4(Zf)/Heart-Gata4-ChIP-Seq(GSE35151)/Homer
		180 of 414 (1e-4) RORg(NR)/Liver-Rorc-ChIP-Seq(GSE101115)/Homer
		181 of 414 (1e-4) E-box(bHLH)/Promoter/Homer
		182 of 414 (1e-4) Eomes(T-box)/H9-Eomes-ChIP-Seq(GSE26097)/Homer
		183 of 414 (1e-3) STAT6(Stat)/CD4-Stat6-ChIP-Seq(GSE22104)/Homer
		184 of 414 (1e-3) Srebp2(bHLH)/HepG2-Srebp2-ChIP-Seq(GSE31477)/Homer
		185 of 414 (1e-3) KLF10(Zf)/HEK293-KLF10.GFP-ChIP-Seq(GSE58341)/Homer
		186 of 414 (1e-3) E2F1(E2F)/Hela-E2F1-ChIP-Seq(GSE22478)/Homer
		187 of 414 (1e-3) Chop(bZIP)/MEF-Chop-ChIP-Seq(GSE35681)/Homer
		188 of 414 (1e-3) ERE(NR),IR3/MCF7-ERa-ChIP-Seq(Unpublished)/Homer
		189 of 414 (1e-3) GATA(Zf),IR4/iTreg-Gata3-ChIP-Seq(GSE20898)/Homer
		190 of 414 (1e-3) SpiB(ETS)/OCILY3-SPIB-ChIP-Seq(GSE56857)/Homer
		191 of 414 (1e-3) LEF1(HMG)/H1-LEF1-ChIP-Seq(GSE64758)/Homer
		192 of 414 (1e-3) GFY-Staf(?,Zf)/Promoter/Homer
		193 of 414 (1e-3) GFY(?)/Promoter/Homer
		194 of 414 (1e-3) DMRT6(DM)/Testis-DMRT6-ChIP-Seq(GSE60440)/Homer
		195 of 414 (1e-3) Stat3+il21(Stat)/CD4-Stat3-ChIP-Seq(GSE19198)/Homer
		196 of 414 (1e-3) RUNX1(Runt)/Jurkat-RUNX1-ChIP-Seq(GSE29180)/Homer
		197 of 414 (1e-3) GATA:SCL(Zf,bHLH)/Ter119-SCL-ChIP-Seq(GSE18720)/Homer
		198 of 414 (1e-3) PU.1:IRF8(ETS:IRF)/pDC-Irf8-ChIP-Seq(GSE66899)/Homer
		199 of 414 (1e-3) Tbx20(T-box)/Heart-Tbx20-ChIP-Seq(GSE29636)/Homer
		200 of 414 (1e-2) ZNF652/HepG2-ZNF652.Flag-ChIP-Seq(Encode)/Homer
		201 of 414 (1e-2) HOXA2(Homeobox)/mES-Hoxa2-ChIP-Seq(Donaldson_et_al.)/Homer
		202 of 414 (1e-2) RAR:RXR(NR),DR5/ES-RAR-ChIP-Seq(GSE56893)/Homer
		203 of 414 (1e-2) OCT4-SOX2-TCF-NANOG(POU,Homeobox,HMG)/mES-Oct4-ChIP-Seq(GSE11431)/Homer
		204 of 414 (1e-2) Oct6(POU,Homeobox)/NPC-Pou3f1-ChIP-Seq(GSE35496)/Homer
		205 of 414 (1e-2) ZSCAN22(Zf)/HEK293-ZSCAN22.GFP-ChIP-Seq(GSE58341)/Homer
		206 of 414 (1e-2) Mef2c(MADS)/GM12878-Mef2c-ChIP-Seq(GSE32465)/Homer
		207 of 414 (1e-2) HRE(HSF)/Striatum-HSF1-ChIP-Seq(GSE38000)/Homer
		208 of 414 (1e-2) Rfx1(HTH)/NPC-H3K4me1-ChIP-Seq(GSE16256)/Homer
		209 of 414 (1e-2) IRF2(IRF)/Erythroblas-IRF2-ChIP-Seq(GSE36985)/Homer
		210 of 414 (1e-2) HRE(HSF)/HepG2-HSF1-ChIP-Seq(GSE31477)/Homer
		211 of 414 (1e-2) FOXA1(Forkhead)/MCF7-FOXA1-ChIP-Seq(GSE26831)/Homer
		212 of 414 (1e-2) FOXA1(Forkhead)/LNCAP-FOXA1-ChIP-Seq(GSE27824)/Homer
		213 of 414 (1e-2) TFE3(bHLH)/MEF-TFE3-ChIP-Seq(GSE75757)/Homer
		214 of 414 (1e-2) Six4(Homeobox)/MCF7-SIX4-ChIP-Seq(Encode)/Homer
	----------------------------------------------------------
	De novo motif finding (HOMER)

	Scanning input files...
	Parsing sequences...
	|0%                                   50%                                  100%|
	================================================================================
	Total number of Oligos: 32896
	Autoadjustment for sequence coverage in background: 1.34x

	Oligos: 32896 of 34497 max
	Tree  : 67212 of 172485 max
	Optimizing memory usage...
	Cache length = 11180
	Using binomial scoring

	Global Optimization Phase: Looking for enriched oligos with up to 2 mismatches...

	Screening oligos 32896 (allowing 0 mismatches):
	|0%                                   50%                                  100%|
	================================================================================
		0.00% skipped, 100.00% checked (32896 of 32896), of those checked:
		0.00% not in target, 0.00% increased p-value, 0.00% high p-value

	Screening oligos 32896 (allowing 1 mismatches):
	|0%                                   50%                                  100%|
	================================================================================
		0.00% skipped, 100.00% checked (32896 of 32896), of those checked:
		0.00% not in target, 46.88% increased p-value, 41.87% high p-value

	Screening oligos 32896 (allowing 2 mismatches):
	|0%                                   50%                                  100%|
	================================================================================
		57.95% skipped, 42.05% checked (13834 of 32896), of those checked:
		0.00% not in target, 30.77% increased p-value, 0.00% high p-value
	Reading input files...
	50001 total sequences read
	Cache length = 11180
	Using binomial scoring

	Local Optimization Phase:
	1 of 25 Initial Sequence: TGACTCAT... (-1025.289)
		Round 1: -2302.21 TGACTCAT T:6050.2(27.48%),B:4298.7(9.96%),P:1e-999
		Round 2: -2302.21 TGACTCAT T:6050.2(27.48%),B:4298.7(9.96%),P:1e-999
		=Final=: -1402.24 TGACTCAT T:3615.0(19.20%),B:2242.0(7.32%),P:1e-608
		Performing exhaustive masking of motif...
		Reprioritizing potential motifs...
	2 of 25 Initial Sequence: GCCATAAA... (-514.687)
		Round 1: -1388.82 GYCATAAA T:4151.7(19.79%),B:3300.8(7.74%),P:1e-603
		Round 2: -1388.82 GYCATAAA T:4151.7(19.79%),B:3300.8(7.74%),P:1e-603
		=Final=: -1654.73 GYCATAAA T:4570.0(24.27%),B:3002.0(9.81%),P:1e-718
		Performing exhaustive masking of motif...
		Reprioritizing potential motifs...
	3 of 25 Initial Sequence: CGGAATGT... (-397.898)
		Round 1: -938.71 AGGAATGT T:6542.2(29.35%),B:7461.7(16.65%),P:1e-407
		Round 2: -944.38 WGGAATGT T:6354.6(28.64%),B:7170.3(16.05%),P:1e-410
		Round 3: -944.38 WGGAATGT T:6354.6(28.64%),B:7170.3(16.05%),P:1e-410
		=Final=: -691.85 WGGAATGT T:5913.0(31.40%),B:6109.4(19.96%),P:1e-300
		Performing exhaustive masking of motif...
		Reprioritizing potential motifs...
	4 of 25 Initial Sequence: TTTACAAC... (-220.613)
		Round 1: -344.35 TTTACAMC T:2174.9(10.90%),B:2502.2(5.92%),P:1e-149
		Round 2: -376.45 TTTAYWGC T:2034.0(10.24%),B:2213.4(5.26%),P:1e-163
		Round 3: -376.45 TTTAYWGC T:2034.0(10.24%),B:2213.4(5.26%),P:1e-163
		=Final=: -447.84 TTTAYWGC T:2454.0(13.03%),B:2114.7(6.91%),P:1e-194
		Performing exhaustive masking of motif...
		Reprioritizing potential motifs...
	5 of 25 Initial Sequence: AACTTCCT... (-190.366)
		Round 1: -379.37 AACTTCCT T:4338.4(20.58%),B:5866.5(13.34%),P:1e-164
		Round 2: -379.37 AACTTCCT T:4338.4(20.58%),B:5866.5(13.34%),P:1e-164
		=Final=: -300.02 AACTTCCT T:2853.0(15.15%),B:2922.8(9.55%),P:1e-130
		Performing exhaustive masking of motif...
		Reprioritizing potential motifs...
	6 of 25 Initial Sequence: CCTTAGGC... (-163.296)
		Round 1: -404.17 CCTTAGGC T:10904.6(43.96%),B:17029.1(34.00%),P:1e-175
		Round 2: -404.17 CCTTAGGC T:10904.6(43.96%),B:17029.1(34.00%),P:1e-175
		=Final=: -297.41 CCTTAGGC T:3744.0(19.88%),B:4132.6(13.50%),P:1e-129
		Performing exhaustive masking of motif...
		Reprioritizing potential motifs...
	7 of 25 Initial Sequence: ACATTCAG... (-161.480)
		Round 1: -192.26 ACATTCWG T:1990.4(10.03%),B:2672.1(6.31%),P:1e-83
		Round 2: -192.26 ACATTCWG T:1990.4(10.03%),B:2672.1(6.31%),P:1e-83
		=Final=: -259.47 ACATTCWG T:879.0(4.67%),B:605.6(1.98%),P:1e-112
		Performing exhaustive masking of motif...
		Reprioritizing potential motifs...
	8 of 25 Initial Sequence: GGTGTGAA... (-158.622)
		Round 1: -202.91 GGTGTGAA T:1485.9(7.58%),B:1811.0(4.32%),P:1e-88
		Round 2: -202.91 GGTGTGAA T:1485.9(7.58%),B:1811.0(4.32%),P:1e-88
		=Final=: -253.18 GGTGTGAA T:720.0(3.82%),B:451.6(1.48%),P:1e-109
		Performing exhaustive masking of motif...
		Reprioritizing potential motifs...
	9 of 25 Initial Sequence: ACGCTTTG... (-156.335)
		Round 1: -156.33 ACGCTTTG T:234.9(1.24%),B:124.0(0.30%),P:1e-67
		Round 2: -156.33 ACGCTTTG T:234.9(1.24%),B:124.0(0.30%),P:1e-67
		=Final=: -215.54 ACGCTTTG T:314.0(1.67%),B:122.6(0.40%),P:1e-93
		Performing exhaustive masking of motif...
		Reprioritizing potential motifs...
	10 of 25 Initial Sequence: TAATTACG... (-153.050)
		Round 1: -250.24 TAATTACG T:3643.2(17.59%),B:5247.6(12.02%),P:1e-108
		Round 2: -273.35 TAATTACG T:3059.4(15.00%),B:4154.6(9.64%),P:1e-118
		Round 3: -273.35 TAATTACG T:3059.4(15.00%),B:4154.6(9.64%),P:1e-118
		=Final=: -228.01 TAATTACG T:2959.0(15.72%),B:3263.8(10.66%),P:1e-99
		Performing exhaustive masking of motif...
		Reprioritizing potential motifs...
	11 of 25 Initial Sequence: CATTATTC... (-153.187)
		Round 1: -153.19 CATTATTC T:393.0(2.07%),B:306.9(0.74%),P:1e-66
		Round 2: -153.19 CATTATTC T:393.0(2.07%),B:306.9(0.74%),P:1e-66
		=Final=: -308.28 CATTATTC T:610.0(3.24%),B:303.5(0.99%),P:1e-133
		Performing exhaustive masking of motif...
		Reprioritizing potential motifs...
	12 of 25 Initial Sequence: GCTTCTAA... (-139.892)
		Round 1: -139.89 GCTTCTAA T:550.6(2.88%),B:536.5(1.30%),P:1e-60
		Round 2: -139.89 GCTTCTAA T:550.6(2.88%),B:536.5(1.30%),P:1e-60
		=Final=: -222.48 GCTTCTAA T:765.0(4.06%),B:530.5(1.73%),P:1e-96
		Performing exhaustive masking of motif...
		Reprioritizing potential motifs...
	13 of 25 Initial Sequence: AAGAATGT... (-137.314)
		Round 1: -164.96 AAGAATGT T:1971.2(9.94%),B:2745.3(6.48%),P:1e-71
		Round 2: -164.96 AAGAATGT T:1971.2(9.94%),B:2745.3(6.48%),P:1e-71
		=Final=: -219.68 AAGAATGT T:962.0(5.11%),B:746.5(2.44%),P:1e-95
		Performing exhaustive masking of motif...
		Reprioritizing potential motifs...
	14 of 25 Initial Sequence: TTGTACCT... (-135.745)
		Round 1: -175.13 TTGTAACT T:1364.1(6.99%),B:1698.8(4.06%),P:1e-76
		Round 2: -175.13 TTGTAACT T:1364.1(6.99%),B:1698.8(4.06%),P:1e-76
		=Final=: -156.26 TTGTAACT T:1597.0(8.48%),B:1647.7(5.38%),P:1e-67
		Performing exhaustive masking of motif...
		Reprioritizing potential motifs...
	15 of 25 Initial Sequence: CGTTCCAC... (-128.951)
		Round 1: -139.59 CGTTCCAC T:329.8(1.73%),B:244.5(0.59%),P:1e-60
		Round 2: -139.59 CGTTCCAC T:329.8(1.73%),B:244.5(0.59%),P:1e-60
		=Final=: -176.29 CGTTCCAC T:427.0(2.27%),B:243.6(0.80%),P:1e-76
		Performing exhaustive masking of motif...
		Reprioritizing potential motifs...
	16 of 25 Initial Sequence: TTTGTCAC... (-125.884)
		Round 1: -214.84 TTTGTCAC T:3981.3(19.06%),B:6019.3(13.66%),P:1e-93
		Round 2: -214.84 TTTGTCAC T:3981.3(19.06%),B:6019.3(13.66%),P:1e-93
		=Final=: -244.09 TTTGTCAC T:2038.0(10.82%),B:1999.0(6.53%),P:1e-106
		Performing exhaustive masking of motif...
		Reprioritizing potential motifs...
	17 of 25 Initial Sequence: CGATTTGA... (-118.144)
		Round 1: -118.14 CGATTTGA T:176.3(0.93%),B:94.8(0.23%),P:1e-51
		Round 2: -118.14 CGATTTGA T:176.3(0.93%),B:94.8(0.23%),P:1e-51
		=Final=: -190.22 CGATTTGA T:258.0(1.37%),B:94.8(0.31%),P:1e-82
		Performing exhaustive masking of motif...
		Reprioritizing potential motifs...
	18 of 25 Initial Sequence: TGACAGAC... (-115.617)
		Round 1: -140.36 TGACAGAC T:1420.7(7.26%),B:1905.8(4.54%),P:1e-60
		Round 2: -140.36 TGACAGAC T:1420.7(7.26%),B:1905.8(4.54%),P:1e-60
		=Final=: -180.65 TGACAGAC T:1789.0(9.50%),B:1833.6(5.99%),P:1e-78
		Performing exhaustive masking of motif...
		Reprioritizing potential motifs...
	19 of 25 Initial Sequence: TGAATAGG... (-107.782)
		Round 1: -107.78 TGAATAGG T:334.5(1.76%),B:292.9(0.71%),P:1e-46
		Round 2: -107.78 TGAATAGG T:334.5(1.76%),B:292.9(0.71%),P:1e-46
		=Final=: -193.01 TGAATAGG T:490.0(2.60%),B:287.8(0.94%),P:1e-83
		Performing exhaustive masking of motif...
		Reprioritizing potential motifs...
	20 of 25 Initial Sequence: ATAAGTGC... (-106.170)
		Round 1: -106.17 ATAAGTGC T:299.5(1.58%),B:247.3(0.60%),P:1e-46
		Round 2: -106.17 ATAAGTGC T:299.5(1.58%),B:247.3(0.60%),P:1e-46
		=Final=: -184.71 ATAAGTGC T:437.0(2.32%),B:245.0(0.80%),P:1e-80
		Performing exhaustive masking of motif...
		Reprioritizing potential motifs...
	21 of 25 Initial Sequence: GTTAGCTA... (-104.820)
		Round 1: -191.54 BTTAGCTA T:1932.1(9.75%),B:2578.4(6.10%),P:1e-83
		Round 2: -191.54 BTTAGCTA T:1932.1(9.75%),B:2578.4(6.10%),P:1e-83
		=Final=: -213.03 BTTAGCTA T:1041.0(5.53%),B:845.2(2.76%),P:1e-92
		Performing exhaustive masking of motif...
		Reprioritizing potential motifs...
	22 of 25 Initial Sequence: AGCCCTTG... (-104.466)
		Round 1: -125.41 AGCCCTTG T:1817.2(9.20%),B:2650.8(6.26%),P:1e-54
		Round 2: -152.49 AGTCCTTG T:3006.8(14.76%),B:4626.7(10.67%),P:1e-66
		Round 3: -152.49 AGTCCTTG T:3006.8(14.76%),B:4626.7(10.67%),P:1e-66
		=Final=: -125.76 AGTCCTTG T:1473.0(7.82%),B:1569.7(5.13%),P:1e-54
		Performing exhaustive masking of motif...
		Reprioritizing potential motifs...
	23 of 25 Initial Sequence: ATTACACT... (-104.225)
		Round 1: -179.03 ATTAGACT T:1308.5(6.71%),B:1597.5(3.82%),P:1e-77
		Round 2: -179.03 ATTAGACT T:1308.5(6.71%),B:1597.5(3.82%),P:1e-77
		=Final=: -156.77 ATTAGACT T:1235.0(6.56%),B:1183.8(3.87%),P:1e-68
		Performing exhaustive masking of motif...
		Reprioritizing potential motifs...
	24 of 25 Initial Sequence: CATCCGGT... (-103.642)
		Round 1: -103.87 GTTCCGGT T:730.4(3.80%),B:889.2(2.15%),P:1e-45
		Round 2: -132.55 GTTCCGGT T:1508.4(7.70%),B:2085.4(4.96%),P:1e-57
		Round 3: -132.55 GTTCCGGT T:1508.4(7.70%),B:2085.4(4.96%),P:1e-57
		=Final=: -158.98 GTTCCGGT T:1845.0(9.80%),B:1966.8(6.42%),P:1e-69
		Performing exhaustive masking of motif...
		Reprioritizing potential motifs...
	25 of 25 Initial Sequence: ACAATGGT... (-102.880)
		Round 1: -223.31 ACAATAGH T:1530.2(7.80%),B:1825.5(4.36%),P:1e-96
		Round 2: -223.31 ACAATAGH T:1530.2(7.80%),B:1825.5(4.36%),P:1e-96
		=Final=: -249.01 ACAATAGH T:1840.0(9.77%),B:1738.7(5.68%),P:1e-108
		Performing exhaustive masking of motif...
		Reprioritizing potential motifs...

	Finalizing Enrichment Statistics (new in v3.4)
	Reading input files...
	50001 total sequences read
	Cache length = 11180
	Using binomial scoring
	Checking enrichment of 25 motif(s)
	|0%                                    50%                                  100%|
	=================================================================================
	Output in file: TSC_Cdx2_5k_rep1_peakAnalysis/homerMotifs.motifs8

	(Motifs in homer2 format)
	Determining similar motifs... 25 reduced to 18 motifs
	Outputing HTML and sequence logos for motif comparison...
	Checking de novo motifs against known motifs...
	Formatting HTML page...
		1 of 18 (1e-730) similar to CDX4(Homeobox)/ZebrafishEmbryos-Cdx4.Myc-ChIP-Seq(GSE48254)/Homer(0.972)
		2 of 18 (1e-608) similar to AP-1(bZIP)/ThioMac-PU.1-ChIP-Seq(GSE21512)/Homer(0.979)
		3 of 18 (1e-307) similar to TEAD4/MA0809.1/Jaspar(0.962)
		4 of 18 (1e-133) similar to TFAP2C(var.2)/MA0814.1/Jaspar(0.886)
		5 of 18 (1e-129) similar to MF0010.1_Homeobox_class/Jaspar(0.746)
		6 of 18 (1e-114) similar to PB0013.1_Eomes_1/Jaspar(0.923)
		7 of 18 (1e-108) similar to SOX15/MA1152.1/Jaspar(0.929)
		8 of 18 (1e-105) similar to MEOX1/MA0661.1/Jaspar(0.932)
		9 of 18 (1e-97) similar to POL008.1_DCE_S_I/Jaspar(0.735)
		10 of 18 (1e-92) similar to HMBOX1/MA0895.1/Jaspar(0.736)
		11 of 18 (1e-91) similar to SOX10/MA0442.2/Jaspar(0.706)
		12 of 18 (1e-83) similar to Tbox:Smad(T-box,MAD)/ESCd5-Smad2_3-ChIP-Seq(GSE29422)/Homer(0.860)
		13 of 18 (1e-83) similar to ISL2/MA0914.1/Jaspar(0.841)
		14 of 18 (1e-82) similar to PB0170.1_Sox17_2/Jaspar(0.716)
		15 of 18 (1e-75) similar to MF0001.1_ETS_class/Jaspar(0.885)
		16 of 18 (1e-70) similar to Smad3(MAD)/NPC-Smad3-ChIP-Seq(GSE36673)/Homer(0.678)
		17 of 18 (1e-66) similar to HMBOX1/MA0895.1/Jaspar(0.692)
		18 of 18 (1e-56) similar to Nr5a2(NR)/mES-Nr5a2-ChIP-Seq(GSE19019)/Homer(0.743)
	Job finished - if results look good, please send beer to ..

	Cleaning up tmp files...

