8Cell_Ctrl_H3K4me3_rep1.R1_cut.fq
8Cell_Ctrl_H3K4me3_rep1.R2_cut.fq
8Cell_Ctrl_H3K4me3_rep2.R1_cut.fq
8Cell_Ctrl_H3K4me3_rep2.R2_cut.fq
8Cell_Ctrl_input.R1_cut.fq
8Cell_Ctrl_input.R2_cut.fq
8Cell_siTfap2c_H3K4me3_rep1.R1_cut.fq
8Cell_siTfap2c_H3K4me3_rep1.R2_cut.fq
8Cell_siTfap2c_H3K4me3_rep2.R1_cut.fq
8Cell_siTfap2c_H3K4me3_rep2.R2_cut.fq
8Cell_siTfap2c_input.R1_cut.fq
8Cell_siTfap2c_input.R2_cut.fq
All Done!
8Cell_Ctrl_H3K4me3_rep1.R1_cut.fq
8Cell_Ctrl_H3K4me3_rep1.R2_cut.fq
8Cell_Ctrl_H3K4me3_rep2.R1_cut.fq
8Cell_Ctrl_H3K4me3_rep2.R2_cut.fq
8Cell_Ctrl_input.R1_cut.fq
8Cell_Ctrl_input.R2_cut.fq
8Cell_siTfap2c_H3K4me3_rep1.R1_cut.fq
8Cell_siTfap2c_H3K4me3_rep1.R2_cut.fq
8Cell_siTfap2c_H3K4me3_rep2.R1_cut.fq
8Cell_siTfap2c_H3K4me3_rep2.R2_cut.fq
8Cell_siTfap2c_input.R1_cut.fq
8Cell_siTfap2c_input.R2_cut.fq
All Done!
