
	Position file = TSC_Tfap2c_1k_rep2_peaks.narrowPeak
	Genome = mm10
	Output Directory = /home1/gyang/work_space/4.ProjectET/batch7_cr/7.Peak_anno/TSC_Tfap2c_1k_rep2_peakAnalysis
	Using actual sizes of regions (-size given)
	Fragment size set to given
	Using 10 CPUs
	Motif length set at 8,
	Found mset for "mouse", will check against vertebrates motifs
	Peak/BED file conversion summary:
		BED/Header formatted lines: 38042
		peakfile formatted lines: 0

	Peak File Statistics:
		Total Peaks: 38042
		Redundant Peak IDs: 0
		Peaks lacking information: 0 (need at least 5 columns per peak)
		Peaks with misformatted coordinates: 0 (should be integer)
		Peaks with misformatted strand: 0 (should be either +/- or 0/1)

	Peak file looks good!

	Background fragment size set to 743 (avg size of targets)
	Could not find background files for 743 bp fragments
	Below are the sizes that are already available prepared.
		200
		342
		354
		400
		419
		420
		424
		444
		454
		457
		461
		463
		468
		475
		502
		534
		536
		539
		562
		566
		567
		570
		589
		590
		603
		624
		644
		648
		671
		674
		703
		724
		998
		999
		1078
		1142
		1222
		1249
		1259
		1262
		1288
		1376
		1455
		1619
		1925
		1959
		2017
		2116
		2151
		2488
		2499
		7879
		7974
	HOMER will now create background files for 743 bp fragments
	To CANCEL and rerun with a differet "-size <#>", hit <CTRL+C> now!
		5
		4
		3
		2
		1
	Preparsing genome for 743 bp fragments...(will probably take 1-5 min)
	preparse size set to 743

	By default, using /usr/local/software/homer/.//data/genomes/mm10//mm10.tss for reference positions
	Output files will be placed in /usr/local/software/homer/.//data/genomes/mm10//preparsed//mm10.743.* ...
	By default, HOMER will set the the preparsed Directory to be group read/write
chmod: changing permissions of ‘/usr/local/software/homer/.//data/genomes/mm10//preparsed/’: Operation not permitted
	Extracting sequences

	Extracting sequences from directory: /usr/local/software/homer/.//data/genomes/mm10//
	Extracting 78156 sequences from chr1
	Extracting 93057 sequences from chr2
	Extracting 63914 sequences from chr3
	Extracting 71026 sequences from chr4
	Extracting 72986 sequences from chr5
	Extracting 69721 sequences from chr6
	Extracting 86408 sequences from chr7
	Extracting 53597 sequences from chr8
	Extracting 65142 sequences from chr9
	Extracting 59447 sequences from chr10
	Extracting 69928 sequences from chr11
	Extracting 44514 sequences from chr12
	Extracting 51733 sequences from chr13
	Extracting 47962 sequences from chr14
	Extracting 43923 sequences from chr15
	Extracting 41480 sequences from chr16
	Extracting 49390 sequences from chr17
	Extracting 35922 sequences from chr18
	Extracting 33977 sequences from chr19
	Extracting 67467 sequences from chrX
	Extracting 9742 sequences from chrY
	Extracting 98 sequences from chr1_GL456211_random
	Extracting 170 sequences from chr1_GL456221_random
	Extracting 68 sequences from chr4_GL456216_random
	Extracting 260 sequences from chr4_GL456350_random
	Extracting 53 sequences from chr4_JH584292_random
	Extracting 175 sequences from chr4_JH584293_random
	Extracting 173 sequences from chr4_JH584294_random
	Extracting 203 sequences from chr5_GL456354_random
	Extracting 98 sequences from chr5_JH584296_random
	Extracting 101 sequences from chr5_JH584297_random
	Extracting 182 sequences from chr5_JH584298_random
	Extracting 426 sequences from chr5_JH584299_random
	Extracting 141 sequences from chr7_GL456219_random
	Extracting 96 sequences from chrUn_JH584304
	Extracting 311 sequences from chrX_GL456233_random
		3340 of 1211899 removed because they had >70.00% Ns (i.e. masked repeats)

	Sequences processed:
		Auto detected maximum sequence length of 743 bp
		100000
		200000
		300000
		400000
		500000
		600000
		700000
		800000
		900000
		1000000
		1100000
		1200000
		1208559 total

	Frequency Bins: 0.01 0.02 0.03 0.04 0.05 0.06 0.08 0.1 0.12 0.14 0.16
	Freq	Bin	Count
	0.01	0	768498
	0.02	1	329409
	0.03	2	70034
	0.04	3	13809
	0.05	4	7148
	0.06	5	4354
	0.08	6	6946
	0.1	7	4428
	0.12	8	2311
	0.14	9	1088
	0.16	10	415
	11	11	119
	Frequency Bins: 0.2 0.25 0.3 0.35 0.4 0.45 0.5 0.6 0.7 0.8
	Freq	Bin	Count
	0.2	0	20
	0.25	1	422
	0.3	2	10390
	0.35	3	82806
	0.4	4	261189
	0.45	5	383519
	0.5	6	295966
	0.6	7	156845
	0.7	8	14467
	0.8	9	2860
	10	10	75


	Extracting sequences from directory: /usr/local/software/homer/.//data/genomes/mm10//
	Extracting 2223 sequences from chr1
	Extracting 2835 sequences from chr2
	Extracting 1615 sequences from chr3
	Extracting 2621 sequences from chr4
	Extracting 2423 sequences from chr5
	Extracting 1817 sequences from chr6
	Extracting 2541 sequences from chr7
	Extracting 2014 sequences from chr8
	Extracting 2068 sequences from chr9
	Extracting 2348 sequences from chr10
	Extracting 3840 sequences from chr11
	Extracting 1459 sequences from chr12
	Extracting 1592 sequences from chr13
	Extracting 1232 sequences from chr14
	Extracting 1589 sequences from chr15
	Extracting 1204 sequences from chr16
	Extracting 1679 sequences from chr17
	Extracting 1100 sequences from chr18
	Extracting 1172 sequences from chr19
	Extracting 666 sequences from chrX
	Extracting 1 sequences from chrY
	Extracting 3 sequences from chrM

	Not removing redundant sequences


	Sequences processed:
		Auto detected maximum sequence length of 1135 bp
		38042 total

	Frequency Bins: 0.2 0.25 0.3 0.35 0.4 0.45 0.5 0.6 0.7 0.8
	Freq	Bin	Count
	0.25	1	3
	0.3	2	43
	0.35	3	255
	0.4	4	1206
	0.45	5	4955
	0.5	6	8989
	0.6	7	14292
	0.7	8	7106
	0.8	9	1176
	10	10	17

	Total sequences set to 76084

	Choosing background that matches in CpG/GC content...
	Bin	# Targets	# Background	Background Weight
	1	3	3	1.000
	2	43	43	1.000
	3	255	255	1.000
	4	1206	1206	1.000
	5	4955	4955	1.000
	6	8989	8989	1.000
	7	14292	14292	1.000
	8	7106	7106	1.000
	9	1176	1176	1.000
	10	17	17	1.000
	Assembling sequence file...
	Normalizing lower order oligos using homer2

	Reading input files...
	76084 total sequences read
	Autonormalization: 1-mers (4 total)
		A	23.47%	23.84%	0.984
		C	26.53%	26.16%	1.014
		G	26.53%	26.16%	1.014
		T	23.47%	23.84%	0.984
	Autonormalization: 2-mers (16 total)
		AA	6.41%	6.12%	1.047
		CA	7.11%	7.46%	0.952
		GA	6.20%	6.32%	0.981
		TA	3.73%	3.92%	0.950
		AC	5.13%	5.22%	0.983
		CC	8.18%	8.02%	1.019
		GC	7.06%	6.61%	1.067
		TC	6.20%	6.32%	0.981
		AG	7.76%	7.93%	0.979
		CG	3.48%	2.76%	1.260
		GG	8.18%	8.02%	1.019
		TG	7.11%	7.46%	0.952
		AT	4.18%	4.56%	0.916
		CT	7.76%	7.93%	0.979
		GT	5.13%	5.22%	0.983
		TT	6.41%	6.12%	1.047
	Autonormalization: 3-mers (64 total)
	Normalization weights can be found in file: /home1/gyang/work_space/4.ProjectET/batch7_cr/7.Peak_anno/TSC_Tfap2c_1k_rep2_peakAnalysis/seq.autonorm.tsv
	Converging on autonormalization solution:
	...............................................................................
	Final normalization:	Autonormalization: 1-mers (4 total)
		A	23.47%	23.44%	1.001
		C	26.53%	26.56%	0.999
		G	26.53%	26.56%	0.999
		T	23.47%	23.44%	1.001
	Autonormalization: 2-mers (16 total)
		AA	6.41%	6.27%	1.022
		CA	7.11%	7.15%	0.994
		GA	6.20%	6.23%	0.995
		TA	3.73%	3.80%	0.982
		AC	5.13%	5.11%	1.005
		CC	8.18%	8.20%	0.997
		GC	7.06%	7.03%	1.004
		TC	6.20%	6.23%	0.995
		AG	7.76%	7.75%	1.002
		CG	3.48%	3.46%	1.005
		GG	8.18%	8.20%	0.997
		TG	7.11%	7.15%	0.994
		AT	4.18%	4.32%	0.967
		CT	7.76%	7.75%	1.002
		GT	5.13%	5.11%	1.005
		TT	6.41%	6.27%	1.022
	Autonormalization: 3-mers (64 total)
	Finished preparing sequence/group files

	----------------------------------------------------------
	Known motif enrichment

	Reading input files...
	76084 total sequences read
	414 motifs loaded
	Cache length = 11180
	Using binomial scoring
	Checking enrichment of 414 motif(s)
	|0%                                    50%                                  100%|
	=================================================================================
	Preparing HTML output with sequence logos...
		1 of 414 (1e-748) CTCF(Zf)/CD4+-CTCF-ChIP-Seq(Barski_et_al.)/Homer
		2 of 414 (1e-663) AP-2alpha(AP2)/Hela-AP2alpha-ChIP-Seq(GSE31477)/Homer
		3 of 414 (1e-562) Jun-AP1(bZIP)/K562-cJun-ChIP-Seq(GSE31477)/Homer
		4 of 414 (1e-559) AP-2gamma(AP2)/MCF7-TFAP2C-ChIP-Seq(GSE21234)/Homer
		5 of 414 (1e-552) Fosl2(bZIP)/3T3L1-Fosl2-ChIP-Seq(GSE56872)/Homer
		6 of 414 (1e-529) BORIS(Zf)/K562-CTCFL-ChIP-Seq(GSE32465)/Homer
		7 of 414 (1e-495) Fra2(bZIP)/Striatum-Fra2-ChIP-Seq(GSE43429)/Homer
		8 of 414 (1e-432) Fra1(bZIP)/BT549-Fra1-ChIP-Seq(GSE46166)/Homer
		9 of 414 (1e-421) JunB(bZIP)/DendriticCells-Junb-ChIP-Seq(GSE36099)/Homer
		10 of 414 (1e-386) Atf3(bZIP)/GBM-ATF3-ChIP-Seq(GSE33912)/Homer
		11 of 414 (1e-331) AP-1(bZIP)/ThioMac-PU.1-ChIP-Seq(GSE21512)/Homer
		12 of 414 (1e-323) BATF(bZIP)/Th17-BATF-ChIP-Seq(GSE39756)/Homer
		13 of 414 (1e-268) Bach2(bZIP)/OCILy7-Bach2-ChIP-Seq(GSE44420)/Homer
		14 of 414 (1e-257) Sp1(Zf)/Promoter/Homer
		15 of 414 (1e-201) KLF3(Zf)/MEF-Klf3-ChIP-Seq(GSE44748)/Homer
		16 of 414 (1e-168) TEAD1(TEAD)/HepG2-TEAD1-ChIP-Seq(Encode)/Homer
		17 of 414 (1e-166) TEAD(TEA)/Fibroblast-PU.1-ChIP-Seq(Unpublished)/Homer
		18 of 414 (1e-166) TEAD2(TEA)/Py2T-Tead2-ChIP-Seq(GSE55709)/Homer
		19 of 414 (1e-158) TEAD4(TEA)/Tropoblast-Tead4-ChIP-Seq(GSE37350)/Homer
		20 of 414 (1e-150) Klf4(Zf)/mES-Klf4-ChIP-Seq(GSE11431)/Homer
		21 of 414 (1e-138) Bach1(bZIP)/K562-Bach1-ChIP-Seq(GSE31477)/Homer
		22 of 414 (1e-133) ELF1(ETS)/Jurkat-ELF1-ChIP-Seq(SRA014231)/Homer
		23 of 414 (1e-131) NF-E2(bZIP)/K562-NFE2-ChIP-Seq(GSE31477)/Homer
		24 of 414 (1e-125) Elk4(ETS)/Hela-Elk4-ChIP-Seq(GSE31477)/Homer
		25 of 414 (1e-125) Elk1(ETS)/Hela-Elk1-ChIP-Seq(GSE31477)/Homer
		26 of 414 (1e-124) Nrf2(bZIP)/Lymphoblast-Nrf2-ChIP-Seq(GSE37589)/Homer
		27 of 414 (1e-112) Klf9(Zf)/GBM-Klf9-ChIP-Seq(GSE62211)/Homer
		28 of 414 (1e-102) TEAD3(TEA)/HepG2-TEAD3-ChIP-Seq(Encode)/Homer
		29 of 414 (1e-100) ETS(ETS)/Promoter/Homer
		30 of 414 (1e-97) E2F4(E2F)/K562-E2F4-ChIP-Seq(GSE31477)/Homer
		31 of 414 (1e-87) Zfp281(Zf)/ES-Zfp281-ChIP-Seq(GSE81042)/Homer
		32 of 414 (1e-78) OCT:OCT(POU,Homeobox,IR1)/NPC-Brn2-ChIP-Seq(GSE35496)/Homer
		33 of 414 (1e-76) Sp5(Zf)/mES-Sp5.Flag-ChIP-Seq(GSE72989)/Homer
		34 of 414 (1e-74) E2F1(E2F)/Hela-E2F1-ChIP-Seq(GSE22478)/Homer
		35 of 414 (1e-73) NFE2L2(bZIP)/HepG2-NFE2L2-ChIP-Seq(Encode)/Homer
		36 of 414 (1e-72) GABPA(ETS)/Jurkat-GABPa-ChIP-Seq(GSE17954)/Homer
		37 of 414 (1e-66) Zic3(Zf)/mES-Zic3-ChIP-Seq(GSE37889)/Homer
		38 of 414 (1e-65) NRF1(NRF)/MCF7-NRF1-ChIP-Seq(Unpublished)/Homer
		39 of 414 (1e-60) KLF6(Zf)/PDAC-KLF6-ChIP-Seq(GSE64557)/Homer
		40 of 414 (1e-54) E2F7(E2F)/Hela-E2F7-ChIP-Seq(GSE32673)/Homer
		41 of 414 (1e-54) ETV4(ETS)/HepG2-ETV4-ChIP-Seq(ENCODE)/Homer
		42 of 414 (1e-54) Fli1(ETS)/CD8-FLI-ChIP-Seq(GSE20898)/Homer
		43 of 414 (1e-53) EKLF(Zf)/Erythrocyte-Klf1-ChIP-Seq(GSE20478)/Homer
		44 of 414 (1e-51) Ronin(THAP)/ES-Thap11-ChIP-Seq(GSE51522)/Homer
		45 of 414 (1e-50) KLF5(Zf)/LoVo-KLF5-ChIP-Seq(GSE49402)/Homer
		46 of 414 (1e-45) Elf4(ETS)/BMDM-Elf4-ChIP-Seq(GSE88699)/Homer
		47 of 414 (1e-45) ETS1(ETS)/Jurkat-ETS1-ChIP-Seq(GSE17954)/Homer
		48 of 414 (1e-45) RFX(HTH)/K562-RFX3-ChIP-Seq(SRA012198)/Homer
		49 of 414 (1e-45) CTCF-SatelliteElement(Zf?)/CD4+-CTCF-ChIP-Seq(Barski_et_al.)/Homer
		50 of 414 (1e-44) E2F6(E2F)/Hela-E2F6-ChIP-Seq(GSE31477)/Homer
		51 of 414 (1e-43) EWS:FLI1-fusion(ETS)/SK_N_MC-EWS:FLI1-ChIP-Seq(SRA014231)/Homer
		52 of 414 (1e-42) JunD(bZIP)/K562-JunD-ChIP-Seq/Homer
		53 of 414 (1e-40) NFkB-p65-Rel(RHD)/ThioMac-LPS-Expression(GSE23622)/Homer
		54 of 414 (1e-39) Rfx2(HTH)/LoVo-RFX2-ChIP-Seq(GSE49402)/Homer
		55 of 414 (1e-37) SPDEF(ETS)/VCaP-SPDEF-ChIP-Seq(SRA014231)/Homer
		56 of 414 (1e-34) ELF5(ETS)/T47D-ELF5-ChIP-Seq(GSE30407)/Homer
		57 of 414 (1e-34) E2F3(E2F)/MEF-E2F3-ChIP-Seq(GSE71376)/Homer
		58 of 414 (1e-34) ELF3(ETS)/PDAC-ELF3-ChIP-Seq(GSE64557)/Homer
		59 of 414 (1e-33) Sp2(Zf)/HEK293-Sp2.eGFP-ChIP-Seq(Encode)/Homer
		60 of 414 (1e-32) Etv2(ETS)/ES-ER71-ChIP-Seq(GSE59402)/Homer(0.967)
		61 of 414 (1e-31) Unknown-ESC-element(?)/mES-Nanog-ChIP-Seq(GSE11724)/Homer
		62 of 414 (1e-29) NRF(NRF)/Promoter/Homer
		63 of 414 (1e-29) HINFP(Zf)/K562-HINFP.eGFP-ChIP-Seq(Encode)/Homer
		64 of 414 (1e-28) CRE(bZIP)/Promoter/Homer
		65 of 414 (1e-27) c-Jun-CRE(bZIP)/K562-cJun-ChIP-Seq(GSE31477)/Homer
		66 of 414 (1e-27) Atf2(bZIP)/3T3L1-Atf2-ChIP-Seq(GSE56872)/Homer
		67 of 414 (1e-26) NFkB-p65(RHD)/GM12787-p65-ChIP-Seq(GSE19485)/Homer
		68 of 414 (1e-25) MafK(bZIP)/C2C12-MafK-ChIP-Seq(GSE36030)/Homer
		69 of 414 (1e-25) E2F(E2F)/Hela-CellCycle-Expression/Homer
		70 of 414 (1e-25) c-Myc(bHLH)/LNCAP-cMyc-ChIP-Seq(Unpublished)/Homer
		71 of 414 (1e-24) EBF1(EBF)/Near-E2A-ChIP-Seq(GSE21512)/Homer
		72 of 414 (1e-23) Egr2(Zf)/Thymocytes-Egr2-ChIP-Seq(GSE34254)/Homer
		73 of 414 (1e-23) GFY(?)/Promoter/Homer
		74 of 414 (1e-23) KLF10(Zf)/HEK293-KLF10.GFP-ChIP-Seq(GSE58341)/Homer
		75 of 414 (1e-22) ETV1(ETS)/GIST48-ETV1-ChIP-Seq(GSE22441)/Homer
		76 of 414 (1e-22) Atf7(bZIP)/3T3L1-Atf7-ChIP-Seq(GSE56872)/Homer
		77 of 414 (1e-21) GFY-Staf(?,Zf)/Promoter/Homer
		78 of 414 (1e-20) Stat3(Stat)/mES-Stat3-ChIP-Seq(GSE11431)/Homer
		79 of 414 (1e-20) HIF2a(bHLH)/785_O-HIF2a-ChIP-Seq(GSE34871)/Homer
		80 of 414 (1e-20) PBX1(Homeobox)/MCF7-PBX1-ChIP-Seq(GSE28007)/Homer
		81 of 414 (1e-19) Zfp809(Zf)/ES-Zfp809-ChIP-Seq(GSE70799)/Homer
		82 of 414 (1e-17) EBF2(EBF)/BrownAdipose-EBF2-ChIP-Seq(GSE97114)/Homer
		83 of 414 (1e-16) PU.1(ETS)/ThioMac-PU.1-ChIP-Seq(GSE21512)/Homer
		84 of 414 (1e-15) ZNF519(Zf)/HEK293-ZNF519.GFP-ChIP-Seq(GSE58341)/Homer
		85 of 414 (1e-15) EBF(EBF)/proBcell-EBF-ChIP-Seq(GSE21978)/Homer
		86 of 414 (1e-15) bHLHE40(bHLH)/HepG2-BHLHE40-ChIP-Seq(GSE31477)/Homer
		87 of 414 (1e-15) X-box(HTH)/NPC-H3K4me1-ChIP-Seq(GSE16256)/Homer
		88 of 414 (1e-13) ERG(ETS)/VCaP-ERG-ChIP-Seq(GSE14097)/Homer
		89 of 414 (1e-13) EHF(ETS)/LoVo-EHF-ChIP-Seq(GSE49402)/Homer
		90 of 414 (1e-12) Ets1-distal(ETS)/CD4+-PolII-ChIP-Seq(Barski_et_al.)/Homer
		91 of 414 (1e-12) NFkB-p50,p52(RHD)/Monocyte-p50-ChIP-Chip(Schreiber_et_al.)/Homer
		92 of 414 (1e-12) E-box(bHLH)/Promoter/Homer
		93 of 414 (1e-12) ZBTB33(Zf)/GM12878-ZBTB33-ChIP-Seq(GSE32465)/Homer
		94 of 414 (1e-11) HIF-1a(bHLH)/MCF7-HIF1a-ChIP-Seq(GSE28352)/Homer
		95 of 414 (1e-11) STAT5(Stat)/mCD4+-Stat5-ChIP-Seq(GSE12346)/Homer
		96 of 414 (1e-11) Tbx6(T-box)/ESC-Tbx6-ChIP-Seq(GSE93524)/Homer
		97 of 414 (1e-10) Tbx21(T-box)/GM12878-TBX21-ChIP-Seq(Encode)/Homer
		98 of 414 (1e-9) STAT1(Stat)/HelaS3-STAT1-ChIP-Seq(GSE12782)/Homer
		99 of 414 (1e-9) EWS:ERG-fusion(ETS)/CADO_ES1-EWS:ERG-ChIP-Seq(SRA014231)/Homer
		100 of 414 (1e-9) Atf1(bZIP)/K562-ATF1-ChIP-Seq(GSE31477)/Homer
		101 of 414 (1e-8) Tcfcp2l1(CP2)/mES-Tcfcp2l1-ChIP-Seq(GSE11431)/Homer
		102 of 414 (1e-8) THRb(NR)/HepG2-THRb.Flag-ChIP-Seq(Encode)/Homer
		103 of 414 (1e-8) PAX5(Paired,Homeobox),condensed/GM12878-PAX5-ChIP-Seq(GSE32465)/Homer
		104 of 414 (1e-7) RAR:RXR(NR),DR5/ES-RAR-ChIP-Seq(GSE56893)/Homer
		105 of 414 (1e-7) WT1(Zf)/Kidney-WT1-ChIP-Seq(GSE90016)/Homer
		106 of 414 (1e-7) TFE3(bHLH)/MEF-TFE3-ChIP-Seq(GSE75757)/Homer
		107 of 414 (1e-7) Pknox1(Homeobox)/ES-Prep1-ChIP-Seq(GSE63282)/Homer
		108 of 414 (1e-7) Stat3+il21(Stat)/CD4-Stat3-ChIP-Seq(GSE19198)/Homer
		109 of 414 (1e-7) Egr1(Zf)/K562-Egr1-ChIP-Seq(GSE32465)/Homer
		110 of 414 (1e-7) Pbx3(Homeobox)/GM12878-PBX3-ChIP-Seq(GSE32465)/Homer
		111 of 414 (1e-7) Sox4(HMG)/proB-Sox4-ChIP-Seq(GSE50066)/Homer
		112 of 414 (1e-7) IRF2(IRF)/Erythroblas-IRF2-ChIP-Seq(GSE36985)/Homer
		113 of 414 (1e-6) FXR(NR),IR1/Liver-FXR-ChIP-Seq(Chong_et_al.)/Homer
		114 of 414 (1e-6) Tbet(T-box)/CD8-Tbet-ChIP-Seq(GSE33802)/Homer
		115 of 414 (1e-6) Zic(Zf)/Cerebellum-ZIC1.2-ChIP-Seq(GSE60731)/Homer
		116 of 414 (1e-6) Rfx1(HTH)/NPC-H3K4me1-ChIP-Seq(GSE16256)/Homer
		117 of 414 (1e-6) ETS:RUNX(ETS,Runt)/Jurkat-RUNX1-ChIP-Seq(GSE17954)/Homer
		118 of 414 (1e-5) USF1(bHLH)/GM12878-Usf1-ChIP-Seq(GSE32465)/Homer
		119 of 414 (1e-5) Sox2(HMG)/mES-Sox2-ChIP-Seq(GSE11431)/Homer
		120 of 414 (1e-5) PU.1:IRF8(ETS:IRF)/pDC-Irf8-ChIP-Seq(GSE66899)/Homer
		121 of 414 (1e-5) Maz(Zf)/HepG2-Maz-ChIP-Seq(GSE31477)/Homer
		122 of 414 (1e-5) SpiB(ETS)/OCILY3-SPIB-ChIP-Seq(GSE56857)/Homer
		123 of 414 (1e-5) REST-NRSF(Zf)/Jurkat-NRSF-ChIP-Seq/Homer
		124 of 414 (1e-5) Atf4(bZIP)/MEF-Atf4-ChIP-Seq(GSE35681)/Homer
		125 of 414 (1e-5) Bcl11a(Zf)/HSPC-BCL11A-ChIP-Seq(GSE104676)/Homer
		126 of 414 (1e-5) Tbox:Smad(T-box,MAD)/ESCd5-Smad2_3-ChIP-Seq(GSE29422)/Homer
		127 of 414 (1e-5) Six4(Homeobox)/MCF7-SIX4-ChIP-Seq(Encode)/Homer
		128 of 414 (1e-5) Arnt:Ahr(bHLH)/MCF7-Arnt-ChIP-Seq(Lo_et_al.)/Homer
		129 of 414 (1e-5) p73(p53)/Trachea-p73-ChIP-Seq(PRJNA310161)/Homer
		130 of 414 (1e-5) MYNN(Zf)/HEK293-MYNN.eGFP-ChIP-Seq(Encode)/Homer
		131 of 414 (1e-4) Brn2(POU,Homeobox)/NPC-Brn2-ChIP-Seq(GSE35496)/Homer
		132 of 414 (1e-4) NFIL3(bZIP)/HepG2-NFIL3-ChIP-Seq(Encode)/Homer
		133 of 414 (1e-4) CDX4(Homeobox)/ZebrafishEmbryos-Cdx4.Myc-ChIP-Seq(GSE48254)/Homer
		134 of 414 (1e-4) GFX(?)/Promoter/Homer
		135 of 414 (1e-3) ZNF467(Zf)/HEK293-ZNF467.GFP-ChIP-Seq(GSE58341)/Homer
		136 of 414 (1e-3) Sox17(HMG)/Endoderm-Sox17-ChIP-Seq(GSE61475)/Homer
		137 of 414 (1e-3) ZNF415(Zf)/HEK293-ZNF415.GFP-ChIP-Seq(GSE58341)/Homer
		138 of 414 (1e-3) IRF8(IRF)/BMDM-IRF8-ChIP-Seq(GSE77884)/Homer
		139 of 414 (1e-3) STAT4(Stat)/CD4-Stat4-ChIP-Seq(GSE22104)/Homer
		140 of 414 (1e-3) ZNF692(Zf)/HEK293-ZNF692.GFP-ChIP-Seq(GSE58341)/Homer
		141 of 414 (1e-3) HRE(HSF)/HepG2-HSF1-ChIP-Seq(GSE31477)/Homer
		142 of 414 (1e-3) ISRE(IRF)/ThioMac-LPS-Expression(GSE23622)/Homer
		143 of 414 (1e-3) Usf2(bHLH)/C2C12-Usf2-ChIP-Seq(GSE36030)/Homer
		144 of 414 (1e-2) Esrrb(NR)/mES-Esrrb-ChIP-Seq(GSE11431)/Homer
		145 of 414 (1e-2) p53(p53)/mES-cMyc-ChIP-Seq(GSE11431)/Homer
		146 of 414 (1e-2) MafA(bZIP)/Islet-MafA-ChIP-Seq(GSE30298)/Homer
		147 of 414 (1e-2) ZNF669(Zf)/HEK293-ZNF669.GFP-ChIP-Seq(GSE58341)/Homer
		148 of 414 (1e-2) IRF3(IRF)/BMDM-Irf3-ChIP-Seq(GSE67343)/Homer
		149 of 414 (1e-2) LXRE(NR),DR4/RAW-LXRb.biotin-ChIP-Seq(GSE21512)/Homer
		150 of 414 (1e-2) KLF14(Zf)/HEK293-KLF14.GFP-ChIP-Seq(GSE58341)/Homer
		151 of 414 (1e-2) Tbr1(T-box)/Cortex-Tbr1-ChIP-Seq(GSE71384)/Homer
		152 of 414 (1e-2) Brachyury(T-box)/Mesoendoderm-Brachyury-ChIP-exo(GSE54963)/Homer
		153 of 414 (1e-2) CLOCK(bHLH)/Liver-Clock-ChIP-Seq(GSE39860)/Homer
		154 of 414 (1e-2) Reverb(NR),DR2/RAW-Reverba.biotin-ChIP-Seq(GSE45914)/Homer
	----------------------------------------------------------
	De novo motif finding (HOMER)

	Scanning input files...
	Parsing sequences...
	|0%                                   50%                                  100%|
	================================================================================
	Total number of Oligos: 32896
	Autoadjustment for sequence coverage in background: 1.29x

	Oligos: 32896 of 34497 max
	Tree  : 67144 of 172485 max
	Optimizing memory usage...
	Cache length = 11180
	Using binomial scoring

	Global Optimization Phase: Looking for enriched oligos with up to 2 mismatches...

	Screening oligos 32896 (allowing 0 mismatches):
	|0%                                   50%                                  100%|
	================================================================================
		0.00% skipped, 100.00% checked (32896 of 32896), of those checked:
		0.00% not in target, 0.00% increased p-value, 0.00% high p-value

	Screening oligos 32896 (allowing 1 mismatches):
	|0%                                   50%                                  100%|
	================================================================================
		0.00% skipped, 100.00% checked (32896 of 32896), of those checked:
		0.00% not in target, 49.36% increased p-value, 40.42% high p-value

	Screening oligos 32896 (allowing 2 mismatches):
	|0%                                   50%                                  100%|
	================================================================================
		56.21% skipped, 43.79% checked (14404 of 32896), of those checked:
		0.00% not in target, 38.45% increased p-value, 0.00% high p-value
	Reading input files...
	76084 total sequences read
	Cache length = 11180
	Using binomial scoring

	Local Optimization Phase:
	1 of 25 Initial Sequence: TGAGTCAC... (-777.338)
		Round 1: -2518.34 TGAGTCAC T:12594.2(28.18%),B:7313.0(14.14%),P:1e-1093
		Round 2: -2518.34 TGAGTCAC T:12594.2(28.18%),B:7313.0(14.14%),P:1e-1093
		=Final=: -1145.22 TGAGTCAC T:5083.0(13.36%),B:2428.9(6.53%),P:1e-497
		Performing exhaustive masking of motif...
		Reprioritizing potential motifs...
	2 of 25 Initial Sequence: CCTTAGGC... (-586.588)
		Round 1: -1596.70 CCTBAGGC T:29328.6(53.74%),B:24025.6(39.41%),P:1e-693
		Round 2: -1596.70 CCTBAGGC T:29328.6(53.74%),B:24025.6(39.41%),P:1e-693
		=Final=: -979.49 CCTBAGGC T:18506.0(48.65%),B:13965.6(37.52%),P:1e-425
		Performing exhaustive masking of motif...
		Reprioritizing potential motifs...
	3 of 25 Initial Sequence: GAATTCCG... (-360.735)
		Round 1: -723.95 GAATTCCG T:24862.7(47.98%),B:23236.3(38.40%),P:1e-314
		Round 2: -878.10 RMATTCCK T:11409.7(25.91%),B:9132.1(17.34%),P:1e-381
		Round 3: -878.10 RMATTCCK T:11409.7(25.91%),B:9132.1(17.34%),P:1e-381
		=Final=: -565.13 RMATTCCK T:8854.0(23.27%),B:6172.3(16.58%),P:1e-245
		Performing exhaustive masking of motif...
		Reprioritizing potential motifs...
	4 of 25 Initial Sequence: ACCCCGCC... (-226.236)
		Round 1: -305.75 ACCCCGCC T:23526.0(46.12%),B:24420.4(39.91%),P:1e-132
		Round 2: -412.11 GCCCCGCC T:22052.9(43.99%),B:22039.5(36.85%),P:1e-178
		Round 3: -432.99 ACWCCGCC T:24065.1(46.88%),B:24076.5(39.47%),P:1e-188
		Round 4: -440.05 GTCCCGCC T:24225.1(47.10%),B:24201.5(39.63%),P:1e-191
		Round 5: -440.05 GTCCCGCC T:24225.1(47.10%),B:24201.5(39.63%),P:1e-191
		=Final=: -417.32 GTCCCGCC T:11104.0(29.19%),B:8494.7(22.82%),P:1e-181
		Performing exhaustive masking of motif...
		Reprioritizing potential motifs...
	5 of 25 Initial Sequence: CCGGAAGT... (-206.080)
		Round 1: -309.71 CCGGAAGT T:10781.2(24.68%),B:10402.2(19.50%),P:1e-134
		Round 2: -329.30 CCGGAAGT T:16962.0(35.97%),B:17022.1(29.88%),P:1e-143
		Round 3: -329.30 CCGGAAGT T:16962.0(35.97%),B:17022.1(29.88%),P:1e-143
		=Final=: -274.92 CCGGAAGT T:6095.0(16.02%),B:4457.0(11.97%),P:1e-119
		Performing exhaustive masking of motif...
		Reprioritizing potential motifs...
	6 of 25 Initial Sequence: TAACGCGC... (-164.649)
		Round 1: -224.12 TAACGCGC T:22192.7(44.20%),B:23633.9(38.91%),P:1e-97
		Round 2: -237.77 TAACGCGC T:19268.2(39.74%),B:20225.7(34.41%),P:1e-103
		Round 3: -280.79 TAAMGCGS T:22843.0(45.14%),B:23870.0(39.21%),P:1e-121
		Round 4: -344.90 TAAMGCGC T:19441.7(40.01%),B:19636.3(33.60%),P:1e-149
		Round 5: -431.20 NAAABCGV T:23710.3(46.38%),B:23707.0(39.00%),P:1e-187
		Round 6: -431.20 NAAABCGV T:23710.3(46.38%),B:23707.0(39.00%),P:1e-187
		=Final=: -241.49 NAAABCGV T:13775.0(36.21%),B:11528.0(30.97%),P:1e-104
		Performing exhaustive masking of motif...
		Reprioritizing potential motifs...
	7 of 25 Initial Sequence: CCTAGAGG... (-146.891)
		Round 1: -279.97 CCTAGAGG T:13617.0(30.09%),B:13649.7(24.77%),P:1e-121
		Round 2: -279.97 CCTAGAGG T:13617.0(30.09%),B:13649.7(24.77%),P:1e-121
		=Final=: -248.84 CCTAGAGG T:9709.0(25.52%),B:7741.5(20.80%),P:1e-108
		Performing exhaustive masking of motif...
		Reprioritizing potential motifs...
	8 of 25 Initial Sequence: GGGTGGGG... (-142.246)
		Round 1: -231.50 GGGTGGGG T:24388.2(47.33%),B:26040.9(41.90%),P:1e-100
		Round 2: -231.50 GGGTGGGG T:24388.2(47.33%),B:26040.9(41.90%),P:1e-100
		=Final=: -136.54 GGGTGGGG T:7920.0(20.82%),B:6538.7(17.57%),P:1e-59
		Performing exhaustive masking of motif...
		Reprioritizing potential motifs...
	9 of 25 Initial Sequence: CATTCAGA... (-138.989)
		Round 1: -138.99 CATTCAGA T:1301.0(3.36%),B:996.6(2.06%),P:1e-60
		Round 2: -138.99 CATTCAGA T:1301.0(3.36%),B:996.6(2.06%),P:1e-60
		=Final=: -94.08 CATTCAGA T:1451.0(3.81%),B:981.4(2.64%),P:1e-40
		Performing exhaustive masking of motif...
		Reprioritizing potential motifs...
	10 of 25 Initial Sequence: TGGAATTC... (-112.329)
		Round 1: -232.82 TGGAATTC T:4505.9(11.17%),B:4013.0(8.03%),P:1e-101
		Round 2: -232.82 TGGAATTC T:4505.9(11.17%),B:4013.0(8.03%),P:1e-101
		=Final=: -134.86 TGGAATTC T:4347.0(11.43%),B:3336.3(8.96%),P:1e-58
		Performing exhaustive masking of motif...
		Reprioritizing potential motifs...
	11 of 25 Initial Sequence: AGGGCGTT... (-107.078)
		Round 1: -191.62 AGGGCGTT T:18228.3(38.07%),B:19444.9(33.33%),P:1e-83
		Round 2: -274.65 AGGRCGTW T:11659.5(26.40%),B:11532.7(21.38%),P:1e-119
		Round 3: -274.65 AGGRCGTW T:11659.5(26.40%),B:11532.7(21.38%),P:1e-119
		=Final=: -323.68 AGGRCGTW T:9573.0(25.16%),B:7383.7(19.84%),P:1e-140
		Performing exhaustive masking of motif...
		Reprioritizing potential motifs...
	12 of 25 Initial Sequence: AAGAATGT... (-106.973)
		Round 1: -149.19 AAGAATGT T:3558.2(8.93%),B:3296.4(6.64%),P:1e-64
		Round 2: -180.69 AAGAACGY T:9363.3(21.82%),B:9525.6(18.02%),P:1e-78
		Round 3: -180.69 AAGAACGY T:9363.3(21.82%),B:9525.6(18.02%),P:1e-78
		=Final=: -212.91 AAGAACGY T:9295.0(24.43%),B:7491.5(20.13%),P:1e-92
		Performing exhaustive masking of motif...
		Reprioritizing potential motifs...
	13 of 25 Initial Sequence: AAAAGCCG... (-94.710)
		Round 1: -141.59 AAAAGCCG T:21338.4(42.93%),B:23511.8(38.76%),P:1e-61
		Round 2: -167.74 AAAAGYCG T:15812.9(34.01%),B:16905.1(29.71%),P:1e-72
		Round 3: -171.71 AAARSCCG T:16788.7(35.68%),B:17982.0(31.27%),P:1e-74
		Round 4: -171.71 AAARSCCG T:16788.7(35.68%),B:17982.0(31.27%),P:1e-74
		=Final=: -138.17 AAARSCCG T:3537.0(9.30%),B:2623.7(7.05%),P:1e-60
		Performing exhaustive masking of motif...
		Reprioritizing potential motifs...
	14 of 25 Initial Sequence: TGAGTCAG... (-92.116)
		Round 1: -300.00 TGAGTCAY T:5220.5(12.82%),B:4544.1(9.04%),P:1e-130
		Round 2: -300.00 TGAGTCAY T:5220.5(12.82%),B:4544.1(9.04%),P:1e-130
		=Final=: -218.69 TGAGTCAY T:3629.0(9.54%),B:2502.2(6.72%),P:1e-94
		Performing exhaustive masking of motif...
		Reprioritizing potential motifs...
	15 of 25 Initial Sequence: CTTAAAAG... (-81.968)
		Round 1: -127.26 CTTAAAAG T:2247.8(5.74%),B:1982.5(4.05%),P:1e-55
		Round 2: -127.26 CTTAAAAG T:2247.8(5.74%),B:1982.5(4.05%),P:1e-55
		=Final=: -86.35 CTTAAAAG T:2519.0(6.62%),B:1900.7(5.11%),P:1e-37
		Performing exhaustive masking of motif...
		Reprioritizing potential motifs...
	16 of 25 Initial Sequence: TCCGCGCA... (-81.469)
		Round 1: -126.69 TCCGCGCA T:23498.1(46.08%),B:26199.4(42.09%),P:1e-55
		Round 2: -126.69 TCCGCGCA T:23498.1(46.08%),B:26199.4(42.09%),P:1e-55
		=Final=: -164.97 TCCGCGCA T:7358.0(19.34%),B:5912.8(15.89%),P:1e-71
		Performing exhaustive masking of motif...
		Reprioritizing potential motifs...
	17 of 25 Initial Sequence: CCCCCCCC... (-79.913)
		Round 1: -79.91 CCCCCCCC T:12093.0(27.23%),B:13458.7(24.47%),P:1e-34
		Round 2: -79.91 CCCCCCCC T:12093.0(27.23%),B:13458.7(24.47%),P:1e-34
		=Final=: -16.30 CCCCCCCC T:3480.0(9.15%),B:3124.6(8.39%),P:1e-7
		Performing exhaustive masking of motif...
		Reprioritizing potential motifs...
	18 of 25 Initial Sequence: ATAGCTAA... (-73.876)
		Round 1: -73.88 ATAGCTAA T:571.3(1.49%),B:417.3(0.87%),P:1e-32
		Round 2: -73.88 ATAGCTAA T:571.3(1.49%),B:417.3(0.87%),P:1e-32
		=Final=: -56.09 ATAGCTAA T:649.0(1.71%),B:413.7(1.11%),P:1e-24
		Performing exhaustive masking of motif...
		Reprioritizing potential motifs...
	19 of 25 Initial Sequence: CACACCCT... (-68.662)
		Round 1: -80.71 CACWCCCT T:6701.2(16.15%),B:7175.7(13.90%),P:1e-35
		Round 2: -96.86 MGCTYCCT T:15563.0(33.58%),B:17325.6(30.32%),P:1e-42
		Round 3: -96.86 MGCTYCCT T:15563.0(33.58%),B:17325.6(30.32%),P:1e-42
		=Final=: -64.30 MGCTYCCT T:6524.0(17.15%),B:5615.1(15.09%),P:1e-27
		Performing exhaustive masking of motif...
		Reprioritizing potential motifs...
	20 of 25 Initial Sequence: TTGCATTA... (-67.809)
		Round 1: -67.81 TTGCATTA T:517.5(1.35%),B:377.4(0.78%),P:1e-29
		Round 2: -67.81 TTGCATTA T:517.5(1.35%),B:377.4(0.78%),P:1e-29
		=Final=: -67.69 TTGCATTA T:622.0(1.64%),B:373.1(1.00%),P:1e-29
		Performing exhaustive masking of motif...
		Reprioritizing potential motifs...
	21 of 25 Initial Sequence: GCGTGAAA... (-65.509)
		Round 1: -106.72 GCGTGAAA T:1912.3(4.90%),B:1694.0(3.47%),P:1e-46
		Round 2: -106.72 GCGTGAAA T:1912.3(4.90%),B:1694.0(3.47%),P:1e-46
		=Final=: -115.87 GCGTGAAA T:2308.0(6.07%),B:1639.6(4.41%),P:1e-50
		Performing exhaustive masking of motif...
		Reprioritizing potential motifs...
	22 of 25 Initial Sequence: CAGGGGGC... (-61.047)
		Round 1: -61.05 CAGGGGGC T:1854.3(4.76%),B:1795.1(3.67%),P:1e-26
		Round 2: -61.05 CAGGGGGC T:1854.3(4.76%),B:1795.1(3.67%),P:1e-26
		=Final=: -125.77 CAGGGGGC T:2429.0(6.39%),B:1716.0(4.61%),P:1e-54
		Performing exhaustive masking of motif...
		Reprioritizing potential motifs...
	23 of 25 Initial Sequence: CGCAGTTT... (-60.373)
		Round 1: -96.85 CGCAGTTT T:17097.0(36.20%),B:19118.4(32.88%),P:1e-42
		Round 2: -106.52 CGCAGTTT T:21575.2(43.29%),B:24230.1(39.67%),P:1e-46
		Round 3: -121.12 CGMARKYW T:19711.9(40.44%),B:21870.5(36.62%),P:1e-52
		Round 4: -125.09 CGCARTTT T:22446.5(44.57%),B:24998.7(40.63%),P:1e-54
		Round 5: -125.09 CGCARTTT T:22446.5(44.57%),B:24998.7(40.63%),P:1e-54
		=Final=: -108.84 CGCARTTT T:6629.0(17.43%),B:5481.1(14.73%),P:1e-47
		Performing exhaustive masking of motif...
		Reprioritizing potential motifs...
	24 of 25 Initial Sequence: ATAAGTGC... (-59.887)
		Round 1: -76.00 ATWAGCGC T:1231.0(3.18%),B:1074.2(2.21%),P:1e-33
		Round 2: -101.39 TTAAGCGC T:21487.7(43.15%),B:24198.5(39.63%),P:1e-44
		Round 3: -106.43 WGAAKCGS T:21453.4(43.10%),B:24090.2(39.49%),P:1e-46
		Round 4: -125.35 TGAATCGC T:18249.7(38.10%),B:20125.1(34.27%),P:1e-54
		Round 5: -128.39 TKMABCGV T:17460.9(36.81%),B:19179.3(32.97%),P:1e-55
		Round 6: -128.39 TKMABCGV T:17460.9(36.81%),B:19179.3(32.97%),P:1e-55
		=Final=: -127.08 TKMABCGV T:5318.0(13.98%),B:4222.4(11.34%),P:1e-55
		Performing exhaustive masking of motif...
		Reprioritizing potential motifs...
	25 of 25 Initial Sequence: GAATCCGG... (-53.501)
		Round 1: -132.40 GAATCCGG T:21786.0(43.60%),B:24139.1(39.55%),P:1e-57
		Round 2: -141.40 NAWTCCGG T:21312.1(42.89%),B:23485.6(38.72%),P:1e-61
		Round 3: -141.40 NAWTCCGG T:21312.1(42.89%),B:23485.6(38.72%),P:1e-61
		=Final=: -188.53 NAWTCCGG T:9176.0(24.12%),B:7474.0(20.08%),P:1e-81
		Performing exhaustive masking of motif...
		Reprioritizing potential motifs...

	Finalizing Enrichment Statistics (new in v3.4)
	Reading input files...
	76084 total sequences read
	Cache length = 11180
	Using binomial scoring
	Checking enrichment of 25 motif(s)
	|0%                                    50%                                  100%|
	=================================================================================
	Output in file: /home1/gyang/work_space/4.ProjectET/batch7_cr/7.Peak_anno/TSC_Tfap2c_1k_rep2_peakAnalysis/homerMotifs.motifs8

	(Motifs in homer2 format)
	Determining similar motifs... 25 reduced to 15 motifs
	Outputing HTML and sequence logos for motif comparison...
	Checking de novo motifs against known motifs...
	Formatting HTML page...
		1 of 15 (1e-497) similar to FOSL1/MA0477.1/Jaspar(0.966)
		2 of 15 (1e-425) similar to AP-2gamma(AP2)/MCF7-TFAP2C-ChIP-Seq(GSE21234)/Homer(0.926)
		3 of 15 (1e-246) similar to TEAD4/MA0809.1/Jaspar(0.944)
		4 of 15 (1e-193) similar to Sp2(Zf)/HEK293-Sp2.eGFP-ChIP-Seq(Encode)/Homer(0.853)
		5 of 15 (1e-155) similar to PB0143.1_Klf7_2/Jaspar(0.736)
		6 of 15 (1e-114) similar to TFAP2A(var.2)/MA0810.1/Jaspar(0.637)
		7 of 15 (1e-106) similar to RUNX2/MA0511.2/Jaspar(0.641)
		8 of 15 (1e-75) similar to PB0199.1_Zfp161_2/Jaspar(0.774)
		9 of 15 (1e-63) similar to CTCFL/MA1102.1/Jaspar(0.918)
		10 of 15 (1e-59) similar to PB0013.1_Eomes_1/Jaspar(0.790)
		11 of 15 (1e-54) similar to PB0146.1_Mafk_2/Jaspar(0.667)
		12 of 15 (1e-39) similar to MYNN(Zf)/HEK293-MYNN.eGFP-ChIP-Seq(Encode)/Homer(0.736)
		13 of 15 (1e-30) similar to POU5F1/MA1115.1/Jaspar(0.800)
		14 of 15 (1e-25) similar to Gata1/MA0035.3/Jaspar(0.636)
		15 of 15 (1e-8) similar to Maz(Zf)/HepG2-Maz-ChIP-Seq(GSE31477)/Homer(0.974)
	Job finished - if results look good, please send beer to ..

	Cleaning up tmp files...

