
	Position file = TSC_Gata3_5k_rep1_peaks.narrowPeak
	Genome = mm10
	Output Directory = /home1/gyang/work_space/4.ProjectET/batch7_cr/7.Peak_anno/TSC_Gata3_5k_rep1_peakAnalysis
	Using actual sizes of regions (-size given)
	Fragment size set to given
	Using 10 CPUs
	Motif length set at 8,
	Found mset for "mouse", will check against vertebrates motifs
	Peak/BED file conversion summary:
		BED/Header formatted lines: 408
		peakfile formatted lines: 0

	Peak File Statistics:
		Total Peaks: 408
		Redundant Peak IDs: 0
		Peaks lacking information: 0 (need at least 5 columns per peak)
		Peaks with misformatted coordinates: 0 (should be integer)
		Peaks with misformatted strand: 0 (should be either +/- or 0/1)

	Peak file looks good!

	Background fragment size set to 438 (avg size of targets)
	Could not find background files for 438 bp fragments
	Below are the sizes that are already available prepared.
		200
		342
		354
		400
		419
		420
		424
		444
		454
		457
		461
		463
		468
		475
		502
		534
		536
		539
		562
		566
		567
		570
		589
		590
		603
		624
		644
		648
		671
		674
		703
		724
		998
		999
		1078
		1142
		1222
		1249
		1259
		1262
		1288
		1376
		1455
		1619
		1925
		1959
		2017
		2116
		2151
		2488
		2499
		7879
		7974
	HOMER will now create background files for 438 bp fragments
	To CANCEL and rerun with a differet "-size <#>", hit <CTRL+C> now!
		5
		4
		3
		2
		1
	Preparsing genome for 438 bp fragments...(will probably take 1-5 min)
	preparse size set to 438

	By default, using /usr/local/software/homer/.//data/genomes/mm10//mm10.tss for reference positions
	Output files will be placed in /usr/local/software/homer/.//data/genomes/mm10//preparsed//mm10.438.* ...
	By default, HOMER will set the the preparsed Directory to be group read/write
chmod: changing permissions of ‘/usr/local/software/homer/.//data/genomes/mm10//preparsed/’: Operation not permitted
	Extracting sequences

	Extracting sequences from directory: /usr/local/software/homer/.//data/genomes/mm10//
	Extracting 81342 sequences from chr1
	Extracting 97220 sequences from chr2
	Extracting 66259 sequences from chr3
	Extracting 73965 sequences from chr4
	Extracting 75984 sequences from chr5
	Extracting 72586 sequences from chr6
	Extracting 91009 sequences from chr7
	Extracting 56182 sequences from chr8
	Extracting 67817 sequences from chr9
	Extracting 62056 sequences from chr10
	Extracting 73837 sequences from chr11
	Extracting 45974 sequences from chr12
	Extracting 53951 sequences from chr13
	Extracting 49802 sequences from chr14
	Extracting 46136 sequences from chr15
	Extracting 43043 sequences from chr16
	Extracting 51950 sequences from chr17
	Extracting 36978 sequences from chr18
	Extracting 35553 sequences from chr19
	Extracting 70097 sequences from chrX
	Extracting 10011 sequences from chrY
	Extracting 90 sequences from chr1_GL456211_random
	Extracting 194 sequences from chr1_GL456221_random
	Extracting 65 sequences from chr4_GL456216_random
	Extracting 276 sequences from chr4_GL456350_random
	Extracting 58 sequences from chr4_JH584292_random
	Extracting 199 sequences from chr4_JH584293_random
	Extracting 209 sequences from chr4_JH584294_random
	Extracting 201 sequences from chr5_GL456354_random
	Extracting 96 sequences from chr5_JH584296_random
	Extracting 95 sequences from chr5_JH584297_random
	Extracting 203 sequences from chr5_JH584298_random
	Extracting 416 sequences from chr5_JH584299_random
	Extracting 164 sequences from chr7_GL456219_random
	Extracting 97 sequences from chrUn_JH584304
	Extracting 293 sequences from chrX_GL456233_random
		3350 of 1264263 removed because they had >70.00% Ns (i.e. masked repeats)

	Sequences processed:
		Auto detected maximum sequence length of 439 bp
		100000
		200000
		300000
		400000
		500000
		600000
		700000
		800000
		900000
		1000000
		1100000
		1200000
		1260913 total

	Frequency Bins: 0.01 0.02 0.03 0.04 0.05 0.06 0.08 0.1 0.12 0.14 0.16
	Freq	Bin	Count
	0.01	0	794657
	0.02	1	313305
	0.03	2	93799
	0.04	3	19450
	0.05	4	9155
	0.06	5	7259
	0.08	6	9057
	0.1	7	5734
	0.12	8	4359
	0.14	9	2459
	0.16	10	1200
	11	11	479
	Frequency Bins: 0.2 0.25 0.3 0.35 0.4 0.45 0.5 0.6 0.7 0.8
	Freq	Bin	Count
	0.2	0	109
	0.25	1	1853
	0.3	2	20707
	0.35	3	99942
	0.4	4	259117
	0.45	5	352468
	0.5	6	303700
	0.6	7	193809
	0.7	8	22263
	0.8	9	6501
	10	10	444


	Extracting sequences from directory: /usr/local/software/homer/.//data/genomes/mm10//
	Extracting 19 sequences from chr1
	Extracting 31 sequences from chr2
	Extracting 16 sequences from chr3
	Extracting 44 sequences from chr4
	Extracting 22 sequences from chr5
	Extracting 11 sequences from chr6
	Extracting 18 sequences from chr7
	Extracting 19 sequences from chr8
	Extracting 17 sequences from chr9
	Extracting 31 sequences from chr10
	Extracting 52 sequences from chr11
	Extracting 16 sequences from chr12
	Extracting 16 sequences from chr13
	Extracting 12 sequences from chr14
	Extracting 11 sequences from chr15
	Extracting 10 sequences from chr16
	Extracting 28 sequences from chr17
	Extracting 15 sequences from chr18
	Extracting 9 sequences from chr19
	Extracting 8 sequences from chrX
	Extracting 3 sequences from chrM

	Not removing redundant sequences


	Sequences processed:
		Auto detected maximum sequence length of 529 bp
		408 total

	Frequency Bins: 0.2 0.25 0.3 0.35 0.4 0.45 0.5 0.6 0.7 0.8
	Freq	Bin	Count
	0.3	2	2
	0.35	3	21
	0.4	4	51
	0.45	5	68
	0.5	6	118
	0.6	7	126
	0.7	8	19
	0.8	9	3

	Total sequences set to 50000

	Choosing background that matches in CpG/GC content...
	Bin	# Targets	# Background	Background Weight
	2	2	243	1.000
	3	21	2553	1.000
	4	51	6199	1.000
	5	68	8265	1.000
	6	118	14343	1.000
	7	126	15315	1.000
	8	19	2309	1.000
	9	3	365	0.999
	Assembling sequence file...
	Normalizing lower order oligos using homer2

	Reading input files...
	50000 total sequences read
	Autonormalization: 1-mers (4 total)
		A	26.23%	26.36%	0.995
		C	23.77%	23.64%	1.005
		G	23.77%	23.64%	1.005
		T	26.23%	26.36%	0.995
	Autonormalization: 2-mers (16 total)
		AA	7.72%	7.44%	1.037
		CA	7.25%	7.62%	0.950
		GA	6.45%	6.35%	1.017
		TA	4.77%	4.94%	0.967
		AC	5.29%	5.37%	0.986
		CC	6.82%	6.66%	1.023
		GC	5.24%	5.27%	0.995
		TC	6.45%	6.35%	1.017
		AG	7.66%	7.84%	0.977
		CG	2.03%	1.52%	1.334
		GG	6.82%	6.66%	1.023
		TG	7.25%	7.62%	0.950
		AT	5.58%	5.70%	0.979
		CT	7.66%	7.84%	0.977
		GT	5.29%	5.37%	0.986
		TT	7.72%	7.44%	1.037
	Autonormalization: 3-mers (64 total)
	Normalization weights can be found in file: /home1/gyang/work_space/4.ProjectET/batch7_cr/7.Peak_anno/TSC_Gata3_5k_rep1_peakAnalysis/seq.autonorm.tsv
	Converging on autonormalization solution:
	...............................................................................
	Final normalization:	Autonormalization: 1-mers (4 total)
		A	26.23%	26.22%	1.001
		C	23.77%	23.78%	0.999
		G	23.77%	23.78%	0.999
		T	26.23%	26.22%	1.001
	Autonormalization: 2-mers (16 total)
		AA	7.72%	7.67%	1.006
		CA	7.25%	7.32%	0.990
		GA	6.45%	6.39%	1.010
		TA	4.77%	4.84%	0.987
		AC	5.29%	5.26%	1.006
		CC	6.82%	6.80%	1.003
		GC	5.24%	5.34%	0.983
		TC	6.45%	6.39%	1.010
		AG	7.66%	7.69%	0.996
		CG	2.03%	1.97%	1.027
		GG	6.82%	6.80%	1.003
		TG	7.25%	7.32%	0.990
		AT	5.58%	5.59%	0.998
		CT	7.66%	7.69%	0.996
		GT	5.29%	5.26%	1.006
		TT	7.72%	7.67%	1.006
	Autonormalization: 3-mers (64 total)
	Finished preparing sequence/group files

	----------------------------------------------------------
	Known motif enrichment

	Reading input files...
	50000 total sequences read
	414 motifs loaded
	Cache length = 11180
	Using binomial scoring
	Checking enrichment of 414 motif(s)
	|0%                                    50%                                  100%|
	=================================================================================
	Preparing HTML output with sequence logos...
		1 of 414 (1e-14) Gata2(Zf)/K562-GATA2-ChIP-Seq(GSE18829)/Homer
		2 of 414 (1e-13) Gata1(Zf)/K562-GATA1-ChIP-Seq(GSE18829)/Homer
		3 of 414 (1e-13) Gata4(Zf)/Heart-Gata4-ChIP-Seq(GSE35151)/Homer
		4 of 414 (1e-12) GATA3(Zf)/iTreg-Gata3-ChIP-Seq(GSE20898)/Homer
		5 of 414 (1e-11) Gata6(Zf)/HUG1N-GATA6-ChIP-Seq(GSE51936)/Homer
		6 of 414 (1e-9) GATA(Zf),IR3/iTreg-Gata3-ChIP-Seq(GSE20898)/Homer
		7 of 414 (1e-8) Jun-AP1(bZIP)/K562-cJun-ChIP-Seq(GSE31477)/Homer
		8 of 414 (1e-8) Fosl2(bZIP)/3T3L1-Fosl2-ChIP-Seq(GSE56872)/Homer
		9 of 414 (1e-7) Fra2(bZIP)/Striatum-Fra2-ChIP-Seq(GSE43429)/Homer
		10 of 414 (1e-7) TEAD(TEA)/Fibroblast-PU.1-ChIP-Seq(Unpublished)/Homer
		11 of 414 (1e-6) GATA(Zf),IR4/iTreg-Gata3-ChIP-Seq(GSE20898)/Homer
		12 of 414 (1e-6) AP-1(bZIP)/ThioMac-PU.1-ChIP-Seq(GSE21512)/Homer
		13 of 414 (1e-6) BATF(bZIP)/Th17-BATF-ChIP-Seq(GSE39756)/Homer
		14 of 414 (1e-6) Atf3(bZIP)/GBM-ATF3-ChIP-Seq(GSE33912)/Homer
		15 of 414 (1e-6) TEAD4(TEA)/Tropoblast-Tead4-ChIP-Seq(GSE37350)/Homer
		16 of 414 (1e-6) JunB(bZIP)/DendriticCells-Junb-ChIP-Seq(GSE36099)/Homer
		17 of 414 (1e-6) Fra1(bZIP)/BT549-Fra1-ChIP-Seq(GSE46166)/Homer
		18 of 414 (1e-5) TEAD1(TEAD)/HepG2-TEAD1-ChIP-Seq(Encode)/Homer
		19 of 414 (1e-4) TEAD2(TEA)/Py2T-Tead2-ChIP-Seq(GSE55709)/Homer
		20 of 414 (1e-4) GATA3(Zf),DR8/iTreg-Gata3-ChIP-Seq(GSE20898)/Homer
		21 of 414 (1e-3) Bach2(bZIP)/OCILy7-Bach2-ChIP-Seq(GSE44420)/Homer
		22 of 414 (1e-3) TEAD3(TEA)/HepG2-TEAD3-ChIP-Seq(Encode)/Homer
		23 of 414 (1e-3) NFE2L2(bZIP)/HepG2-NFE2L2-ChIP-Seq(Encode)/Homer
		24 of 414 (1e-3) Klf9(Zf)/GBM-Klf9-ChIP-Seq(GSE62211)/Homer
		25 of 414 (1e-3) Klf4(Zf)/mES-Klf4-ChIP-Seq(GSE11431)/Homer
		26 of 414 (1e-2) EKLF(Zf)/Erythrocyte-Klf1-ChIP-Seq(GSE20478)/Homer
		27 of 414 (1e-2) Chop(bZIP)/MEF-Chop-ChIP-Seq(GSE35681)/Homer
		28 of 414 (1e-2) KLF3(Zf)/MEF-Klf3-ChIP-Seq(GSE44748)/Homer
		29 of 414 (1e-2) RFX(HTH)/K562-RFX3-ChIP-Seq(SRA012198)/Homer
		30 of 414 (1e-2) AP-2alpha(AP2)/Hela-AP2alpha-ChIP-Seq(GSE31477)/Homer
		31 of 414 (1e-2) AP-2gamma(AP2)/MCF7-TFAP2C-ChIP-Seq(GSE21234)/Homer
		32 of 414 (1e-2) Rfx2(HTH)/LoVo-RFX2-ChIP-Seq(GSE49402)/Homer
		33 of 414 (1e-2) NF-E2(bZIP)/K562-NFE2-ChIP-Seq(GSE31477)/Homer
		34 of 414 (1e-2) GATA3(Zf),DR4/iTreg-Gata3-ChIP-Seq(GSE20898)/Homer
		35 of 414 (1e-2) Atf4(bZIP)/MEF-Atf4-ChIP-Seq(GSE35681)/Homer
		36 of 414 (1e-2) CDX4(Homeobox)/ZebrafishEmbryos-Cdx4.Myc-ChIP-Seq(GSE48254)/Homer
	----------------------------------------------------------
	De novo motif finding (HOMER)

	Scanning input files...
	Parsing sequences...
	|0%                                   50%                                  100%|
	===============================================================================
	Total number of Oligos: 32896
	Autoadjustment for sequence coverage in background: 1.28x

	Oligos: 32896 of 34497 max
	Tree  : 67076 of 172485 max
	Optimizing memory usage...
	Cache length = 11180
	Using binomial scoring

	Global Optimization Phase: Looking for enriched oligos with up to 2 mismatches...

	Screening oligos 32896 (allowing 0 mismatches):
	|0%                                   50%                                  100%|
	================================================================================
		9.96% skipped, 90.04% checked (29619 of 32896), of those checked:
		9.96% not in target, 0.00% increased p-value, 0.00% high p-value

	Screening oligos 32896 (allowing 1 mismatches):
	|0%                                   50%                                  100%|
	================================================================================
		9.96% skipped, 90.04% checked (29619 of 32896), of those checked:
		0.00% not in target, 27.59% increased p-value, 65.11% high p-value

	Screening oligos 32896 (allowing 2 mismatches):
	|0%                                   50%                                  100%|
	================================================================================
		80.02% skipped, 19.98% checked (6571 of 32896), of those checked:
		0.00% not in target, 18.63% increased p-value, 0.00% high p-value
	Reading input files...
	50000 total sequences read
	Cache length = 11180
	Using binomial scoring

	Local Optimization Phase:
	1 of 25 Initial Sequence: TATGGCGA... (-75.257)
		Round 1: -75.26 TATGGCGA T:25.4(5.95%),B:68.9(0.11%),P:1e-32
		Round 2: -75.26 TATGGCGA T:25.4(5.95%),B:68.9(0.11%),P:1e-32
		=Final=: -28.28 TATGGCGA T:12.0(2.94%),B:62.2(0.13%),P:1e-12
		Performing exhaustive masking of motif...
		Reprioritizing potential motifs...
	2 of 25 Initial Sequence: TTTTCAGT... (-53.282)
		Round 1: -61.44 TTTTCAGT T:66.4(14.95%),B:1645.9(2.65%),P:1e-26
		Round 2: -61.44 TTTTCAGT T:66.4(14.95%),B:1645.9(2.65%),P:1e-26
		=Final=: -7.44 TTTTCAGT T:27.0(6.62%),B:1578.6(3.30%),P:1e-3
		Performing exhaustive masking of motif...
		Reprioritizing potential motifs...
	3 of 25 Initial Sequence: TGTAGGAC... (-44.914)
		Round 1: -44.91 TGTAGGAC T:31.3(7.33%),B:423.4(0.69%),P:1e-19
		Round 2: -44.91 TGTAGGAC T:31.3(7.33%),B:423.4(0.69%),P:1e-19
		=Final=: -11.23 TGTAGGAC T:14.0(3.43%),B:403.1(0.84%),P:1e-4
		Performing exhaustive masking of motif...
		Reprioritizing potential motifs...
	4 of 25 Initial Sequence: AAAATGAG... (-34.531)
		Round 1: -35.64 AAAATGAG T:54.4(12.41%),B:1937.9(3.11%),P:1e-15
		Round 2: -35.76 AAAATGAG T:55.4(12.63%),B:2006.7(3.22%),P:1e-15
		Round 3: -39.27 ARAATGCG T:68.0(15.37%),B:2682.9(4.28%),P:1e-17
		Round 4: -39.27 ARAATGCG T:68.0(15.37%),B:2682.9(4.28%),P:1e-17
		=Final=: -10.68 ARAATGCG T:43.0(10.54%),B:2564.0(5.35%),P:1e-4
		Performing exhaustive masking of motif...
		Reprioritizing potential motifs...
	5 of 25 Initial Sequence: CTAATCTA... (-33.639)
		Round 1: -47.22 CTTATCTC T:73.3(16.40%),B:2567.7(4.10%),P:1e-20
		Round 2: -63.52 CTWATCGA T:89.3(19.62%),B:2847.9(4.54%),P:1e-27
		Round 3: -63.52 CTWATCGA T:89.3(19.62%),B:2847.9(4.54%),P:1e-27
		=Final=: -40.19 CTWATCGA T:73.0(17.89%),B:2708.7(5.66%),P:1e-17
		Performing exhaustive masking of motif...
		Reprioritizing potential motifs...
	6 of 25 Initial Sequence: ATGACTCA... (-19.410)
		Round 1: -39.91 ATGACTCA T:137.3(28.55%),B:8118.4(12.40%),P:1e-17
		Round 2: -39.91 ATGACTCA T:137.3(28.55%),B:8118.4(12.40%),P:1e-17
		=Final=: -24.42 ATGACTCA T:92.0(22.55%),B:5288.6(11.04%),P:1e-10
		Performing exhaustive masking of motif...
		Reprioritizing potential motifs...
	7 of 25 Initial Sequence: AAATGCAC... (-19.431)
		Round 1: -19.84 AAATGCAC T:40.1(9.35%),B:1914.2(3.07%),P:1e-8
		Round 2: -19.84 AAATGCAC T:40.1(9.35%),B:1914.2(3.07%),P:1e-8
		=Final=: -8.15 AAATGCAC T:18.0(4.41%),B:816.6(1.71%),P:1e-3
		Performing exhaustive masking of motif...
		Reprioritizing potential motifs...
	8 of 25 Initial Sequence: GGGTGGGG... (-14.566)
		Round 1: -20.64 GGGTGGGG T:121.5(25.69%),B:9345.5(14.14%),P:1e-8
		Round 2: -22.61 TGGTGGGG T:161.5(32.64%),B:13161.5(19.32%),P:1e-9
		Round 3: -22.61 TGGTGGGG T:161.5(32.64%),B:13161.5(19.32%),P:1e-9
		=Final=: -6.03 TGGTGGGG T:101.0(24.75%),B:9095.4(18.99%),P:1e-2
		Performing exhaustive masking of motif...
		Reprioritizing potential motifs...
	9 of 25 Initial Sequence: CTTATCTT... (-14.514)
		Round 1: -20.13 CTTATCTT T:32.9(7.55%),B:1239.3(2.00%),P:1e-8
		Round 2: -23.13 GTTATCTT T:64.8(14.53%),B:3619.2(5.73%),P:1e-10
		Round 3: -26.86 GTTATCGG T:54.5(12.41%),B:2460.6(3.93%),P:1e-11
		Round 4: -26.86 GTTATCGG T:54.5(12.41%),B:2460.6(3.93%),P:1e-11
		=Final=: -27.96 GTTATCGG T:58.0(14.22%),B:2361.7(4.93%),P:1e-12
		Performing exhaustive masking of motif...
		Reprioritizing potential motifs...
	10 of 25 Initial Sequence: GGAATGTG... (-9.905)
		Round 1: -22.35 GGAATGTG T:66.0(14.74%),B:3799.1(6.01%),P:1e-9
		Round 2: -22.35 GGAATGTG T:66.0(14.74%),B:3799.1(6.01%),P:1e-9
		=Final=: -15.86 GGAATGTG T:62.0(15.20%),B:3611.4(7.54%),P:1e-6
		Performing exhaustive masking of motif...
		Reprioritizing potential motifs...
	11 of 25 Initial Sequence: TCGTAATC... (-9.716)
		Round 1: -17.92 TCGTAATC T:95.5(20.79%),B:7176.5(11.05%),P:1e-7
		Round 2: -17.92 TCGTAATC T:95.5(20.79%),B:7176.5(11.05%),P:1e-7
		=Final=: -11.51 TCGTAATC T:88.0(21.57%),B:6569.5(13.72%),P:1e-4
		Performing exhaustive masking of motif...
		Reprioritizing potential motifs...
	12 of 25 Initial Sequence: TTGTTTTG... (-9.313)
		Round 1: -11.83 TTGTTTTG T:66.4(14.95%),B:5339.8(8.34%),P:1e-5
		Round 2: -15.44 TTGTTTCG T:96.7(20.99%),B:7757.3(11.89%),P:1e-6
		Round 3: -15.44 TTGTTTCG T:96.7(20.99%),B:7757.3(11.89%),P:1e-6
		=Final=: -5.44 TTGTTTCG T:25.0(6.13%),B:1644.3(3.43%),P:1e-2
		Performing exhaustive masking of motif...
		Reprioritizing potential motifs...
	13 of 25 Initial Sequence: AGGAATGC... (-9.081)
		Round 1: -24.81 AGGAATGC T:83.4(18.43%),B:5136.8(8.04%),P:1e-10
		Round 2: -24.82 WGKAATKY T:79.6(17.62%),B:4698.3(7.38%),P:1e-10
		Round 3: -24.82 WGKAATKY T:79.6(17.62%),B:4698.3(7.38%),P:1e-10
		=Final=: -21.37 WGKAATKY T:77.0(18.87%),B:4318.8(9.02%),P:1e-9
		Performing exhaustive masking of motif...
		Reprioritizing potential motifs...
	14 of 25 Initial Sequence: GATCTGGT... (-8.980)
		Round 1: -17.11 GATCTGGT T:50.8(11.55%),B:3008.4(4.79%),P:1e-7
		Round 2: -17.11 GATCTGGT T:50.8(11.55%),B:3008.4(4.79%),P:1e-7
		=Final=: -17.64 GATCTGGT T:55.0(13.48%),B:2869.2(5.99%),P:1e-7
		Performing exhaustive masking of motif...
		Reprioritizing potential motifs...
	Remaining seeds don't look promising (After initial 5 motifs, logp -8.467 > -8.611)

	Finalizing Enrichment Statistics (new in v3.4)
	Reading input files...
	50000 total sequences read
	Cache length = 11180
	Using binomial scoring
	Checking enrichment of 14 motif(s)
	|0%                                    50%                                  100%|
	=================================================================================
	Output in file: /home1/gyang/work_space/4.ProjectET/batch7_cr/7.Peak_anno/TSC_Gata3_5k_rep1_peakAnalysis/homerMotifs.motifs8

	(Motifs in homer2 format)
	Determining similar motifs... 14 reduced to 10 motifs
	Outputing HTML and sequence logos for motif comparison...
	Checking de novo motifs against known motifs...
	Formatting HTML page...
		1 of 10 (1e-17) similar to Gata4(Zf)/Heart-Gata4-ChIP-Seq(GSE35151)/Homer(0.853)
		2 of 10 (1e-12) similar to YY2/MA0748.1/Jaspar(0.773)
		3 of 10 (1e-10) similar to AP-1(bZIP)/ThioMac-PU.1-ChIP-Seq(GSE21512)/Homer(0.970)
		4 of 10 (1e-9) similar to TEAD(TEA)/Fibroblast-PU.1-ChIP-Seq(Unpublished)/Homer(0.821)
		5 of 10 (1e-8) similar to Hand1::Tcf3/MA0092.1/Jaspar(0.788)
		6 of 10 (1e-4) similar to PH0065.1_Hoxc10/Jaspar(0.651)
		7 of 10 (1e-4) similar to PB0132.1_Hbp1_2/Jaspar(0.682)
		8 of 10 (1e-3) similar to Hoxd12(Homeobox)/ChickenMSG-Hoxd12.Flag-ChIP-Seq(GSE86088)/Homer(0.709)
		9 of 10 (1e-2) similar to KLF5/MA0599.1/Jaspar(0.834)
		10 of 10 (1e-2) similar to Sox6(HMG)/Myotubes-Sox6-ChIP-Seq(GSE32627)/Homer(0.777)
	Job finished - if results look good, please send beer to ..

	Cleaning up tmp files...

