
	Position file = ESC_Tfap2c_5k_rep1_peaks.narrowPeak
	Genome = mm10
	Output Directory = /home1/gyang/work_space/4.ProjectET/batch21_cr/7.Peak_anno2/ESC_Tfap2c_5k_rep1_peakAnalysis
	Using actual sizes of regions (-size given)
	Fragment size set to given
	Using 7 CPUs
	Motif length set at 8,
	Found mset for "mouse", will check against vertebrates motifs
	Peak/BED file conversion summary:
		BED/Header formatted lines: 13351
		peakfile formatted lines: 0

	Peak File Statistics:
		Total Peaks: 13351
		Redundant Peak IDs: 0
		Peaks lacking information: 0 (need at least 5 columns per peak)
		Peaks with misformatted coordinates: 0 (should be integer)
		Peaks with misformatted strand: 0 (should be either +/- or 0/1)

	Peak file looks good!

	Background fragment size set to 545 (avg size of targets)
	Could not find background files for 545 bp fragments
	Below are the sizes that are already available prepared.
		133
		200
		224
		283
		330
		332
		342
		345
		354
		356
		368
		369
		370
		373
		378
		384
		385
		390
		392
		400
		410
		411
		416
		418
		419
		420
		423
		424
		433
		436
		438
		439
		442
		443
		444
		445
		447
		448
		449
		451
		454
		455
		457
		461
		463
		468
		471
		472
		475
		476
		478
		479
		486
		487
		489
		497
		502
		504
		514
		518
		519
		521
		525
		526
		533
		534
		536
		539
		550
		559
		560
		561
		562
		565
		566
		567
		570
		576
		584
		586
		588
		589
		590
		595
		596
		598
		603
		607
		611
		622
		623
		624
		631
		637
		644
		648
		664
		665
		667
		671
		674
		676
		677
		685
		694
		698
		703
		704
		709
		712
		716
		724
		735
		736
		739
		740
		741
		743
		747
		758
		780
		783
		786
		789
		815
		828
		838
		843
		848
		867
		892
		917
		926
		951
		956
		972
		973
		998
		999
		1016
		1032
		1041
		1078
		1142
		1165
		1178
		1222
		1249
		1259
		1262
		1288
		1296
		1332
		1376
		1406
		1410
		1418
		1448
		1455
		1499
		1547
		1575
		1619
		1623
		1848
		1925
		1930
		1959
		2017
		2116
		2151
		2488
		2499
		3187
		3207
		3228
		3257
		3278
		5196
		5251
		5278
		7879
		7974
		41360
	HOMER will now create background files for 545 bp fragments
	To CANCEL and rerun with a differet "-size <#>", hit <CTRL+C> now!
		5
		4
		3
		2
		1
	Preparsing genome for 545 bp fragments...(will probably take 1-5 min)
	preparse size set to 545

	By default, using /home1/homer/.//data/genomes/mm10//mm10.tss for reference positions
	Output files will be placed in /home1/homer/.//data/genomes/mm10//preparsed//mm10.545.* ...
	By default, HOMER will set the the preparsed Directory to be group read/write
chmod: changing permissions of ‘/home1/homer/.//data/genomes/mm10//preparsed/’: Operation not permitted
	Extracting sequences
	Custom genome sequence directory: /home1/homer/.//data/genomes/mm10//

	Extracting sequences from directory: /home1/homer/.//data/genomes/mm10//
	Extracting 76030 sequences from chr1
	Extracting 91107 sequences from chr2
	Extracting 61944 sequences from chr3
	Extracting 69253 sequences from chr4
	Extracting 70678 sequences from chr5
	Extracting 67543 sequences from chr6
	Extracting 83840 sequences from chr7
	Extracting 52480 sequences from chr8
	Extracting 63288 sequences from chr9
	Extracting 58200 sequences from chr10
	Extracting 68048 sequences from chr11
	Extracting 42950 sequences from chr12
	Extracting 50438 sequences from chr13
	Extracting 46430 sequences from chr14
	Extracting 42634 sequences from chr15
	Extracting 40296 sequences from chr16
	Extracting 48238 sequences from chr17
	Extracting 34880 sequences from chr18
	Extracting 33254 sequences from chr19
	Extracting 65583 sequences from chrX
	Extracting 10487 sequences from chrY
	Extracting 97 sequences from chr1_GL456211_random
	Extracting 180 sequences from chr1_GL456221_random
	Extracting 58 sequences from chr4_GL456216_random
	Extracting 250 sequences from chr4_GL456350_random
	Extracting 46 sequences from chr4_JH584292_random
	Extracting 180 sequences from chr4_JH584293_random
	Extracting 184 sequences from chr4_JH584294_random
	Extracting 194 sequences from chr5_GL456354_random
	Extracting 100 sequences from chr5_JH584296_random
	Extracting 87 sequences from chr5_JH584297_random
	Extracting 187 sequences from chr5_JH584298_random
	Extracting 403 sequences from chr5_JH584299_random
	Extracting 154 sequences from chr7_GL456219_random
	Extracting 95 sequences from chrUn_JH584304
	Extracting 268 sequences from chrX_GL456233_random
		3130 of 1179945 removed because they had >70.00% Ns (i.e. masked repeats)

	Sequences processed:
		Auto detected maximum sequence length of 545 bp
		100000
		200000
		300000
		400000
		500000
		600000
		700000
		800000
		900000
		1000000
		1100000
		1176815 total

	Frequency Bins: 0.01 0.02 0.03 0.04 0.05 0.06 0.08 0.1 0.12 0.14 0.16
	Freq	Bin	Count
	0.01	0	740430
	0.02	1	306304
	0.03	2	80554
	0.04	3	16274
	0.05	4	8822
	0.06	5	4845
	0.08	6	7960
	0.1	7	5455
	0.12	8	3345
	0.14	9	1738
	0.16	10	807
	11	11	281
	Frequency Bins: 0.2 0.25 0.3 0.35 0.4 0.45 0.5 0.6 0.7 0.8
	Freq	Bin	Count
	0.2	0	55
	0.25	1	1087
	0.3	2	15340
	0.35	3	86707
	0.4	4	242833
	0.45	5	357315
	0.5	6	282370
	0.6	7	167556
	0.7	8	18540
	0.8	9	4763
	10	10	249

	Custom genome sequence directory: /home1/homer/.//data/genomes/mm10//

	Extracting sequences from directory: /home1/homer/.//data/genomes/mm10//
	Extracting 824 sequences from chr1
	Extracting 1006 sequences from chr2
	Extracting 589 sequences from chr3
	Extracting 984 sequences from chr4
	Extracting 910 sequences from chr5
	Extracting 670 sequences from chr6
	Extracting 1013 sequences from chr7
	Extracting 759 sequences from chr8
	Extracting 780 sequences from chr9
	Extracting 611 sequences from chr10
	Extracting 1163 sequences from chr11
	Extracting 474 sequences from chr12
	Extracting 532 sequences from chr13
	Extracting 412 sequences from chr14
	Extracting 531 sequences from chr15
	Extracting 434 sequences from chr16
	Extracting 648 sequences from chr17
	Extracting 387 sequences from chr18
	Extracting 452 sequences from chr19
	Extracting 168 sequences from chrX
	Extracting 1 sequences from chrY
	Extracting 3 sequences from chrM

	Not removing redundant sequences


	Sequences processed:
		Auto detected maximum sequence length of 629 bp
		13351 total

	Frequency Bins: 0.2 0.25 0.3 0.35 0.4 0.45 0.5 0.6 0.7 0.8
	Freq	Bin	Count
	0.3	2	6
	0.35	3	68
	0.4	4	377
	0.45	5	1549
	0.5	6	2125
	0.6	7	4375
	0.7	8	3753
	0.8	9	1078
	10	10	20

	Total sequences set to 50000

	Choosing background that matches in CpG/GC content...
	Bin	# Targets	# Background	Background Weight
	2	6	16	1.029
	3	68	187	0.998
	4	377	1035	1.000
	5	1549	4252	1.000
	6	2125	5833	1.000
	7	4375	12010	1.000
	8	3753	10302	1.000
	9	1078	2959	1.000
	10	20	55	0.998
	Assembling sequence file...
	Normalizing lower order oligos using homer2

	Reading input files...
	50000 total sequences read
	Autonormalization: 1-mers (4 total)
		A	21.95%	22.43%	0.979
		C	28.05%	27.57%	1.017
		G	28.05%	27.57%	1.017
		T	21.95%	22.43%	0.979
	Autonormalization: 2-mers (16 total)
		AA	5.81%	5.50%	1.056
		CA	6.63%	7.20%	0.921
		GA	6.11%	6.25%	0.978
		TA	3.36%	3.47%	0.969
		AC	4.91%	5.05%	0.972
		CC	9.02%	8.79%	1.025
		GC	8.05%	7.50%	1.074
		TC	6.11%	6.25%	0.978
		AG	7.59%	7.82%	0.970
		CG	4.80%	3.78%	1.271
		GG	9.02%	8.79%	1.025
		TG	6.63%	7.20%	0.921
		AT	3.66%	4.04%	0.906
		CT	7.59%	7.82%	0.970
		GT	4.91%	5.05%	0.972
		TT	5.81%	5.50%	1.056
	Autonormalization: 3-mers (64 total)
	Normalization weights can be found in file: /home1/gyang/work_space/4.ProjectET/batch21_cr/7.Peak_anno2/ESC_Tfap2c_5k_rep1_peakAnalysis/seq.autonorm.tsv
	Converging on autonormalization solution:
	...............................................................................
	Final normalization:	Autonormalization: 1-mers (4 total)
		A	21.95%	21.92%	1.002
		C	28.05%	28.08%	0.999
		G	28.05%	28.08%	0.999
		T	21.95%	21.92%	1.002
	Autonormalization: 2-mers (16 total)
		AA	5.81%	5.67%	1.025
		CA	6.63%	6.73%	0.985
		GA	6.11%	6.14%	0.995
		TA	3.36%	3.37%	0.997
		AC	4.91%	4.89%	1.005
		CC	9.02%	9.03%	0.999
		GC	8.05%	8.02%	1.003
		TC	6.11%	6.14%	0.995
		AG	7.59%	7.57%	1.003
		CG	4.80%	4.75%	1.009
		GG	9.02%	9.03%	0.999
		TG	6.63%	6.73%	0.985
		AT	3.66%	3.79%	0.965
		CT	7.59%	7.57%	1.003
		GT	4.91%	4.89%	1.005
		TT	5.81%	5.67%	1.025
	Autonormalization: 3-mers (64 total)
	Finished preparing sequence/group files

	----------------------------------------------------------
	Known motif enrichment

	Reading input files...
	50000 total sequences read
	440 motifs loaded
	Cache length = 11180
	Using binomial scoring
	Checking enrichment of 440 motif(s)
	|0%                                    50%                                  100%|
	=================================================================================
	Preparing HTML output with sequence logos...
		1 of 440 (1e-208) KLF1(Zf)/HUDEP2-KLF1-CutnRun(GSE136251)/Homer
		2 of 440 (1e-201) KLF3(Zf)/MEF-Klf3-ChIP-Seq(GSE44748)/Homer
		3 of 440 (1e-180) OCT4-SOX2-TCF-NANOG(POU,Homeobox,HMG)/mES-Oct4-ChIP-Seq(GSE11431)/Homer
		4 of 440 (1e-175) Klf4(Zf)/mES-Klf4-ChIP-Seq(GSE11431)/Homer
		5 of 440 (1e-144) KLF5(Zf)/LoVo-KLF5-ChIP-Seq(GSE49402)/Homer
		6 of 440 (1e-129) Sp1(Zf)/Promoter/Homer
		7 of 440 (1e-122) Sp2(Zf)/HEK293-Sp2.eGFP-ChIP-Seq(Encode)/Homer
		8 of 440 (1e-106) KLF6(Zf)/PDAC-KLF6-ChIP-Seq(GSE64557)/Homer
		9 of 440 (1e-105) EKLF(Zf)/Erythrocyte-Klf1-ChIP-Seq(GSE20478)/Homer
		10 of 440 (1e-104) Klf9(Zf)/GBM-Klf9-ChIP-Seq(GSE62211)/Homer
		11 of 440 (1e-100) Sp5(Zf)/mES-Sp5.Flag-ChIP-Seq(GSE72989)/Homer
		12 of 440 (1e-82) CTCF(Zf)/CD4+-CTCF-ChIP-Seq(Barski_et_al.)/Homer
		13 of 440 (1e-71) AP-2alpha(AP2)/Hela-AP2alpha-ChIP-Seq(GSE31477)/Homer
		14 of 440 (1e-63) TEAD1(TEAD)/HepG2-TEAD1-ChIP-Seq(Encode)/Homer
		15 of 440 (1e-60) Sox2(HMG)/mES-Sox2-ChIP-Seq(GSE11431)/Homer
		16 of 440 (1e-51) Ronin(THAP)/ES-Thap11-ChIP-Seq(GSE51522)/Homer
		17 of 440 (1e-50) KLF10(Zf)/HEK293-KLF10.GFP-ChIP-Seq(GSE58341)/Homer
		18 of 440 (1e-49) TEAD4(TEA)/Tropoblast-Tead4-ChIP-Seq(GSE37350)/Homer
		19 of 440 (1e-48) AP-2gamma(AP2)/MCF7-TFAP2C-ChIP-Seq(GSE21234)/Homer
		20 of 440 (1e-45) BORIS(Zf)/K562-CTCFL-ChIP-Seq(GSE32465)/Homer
		21 of 440 (1e-44) KLF14(Zf)/HEK293-KLF14.GFP-ChIP-Seq(GSE58341)/Homer
		22 of 440 (1e-43) Sox17(HMG)/Endoderm-Sox17-ChIP-Seq(GSE61475)/Homer
		23 of 440 (1e-42) TEAD(TEA)/Fibroblast-PU.1-ChIP-Seq(Unpublished)/Homer
		24 of 440 (1e-42) Brn1(POU,Homeobox)/NPC-Brn1-ChIP-Seq(GSE35496)/Homer
		25 of 440 (1e-39) Sox15(HMG)/CPA-Sox15-ChIP-Seq(GSE62909)/Homer
		26 of 440 (1e-39) Oct4(POU,Homeobox)/mES-Oct4-ChIP-Seq(GSE11431)/Homer
		27 of 440 (1e-38) Elk4(ETS)/Hela-Elk4-ChIP-Seq(GSE31477)/Homer
		28 of 440 (1e-36) GFY-Staf(?,Zf)/Promoter/Homer
		29 of 440 (1e-36) Sox3(HMG)/NPC-Sox3-ChIP-Seq(GSE33059)/Homer
		30 of 440 (1e-35) Esrrb(NR)/mES-Esrrb-ChIP-Seq(GSE11431)/Homer
		31 of 440 (1e-34) TEAD2(TEA)/Py2T-Tead2-ChIP-Seq(GSE55709)/Homer
		32 of 440 (1e-34) Oct11(POU,Homeobox)/NCIH1048-POU2F3-ChIP-seq(GSE115123)/Homer
		33 of 440 (1e-34) ELF1(ETS)/Jurkat-ELF1-ChIP-Seq(SRA014231)/Homer
		34 of 440 (1e-33) ERRg(NR)/Kidney-ESRRG-ChIP-Seq(GSE104905)/Homer
		35 of 440 (1e-33) TEAD3(TEA)/HepG2-TEAD3-ChIP-Seq(Encode)/Homer
		36 of 440 (1e-32) Oct6(POU,Homeobox)/NPC-Pou3f1-ChIP-Seq(GSE35496)/Homer
		37 of 440 (1e-32) GFY(?)/Promoter/Homer
		38 of 440 (1e-32) Elk1(ETS)/Hela-Elk1-ChIP-Seq(GSE31477)/Homer
		39 of 440 (1e-31) E2F4(E2F)/K562-E2F4-ChIP-Seq(GSE31477)/Homer
		40 of 440 (1e-30) Sox4(HMG)/proB-Sox4-ChIP-Seq(GSE50066)/Homer
		41 of 440 (1e-30) LEF1(HMG)/H1-LEF1-ChIP-Seq(GSE64758)/Homer
		42 of 440 (1e-28) RAR:RXR(NR),DR0/ES-RAR-ChIP-Seq(GSE56893)/Homer
		43 of 440 (1e-26) Sox6(HMG)/Myotubes-Sox6-ChIP-Seq(GSE32627)/Homer
		44 of 440 (1e-25) ETS(ETS)/Promoter/Homer
		45 of 440 (1e-25) OCT:OCT(POU,Homeobox,IR1)/NPC-Brn2-ChIP-Seq(GSE35496)/Homer
		46 of 440 (1e-23) Sox7(HMG)/ESC-Sox7-ChIP-Seq(GSE133899)/Homer
		47 of 440 (1e-22) Nr5a2(NR)/mES-Nr5a2-ChIP-Seq(GSE19019)/Homer
		48 of 440 (1e-21) Sox21(HMG)/ESC-SOX21-ChIP-Seq(GSE110505)/Homer
		49 of 440 (1e-21) Zic3(Zf)/mES-Zic3-ChIP-Seq(GSE37889)/Homer
		50 of 440 (1e-21) Tcf3(HMG)/mES-Tcf3-ChIP-Seq(GSE11724)/Homer
		51 of 440 (1e-20) E2F7(E2F)/Hela-E2F7-ChIP-Seq(GSE32673)/Homer
		52 of 440 (1e-20) RFX(HTH)/K562-RFX3-ChIP-Seq(SRA012198)/Homer
		53 of 440 (1e-20) GABPA(ETS)/Jurkat-GABPa-ChIP-Seq(GSE17954)/Homer
		54 of 440 (1e-20) Sox10(HMG)/SciaticNerve-Sox3-ChIP-Seq(GSE35132)/Homer
		55 of 440 (1e-19) Unknown-ESC-element(?)/mES-Nanog-ChIP-Seq(GSE11724)/Homer
		56 of 440 (1e-19) NFY(CCAAT)/Promoter/Homer
		57 of 440 (1e-19) NRF(NRF)/Promoter/Homer
		58 of 440 (1e-19) TCFL2(HMG)/K562-TCF7L2-ChIP-Seq(GSE29196)/Homer
		59 of 440 (1e-19) Maz(Zf)/HepG2-Maz-ChIP-Seq(GSE31477)/Homer
		60 of 440 (1e-19) NRF1(NRF)/MCF7-NRF1-ChIP-Seq(Unpublished)/Homer
		61 of 440 (1e-18) Bach1(bZIP)/K562-Bach1-ChIP-Seq(GSE31477)/Homer
		62 of 440 (1e-18) SF1(NR)/H295R-Nr5a1-ChIP-Seq(GSE44220)/Homer
		63 of 440 (1e-17) Oct2(POU,Homeobox)/Bcell-Oct2-ChIP-Seq(GSE21512)/Homer
		64 of 440 (1e-17) Nrf2(bZIP)/Lymphoblast-Nrf2-ChIP-Seq(GSE37589)/Homer
		65 of 440 (1e-17) Zic2(Zf)/ESC-Zic2-ChIP-Seq(SRP197560)/Homer
		66 of 440 (1e-17) Stat3(Stat)/mES-Stat3-ChIP-Seq(GSE11431)/Homer
		67 of 440 (1e-17) Nr5a2(NR)/Pancreas-LRH1-ChIP-Seq(GSE34295)/Homer
		68 of 440 (1e-16) Rfx2(HTH)/LoVo-RFX2-ChIP-Seq(GSE49402)/Homer
		69 of 440 (1e-14) NF-E2(bZIP)/K562-NFE2-ChIP-Seq(GSE31477)/Homer
		70 of 440 (1e-14) NFkB-p65(RHD)/GM12787-p65-ChIP-Seq(GSE19485)/Homer
		71 of 440 (1e-14) Zic(Zf)/Cerebellum-ZIC1.2-ChIP-Seq(GSE60731)/Homer
		72 of 440 (1e-14) Sox9(HMG)/Limb-SOX9-ChIP-Seq(GSE73225)/Homer
		73 of 440 (1e-14) USF1(bHLH)/GM12878-Usf1-ChIP-Seq(GSE32465)/Homer
		74 of 440 (1e-14) Fli1(ETS)/CD8-FLI-ChIP-Seq(GSE20898)/Homer
		75 of 440 (1e-13) bHLHE40(bHLH)/HepG2-BHLHE40-ChIP-Seq(GSE31477)/Homer
		76 of 440 (1e-13) Zfp281(Zf)/ES-Zfp281-ChIP-Seq(GSE81042)/Homer
		77 of 440 (1e-12) CTCF-SatelliteElement(Zf?)/CD4+-CTCF-ChIP-Seq(Barski_et_al.)/Homer
		78 of 440 (1e-12) MYNN(Zf)/HEK293-MYNN.eGFP-ChIP-Seq(Encode)/Homer
		79 of 440 (1e-11) E-box(bHLH)/Promoter/Homer
		80 of 440 (1e-11) CRE(bZIP)/Promoter/Homer
		81 of 440 (1e-11) Usf2(bHLH)/C2C12-Usf2-ChIP-Seq(GSE36030)/Homer
		82 of 440 (1e-11) E2F1(E2F)/Hela-E2F1-ChIP-Seq(GSE22478)/Homer
		83 of 440 (1e-11) RARg(NR)/ES-RARg-ChIP-Seq(GSE30538)/Homer
		84 of 440 (1e-10) TFE3(bHLH)/MEF-TFE3-ChIP-Seq(GSE75757)/Homer
		85 of 440 (1e-10) PBX1(Homeobox)/MCF7-PBX1-ChIP-Seq(GSE28007)/Homer
		86 of 440 (1e-10) NFkB-p65-Rel(RHD)/ThioMac-LPS-Expression(GSE23622)/Homer
		87 of 440 (1e-10) ETV4(ETS)/HepG2-ETV4-ChIP-Seq(ENCODE)/Homer
		88 of 440 (1e-9) EAR2(NR)/K562-NR2F6-ChIP-Seq(Encode)/Homer
		89 of 440 (1e-9) c-Myc(bHLH)/LNCAP-cMyc-ChIP-Seq(Unpublished)/Homer
		90 of 440 (1e-9) Arnt:Ahr(bHLH)/MCF7-Arnt-ChIP-Seq(Lo_et_al.)/Homer
		91 of 440 (1e-9) Bach2(bZIP)/OCILy7-Bach2-ChIP-Seq(GSE44420)/Homer
		92 of 440 (1e-9) COUP-TFII(NR)/K562-NR2F1-ChIP-Seq(Encode)/Homer
		93 of 440 (1e-8) X-box(HTH)/NPC-H3K4me1-ChIP-Seq(GSE16256)/Homer
		94 of 440 (1e-8) NFE2L2(bZIP)/HepG2-NFE2L2-ChIP-Seq(Encode)/Homer
		95 of 440 (1e-8) E2F3(E2F)/MEF-E2F3-ChIP-Seq(GSE71376)/Homer
		96 of 440 (1e-8) Tcf7(HMG)/GM12878-TCF7-ChIP-Seq(Encode)/Homer
		97 of 440 (1e-8) Tcfcp2l1(CP2)/mES-Tcfcp2l1-ChIP-Seq(GSE11431)/Homer
		98 of 440 (1e-8) EWS:FLI1-fusion(ETS)/SK_N_MC-EWS:FLI1-ChIP-Seq(SRA014231)/Homer
		99 of 440 (1e-8) ETS1(ETS)/Jurkat-ETS1-ChIP-Seq(GSE17954)/Homer
		100 of 440 (1e-8) STAT1(Stat)/HelaS3-STAT1-ChIP-Seq(GSE12782)/Homer
		101 of 440 (1e-8) Isl1(Homeobox)/Neuron-Isl1-ChIP-Seq(GSE31456)/Homer
		102 of 440 (1e-8) SPDEF(ETS)/VCaP-SPDEF-ChIP-Seq(SRA014231)/Homer
		103 of 440 (1e-7) Elf4(ETS)/BMDM-Elf4-ChIP-Seq(GSE88699)/Homer
		104 of 440 (1e-7) GFX(?)/Promoter/Homer
		105 of 440 (1e-7) STAT5(Stat)/mCD4+-Stat5-ChIP-Seq(GSE12346)/Homer
		106 of 440 (1e-7) STAT4(Stat)/CD4-Stat4-ChIP-Seq(GSE22104)/Homer
		107 of 440 (1e-7) E2F6(E2F)/Hela-E2F6-ChIP-Seq(GSE31477)/Homer
		108 of 440 (1e-6) PRDM15(Zf)/ESC-Prdm15-ChIP-Seq(GSE73694)/Homer
		109 of 440 (1e-6) En1(Homeobox)/SUM149-EN1-ChIP-Seq(GSE120957)/Homer
		110 of 440 (1e-6) Npas4(bHLH)/Neuron-Npas4-ChIP-Seq(GSE127793)/Homer
		111 of 440 (1e-6) HIF-1a(bHLH)/MCF7-HIF1a-ChIP-Seq(GSE28352)/Homer
		112 of 440 (1e-5) ETV1(ETS)/GIST48-ETV1-ChIP-Seq(GSE22441)/Homer
		113 of 440 (1e-5) Etv2(ETS)/ES-ER71-ChIP-Seq(GSE59402)/Homer
		114 of 440 (1e-5) CLOCK(bHLH)/Liver-Clock-ChIP-Seq(GSE39860)/Homer
		115 of 440 (1e-5) HIF2a(bHLH)/785_O-HIF2a-ChIP-Seq(GSE34871)/Homer
		116 of 440 (1e-5) Brn2(POU,Homeobox)/NPC-Brn2-ChIP-Seq(GSE35496)/Homer
		117 of 440 (1e-5) Stat3+il21(Stat)/CD4-Stat3-ChIP-Seq(GSE19198)/Homer
		118 of 440 (1e-5) ZBTB33(Zf)/GM12878-ZBTB33-ChIP-Seq(GSE32465)/Homer
		119 of 440 (1e-5) Nur77(NR)/K562-NR4A1-ChIP-Seq(GSE31363)/Homer
		120 of 440 (1e-5) CHR(?)/Hela-CellCycle-Expression/Homer
		121 of 440 (1e-5) ETS:RUNX(ETS,Runt)/Jurkat-RUNX1-ChIP-Seq(GSE17954)/Homer
		122 of 440 (1e-5) COUP-TFII(NR)/Artia-Nr2f2-ChIP-Seq(GSE46497)/Homer
		123 of 440 (1e-5) CEBP(bZIP)/ThioMac-CEBPb-ChIP-Seq(GSE21512)/Homer
		124 of 440 (1e-5) Egr2(Zf)/Thymocytes-Egr2-ChIP-Seq(GSE34254)/Homer
		125 of 440 (1e-5) DLX5(Homeobox)/BasalGanglia-Dlx5-ChIP-seq(GSE124936)/Homer
		126 of 440 (1e-5) ZNF143|STAF(Zf)/CUTLL-ZNF143-ChIP-Seq(GSE29600)/Homer
		127 of 440 (1e-5) ELF5(ETS)/T47D-ELF5-ChIP-Seq(GSE30407)/Homer
		128 of 440 (1e-5) JunD(bZIP)/K562-JunD-ChIP-Seq/Homer
		129 of 440 (1e-5) Rfx1(HTH)/NPC-H3K4me1-ChIP-Seq(GSE16256)/Homer
		130 of 440 (1e-5) NFIL3(bZIP)/HepG2-NFIL3-ChIP-Seq(Encode)/Homer
		131 of 440 (1e-4) ZFX(Zf)/mES-Zfx-ChIP-Seq(GSE11431)/Homer
		132 of 440 (1e-4) OCT:OCT(POU,Homeobox)/NPC-Brn1-ChIP-Seq(GSE35496)/Homer
		133 of 440 (1e-4) Pknox1(Homeobox)/ES-Prep1-ChIP-Seq(GSE63282)/Homer
		134 of 440 (1e-4) E2F(E2F)/Hela-CellCycle-Expression/Homer
		135 of 440 (1e-4) Dlx3(Homeobox)/Kerainocytes-Dlx3-ChIP-Seq(GSE89884)/Homer
		136 of 440 (1e-4) Lhx3(Homeobox)/Neuron-Lhx3-ChIP-Seq(GSE31456)/Homer
		137 of 440 (1e-4) Foxa3(Forkhead)/Liver-Foxa3-ChIP-Seq(GSE77670)/Homer
		138 of 440 (1e-4) FOXP1(Forkhead)/H9-FOXP1-ChIP-Seq(GSE31006)/Homer
		139 of 440 (1e-4) PU.1:IRF8(ETS:IRF)/pDC-Irf8-ChIP-Seq(GSE66899)/Homer
		140 of 440 (1e-4) Rfx6(HTH)/Min6b1-Rfx6.HA-ChIP-Seq(GSE62844)/Homer
		141 of 440 (1e-4) HIF-1b(HLH)/T47D-HIF1b-ChIP-Seq(GSE59937)/Homer
		142 of 440 (1e-4) Oct4:Sox17(POU,Homeobox,HMG)/F9-Sox17-ChIP-Seq(GSE44553)/Homer
		143 of 440 (1e-4) Rfx5(HTH)/GM12878-Rfx5-ChIP-Seq(GSE31477)/Homer
		144 of 440 (1e-4) HINFP(Zf)/K562-HINFP.eGFP-ChIP-Seq(Encode)/Homer
		145 of 440 (1e-3) Pbx3(Homeobox)/GM12878-PBX3-ChIP-Seq(GSE32465)/Homer
		146 of 440 (1e-3) LHX9(Homeobox)/Hct116-LHX9.V5-ChIP-Seq(GSE116822)/Homer
		147 of 440 (1e-3) Jun-AP1(bZIP)/K562-cJun-ChIP-Seq(GSE31477)/Homer
		148 of 440 (1e-3) Zfp57(Zf)/H1-ZFP57.HA-ChIP-Seq(GSE115387)/Homer
		149 of 440 (1e-3) Lhx1(Homeobox)/EmbryoCarcinoma-Lhx1-ChIP-Seq(GSE70957)/Homer
		150 of 440 (1e-3) Bcl6(Zf)/Liver-Bcl6-ChIP-Seq(GSE31578)/Homer
		151 of 440 (1e-3) EBF(EBF)/proBcell-EBF-ChIP-Seq(GSE21978)/Homer
		152 of 440 (1e-3) Fra2(bZIP)/Striatum-Fra2-ChIP-Seq(GSE43429)/Homer
		153 of 440 (1e-3) EBF1(EBF)/Near-E2A-ChIP-Seq(GSE21512)/Homer
		154 of 440 (1e-3) Lhx2(Homeobox)/HFSC-Lhx2-ChIP-Seq(GSE48068)/Homer
		155 of 440 (1e-3) ELF3(ETS)/PDAC-ELF3-ChIP-Seq(GSE64557)/Homer
		156 of 440 (1e-3) Gfi1b(Zf)/HPC7-Gfi1b-ChIP-Seq(GSE22178)/Homer
		157 of 440 (1e-3) Fos(bZIP)/TSC-Fos-ChIP-Seq(GSE110950)/Homer
		158 of 440 (1e-3) NFkB-p50,p52(RHD)/Monocyte-p50-ChIP-Chip(Schreiber_et_al.)/Homer
		159 of 440 (1e-3) PAX5(Paired,Homeobox),condensed/GM12878-PAX5-ChIP-Seq(GSE32465)/Homer
		160 of 440 (1e-3) Fosl2(bZIP)/3T3L1-Fosl2-ChIP-Seq(GSE56872)/Homer
		161 of 440 (1e-3) CEBP:AP1(bZIP)/ThioMac-CEBPb-ChIP-Seq(GSE21512)/Homer
		162 of 440 (1e-3) TATA-Box(TBP)/Promoter/Homer
		163 of 440 (1e-3) ZNF415(Zf)/HEK293-ZNF415.GFP-ChIP-Seq(GSE58341)/Homer
		164 of 440 (1e-2) FOXK2(Forkhead)/U2OS-FOXK2-ChIP-Seq(E-MTAB-2204)/Homer
		165 of 440 (1e-2) HLF(bZIP)/HSC-HLF.Flag-ChIP-Seq(GSE69817)/Homer
		166 of 440 (1e-2) IRF4(IRF)/GM12878-IRF4-ChIP-Seq(GSE32465)/Homer
		167 of 440 (1e-2) bHLHE41(bHLH)/proB-Bhlhe41-ChIP-Seq(GSE93764)/Homer
		168 of 440 (1e-2) Foxh1(Forkhead)/hESC-FOXH1-ChIP-Seq(GSE29422)/Homer
		169 of 440 (1e-2) ZNF711(Zf)/SHSY5Y-ZNF711-ChIP-Seq(GSE20673)/Homer
		170 of 440 (1e-2) Atf4(bZIP)/MEF-Atf4-ChIP-Seq(GSE35681)/Homer
		171 of 440 (1e-2) Fra1(bZIP)/BT549-Fra1-ChIP-Seq(GSE46166)/Homer
		172 of 440 (1e-2) DLX1(Homeobox)/BasalGanglia-Dlx1-ChIP-seq(GSE124936)/Homer
		173 of 440 (1e-2) Pitx1:Ebox(Homeobox,bHLH)/Hindlimb-Pitx1-ChIP-Seq(GSE41591)/Homer
		174 of 440 (1e-2) Egr1(Zf)/K562-Egr1-ChIP-Seq(GSE32465)/Homer
		175 of 440 (1e-2) IRF8(IRF)/BMDM-IRF8-ChIP-Seq(GSE77884)/Homer
		176 of 440 (1e-2) WT1(Zf)/Kidney-WT1-ChIP-Seq(GSE90016)/Homer
		177 of 440 (1e-2) LXRE(NR),DR4/RAW-LXRb.biotin-ChIP-Seq(GSE21512)/Homer
		178 of 440 (1e-2) EHF(ETS)/LoVo-EHF-ChIP-Seq(GSE49402)/Homer
		179 of 440 (1e-2) Atf3(bZIP)/GBM-ATF3-ChIP-Seq(GSE33912)/Homer
		180 of 440 (1e-2) Atf7(bZIP)/3T3L1-Atf7-ChIP-Seq(GSE56872)/Homer
	----------------------------------------------------------
	De novo motif finding (HOMER)

	Number of Trial motifs (-T) set to 7 (from 10) to work well with 7 CPUs
	Scanning input files...
	Parsing sequences...
	|0%                                   50%                                  100%|
	===============================================================================
	Total number of Oligos: 32896
	Autoadjustment for sequence coverage in background: 1.23x

	Oligos: 32896 of 34497 max
	Tree  : 67228 of 172485 max
	Optimizing memory usage...
	Cache length = 11180
	Using binomial scoring

	Global Optimization Phase: Looking for enriched oligos with up to 2 mismatches...

	Screening oligos 32896 (allowing 0 mismatches):
	|0%                                   50%                                  100%|
	================================================================================
		0.00% skipped, 100.00% checked (32896 of 32896), of those checked:
		0.00% not in target, 0.00% increased p-value, 0.00% high p-value

	Screening oligos 32896 (allowing 1 mismatches):
	|0%                                   50%                                  100%|
	================================================================================
		0.00% skipped, 100.00% checked (32896 of 32896), of those checked:
		0.00% not in target, 44.85% increased p-value, 41.52% high p-value

	Screening oligos 32896 (allowing 2 mismatches):
	|0%                                   50%                                  100%|
	================================================================================
		56.44% skipped, 43.56% checked (14329 of 32896), of those checked:
		0.00% not in target, 33.63% increased p-value, 0.00% high p-value
	Reading input files...
	50000 total sequences read
	Cache length = 11180
	Using binomial scoring

	Local Optimization Phase:
	1 of 25 Initial Sequence: CGGAATTC... (-245.269)
		Round 1: -335.51 CGGAATTC T:3530.2(23.23%),B:7046.4(14.78%),P:1e-145
		Round 2: -335.51 CGGAATTC T:3530.2(23.23%),B:7046.4(14.78%),P:1e-145
		=Final=: -136.94 CGGAATTC T:2056.0(15.40%),B:3870.2(10.77%),P:1e-59
		Performing exhaustive masking of motif...
		Reprioritizing potential motifs...
	2 of 25 Initial Sequence: TGTAATGC... (-204.664)
		Round 1: -204.66 TGTAATGC T:276.2(2.05%),B:200.5(0.45%),P:1e-88
		Round 2: -204.66 TGTAATGC T:276.2(2.05%),B:200.5(0.45%),P:1e-88
		=Final=: -205.86 TGTAATGC T:302.0(2.26%),B:196.4(0.55%),P:1e-89
		Performing exhaustive masking of motif...
		Reprioritizing potential motifs...
	3 of 25 Initial Sequence: TGGGCGGA... (-168.064)
		Round 1: -311.49 TGGGCGGA T:10044.1(52.87%),B:24138.8(42.19%),P:1e-135
		Round 2: -326.62 AGGGCGKR T:10297.3(53.76%),B:24608.5(42.81%),P:1e-141
		Round 3: -326.62 AGGGCGKR T:10297.3(53.76%),B:24608.5(42.81%),P:1e-141
		=Final=: -233.12 AGGGCGKR T:7061.0(52.89%),B:15684.9(43.65%),P:1e-101
		Performing exhaustive masking of motif...
		Reprioritizing potential motifs...
	4 of 25 Initial Sequence: ACAATAGA... (-152.127)
		Round 1: -178.60 ACAATAGA T:495.9(3.64%),B:607.2(1.37%),P:1e-77
		Round 2: -178.60 ACAATAGA T:495.9(3.64%),B:607.2(1.37%),P:1e-77
		=Final=: -187.58 ACAATAGA T:359.0(2.69%),B:289.1(0.80%),P:1e-81
		Performing exhaustive masking of motif...
		Reprioritizing potential motifs...
	5 of 25 Initial Sequence: CAAGGTCA... (-119.431)
		Round 1: -139.80 CAAGGTYA T:2016.8(14.02%),B:4423.4(9.55%),P:1e-60
		Round 2: -153.54 RAAGGTCA T:1899.3(13.26%),B:4026.2(8.74%),P:1e-66
		Round 3: -153.54 RAAGGTCA T:1899.3(13.26%),B:4026.2(8.74%),P:1e-66
		=Final=: -143.18 RAAGGTCA T:2018.0(15.11%),B:3749.6(10.44%),P:1e-62
		Performing exhaustive masking of motif...
		Reprioritizing potential motifs...
	6 of 25 Initial Sequence: GAATGTTA... (-109.027)
		Round 1: -109.03 GAATGTTA T:249.1(1.85%),B:274.8(0.62%),P:1e-47
		Round 2: -109.03 GAATGTTA T:249.1(1.85%),B:274.8(0.62%),P:1e-47
		=Final=: -83.91 GAATGTTA T:252.0(1.89%),B:271.1(0.75%),P:1e-36
		Performing exhaustive masking of motif...
		Reprioritizing potential motifs...
	7 of 25 Initial Sequence: CCTTAGGC... (-105.479)
		Round 1: -183.41 CCTYAGGC T:3687.3(24.13%),B:8530.4(17.61%),P:1e-79
		Round 2: -183.41 CCTYAGGC T:3687.3(24.13%),B:8530.4(17.61%),P:1e-79
		=Final=: -168.65 CCTYAGGC T:3352.0(25.11%),B:6731.3(18.73%),P:1e-73
		Performing exhaustive masking of motif...
		Reprioritizing potential motifs...
	8 of 25 Initial Sequence: TTATAAGT... (-97.086)
		Round 1: -97.09 TTATAAGT T:224.0(1.66%),B:248.7(0.56%),P:1e-42
		Round 2: -97.09 TTATAAGT T:224.0(1.66%),B:248.7(0.56%),P:1e-42
		=Final=: -117.63 TTATAAGT T:266.0(1.99%),B:241.1(0.67%),P:1e-51
		Performing exhaustive masking of motif...
		Reprioritizing potential motifs...
	9 of 25 Initial Sequence: CCTATTCA... (-96.902)
		Round 1: -99.35 CCTATTCA T:275.2(2.04%),B:342.9(0.77%),P:1e-43
		Round 2: -107.52 CCWATYCG T:4020.8(26.00%),B:10265.8(20.79%),P:1e-46
		Round 3: -107.52 CCWATYCG T:4020.8(26.00%),B:10265.8(20.79%),P:1e-46
		=Final=: -97.92 CCWATYCG T:3939.0(29.50%),B:8727.6(24.29%),P:1e-42
		Performing exhaustive masking of motif...
		Reprioritizing potential motifs...
	10 of 25 Initial Sequence: GGGGCGGG... (-83.472)
		Round 1: -213.53 KGGGCGGG T:7883.7(44.59%),B:19627.5(35.96%),P:1e-92
		Round 2: -215.61 GGGGCGKG T:8807.3(48.30%),B:22134.2(39.50%),P:1e-93
		Round 3: -216.51 KGGGCGKT T:8953.6(48.86%),B:22520.2(40.03%),P:1e-94
		Round 4: -216.51 KGGGCGKT T:8953.6(48.86%),B:22520.2(40.03%),P:1e-94
		=Final=: -171.86 KGGGCGKT T:5900.0(44.19%),B:13099.1(36.46%),P:1e-74
		Performing exhaustive masking of motif...
		Reprioritizing potential motifs...
	11 of 25 Initial Sequence: TTAGCTAT... (-71.062)
		Round 1: -71.06 TTAGCTAT T:208.8(1.55%),B:268.0(0.61%),P:1e-30
		Round 2: -71.06 TTAGCTAT T:208.8(1.55%),B:268.0(0.61%),P:1e-30
		=Final=: -78.56 TTAGCTAT T:242.0(1.81%),B:264.2(0.74%),P:1e-34
		Performing exhaustive masking of motif...
		Reprioritizing potential motifs...
	12 of 25 Initial Sequence: ATAATACT... (-70.652)
		Round 1: -70.65 ATAATACT T:162.4(1.21%),B:182.5(0.41%),P:1e-30
		Round 2: -70.65 ATAATACT T:162.4(1.21%),B:182.5(0.41%),P:1e-30
		=Final=: -83.94 ATAATACT T:194.0(1.45%),B:179.9(0.50%),P:1e-36
		Performing exhaustive masking of motif...
		Reprioritizing potential motifs...
	13 of 25 Initial Sequence: GTAAATTC... (-70.114)
		Round 1: -124.14 GTAAATTC T:544.7(3.99%),B:841.4(1.89%),P:1e-53
		Round 2: -124.14 GTAAATTC T:544.7(3.99%),B:841.4(1.89%),P:1e-53
		=Final=: -99.49 GTAAATTC T:567.0(4.25%),B:809.8(2.25%),P:1e-43
		Performing exhaustive masking of motif...
		Reprioritizing potential motifs...
	14 of 25 Initial Sequence: CACACCCA... (-66.848)
		Round 1: -72.74 CACACCCA T:911.6(6.60%),B:1963.4(4.36%),P:1e-31
		Round 2: -76.52 TCCACCCA T:2870.1(19.34%),B:7384.3(15.44%),P:1e-33
		Round 3: -76.52 TCCACCCA T:2870.1(19.34%),B:7384.3(15.44%),P:1e-33
		=Final=: -96.30 TCCACCCA T:2927.0(21.92%),B:6222.4(17.32%),P:1e-41
		Performing exhaustive masking of motif...
		Reprioritizing potential motifs...
	15 of 25 Initial Sequence: CTAATTAG... (-64.245)
		Round 1: -88.69 CCAATCAG T:1920.8(13.40%),B:4572.5(9.86%),P:1e-38
		Round 2: -111.83 CCAATCAG T:1936.6(13.50%),B:4419.5(9.55%),P:1e-48
		Round 3: -111.83 CCAATCAG T:1936.6(13.50%),B:4419.5(9.55%),P:1e-48
		=Final=: -90.76 CCAATCAG T:2001.0(14.99%),B:4030.4(11.22%),P:1e-39
		Performing exhaustive masking of motif...
		Reprioritizing potential motifs...
	16 of 25 Initial Sequence: AACAAAGG... (-58.509)
		Round 1: -140.71 AACAAAGG T:3955.6(25.64%),B:9685.2(19.74%),P:1e-61
		Round 2: -140.71 AACAAAGG T:3955.6(25.64%),B:9685.2(19.74%),P:1e-61
		=Final=: -109.34 AACAAAGG T:2282.0(17.09%),B:4567.9(12.71%),P:1e-47
		Performing exhaustive masking of motif...
		Reprioritizing potential motifs...
	17 of 25 Initial Sequence: TCTACTAG... (-57.496)
		Round 1: -82.20 TCTACTAG T:273.8(2.02%),B:375.5(0.85%),P:1e-35
		Round 2: -82.20 TCTACTAG T:273.8(2.02%),B:375.5(0.85%),P:1e-35
		=Final=: -71.58 TCTACTAG T:170.0(1.27%),B:160.1(0.45%),P:1e-31
		Performing exhaustive masking of motif...
		Reprioritizing potential motifs...
	18 of 25 Initial Sequence: TGAAAGCG... (-54.880)
		Round 1: -91.33 TGAAAGCG T:5294.1(32.74%),B:14173.0(27.52%),P:1e-39
		Round 2: -101.97 TGAAAGCG T:6323.0(37.72%),B:16969.3(31.97%),P:1e-44
		Round 3: -106.13 TRAAAGCG T:8199.5(45.89%),B:22330.8(39.77%),P:1e-46
		Round 4: -106.13 TRAAAGCG T:8199.5(45.89%),B:22330.8(39.77%),P:1e-46
		=Final=: -95.54 TRAAAGCG T:5395.0(40.41%),B:12487.9(34.75%),P:1e-41
		Performing exhaustive masking of motif...
		Reprioritizing potential motifs...
	19 of 25 Initial Sequence: ATGCAAAT... (-53.540)
		Round 1: -102.57 ATGCWAAT T:799.6(5.81%),B:1516.1(3.38%),P:1e-44
		Round 2: -102.57 ATGCWAAT T:799.6(5.81%),B:1516.1(3.38%),P:1e-44
		=Final=: -114.12 ATGCWAAT T:898.0(6.73%),B:1427.1(3.97%),P:1e-49
		Performing exhaustive masking of motif...
		Reprioritizing potential motifs...
	20 of 25 Initial Sequence: GTTCCAAT... (-52.051)
		Round 1: -55.72 GTTCCAAT T:324.5(2.40%),B:567.1(1.28%),P:1e-24
		Round 2: -55.72 GTTCCAAT T:324.5(2.40%),B:567.1(1.28%),P:1e-24
		=Final=: -77.13 GTTCCAAT T:405.0(3.03%),B:561.7(1.56%),P:1e-33
		Performing exhaustive masking of motif...
		Reprioritizing potential motifs...
	21 of 25 Initial Sequence: GTATGGAT... (-50.733)
		Round 1: -50.73 GTATGGAT T:157.1(1.17%),B:211.2(0.48%),P:1e-22
		Round 2: -50.73 GTATGGAT T:157.1(1.17%),B:211.2(0.48%),P:1e-22
		=Final=: -60.61 GTATGGAT T:190.0(1.42%),B:210.2(0.59%),P:1e-26
		Performing exhaustive masking of motif...
		Reprioritizing potential motifs...
	22 of 25 Initial Sequence: GAATAGCT... (-50.417)
		Round 1: -53.98 GAATAGCT T:235.4(1.74%),B:367.8(0.83%),P:1e-23
		Round 2: -53.98 GAATAGCT T:235.4(1.74%),B:367.8(0.83%),P:1e-23
		=Final=: -69.80 GAATAGCT T:288.0(2.16%),B:362.4(1.01%),P:1e-30
		Performing exhaustive masking of motif...
		Reprioritizing potential motifs...
	23 of 25 Initial Sequence: TCCTTGAA... (-49.707)
		Round 1: -80.58 TCCTTGAA T:945.2(6.83%),B:2003.9(4.45%),P:1e-34
		Round 2: -80.58 TCCTTGAA T:945.2(6.83%),B:2003.9(4.45%),P:1e-34
		=Final=: -54.69 TCCTTGAA T:996.0(7.46%),B:1929.9(5.37%),P:1e-23
		Performing exhaustive masking of motif...
		Reprioritizing potential motifs...
	24 of 25 Initial Sequence: ATCTGAAT... (-46.849)
		Round 1: -47.54 ATCTGAAT T:238.4(1.77%),B:394.8(0.89%),P:1e-20
		Round 2: -48.67 ATCGGAAT T:832.3(6.04%),B:1921.6(4.27%),P:1e-21
		Round 3: -48.67 ATCGGAAT T:832.3(6.04%),B:1921.6(4.27%),P:1e-21
		=Final=: -69.68 ATCGGAAT T:999.0(7.48%),B:1846.0(5.14%),P:1e-30
		Performing exhaustive masking of motif...
		Reprioritizing potential motifs...
	25 of 25 Initial Sequence: GTAACCTC... (-44.363)
		Round 1: -73.41 GTAAYCWC T:1521.3(10.77%),B:3607.6(7.86%),P:1e-31
		Round 2: -81.97 GTAATCWC T:1161.2(8.33%),B:2562.7(5.65%),P:1e-35
		Round 3: -81.97 GTAATCWC T:1161.2(8.33%),B:2562.7(5.65%),P:1e-35
		=Final=: -82.54 GTAATCWC T:1297.0(9.71%),B:2447.0(6.81%),P:1e-35
		Performing exhaustive masking of motif...
		Reprioritizing potential motifs...

	Finalizing Enrichment Statistics (new in v3.4)
	Reading input files...
	50000 total sequences read
	Cache length = 11180
	Using binomial scoring
	Checking enrichment of 25 motif(s)
	|0%                                    50%                                  100%|
	=================================================================================
	Output in file: /home1/gyang/work_space/4.ProjectET/batch21_cr/7.Peak_anno2/ESC_Tfap2c_5k_rep1_peakAnalysis/homerMotifs.motifs8

	(Motifs in homer2 format)
	Determining similar motifs... 25 reduced to 17 motifs
	Outputing HTML and sequence logos for motif comparison...
	Checking de novo motifs against known motifs...
	Formatting HTML page...
		1 of 17 (1e-102) similar to PB0143.1_Klf7_2/Jaspar(0.812)
		2 of 17 (1e-90) similar to TEAD3(TEA)/HepG2-TEAD3-ChIP-Seq(Encode)/Homer(0.742)
		3 of 17 (1e-82) similar to TFAP2A/MA0003.4/Jaspar(0.898)
		4 of 17 (1e-80) similar to SOX15/MA1152.1/Jaspar(0.851)
		5 of 17 (1e-63) similar to NR2F2/MA1111.1/Jaspar(0.949)
		6 of 17 (1e-59) similar to TEAD(TEA)/Fibroblast-PU.1-ChIP-Seq(Unpublished)/Homer(0.779)
		7 of 17 (1e-58) similar to Brn1(POU,Homeobox)/NPC-Brn1-ChIP-Seq(GSE35496)/Homer(0.958)
		8 of 17 (1e-50) similar to PB0079.1_Sry_1/Jaspar(0.709)
		9 of 17 (1e-46) similar to IRF4(IRF)/GM12878-IRF4-ChIP-Seq(GSE32465)/Homer(0.666)
		10 of 17 (1e-44) similar to PB0171.1_Sox18_2/Jaspar(0.740)
		11 of 17 (1e-44) similar to VENTX/MA0724.1/Jaspar(0.647)
		12 of 17 (1e-42) similar to NFYC/MA1644.1/Jaspar(0.975)
		13 of 17 (1e-35) similar to DPRX/MA1480.1/Jaspar(0.672)
		14 of 17 (1e-33) similar to GATA2/MA0036.3/Jaspar(0.634)
		15 of 17 (1e-28) similar to HOXC13/MA0907.1/Jaspar(0.608)
		16 of 17 (1e-26) similar to HNF6(Homeobox)/Liver-Hnf6-ChIP-Seq(ERP000394)/Homer(0.753)
		17 of 17 (1e-22) similar to STAT1/MA0137.3/Jaspar(0.795)
	Job finished - if results look good, please send beer to ..

	Cleaning up tmp files...

