This is cutadapt 1.16 with Python 3.6.4
Command line parameters: -j 2 -a AGATCGGAAGAGC -A AGATCGGAAGAGC --trim-n -m 50 -q 20,20 -o /home1/gyang/work_space/4.ProjectET/batch3_cr/2.cutdata/TSC_Cdx2_1k_rep2.R1_cut.fq -p /home1/gyang/work_space/4.ProjectET/batch3_cr/2.cutdata/TSC_Cdx2_1k_rep2.R2_cut.fq TSC_Cdx2_1k_rep2.R1.fq.gz TSC_Cdx2_1k_rep2.R2.fq.gz
Running on 2 cores
Trimming 2 adapters with at most 10.0% errors in paired-end mode ...
Finished in 1756.82 s (34 us/read; 1.74 M reads/minute).

=== Summary ===

Total read pairs processed:         51,029,195
  Read 1 with adapter:              22,060,133 (43.2%)
  Read 2 with adapter:              17,331,329 (34.0%)
Pairs that were too short:           8,641,609 (16.9%)
Pairs written (passing filters):    42,387,586 (83.1%)

Total basepairs processed: 15,308,758,500 bp
  Read 1: 7,654,379,250 bp
  Read 2: 7,654,379,250 bp
Quality-trimmed:              55,299,183 bp (0.4%)
  Read 1:    17,443,034 bp
  Read 2:    37,856,149 bp
Total written (filtered):  11,498,408,236 bp (75.1%)
  Read 1: 5,749,943,746 bp
  Read 2: 5,748,464,490 bp

=== First read: Adapter 1 ===

Sequence: AGATCGGAAGAGC; Type: regular 3'; Length: 13; Trimmed: 22060133 times.

No. of allowed errors:
0-9 bp: 0; 10-13 bp: 1

Bases preceding removed adapters:
  A: 15.4%
  C: 14.4%
  G: 21.4%
  T: 27.4%
  none/other: 21.4%

Overview of removed sequences
length	count	expect	max.err	error counts
3	860712	797331.2	0	860712
4	322524	199332.8	0	322524
5	216264	49833.2	0	216264
6	185492	12458.3	0	185492
7	183332	3114.6	0	183332
8	192662	778.6	0	192662
9	188971	194.7	0	187078 1893
10	182503	48.7	1	175216 7287
11	189945	12.2	1	178781 11164
12	174406	3.0	1	165006 9400
13	156712	0.8	1	148091 8621
14	158047	0.8	1	148199 9848
15	161971	0.8	1	152775 9196
16	167464	0.8	1	156381 11083
17	189584	0.8	1	176932 12652
18	183650	0.8	1	173970 9680
19	165158	0.8	1	156401 8757
20	163155	0.8	1	154155 9000
21	151392	0.8	1	143249 8143
22	135121	0.8	1	128030 7091
23	130375	0.8	1	123003 7372
24	134657	0.8	1	125994 8663
25	131305	0.8	1	123618 7687
26	135193	0.8	1	127761 7432
27	151413	0.8	1	142821 8592
28	151646	0.8	1	143382 8264
29	167289	0.8	1	157015 10274
30	161748	0.8	1	153484 8264
31	148910	0.8	1	141413 7497
32	141326	0.8	1	134020 7306
33	133877	0.8	1	125791 8086
34	130416	0.8	1	122193 8223
35	119751	0.8	1	113626 6125
36	123244	0.8	1	116917 6327
37	131278	0.8	1	124193 7085
38	142455	0.8	1	134330 8125
39	148800	0.8	1	141288 7512
40	153311	0.8	1	144927 8384
41	141282	0.8	1	133224 8058
42	136726	0.8	1	128761 7965
43	121713	0.8	1	113397 8316
44	100626	0.8	1	94278 6348
45	170154	0.8	1	163486 6668
46	43088	0.8	1	37560 5528
47	103864	0.8	1	99239 4625
48	128347	0.8	1	121681 6666
49	120552	0.8	1	114196 6356
50	119011	0.8	1	111887 7124
51	134211	0.8	1	126751 7460
52	114167	0.8	1	108063 6104
53	94556	0.8	1	89485 5071
54	102029	0.8	1	96353 5676
55	110810	0.8	1	104955 5855
56	90691	0.8	1	85183 5508
57	117018	0.8	1	111292 5726
58	121012	0.8	1	114811 6201
59	118726	0.8	1	112344 6382
60	118787	0.8	1	113391 5396
61	93452	0.8	1	88003 5449
62	128011	0.8	1	122257 5754
63	126833	0.8	1	121522 5311
64	82556	0.8	1	77844 4712
65	71868	0.8	1	67063 4805
66	175925	0.8	1	170122 5803
67	119739	0.8	1	112355 7384
68	183680	0.8	1	177083 6597
69	104238	0.8	1	97525 6713
70	82480	0.8	1	77596 4884
71	20115	0.8	1	17539 2576
72	32342	0.8	1	30434 1908
73	70391	0.8	1	67648 2743
74	88231	0.8	1	84286 3945
75	97208	0.8	1	92754 4454
76	95047	0.8	1	90309 4738
77	96183	0.8	1	91261 4922
78	100375	0.8	1	95301 5074
79	106267	0.8	1	100809 5458
80	116819	0.8	1	110859 5960
81	121772	0.8	1	115656 6116
82	118182	0.8	1	112388 5794
83	111413	0.8	1	105750 5663
84	109072	0.8	1	103461 5611
85	106002	0.8	1	100682 5320
86	107185	0.8	1	101564 5621
87	108117	0.8	1	102385 5732
88	108713	0.8	1	102878 5835
89	118425	0.8	1	112398 6027
90	127800	0.8	1	121322 6478
91	127171	0.8	1	120689 6482
92	127530	0.8	1	121128 6402
93	127661	0.8	1	121120 6541
94	125272	0.8	1	118749 6523
95	117918	0.8	1	111822 6096
96	118372	0.8	1	112121 6251
97	113143	0.8	1	107178 5965
98	116086	0.8	1	110049 6037
99	121621	0.8	1	115459 6162
100	127991	0.8	1	121327 6664
101	131492	0.8	1	124898 6594
102	129245	0.8	1	122686 6559
103	122548	0.8	1	116312 6236
104	118798	0.8	1	112647 6151
105	114391	0.8	1	108518 5873
106	107199	0.8	1	101716 5483
107	105927	0.8	1	100335 5592
108	107805	0.8	1	102048 5757
109	115738	0.8	1	109759 5979
110	131097	0.8	1	124434 6663
111	148203	0.8	1	140907 7296
112	142772	0.8	1	135620 7152
113	140758	0.8	1	133832 6926
114	137989	0.8	1	131272 6717
115	128525	0.8	1	122329 6196
116	127155	0.8	1	120950 6205
117	131483	0.8	1	125151 6332
118	124264	0.8	1	118261 6003
119	136398	0.8	1	129868 6530
120	161997	0.8	1	154700 7297
121	168980	0.8	1	161695 7285
122	159308	0.8	1	152546 6762
123	159536	0.8	1	152617 6919
124	134726	0.8	1	128787 5939
125	118744	0.8	1	113623 5121
126	118881	0.8	1	113982 4899
127	92608	0.8	1	88973 3635
128	78553	0.8	1	75369 3184
129	70392	0.8	1	67716 2676
130	59274	0.8	1	57094 2180
131	37547	0.8	1	36188 1359
132	17066	0.8	1	16456 610
133	5713	0.8	1	5464 249
134	1287	0.8	1	1216 71
135	321	0.8	1	281 40
136	77	0.8	1	56 21
137	56	0.8	1	29 27
138	74	0.8	1	38 36
139	44	0.8	1	12 32
140	41	0.8	1	10 31
141	141	0.8	1	68 73
142	90	0.8	1	42 48
143	576	0.8	1	490 86
144	118	0.8	1	39 79
145	148	0.8	1	23 125
146	226	0.8	1	44 182
147	615	0.8	1	106 509
148	1496	0.8	1	26 1470
149	30467	0.8	1	92 30375
150	4714609	0.8	1	1949 4712660

=== Second read: Adapter 2 ===

Sequence: AGATCGGAAGAGC; Type: regular 3'; Length: 13; Trimmed: 17331329 times.

No. of allowed errors:
0-9 bp: 0; 10-13 bp: 1

Bases preceding removed adapters:
  A: 19.6%
  C: 18.1%
  G: 27.1%
  T: 35.2%
  none/other: 0.0%

Overview of removed sequences
length	count	expect	max.err	error counts
3	871952	797331.2	0	871952
4	324062	199332.8	0	324062
5	216123	49833.2	0	216123
6	183425	12458.3	0	183425
7	188242	3114.6	0	188242
8	206354	778.6	0	206354
9	173158	194.7	0	171861 1297
10	186969	48.7	1	180255 6714
11	188146	12.2	1	179579 8567
12	178985	3.0	1	171449 7536
13	157295	0.8	1	151682 5613
14	163197	0.8	1	155241 7956
15	157390	0.8	1	151348 6042
16	166438	0.8	1	160024 6414
17	200532	0.8	1	192236 8296
18	162801	0.8	1	157067 5734
19	226037	0.8	1	217180 8857
20	137336	0.8	1	131983 5353
21	140752	0.8	1	134679 6073
22	131000	0.8	1	126257 4743
23	133836	0.8	1	128559 5277
24	341144	0.8	1	329311 11833
25	89274	0.8	1	85128 4146
26	88070	0.8	1	84060 4010
27	87840	0.8	1	81675 6165
28	263309	0.8	1	256758 6551
29	56312	0.8	1	51443 4869
30	260627	0.8	1	253832 6795
31	80135	0.8	1	75373 4762
32	392030	0.8	1	383903 8127
33	123554	0.8	1	118236 5318
34	46427	0.8	1	43356 3071
35	192073	0.8	1	187982 4091
36	88726	0.8	1	85402 3324
37	80179	0.8	1	76987 3192
38	106601	0.8	1	103767 2834
39	88832	0.8	1	85798 3034
40	84441	0.8	1	81869 2572
41	136461	0.8	1	132837 3624
42	164805	0.8	1	160934 3871
43	74109	0.8	1	71497 2612
44	112635	0.8	1	109211 3424
45	265648	0.8	1	261422 4226
46	83687	0.8	1	80545 3142
47	85903	0.8	1	83315 2588
48	206773	0.8	1	202840 3933
49	117539	0.8	1	114464 3075
50	76800	0.8	1	74340 2460
51	198847	0.8	1	194715 4132
52	209888	0.8	1	205812 4076
53	124080	0.8	1	121171 2909
54	101813	0.8	1	99135 2678
55	125138	0.8	1	122756 2382
56	79232	0.8	1	77103 2129
57	104484	0.8	1	102261 2223
58	116786	0.8	1	114412 2374
59	85901	0.8	1	83939 1962
60	63505	0.8	1	61869 1636
61	53272	0.8	1	51880 1392
62	51760	0.8	1	50456 1304
63	54767	0.8	1	53293 1474
64	68288	0.8	1	66693 1595
65	70141	0.8	1	68358 1783
66	74083	0.8	1	72287 1796
67	75362	0.8	1	73546 1816
68	82989	0.8	1	81113 1876
69	94657	0.8	1	92501 2156
70	98912	0.8	1	96647 2265
71	111421	0.8	1	109068 2353
72	107144	0.8	1	104823 2321
73	106991	0.8	1	104703 2288
74	100946	0.8	1	98797 2149
75	100469	0.8	1	98284 2185
76	94963	0.8	1	92872 2091
77	95289	0.8	1	93228 2061
78	100595	0.8	1	98569 2026
79	103715	0.8	1	101557 2158
80	114440	0.8	1	112065 2375
81	120033	0.8	1	117673 2360
82	111992	0.8	1	109745 2247
83	107565	0.8	1	105405 2160
84	105423	0.8	1	103240 2183
85	102673	0.8	1	100521 2152
86	107562	0.8	1	105457 2105
87	111995	0.8	1	109810 2185
88	113863	0.8	1	111706 2157
89	115320	0.8	1	113136 2184
90	121820	0.8	1	119598 2222
91	119962	0.8	1	117745 2217
92	120319	0.8	1	118050 2269
93	123917	0.8	1	121678 2239
94	121716	0.8	1	119521 2195
95	115414	0.8	1	113289 2125
96	116882	0.8	1	114771 2111
97	108728	0.8	1	106737 1991
98	113863	0.8	1	111837 2026
99	118953	0.8	1	116902 2051
100	126241	0.8	1	123969 2272
101	130611	0.8	1	128352 2259
102	129011	0.8	1	126808 2203
103	123743	0.8	1	121669 2074
104	119424	0.8	1	117433 1991
105	112060	0.8	1	110186 1874
106	106713	0.8	1	104852 1861
107	105065	0.8	1	103305 1760
108	107394	0.8	1	105575 1819
109	115760	0.8	1	113862 1898
110	129676	0.8	1	127535 2141
111	146481	0.8	1	144219 2262
112	141153	0.8	1	138960 2193
113	140938	0.8	1	138841 2097
114	138712	0.8	1	136620 2092
115	129185	0.8	1	127287 1898
116	128328	0.8	1	126402 1926
117	129415	0.8	1	127624 1791
118	122674	0.8	1	120888 1786
119	134119	0.8	1	132294 1825
120	159477	0.8	1	157332 2145
121	166406	0.8	1	164379 2027
122	156770	0.8	1	154775 1995
123	157849	0.8	1	155936 1913
124	133530	0.8	1	131823 1707
125	118005	0.8	1	116548 1457
126	118314	0.8	1	116882 1432
127	92092	0.8	1	90967 1125
128	78249	0.8	1	77330 919
129	70158	0.8	1	69336 822
130	59018	0.8	1	58314 704
131	37361	0.8	1	36894 467
132	16958	0.8	1	16751 207
133	5658	0.8	1	5578 80
134	1272	0.8	1	1231 41
135	311	0.8	1	291 20
136	76	0.8	1	52 24
137	50	0.8	1	29 21
138	60	0.8	1	40 20
139	34	0.8	1	15 19
140	21	0.8	1	9 12
141	111	0.8	1	92 19
142	50	0.8	1	33 17
143	541	0.8	1	520 21
144	58	0.8	1	41 17
145	41	0.8	1	20 21
146	70	0.8	1	43 27
147	121	0.8	1	105 16
148	63	0.8	1	26 37
149	304	0.8	1	151 153
150	5756	0.8	1	2068 3688

