This is cutadapt 1.16 with Python 3.6.4
Command line parameters: -j 2 -a AGATCGGAAGAGC -A AGATCGGAAGAGC --trim-n -m 50 -q 20,20 -o /home1/gyang/work_space/4.ProjectET/batch3_cr/2.cutdata/TSC_Cdx2_100k_rep1.R1_cut.fq -p /home1/gyang/work_space/4.ProjectET/batch3_cr/2.cutdata/TSC_Cdx2_100k_rep1.R2_cut.fq TSC_Cdx2_100k_rep1.R1.fq.gz TSC_Cdx2_100k_rep1.R2.fq.gz
Running on 2 cores
Trimming 2 adapters with at most 10.0% errors in paired-end mode ...
Finished in 1612.96 s (36 us/read; 1.69 M reads/minute).

=== Summary ===

Total read pairs processed:         45,425,735
  Read 1 with adapter:              17,148,431 (37.8%)
  Read 2 with adapter:              16,726,720 (36.8%)
Pairs that were too short:           3,382,868 (7.4%)
Pairs written (passing filters):    42,042,867 (92.6%)

Total basepairs processed: 13,627,720,500 bp
  Read 1: 6,813,860,250 bp
  Read 2: 6,813,860,250 bp
Quality-trimmed:              46,956,674 bp (0.3%)
  Read 1:    15,248,901 bp
  Read 2:    31,707,773 bp
Total written (filtered):  11,388,570,567 bp (83.6%)
  Read 1: 5,694,325,174 bp
  Read 2: 5,694,245,393 bp

=== First read: Adapter 1 ===

Sequence: AGATCGGAAGAGC; Type: regular 3'; Length: 13; Trimmed: 17148431 times.

No. of allowed errors:
0-9 bp: 0; 10-13 bp: 1

Bases preceding removed adapters:
  A: 18.5%
  C: 17.6%
  G: 25.0%
  T: 36.9%
  none/other: 2.0%

Overview of removed sequences
length	count	expect	max.err	error counts
3	869577	709777.1	0	869577
4	310522	177444.3	0	310522
5	210907	44361.1	0	210907
6	189218	11090.3	0	189218
7	185138	2772.6	0	185138
8	198897	693.1	0	198897
9	176160	173.3	0	173599 2561
10	183141	43.3	1	175133 8008
11	183776	10.8	1	172431 11345
12	172005	2.7	1	161866 10139
13	154988	0.7	1	145360 9628
14	154298	0.7	1	144303 9995
15	163364	0.7	1	152879 10485
16	169017	0.7	1	157750 11267
17	194602	0.7	1	181265 13337
18	196673	0.7	1	185103 11570
19	172801	0.7	1	162599 10202
20	167193	0.7	1	156904 10289
21	152024	0.7	1	142706 9318
22	135297	0.7	1	127233 8064
23	130657	0.7	1	122365 8292
24	128892	0.7	1	119945 8947
25	131642	0.7	1	123185 8457
26	138939	0.7	1	130391 8548
27	157958	0.7	1	148045 9913
28	163845	0.7	1	153751 10094
29	181203	0.7	1	169426 11777
30	180517	0.7	1	169871 10646
31	165870	0.7	1	156159 9711
32	152977	0.7	1	143943 9034
33	136125	0.7	1	127567 8558
34	128367	0.7	1	120541 7826
35	129625	0.7	1	120900 8725
36	138263	0.7	1	130108 8155
37	135302	0.7	1	127329 7973
38	161136	0.7	1	151619 9517
39	178126	0.7	1	167373 10753
40	170487	0.7	1	159505 10982
41	161841	0.7	1	152130 9711
42	149634	0.7	1	140359 9275
43	121505	0.7	1	111956 9549
44	113414	0.7	1	104700 8714
45	176084	0.7	1	168717 7367
46	52701	0.7	1	45703 6998
47	115308	0.7	1	108327 6981
48	168321	0.7	1	159551 8770
49	119532	0.7	1	111067 8465
50	142805	0.7	1	133813 8992
51	158047	0.7	1	148583 9464
52	125409	0.7	1	118274 7135
53	97082	0.7	1	90964 6118
54	116298	0.7	1	108815 7483
55	145799	0.7	1	139397 6402
56	86021	0.7	1	78567 7454
57	155615	0.7	1	149527 6088
58	103749	0.7	1	96919 6830
59	129356	0.7	1	122181 7175
60	145696	0.7	1	139729 5967
61	81452	0.7	1	74225 7227
62	139769	0.7	1	132475 7294
63	162678	0.7	1	157276 5402
64	58678	0.7	1	53753 4925
65	63966	0.7	1	58947 5019
66	137974	0.7	1	132647 5327
67	99544	0.7	1	92653 6891
68	151251	0.7	1	144075 7176
69	156299	0.7	1	146955 9344
70	215312	0.7	1	208105 7207
71	24368	0.7	1	19549 4819
72	14672	0.7	1	12194 2478
73	62852	0.7	1	59560 3292
74	90112	0.7	1	85565 4547
75	99710	0.7	1	94436 5274
76	95858	0.7	1	90545 5313
77	95937	0.7	1	90591 5346
78	100057	0.7	1	94536 5521
79	102731	0.7	1	96999 5732
80	115385	0.7	1	109067 6318
81	126242	0.7	1	119195 7047
82	123720	0.7	1	116868 6852
83	112288	0.7	1	106031 6257
84	107464	0.7	1	101415 6049
85	100485	0.7	1	94865 5620
86	97247	0.7	1	91773 5474
87	98592	0.7	1	93155 5437
88	97155	0.7	1	91612 5543
89	102772	0.7	1	96967 5805
90	116412	0.7	1	110092 6320
91	116661	0.7	1	110309 6352
92	119439	0.7	1	113123 6316
93	120431	0.7	1	113781 6650
94	116840	0.7	1	110637 6203
95	103361	0.7	1	97614 5747
96	102404	0.7	1	96832 5572
97	92370	0.7	1	87376 4994
98	97074	0.7	1	91857 5217
99	95900	0.7	1	90609 5291
100	97011	0.7	1	91833 5178
101	103895	0.7	1	98234 5661
102	110760	0.7	1	104944 5816
103	108902	0.7	1	103107 5795
104	105009	0.7	1	99365 5644
105	96778	0.7	1	91530 5248
106	86674	0.7	1	82059 4615
107	81549	0.7	1	77128 4421
108	84146	0.7	1	79596 4550
109	83329	0.7	1	78963 4366
110	88519	0.7	1	83716 4803
111	100036	0.7	1	94843 5193
112	103541	0.7	1	98146 5395
113	109074	0.7	1	103455 5619
114	115823	0.7	1	109985 5838
115	104383	0.7	1	99096 5287
116	103746	0.7	1	98486 5260
117	106997	0.7	1	101559 5438
118	98854	0.7	1	93900 4954
119	98829	0.7	1	93958 4871
120	105866	0.7	1	100670 5196
121	105336	0.7	1	100537 4799
122	116363	0.7	1	110734 5629
123	128001	0.7	1	122003 5998
124	123285	0.7	1	117479 5806
125	109032	0.7	1	104062 4970
126	99084	0.7	1	94632 4452
127	81916	0.7	1	78235 3681
128	67746	0.7	1	64594 3152
129	55673	0.7	1	53189 2484
130	40096	0.7	1	38356 1740
131	22490	0.7	1	21535 955
132	11930	0.7	1	11421 509
133	4470	0.7	1	4239 231
134	1136	0.7	1	1081 55
135	248	0.7	1	212 36
136	80	0.7	1	65 15
137	76	0.7	1	54 22
138	52	0.7	1	29 23
139	38	0.7	1	21 17
140	40	0.7	1	17 23
141	48	0.7	1	25 23
142	52	0.7	1	29 23
143	70	0.7	1	48 22
144	112	0.7	1	91 21
145	62	0.7	1	34 28
146	53	0.7	1	26 27
147	62	0.7	1	12 50
148	174	0.7	1	12 162
149	1897	0.7	1	11 1886
150	335880	0.7	1	1529 334351

=== Second read: Adapter 2 ===

Sequence: AGATCGGAAGAGC; Type: regular 3'; Length: 13; Trimmed: 16726720 times.

No. of allowed errors:
0-9 bp: 0; 10-13 bp: 1

Bases preceding removed adapters:
  A: 18.9%
  C: 17.8%
  G: 25.5%
  T: 37.8%
  none/other: 0.0%

Overview of removed sequences
length	count	expect	max.err	error counts
3	865902	709777.1	0	865902
4	308642	177444.3	0	308642
5	215743	44361.1	0	215743
6	181099	11090.3	0	181099
7	189408	2772.6	0	189408
8	218009	693.1	0	218009
9	147342	173.3	0	146103 1239
10	185219	43.3	1	173385 11834
11	182150	10.8	1	168683 13467
12	172873	2.7	1	160065 12808
13	154862	0.7	1	143645 11217
14	159206	0.7	1	147094 12112
15	154263	0.7	1	144453 9810
16	171107	0.7	1	158913 12194
17	212348	0.7	1	197099 15249
18	164989	0.7	1	155050 9939
19	224086	0.7	1	208721 15365
20	140160	0.7	1	131471 8689
21	138881	0.7	1	129843 9038
22	134112	0.7	1	125478 8634
23	129708	0.7	1	120893 8815
24	273315	0.7	1	254558 18757
25	122670	0.7	1	114387 8283
26	94970	0.7	1	88523 6447
27	91772	0.7	1	83976 7796
28	270984	0.7	1	257093 13891
29	77340	0.7	1	70004 7336
30	277465	0.7	1	262279 15186
31	92963	0.7	1	84319 8644
32	406051	0.7	1	389522 16529
33	119569	0.7	1	110676 8893
34	47438	0.7	1	42227 5211
35	235950	0.7	1	226242 9708
36	114053	0.7	1	107009 7044
37	102941	0.7	1	96522 6419
38	100481	0.7	1	95277 5204
39	113337	0.7	1	106824 6513
40	75837	0.7	1	71629 4208
41	153575	0.7	1	146411 7164
42	180253	0.7	1	171717 8536
43	77281	0.7	1	72243 5038
44	118615	0.7	1	111854 6761
45	268874	0.7	1	260642 8232
46	93079	0.7	1	87528 5551
47	85427	0.7	1	80686 4741
48	234360	0.7	1	225681 8679
49	132574	0.7	1	126527 6047
50	69515	0.7	1	65448 4067
51	228035	0.7	1	219795 8240
52	238195	0.7	1	229649 8546
53	125884	0.7	1	120815 5069
54	128828	0.7	1	123548 5280
55	115160	0.7	1	111003 4157
56	61248	0.7	1	58188 3060
57	110799	0.7	1	106617 4182
58	135890	0.7	1	131079 4811
59	106924	0.7	1	102474 4450
60	82609	0.7	1	79138 3471
61	68941	0.7	1	65937 3004
62	65555	0.7	1	62894 2661
63	67894	0.7	1	65193 2701
64	83665	0.7	1	80675 2990
65	76663	0.7	1	73499 3164
66	81546	0.7	1	78388 3158
67	80867	0.7	1	77652 3215
68	90193	0.7	1	86667 3526
69	103612	0.7	1	99889 3723
70	112695	0.7	1	108565 4130
71	127664	0.7	1	123180 4484
72	119488	0.7	1	115313 4175
73	111572	0.7	1	107622 3950
74	102287	0.7	1	98582 3705
75	100386	0.7	1	96819 3567
76	93461	0.7	1	90189 3272
77	93788	0.7	1	90605 3183
78	99237	0.7	1	96111 3126
79	99545	0.7	1	96184 3361
80	112806	0.7	1	109148 3658
81	124178	0.7	1	120208 3970
82	117338	0.7	1	113609 3729
83	108527	0.7	1	105048 3479
84	103144	0.7	1	99784 3360
85	96565	0.7	1	93533 3032
86	97307	0.7	1	94137 3170
87	101783	0.7	1	98587 3196
88	101583	0.7	1	98335 3248
89	100787	0.7	1	97564 3223
90	111173	0.7	1	107555 3618
91	110292	0.7	1	106743 3549
92	112350	0.7	1	108867 3483
93	116685	0.7	1	113197 3488
94	113053	0.7	1	109769 3284
95	101873	0.7	1	98974 2899
96	100415	0.7	1	97578 2837
97	90331	0.7	1	87619 2712
98	94178	0.7	1	91368 2810
99	93736	0.7	1	91082 2654
100	96967	0.7	1	94311 2656
101	101370	0.7	1	98544 2826
102	109517	0.7	1	106692 2825
103	106878	0.7	1	104064 2814
104	102213	0.7	1	99660 2553
105	93450	0.7	1	91065 2385
106	85629	0.7	1	83394 2235
107	80466	0.7	1	78268 2198
108	83926	0.7	1	81656 2270
109	82551	0.7	1	80412 2139
110	85782	0.7	1	83662 2120
111	97559	0.7	1	95262 2297
112	101383	0.7	1	98834 2549
113	110208	0.7	1	107662 2546
114	116460	0.7	1	113691 2769
115	105185	0.7	1	102677 2508
116	105236	0.7	1	102850 2386
117	103659	0.7	1	101243 2416
118	96878	0.7	1	94624 2254
119	96319	0.7	1	93983 2336
120	104037	0.7	1	101677 2360
121	104226	0.7	1	101838 2388
122	113599	0.7	1	111159 2440
123	126885	0.7	1	124154 2731
124	122045	0.7	1	119457 2588
125	108308	0.7	1	105924 2384
126	98464	0.7	1	96360 2104
127	81380	0.7	1	79752 1628
128	67392	0.7	1	66046 1346
129	55210	0.7	1	54095 1115
130	39645	0.7	1	38832 813
131	22207	0.7	1	21773 434
132	11763	0.7	1	11497 266
133	4433	0.7	1	4316 117
134	1111	0.7	1	1073 38
135	236	0.7	1	211 25
136	79	0.7	1	60 19
137	68	0.7	1	53 15
138	34	0.7	1	21 13
139	34	0.7	1	20 14
140	29	0.7	1	16 13
141	41	0.7	1	23 18
142	26	0.7	1	15 11
143	50	0.7	1	34 16
144	50	0.7	1	41 9
145	31	0.7	1	15 16
146	34	0.7	1	15 19
147	25	0.7	1	16 9
148	34	0.7	1	8 26
149	89	0.7	1	33 56
150	1986	0.7	1	1562 424

