This is cutadapt 1.16 with Python 3.6.4
Command line parameters: -j 2 -a AGATCGGAAGAGC -A AGATCGGAAGAGC --trim-n -m 50 -q 20,20 -o /home1/gyang/work_space/4.ProjectET/batch3_cr/2.cutdata/TSC_IgG_10k_rep1.R1_cut.fq -p /home1/gyang/work_space/4.ProjectET/batch3_cr/2.cutdata/TSC_IgG_10k_rep1.R2_cut.fq TSC_IgG_10k_rep1.R1.fq.gz TSC_IgG_10k_rep1.R2.fq.gz
Running on 2 cores
Trimming 2 adapters with at most 10.0% errors in paired-end mode ...
Finished in 1496.91 s (35 us/read; 1.72 M reads/minute).

=== Summary ===

Total read pairs processed:         42,933,128
  Read 1 with adapter:              14,207,738 (33.1%)
  Read 2 with adapter:              13,074,253 (30.5%)
Pairs that were too short:           3,916,053 (9.1%)
Pairs written (passing filters):    39,017,075 (90.9%)

Total basepairs processed: 12,879,938,400 bp
  Read 1: 6,439,969,200 bp
  Read 2: 6,439,969,200 bp
Quality-trimmed:              46,163,672 bp (0.4%)
  Read 1:    17,256,892 bp
  Read 2:    28,906,780 bp
Total written (filtered):  10,802,135,838 bp (83.9%)
  Read 1: 5,401,459,768 bp
  Read 2: 5,400,676,070 bp

=== First read: Adapter 1 ===

Sequence: AGATCGGAAGAGC; Type: regular 3'; Length: 13; Trimmed: 14207738 times.

No. of allowed errors:
0-9 bp: 0; 10-13 bp: 1

Bases preceding removed adapters:
  A: 21.6%
  C: 10.9%
  G: 15.2%
  T: 44.3%
  none/other: 8.0%

Overview of removed sequences
length	count	expect	max.err	error counts
3	856723	670830.1	0	856723
4	288379	167707.5	0	288379
5	173845	41926.9	0	173845
6	140230	10481.7	0	140230
7	136723	2620.4	0	136723
8	141895	655.1	0	141895
9	137902	163.8	0	136653 1249
10	134962	40.9	1	130288 4674
11	140348	10.2	1	132925 7423
12	133352	2.6	1	127496 5856
13	121523	0.6	1	115988 5535
14	123838	0.6	1	117258 6580
15	121823	0.6	1	115988 5835
16	126904	0.6	1	119853 7051
17	138094	0.6	1	130372 7722
18	132550	0.6	1	126764 5786
19	120184	0.6	1	115021 5163
20	118597	0.6	1	113105 5492
21	112790	0.6	1	107531 5259
22	101784	0.6	1	97485 4299
23	99521	0.6	1	94863 4658
24	102722	0.6	1	97028 5694
25	98763	0.6	1	94107 4656
26	100400	0.6	1	95882 4518
27	108638	0.6	1	103642 4996
28	106566	0.6	1	102039 4527
29	117506	0.6	1	111338 6168
30	113250	0.6	1	108583 4667
31	106451	0.6	1	102120 4331
32	103396	0.6	1	99103 4293
33	100569	0.6	1	95493 5076
34	101711	0.6	1	96532 5179
35	96702	0.6	1	92792 3910
36	96566	0.6	1	92493 4073
37	98493	0.6	1	94291 4202
38	111420	0.6	1	106579 4841
39	114887	0.6	1	109482 5405
40	117369	0.6	1	110625 6744
41	109390	0.6	1	104158 5232
42	95127	0.6	1	91145 3982
43	100214	0.6	1	94667 5547
44	90593	0.6	1	85261 5332
45	140166	0.6	1	134991 5175
46	42659	0.6	1	38673 3986
47	83859	0.6	1	80180 3679
48	133103	0.6	1	127865 5238
49	99932	0.6	1	95190 4742
50	80408	0.6	1	75568 4840
51	132353	0.6	1	126852 5501
52	92683	0.6	1	88609 4074
53	60454	0.6	1	57405 3049
54	88927	0.6	1	85037 3890
55	133496	0.6	1	129396 4100
56	89433	0.6	1	85165 4268
57	110590	0.6	1	106975 3615
58	83349	0.6	1	79458 3891
59	130741	0.6	1	126932 3809
60	58940	0.6	1	55639 3301
61	52238	0.6	1	49443 2795
62	123817	0.6	1	120754 3063
63	89652	0.6	1	86724 2928
64	42404	0.6	1	39977 2427
65	57348	0.6	1	54605 2743
66	163939	0.6	1	160895 3044
67	50352	0.6	1	46574 3778
68	96454	0.6	1	93540 2914
69	73580	0.6	1	70268 3312
70	63367	0.6	1	60450 2917
71	10599	0.6	1	9096 1503
72	19684	0.6	1	18659 1025
73	48912	0.6	1	47506 1406
74	65549	0.6	1	63449 2100
75	71873	0.6	1	69456 2417
76	71855	0.6	1	69158 2697
77	73105	0.6	1	70330 2775
78	76718	0.6	1	73813 2905
79	76991	0.6	1	74036 2955
80	82509	0.6	1	79264 3245
81	87963	0.6	1	84560 3403
82	86006	0.6	1	82631 3375
83	82627	0.6	1	79337 3290
84	79244	0.6	1	76092 3152
85	76439	0.6	1	73469 2970
86	75466	0.6	1	72582 2884
87	75924	0.6	1	72911 3013
88	73422	0.6	1	70540 2882
89	76142	0.6	1	73157 2985
90	82907	0.6	1	79715 3192
91	82748	0.6	1	79428 3320
92	86245	0.6	1	82980 3265
93	87567	0.6	1	84255 3312
94	86805	0.6	1	83609 3196
95	79520	0.6	1	76437 3083
96	80877	0.6	1	77762 3115
97	75027	0.6	1	72015 3012
98	76593	0.6	1	73597 2996
99	77236	0.6	1	74318 2918
100	76611	0.6	1	73631 2980
101	79975	0.6	1	76975 3000
102	84303	0.6	1	81033 3270
103	83026	0.6	1	80055 2971
104	84081	0.6	1	81009 3072
105	81404	0.6	1	78358 3046
106	77713	0.6	1	74856 2857
107	75424	0.6	1	72492 2932
108	77851	0.6	1	74938 2913
109	76371	0.6	1	73510 2861
110	79381	0.6	1	76439 2942
111	86470	0.6	1	83444 3026
112	87659	0.6	1	84543 3116
113	91290	0.6	1	88135 3155
114	97437	0.6	1	93972 3465
115	94149	0.6	1	90864 3285
116	96556	0.6	1	93350 3206
117	99539	0.6	1	96215 3324
118	94486	0.6	1	91213 3273
119	94751	0.6	1	91576 3175
120	98023	0.6	1	94853 3170
121	95752	0.6	1	92683 3069
122	101705	0.6	1	98437 3268
123	107454	0.6	1	104034 3420
124	109915	0.6	1	106593 3322
125	102764	0.6	1	99545 3219
126	97383	0.6	1	94350 3033
127	88314	0.6	1	85673 2641
128	80300	0.6	1	77965 2335
129	69414	0.6	1	67455 1959
130	50183	0.6	1	48785 1398
131	29956	0.6	1	29117 839
132	15909	0.6	1	15502 407
133	5985	0.6	1	5825 160
134	1543	0.6	1	1478 65
135	294	0.6	1	270 24
136	52	0.6	1	43 9
137	35	0.6	1	20 15
138	41	0.6	1	24 17
139	28	0.6	1	4 24
140	30	0.6	1	10 20
141	79	0.6	1	45 34
142	56	0.6	1	26 30
143	361	0.6	1	321 40
144	70	0.6	1	33 37
145	53	0.6	1	20 33
146	75	0.6	1	21 54
147	172	0.6	1	26 146
148	350	0.6	1	8 342
149	4793	0.6	1	21 4772
150	1134675	0.6	1	710 1133965

=== Second read: Adapter 2 ===

Sequence: AGATCGGAAGAGC; Type: regular 3'; Length: 13; Trimmed: 13074253 times.

No. of allowed errors:
0-9 bp: 0; 10-13 bp: 1

Bases preceding removed adapters:
  A: 23.4%
  C: 11.8%
  G: 16.5%
  T: 48.4%
  none/other: 0.0%

Overview of removed sequences
length	count	expect	max.err	error counts
3	867104	670830.1	0	867104
4	289627	167707.5	0	289627
5	174648	41926.9	0	174648
6	138334	10481.7	0	138334
7	140166	2620.4	0	140166
8	151991	655.1	0	151991
9	126023	163.8	0	125170 853
10	138232	40.9	1	132957 5275
11	139093	10.2	1	132549 6544
12	136421	2.6	1	130723 5698
13	122138	0.6	1	117870 4268
14	126883	0.6	1	120742 6141
15	118498	0.6	1	113866 4632
16	126055	0.6	1	121007 5048
17	145601	0.6	1	139429 6172
18	118293	0.6	1	114009 4284
19	161139	0.6	1	154614 6525
20	101538	0.6	1	97543 3995
21	105616	0.6	1	100894 4722
22	99109	0.6	1	95340 3769
23	101481	0.6	1	97303 4178
24	252783	0.6	1	244010 8773
25	65677	0.6	1	62507 3170
26	64640	0.6	1	61692 2948
27	64248	0.6	1	59746 4502
28	182193	0.6	1	177561 4632
29	43279	0.6	1	39584 3695
30	183639	0.6	1	178755 4884
31	59109	0.6	1	55163 3946
32	288176	0.6	1	282079 6097
33	100476	0.6	1	96267 4209
34	36652	0.6	1	34053 2599
35	155163	0.6	1	151807 3356
36	69088	0.6	1	66475 2613
37	61956	0.6	1	59402 2554
38	81393	0.6	1	79143 2250
39	65728	0.6	1	63264 2464
40	62822	0.6	1	60731 2091
41	103375	0.6	1	100454 2921
42	127624	0.6	1	124393 3231
43	59671	0.6	1	57444 2227
44	92182	0.6	1	89062 3120
45	216290	0.6	1	212808 3482
46	69267	0.6	1	66589 2678
47	70036	0.6	1	67655 2381
48	163783	0.6	1	160567 3216
49	92857	0.6	1	90278 2579
50	60167	0.6	1	57960 2207
51	156279	0.6	1	152787 3492
52	170090	0.6	1	166602 3488
53	100204	0.6	1	97733 2471
54	81833	0.6	1	79589 2244
55	100794	0.6	1	98752 2042
56	65456	0.6	1	63605 1851
57	84654	0.6	1	82710 1944
58	92889	0.6	1	90934 1955
59	67093	0.6	1	65452 1641
60	50103	0.6	1	48763 1340
61	42597	0.6	1	41334 1263
62	42250	0.6	1	41017 1233
63	44751	0.6	1	43557 1194
64	57231	0.6	1	55852 1379
65	56286	0.6	1	54761 1525
66	59118	0.6	1	57682 1436
67	59184	0.6	1	57709 1475
68	64151	0.6	1	62602 1549
69	69684	0.6	1	67942 1742
70	73907	0.6	1	72114 1793
71	85987	0.6	1	84132 1855
72	83013	0.6	1	81133 1880
73	82255	0.6	1	80415 1840
74	77623	0.6	1	75865 1758
75	75778	0.6	1	74118 1660
76	71837	0.6	1	70233 1604
77	72381	0.6	1	70744 1637
78	76724	0.6	1	75051 1673
79	74588	0.6	1	72937 1651
80	80724	0.6	1	78938 1786
81	86121	0.6	1	84293 1828
82	81571	0.6	1	79903 1668
83	79901	0.6	1	78232 1669
84	76494	0.6	1	74864 1630
85	73982	0.6	1	72427 1555
86	76021	0.6	1	74469 1552
87	78733	0.6	1	77063 1670
88	77229	0.6	1	75684 1545
89	75500	0.6	1	74015 1485
90	79205	0.6	1	77665 1540
91	78119	0.6	1	76580 1539
92	81135	0.6	1	79579 1556
93	84999	0.6	1	83374 1625
94	84009	0.6	1	82470 1539
95	77803	0.6	1	76309 1494
96	79068	0.6	1	77551 1517
97	72008	0.6	1	70665 1343
98	75236	0.6	1	73927 1309
99	76949	0.6	1	75494 1455
100	77541	0.6	1	76080 1461
101	78969	0.6	1	77611 1358
102	80950	0.6	1	79488 1462
103	79541	0.6	1	78126 1415
104	80416	0.6	1	79045 1371
105	77862	0.6	1	76438 1424
106	76634	0.6	1	75261 1373
107	74615	0.6	1	73327 1288
108	77619	0.6	1	76323 1296
109	75595	0.6	1	74250 1345
110	77208	0.6	1	75853 1355
111	84488	0.6	1	83074 1414
112	86034	0.6	1	84632 1402
113	92250	0.6	1	90771 1479
114	98158	0.6	1	96499 1659
115	94957	0.6	1	93492 1465
116	97649	0.6	1	96145 1504
117	96778	0.6	1	95244 1534
118	92901	0.6	1	91428 1473
119	92443	0.6	1	91109 1334
120	96454	0.6	1	95081 1373
121	94536	0.6	1	93174 1362
122	99846	0.6	1	98421 1425
123	106652	0.6	1	105210 1442
124	109008	0.6	1	107489 1519
125	102140	0.6	1	100760 1380
126	96873	0.6	1	95464 1409
127	87811	0.6	1	86633 1178
128	80029	0.6	1	78930 1099
129	68992	0.6	1	68117 875
130	49820	0.6	1	49133 687
131	29839	0.6	1	29450 389
132	15749	0.6	1	15553 196
133	5955	0.6	1	5859 96
134	1525	0.6	1	1496 29
135	295	0.6	1	277 18
136	63	0.6	1	42 21
137	44	0.6	1	17 27
138	32	0.6	1	24 8
139	27	0.6	1	4 23
140	18	0.6	1	9 9
141	65	0.6	1	46 19
142	34	0.6	1	23 11
143	332	0.6	1	322 10
144	32	0.6	1	26 6
145	32	0.6	1	17 15
146	44	0.6	1	21 23
147	54	0.6	1	28 26
148	18	0.6	1	5 13
149	60	0.6	1	29 31
150	1455	0.6	1	720 735

