This is cutadapt 1.16 with Python 3.6.4
Command line parameters: -j 2 -a AGATCGGAAGAGC -A AGATCGGAAGAGC --trim-n -m 50 -q 20,20 -o /home1/gyang/work_space/4.ProjectET/batch3_cr/2.cutdata/TSC_Cdx2_10k_rep1.R1_cut.fq -p /home1/gyang/work_space/4.ProjectET/batch3_cr/2.cutdata/TSC_Cdx2_10k_rep1.R2_cut.fq TSC_Cdx2_10k_rep1.R1.fq.gz TSC_Cdx2_10k_rep1.R2.fq.gz
Running on 2 cores
Trimming 2 adapters with at most 10.0% errors in paired-end mode ...
Finished in 1779.75 s (34 us/read; 1.79 M reads/minute).

=== Summary ===

Total read pairs processed:         53,076,285
  Read 1 with adapter:              19,222,488 (36.2%)
  Read 2 with adapter:              17,860,778 (33.7%)
Pairs that were too short:           4,871,675 (9.2%)
Pairs written (passing filters):    48,204,610 (90.8%)

Total basepairs processed: 15,922,885,500 bp
  Read 1: 7,961,442,750 bp
  Read 2: 7,961,442,750 bp
Quality-trimmed:              54,881,716 bp (0.3%)
  Read 1:    19,435,178 bp
  Read 2:    35,446,538 bp
Total written (filtered):  13,172,877,823 bp (82.7%)
  Read 1: 6,587,223,383 bp
  Read 2: 6,585,654,440 bp

=== First read: Adapter 1 ===

Sequence: AGATCGGAAGAGC; Type: regular 3'; Length: 13; Trimmed: 19222488 times.

No. of allowed errors:
0-9 bp: 0; 10-13 bp: 1

Bases preceding removed adapters:
  A: 20.3%
  C: 13.9%
  G: 19.1%
  T: 39.4%
  none/other: 7.3%

Overview of removed sequences
length	count	expect	max.err	error counts
3	995283	829317.0	0	995283
4	357655	207329.2	0	357655
5	240061	51832.3	0	240061
6	189154	12958.1	0	189154
7	188743	3239.5	0	188743
8	199157	809.9	0	199157
9	193444	202.5	0	191025 2419
10	185469	50.6	1	178363 7106
11	197746	12.7	1	185411 12335
12	181016	3.2	1	171242 9774
13	165825	0.8	1	156933 8892
14	166011	0.8	1	155487 10524
15	170582	0.8	1	160831 9751
16	174569	0.8	1	163095 11474
17	201854	0.8	1	188256 13598
18	188633	0.8	1	178957 9676
19	170678	0.8	1	162033 8645
20	170175	0.8	1	160530 9645
21	159482	0.8	1	150707 8775
22	141157	0.8	1	134117 7040
23	137733	0.8	1	130124 7609
24	141733	0.8	1	132678 9055
25	139274	0.8	1	131366 7908
26	142900	0.8	1	135236 7664
27	158911	0.8	1	150205 8706
28	156761	0.8	1	148393 8368
29	176049	0.8	1	164852 11197
30	169937	0.8	1	161343 8594
31	155129	0.8	1	147376 7753
32	151351	0.8	1	143733 7618
33	141494	0.8	1	133532 7962
34	134666	0.8	1	127279 7387
35	141618	0.8	1	131483 10135
36	143180	0.8	1	135563 7617
37	134224	0.8	1	127142 7082
38	154892	0.8	1	146148 8744
39	167034	0.8	1	157936 9098
40	160603	0.8	1	152025 8578
41	152215	0.8	1	144490 7725
42	147617	0.8	1	140509 7108
43	116555	0.8	1	109245 7310
44	123604	0.8	1	115754 7850
45	176627	0.8	1	169663 6964
46	66159	0.8	1	60077 6082
47	111755	0.8	1	106575 5180
48	136281	0.8	1	129626 6655
49	135777	0.8	1	129055 6722
50	133883	0.8	1	125979 7904
51	164650	0.8	1	155790 8860
52	121247	0.8	1	115090 6157
53	101606	0.8	1	96427 5179
54	114393	0.8	1	108487 5906
55	114841	0.8	1	109288 5553
56	109086	0.8	1	103360 5726
57	119890	0.8	1	114190 5700
58	128357	0.8	1	122015 6342
59	153267	0.8	1	146300 6967
60	120521	0.8	1	114519 6002
61	121048	0.8	1	114959 6089
62	138834	0.8	1	133325 5509
63	120494	0.8	1	115356 5138
64	99406	0.8	1	94506 4900
65	100332	0.8	1	94685 5647
66	179896	0.8	1	174279 5617
67	124533	0.8	1	117428 7105
68	205859	0.8	1	198797 7062
69	148401	0.8	1	140767 7634
70	147041	0.8	1	140467 6574
71	20786	0.8	1	17435 3351
72	21658	0.8	1	19894 1764
73	60430	0.8	1	58075 2355
74	87199	0.8	1	83887 3312
75	101566	0.8	1	97419 4147
76	102368	0.8	1	97915 4453
77	103790	0.8	1	99323 4467
78	108320	0.8	1	103463 4857
79	109152	0.8	1	104213 4939
80	117946	0.8	1	112630 5316
81	127470	0.8	1	121707 5763
82	124717	0.8	1	119180 5537
83	115546	0.8	1	110222 5324
84	114648	0.8	1	109370 5278
85	108389	0.8	1	103460 4929
86	108582	0.8	1	103487 5095
87	109723	0.8	1	104767 4956
88	107338	0.8	1	102393 4945
89	111287	0.8	1	106085 5202
90	123721	0.8	1	117822 5899
91	121134	0.8	1	115428 5706
92	124917	0.8	1	119361 5556
93	127114	0.8	1	121330 5784
94	125070	0.8	1	119432 5638
95	117016	0.8	1	111791 5225
96	118884	0.8	1	113523 5361
97	111253	0.8	1	106374 4879
98	114844	0.8	1	109696 5148
99	115505	0.8	1	110570 4935
100	115509	0.8	1	110510 4999
101	118607	0.8	1	113677 4930
102	123797	0.8	1	118475 5322
103	120325	0.8	1	115200 5125
104	119852	0.8	1	114784 5068
105	117641	0.8	1	112775 4866
106	109178	0.8	1	104526 4652
107	104456	0.8	1	100093 4363
108	107537	0.8	1	102936 4601
109	106938	0.8	1	102567 4371
110	111472	0.8	1	106783 4689
111	123392	0.8	1	118368 5024
112	123419	0.8	1	118363 5056
113	125827	0.8	1	120718 5109
114	131397	0.8	1	126512 4885
115	121744	0.8	1	117125 4619
116	120936	0.8	1	116182 4754
117	123600	0.8	1	118960 4640
118	113854	0.8	1	109517 4337
119	115020	0.8	1	110738 4282
120	122844	0.8	1	118349 4495
121	119039	0.8	1	114676 4363
122	121819	0.8	1	117546 4273
123	127186	0.8	1	122799 4387
124	118989	0.8	1	114837 4152
125	106408	0.8	1	102847 3561
126	99664	0.8	1	96318 3346
127	84310	0.8	1	81565 2745
128	73016	0.8	1	70604 2412
129	59760	0.8	1	57837 1923
130	44918	0.8	1	43476 1442
131	26180	0.8	1	25333 847
132	13479	0.8	1	13045 434
133	5066	0.8	1	4875 191
134	1425	0.8	1	1359 66
135	403	0.8	1	372 31
136	302	0.8	1	263 39
137	388	0.8	1	346 42
138	173	0.8	1	143 30
139	143	0.8	1	102 41
140	173	0.8	1	148 25
141	139	0.8	1	101 38
142	77	0.8	1	45 32
143	172	0.8	1	126 46
144	107	0.8	1	49 58
145	135	0.8	1	51 84
146	148	0.8	1	25 123
147	365	0.8	1	95 270
148	888	0.8	1	36 852
149	10005	0.8	1	204 9801
150	1391535	0.8	1	10163 1381372

=== Second read: Adapter 2 ===

Sequence: AGATCGGAAGAGC; Type: regular 3'; Length: 13; Trimmed: 17860778 times.

No. of allowed errors:
0-9 bp: 0; 10-13 bp: 1

Bases preceding removed adapters:
  A: 21.9%
  C: 14.9%
  G: 20.5%
  T: 42.7%
  none/other: 0.0%

Overview of removed sequences
length	count	expect	max.err	error counts
3	1013138	829317.0	0	1013138
4	359200	207329.2	0	359200
5	236837	51832.3	0	236837
6	188672	12958.1	0	188672
7	196514	3239.5	0	196514
8	214374	809.9	0	214374
9	177540	202.5	0	176052 1488
10	191403	50.6	1	183957 7446
11	196000	12.7	1	186460 9540
12	186907	3.2	1	178610 8297
13	168003	0.8	1	161563 6440
14	171161	0.8	1	162500 8661
15	165456	0.8	1	158630 6826
16	176320	0.8	1	168992 7328
17	209220	0.8	1	200458 8762
18	170207	0.8	1	163968 6239
19	232328	0.8	1	222981 9347
20	142542	0.8	1	136841 5701
21	148813	0.8	1	142312 6501
22	138144	0.8	1	133056 5088
23	139938	0.8	1	134524 5414
24	314345	0.8	1	303128 11217
25	102847	0.8	1	97981 4866
26	107639	0.8	1	102915 4724
27	111657	0.8	1	104119 7538
28	269968	0.8	1	262272 7696
29	65154	0.8	1	59357 5797
30	268584	0.8	1	261090 7494
31	93769	0.8	1	87744 6025
32	401016	0.8	1	391733 9283
33	136483	0.8	1	130285 6198
34	55937	0.8	1	52255 3682
35	204787	0.8	1	199767 5020
36	105469	0.8	1	101643 3826
37	90044	0.8	1	86352 3692
38	119888	0.8	1	116472 3416
39	97501	0.8	1	93934 3567
40	92932	0.8	1	89704 3228
41	147856	0.8	1	143593 4263
42	181230	0.8	1	176384 4846
43	82951	0.8	1	79681 3270
44	125014	0.8	1	120598 4416
45	292505	0.8	1	287112 5393
46	93180	0.8	1	89249 3931
47	92802	0.8	1	89375 3427
48	238377	0.8	1	233558 4819
49	127425	0.8	1	123674 3751
50	78069	0.8	1	74932 3137
51	226549	0.8	1	221695 4854
52	227038	0.8	1	222155 4883
53	141970	0.8	1	138397 3573
54	115896	0.8	1	112630 3266
55	130366	0.8	1	127458 2908
56	89593	0.8	1	86974 2619
57	118499	0.8	1	115666 2833
58	121492	0.8	1	118742 2750
59	95637	0.8	1	93198 2439
60	75146	0.8	1	72952 2194
61	63827	0.8	1	61915 1912
62	60613	0.8	1	58908 1705
63	64392	0.8	1	62574 1818
64	79806	0.8	1	77634 2172
65	81111	0.8	1	78891 2220
66	86382	0.8	1	84206 2176
67	85597	0.8	1	83366 2231
68	94288	0.8	1	91866 2422
69	103962	0.8	1	101422 2540
70	109632	0.8	1	106967 2665
71	123150	0.8	1	120243 2907
72	118251	0.8	1	115332 2919
73	116488	0.8	1	113780 2708
74	110673	0.8	1	107932 2741
75	111429	0.8	1	108696 2733
76	105176	0.8	1	102544 2632
77	104903	0.8	1	102230 2673
78	110277	0.8	1	107681 2596
79	107732	0.8	1	105156 2576
80	117483	0.8	1	114687 2796
81	126436	0.8	1	123646 2790
82	120006	0.8	1	117351 2655
83	113070	0.8	1	110631 2439
84	112209	0.8	1	109668 2541
85	106160	0.8	1	103728 2432
86	109099	0.8	1	106693 2406
87	113247	0.8	1	110945 2302
88	111950	0.8	1	109611 2339
89	110534	0.8	1	108199 2335
90	120115	0.8	1	117682 2433
91	116246	0.8	1	113988 2258
92	119531	0.8	1	117169 2362
93	124852	0.8	1	122372 2480
94	122901	0.8	1	120525 2376
95	116437	0.8	1	114141 2296
96	117978	0.8	1	115624 2354
97	106375	0.8	1	104238 2137
98	109948	0.8	1	107780 2168
99	112028	0.8	1	109879 2149
100	115094	0.8	1	112920 2174
101	120307	0.8	1	118029 2278
102	125500	0.8	1	123204 2296
103	117895	0.8	1	115842 2053
104	116888	0.8	1	114743 2145
105	114265	0.8	1	112141 2124
106	107961	0.8	1	106022 1939
107	102845	0.8	1	100984 1861
108	106706	0.8	1	104824 1882
109	105644	0.8	1	103736 1908
110	109233	0.8	1	107385 1848
111	121106	0.8	1	119037 2069
112	121427	0.8	1	119374 2053
113	126549	0.8	1	124621 1928
114	132209	0.8	1	130064 2145
115	122022	0.8	1	119982 2040
116	122254	0.8	1	120270 1984
117	120411	0.8	1	118511 1900
118	111945	0.8	1	110248 1697
119	112747	0.8	1	111114 1633
120	119251	0.8	1	117454 1797
121	117766	0.8	1	116056 1710
122	120201	0.8	1	118508 1693
123	126600	0.8	1	124890 1710
124	118331	0.8	1	116670 1661
125	106324	0.8	1	104788 1536
126	99295	0.8	1	97937 1358
127	83548	0.8	1	82381 1167
128	71264	0.8	1	70237 1027
129	58998	0.8	1	58183 815
130	44453	0.8	1	43873 580
131	25956	0.8	1	25600 356
132	13276	0.8	1	13079 197
133	4901	0.8	1	4824 77
134	1304	0.8	1	1266 38
135	291	0.8	1	258 33
136	68	0.8	1	47 21
137	44	0.8	1	21 23
138	53	0.8	1	33 20
139	39	0.8	1	9 30
140	32	0.8	1	10 22
141	63	0.8	1	46 17
142	30	0.8	1	10 20
143	111	0.8	1	100 11
144	50	0.8	1	40 10
145	42	0.8	1	25 17
146	32	0.8	1	13 19
147	85	0.8	1	66 19
148	63	0.8	1	21 42
149	217	0.8	1	111 106
150	8456	0.8	1	7200 1256

