This is cutadapt 1.16 with Python 3.6.4
Command line parameters: -j 2 -a AGATCGGAAGAGC -A AGATCGGAAGAGC --trim-n -m 50 -q 20,20 -o /home1/gyang/work_space/4.ProjectET/batch3_cr/2.cutdata/TSC_Cdx2_1k_rep1.R1_cut.fq -p /home1/gyang/work_space/4.ProjectET/batch3_cr/2.cutdata/TSC_Cdx2_1k_rep1.R2_cut.fq TSC_Cdx2_1k_rep1.R1.fq.gz TSC_Cdx2_1k_rep1.R2.fq.gz
Running on 2 cores
Trimming 2 adapters with at most 10.0% errors in paired-end mode ...
Finished in 1579.06 s (35 us/read; 1.72 M reads/minute).

=== Summary ===

Total read pairs processed:         45,189,959
  Read 1 with adapter:              20,556,746 (45.5%)
  Read 2 with adapter:              15,216,282 (33.7%)
Pairs that were too short:           8,992,707 (19.9%)
Pairs written (passing filters):    36,197,252 (80.1%)

Total basepairs processed: 13,556,987,700 bp
  Read 1: 6,778,493,850 bp
  Read 2: 6,778,493,850 bp
Quality-trimmed:              50,551,424 bp (0.4%)
  Read 1:    21,286,506 bp
  Read 2:    29,264,918 bp
Total written (filtered):  9,785,537,945 bp (72.2%)
  Read 1: 4,892,810,465 bp
  Read 2: 4,892,727,480 bp

=== First read: Adapter 1 ===

Sequence: AGATCGGAAGAGC; Type: regular 3'; Length: 13; Trimmed: 20556746 times.

No. of allowed errors:
0-9 bp: 0; 10-13 bp: 1

Bases preceding removed adapters:
  A: 15.2%
  C: 13.2%
  G: 18.7%
  T: 26.8%
  none/other: 26.1%

Overview of removed sequences
length	count	expect	max.err	error counts
3	724258	706093.1	0	724258
4	268781	176523.3	0	268781
5	189446	44130.8	0	189446
6	150947	11032.7	0	150947
7	149731	2758.2	0	149731
8	163336	689.5	0	163336
9	156665	172.4	0	155441 1224
10	150656	43.1	1	145499 5157
11	159004	10.8	1	149998 9006
12	144295	2.7	1	137773 6522
13	130912	0.7	1	124950 5962
14	132503	0.7	1	125216 7287
15	135978	0.7	1	129287 6691
16	137434	0.7	1	129430 8004
17	162370	0.7	1	152399 9971
18	149788	0.7	1	143763 6025
19	135960	0.7	1	130596 5364
20	136079	0.7	1	129620 6459
21	127555	0.7	1	121441 6114
22	110752	0.7	1	106343 4409
23	108926	0.7	1	103897 5029
24	112363	0.7	1	106137 6226
25	109431	0.7	1	104318 5113
26	112039	0.7	1	107167 4872
27	126487	0.7	1	120546 5941
28	125250	0.7	1	120132 5118
29	139893	0.7	1	132552 7341
30	132711	0.7	1	127849 4862
31	122180	0.7	1	117474 4706
32	118152	0.7	1	113362 4790
33	111892	0.7	1	106680 5212
34	107290	0.7	1	102059 5231
35	101016	0.7	1	96396 4620
36	115613	0.7	1	109461 6152
37	107327	0.7	1	103371 3956
38	110102	0.7	1	106272 3830
39	128254	0.7	1	122456 5798
40	123339	0.7	1	118197 5142
41	125275	0.7	1	117707 7568
42	107214	0.7	1	102786 4428
43	108919	0.7	1	102305 6614
44	92900	0.7	1	87957 4943
45	153458	0.7	1	146444 7014
46	51536	0.7	1	47422 4114
47	99178	0.7	1	93878 5300
48	259673	0.7	1	251607 8066
49	120107	0.7	1	113743 6364
50	87118	0.7	1	81624 5494
51	209543	0.7	1	202729 6814
52	93935	0.7	1	89492 4443
53	42328	0.7	1	39763 2565
54	124637	0.7	1	120836 3801
55	174436	0.7	1	170702 3734
56	99858	0.7	1	96246 3612
57	90067	0.7	1	87231 2836
58	61912	0.7	1	59163 2749
59	165964	0.7	1	162420 3544
60	35257	0.7	1	32646 2611
61	47959	0.7	1	46071 1888
62	120428	0.7	1	118092 2336
63	54966	0.7	1	52865 2101
64	31384	0.7	1	29858 1526
65	72047	0.7	1	69865 2182
66	130545	0.7	1	128046 2499
67	34239	0.7	1	31867 2372
68	84858	0.7	1	82393 2465
69	94160	0.7	1	90879 3281
70	121826	0.7	1	117746 4080
71	15718	0.7	1	13455 2263
72	10566	0.7	1	9638 928
73	31967	0.7	1	30939 1028
74	57973	0.7	1	56420 1553
75	77337	0.7	1	75246 2091
76	80807	0.7	1	78411 2396
77	84494	0.7	1	81891 2603
78	89972	0.7	1	87169 2803
79	93791	0.7	1	90801 2990
80	103862	0.7	1	100479 3383
81	108969	0.7	1	105621 3348
82	105574	0.7	1	102155 3419
83	100142	0.7	1	96807 3335
84	100782	0.7	1	97477 3305
85	98025	0.7	1	94749 3276
86	98136	0.7	1	94864 3272
87	99821	0.7	1	96457 3364
88	100220	0.7	1	96778 3442
89	109439	0.7	1	105780 3659
90	116556	0.7	1	112773 3783
91	116971	0.7	1	113131 3840
92	117229	0.7	1	113463 3766
93	118277	0.7	1	114502 3775
94	115672	0.7	1	111861 3811
95	109781	0.7	1	106229 3552
96	113424	0.7	1	109637 3787
97	106777	0.7	1	103416 3361
98	109571	0.7	1	106094 3477
99	113862	0.7	1	110406 3456
100	117483	0.7	1	113967 3516
101	120516	0.7	1	116929 3587
102	119192	0.7	1	115702 3490
103	114094	0.7	1	110674 3420
104	110517	0.7	1	107356 3161
105	108889	0.7	1	105619 3270
106	102794	0.7	1	99818 2976
107	99912	0.7	1	96934 2978
108	102247	0.7	1	99190 3057
109	108684	0.7	1	105501 3183
110	120280	0.7	1	116977 3303
111	143733	0.7	1	139943 3790
112	133365	0.7	1	129798 3567
113	129207	0.7	1	125719 3488
114	127342	0.7	1	124045 3297
115	119472	0.7	1	116413 3059
116	118682	0.7	1	115586 3096
117	124241	0.7	1	121113 3128
118	117329	0.7	1	114424 2905
119	127631	0.7	1	124469 3162
120	149763	0.7	1	146292 3471
121	155571	0.7	1	152032 3539
122	147238	0.7	1	143990 3248
123	146202	0.7	1	143094 3108
124	123944	0.7	1	121269 2675
125	109537	0.7	1	107344 2193
126	110494	0.7	1	108230 2264
127	87009	0.7	1	85334 1675
128	73207	0.7	1	71787 1420
129	65995	0.7	1	64778 1217
130	54963	0.7	1	54022 941
131	36874	0.7	1	36180 694
132	17414	0.7	1	17062 352
133	5969	0.7	1	5833 136
134	1780	0.7	1	1693 87
135	651	0.7	1	583 68
136	326	0.7	1	250 76
137	232	0.7	1	108 124
138	745	0.7	1	659 86
139	202	0.7	1	118 84
140	229	0.7	1	67 162
141	666	0.7	1	543 123
142	191	0.7	1	92 99
143	1832	0.7	1	1648 184
144	345	0.7	1	159 186
145	278	0.7	1	32 246
146	860	0.7	1	417 443
147	1266	0.7	1	109 1157
148	2552	0.7	1	24 2528
149	27552	0.7	1	102 27450
150	5337092	0.7	1	5454 5331638

=== Second read: Adapter 2 ===

Sequence: AGATCGGAAGAGC; Type: regular 3'; Length: 13; Trimmed: 15216282 times.

No. of allowed errors:
0-9 bp: 0; 10-13 bp: 1

Bases preceding removed adapters:
  A: 20.8%
  C: 17.5%
  G: 25.1%
  T: 36.5%
  none/other: 0.1%

Overview of removed sequences
length	count	expect	max.err	error counts
3	740132	706093.1	0	740132
4	272241	176523.3	0	272241
5	183770	44130.8	0	183770
6	152441	11032.7	0	152441
7	157145	2758.2	0	157145
8	174577	689.5	0	174577
9	143944	172.4	0	142779 1165
10	156523	43.1	1	150006 6517
11	157062	10.8	1	149162 7900
12	149353	2.7	1	142828 6525
13	131969	0.7	1	127011 4958
14	136934	0.7	1	130023 6911
15	132061	0.7	1	126686 5375
16	138401	0.7	1	132677 5724
17	166369	0.7	1	159201 7168
18	137037	0.7	1	132351 4686
19	185009	0.7	1	177632 7377
20	111103	0.7	1	106709 4394
21	122046	0.7	1	116995 5051
22	108154	0.7	1	104122 4032
23	111224	0.7	1	106785 4439
24	244133	0.7	1	235053 9080
25	79901	0.7	1	76273 3628
26	86911	0.7	1	83357 3554
27	85915	0.7	1	80575 5340
28	210061	0.7	1	204222 5839
29	55043	0.7	1	50701 4342
30	212231	0.7	1	206261 5970
31	70278	0.7	1	66057 4221
32	292494	0.7	1	285593 6901
33	105048	0.7	1	100469 4579
34	46154	0.7	1	43233 2921
35	158667	0.7	1	154620 4047
36	84914	0.7	1	81672 3242
37	71058	0.7	1	68044 3014
38	95335	0.7	1	92544 2791
39	76633	0.7	1	73588 3045
40	72950	0.7	1	70342 2608
41	113119	0.7	1	109747 3372
42	137215	0.7	1	133497 3718
43	64234	0.7	1	61704 2530
44	96040	0.7	1	92859 3181
45	211888	0.7	1	207926 3962
46	70866	0.7	1	68127 2739
47	74283	0.7	1	71711 2572
48	168881	0.7	1	165349 3532
49	99188	0.7	1	96376 2812
50	65340	0.7	1	62949 2391
51	159479	0.7	1	155687 3792
52	167218	0.7	1	163581 3637
53	110266	0.7	1	107496 2770
54	86985	0.7	1	84526 2459
55	98986	0.7	1	96688 2298
56	73667	0.7	1	71609 2058
57	94055	0.7	1	91736 2319
58	93751	0.7	1	91525 2226
59	78819	0.7	1	76748 2071
60	63432	0.7	1	61594 1838
61	53733	0.7	1	52251 1482
62	52234	0.7	1	50788 1446
63	54891	0.7	1	53343 1548
64	67527	0.7	1	65832 1695
65	65782	0.7	1	63945 1837
66	69323	0.7	1	67528 1795
67	69153	0.7	1	67317 1836
68	75020	0.7	1	73132 1888
69	83981	0.7	1	81870 2111
70	87553	0.7	1	85386 2167
71	98197	0.7	1	95955 2242
72	93458	0.7	1	91307 2151
73	92574	0.7	1	90388 2186
74	89311	0.7	1	87253 2058
75	90935	0.7	1	88804 2131
76	87530	0.7	1	85507 2023
77	87983	0.7	1	85910 2073
78	92345	0.7	1	90238 2107
79	93607	0.7	1	91483 2124
80	103452	0.7	1	101203 2249
81	108407	0.7	1	106238 2169
82	102004	0.7	1	99796 2208
83	97953	0.7	1	95852 2101
84	98339	0.7	1	96158 2181
85	95768	0.7	1	93641 2127
86	98839	0.7	1	96631 2208
87	103435	0.7	1	101325 2110
88	104136	0.7	1	102015 2121
89	105065	0.7	1	102934 2131
90	112481	0.7	1	110214 2267
91	111903	0.7	1	109779 2124
92	111363	0.7	1	109176 2187
93	115282	0.7	1	113040 2242
94	112511	0.7	1	110328 2183
95	107864	0.7	1	105649 2215
96	110345	0.7	1	107455 2890
97	102130	0.7	1	100060 2070
98	105688	0.7	1	103589 2099
99	112086	0.7	1	110012 2074
100	117334	0.7	1	115087 2247
101	121098	0.7	1	118861 2237
102	119270	0.7	1	117037 2233
103	111900	0.7	1	109793 2107
104	109169	0.7	1	107238 1931
105	108667	0.7	1	106684 1983
106	104433	0.7	1	102233 2200
107	101256	0.7	1	99349 1907
108	103585	0.7	1	101714 1871
109	109253	0.7	1	107329 1924
110	118792	0.7	1	116710 2082
111	141960	0.7	1	139549 2411
112	131610	0.7	1	129299 2311
113	129454	0.7	1	127363 2091
114	127893	0.7	1	125867 2026
115	119862	0.7	1	117886 1976
116	119947	0.7	1	118046 1901
117	121785	0.7	1	119963 1822
118	115511	0.7	1	113725 1786
119	125747	0.7	1	123822 1925
120	147810	0.7	1	145649 2161
121	153771	0.7	1	151596 2175
122	145216	0.7	1	143287 1929
123	145063	0.7	1	143183 1880
124	123177	0.7	1	121590 1587
125	109185	0.7	1	107771 1414
126	109824	0.7	1	108336 1488
127	86597	0.7	1	85472 1125
128	72929	0.7	1	71979 950
129	65822	0.7	1	65015 807
130	54780	0.7	1	54125 655
131	36672	0.7	1	36199 473
132	17276	0.7	1	17019 257
133	5909	0.7	1	5824 85
134	1688	0.7	1	1650 38
135	565	0.7	1	533 32
136	193	0.7	1	173 20
137	101	0.7	1	85 16
138	683	0.7	1	651 32
139	126	0.7	1	104 22
140	71	0.7	1	58 13
141	576	0.7	1	556 20
142	100	0.7	1	82 18
143	1724	0.7	1	1694 30
144	183	0.7	1	165 18
145	45	0.7	1	27 18
146	488	0.7	1	454 34
147	134	0.7	1	104 30
148	58	0.7	1	19 39
149	329	0.7	1	165 164
150	9540	0.7	1	5483 4057

