This is cutadapt 1.16 with Python 3.6.4
Command line parameters: -j 2 -a AGATCGGAAGAGC -A AGATCGGAAGAGC --trim-n -m 50 -q 20,20 -o /home1/gyang/work_space/4.ProjectET/batch3_cr/2.cutdata/TSC_IgG_1k_rep1.R1_cut.fq -p /home1/gyang/work_space/4.ProjectET/batch3_cr/2.cutdata/TSC_IgG_1k_rep1.R2_cut.fq TSC_IgG_1k_rep1.R1.fq.gz TSC_IgG_1k_rep1.R2.fq.gz
Running on 2 cores
Trimming 2 adapters with at most 10.0% errors in paired-end mode ...
Finished in 1895.90 s (33 us/read; 1.79 M reads/minute).

=== Summary ===

Total read pairs processed:         56,687,826
  Read 1 with adapter:              17,248,152 (30.4%)
  Read 2 with adapter:              11,216,941 (19.8%)
Pairs that were too short:           8,384,778 (14.8%)
Pairs written (passing filters):    48,303,048 (85.2%)

Total basepairs processed: 17,006,347,800 bp
  Read 1: 8,503,173,900 bp
  Read 2: 8,503,173,900 bp
Quality-trimmed:              57,325,670 bp (0.3%)
  Read 1:    18,999,835 bp
  Read 2:    38,325,835 bp
Total written (filtered):  13,762,911,255 bp (80.9%)
  Read 1: 6,882,579,846 bp
  Read 2: 6,880,331,409 bp

=== First read: Adapter 1 ===

Sequence: AGATCGGAAGAGC; Type: regular 3'; Length: 13; Trimmed: 17248152 times.

No. of allowed errors:
0-9 bp: 0; 10-13 bp: 1

Bases preceding removed adapters:
  A: 17.6%
  C: 6.6%
  G: 8.3%
  T: 32.3%
  none/other: 35.2%

Overview of removed sequences
length	count	expect	max.err	error counts
3	1116551	885747.3	0	1116551
4	334143	221436.8	0	334143
5	176778	55359.2	0	176778
6	128758	13839.8	0	128758
7	124434	3460.0	0	124434
8	128178	865.0	0	128178
9	123164	216.2	0	121349 1815
10	120104	54.1	1	114599 5505
11	124285	13.5	1	116022 8263
12	120094	3.4	1	112853 7241
13	108246	0.8	1	101650 6596
14	110708	0.8	1	103082 7626
15	108498	0.8	1	101536 6962
16	111431	0.8	1	103345 8086
17	118355	0.8	1	110014 8341
18	112208	0.8	1	105261 6947
19	100895	0.8	1	94885 6010
20	99851	0.8	1	93665 6186
21	95255	0.8	1	89276 5979
22	87554	0.8	1	82343 5211
23	85255	0.8	1	79921 5334
24	87063	0.8	1	80803 6260
25	83629	0.8	1	78313 5316
26	83596	0.8	1	78449 5147
27	89287	0.8	1	83549 5738
28	87003	0.8	1	81605 5398
29	93565	0.8	1	87100 6465
30	90072	0.8	1	84900 5172
31	86371	0.8	1	81352 5019
32	85292	0.8	1	80052 5240
33	84940	0.8	1	79141 5799
34	86560	0.8	1	80433 6127
35	81573	0.8	1	76881 4692
36	80277	0.8	1	75145 5132
37	82336	0.8	1	77462 4874
38	85832	0.8	1	80319 5513
39	89341	0.8	1	83746 5595
40	93277	0.8	1	87451 5826
41	81946	0.8	1	76985 4961
42	77728	0.8	1	73177 4551
43	74467	0.8	1	69334 5133
44	77421	0.8	1	71516 5905
45	114471	0.8	1	109783 4688
46	33386	0.8	1	29001 4385
47	65174	0.8	1	61821 3353
48	79872	0.8	1	75215 4657
49	75282	0.8	1	70804 4478
50	70037	0.8	1	65143 4894
51	84033	0.8	1	78800 5233
52	73572	0.8	1	69221 4351
53	61566	0.8	1	57813 3753
54	67788	0.8	1	63547 4241
55	75030	0.8	1	70747 4283
56	64881	0.8	1	60591 4290
57	75620	0.8	1	71418 4202
58	74659	0.8	1	70432 4227
59	74676	0.8	1	70332 4344
60	64274	0.8	1	60765 3509
61	54738	0.8	1	51015 3723
62	77883	0.8	1	74058 3825
63	74309	0.8	1	70872 3437
64	51437	0.8	1	48180 3257
65	48494	0.8	1	44761 3733
66	110233	0.8	1	106581 3652
67	68459	0.8	1	63569 4890
68	101602	0.8	1	97768 3834
69	57094	0.8	1	53025 4069
70	44444	0.8	1	41415 3029
71	11027	0.8	1	9364 1663
72	18368	0.8	1	17051 1317
73	40581	0.8	1	38701 1880
74	51623	0.8	1	49160 2463
75	56582	0.8	1	53568 3014
76	57452	0.8	1	54427 3025
77	58985	0.8	1	55816 3169
78	60780	0.8	1	57481 3299
79	60175	0.8	1	56869 3306
80	62732	0.8	1	59267 3465
81	64862	0.8	1	61225 3637
82	63070	0.8	1	59642 3428
83	63597	0.8	1	60111 3486
84	62172	0.8	1	58722 3450
85	61112	0.8	1	57727 3385
86	60270	0.8	1	56846 3424
87	60066	0.8	1	56834 3232
88	58610	0.8	1	55361 3249
89	61678	0.8	1	58238 3440
90	62720	0.8	1	59080 3640
91	63221	0.8	1	59754 3467
92	65914	0.8	1	62245 3669
93	64432	0.8	1	60891 3541
94	65197	0.8	1	61631 3566
95	61625	0.8	1	58274 3351
96	62084	0.8	1	58592 3492
97	58607	0.8	1	55410 3197
98	59194	0.8	1	55879 3315
99	59332	0.8	1	56149 3183
100	58587	0.8	1	55366 3221
101	59079	0.8	1	55991 3088
102	62187	0.8	1	58742 3445
103	61669	0.8	1	58289 3380
104	62747	0.8	1	59304 3443
105	63182	0.8	1	59822 3360
106	62673	0.8	1	59303 3370
107	62326	0.8	1	58994 3332
108	63655	0.8	1	60266 3389
109	62904	0.8	1	59547 3357
110	65412	0.8	1	61979 3433
111	68464	0.8	1	64796 3668
112	69584	0.8	1	65941 3643
113	71966	0.8	1	68243 3723
114	76627	0.8	1	72787 3840
115	76756	0.8	1	72996 3760
116	81008	0.8	1	77041 3967
117	82035	0.8	1	77951 4084
118	80068	0.8	1	76077 3991
119	81094	0.8	1	77030 4064
120	81055	0.8	1	77106 3949
121	79857	0.8	1	75914 3943
122	83016	0.8	1	79082 3934
123	87055	0.8	1	82869 4186
124	88005	0.8	1	83841 4164
125	84315	0.8	1	80440 3875
126	80599	0.8	1	76961 3638
127	75748	0.8	1	72473 3275
128	69254	0.8	1	66251 3003
129	59016	0.8	1	56466 2550
130	41294	0.8	1	39540 1754
131	24705	0.8	1	23658 1047
132	12741	0.8	1	12185 556
133	4784	0.8	1	4562 222
134	1337	0.8	1	1237 100
135	317	0.8	1	253 64
136	87	0.8	1	46 41
137	59	0.8	1	19 40
138	125	0.8	1	90 35
139	63	0.8	1	5 58
140	75	0.8	1	16 59
141	201	0.8	1	122 79
142	112	0.8	1	50 62
143	1872	0.8	1	1727 145
144	142	0.8	1	54 88
145	222	0.8	1	23 199
146	286	0.8	1	41 245
147	765	0.8	1	72 693
148	1890	0.8	1	26 1864
149	30373	0.8	1	199 30174
150	6051356	0.8	1	25840 6025516

=== Second read: Adapter 2 ===

Sequence: AGATCGGAAGAGC; Type: regular 3'; Length: 13; Trimmed: 11216941 times.

No. of allowed errors:
0-9 bp: 0; 10-13 bp: 1

Bases preceding removed adapters:
  A: 26.9%
  C: 10.0%
  G: 12.6%
  T: 50.2%
  none/other: 0.3%

Overview of removed sequences
length	count	expect	max.err	error counts
3	1129562	885747.3	0	1129562
4	336271	221436.8	0	336271
5	177651	55359.2	0	177651
6	127207	13839.8	0	127207
7	128126	3460.0	0	128126
8	136584	865.0	0	136584
9	113242	216.2	0	112270 972
10	123614	54.1	1	118423 5191
11	123227	13.5	1	117224 6003
12	123144	3.4	1	117647 5497
13	109140	0.8	1	105205 3935
14	113413	0.8	1	107839 5574
15	105551	0.8	1	101259 4292
16	110585	0.8	1	106012 4573
17	125212	0.8	1	119645 5567
18	99954	0.8	1	96187 3767
19	139083	0.8	1	133194 5889
20	83390	0.8	1	79839 3551
21	88291	0.8	1	84264 4027
22	85167	0.8	1	81846 3321
23	87394	0.8	1	83643 3751
24	203655	0.8	1	196199 7456
25	56117	0.8	1	53309 2808
26	56173	0.8	1	53510 2663
27	58467	0.8	1	54345 4122
28	147936	0.8	1	143989 3947
29	35237	0.8	1	31987 3250
30	147094	0.8	1	142904 4190
31	49628	0.8	1	46100 3528
32	240260	0.8	1	234960 5300
33	80247	0.8	1	76699 3548
34	31097	0.8	1	28741 2356
35	124516	0.8	1	121665 2851
36	56748	0.8	1	54585 2163
37	48490	0.8	1	46257 2233
38	65230	0.8	1	63359 1871
39	52072	0.8	1	50057 2015
40	50249	0.8	1	48470 1779
41	81045	0.8	1	78559 2486
42	104139	0.8	1	101393 2746
43	48860	0.8	1	46965 1895
44	77830	0.8	1	75171 2659
45	180409	0.8	1	177232 3177
46	57104	0.8	1	54818 2286
47	55925	0.8	1	53943 1982
48	131684	0.8	1	128980 2704
49	70690	0.8	1	68634 2056
50	45820	0.8	1	44051 1769
51	122615	0.8	1	119883 2732
52	131411	0.8	1	128591 2820
53	79527	0.8	1	77370 2157
54	68039	0.8	1	65994 2045
55	81397	0.8	1	79612 1785
56	52308	0.8	1	50698 1610
57	66265	0.8	1	64602 1663
58	71814	0.8	1	70240 1574
59	50191	0.8	1	48846 1345
60	36687	0.8	1	35609 1078
61	31890	0.8	1	30871 1019
62	31759	0.8	1	30832 927
63	34059	0.8	1	33065 994
64	44526	0.8	1	43383 1143
65	44944	0.8	1	43639 1305
66	46453	0.8	1	45190 1263
67	45901	0.8	1	44685 1216
68	48568	0.8	1	47275 1293
69	51267	0.8	1	49886 1381
70	54034	0.8	1	52630 1404
71	61594	0.8	1	60111 1483
72	60287	0.8	1	58770 1517
73	62788	0.8	1	61334 1454
74	59233	0.8	1	57769 1464
75	58485	0.8	1	57089 1396
76	56756	0.8	1	55440 1316
77	58002	0.8	1	56580 1422
78	60779	0.8	1	59464 1315
79	58205	0.8	1	56890 1315
80	61431	0.8	1	60081 1350
81	63726	0.8	1	62318 1408
82	59421	0.8	1	58068 1353
83	61302	0.8	1	59808 1494
84	59957	0.8	1	58588 1369
85	58595	0.8	1	57285 1310
86	60229	0.8	1	58897 1332
87	62115	0.8	1	60769 1346
88	60966	0.8	1	59632 1334
89	58953	0.8	1	57638 1315
90	59941	0.8	1	58614 1327
91	59784	0.8	1	58540 1244
92	61945	0.8	1	60583 1362
93	62628	0.8	1	61314 1314
94	63075	0.8	1	61874 1201
95	60623	0.8	1	59416 1207
96	61198	0.8	1	59977 1221
97	56267	0.8	1	55066 1201
98	56739	0.8	1	55674 1065
99	57397	0.8	1	56189 1208
100	58895	0.8	1	57732 1163
101	60893	0.8	1	59648 1245
102	64014	0.8	1	62797 1217
103	59297	0.8	1	58081 1216
104	60011	0.8	1	58852 1159
105	59762	0.8	1	58598 1164
106	61552	0.8	1	60423 1129
107	61763	0.8	1	60588 1175
108	63501	0.8	1	62293 1208
109	62367	0.8	1	61209 1158
110	63445	0.8	1	62240 1205
111	66827	0.8	1	65611 1216
112	68228	0.8	1	66983 1245
113	72983	0.8	1	71780 1203
114	77467	0.8	1	76183 1284
115	77620	0.8	1	76301 1319
116	82416	0.8	1	81061 1355
117	79541	0.8	1	78215 1326
118	78448	0.8	1	77157 1291
119	78949	0.8	1	77723 1226
120	79728	0.8	1	78381 1347
121	78928	0.8	1	77712 1216
122	81444	0.8	1	80204 1240
123	86221	0.8	1	84964 1257
124	87247	0.8	1	85955 1292
125	83937	0.8	1	82737 1200
126	80302	0.8	1	79068 1234
127	75282	0.8	1	74239 1043
128	69031	0.8	1	68055 976
129	58697	0.8	1	57835 862
130	40965	0.8	1	40428 537
131	24523	0.8	1	24135 388
132	12607	0.8	1	12406 201
133	4767	0.8	1	4672 95
134	1318	0.8	1	1264 54
135	285	0.8	1	254 31
136	74	0.8	1	48 26
137	41	0.8	1	18 23
138	127	0.8	1	89 38
139	29	0.8	1	7 22
140	50	0.8	1	14 36
141	175	0.8	1	143 32
142	76	0.8	1	54 22
143	1813	0.8	1	1778 35
144	75	0.8	1	49 26
145	37	0.8	1	18 19
146	75	0.8	1	42 33
147	101	0.8	1	72 29
148	100	0.8	1	43 57
149	694	0.8	1	338 356
150	31607	0.8	1	26537 5070

