This is cutadapt 1.18 with Python 3.7.0
Command line parameters: -j 3 -a AGATCGGAAGAGC -A AGATCGGAAGAGC --trim-n -m 50 -q 20,20 -o /home1/gyang/work_space/4.ProjectET/batch13_cr/2.cutdata/ESC_Oct4_1k_rep2.R1_cut.fq -p /home1/gyang/work_space/4.ProjectET/batch13_cr/2.cutdata/ESC_Oct4_1k_rep2.R2_cut.fq ESC_Oct4_1k_rep2.R1.fq.gz ESC_Oct4_1k_rep2.R2.fq.gz
Processing reads on 3 cores in paired-end mode ...
Finished in 933.08 s (26 us/read; 2.30 M reads/minute).

=== Summary ===

Total read pairs processed:         35,824,407
  Read 1 with adapter:               1,143,121 (3.2%)
  Read 2 with adapter:               1,140,966 (3.2%)
Pairs that were too short:              66,805 (0.2%)
Pairs written (passing filters):    35,757,602 (99.8%)

Total basepairs processed: 10,747,322,100 bp
  Read 1: 5,373,661,050 bp
  Read 2: 5,373,661,050 bp
Quality-trimmed:              35,582,274 bp (0.3%)
  Read 1:    13,635,736 bp
  Read 2:    21,946,538 bp
Total written (filtered):  10,688,856,885 bp (99.5%)
  Read 1: 5,346,749,872 bp
  Read 2: 5,342,107,013 bp

=== First read: Adapter 1 ===

Sequence: AGATCGGAAGAGC; Type: regular 3'; Length: 13; Trimmed: 1143121 times.

No. of allowed errors:
0-9 bp: 0; 10-13 bp: 1

Bases preceding removed adapters:
  A: 28.5%
  C: 25.2%
  G: 27.2%
  T: 19.2%
  none/other: 0.0%

Overview of removed sequences
length	count	expect	max.err	error counts
3	864881	559756.4	0	864881
4	165094	139939.1	0	165094
5	35416	34984.8	0	35416
6	5021	8746.2	0	5021
7	2508	2186.5	0	2508
8	1891	546.6	0	1891
9	2435	136.7	0	1703 732
10	2768	34.2	1	1372 1396
11	2935	8.5	1	1712 1223
12	2327	2.1	1	1559 768
13	1940	0.5	1	1260 680
14	2127	0.5	1	1340 787
15	1835	0.5	1	1187 648
16	2352	0.5	1	1394 958
17	2646	0.5	1	1587 1059
18	1830	0.5	1	1214 616
19	1466	0.5	1	968 498
20	1644	0.5	1	1075 569
21	1601	0.5	1	1012 589
22	1472	0.5	1	976 496
23	1589	0.5	1	1038 551
24	2026	0.5	1	1241 785
25	1462	0.5	1	883 579
26	1184	0.5	1	755 429
27	1419	0.5	1	873 546
28	1346	0.5	1	846 500
29	1749	0.5	1	1053 696
30	1341	0.5	1	936 405
31	1171	0.5	1	762 409
32	1202	0.5	1	802 400
33	1379	0.5	1	837 542
34	1574	0.5	1	943 631
35	1100	0.5	1	743 357
36	1104	0.5	1	725 379
37	916	0.5	1	586 330
38	934	0.5	1	581 353
39	904	0.5	1	511 393
40	1254	0.5	1	657 597
41	850	0.5	1	505 345
42	651	0.5	1	419 232
43	838	0.5	1	481 357
44	709	0.5	1	405 304
45	686	0.5	1	387 299
46	434	0.5	1	232 202
47	393	0.5	1	229 164
48	522	0.5	1	339 183
49	352	0.5	1	200 152
50	311	0.5	1	174 137
51	438	0.5	1	276 162
52	312	0.5	1	177 135
53	222	0.5	1	105 117
54	326	0.5	1	201 125
55	382	0.5	1	214 168
56	297	0.5	1	161 136
57	296	0.5	1	169 127
58	296	0.5	1	167 129
59	420	0.5	1	272 148
60	213	0.5	1	127 86
61	307	0.5	1	176 131
62	426	0.5	1	275 151
63	327	0.5	1	195 132
64	249	0.5	1	136 113
65	427	0.5	1	267 160
66	556	0.5	1	378 178
67	257	0.5	1	123 134
68	280	0.5	1	160 120
69	266	0.5	1	159 107
70	262	0.5	1	158 104
71	126	0.5	1	57 69
72	100	0.5	1	43 57
73	102	0.5	1	39 63
74	102	0.5	1	53 49
75	106	0.5	1	60 46
76	109	0.5	1	54 55
77	105	0.5	1	61 44
78	114	0.5	1	66 48
79	78	0.5	1	39 39
80	44	0.5	1	19 25
81	57	0.5	1	11 46
82	46	0.5	1	16 30
83	38	0.5	1	2 36
84	30	0.5	1	5 25
85	43	0.5	1	6 37
86	45	0.5	1	9 36
87	44	0.5	1	5 39
88	35	0.5	1	1 34
89	19	0.5	1	2 17
90	35	0.5	1	3 32
91	35	0.5	1	1 34
92	21	0.5	1	2 19
93	16	0.5	1	7 9
94	17	0.5	1	0 17
95	33	0.5	1	6 27
96	26	0.5	1	2 24
97	32	0.5	1	2 30
98	28	0.5	1	1 27
99	35	0.5	1	2 33
100	22	0.5	1	4 18
101	26	0.5	1	2 24
102	31	0.5	1	4 27
103	22	0.5	1	1 21
104	25	0.5	1	1 24
105	44	0.5	1	1 43
106	34	0.5	1	1 33
107	24	0.5	1	3 21
108	26	0.5	1	2 24
109	18	0.5	1	2 16
110	25	0.5	1	3 22
111	25	0.5	1	1 24
112	38	0.5	1	1 37
113	25	0.5	1	0 25
114	25	0.5	1	0 25
115	24	0.5	1	0 24
116	28	0.5	1	0 28
117	28	0.5	1	1 27
118	14	0.5	1	0 14
119	14	0.5	1	0 14
120	17	0.5	1	0 17
121	38	0.5	1	0 38
122	25	0.5	1	1 24
123	17	0.5	1	0 17
124	32	0.5	1	0 32
125	34	0.5	1	0 34
126	24	0.5	1	0 24
127	28	0.5	1	0 28
128	12	0.5	1	0 12
129	18	0.5	1	1 17
130	26	0.5	1	0 26
131	21	0.5	1	0 21
132	17	0.5	1	0 17
133	19	0.5	1	0 19
134	24	0.5	1	0 24
135	32	0.5	1	0 32
136	11	0.5	1	0 11
137	18	0.5	1	0 18
138	26	0.5	1	0 26
139	26	0.5	1	2 24
140	26	0.5	1	0 26
141	19	0.5	1	0 19
142	25	0.5	1	0 25
143	28	0.5	1	0 28
144	12	0.5	1	0 12
145	21	0.5	1	0 21
146	34	0.5	1	0 34
147	22	0.5	1	0 22
148	32	0.5	1	0 32
149	29	0.5	1	0 29
150	121	0.5	1	0 121

=== Second read: Adapter 2 ===

Sequence: AGATCGGAAGAGC; Type: regular 3'; Length: 13; Trimmed: 1140966 times.

No. of allowed errors:
0-9 bp: 0; 10-13 bp: 1

Bases preceding removed adapters:
  A: 28.0%
  C: 25.2%
  G: 27.2%
  T: 19.5%
  none/other: 0.0%

Overview of removed sequences
length	count	expect	max.err	error counts
3	857912	559756.4	0	857912
4	165879	139939.1	0	165879
5	35362	34984.8	0	35362
6	5417	8746.2	0	5417
7	2917	2186.5	0	2917
8	2081	546.6	0	2081
9	2344	136.7	0	1691 653
10	3187	34.2	1	1647 1540
11	2999	8.5	1	1645 1354
12	2822	2.1	1	1748 1074
13	1866	0.5	1	1259 607
14	2571	0.5	1	1650 921
15	1720	0.5	1	1166 554
16	1846	0.5	1	1303 543
17	2774	0.5	1	1798 976
18	1514	0.5	1	1037 477
19	3060	0.5	1	2039 1021
20	1716	0.5	1	1079 637
21	1695	0.5	1	1129 566
22	1585	0.5	1	1065 520
23	1903	0.5	1	1310 593
24	4957	0.5	1	3505 1452
25	1166	0.5	1	821 345
26	1172	0.5	1	799 373
27	1518	0.5	1	951 567
28	2058	0.5	1	1589 469
29	961	0.5	1	609 352
30	2366	0.5	1	1775 591
31	1024	0.5	1	654 370
32	3242	0.5	1	2541 701
33	1535	0.5	1	1065 470
34	680	0.5	1	395 285
35	1612	0.5	1	1230 382
36	690	0.5	1	486 204
37	589	0.5	1	395 194
38	529	0.5	1	363 166
39	443	0.5	1	305 138
40	405	0.5	1	252 153
41	640	0.5	1	465 175
42	956	0.5	1	720 236
43	366	0.5	1	229 137
44	573	0.5	1	386 187
45	905	0.5	1	695 210
46	398	0.5	1	230 168
47	235	0.5	1	127 108
48	518	0.5	1	373 145
49	214	0.5	1	142 72
50	190	0.5	1	97 93
51	500	0.5	1	363 137
52	510	0.5	1	368 142
53	226	0.5	1	135 91
54	277	0.5	1	157 120
55	270	0.5	1	160 110
56	185	0.5	1	93 92
57	191	0.5	1	110 81
58	249	0.5	1	141 108
59	184	0.5	1	96 88
60	161	0.5	1	87 74
61	113	0.5	1	65 48
62	159	0.5	1	84 75
63	195	0.5	1	109 86
64	229	0.5	1	129 100
65	228	0.5	1	140 88
66	305	0.5	1	205 100
67	222	0.5	1	126 96
68	240	0.5	1	145 95
69	224	0.5	1	117 107
70	229	0.5	1	128 101
71	213	0.5	1	130 83
72	136	0.5	1	78 58
73	101	0.5	1	46 55
74	76	0.5	1	31 45
75	89	0.5	1	30 59
76	55	0.5	1	19 36
77	84	0.5	1	36 48
78	65	0.5	1	29 36
79	50	0.5	1	14 36
80	48	0.5	1	6 42
81	34	0.5	1	9 25
82	56	0.5	1	12 44
83	47	0.5	1	4 43
84	34	0.5	1	2 32
85	39	0.5	1	3 36
86	40	0.5	1	5 35
87	33	0.5	1	3 30
88	33	0.5	1	1 32
89	26	0.5	1	0 26
90	26	0.5	1	4 22
91	28	0.5	1	2 26
92	20	0.5	1	2 18
93	34	0.5	1	5 29
94	28	0.5	1	4 24
95	25	0.5	1	4 21
96	22	0.5	1	2 20
97	27	0.5	1	4 23
98	21	0.5	1	3 18
99	36	0.5	1	5 31
100	40	0.5	1	4 36
101	27	0.5	1	5 22
102	44	0.5	1	1 43
103	27	0.5	1	2 25
104	38	0.5	1	3 35
105	42	0.5	1	2 40
106	24	0.5	1	2 22
107	45	0.5	1	4 41
108	36	0.5	1	6 30
109	20	0.5	1	4 16
110	29	0.5	1	1 28
111	31	0.5	1	2 29
112	37	0.5	1	7 30
113	27	0.5	1	6 21
114	35	0.5	1	1 34
115	36	0.5	1	1 35
116	40	0.5	1	2 38
117	28	0.5	1	2 26
118	30	0.5	1	0 30
119	21	0.5	1	1 20
120	17	0.5	1	0 17
121	27	0.5	1	0 27
122	14	0.5	1	1 13
123	28	0.5	1	1 27
124	22	0.5	1	1 21
125	33	0.5	1	0 33
126	47	0.5	1	2 45
127	20	0.5	1	0 20
128	19	0.5	1	1 18
129	26	0.5	1	1 25
130	27	0.5	1	0 27
131	24	0.5	1	0 24
132	13	0.5	1	1 12
133	22	0.5	1	0 22
134	42	0.5	1	0 42
135	32	0.5	1	0 32
136	19	0.5	1	0 19
137	18	0.5	1	2 16
138	24	0.5	1	0 24
139	20	0.5	1	0 20
140	22	0.5	1	0 22
141	17	0.5	1	0 17
142	19	0.5	1	0 19
143	12	0.5	1	0 12
144	20	0.5	1	0 20
145	21	0.5	1	0 21
146	19	0.5	1	0 19
147	28	0.5	1	0 28
148	27	0.5	1	0 27
149	23	0.5	1	0 23
150	72	0.5	1	0 72

