This is cutadapt 1.18 with Python 3.7.0
Command line parameters: -j 3 -a AGATCGGAAGAGC -A AGATCGGAAGAGC --trim-n -m 50 -q 20,20 -o /home1/gyang/work_space/4.ProjectET/batch13_cr/2.cutdata/ESC_Oct4_1k_rep1.R1_cut.fq -p /home1/gyang/work_space/4.ProjectET/batch13_cr/2.cutdata/ESC_Oct4_1k_rep1.R2_cut.fq ESC_Oct4_1k_rep1.R1.fq.gz ESC_Oct4_1k_rep1.R2.fq.gz
Processing reads on 3 cores in paired-end mode ...
Finished in 1007.80 s (25 us/read; 2.43 M reads/minute).

=== Summary ===

Total read pairs processed:         40,795,238
  Read 1 with adapter:               1,288,909 (3.2%)
  Read 2 with adapter:               1,284,646 (3.1%)
Pairs that were too short:              78,327 (0.2%)
Pairs written (passing filters):    40,716,911 (99.8%)

Total basepairs processed: 12,238,571,400 bp
  Read 1: 6,119,285,700 bp
  Read 2: 6,119,285,700 bp
Quality-trimmed:              41,908,328 bp (0.3%)
  Read 1:    15,614,414 bp
  Read 2:    26,293,914 bp
Total written (filtered):  12,170,324,357 bp (99.4%)
  Read 1: 6,088,179,419 bp
  Read 2: 6,082,144,938 bp

=== First read: Adapter 1 ===

Sequence: AGATCGGAAGAGC; Type: regular 3'; Length: 13; Trimmed: 1288909 times.

No. of allowed errors:
0-9 bp: 0; 10-13 bp: 1

Bases preceding removed adapters:
  A: 28.5%
  C: 25.3%
  G: 26.8%
  T: 19.4%
  none/other: 0.0%

Overview of removed sequences
length	count	expect	max.err	error counts
3	972277	637425.6	0	972277
4	188515	159356.4	0	188515
5	39751	39839.1	0	39751
6	5754	9959.8	0	5754
7	2955	2489.9	0	2955
8	2084	622.5	0	2084
9	2788	155.6	0	2028 760
10	2921	38.9	1	1440 1481
11	3322	9.7	1	1791 1531
12	2644	2.4	1	1714 930
13	2256	0.6	1	1490 766
14	2318	0.6	1	1441 877
15	2072	0.6	1	1323 749
16	2473	0.6	1	1500 973
17	2912	0.6	1	1727 1185
18	2177	0.6	1	1484 693
19	1633	0.6	1	1073 560
20	1904	0.6	1	1233 671
21	1748	0.6	1	1169 579
22	1775	0.6	1	1141 634
23	1729	0.6	1	1064 665
24	2424	0.6	1	1400 1024
25	1699	0.6	1	1021 678
26	1358	0.6	1	838 520
27	1586	0.6	1	991 595
28	1550	0.6	1	979 571
29	1968	0.6	1	1151 817
30	1596	0.6	1	1076 520
31	1281	0.6	1	782 499
32	1261	0.6	1	806 455
33	1645	0.6	1	940 705
34	1790	0.6	1	1015 775
35	1230	0.6	1	789 441
36	1215	0.6	1	793 422
37	1075	0.6	1	659 416
38	1053	0.6	1	634 419
39	783	0.6	1	489 294
40	1066	0.6	1	626 440
41	881	0.6	1	521 360
42	1032	0.6	1	615 417
43	974	0.6	1	533 441
44	624	0.6	1	326 298
45	692	0.6	1	423 269
46	414	0.6	1	219 195
47	422	0.6	1	225 197
48	495	0.6	1	278 217
49	317	0.6	1	203 114
50	332	0.6	1	177 155
51	451	0.6	1	250 201
52	355	0.6	1	193 162
53	307	0.6	1	157 150
54	400	0.6	1	232 168
55	427	0.6	1	251 176
56	378	0.6	1	207 171
57	415	0.6	1	244 171
58	397	0.6	1	222 175
59	479	0.6	1	300 179
60	372	0.6	1	224 148
61	448	0.6	1	238 210
62	561	0.6	1	326 235
63	443	0.6	1	247 196
64	380	0.6	1	216 164
65	579	0.6	1	348 231
66	761	0.6	1	511 250
67	490	0.6	1	251 239
68	438	0.6	1	252 186
69	338	0.6	1	178 160
70	308	0.6	1	188 120
71	125	0.6	1	58 67
72	117	0.6	1	44 73
73	132	0.6	1	63 69
74	154	0.6	1	67 87
75	118	0.6	1	57 61
76	133	0.6	1	65 68
77	152	0.6	1	92 60
78	143	0.6	1	93 50
79	97	0.6	1	42 55
80	48	0.6	1	17 31
81	36	0.6	1	10 26
82	44	0.6	1	7 37
83	33	0.6	1	7 26
84	45	0.6	1	7 38
85	37	0.6	1	5 32
86	40	0.6	1	5 35
87	32	0.6	1	5 27
88	26	0.6	1	3 23
89	41	0.6	1	6 35
90	41	0.6	1	4 37
91	15	0.6	1	3 12
92	25	0.6	1	0 25
93	34	0.6	1	1 33
94	27	0.6	1	2 25
95	35	0.6	1	0 35
96	34	0.6	1	2 32
97	19	0.6	1	3 16
98	32	0.6	1	5 27
99	28	0.6	1	1 27
100	29	0.6	1	2 27
101	25	0.6	1	4 21
102	28	0.6	1	2 26
103	26	0.6	1	4 22
104	33	0.6	1	2 31
105	26	0.6	1	5 21
106	43	0.6	1	3 40
107	35	0.6	1	3 32
108	19	0.6	1	2 17
109	29	0.6	1	2 27
110	27	0.6	1	2 25
111	29	0.6	1	1 28
112	35	0.6	1	2 33
113	24	0.6	1	1 23
114	15	0.6	1	0 15
115	19	0.6	1	1 18
116	27	0.6	1	0 27
117	30	0.6	1	4 26
118	37	0.6	1	0 37
119	31	0.6	1	1 30
120	15	0.6	1	0 15
121	16	0.6	1	0 16
122	23	0.6	1	0 23
123	32	0.6	1	0 32
124	23	0.6	1	0 23
125	30	0.6	1	0 30
126	19	0.6	1	0 19
127	37	0.6	1	0 37
128	36	0.6	1	0 36
129	32	0.6	1	0 32
130	43	0.6	1	0 43
131	21	0.6	1	0 21
132	25	0.6	1	0 25
133	22	0.6	1	0 22
134	43	0.6	1	2 41
135	18	0.6	1	0 18
136	31	0.6	1	0 31
137	17	0.6	1	0 17
138	20	0.6	1	0 20
139	35	0.6	1	0 35
140	30	0.6	1	0 30
141	39	0.6	1	0 39
142	26	0.6	1	0 26
143	17	0.6	1	1 16
144	9	0.6	1	0 9
145	43	0.6	1	0 43
146	33	0.6	1	0 33
147	30	0.6	1	1 29
148	52	0.6	1	0 52
149	32	0.6	1	0 32
150	152	0.6	1	0 152

=== Second read: Adapter 2 ===

Sequence: AGATCGGAAGAGC; Type: regular 3'; Length: 13; Trimmed: 1284646 times.

No. of allowed errors:
0-9 bp: 0; 10-13 bp: 1

Bases preceding removed adapters:
  A: 28.0%
  C: 25.3%
  G: 26.9%
  T: 19.8%
  none/other: 0.0%

Overview of removed sequences
length	count	expect	max.err	error counts
3	962400	637425.6	0	962400
4	189478	159356.4	0	189478
5	40049	39839.1	0	40049
6	6551	9959.8	0	6551
7	3460	2489.9	0	3460
8	2342	622.5	0	2342
9	2676	155.6	0	1910 766
10	3459	38.9	1	1770 1689
11	3285	9.7	1	1826 1459
12	3132	2.4	1	2013 1119
13	2082	0.6	1	1450 632
14	2865	0.6	1	1852 1013
15	1774	0.6	1	1188 586
16	1983	0.6	1	1419 564
17	3095	0.6	1	2042 1053
18	1692	0.6	1	1155 537
19	3631	0.6	1	2412 1219
20	1939	0.6	1	1251 688
21	1936	0.6	1	1274 662
22	1712	0.6	1	1186 526
23	2048	0.6	1	1426 622
24	5888	0.6	1	4156 1732
25	1309	0.6	1	911 398
26	1358	0.6	1	918 440
27	1687	0.6	1	1090 597
28	2518	0.6	1	1913 605
29	1014	0.6	1	648 366
30	2690	0.6	1	2067 623
31	1090	0.6	1	681 409
32	3576	0.6	1	2849 727
33	1690	0.6	1	1162 528
34	710	0.6	1	428 282
35	1818	0.6	1	1397 421
36	799	0.6	1	541 258
37	665	0.6	1	432 233
38	583	0.6	1	391 192
39	483	0.6	1	320 163
40	448	0.6	1	285 163
41	734	0.6	1	515 219
42	1069	0.6	1	790 279
43	463	0.6	1	287 176
44	584	0.6	1	395 189
45	1030	0.6	1	771 259
46	446	0.6	1	281 165
47	322	0.6	1	187 135
48	591	0.6	1	439 152
49	249	0.6	1	146 103
50	217	0.6	1	108 109
51	558	0.6	1	403 155
52	618	0.6	1	447 171
53	301	0.6	1	169 132
54	354	0.6	1	230 124
55	314	0.6	1	202 112
56	203	0.6	1	108 95
57	198	0.6	1	110 88
58	335	0.6	1	199 136
59	188	0.6	1	108 80
60	170	0.6	1	93 77
61	186	0.6	1	95 91
62	165	0.6	1	85 80
63	200	0.6	1	111 89
64	233	0.6	1	136 97
65	249	0.6	1	148 101
66	377	0.6	1	253 124
67	278	0.6	1	170 108
68	288	0.6	1	174 114
69	276	0.6	1	154 122
70	251	0.6	1	128 123
71	247	0.6	1	137 110
72	173	0.6	1	85 88
73	139	0.6	1	69 70
74	101	0.6	1	38 63
75	95	0.6	1	39 56
76	80	0.6	1	28 52
77	66	0.6	1	34 32
78	78	0.6	1	35 43
79	52	0.6	1	13 39
80	48	0.6	1	13 35
81	31	0.6	1	10 21
82	39	0.6	1	4 35
83	26	0.6	1	2 24
84	42	0.6	1	5 37
85	40	0.6	1	3 37
86	39	0.6	1	3 36
87	41	0.6	1	0 41
88	22	0.6	1	6 16
89	44	0.6	1	1 43
90	32	0.6	1	0 32
91	32	0.6	1	1 31
92	18	0.6	1	1 17
93	37	0.6	1	0 37
94	38	0.6	1	1 37
95	33	0.6	1	2 31
96	41	0.6	1	3 38
97	29	0.6	1	3 26
98	32	0.6	1	1 31
99	29	0.6	1	3 26
100	28	0.6	1	3 25
101	39	0.6	1	1 38
102	50	0.6	1	2 48
103	26	0.6	1	4 22
104	33	0.6	1	5 28
105	36	0.6	1	1 35
106	42	0.6	1	2 40
107	35	0.6	1	4 31
108	44	0.6	1	1 43
109	38	0.6	1	3 35
110	49	0.6	1	2 47
111	35	0.6	1	1 34
112	22	0.6	1	1 21
113	33	0.6	1	4 29
114	26	0.6	1	1 25
115	33	0.6	1	4 29
116	47	0.6	1	1 46
117	34	0.6	1	0 34
118	26	0.6	1	0 26
119	32	0.6	1	4 28
120	43	0.6	1	2 41
121	27	0.6	1	3 24
122	20	0.6	1	0 20
123	20	0.6	1	1 19
124	35	0.6	1	2 33
125	26	0.6	1	1 25
126	27	0.6	1	0 27
127	32	0.6	1	1 31
128	20	0.6	1	1 19
129	17	0.6	1	0 17
130	36	0.6	1	0 36
131	9	0.6	1	0 9
132	21	0.6	1	0 21
133	27	0.6	1	1 26
134	31	0.6	1	0 31
135	36	0.6	1	0 36
136	16	0.6	1	0 16
137	18	0.6	1	0 18
138	13	0.6	1	0 13
139	26	0.6	1	0 26
140	22	0.6	1	0 22
141	32	0.6	1	0 32
142	18	0.6	1	0 18
143	21	0.6	1	0 21
144	22	0.6	1	0 22
145	39	0.6	1	0 39
146	38	0.6	1	0 38
147	30	0.6	1	0 30
148	38	0.6	1	0 38
149	22	0.6	1	0 22
150	70	0.6	1	1 69

