This is cutadapt 1.18 with Python 3.7.0
Command line parameters: -j 3 -a AGATCGGAAGAGC -A AGATCGGAAGAGC --trim-n -m 50 -q 20,20 -o /home1/gyang/work_space/4.ProjectET/batch13_cr/2.cutdata/ESC_Klf5_1k_rep2.R1_cut.fq -p /home1/gyang/work_space/4.ProjectET/batch13_cr/2.cutdata/ESC_Klf5_1k_rep2.R2_cut.fq ESC_Klf5_1k_rep2.R1.fq.gz ESC_Klf5_1k_rep2.R2.fq.gz
Processing reads on 3 cores in paired-end mode ...
Finished in 946.84 s (26 us/read; 2.30 M reads/minute).

=== Summary ===

Total read pairs processed:         36,276,471
  Read 1 with adapter:               1,099,991 (3.0%)
  Read 2 with adapter:               1,094,506 (3.0%)
Pairs that were too short:              78,531 (0.2%)
Pairs written (passing filters):    36,197,940 (99.8%)

Total basepairs processed: 10,882,941,300 bp
  Read 1: 5,441,470,650 bp
  Read 2: 5,441,470,650 bp
Quality-trimmed:              40,138,243 bp (0.4%)
  Read 1:    14,062,602 bp
  Read 2:    26,075,641 bp
Total written (filtered):  10,818,114,842 bp (99.4%)
  Read 1: 5,412,463,213 bp
  Read 2: 5,405,651,629 bp

=== First read: Adapter 1 ===

Sequence: AGATCGGAAGAGC; Type: regular 3'; Length: 13; Trimmed: 1099991 times.

No. of allowed errors:
0-9 bp: 0; 10-13 bp: 1

Bases preceding removed adapters:
  A: 28.1%
  C: 25.6%
  G: 26.9%
  T: 19.4%
  none/other: 0.0%

Overview of removed sequences
length	count	expect	max.err	error counts
3	829111	566819.9	0	829111
4	158057	141705.0	0	158057
5	34275	35426.2	0	34275
6	5409	8856.6	0	5409
7	2467	2214.1	0	2467
8	1735	553.5	0	1735
9	2548	138.4	0	1670 878
10	2619	34.6	1	1311 1308
11	2813	8.6	1	1521 1292
12	2380	2.2	1	1496 884
13	1785	0.5	1	1177 608
14	1884	0.5	1	1194 690
15	1817	0.5	1	1145 672
16	2111	0.5	1	1256 855
17	2358	0.5	1	1376 982
18	1929	0.5	1	1275 654
19	1447	0.5	1	929 518
20	1576	0.5	1	1007 569
21	1529	0.5	1	971 558
22	1557	0.5	1	981 576
23	1446	0.5	1	897 549
24	1897	0.5	1	1118 779
25	1397	0.5	1	867 530
26	1208	0.5	1	718 490
27	1306	0.5	1	805 501
28	1304	0.5	1	788 516
29	1655	0.5	1	987 668
30	1328	0.5	1	892 436
31	1200	0.5	1	733 467
32	1229	0.5	1	772 457
33	1323	0.5	1	779 544
34	1283	0.5	1	742 541
35	1576	0.5	1	912 664
36	1095	0.5	1	716 379
37	907	0.5	1	557 350
38	980	0.5	1	610 370
39	939	0.5	1	536 403
40	961	0.5	1	518 443
41	804	0.5	1	462 342
42	909	0.5	1	543 366
43	1180	0.5	1	637 543
44	791	0.5	1	391 400
45	782	0.5	1	479 303
46	469	0.5	1	247 222
47	499	0.5	1	258 241
48	799	0.5	1	527 272
49	489	0.5	1	262 227
50	351	0.5	1	195 156
51	535	0.5	1	316 219
52	331	0.5	1	196 135
53	284	0.5	1	125 159
54	416	0.5	1	263 153
55	469	0.5	1	290 179
56	366	0.5	1	176 190
57	291	0.5	1	156 135
58	290	0.5	1	159 131
59	418	0.5	1	255 163
60	252	0.5	1	132 120
61	361	0.5	1	210 151
62	462	0.5	1	300 162
63	338	0.5	1	189 149
64	261	0.5	1	148 113
65	423	0.5	1	250 173
66	559	0.5	1	385 174
67	292	0.5	1	145 147
68	323	0.5	1	201 122
69	290	0.5	1	174 116
70	260	0.5	1	162 98
71	122	0.5	1	54 68
72	80	0.5	1	37 43
73	115	0.5	1	54 61
74	131	0.5	1	57 74
75	145	0.5	1	65 80
76	132	0.5	1	67 65
77	161	0.5	1	80 81
78	179	0.5	1	91 88
79	115	0.5	1	54 61
80	68	0.5	1	35 33
81	51	0.5	1	18 33
82	34	0.5	1	4 30
83	38	0.5	1	11 27
84	37	0.5	1	6 31
85	39	0.5	1	2 37
86	38	0.5	1	5 33
87	34	0.5	1	8 26
88	25	0.5	1	6 19
89	25	0.5	1	2 23
90	34	0.5	1	4 30
91	25	0.5	1	9 16
92	22	0.5	1	2 20
93	32	0.5	1	1 31
94	29	0.5	1	2 27
95	25	0.5	1	3 22
96	28	0.5	1	6 22
97	28	0.5	1	4 24
98	28	0.5	1	4 24
99	24	0.5	1	2 22
100	30	0.5	1	0 30
101	21	0.5	1	6 15
102	22	0.5	1	6 16
103	30	0.5	1	4 26
104	39	0.5	1	4 35
105	19	0.5	1	2 17
106	26	0.5	1	0 26
107	23	0.5	1	5 18
108	22	0.5	1	1 21
109	31	0.5	1	3 28
110	31	0.5	1	3 28
111	22	0.5	1	3 19
112	23	0.5	1	1 22
113	16	0.5	1	2 14
114	42	0.5	1	4 38
115	20	0.5	1	1 19
116	28	0.5	1	0 28
117	19	0.5	1	2 17
118	24	0.5	1	0 24
119	34	0.5	1	3 31
120	16	0.5	1	1 15
121	13	0.5	1	0 13
122	28	0.5	1	0 28
123	25	0.5	1	0 25
124	18	0.5	1	0 18
125	26	0.5	1	1 25
126	22	0.5	1	1 21
127	29	0.5	1	0 29
128	26	0.5	1	1 25
129	23	0.5	1	1 22
130	30	0.5	1	0 30
131	23	0.5	1	0 23
132	23	0.5	1	0 23
133	23	0.5	1	0 23
134	27	0.5	1	1 26
135	39	0.5	1	0 39
136	23	0.5	1	0 23
137	22	0.5	1	0 22
138	24	0.5	1	0 24
139	37	0.5	1	0 37
140	20	0.5	1	0 20
141	22	0.5	1	0 22
142	17	0.5	1	0 17
143	29	0.5	1	0 29
144	15	0.5	1	0 15
145	19	0.5	1	0 19
146	27	0.5	1	0 27
147	31	0.5	1	0 31
148	22	0.5	1	0 22
149	38	0.5	1	0 38
150	153	0.5	1	0 153

=== Second read: Adapter 2 ===

Sequence: AGATCGGAAGAGC; Type: regular 3'; Length: 13; Trimmed: 1094506 times.

No. of allowed errors:
0-9 bp: 0; 10-13 bp: 1

Bases preceding removed adapters:
  A: 27.7%
  C: 25.6%
  G: 27.0%
  T: 19.7%
  none/other: 0.0%

Overview of removed sequences
length	count	expect	max.err	error counts
3	821487	566819.9	0	821487
4	157322	141705.0	0	157322
5	34069	35426.2	0	34069
6	5819	8856.6	0	5819
7	2909	2214.1	0	2909
8	1932	553.5	0	1932
9	2386	138.4	0	1555 831
10	2893	34.6	1	1429 1464
11	2948	8.6	1	1582 1366
12	2677	2.2	1	1688 989
13	1717	0.5	1	1157 560
14	2337	0.5	1	1472 865
15	1635	0.5	1	1076 559
16	1771	0.5	1	1221 550
17	2472	0.5	1	1598 874
18	1507	0.5	1	1023 484
19	2943	0.5	1	1925 1018
20	1658	0.5	1	1065 593
21	1638	0.5	1	1083 555
22	1566	0.5	1	1064 502
23	1777	0.5	1	1204 573
24	4787	0.5	1	3383 1404
25	1105	0.5	1	743 362
26	1176	0.5	1	794 382
27	1486	0.5	1	966 520
28	2045	0.5	1	1617 428
29	1070	0.5	1	672 398
30	2388	0.5	1	1776 612
31	995	0.5	1	630 365
32	3097	0.5	1	2444 653
33	1588	0.5	1	1094 494
34	667	0.5	1	401 266
35	1604	0.5	1	1212 392
36	703	0.5	1	447 256
37	646	0.5	1	419 227
38	565	0.5	1	403 162
39	453	0.5	1	284 169
40	368	0.5	1	233 135
41	625	0.5	1	446 179
42	956	0.5	1	682 274
43	361	0.5	1	213 148
44	567	0.5	1	373 194
45	981	0.5	1	771 210
46	443	0.5	1	268 175
47	269	0.5	1	145 124
48	579	0.5	1	421 158
49	241	0.5	1	141 100
50	211	0.5	1	108 103
51	535	0.5	1	381 154
52	606	0.5	1	424 182
53	248	0.5	1	154 94
54	343	0.5	1	238 105
55	292	0.5	1	188 104
56	217	0.5	1	125 92
57	212	0.5	1	127 85
58	335	0.5	1	218 117
59	221	0.5	1	126 95
60	196	0.5	1	103 93
61	190	0.5	1	94 96
62	206	0.5	1	108 98
63	184	0.5	1	101 83
64	231	0.5	1	138 93
65	242	0.5	1	154 88
66	331	0.5	1	203 128
67	305	0.5	1	168 137
68	271	0.5	1	188 83
69	285	0.5	1	155 130
70	206	0.5	1	128 78
71	227	0.5	1	107 120
72	150	0.5	1	93 57
73	141	0.5	1	59 82
74	101	0.5	1	33 68
75	96	0.5	1	35 61
76	68	0.5	1	31 37
77	87	0.5	1	37 50
78	106	0.5	1	35 71
79	47	0.5	1	16 31
80	50	0.5	1	11 39
81	53	0.5	1	13 40
82	39	0.5	1	8 31
83	44	0.5	1	8 36
84	47	0.5	1	6 41
85	51	0.5	1	6 45
86	39	0.5	1	4 35
87	57	0.5	1	8 49
88	25	0.5	1	5 20
89	40	0.5	1	3 37
90	40	0.5	1	3 37
91	29	0.5	1	5 24
92	32	0.5	1	2 30
93	24	0.5	1	3 21
94	37	0.5	1	4 33
95	27	0.5	1	2 25
96	24	0.5	1	6 18
97	29	0.5	1	1 28
98	20	0.5	1	2 18
99	35	0.5	1	1 34
100	51	0.5	1	10 41
101	39	0.5	1	7 32
102	60	0.5	1	5 55
103	33	0.5	1	7 26
104	57	0.5	1	4 53
105	47	0.5	1	3 44
106	48	0.5	1	2 46
107	42	0.5	1	5 37
108	34	0.5	1	3 31
109	35	0.5	1	3 32
110	45	0.5	1	9 36
111	30	0.5	1	4 26
112	39	0.5	1	6 33
113	33	0.5	1	1 32
114	45	0.5	1	3 42
115	34	0.5	1	1 33
116	20	0.5	1	0 20
117	27	0.5	1	3 24
118	29	0.5	1	1 28
119	43	0.5	1	1 42
120	26	0.5	1	1 25
121	35	0.5	1	0 35
122	39	0.5	1	3 36
123	30	0.5	1	0 30
124	27	0.5	1	1 26
125	42	0.5	1	0 42
126	27	0.5	1	0 27
127	26	0.5	1	1 25
128	25	0.5	1	1 24
129	15	0.5	1	0 15
130	27	0.5	1	1 26
131	27	0.5	1	0 27
132	33	0.5	1	0 33
133	29	0.5	1	0 29
134	23	0.5	1	0 23
135	30	0.5	1	0 30
136	17	0.5	1	0 17
137	12	0.5	1	0 12
138	16	0.5	1	1 15
139	25	0.5	1	2 23
140	27	0.5	1	0 27
141	28	0.5	1	0 28
142	19	0.5	1	0 19
143	19	0.5	1	0 19
144	23	0.5	1	0 23
145	16	0.5	1	0 16
146	30	0.5	1	0 30
147	19	0.5	1	0 19
148	31	0.5	1	0 31
149	24	0.5	1	0 24
150	88	0.5	1	1 87

