This is cutadapt 1.18 with Python 3.7.0
Command line parameters: -j 3 -a AGATCGGAAGAGC -A AGATCGGAAGAGC --trim-n -m 50 -q 20,20 -o /home1/gyang/work_space/4.ProjectET/batch13_cr/2.cutdata/ESC_Klf5_10k_rep1.R1_cut.fq -p /home1/gyang/work_space/4.ProjectET/batch13_cr/2.cutdata/ESC_Klf5_10k_rep1.R2_cut.fq ESC_Klf5_10k_rep1.R1.fq.gz ESC_Klf5_10k_rep1.R2.fq.gz
Processing reads on 3 cores in paired-end mode ...
Finished in 1031.61 s (24 us/read; 2.46 M reads/minute).

=== Summary ===

Total read pairs processed:         42,330,289
  Read 1 with adapter:               1,361,963 (3.2%)
  Read 2 with adapter:               1,362,329 (3.2%)
Pairs that were too short:              76,529 (0.2%)
Pairs written (passing filters):    42,253,760 (99.8%)

Total basepairs processed: 12,699,086,700 bp
  Read 1: 6,349,543,350 bp
  Read 2: 6,349,543,350 bp
Quality-trimmed:              39,776,199 bp (0.3%)
  Read 1:    16,860,709 bp
  Read 2:    22,915,490 bp
Total written (filtered):  12,631,315,914 bp (99.5%)
  Read 1: 6,316,962,154 bp
  Read 2: 6,314,353,760 bp

=== First read: Adapter 1 ===

Sequence: AGATCGGAAGAGC; Type: regular 3'; Length: 13; Trimmed: 1361963 times.

No. of allowed errors:
0-9 bp: 0; 10-13 bp: 1

Bases preceding removed adapters:
  A: 28.1%
  C: 25.0%
  G: 26.6%
  T: 20.2%
  none/other: 0.0%

Overview of removed sequences
length	count	expect	max.err	error counts
3	1011840	661410.8	0	1011840
4	192616	165352.7	0	192616
5	38686	41338.2	0	38686
6	5320	10334.5	0	5320
7	3436	2583.6	0	3436
8	2906	645.9	0	2906
9	3721	161.5	0	2763 958
10	3918	40.4	1	2171 1747
11	4291	10.1	1	2571 1720
12	3864	2.5	1	2695 1169
13	3028	0.6	1	2124 904
14	3294	0.6	1	2199 1095
15	2750	0.6	1	1921 829
16	3592	0.6	1	2287 1305
17	4012	0.6	1	2569 1443
18	3068	0.6	1	2246 822
19	2207	0.6	1	1545 662
20	2605	0.6	1	1781 824
21	2540	0.6	1	1722 818
22	2261	0.6	1	1576 685
23	2378	0.6	1	1571 807
24	3403	0.6	1	2150 1253
25	2302	0.6	1	1539 763
26	1951	0.6	1	1278 673
27	2233	0.6	1	1512 721
28	2099	0.6	1	1379 720
29	3008	0.6	1	1904 1104
30	2091	0.6	1	1542 549
31	1907	0.6	1	1317 590
32	2036	0.6	1	1412 624
33	2171	0.6	1	1337 834
34	2216	0.6	1	1452 764
35	1857	0.6	1	1285 572
36	2555	0.6	1	1662 893
37	1311	0.6	1	930 381
38	1457	0.6	1	985 472
39	1236	0.6	1	820 416
40	1268	0.6	1	801 467
41	1412	0.6	1	891 521
42	1498	0.6	1	984 514
43	1170	0.6	1	774 396
44	736	0.6	1	465 271
45	608	0.6	1	373 235
46	844	0.6	1	542 302
47	734	0.6	1	447 287
48	616	0.6	1	397 219
49	766	0.6	1	469 297
50	509	0.6	1	311 198
51	403	0.6	1	243 160
52	476	0.6	1	310 166
53	585	0.6	1	383 202
54	597	0.6	1	407 190
55	496	0.6	1	329 167
56	517	0.6	1	324 193
57	596	0.6	1	395 201
58	401	0.6	1	269 132
59	529	0.6	1	331 198
60	887	0.6	1	614 273
61	628	0.6	1	414 214
62	596	0.6	1	369 227
63	827	0.6	1	569 258
64	1064	0.6	1	741 323
65	602	0.6	1	387 215
66	702	0.6	1	492 210
67	545	0.6	1	366 179
68	522	0.6	1	355 167
69	217	0.6	1	145 72
70	200	0.6	1	115 85
71	292	0.6	1	163 129
72	327	0.6	1	214 113
73	281	0.6	1	170 111
74	243	0.6	1	148 95
75	248	0.6	1	146 102
76	188	0.6	1	112 76
77	130	0.6	1	59 71
78	77	0.6	1	36 41
79	70	0.6	1	24 46
80	56	0.6	1	19 37
81	44	0.6	1	17 27
82	46	0.6	1	14 32
83	39	0.6	1	10 29
84	62	0.6	1	14 48
85	36	0.6	1	9 27
86	69	0.6	1	18 51
87	37	0.6	1	6 31
88	34	0.6	1	10 24
89	41	0.6	1	12 29
90	55	0.6	1	7 48
91	32	0.6	1	11 21
92	37	0.6	1	7 30
93	35	0.6	1	6 29
94	38	0.6	1	6 32
95	31	0.6	1	3 28
96	40	0.6	1	4 36
97	34	0.6	1	5 29
98	35	0.6	1	5 30
99	42	0.6	1	4 38
100	41	0.6	1	5 36
101	38	0.6	1	7 31
102	35	0.6	1	1 34
103	33	0.6	1	4 29
104	29	0.6	1	1 28
105	41	0.6	1	3 38
106	26	0.6	1	4 22
107	29	0.6	1	3 26
108	36	0.6	1	3 33
109	23	0.6	1	3 20
110	32	0.6	1	7 25
111	22	0.6	1	3 19
112	33	0.6	1	4 29
113	31	0.6	1	4 27
114	25	0.6	1	2 23
115	40	0.6	1	2 38
116	32	0.6	1	2 30
117	24	0.6	1	0 24
118	27	0.6	1	2 25
119	33	0.6	1	0 33
120	22	0.6	1	0 22
121	27	0.6	1	0 27
122	32	0.6	1	2 30
123	24	0.6	1	0 24
124	16	0.6	1	0 16
125	43	0.6	1	1 42
126	28	0.6	1	1 27
127	29	0.6	1	0 29
128	24	0.6	1	0 24
129	27	0.6	1	0 27
130	32	0.6	1	0 32
131	35	0.6	1	0 35
132	24	0.6	1	0 24
133	21	0.6	1	0 21
134	19	0.6	1	0 19
135	21	0.6	1	0 21
136	47	0.6	1	0 47
137	36	0.6	1	0 36
138	22	0.6	1	1 21
139	27	0.6	1	0 27
140	27	0.6	1	0 27
141	28	0.6	1	0 28
142	16	0.6	1	0 16
143	21	0.6	1	0 21
144	30	0.6	1	0 30
145	36	0.6	1	0 36
146	31	0.6	1	0 31
147	28	0.6	1	0 28
148	36	0.6	1	0 36
149	25	0.6	1	0 25
150	83	0.6	1	0 83

=== Second read: Adapter 2 ===

Sequence: AGATCGGAAGAGC; Type: regular 3'; Length: 13; Trimmed: 1362329 times.

No. of allowed errors:
0-9 bp: 0; 10-13 bp: 1

Bases preceding removed adapters:
  A: 27.9%
  C: 25.1%
  G: 26.7%
  T: 20.3%
  none/other: 0.0%

Overview of removed sequences
length	count	expect	max.err	error counts
3	1016160	661410.8	0	1016160
4	192315	165352.7	0	192315
5	39105	41338.2	0	39105
6	5603	10334.5	0	5603
7	3744	2583.6	0	3744
8	2879	645.9	0	2879
9	3449	161.5	0	2487 962
10	4136	40.4	1	2225 1911
11	3889	10.1	1	2289 1600
12	4166	2.5	1	2706 1460
13	2591	0.6	1	1814 777
14	3674	0.6	1	2297 1377
15	2371	0.6	1	1603 768
16	2696	0.6	1	1929 767
17	3900	0.6	1	2622 1278
18	2298	0.6	1	1641 657
19	4324	0.6	1	2991 1333
20	2451	0.6	1	1591 860
21	2427	0.6	1	1664 763
22	2155	0.6	1	1526 629
23	2615	0.6	1	1874 741
24	7614	0.6	1	5500 2114
25	1645	0.6	1	1164 481
26	1758	0.6	1	1263 495
27	2232	0.6	1	1446 786
28	3207	0.6	1	2532 675
29	1416	0.6	1	904 512
30	3603	0.6	1	2803 800
31	1574	0.6	1	1062 512
32	4844	0.6	1	3928 916
33	2359	0.6	1	1690 669
34	916	0.6	1	558 358
35	2381	0.6	1	1889 492
36	955	0.6	1	680 275
37	916	0.6	1	639 277
38	715	0.6	1	495 220
39	634	0.6	1	423 211
40	573	0.6	1	381 192
41	919	0.6	1	660 259
42	1337	0.6	1	1009 328
43	513	0.6	1	326 187
44	765	0.6	1	563 202
45	1438	0.6	1	1148 290
46	583	0.6	1	378 205
47	341	0.6	1	216 125
48	847	0.6	1	653 194
49	325	0.6	1	212 113
50	228	0.6	1	145 83
51	763	0.6	1	605 158
52	760	0.6	1	572 188
53	329	0.6	1	210 119
54	415	0.6	1	270 145
55	362	0.6	1	254 108
56	249	0.6	1	144 105
57	265	0.6	1	167 98
58	371	0.6	1	239 132
59	223	0.6	1	128 95
60	238	0.6	1	132 106
61	225	0.6	1	128 97
62	222	0.6	1	141 81
63	305	0.6	1	185 120
64	330	0.6	1	209 121
65	311	0.6	1	209 102
66	408	0.6	1	286 122
67	367	0.6	1	254 113
68	381	0.6	1	246 135
69	332	0.6	1	214 118
70	305	0.6	1	191 114
71	251	0.6	1	152 99
72	224	0.6	1	129 95
73	145	0.6	1	65 80
74	122	0.6	1	50 72
75	97	0.6	1	39 58
76	69	0.6	1	31 38
77	87	0.6	1	25 62
78	66	0.6	1	20 46
79	56	0.6	1	14 42
80	44	0.6	1	9 35
81	48	0.6	1	5 43
82	55	0.6	1	4 51
83	36	0.6	1	4 32
84	40	0.6	1	7 33
85	33	0.6	1	1 32
86	41	0.6	1	2 39
87	47	0.6	1	3 44
88	28	0.6	1	1 27
89	51	0.6	1	5 46
90	37	0.6	1	5 32
91	25	0.6	1	5 20
92	37	0.6	1	0 37
93	36	0.6	1	2 34
94	26	0.6	1	0 26
95	32	0.6	1	1 31
96	42	0.6	1	1 41
97	43	0.6	1	3 40
98	29	0.6	1	1 28
99	24	0.6	1	4 20
100	50	0.6	1	4 46
101	27	0.6	1	2 25
102	47	0.6	1	4 43
103	41	0.6	1	3 38
104	41	0.6	1	5 36
105	36	0.6	1	10 26
106	36	0.6	1	4 32
107	25	0.6	1	5 20
108	40	0.6	1	2 38
109	42	0.6	1	5 37
110	45	0.6	1	3 42
111	28	0.6	1	0 28
112	43	0.6	1	4 39
113	36	0.6	1	3 33
114	42	0.6	1	2 40
115	32	0.6	1	1 31
116	31	0.6	1	2 29
117	33	0.6	1	1 32
118	29	0.6	1	1 28
119	35	0.6	1	2 33
120	28	0.6	1	1 27
121	42	0.6	1	1 41
122	36	0.6	1	3 33
123	25	0.6	1	1 24
124	34	0.6	1	0 34
125	42	0.6	1	0 42
126	27	0.6	1	0 27
127	25	0.6	1	1 24
128	27	0.6	1	0 27
129	39	0.6	1	2 37
130	26	0.6	1	0 26
131	33	0.6	1	0 33
132	42	0.6	1	0 42
133	21	0.6	1	0 21
134	32	0.6	1	3 29
135	27	0.6	1	0 27
136	25	0.6	1	0 25
137	32	0.6	1	0 32
138	30	0.6	1	0 30
139	34	0.6	1	0 34
140	27	0.6	1	0 27
141	29	0.6	1	0 29
142	17	0.6	1	0 17
143	19	0.6	1	0 19
144	27	0.6	1	0 27
145	29	0.6	1	0 29
146	32	0.6	1	0 32
147	44	0.6	1	0 44
148	38	0.6	1	0 38
149	14	0.6	1	0 14
150	69	0.6	1	1 68

