[2021-09-13 11:42:50,178] multiqc                                            [DEBUG  ]  This is MultiQC v1.11
[2021-09-13 11:42:50,178] multiqc                                            [DEBUG  ]  No MultiQC config found: /home1/gyang/anaconda3/envs/work/lib/python3.6/site-packages/multiqc_config.yaml
[2021-09-13 11:42:50,178] multiqc                                            [DEBUG  ]  No MultiQC config found: /home1/gyang/.multiqc_config.yaml
[2021-09-13 11:42:50,178] multiqc                                            [DEBUG  ]  No MultiQC config found: multiqc_config.yaml
[2021-09-13 11:42:50,178] multiqc                                            [DEBUG  ]  Command used: /home1/gyang/anaconda3/envs/work/bin/multiqc -n batch17_rna_raw ./
[2021-09-13 11:42:53,979] multiqc                                            [DEBUG  ]  Latest MultiQC version is v1.11
[2021-09-13 11:42:53,979] multiqc                                            [DEBUG  ]  Command     : /home1/gyang/anaconda3/envs/work/bin/multiqc -n batch17_rna_raw ./
[2021-09-13 11:42:53,979] multiqc                                            [DEBUG  ]  Working dir : /home1/gyang/work_space/4.ProjectET/batch17_rna/1.rawdata
[2021-09-13 11:42:53,979] multiqc                                            [DEBUG  ]  Template    : default
[2021-09-13 11:42:53,979] multiqc                                            [DEBUG  ]  Running Python 3.6.8 |Anaconda, Inc.| (default, Dec 30 2018, 01:22:34)  [GCC 7.3.0]
[2021-09-13 11:42:53,980] multiqc                                            [DEBUG  ]  Analysing modules: custom_content, ccs, ngsderive, purple, conpair, lima, peddy, somalier, methylQA, mosdepth, phantompeakqualtools, qualimap, preseq, quast, qorts, rna_seqc, rockhopper, rsem, rseqc, busco, bustools, goleft_indexcov, gffcompare, disambiguate, supernova, deeptools, sargasso, verifybamid, mirtrace, happy, mirtop, sambamba, homer, hops, macs2, theta2, snpeff, gatk, htseq, bcftools, featureCounts, fgbio, dragen, dedup, damageprofiler, biobambam2, jcvi, mtnucratio, picard, vep, sentieon, prokka, qc3C, nanostat, samblaster, samtools, sexdeterrmine, eigenstratdatabasetools, bamtools, jellyfish, vcftools, longranger, stacks, varscan2, snippy, bbmap, bismark, biscuit, hicexplorer, hicup, hicpro, salmon, kallisto, slamdunk, star, hisat2, tophat, bowtie2, bowtie1, snpsplit, odgi, pangolin, kat, leehom, adapterRemoval, clipandmerge, cutadapt, flexbar, kaiju, kraken, malt, trimmomatic, sickle, skewer, sortmerna, biobloomtools, fastq_screen, afterqc, fastp, fastqc, pychopper, pycoqc, minionqc, multivcfanalyzer, clusterflow, bcl2fastq, bclconvert, interop, ivar, flash, seqyclean, optitype
[2021-09-13 11:42:53,981] multiqc                                            [DEBUG  ]  Using temporary directory for creating report: /tmp/tmptftwyww9
[2021-09-13 11:42:54,613] multiqc                                            [INFO   ]  Search path : /home1/gyang/work_space/4.ProjectET/batch17_rna/1.rawdata
[2021-09-13 11:42:54,671] multiqc                                            [DEBUG  ]  File ignored by ccs/v4 because it exceeded search pattern filesize limit: link.txt
[2021-09-13 11:42:54,673] multiqc                                            [DEBUG  ]  File ignored by hicexplorer because it exceeded search pattern filesize limit: link.txt
[2021-09-13 11:42:54,673] multiqc                                            [DEBUG  ]  File ignored by nanostat because it exceeded search pattern filesize limit: link.txt
[2021-09-13 11:42:54,673] multiqc                                            [DEBUG  ]  File ignored by lima/summary because it exceeded search pattern filesize limit: link.txt
[2021-09-13 11:42:54,677] multiqc                                            [DEBUG  ]  File ignored by longranger/invocation because it exceeded search pattern filesize limit: link.txt
[2021-09-13 11:42:54,686] multiqc                                            [DEBUG  ]  Ignoring file as matched an ignore pattern: midBlast_Ctrl_rep3.R2.fq.gz
[2021-09-13 11:42:54,697] multiqc                                            [DEBUG  ]  File ignored by ccs/v4 because it exceeded search pattern filesize limit: checkSize.xls?OSSAccessKeyId=LTAIBg5ZREoSx2z9&Expires=1631565308&Signature=wUSzPNMvHHn5CgcLjvlEbnr6VMQ=
[2021-09-13 11:42:54,699] multiqc                                            [DEBUG  ]  File ignored by lima/summary because it exceeded search pattern filesize limit: checkSize.xls?OSSAccessKeyId=LTAIBg5ZREoSx2z9&Expires=1631565308&Signature=wUSzPNMvHHn5CgcLjvlEbnr6VMQ=
[2021-09-13 11:42:54,705] multiqc                                            [DEBUG  ]  Ignoring file as matched an ignore pattern: midBlast_siTfap2c_rep2.R2.fq.gz
[2021-09-13 11:42:54,705] multiqc                                            [DEBUG  ]  Ignoring file as matched an ignore pattern: midBlast_siTfap2c_rep3.R2.fq.gz
[2021-09-13 11:42:54,715] multiqc                                            [DEBUG  ]  Ignoring file as matched an ignore pattern: midBlast_Ctrl_rep1.R1.fq.gz
[2021-09-13 11:42:54,715] multiqc                                            [DEBUG  ]  Ignoring file as matched an ignore pattern: midBlast_Ctrl_rep3.R1.fq.gz
[2021-09-13 11:42:54,715] multiqc                                            [DEBUG  ]  Ignoring file as matched an ignore pattern: midBlast_siTfap2c_rep2.R1.fq.gz
[2021-09-13 11:42:54,715] multiqc                                            [DEBUG  ]  Ignoring file as matched an ignore pattern: midBlast_Ctrl_rep1.R2.fq.gz
[2021-09-13 11:42:54,715] multiqc                                            [DEBUG  ]  Ignoring file as matched an ignore pattern: midBlast_siTfap2c_rep1.R2.fq.gz
[2021-09-13 11:42:54,725] multiqc                                            [DEBUG  ]  Ignoring file as matched an ignore pattern: midBlast_Ctrl_rep2.R1.fq.gz
[2021-09-13 11:42:54,725] multiqc                                            [DEBUG  ]  Ignoring file as matched an ignore pattern: midBlast_siTfap2c_rep1.R1.fq.gz
[2021-09-13 11:42:54,725] multiqc                                            [DEBUG  ]  Ignoring file as matched an ignore pattern: midBlast_siTfap2c_rep3.R1.fq.gz
[2021-09-13 11:42:54,725] multiqc                                            [DEBUG  ]  Ignoring file as matched an ignore pattern: midBlast_Ctrl_rep2.R2.fq.gz
[2021-09-13 11:42:54,741] multiqc                                            [DEBUG  ]  File ignored by ccs/v4 because it exceeded search pattern filesize limit: midBlast_siTfap2c_rep3.R2_fastqc.html
[2021-09-13 11:42:54,742] multiqc                                            [DEBUG  ]  File ignored by hicexplorer because it exceeded search pattern filesize limit: midBlast_siTfap2c_rep3.R2_fastqc.html
[2021-09-13 11:42:54,742] multiqc                                            [DEBUG  ]  File ignored by nanostat because it exceeded search pattern filesize limit: midBlast_siTfap2c_rep3.R2_fastqc.html
[2021-09-13 11:42:54,742] multiqc                                            [DEBUG  ]  File ignored by lima/summary because it exceeded search pattern filesize limit: midBlast_siTfap2c_rep3.R2_fastqc.html
[2021-09-13 11:42:54,745] multiqc                                            [DEBUG  ]  File ignored by vep/vep_txt because it exceeded search pattern filesize limit: midBlast_siTfap2c_rep3.R2_fastqc.html
[2021-09-13 11:42:54,745] multiqc                                            [DEBUG  ]  File ignored by longranger/invocation because it exceeded search pattern filesize limit: midBlast_siTfap2c_rep3.R2_fastqc.html
[2021-09-13 11:42:54,795] multiqc                                            [DEBUG  ]  File ignored by ccs/v4 because it exceeded search pattern filesize limit: midBlast_siTfap2c_rep3.R1_fastqc.html
[2021-09-13 11:42:54,796] multiqc                                            [DEBUG  ]  File ignored by hicexplorer because it exceeded search pattern filesize limit: midBlast_siTfap2c_rep3.R1_fastqc.html
[2021-09-13 11:42:54,796] multiqc                                            [DEBUG  ]  File ignored by nanostat because it exceeded search pattern filesize limit: midBlast_siTfap2c_rep3.R1_fastqc.html
[2021-09-13 11:42:54,796] multiqc                                            [DEBUG  ]  File ignored by lima/summary because it exceeded search pattern filesize limit: midBlast_siTfap2c_rep3.R1_fastqc.html
[2021-09-13 11:42:54,799] multiqc                                            [DEBUG  ]  File ignored by vep/vep_txt because it exceeded search pattern filesize limit: midBlast_siTfap2c_rep3.R1_fastqc.html
[2021-09-13 11:42:54,799] multiqc                                            [DEBUG  ]  File ignored by longranger/invocation because it exceeded search pattern filesize limit: midBlast_siTfap2c_rep3.R1_fastqc.html
[2021-09-13 11:42:54,855] multiqc                                            [DEBUG  ]  File ignored by ccs/v4 because it exceeded search pattern filesize limit: midBlast_Ctrl_rep1.R2_fastqc.html
[2021-09-13 11:42:54,856] multiqc                                            [DEBUG  ]  File ignored by hicexplorer because it exceeded search pattern filesize limit: midBlast_Ctrl_rep1.R2_fastqc.html
[2021-09-13 11:42:54,856] multiqc                                            [DEBUG  ]  File ignored by nanostat because it exceeded search pattern filesize limit: midBlast_Ctrl_rep1.R2_fastqc.html
[2021-09-13 11:42:54,856] multiqc                                            [DEBUG  ]  File ignored by lima/summary because it exceeded search pattern filesize limit: midBlast_Ctrl_rep1.R2_fastqc.html
[2021-09-13 11:42:54,859] multiqc                                            [DEBUG  ]  File ignored by vep/vep_txt because it exceeded search pattern filesize limit: midBlast_Ctrl_rep1.R2_fastqc.html
[2021-09-13 11:42:54,859] multiqc                                            [DEBUG  ]  File ignored by longranger/invocation because it exceeded search pattern filesize limit: midBlast_Ctrl_rep1.R2_fastqc.html
[2021-09-13 11:42:54,904] multiqc                                            [DEBUG  ]  File ignored by ccs/v4 because it exceeded search pattern filesize limit: midBlast_Ctrl_rep1.R1_fastqc.html
[2021-09-13 11:42:54,905] multiqc                                            [DEBUG  ]  File ignored by hicexplorer because it exceeded search pattern filesize limit: midBlast_Ctrl_rep1.R1_fastqc.html
[2021-09-13 11:42:54,905] multiqc                                            [DEBUG  ]  File ignored by nanostat because it exceeded search pattern filesize limit: midBlast_Ctrl_rep1.R1_fastqc.html
[2021-09-13 11:42:54,905] multiqc                                            [DEBUG  ]  File ignored by lima/summary because it exceeded search pattern filesize limit: midBlast_Ctrl_rep1.R1_fastqc.html
[2021-09-13 11:42:54,908] multiqc                                            [DEBUG  ]  File ignored by vep/vep_txt because it exceeded search pattern filesize limit: midBlast_Ctrl_rep1.R1_fastqc.html
[2021-09-13 11:42:54,908] multiqc                                            [DEBUG  ]  File ignored by longranger/invocation because it exceeded search pattern filesize limit: midBlast_Ctrl_rep1.R1_fastqc.html
[2021-09-13 11:42:54,959] multiqc                                            [DEBUG  ]  File ignored by ccs/v4 because it exceeded search pattern filesize limit: midBlast_siTfap2c_rep1.R1_fastqc.html
[2021-09-13 11:42:54,960] multiqc                                            [DEBUG  ]  File ignored by hicexplorer because it exceeded search pattern filesize limit: midBlast_siTfap2c_rep1.R1_fastqc.html
[2021-09-13 11:42:54,960] multiqc                                            [DEBUG  ]  File ignored by nanostat because it exceeded search pattern filesize limit: midBlast_siTfap2c_rep1.R1_fastqc.html
[2021-09-13 11:42:54,961] multiqc                                            [DEBUG  ]  File ignored by lima/summary because it exceeded search pattern filesize limit: midBlast_siTfap2c_rep1.R1_fastqc.html
[2021-09-13 11:42:54,963] multiqc                                            [DEBUG  ]  File ignored by vep/vep_txt because it exceeded search pattern filesize limit: midBlast_siTfap2c_rep1.R1_fastqc.html
[2021-09-13 11:42:54,963] multiqc                                            [DEBUG  ]  File ignored by longranger/invocation because it exceeded search pattern filesize limit: midBlast_siTfap2c_rep1.R1_fastqc.html
[2021-09-13 11:42:55,006] multiqc                                            [DEBUG  ]  File ignored by ccs/v4 because it exceeded search pattern filesize limit: midBlast_siTfap2c_rep1.R2_fastqc.html
[2021-09-13 11:42:55,007] multiqc                                            [DEBUG  ]  File ignored by hicexplorer because it exceeded search pattern filesize limit: midBlast_siTfap2c_rep1.R2_fastqc.html
[2021-09-13 11:42:55,008] multiqc                                            [DEBUG  ]  File ignored by nanostat because it exceeded search pattern filesize limit: midBlast_siTfap2c_rep1.R2_fastqc.html
[2021-09-13 11:42:55,008] multiqc                                            [DEBUG  ]  File ignored by lima/summary because it exceeded search pattern filesize limit: midBlast_siTfap2c_rep1.R2_fastqc.html
[2021-09-13 11:42:55,010] multiqc                                            [DEBUG  ]  File ignored by vep/vep_txt because it exceeded search pattern filesize limit: midBlast_siTfap2c_rep1.R2_fastqc.html
[2021-09-13 11:42:55,010] multiqc                                            [DEBUG  ]  File ignored by longranger/invocation because it exceeded search pattern filesize limit: midBlast_siTfap2c_rep1.R2_fastqc.html
[2021-09-13 11:42:55,061] multiqc                                            [DEBUG  ]  File ignored by ccs/v4 because it exceeded search pattern filesize limit: midBlast_siTfap2c_rep2.R2_fastqc.html
[2021-09-13 11:42:55,062] multiqc                                            [DEBUG  ]  File ignored by hicexplorer because it exceeded search pattern filesize limit: midBlast_siTfap2c_rep2.R2_fastqc.html
[2021-09-13 11:42:55,063] multiqc                                            [DEBUG  ]  File ignored by nanostat because it exceeded search pattern filesize limit: midBlast_siTfap2c_rep2.R2_fastqc.html
[2021-09-13 11:42:55,063] multiqc                                            [DEBUG  ]  File ignored by lima/summary because it exceeded search pattern filesize limit: midBlast_siTfap2c_rep2.R2_fastqc.html
[2021-09-13 11:42:55,065] multiqc                                            [DEBUG  ]  File ignored by vep/vep_txt because it exceeded search pattern filesize limit: midBlast_siTfap2c_rep2.R2_fastqc.html
[2021-09-13 11:42:55,065] multiqc                                            [DEBUG  ]  File ignored by longranger/invocation because it exceeded search pattern filesize limit: midBlast_siTfap2c_rep2.R2_fastqc.html
[2021-09-13 11:42:55,108] multiqc                                            [DEBUG  ]  File ignored by ccs/v4 because it exceeded search pattern filesize limit: midBlast_siTfap2c_rep2.R1_fastqc.html
[2021-09-13 11:42:55,110] multiqc                                            [DEBUG  ]  File ignored by hicexplorer because it exceeded search pattern filesize limit: midBlast_siTfap2c_rep2.R1_fastqc.html
[2021-09-13 11:42:55,110] multiqc                                            [DEBUG  ]  File ignored by nanostat because it exceeded search pattern filesize limit: midBlast_siTfap2c_rep2.R1_fastqc.html
[2021-09-13 11:42:55,110] multiqc                                            [DEBUG  ]  File ignored by lima/summary because it exceeded search pattern filesize limit: midBlast_siTfap2c_rep2.R1_fastqc.html
[2021-09-13 11:42:55,112] multiqc                                            [DEBUG  ]  File ignored by vep/vep_txt because it exceeded search pattern filesize limit: midBlast_siTfap2c_rep2.R1_fastqc.html
[2021-09-13 11:42:55,112] multiqc                                            [DEBUG  ]  File ignored by longranger/invocation because it exceeded search pattern filesize limit: midBlast_siTfap2c_rep2.R1_fastqc.html
[2021-09-13 11:42:55,157] multiqc                                            [DEBUG  ]  File ignored by ccs/v4 because it exceeded search pattern filesize limit: midBlast_Ctrl_rep3.R2_fastqc.html
[2021-09-13 11:42:55,158] multiqc                                            [DEBUG  ]  File ignored by hicexplorer because it exceeded search pattern filesize limit: midBlast_Ctrl_rep3.R2_fastqc.html
[2021-09-13 11:42:55,158] multiqc                                            [DEBUG  ]  File ignored by nanostat because it exceeded search pattern filesize limit: midBlast_Ctrl_rep3.R2_fastqc.html
[2021-09-13 11:42:55,159] multiqc                                            [DEBUG  ]  File ignored by lima/summary because it exceeded search pattern filesize limit: midBlast_Ctrl_rep3.R2_fastqc.html
[2021-09-13 11:42:55,168] multiqc                                            [DEBUG  ]  File ignored by vep/vep_txt because it exceeded search pattern filesize limit: midBlast_Ctrl_rep3.R2_fastqc.html
[2021-09-13 11:42:55,168] multiqc                                            [DEBUG  ]  File ignored by longranger/invocation because it exceeded search pattern filesize limit: midBlast_Ctrl_rep3.R2_fastqc.html
[2021-09-13 11:42:55,212] multiqc                                            [DEBUG  ]  File ignored by ccs/v4 because it exceeded search pattern filesize limit: midBlast_Ctrl_rep3.R1_fastqc.html
[2021-09-13 11:42:55,213] multiqc                                            [DEBUG  ]  File ignored by hicexplorer because it exceeded search pattern filesize limit: midBlast_Ctrl_rep3.R1_fastqc.html
[2021-09-13 11:42:55,213] multiqc                                            [DEBUG  ]  File ignored by nanostat because it exceeded search pattern filesize limit: midBlast_Ctrl_rep3.R1_fastqc.html
[2021-09-13 11:42:55,213] multiqc                                            [DEBUG  ]  File ignored by lima/summary because it exceeded search pattern filesize limit: midBlast_Ctrl_rep3.R1_fastqc.html
[2021-09-13 11:42:55,216] multiqc                                            [DEBUG  ]  File ignored by vep/vep_txt because it exceeded search pattern filesize limit: midBlast_Ctrl_rep3.R1_fastqc.html
[2021-09-13 11:42:55,216] multiqc                                            [DEBUG  ]  File ignored by longranger/invocation because it exceeded search pattern filesize limit: midBlast_Ctrl_rep3.R1_fastqc.html
[2021-09-13 11:42:55,259] multiqc                                            [DEBUG  ]  File ignored by ccs/v4 because it exceeded search pattern filesize limit: midBlast_Ctrl_rep2.R1_fastqc.html
[2021-09-13 11:42:55,260] multiqc                                            [DEBUG  ]  File ignored by hicexplorer because it exceeded search pattern filesize limit: midBlast_Ctrl_rep2.R1_fastqc.html
[2021-09-13 11:42:55,260] multiqc                                            [DEBUG  ]  File ignored by nanostat because it exceeded search pattern filesize limit: midBlast_Ctrl_rep2.R1_fastqc.html
[2021-09-13 11:42:55,261] multiqc                                            [DEBUG  ]  File ignored by lima/summary because it exceeded search pattern filesize limit: midBlast_Ctrl_rep2.R1_fastqc.html
[2021-09-13 11:42:55,263] multiqc                                            [DEBUG  ]  File ignored by vep/vep_txt because it exceeded search pattern filesize limit: midBlast_Ctrl_rep2.R1_fastqc.html
[2021-09-13 11:42:55,263] multiqc                                            [DEBUG  ]  File ignored by longranger/invocation because it exceeded search pattern filesize limit: midBlast_Ctrl_rep2.R1_fastqc.html
[2021-09-13 11:42:55,313] multiqc                                            [DEBUG  ]  File ignored by ccs/v4 because it exceeded search pattern filesize limit: midBlast_Ctrl_rep2.R2_fastqc.html
[2021-09-13 11:42:55,315] multiqc                                            [DEBUG  ]  File ignored by hicexplorer because it exceeded search pattern filesize limit: midBlast_Ctrl_rep2.R2_fastqc.html
[2021-09-13 11:42:55,315] multiqc                                            [DEBUG  ]  File ignored by nanostat because it exceeded search pattern filesize limit: midBlast_Ctrl_rep2.R2_fastqc.html
[2021-09-13 11:42:55,315] multiqc                                            [DEBUG  ]  File ignored by lima/summary because it exceeded search pattern filesize limit: midBlast_Ctrl_rep2.R2_fastqc.html
[2021-09-13 11:42:55,317] multiqc                                            [DEBUG  ]  File ignored by vep/vep_txt because it exceeded search pattern filesize limit: midBlast_Ctrl_rep2.R2_fastqc.html
[2021-09-13 11:42:55,317] multiqc                                            [DEBUG  ]  File ignored by longranger/invocation because it exceeded search pattern filesize limit: midBlast_Ctrl_rep2.R2_fastqc.html
[2021-09-13 11:42:59,007] multiqc.plots.bargraph                             [DEBUG  ]  Using matplotlib version 3.3.4
[2021-09-13 11:42:59,021] multiqc.plots.linegraph                            [DEBUG  ]  Using matplotlib version 3.3.4
[2021-09-13 11:42:59,035] multiqc                                            [DEBUG  ]  No samples found: custom_content
[2021-09-13 11:42:59,068] multiqc                                            [DEBUG  ]  No samples found: ccs
[2021-09-13 11:42:59,075] multiqc                                            [DEBUG  ]  No samples found: ngsderive
[2021-09-13 11:42:59,105] multiqc                                            [DEBUG  ]  No samples found: purple
[2021-09-13 11:42:59,129] multiqc                                            [DEBUG  ]  No samples found: conpair
[2021-09-13 11:42:59,153] multiqc                                            [DEBUG  ]  No samples found: lima
[2021-09-13 11:42:59,182] multiqc                                            [DEBUG  ]  No samples found: peddy
[2021-09-13 11:42:59,213] multiqc                                            [DEBUG  ]  No samples found: somalier
[2021-09-13 11:42:59,242] multiqc                                            [DEBUG  ]  No samples found: methylQA
[2021-09-13 11:42:59,278] multiqc.modules.mosdepth.mosdepth                  [DEBUG  ]  include_contigs: []
[2021-09-13 11:42:59,278] multiqc.modules.mosdepth.mosdepth                  [DEBUG  ]  exclude_contigs: []
[2021-09-13 11:42:59,278] multiqc                                            [DEBUG  ]  No samples found: mosdepth
[2021-09-13 11:42:59,301] multiqc                                            [DEBUG  ]  No samples found: phantompeakqualtools
[2021-09-13 11:42:59,319] multiqc                                            [DEBUG  ]  No samples found: qualimap
[2021-09-13 11:42:59,325] multiqc                                            [DEBUG  ]  No samples found: preseq
[2021-09-13 11:42:59,337] multiqc                                            [DEBUG  ]  No samples found: quast
[2021-09-13 11:42:59,355] multiqc                                            [DEBUG  ]  No samples found: qorts
[2021-09-13 11:42:59,390] multiqc                                            [DEBUG  ]  No samples found: rna_seqc
[2021-09-13 11:42:59,408] multiqc                                            [DEBUG  ]  No samples found: rockhopper
[2021-09-13 11:42:59,417] multiqc                                            [DEBUG  ]  No samples found: rsem
[2021-09-13 11:42:59,451] multiqc                                            [DEBUG  ]  No samples found: rseqc
[2021-09-13 11:42:59,459] multiqc                                            [DEBUG  ]  No samples found: busco
[2021-09-13 11:42:59,467] multiqc                                            [DEBUG  ]  No samples found: bustools
[2021-09-13 11:42:59,475] multiqc                                            [DEBUG  ]  No samples found: goleft_indexcov
[2021-09-13 11:42:59,494] multiqc                                            [DEBUG  ]  No samples found: gffcompare
[2021-09-13 11:42:59,535] multiqc                                            [DEBUG  ]  No samples found: disambiguate
[2021-09-13 11:42:59,565] multiqc                                            [DEBUG  ]  No samples found: supernova
[2021-09-13 11:42:59,611] multiqc                                            [DEBUG  ]  No samples found: deeptools
[2021-09-13 11:42:59,631] multiqc                                            [DEBUG  ]  No samples found: sargasso
[2021-09-13 11:42:59,639] multiqc                                            [DEBUG  ]  No samples found: verifybamid
[2021-09-13 11:42:59,667] multiqc                                            [DEBUG  ]  No samples found: mirtrace
[2021-09-13 11:42:59,698] multiqc                                            [DEBUG  ]  No samples found: happy
[2021-09-13 11:42:59,728] multiqc                                            [DEBUG  ]  No samples found: mirtop
[2021-09-13 11:42:59,743] multiqc                                            [DEBUG  ]  No samples found: sambamba
[2021-09-13 11:42:59,762] multiqc                                            [DEBUG  ]  No samples found: homer
[2021-09-13 11:42:59,768] multiqc                                            [DEBUG  ]  No samples found: hops
[2021-09-13 11:42:59,786] multiqc                                            [DEBUG  ]  No samples found: macs2
[2021-09-13 11:42:59,792] multiqc                                            [DEBUG  ]  No samples found: theta2
[2021-09-13 11:42:59,797] multiqc                                            [DEBUG  ]  No samples found: snpeff
[2021-09-13 11:42:59,804] multiqc                                            [DEBUG  ]  No samples found: gatk
[2021-09-13 11:42:59,831] multiqc                                            [DEBUG  ]  No samples found: htseq
[2021-09-13 11:42:59,836] multiqc                                            [DEBUG  ]  No samples found: bcftools
[2021-09-13 11:42:59,842] multiqc                                            [DEBUG  ]  No samples found: featureCounts
[2021-09-13 11:42:59,939] multiqc                                            [DEBUG  ]  No samples found: fgbio
[2021-09-13 11:43:00,007] multiqc                                            [DEBUG  ]  No samples found: dragen
[2021-09-13 11:43:00,032] multiqc                                            [DEBUG  ]  No samples found: dedup
[2021-09-13 11:43:00,049] multiqc                                            [DEBUG  ]  No samples found: damageprofiler
[2021-09-13 11:43:00,135] multiqc                                            [DEBUG  ]  No samples found: biobambam2
[2021-09-13 11:43:00,153] multiqc                                            [DEBUG  ]  No samples found: jcvi
[2021-09-13 11:43:00,178] multiqc                                            [DEBUG  ]  No samples found: mtnucratio
[2021-09-13 11:43:00,183] multiqc                                            [DEBUG  ]  No samples found: picard
[2021-09-13 11:43:00,217] multiqc                                            [DEBUG  ]  No samples found: vep
[2021-09-13 11:43:00,255] multiqc                                            [DEBUG  ]  No samples found: sentieon
[2021-09-13 11:43:00,273] multiqc                                            [DEBUG  ]  No samples found: prokka
[2021-09-13 11:43:00,280] multiqc                                            [DEBUG  ]  No samples found: qc3C
[2021-09-13 11:43:00,287] multiqc                                            [DEBUG  ]  No samples found: nanostat
[2021-09-13 11:43:00,306] multiqc                                            [DEBUG  ]  No samples found: samblaster
[2021-09-13 11:43:00,359] multiqc                                            [DEBUG  ]  No samples found: samtools
[2021-09-13 11:43:00,367] multiqc                                            [DEBUG  ]  No samples found: sexdeterrmine
[2021-09-13 11:43:00,395] multiqc                                            [DEBUG  ]  No samples found: eigenstratdatabasetools
[2021-09-13 11:43:00,423] multiqc                                            [DEBUG  ]  No samples found: bamtools
[2021-09-13 11:43:00,438] multiqc                                            [DEBUG  ]  No samples found: jellyfish
[2021-09-13 11:43:00,476] multiqc                                            [DEBUG  ]  No samples found: vcftools
[2021-09-13 11:43:00,533] multiqc                                            [DEBUG  ]  No samples found: longranger
[2021-09-13 11:43:00,541] multiqc                                            [DEBUG  ]  No samples found: stacks
[2021-09-13 11:43:00,564] multiqc                                            [DEBUG  ]  No samples found: varscan2
[2021-09-13 11:43:00,596] multiqc                                            [DEBUG  ]  No samples found: snippy
[2021-09-13 11:43:00,611] multiqc                                            [DEBUG  ]  No samples found: bbmap
[2021-09-13 11:43:00,636] multiqc                                            [DEBUG  ]  No samples found: bismark
[2021-09-13 11:43:00,666] multiqc                                            [DEBUG  ]  No samples found: biscuit
[2021-09-13 11:43:00,686] multiqc                                            [DEBUG  ]  No samples found: hicexplorer
[2021-09-13 11:43:00,709] multiqc                                            [DEBUG  ]  No samples found: hicup
[2021-09-13 11:43:00,733] multiqc                                            [DEBUG  ]  No samples found: hicpro
[2021-09-13 11:43:00,759] multiqc                                            [DEBUG  ]  No samples found: salmon
[2021-09-13 11:43:00,766] multiqc                                            [DEBUG  ]  No samples found: kallisto
[2021-09-13 11:43:00,792] multiqc                                            [DEBUG  ]  No samples found: slamdunk
[2021-09-13 11:43:00,805] multiqc                                            [DEBUG  ]  No samples found: star
[2021-09-13 11:43:00,834] multiqc                                            [DEBUG  ]  No samples found: hisat2
[2021-09-13 11:43:00,856] multiqc                                            [DEBUG  ]  No samples found: tophat
[2021-09-13 11:43:00,882] multiqc                                            [DEBUG  ]  No samples found: bowtie2
[2021-09-13 11:43:00,891] multiqc                                            [DEBUG  ]  No samples found: bowtie1
[2021-09-13 11:43:00,897] multiqc                                            [DEBUG  ]  No samples found: snpsplit
[2021-09-13 11:43:00,921] multiqc                                            [DEBUG  ]  No samples found: odgi
[2021-09-13 11:43:00,960] multiqc                                            [DEBUG  ]  No samples found: pangolin
[2021-09-13 11:43:00,975] multiqc                                            [DEBUG  ]  No samples found: kat
[2021-09-13 11:43:00,983] multiqc                                            [DEBUG  ]  No samples found: leehom
[2021-09-13 11:43:01,012] multiqc                                            [DEBUG  ]  No samples found: adapterRemoval
[2021-09-13 11:43:01,018] multiqc                                            [DEBUG  ]  No samples found: clipandmerge
[2021-09-13 11:43:01,035] multiqc                                            [DEBUG  ]  No samples found: cutadapt
[2021-09-13 11:43:01,046] multiqc                                            [DEBUG  ]  No samples found: flexbar
[2021-09-13 11:43:01,051] multiqc                                            [DEBUG  ]  No samples found: kaiju
[2021-09-13 11:43:01,075] multiqc                                            [DEBUG  ]  No samples found: kraken
[2021-09-13 11:43:01,080] multiqc                                            [DEBUG  ]  No samples found: malt
[2021-09-13 11:43:01,086] multiqc                                            [DEBUG  ]  No samples found: trimmomatic
[2021-09-13 11:43:01,108] multiqc                                            [DEBUG  ]  No samples found: sickle
[2021-09-13 11:43:01,131] multiqc                                            [DEBUG  ]  No samples found: skewer
[2021-09-13 11:43:01,136] multiqc                                            [DEBUG  ]  No samples found: sortmerna
[2021-09-13 11:43:01,159] multiqc                                            [DEBUG  ]  No samples found: biobloomtools
[2021-09-13 11:43:01,165] multiqc                                            [DEBUG  ]  No samples found: fastq_screen
[2021-09-13 11:43:01,181] multiqc                                            [DEBUG  ]  No samples found: afterqc
[2021-09-13 11:43:01,209] multiqc                                            [DEBUG  ]  No samples found: fastp
[2021-09-13 11:43:03,085] multiqc.modules.fastqc.fastqc                      [INFO   ]  Found 12 reports
[2021-09-13 11:43:03,477] multiqc                                            [DEBUG  ]  No samples found: pychopper
[2021-09-13 11:43:03,498] multiqc                                            [DEBUG  ]  No samples found: pycoqc
[2021-09-13 11:43:03,514] multiqc                                            [DEBUG  ]  No samples found: minionqc
[2021-09-13 11:43:03,544] multiqc                                            [DEBUG  ]  No samples found: multivcfanalyzer
[2021-09-13 11:43:03,569] multiqc                                            [DEBUG  ]  No samples found: clusterflow
[2021-09-13 11:43:03,575] multiqc                                            [DEBUG  ]  No samples found: bcl2fastq
[2021-09-13 11:43:03,594] multiqc                                            [DEBUG  ]  No samples found: bclconvert
[2021-09-13 11:43:03,626] multiqc                                            [DEBUG  ]  No samples found: interop
[2021-09-13 11:43:03,631] multiqc                                            [DEBUG  ]  No samples found: ivar
[2021-09-13 11:43:03,637] multiqc                                            [DEBUG  ]  No samples found: flash
[2021-09-13 11:43:03,657] multiqc                                            [DEBUG  ]  No samples found: seqyclean
[2021-09-13 11:43:03,675] multiqc                                            [DEBUG  ]  No samples found: optitype
[2021-09-13 11:43:03,698] multiqc                                            [INFO   ]  Compressing plot data
[2021-09-13 11:43:03,964] multiqc                                            [INFO   ]  Report      : batch17_rna_raw.html
[2021-09-13 11:43:03,965] multiqc                                            [INFO   ]  Data        : batch17_rna_raw_data
[2021-09-13 11:43:03,965] multiqc                                            [DEBUG  ]  Moving data file from '/tmp/tmptftwyww9/multiqc_data' to '/home1/gyang/work_space/4.ProjectET/batch17_rna/1.rawdata/batch17_rna_raw_data'
[2021-09-13 11:43:04,283] multiqc                                            [INFO   ]  MultiQC complete
