INFO  @ Sun, 02 May 2021 20:46:00: 
# Command line: callpeak -t TSC_Gata3_1k_rep2.duprm.bam -f BAMPE -g mm -n TSC_Gata3_1k_rep2 -B -q 0.05 --keep-dup 1 --outdir /home1/gyang/work_space/4.ProjectET/batch7_cr/6.peak
# ARGUMENTS LIST:
# name = TSC_Gata3_1k_rep2
# format = BAMPE
# ChIP-seq file = ['TSC_Gata3_1k_rep2.duprm.bam']
# control file = None
# effective genome size = 1.87e+09
# band width = 300
# model fold = [5, 50]
# qvalue cutoff = 5.00e-02
# Larger dataset will be scaled towards smaller dataset.
# Range for calculating regional lambda is: 10000 bps
# Broad region calling is off
# Paired-End mode is on
 
INFO  @ Sun, 02 May 2021 20:46:00: #1 read fragment files... 
INFO  @ Sun, 02 May 2021 20:46:00: #1 read treatment fragments... 
INFO  @ Sun, 02 May 2021 20:46:17:  1000000 
INFO  @ Sun, 02 May 2021 20:46:35:  2000000 
INFO  @ Sun, 02 May 2021 20:46:55:  3000000 
INFO  @ Sun, 02 May 2021 20:47:14:  4000000 
INFO  @ Sun, 02 May 2021 20:47:32:  5000000 
INFO  @ Sun, 02 May 2021 20:47:50:  6000000 
INFO  @ Sun, 02 May 2021 20:48:07:  7000000 
INFO  @ Sun, 02 May 2021 20:48:22:  8000000 
INFO  @ Sun, 02 May 2021 20:48:37:  9000000 
INFO  @ Sun, 02 May 2021 20:48:51:  10000000 
INFO  @ Sun, 02 May 2021 20:49:06:  11000000 
INFO  @ Sun, 02 May 2021 20:49:19:  12000000 
INFO  @ Sun, 02 May 2021 20:49:32:  13000000 
INFO  @ Sun, 02 May 2021 20:49:45:  14000000 
INFO  @ Sun, 02 May 2021 20:49:59:  15000000 
INFO  @ Sun, 02 May 2021 20:50:20: #1 mean fragment size is determined as 222 bp from treatment 
INFO  @ Sun, 02 May 2021 20:50:20: #1 fragment size = 222 
INFO  @ Sun, 02 May 2021 20:50:20: #1  total fragments in treatment: 15956322 
INFO  @ Sun, 02 May 2021 20:50:20: #1 user defined the maximum fragments... 
INFO  @ Sun, 02 May 2021 20:50:20: #1 filter out redundant fragments by allowing at most 1 identical fragment(s) 
INFO  @ Sun, 02 May 2021 20:50:52: #1  fragments after filtering in treatment: 15953230 
INFO  @ Sun, 02 May 2021 20:50:52: #1  Redundant rate of treatment: 0.00 
INFO  @ Sun, 02 May 2021 20:50:52: #1 finished! 
INFO  @ Sun, 02 May 2021 20:50:52: #2 Build Peak Model... 
INFO  @ Sun, 02 May 2021 20:50:52: #2 Skipped... 
INFO  @ Sun, 02 May 2021 20:50:52: #2 Use 222 as fragment length 
INFO  @ Sun, 02 May 2021 20:50:52: #3 Call peaks... 
INFO  @ Sun, 02 May 2021 20:50:52: #3 Pre-compute pvalue-qvalue table... 
INFO  @ Sun, 02 May 2021 20:51:47: #3 In the peak calling step, the following will be performed simultaneously: 
INFO  @ Sun, 02 May 2021 20:51:47: #3   Write bedGraph files for treatment pileup (after scaling if necessary)... TSC_Gata3_1k_rep2_treat_pileup.bdg 
INFO  @ Sun, 02 May 2021 20:51:47: #3   Write bedGraph files for control lambda (after scaling if necessary)... TSC_Gata3_1k_rep2_control_lambda.bdg 
INFO  @ Sun, 02 May 2021 20:51:47: #3   Pileup will be based on sequencing depth in treatment. 
INFO  @ Sun, 02 May 2021 20:51:47: #3 Call peaks for each chromosome... 
INFO  @ Sun, 02 May 2021 20:53:39: #4 Write output xls file... /home1/gyang/work_space/4.ProjectET/batch7_cr/6.peak/TSC_Gata3_1k_rep2_peaks.xls 
INFO  @ Sun, 02 May 2021 20:53:39: #4 Write peak in narrowPeak format file... /home1/gyang/work_space/4.ProjectET/batch7_cr/6.peak/TSC_Gata3_1k_rep2_peaks.narrowPeak 
INFO  @ Sun, 02 May 2021 20:53:39: #4 Write summits bed file... /home1/gyang/work_space/4.ProjectET/batch7_cr/6.peak/TSC_Gata3_1k_rep2_summits.bed 
INFO  @ Sun, 02 May 2021 20:53:39: Done! 
