This is cutadapt 1.16 with Python 3.6.4
Command line parameters: -j 2 -a AGATCGGAAGAGC -A AGATCGGAAGAGC --trim-n -m 50 -q 20,20 -o /home1/gyang/work_space/4.ProjectET/temp_gaorui_usb/usb/8cell_sox2_gaolab/2.cutdata/GR_0601_1_BKDL190815061-1a_R1_cut.fq -p /home1/gyang/work_space/4.ProjectET/temp_gaorui_usb/usb/8cell_sox2_gaolab/2.cutdata/GR_0601_1_BKDL190815061-1a_R2_cut.fq GR_0601_1_BKDL190815061-1a_R1.fq.gz GR_0601_1_BKDL190815061-1a_R2.fq.gz
Running on 2 cores
Trimming 2 adapters with at most 10.0% errors in paired-end mode ...
Finished in 1110.43 s (27 us/read; 2.19 M reads/minute).

=== Summary ===

Total read pairs processed:         40,584,701
  Read 1 with adapter:               3,110,667 (7.7%)
  Read 2 with adapter:               3,069,408 (7.6%)
Pairs that were too short:             136,110 (0.3%)
Pairs written (passing filters):    40,448,591 (99.7%)

Total basepairs processed: 12,175,410,300 bp
  Read 1: 6,087,705,150 bp
  Read 2: 6,087,705,150 bp
Quality-trimmed:              28,951,471 bp (0.2%)
  Read 1:    11,496,145 bp
  Read 2:    17,455,326 bp
Total written (filtered):  12,020,178,911 bp (98.7%)
  Read 1: 6,011,444,440 bp
  Read 2: 6,008,734,471 bp

=== First read: Adapter 1 ===

Sequence: AGATCGGAAGAGC; Type: regular 3'; Length: 13; Trimmed: 3110667 times.

No. of allowed errors:
0-9 bp: 0; 10-13 bp: 1

Bases preceding removed adapters:
  A: 22.4%
  C: 16.2%
  G: 23.3%
  T: 36.0%
  none/other: 2.1%

Overview of removed sequences
length	count	expect	max.err	error counts
3	967299	634136.0	0	967299
4	246906	158534.0	0	246906
5	105015	39633.5	0	105015
6	71476	9908.4	0	71476
7	64890	2477.1	0	64890
8	69253	619.3	0	69253
9	64129	154.8	0	63207 922
10	63595	38.7	1	60362 3233
11	66235	9.7	1	61652 4583
12	63953	2.4	1	60625 3328
13	59905	0.6	1	56622 3283
14	59361	0.6	1	55564 3797
15	57434	0.6	1	54333 3101
16	58276	0.6	1	54444 3832
17	56208	0.6	1	52436 3772
18	54228	0.6	1	51360 2868
19	51056	0.6	1	48276 2780
20	51207	0.6	1	48329 2878
21	48956	0.6	1	46054 2902
22	45533	0.6	1	43059 2474
23	44183	0.6	1	41665 2518
24	42693	0.6	1	39927 2766
25	38814	0.6	1	36648 2166
26	38371	0.6	1	36147 2224
27	36220	0.6	1	34203 2017
28	31798	0.6	1	30069 1729
29	30549	0.6	1	28548 2001
30	27718	0.6	1	26181 1537
31	26100	0.6	1	24682 1418
32	23626	0.6	1	22311 1315
33	22286	0.6	1	20974 1312
34	20462	0.6	1	19270 1192
35	17868	0.6	1	16851 1017
36	16594	0.6	1	15523 1071
37	13890	0.6	1	13192 698
38	13471	0.6	1	12621 850
39	11723	0.6	1	10961 762
40	10737	0.6	1	10127 610
41	10055	0.6	1	9364 691
42	9081	0.6	1	8459 622
43	12796	0.6	1	12187 609
44	3692	0.6	1	3366 326
45	6583	0.6	1	6267 316
46	6946	0.6	1	6510 436
47	6330	0.6	1	5948 382
48	6002	0.6	1	5631 371
49	6344	0.6	1	5907 437
50	5631	0.6	1	5274 357
51	5269	0.6	1	4945 324
52	5521	0.6	1	5134 387
53	5470	0.6	1	5109 361
54	5019	0.6	1	4719 300
55	5092	0.6	1	4813 279
56	5136	0.6	1	4762 374
57	4694	0.6	1	4389 305
58	4557	0.6	1	4293 264
59	4132	0.6	1	3837 295
60	4632	0.6	1	4344 288
61	4566	0.6	1	4293 273
62	4216	0.6	1	3941 275
63	3967	0.6	1	3752 215
64	4430	0.6	1	4172 258
65	4263	0.6	1	4005 258
66	5721	0.6	1	5344 377
67	5090	0.6	1	4745 345
68	8323	0.6	1	7894 429
69	737	0.6	1	580 157
70	352	0.6	1	286 66
71	1616	0.6	1	1513 103
72	2578	0.6	1	2451 127
73	2931	0.6	1	2758 173
74	3035	0.6	1	2845 190
75	2944	0.6	1	2771 173
76	2954	0.6	1	2758 196
77	2946	0.6	1	2746 200
78	2924	0.6	1	2728 196
79	2736	0.6	1	2557 179
80	2604	0.6	1	2440 164
81	2643	0.6	1	2455 188
82	2490	0.6	1	2327 163
83	2524	0.6	1	2356 168
84	2403	0.6	1	2198 205
85	2306	0.6	1	2126 180
86	2225	0.6	1	2059 166
87	2281	0.6	1	2112 169
88	1989	0.6	1	1870 119
89	2125	0.6	1	1950 175
90	2072	0.6	1	1925 147
91	1941	0.6	1	1782 159
92	2001	0.6	1	1861 140
93	1904	0.6	1	1746 158
94	1787	0.6	1	1663 124
95	1612	0.6	1	1513 99
96	1677	0.6	1	1564 113
97	1473	0.6	1	1372 101
98	1403	0.6	1	1309 94
99	1372	0.6	1	1265 107
100	1288	0.6	1	1191 97
101	1208	0.6	1	1091 117
102	1242	0.6	1	1144 98
103	1165	0.6	1	1098 67
104	1156	0.6	1	1070 86
105	1050	0.6	1	968 82
106	1093	0.6	1	986 107
107	997	0.6	1	941 56
108	1021	0.6	1	944 77
109	845	0.6	1	773 72
110	859	0.6	1	784 75
111	777	0.6	1	714 63
112	783	0.6	1	698 85
113	673	0.6	1	605 68
114	660	0.6	1	621 39
115	602	0.6	1	569 33
116	577	0.6	1	531 46
117	702	0.6	1	634 68
118	641	0.6	1	578 63
119	559	0.6	1	520 39
120	558	0.6	1	523 35
121	478	0.6	1	421 57
122	430	0.6	1	402 28
123	400	0.6	1	364 36
124	436	0.6	1	403 33
125	392	0.6	1	356 36
126	307	0.6	1	275 32
127	300	0.6	1	267 33
128	287	0.6	1	253 34
129	236	0.6	1	215 21
130	244	0.6	1	206 38
131	108	0.6	1	97 11
132	124	0.6	1	88 36
133	66	0.6	1	52 14
134	67	0.6	1	55 12
135	55	0.6	1	25 30
136	34	0.6	1	17 17
137	27	0.6	1	17 10
138	28	0.6	1	26 2
139	23	0.6	1	20 3
140	18	0.6	1	13 5
141	50	0.6	1	32 18
142	43	0.6	1	18 25
143	36	0.6	1	30 6
144	25	0.6	1	15 10
145	35	0.6	1	11 24
146	22	0.6	1	1 21
147	40	0.6	1	1 39
148	67	0.6	1	1 66
149	1934	0.6	1	8 1926
150	63738	0.6	1	418 63320

=== Second read: Adapter 2 ===

Sequence: AGATCGGAAGAGC; Type: regular 3'; Length: 13; Trimmed: 3069408 times.

No. of allowed errors:
0-9 bp: 0; 10-13 bp: 1

Bases preceding removed adapters:
  A: 23.0%
  C: 16.4%
  G: 23.8%
  T: 36.8%
  none/other: 0.0%

Overview of removed sequences
length	count	expect	max.err	error counts
3	984291	634136.0	0	984291
4	251436	158534.0	0	251436
5	104364	39633.5	0	104364
6	71951	9908.4	0	71951
7	67021	2477.1	0	67021
8	73061	619.3	0	73061
9	59299	154.8	0	58509 790
10	64988	38.7	1	61191 3797
11	64757	9.7	1	60729 4028
12	65072	2.4	1	61390 3682
13	60661	0.6	1	57486 3175
14	60621	0.6	1	56959 3662
15	55569	0.6	1	52382 3187
16	57981	0.6	1	54851 3130
17	60554	0.6	1	57008 3546
18	47879	0.6	1	45155 2724
19	61758	0.6	1	58267 3491
20	45690	0.6	1	43020 2670
21	47845	0.6	1	44910 2935
22	44746	0.6	1	42485 2261
23	43940	0.6	1	41406 2534
24	68723	0.6	1	64802 3921
25	36311	0.6	1	34332 1979
26	33584	0.6	1	31718 1866
27	23701	0.6	1	22168 1533
28	49051	0.6	1	46916 2135
29	11890	0.6	1	10921 969
30	40540	0.6	1	38703 1837
31	16487	0.6	1	15288 1199
32	62563	0.6	1	60274 2289
33	19023	0.6	1	17597 1426
34	6342	0.6	1	5743 599
35	27084	0.6	1	26033 1051
36	6105	0.6	1	5634 471
37	9369	0.6	1	8813 556
38	4988	0.6	1	4679 309
39	5868	0.6	1	5478 390
40	3294	0.6	1	3049 245
41	9348	0.6	1	8906 442
42	12753	0.6	1	12214 539
43	4771	0.6	1	4401 370
44	8104	0.6	1	7652 452
45	15358	0.6	1	14712 646
46	5289	0.6	1	4883 406
47	4358	0.6	1	4055 303
48	11832	0.6	1	11251 581
49	5403	0.6	1	5097 306
50	2304	0.6	1	2114 190
51	11310	0.6	1	10778 532
52	16082	0.6	1	15476 606
53	4745	0.6	1	4465 280
54	5008	0.6	1	4706 302
55	4578	0.6	1	4340 238
56	1704	0.6	1	1536 168
57	2980	0.6	1	2811 169
58	3897	0.6	1	3664 233
59	1603	0.6	1	1484 119
60	1331	0.6	1	1213 118
61	1227	0.6	1	1130 97
62	1393	0.6	1	1284 109
63	1869	0.6	1	1741 128
64	2729	0.6	1	2590 139
65	2955	0.6	1	2764 191
66	3487	0.6	1	3293 194
67	3265	0.6	1	3067 198
68	3180	0.6	1	3004 176
69	3275	0.6	1	3083 192
70	3142	0.6	1	2973 169
71	3448	0.6	1	3246 202
72	3369	0.6	1	3159 210
73	3379	0.6	1	3184 195
74	3269	0.6	1	3056 213
75	2914	0.6	1	2741 173
76	2862	0.6	1	2698 164
77	2854	0.6	1	2667 187
78	2895	0.6	1	2657 238
79	2639	0.6	1	2480 159
80	2513	0.6	1	2352 161
81	2596	0.6	1	2418 178
82	2404	0.6	1	2262 142
83	2406	0.6	1	2277 129
84	2358	0.6	1	2176 182
85	2270	0.6	1	2089 181
86	2215	0.6	1	2091 124
87	2324	0.6	1	2163 161
88	2100	0.6	1	1953 147
89	2116	0.6	1	1960 156
90	2070	0.6	1	1929 141
91	1818	0.6	1	1667 151
92	1919	0.6	1	1790 129
93	1848	0.6	1	1706 142
94	1752	0.6	1	1629 123
95	1604	0.6	1	1493 111
96	1662	0.6	1	1554 108
97	1462	0.6	1	1351 111
98	1388	0.6	1	1298 90
99	1349	0.6	1	1250 99
100	1291	0.6	1	1190 101
101	1153	0.6	1	1076 77
102	1250	0.6	1	1135 115
103	1164	0.6	1	1089 75
104	1215	0.6	1	1112 103
105	1097	0.6	1	993 104
106	1110	0.6	1	999 111
107	1010	0.6	1	933 77
108	961	0.6	1	889 72
109	872	0.6	1	775 97
110	826	0.6	1	778 48
111	801	0.6	1	735 66
112	783	0.6	1	731 52
113	708	0.6	1	633 75
114	689	0.6	1	625 64
115	614	0.6	1	572 42
116	584	0.6	1	552 32
117	699	0.6	1	638 61
118	633	0.6	1	560 73
119	595	0.6	1	540 55
120	566	0.6	1	518 48
121	509	0.6	1	444 65
122	424	0.6	1	392 32
123	437	0.6	1	385 52
124	471	0.6	1	404 67
125	433	0.6	1	354 79
126	301	0.6	1	282 19
127	317	0.6	1	283 34
128	291	0.6	1	263 28
129	260	0.6	1	221 39
130	251	0.6	1	213 38
131	142	0.6	1	101 41
132	112	0.6	1	97 15
133	72	0.6	1	58 14
134	129	0.6	1	61 68
135	55	0.6	1	26 29
136	37	0.6	1	22 15
137	34	0.6	1	19 15
138	33	0.6	1	29 4
139	32	0.6	1	30 2
140	41	0.6	1	13 28
141	50	0.6	1	39 11
142	43	0.6	1	19 24
143	36	0.6	1	31 5
144	34	0.6	1	19 15
145	34	0.6	1	13 21
146	6	0.6	1	1 5
147	18	0.6	1	1 17
148	25	0.6	1	2 23
149	52	0.6	1	15 37
150	618	0.6	1	439 179

