
	Position file = ESC_Klf5_1k_rep2_peaks.narrowPeak
	Genome = mm10
	Output Directory = /home1/gyang/work_space/4.ProjectET/batch13_cr/7.Peak_anno/ESC_Klf5_1k_rep2_peakAnalysis
	Using actual sizes of regions (-size given)
	Fragment size set to given
	Using 10 CPUs
	Motif length set at 8,
	Found mset for "mouse", will check against vertebrates motifs
	Peak/BED file conversion summary:
		BED/Header formatted lines: 31494
		peakfile formatted lines: 0

	Peak File Statistics:
		Total Peaks: 31494
		Redundant Peak IDs: 0
		Peaks lacking information: 0 (need at least 5 columns per peak)
		Peaks with misformatted coordinates: 0 (should be integer)
		Peaks with misformatted strand: 0 (should be either +/- or 0/1)

	Peak file looks good!

	Background fragment size set to 664 (avg size of targets)
	Could not find background files for 664 bp fragments
	Below are the sizes that are already available prepared.
		200
		224
		283
		330
		332
		342
		354
		356
		368
		369
		370
		373
		378
		384
		385
		390
		392
		400
		411
		416
		418
		419
		420
		423
		424
		433
		438
		443
		444
		445
		447
		448
		449
		451
		454
		455
		457
		461
		463
		468
		472
		475
		476
		479
		487
		489
		497
		502
		525
		526
		534
		536
		539
		550
		562
		565
		566
		567
		570
		589
		590
		598
		603
		624
		644
		648
		671
		674
		703
		704
		712
		716
		724
		735
		736
		740
		741
		743
		747
		758
		786
		843
		892
		917
		956
		973
		998
		999
		1078
		1142
		1178
		1222
		1249
		1259
		1262
		1288
		1376
		1455
		1619
		1925
		1959
		2017
		2116
		2151
		2488
		2499
		7879
		7974
	HOMER will now create background files for 664 bp fragments
	To CANCEL and rerun with a differet "-size <#>", hit <CTRL+C> now!
		5
		4
		3
		2
		1
	Preparsing genome for 664 bp fragments...(will probably take 1-5 min)
	preparse size set to 664

	By default, using /usr/local/software/homer/.//data/genomes/mm10//mm10.tss for reference positions
	Output files will be placed in /usr/local/software/homer/.//data/genomes/mm10//preparsed//mm10.664.* ...
	By default, HOMER will set the the preparsed Directory to be group read/write
chmod: changing permissions of ‘/usr/local/software/homer/.//data/genomes/mm10//preparsed/’: Operation not permitted
	Extracting sequences

	Extracting sequences from directory: /usr/local/software/homer/.//data/genomes/mm10//
	Extracting 78951 sequences from chr1
	Extracting 93609 sequences from chr2
	Extracting 63986 sequences from chr3
	Extracting 71344 sequences from chr4
	Extracting 73303 sequences from chr5
	Extracting 70073 sequences from chr6
	Extracting 86878 sequences from chr7
	Extracting 54108 sequences from chr8
	Extracting 65286 sequences from chr9
	Extracting 59640 sequences from chr10
	Extracting 70403 sequences from chr11
	Extracting 44637 sequences from chr12
	Extracting 52027 sequences from chr13
	Extracting 48136 sequences from chr14
	Extracting 44261 sequences from chr15
	Extracting 41638 sequences from chr16
	Extracting 49852 sequences from chr17
	Extracting 36024 sequences from chr18
	Extracting 34176 sequences from chr19
	Extracting 68121 sequences from chrX
	Extracting 9843 sequences from chrY
	Extracting 92 sequences from chr1_GL456211_random
	Extracting 182 sequences from chr1_GL456221_random
	Extracting 72 sequences from chr4_GL456216_random
	Extracting 260 sequences from chr4_GL456350_random
	Extracting 57 sequences from chr4_JH584292_random
	Extracting 163 sequences from chr4_JH584293_random
	Extracting 188 sequences from chr4_JH584294_random
	Extracting 221 sequences from chr5_GL456354_random
	Extracting 96 sequences from chr5_JH584296_random
	Extracting 103 sequences from chr5_JH584297_random
	Extracting 180 sequences from chr5_JH584298_random
	Extracting 414 sequences from chr5_JH584299_random
	Extracting 154 sequences from chr7_GL456219_random
	Extracting 107 sequences from chrUn_JH584304
	Extracting 325 sequences from chrX_GL456233_random
		3340 of 1218758 removed because they had >70.00% Ns (i.e. masked repeats)

	Sequences processed:
		Auto detected maximum sequence length of 665 bp
		100000
		200000
		300000
		400000
		500000
		600000
		700000
		800000
		900000
		1000000
		1100000
		1200000
		1215418 total

	Frequency Bins: 0.01 0.02 0.03 0.04 0.05 0.06 0.08 0.1 0.12 0.14 0.16
	Freq	Bin	Count
	0.01	0	749950
	0.02	1	359290
	0.03	2	59500
	0.04	3	17722
	0.05	4	7612
	0.06	5	4423
	0.08	6	7618
	0.1	7	4593
	0.12	8	2648
	0.14	9	1339
	0.16	10	567
	11	11	156
	Frequency Bins: 0.2 0.25 0.3 0.35 0.4 0.45 0.5 0.6 0.7 0.8
	Freq	Bin	Count
	0.2	0	34
	0.25	1	633
	0.3	2	12349
	0.35	3	83614
	0.4	4	256594
	0.45	5	384163
	0.5	6	295715
	0.6	7	162889
	0.7	8	15824
	0.8	9	3484
	10	10	119


	Extracting sequences from directory: /usr/local/software/homer/.//data/genomes/mm10//
	Extracting 2027 sequences from chr1
	Extracting 2356 sequences from chr2
	Extracting 1584 sequences from chr3
	Extracting 2208 sequences from chr4
	Extracting 2062 sequences from chr5
	Extracting 1645 sequences from chr6
	Extracting 2000 sequences from chr7
	Extracting 1729 sequences from chr8
	Extracting 1765 sequences from chr9
	Extracting 1500 sequences from chr10
	Extracting 2387 sequences from chr11
	Extracting 1189 sequences from chr12
	Extracting 1436 sequences from chr13
	Extracting 1192 sequences from chr14
	Extracting 1311 sequences from chr15
	Extracting 1079 sequences from chr16
	Extracting 1444 sequences from chr17
	Extracting 1003 sequences from chr18
	Extracting 980 sequences from chr19
	Extracting 583 sequences from chrX
	Extracting 11 sequences from chrY
	Extracting 3 sequences from chrM

	Not removing redundant sequences


	Sequences processed:
		Auto detected maximum sequence length of 431 bp
		31494 total

	Frequency Bins: 0.2 0.25 0.3 0.35 0.4 0.45 0.5 0.6 0.7 0.8
	Freq	Bin	Count
	0.25	1	2
	0.3	2	40
	0.35	3	399
	0.4	4	1971
	0.45	5	5382
	0.5	6	6532
	0.6	7	9409
	0.7	8	6260
	0.8	9	1488
	10	10	11

	Total sequences set to 62988

	Choosing background that matches in CpG/GC content...
	Bin	# Targets	# Background	Background Weight
	1	2	2	1.000
	2	40	40	1.000
	3	399	399	1.000
	4	1971	1971	1.000
	5	5382	5382	1.000
	6	6532	6532	1.000
	7	9409	9409	1.000
	8	6260	6260	1.000
	9	1488	1488	1.000
	10	11	11	1.000
	Assembling sequence file...
	Normalizing lower order oligos using homer2

	Reading input files...
	62988 total sequences read
	Autonormalization: 1-mers (4 total)
		A	23.68%	24.02%	0.986
		C	26.32%	25.98%	1.013
		G	26.32%	25.98%	1.013
		T	23.68%	24.02%	0.986
	Autonormalization: 2-mers (16 total)
		AA	6.65%	6.30%	1.054
		CA	6.95%	7.36%	0.944
		GA	6.12%	6.27%	0.976
		TA	3.93%	4.08%	0.964
		AC	5.07%	5.19%	0.977
		CC	8.04%	7.93%	1.014
		GC	7.12%	6.61%	1.078
		TC	6.12%	6.27%	0.976
		AG	7.58%	7.80%	0.973
		CG	3.73%	2.90%	1.288
		GG	8.04%	7.93%	1.014
		TG	6.95%	7.36%	0.944
		AT	4.40%	4.72%	0.931
		CT	7.58%	7.80%	0.973
		GT	5.07%	5.19%	0.977
		TT	6.65%	6.30%	1.054
	Autonormalization: 3-mers (64 total)
	Normalization weights can be found in file: /home1/gyang/work_space/4.ProjectET/batch13_cr/7.Peak_anno/ESC_Klf5_1k_rep2_peakAnalysis/seq.autonorm.tsv
	Converging on autonormalization solution:
	...............................................................................
	Final normalization:	Autonormalization: 1-mers (4 total)
		A	23.68%	23.65%	1.001
		C	26.32%	26.35%	0.999
		G	26.32%	26.35%	0.999
		T	23.68%	23.65%	1.001
	Autonormalization: 2-mers (16 total)
		AA	6.65%	6.50%	1.022
		CA	6.95%	7.01%	0.992
		GA	6.12%	6.15%	0.994
		TA	3.93%	3.99%	0.986
		AC	5.07%	5.05%	1.003
		CC	8.04%	8.08%	0.996
		GC	7.12%	7.07%	1.008
		TC	6.12%	6.15%	0.994
		AG	7.58%	7.57%	1.001
		CG	3.73%	3.69%	1.011
		GG	8.04%	8.08%	0.996
		TG	6.95%	7.01%	0.992
		AT	4.40%	4.52%	0.972
		CT	7.58%	7.57%	1.001
		GT	5.07%	5.05%	1.003
		TT	6.65%	6.50%	1.022
	Autonormalization: 3-mers (64 total)
	Finished preparing sequence/group files

	----------------------------------------------------------
	Known motif enrichment

	Reading input files...
	62988 total sequences read
	414 motifs loaded
	Cache length = 11180
	Using binomial scoring
	Checking enrichment of 414 motif(s)
	|0%                                    50%                                  100%|
	=================================================================================
	Preparing HTML output with sequence logos...
		1 of 414 (1e-2283) CTCF(Zf)/CD4+-CTCF-ChIP-Seq(Barski_et_al.)/Homer
		2 of 414 (1e-1537) BORIS(Zf)/K562-CTCFL-ChIP-Seq(GSE32465)/Homer
		3 of 414 (1e-285) KLF3(Zf)/MEF-Klf3-ChIP-Seq(GSE44748)/Homer
		4 of 414 (1e-249) OCT4-SOX2-TCF-NANOG(POU,Homeobox,HMG)/mES-Oct4-ChIP-Seq(GSE11431)/Homer
		5 of 414 (1e-231) CTCF-SatelliteElement(Zf?)/CD4+-CTCF-ChIP-Seq(Barski_et_al.)/Homer
		6 of 414 (1e-214) Klf4(Zf)/mES-Klf4-ChIP-Seq(GSE11431)/Homer
		7 of 414 (1e-165) Sp1(Zf)/Promoter/Homer
		8 of 414 (1e-145) EKLF(Zf)/Erythrocyte-Klf1-ChIP-Seq(GSE20478)/Homer
		9 of 414 (1e-142) KLF5(Zf)/LoVo-KLF5-ChIP-Seq(GSE49402)/Homer
		10 of 414 (1e-138) Klf9(Zf)/GBM-Klf9-ChIP-Seq(GSE62211)/Homer
		11 of 414 (1e-131) Sp2(Zf)/HEK293-Sp2.eGFP-ChIP-Seq(Encode)/Homer
		12 of 414 (1e-113) Sp5(Zf)/mES-Sp5.Flag-ChIP-Seq(GSE72989)/Homer
		13 of 414 (1e-111) TEAD1(TEAD)/HepG2-TEAD1-ChIP-Seq(Encode)/Homer
		14 of 414 (1e-103) E-box(bHLH)/Promoter/Homer
		15 of 414 (1e-101) KLF6(Zf)/PDAC-KLF6-ChIP-Seq(GSE64557)/Homer
		16 of 414 (1e-96) Zic3(Zf)/mES-Zic3-ChIP-Seq(GSE37889)/Homer
		17 of 414 (1e-96) TFE3(bHLH)/MEF-TFE3-ChIP-Seq(GSE75757)/Homer
		18 of 414 (1e-92) Sox2(HMG)/mES-Sox2-ChIP-Seq(GSE11431)/Homer
		19 of 414 (1e-91) TEAD4(TEA)/Tropoblast-Tead4-ChIP-Seq(GSE37350)/Homer
		20 of 414 (1e-88) Elk4(ETS)/Hela-Elk4-ChIP-Seq(GSE31477)/Homer
		21 of 414 (1e-81) TEAD2(TEA)/Py2T-Tead2-ChIP-Seq(GSE55709)/Homer
		22 of 414 (1e-75) TEAD(TEA)/Fibroblast-PU.1-ChIP-Seq(Unpublished)/Homer
		23 of 414 (1e-74) E2F4(E2F)/K562-E2F4-ChIP-Seq(GSE31477)/Homer
		24 of 414 (1e-70) Elk1(ETS)/Hela-Elk1-ChIP-Seq(GSE31477)/Homer
		25 of 414 (1e-70) TEAD3(TEA)/HepG2-TEAD3-ChIP-Seq(Encode)/Homer
		26 of 414 (1e-69) USF1(bHLH)/GM12878-Usf1-ChIP-Seq(GSE32465)/Homer
		27 of 414 (1e-67) Sox17(HMG)/Endoderm-Sox17-ChIP-Seq(GSE61475)/Homer
		28 of 414 (1e-64) ELF1(ETS)/Jurkat-ELF1-ChIP-Seq(SRA014231)/Homer
		29 of 414 (1e-64) bHLHE40(bHLH)/HepG2-BHLHE40-ChIP-Seq(GSE31477)/Homer
		30 of 414 (1e-64) Brn1(POU,Homeobox)/NPC-Brn1-ChIP-Seq(GSE35496)/Homer
		31 of 414 (1e-63) Unknown-ESC-element(?)/mES-Nanog-ChIP-Seq(GSE11724)/Homer
		32 of 414 (1e-61) c-Myc(bHLH)/LNCAP-cMyc-ChIP-Seq(Unpublished)/Homer
		33 of 414 (1e-60) NRF1(NRF)/MCF7-NRF1-ChIP-Seq(Unpublished)/Homer
		34 of 414 (1e-59) Esrrb(NR)/mES-Esrrb-ChIP-Seq(GSE11431)/Homer
		35 of 414 (1e-59) Ronin(THAP)/ES-Thap11-ChIP-Seq(GSE51522)/Homer
		36 of 414 (1e-58) Usf2(bHLH)/C2C12-Usf2-ChIP-Seq(GSE36030)/Homer
		37 of 414 (1e-55) Oct4(POU,Homeobox)/mES-Oct4-ChIP-Seq(GSE11431)/Homer
		38 of 414 (1e-45) ETS(ETS)/Promoter/Homer
		39 of 414 (1e-45) Sox15(HMG)/CPA-Sox15-ChIP-Seq(GSE62909)/Homer
		40 of 414 (1e-45) E2F7(E2F)/Hela-E2F7-ChIP-Seq(GSE32673)/Homer
		41 of 414 (1e-44) OCT:OCT(POU,Homeobox,IR1)/NPC-Brn2-ChIP-Seq(GSE35496)/Homer
		42 of 414 (1e-42) NRF(NRF)/Promoter/Homer
		43 of 414 (1e-42) Zic(Zf)/Cerebellum-ZIC1.2-ChIP-Seq(GSE60731)/Homer
		44 of 414 (1e-42) RFX(HTH)/K562-RFX3-ChIP-Seq(SRA012198)/Homer
		45 of 414 (1e-42) Oct6(POU,Homeobox)/NPC-Pou3f1-ChIP-Seq(GSE35496)/Homer
		46 of 414 (1e-41) Nr5a2(NR)/mES-Nr5a2-ChIP-Seq(GSE19019)/Homer
		47 of 414 (1e-40) Sox4(HMG)/proB-Sox4-ChIP-Seq(GSE50066)/Homer
		48 of 414 (1e-39) CRE(bZIP)/Promoter/Homer
		49 of 414 (1e-36) Sox3(HMG)/NPC-Sox3-ChIP-Seq(GSE33059)/Homer
		50 of 414 (1e-35) GABPA(ETS)/Jurkat-GABPa-ChIP-Seq(GSE17954)/Homer
		51 of 414 (1e-35) CLOCK(bHLH)/Liver-Clock-ChIP-Seq(GSE39860)/Homer
		52 of 414 (1e-34) KLF14(Zf)/HEK293-KLF14.GFP-ChIP-Seq(GSE58341)/Homer
		53 of 414 (1e-34) Rfx2(HTH)/LoVo-RFX2-ChIP-Seq(GSE49402)/Homer
		54 of 414 (1e-32) GFY(?)/Promoter/Homer
		55 of 414 (1e-32) SF1(NR)/H295R-Nr5a1-ChIP-Seq(GSE44220)/Homer
		56 of 414 (1e-32) E2F(E2F)/Hela-CellCycle-Expression/Homer
		57 of 414 (1e-31) Nrf2(bZIP)/Lymphoblast-Nrf2-ChIP-Seq(GSE37589)/Homer
		58 of 414 (1e-31) Sox6(HMG)/Myotubes-Sox6-ChIP-Seq(GSE32627)/Homer
		59 of 414 (1e-30) ETV4(ETS)/HepG2-ETV4-ChIP-Seq(ENCODE)/Homer
		60 of 414 (1e-28) NFkB-p65(RHD)/GM12787-p65-ChIP-Seq(GSE19485)/Homer
		61 of 414 (1e-28) Fli1(ETS)/CD8-FLI-ChIP-Seq(GSE20898)/Homer
		62 of 414 (1e-28) Nr5a2(NR)/Pancreas-LRH1-ChIP-Seq(GSE34295)/Homer
		63 of 414 (1e-28) KLF10(Zf)/HEK293-KLF10.GFP-ChIP-Seq(GSE58341)/Homer
		64 of 414 (1e-27) E2F1(E2F)/Hela-E2F1-ChIP-Seq(GSE22478)/Homer
		65 of 414 (1e-27) E2F3(E2F)/MEF-E2F3-ChIP-Seq(GSE71376)/Homer
		66 of 414 (1e-26) Zfp281(Zf)/ES-Zfp281-ChIP-Seq(GSE81042)/Homer
		67 of 414 (1e-26) NF-E2(bZIP)/K562-NFE2-ChIP-Seq(GSE31477)/Homer
		68 of 414 (1e-24) bHLHE41(bHLH)/proB-Bhlhe41-ChIP-Seq(GSE93764)/Homer
		69 of 414 (1e-23) THRb(NR)/HepG2-THRb.Flag-ChIP-Seq(Encode)/Homer
		70 of 414 (1e-23) GFY-Staf(?,Zf)/Promoter/Homer
		71 of 414 (1e-23) Oct2(POU,Homeobox)/Bcell-Oct2-ChIP-Seq(GSE21512)/Homer
		72 of 414 (1e-23) Bach1(bZIP)/K562-Bach1-ChIP-Seq(GSE31477)/Homer
		73 of 414 (1e-22) COUP-TFII(NR)/Artia-Nr2f2-ChIP-Seq(GSE46497)/Homer
		74 of 414 (1e-22) E2F6(E2F)/Hela-E2F6-ChIP-Seq(GSE31477)/Homer
		75 of 414 (1e-22) Tcfcp2l1(CP2)/mES-Tcfcp2l1-ChIP-Seq(GSE11431)/Homer
		76 of 414 (1e-21) TCFL2(HMG)/K562-TCF7L2-ChIP-Seq(GSE29196)/Homer
		77 of 414 (1e-21) Sox10(HMG)/SciaticNerve-Sox3-ChIP-Seq(GSE35132)/Homer
		78 of 414 (1e-20) SPDEF(ETS)/VCaP-SPDEF-ChIP-Seq(SRA014231)/Homer
		79 of 414 (1e-20) RAR:RXR(NR),DR5/ES-RAR-ChIP-Seq(GSE56893)/Homer
		80 of 414 (1e-20) LEF1(HMG)/H1-LEF1-ChIP-Seq(GSE64758)/Homer
		81 of 414 (1e-19) NFkB-p65-Rel(RHD)/ThioMac-LPS-Expression(GSE23622)/Homer
		82 of 414 (1e-18) X-box(HTH)/NPC-H3K4me1-ChIP-Seq(GSE16256)/Homer
		83 of 414 (1e-17) Arnt:Ahr(bHLH)/MCF7-Arnt-ChIP-Seq(Lo_et_al.)/Homer
		84 of 414 (1e-17) ETS1(ETS)/Jurkat-ETS1-ChIP-Seq(GSE17954)/Homer
		85 of 414 (1e-17) NFE2L2(bZIP)/HepG2-NFE2L2-ChIP-Seq(Encode)/Homer
		86 of 414 (1e-17) Stat3(Stat)/mES-Stat3-ChIP-Seq(GSE11431)/Homer
		87 of 414 (1e-17) Elf4(ETS)/BMDM-Elf4-ChIP-Seq(GSE88699)/Homer
		88 of 414 (1e-16) EWS:FLI1-fusion(ETS)/SK_N_MC-EWS:FLI1-ChIP-Seq(SRA014231)/Homer
		89 of 414 (1e-16) GLIS3(Zf)/Thyroid-Glis3.GFP-ChIP-Seq(GSE103297)/Homer
		90 of 414 (1e-15) Maz(Zf)/HepG2-Maz-ChIP-Seq(GSE31477)/Homer
		91 of 414 (1e-14) ELF5(ETS)/T47D-ELF5-ChIP-Seq(GSE30407)/Homer
		92 of 414 (1e-13) Sox9(HMG)/Limb-SOX9-ChIP-Seq(GSE73225)/Homer
		93 of 414 (1e-13) Egr1(Zf)/K562-Egr1-ChIP-Seq(GSE32465)/Homer
		94 of 414 (1e-12) GFX(?)/Promoter/Homer
		95 of 414 (1e-12) MITF(bHLH)/MastCells-MITF-ChIP-Seq(GSE48085)/Homer
		96 of 414 (1e-11) Tcf3(HMG)/mES-Tcf3-ChIP-Seq(GSE11724)/Homer
		97 of 414 (1e-11) STAT4(Stat)/CD4-Stat4-ChIP-Seq(GSE22104)/Homer
		98 of 414 (1e-11) Tcf12(bHLH)/GM12878-Tcf12-ChIP-Seq(GSE32465)/Homer
		99 of 414 (1e-11) Bcl11a(Zf)/HSPC-BCL11A-ChIP-Seq(GSE104676)/Homer
		100 of 414 (1e-10) HINFP(Zf)/K562-HINFP.eGFP-ChIP-Seq(Encode)/Homer
		101 of 414 (1e-10) ETV1(ETS)/GIST48-ETV1-ChIP-Seq(GSE22441)/Homer
		102 of 414 (1e-10) Etv2(ETS)/ES-ER71-ChIP-Seq(GSE59402)/Homer(0.967)
		103 of 414 (1e-10) n-Myc(bHLH)/mES-nMyc-ChIP-Seq(GSE11431)/Homer
		104 of 414 (1e-10) STAT5(Stat)/mCD4+-Stat5-ChIP-Seq(GSE12346)/Homer
		105 of 414 (1e-10) HIF-1a(bHLH)/MCF7-HIF1a-ChIP-Seq(GSE28352)/Homer
		106 of 414 (1e-9) NFkB-p50,p52(RHD)/Monocyte-p50-ChIP-Chip(Schreiber_et_al.)/Homer
		107 of 414 (1e-9) WT1(Zf)/Kidney-WT1-ChIP-Seq(GSE90016)/Homer
		108 of 414 (1e-9) Bach2(bZIP)/OCILy7-Bach2-ChIP-Seq(GSE44420)/Homer
		109 of 414 (1e-8) STAT6(Stat)/Macrophage-Stat6-ChIP-Seq(GSE38377)/Homer
		110 of 414 (1e-8) YY1(Zf)/Promoter/Homer
		111 of 414 (1e-8) Brn2(POU,Homeobox)/NPC-Brn2-ChIP-Seq(GSE35496)/Homer
		112 of 414 (1e-8) HIF-1b(HLH)/T47D-HIF1b-ChIP-Seq(GSE59937)/Homer
		113 of 414 (1e-8) Egr2(Zf)/Thymocytes-Egr2-ChIP-Seq(GSE34254)/Homer
		114 of 414 (1e-8) ZBTB33(Zf)/GM12878-ZBTB33-ChIP-Seq(GSE32465)/Homer
		115 of 414 (1e-7) HIF2a(bHLH)/785_O-HIF2a-ChIP-Seq(GSE34871)/Homer
		116 of 414 (1e-7) PBX1(Homeobox)/MCF7-PBX1-ChIP-Seq(GSE28007)/Homer
		117 of 414 (1e-7) ELF3(ETS)/PDAC-ELF3-ChIP-Seq(GSE64557)/Homer
		118 of 414 (1e-7) Rfx1(HTH)/NPC-H3K4me1-ChIP-Seq(GSE16256)/Homer
		119 of 414 (1e-6) AP-2alpha(AP2)/Hela-AP2alpha-ChIP-Seq(GSE31477)/Homer
		120 of 414 (1e-6) Jun-AP1(bZIP)/K562-cJun-ChIP-Seq(GSE31477)/Homer
		121 of 414 (1e-6) LXRE(NR),DR4/RAW-LXRb.biotin-ChIP-Seq(GSE21512)/Homer
		122 of 414 (1e-6) TATA-Box(TBP)/Promoter/Homer
		123 of 414 (1e-6) PAX5(Paired,Homeobox),condensed/GM12878-PAX5-ChIP-Seq(GSE32465)/Homer
		124 of 414 (1e-5) MYNN(Zf)/HEK293-MYNN.eGFP-ChIP-Seq(Encode)/Homer
		125 of 414 (1e-5) STAT6(Stat)/CD4-Stat6-ChIP-Seq(GSE22104)/Homer
		126 of 414 (1e-5) Fosl2(bZIP)/3T3L1-Fosl2-ChIP-Seq(GSE56872)/Homer
		127 of 414 (1e-5) Dlx3(Homeobox)/Kerainocytes-Dlx3-ChIP-Seq(GSE89884)/Homer
		128 of 414 (1e-5) ETS:E-box(ETS,bHLH)/HPC7-Scl-ChIP-Seq(GSE22178)/Homer
		129 of 414 (1e-5) Stat3+il21(Stat)/CD4-Stat3-ChIP-Seq(GSE19198)/Homer
		130 of 414 (1e-5) EAR2(NR)/K562-NR2F6-ChIP-Seq(Encode)/Homer
		131 of 414 (1e-5) STAT1(Stat)/HelaS3-STAT1-ChIP-Seq(GSE12782)/Homer
		132 of 414 (1e-5) AP-2gamma(AP2)/MCF7-TFAP2C-ChIP-Seq(GSE21234)/Homer
		133 of 414 (1e-5) Zfp809(Zf)/ES-Zfp809-ChIP-Seq(GSE70799)/Homer
		134 of 414 (1e-5) ERG(ETS)/VCaP-ERG-ChIP-Seq(GSE14097)/Homer
		135 of 414 (1e-5) Tcf7(HMG)/GM12878-TCF7-ChIP-Seq(Encode)/Homer
		136 of 414 (1e-5) ZNF519(Zf)/HEK293-ZNF519.GFP-ChIP-Seq(GSE58341)/Homer
		137 of 414 (1e-4) Six4(Homeobox)/MCF7-SIX4-ChIP-Seq(Encode)/Homer
		138 of 414 (1e-4) ZNF143|STAF(Zf)/CUTLL-ZNF143-ChIP-Seq(GSE29600)/Homer
		139 of 414 (1e-4) COUP-TFII(NR)/K562-NR2F1-ChIP-Seq(Encode)/Homer
		140 of 414 (1e-4) Foxh1(Forkhead)/hESC-FOXH1-ChIP-Seq(GSE29422)/Homer
		141 of 414 (1e-3) Foxa3(Forkhead)/Liver-Foxa3-ChIP-Seq(GSE77670)/Homer
		142 of 414 (1e-3) Nur77(NR)/K562-NR4A1-ChIP-Seq(GSE31363)/Homer
		143 of 414 (1e-3) ETS:RUNX(ETS,Runt)/Jurkat-RUNX1-ChIP-Seq(GSE17954)/Homer
		144 of 414 (1e-3) Fra2(bZIP)/Striatum-Fra2-ChIP-Seq(GSE43429)/Homer
		145 of 414 (1e-3) p53(p53)/mES-cMyc-ChIP-Seq(GSE11431)/Homer
		146 of 414 (1e-3) FOXK2(Forkhead)/U2OS-FOXK2-ChIP-Seq(E-MTAB-2204)/Homer
		147 of 414 (1e-3) Rfx6(HTH)/Min6b1-Rfx6.HA-ChIP-Seq(GSE62844)/Homer
		148 of 414 (1e-3) REST-NRSF(Zf)/Jurkat-NRSF-ChIP-Seq/Homer
		149 of 414 (1e-3) JunB(bZIP)/DendriticCells-Junb-ChIP-Seq(GSE36099)/Homer
		150 of 414 (1e-3) HRE(HSF)/HepG2-HSF1-ChIP-Seq(GSE31477)/Homer
		151 of 414 (1e-3) JunD(bZIP)/K562-JunD-ChIP-Seq/Homer
		152 of 414 (1e-3) RARg(NR)/ES-RARg-ChIP-Seq(GSE30538)/Homer
		153 of 414 (1e-2) FOXP1(Forkhead)/H9-FOXP1-ChIP-Seq(GSE31006)/Homer
		154 of 414 (1e-2) Atf3(bZIP)/GBM-ATF3-ChIP-Seq(GSE33912)/Homer
		155 of 414 (1e-2) EBF1(EBF)/Near-E2A-ChIP-Seq(GSE21512)/Homer
		156 of 414 (1e-2) CEBP(bZIP)/ThioMac-CEBPb-ChIP-Seq(GSE21512)/Homer
		157 of 414 (1e-2) CHR(?)/Hela-CellCycle-Expression/Homer
		158 of 414 (1e-2) Slug(Zf)/Mesoderm-Snai2-ChIP-Seq(GSE61475)/Homer
		159 of 414 (1e-2) ZNF652/HepG2-ZNF652.Flag-ChIP-Seq(Encode)/Homer
		160 of 414 (1e-2) ZNF264(Zf)/HEK293-ZNF264.GFP-ChIP-Seq(GSE58341)/Homer
		161 of 414 (1e-2) Max(bHLH)/K562-Max-ChIP-Seq(GSE31477)/Homer
		162 of 414 (1e-2) Brachyury(T-box)/Mesoendoderm-Brachyury-ChIP-exo(GSE54963)/Homer
		163 of 414 (1e-2) Oct4:Sox17(POU,Homeobox,HMG)/F9-Sox17-ChIP-Seq(GSE44553)/Homer
		164 of 414 (1e-2) EBF(EBF)/proBcell-EBF-ChIP-Seq(GSE21978)/Homer
		165 of 414 (1e-2) Fra1(bZIP)/BT549-Fra1-ChIP-Seq(GSE46166)/Homer
		166 of 414 (1e-2) EHF(ETS)/LoVo-EHF-ChIP-Seq(GSE49402)/Homer
		167 of 414 (1e-2) PRDM15(Zf)/ESC-Prdm15-ChIP-Seq(GSE73694)/Homer
	----------------------------------------------------------
	De novo motif finding (HOMER)

	Scanning input files...
	Parsing sequences...
	|0%                                   50%                                  100%|
	================================================================================
	Total number of Oligos: 32896
	Autoadjustment for sequence coverage in background: 1.21x

	Oligos: 32896 of 34497 max
	Tree  : 66892 of 172485 max
	Optimizing memory usage...
	Cache length = 11180
	Using binomial scoring

	Global Optimization Phase: Looking for enriched oligos with up to 2 mismatches...

	Screening oligos 32896 (allowing 0 mismatches):
	|0%                                   50%                                  100%|
	================================================================================
		0.00% skipped, 100.00% checked (32896 of 32896), of those checked:
		0.00% not in target, 0.00% increased p-value, 0.00% high p-value

	Screening oligos 32896 (allowing 1 mismatches):
	|0%                                   50%                                  100%|
	================================================================================
		0.00% skipped, 100.00% checked (32896 of 32896), of those checked:
		0.00% not in target, 45.70% increased p-value, 38.30% high p-value

	Screening oligos 32896 (allowing 2 mismatches):
	|0%                                   50%                                  100%|
	================================================================================
		54.58% skipped, 45.42% checked (14941 of 32896), of those checked:
		0.00% not in target, 39.05% increased p-value, 0.00% high p-value
	Reading input files...
	62988 total sequences read
	Cache length = 11180
	Using binomial scoring

	Local Optimization Phase:
	1 of 25 Initial Sequence: AGAGGGCG... (-407.623)
		Round 1: -783.32 AGGKGGCG T:14959.7(37.81%),B:11970.4(27.55%),P:1e-340
		Round 2: -783.32 AGGKGGCG T:14959.7(37.81%),B:11970.4(27.55%),P:1e-340
		=Final=: -1067.91 AGGKGGCG T:13153.0(41.76%),B:9063.0(29.52%),P:1e-463
		Performing exhaustive masking of motif...
		Reprioritizing potential motifs...
	2 of 25 Initial Sequence: GAATTCCG... (-398.152)
		Round 1: -555.81 GAATTCCG T:18201.9(43.89%),B:15901.6(34.83%),P:1e-241
		Round 2: -579.63 RMATTCCG T:13520.4(34.90%),B:11301.9(26.23%),P:1e-251
		Round 3: -579.63 RMATTCCG T:13520.4(34.90%),B:11301.9(26.23%),P:1e-251
		=Final=: -373.65 RMATTCCG T:11655.0(37.01%),B:9164.2(29.85%),P:1e-162
		Performing exhaustive masking of motif...
		Reprioritizing potential motifs...
	3 of 25 Initial Sequence: ACAATAGA... (-294.970)
		Round 1: -324.05 ACAATAGA T:1513.7(4.69%),B:852.8(2.27%),P:1e-140
		Round 2: -324.05 ACAATAGA T:1513.7(4.69%),B:852.8(2.27%),P:1e-140
		=Final=: -368.41 ACAATAGA T:1137.0(3.61%),B:445.5(1.45%),P:1e-159
		Performing exhaustive masking of motif...
		Reprioritizing potential motifs...
	4 of 25 Initial Sequence: GTCACGTG... (-239.637)
		Round 1: -328.56 ATCACGTG T:2346.7(7.18%),B:1536.7(4.05%),P:1e-142
		Round 2: -328.56 ATCACGTG T:2346.7(7.18%),B:1536.7(4.05%),P:1e-142
		=Final=: -282.25 ATCACGTG T:1654.0(5.25%),B:859.5(2.80%),P:1e-122
		Performing exhaustive masking of motif...
		Reprioritizing potential motifs...
	5 of 25 Initial Sequence: TGTAATGC... (-239.185)
		Round 1: -239.19 TGTAATGC T:686.9(2.15%),B:308.7(0.83%),P:1e-103
		Round 2: -239.19 TGTAATGC T:686.9(2.15%),B:308.7(0.83%),P:1e-103
		=Final=: -253.81 TGTAATGC T:778.0(2.47%),B:303.9(0.99%),P:1e-110
		Performing exhaustive masking of motif...
		Reprioritizing potential motifs...
	6 of 25 Initial Sequence: CAAGGTCA... (-212.787)
		Round 1: -226.17 CAAGGTCA T:2904.6(8.81%),B:2230.6(5.83%),P:1e-98
		Round 2: -254.94 GAAGGTCG T:16921.3(41.57%),B:16262.1(35.46%),P:1e-110
		Round 3: -315.82 CAAGGKCG T:14015.0(35.92%),B:12920.5(29.38%),P:1e-137
		Round 4: -315.82 CAAGGKCG T:14015.0(35.92%),B:12920.5(29.38%),P:1e-137
		=Final=: -328.39 CAAGGKCG T:11931.0(37.88%),B:9553.8(31.12%),P:1e-142
		Performing exhaustive masking of motif...
		Reprioritizing potential motifs...
	7 of 25 Initial Sequence: GAAACCGG... (-182.121)
		Round 1: -282.09 GAAACCGG T:19245.1(45.72%),B:18469.2(39.18%),P:1e-122
		Round 2: -282.09 GAAACCGG T:19245.1(45.72%),B:18469.2(39.18%),P:1e-122
		=Final=: -220.94 GAAACCGG T:8011.0(25.44%),B:6313.0(20.57%),P:1e-95
		Performing exhaustive masking of motif...
		Reprioritizing potential motifs...
	8 of 25 Initial Sequence: TGAATAGG... (-174.624)
		Round 1: -194.63 TGAATAGG T:761.3(2.39%),B:400.9(1.07%),P:1e-84
		Round 2: -194.63 TGAATAGG T:761.3(2.39%),B:400.9(1.07%),P:1e-84
		=Final=: -212.03 TGAATAGG T:884.0(2.81%),B:400.9(1.31%),P:1e-92
		Performing exhaustive masking of motif...
		Reprioritizing potential motifs...
	9 of 25 Initial Sequence: GAAACCTG... (-169.945)
		Round 1: -46.93 GAAACCTG T:7861.2(22.09%),B:8265.4(19.95%),P:1e-20
		Round 2: -90.17 GAAACCTG T:13938.2(35.76%),B:14466.9(32.26%),P:1e-39
		Round 3: -128.23 GRAACCWG T:12518.0(32.80%),B:12574.5(28.72%),P:1e-55
		Round 4: -128.23 GRAACCWG T:12518.0(32.80%),B:12574.5(28.72%),P:1e-55
		=Final=: -88.41 GRAACCWG T:11361.0(36.07%),B:10007.4(32.60%),P:1e-38
		Performing exhaustive masking of motif...
		Reprioritizing potential motifs...
	10 of 25 Initial Sequence: GCACTTAT... (-146.117)
		Round 1: -146.12 GCACTTAT T:503.5(1.58%),B:250.7(0.67%),P:1e-63
		Round 2: -146.12 GCACTTAT T:503.5(1.58%),B:250.7(0.67%),P:1e-63
		=Final=: -201.22 GCACTTAT T:633.0(2.01%),B:250.2(0.82%),P:1e-87
		Performing exhaustive masking of motif...
		Reprioritizing potential motifs...
	11 of 25 Initial Sequence: CCGTTGTT... (-144.858)
		Round 1: -212.03 CCGTTGTT T:7047.8(20.05%),B:6352.7(15.72%),P:1e-92
		Round 2: -264.47 SCGTTSTT T:15395.0(38.66%),B:14624.5(32.55%),P:1e-114
		Round 3: -264.47 SCGTTSTT T:15395.0(38.66%),B:14624.5(32.55%),P:1e-114
		=Final=: -147.78 SCGTTSTT T:13242.0(42.05%),B:11475.0(37.38%),P:1e-64
		Performing exhaustive masking of motif...
		Reprioritizing potential motifs...
	12 of 25 Initial Sequence: CCATACAC... (-143.137)
		Round 1: -143.14 CCATACAC T:811.3(2.54%),B:497.2(1.33%),P:1e-62
		Round 2: -143.14 CCATACAC T:811.3(2.54%),B:497.2(1.33%),P:1e-62
		=Final=: -166.79 CCATACAC T:934.0(2.97%),B:476.4(1.55%),P:1e-72
		Performing exhaustive masking of motif...
		Reprioritizing potential motifs...
	13 of 25 Initial Sequence: GGTGGAGC... (-136.915)
		Round 1: -352.42 GGTGTGGC T:11610.5(30.83%),B:10330.1(24.28%),P:1e-153
		Round 2: -352.42 GGTGTGGC T:11610.5(30.83%),B:10330.1(24.28%),P:1e-153
		=Final=: -373.57 GGTGTGGC T:10435.0(33.13%),B:8050.6(26.23%),P:1e-162
		Performing exhaustive masking of motif...
		Reprioritizing potential motifs...
	14 of 25 Initial Sequence: ATGCTAAT... (-125.276)
		Round 1: -157.49 ATGCTAAT T:1808.9(5.58%),B:1360.2(3.60%),P:1e-68
		Round 2: -170.22 ATGCGAAT T:10733.8(28.88%),B:10378.5(24.38%),P:1e-73
		Round 3: -170.22 ATGCGAAT T:10733.8(28.88%),B:10378.5(24.38%),P:1e-73
		=Final=: -137.18 ATGCGAAT T:9115.0(28.94%),B:7641.5(24.89%),P:1e-59
		Performing exhaustive masking of motif...
		Reprioritizing potential motifs...
	15 of 25 Initial Sequence: CTGAATGT... (-114.569)
		Round 1: -114.57 CTGAATGT T:967.7(3.02%),B:675.1(1.80%),P:1e-49
		Round 2: -114.57 CTGAATGT T:967.7(3.02%),B:675.1(1.80%),P:1e-49
		=Final=: -101.39 CTGAATGT T:1079.0(3.43%),B:669.8(2.18%),P:1e-44
		Performing exhaustive masking of motif...
		Reprioritizing potential motifs...
	16 of 25 Initial Sequence: CCGCGTTA... (-112.450)
		Round 1: -193.53 CCGCGTTA T:8751.1(24.26%),B:8182.2(19.77%),P:1e-84
		Round 2: -197.20 CCGCGTTA T:9943.8(27.07%),B:9395.0(22.35%),P:1e-85
		Round 3: -209.56 CCGCGTTA T:14327.5(36.55%),B:13878.9(31.18%),P:1e-91
		Round 4: -232.35 CCGSKTTW T:16980.6(41.68%),B:16481.3(35.84%),P:1e-100
		Round 5: -232.35 CCGSKTTW T:16980.6(41.68%),B:16481.3(35.84%),P:1e-100
		=Final=: -204.10 CCGSKTTW T:10268.0(32.60%),B:8436.0(27.48%),P:1e-88
		Performing exhaustive masking of motif...
		Reprioritizing potential motifs...
	17 of 25 Initial Sequence: GCCATTGT... (-97.254)
		Round 1: -104.29 GCCATTGT T:1078.8(3.37%),B:794.6(2.12%),P:1e-45
		Round 2: -110.94 GCTTTTGT T:4327.8(12.84%),B:4014.1(10.24%),P:1e-48
		Round 3: -110.94 GCTTTTGT T:4327.8(12.84%),B:4014.1(10.24%),P:1e-48
		=Final=: -139.55 GCTTTTGT T:4799.0(15.24%),B:3715.2(12.10%),P:1e-60
		Performing exhaustive masking of motif...
		Reprioritizing potential motifs...
	18 of 25 Initial Sequence: ATAGCTAA... (-101.640)
		Round 1: -101.64 ATAGCTAA T:577.2(1.82%),B:355.2(0.95%),P:1e-44
		Round 2: -101.64 ATAGCTAA T:577.2(1.82%),B:355.2(0.95%),P:1e-44
		=Final=: -128.30 ATAGCTAA T:695.0(2.21%),B:351.0(1.14%),P:1e-55
		Performing exhaustive masking of motif...
		Reprioritizing potential motifs...
	19 of 25 Initial Sequence: CCCCTGGT... (-95.017)
		Round 1: -136.67 CSCCTAGT T:2133.7(6.55%),B:1717.3(4.52%),P:1e-59
		Round 2: -136.67 CSCCTAGT T:2133.7(6.55%),B:1717.3(4.52%),P:1e-59
		=Final=: -199.23 CSCCTAGT T:2501.0(7.94%),B:1619.6(5.28%),P:1e-86
		Performing exhaustive masking of motif...
		Reprioritizing potential motifs...
	20 of 25 Initial Sequence: ATTCAATC... (-91.810)
		Round 1: -91.81 ATTCAATC T:479.3(1.51%),B:287.5(0.77%),P:1e-39
		Round 2: -91.81 ATTCAATC T:479.3(1.51%),B:287.5(0.77%),P:1e-39
		=Final=: -131.22 ATTCAATC T:596.0(1.89%),B:280.5(0.91%),P:1e-56
		Performing exhaustive masking of motif...
		Reprioritizing potential motifs...
	21 of 25 Initial Sequence: AACTTCCT... (-86.574)
		Round 1: -119.47 MACTTCCT T:8247.7(23.04%),B:8085.1(19.56%),P:1e-51
		Round 2: -136.50 VRMTTCCK T:3288.4(9.91%),B:2853.0(7.39%),P:1e-59
		Round 3: -151.42 NRNTTSCK T:3760.6(11.25%),B:3275.0(8.44%),P:1e-65
		Round 4: -151.42 NRNTTSCK T:3760.6(11.25%),B:3275.0(8.44%),P:1e-65
		=Final=: -200.74 NRNTTSCK T:4053.0(12.87%),B:2897.6(9.44%),P:1e-87
		Performing exhaustive masking of motif...
		Reprioritizing potential motifs...
	22 of 25 Initial Sequence: TGGGCGGG... (-84.849)
		Round 1: -150.17 TGGGCGGG T:3920.0(11.70%),B:3438.8(8.84%),P:1e-65
		Round 2: -150.17 TGGGCGGG T:3920.0(11.70%),B:3438.8(8.84%),P:1e-65
		=Final=: -246.23 TGGGCGGG T:4287.0(13.61%),B:2989.6(9.74%),P:1e-106
		Performing exhaustive masking of motif...
		Reprioritizing potential motifs...
	23 of 25 Initial Sequence: AGGGAATC... (-83.460)
		Round 1: -100.24 AGGGAATC T:1061.7(3.31%),B:787.2(2.10%),P:1e-43
		Round 2: -100.24 AGGGAATC T:1061.7(3.31%),B:787.2(2.10%),P:1e-43
		=Final=: -114.75 AGGGAATC T:1248.0(3.96%),B:778.3(2.54%),P:1e-49
		Performing exhaustive masking of motif...
		Reprioritizing potential motifs...
	24 of 25 Initial Sequence: TTGTTAAC... (-74.866)
		Round 1: -102.41 TNGTAAAC T:4272.6(12.68%),B:3997.8(10.20%),P:1e-44
		Round 2: -102.41 TNGTAAAC T:4272.6(12.68%),B:3997.8(10.20%),P:1e-44
		=Final=: -88.91 TNGTAAAC T:2992.0(9.50%),B:2298.8(7.49%),P:1e-38
		Performing exhaustive masking of motif...
		Reprioritizing potential motifs...
	25 of 25 Initial Sequence: TTAGAAGC... (-73.053)
		Round 1: -73.05 TTAGAAGC T:732.1(2.30%),B:537.8(1.44%),P:1e-31
		Round 2: -73.05 TTAGAAGC T:732.1(2.30%),B:537.8(1.44%),P:1e-31
		=Final=: -85.72 TTAGAAGC T:862.0(2.74%),B:527.4(1.72%),P:1e-37
		Performing exhaustive masking of motif...
		Reprioritizing potential motifs...

	Finalizing Enrichment Statistics (new in v3.4)
	Reading input files...
	62988 total sequences read
	Cache length = 11180
	Using binomial scoring
	Checking enrichment of 25 motif(s)
	|0%                                    50%                                  100%|
	=================================================================================
	Output in file: /home1/gyang/work_space/4.ProjectET/batch13_cr/7.Peak_anno/ESC_Klf5_1k_rep2_peakAnalysis/homerMotifs.motifs8

	(Motifs in homer2 format)
	Determining similar motifs... 25 reduced to 18 motifs
	Outputing HTML and sequence logos for motif comparison...
	Checking de novo motifs against known motifs...
	Formatting HTML page...
		1 of 18 (1e-463) similar to CTCFL/MA1102.1/Jaspar(0.845)
		2 of 18 (1e-162) similar to TEAD4(TEA)/Tropoblast-Tead4-ChIP-Seq(GSE37350)/Homer(0.904)
		3 of 18 (1e-159) similar to PB0128.1_Gcm1_2/Jaspar(0.750)
		4 of 18 (1e-159) similar to SOX15/MA1152.1/Jaspar(0.847)
		5 of 18 (1e-150) similar to PB0014.1_Esrra_1/Jaspar(0.703)
		6 of 18 (1e-128) similar to Sp2(Zf)/HEK293-Sp2.eGFP-ChIP-Seq(Encode)/Homer(0.821)
		7 of 18 (1e-122) similar to MF0007.1_bHLH(zip)_class/Jaspar(0.922)
		8 of 18 (1e-112) similar to TEAD3(TEA)/HepG2-TEAD3-ChIP-Seq(Encode)/Homer(0.742)
		9 of 18 (1e-105) similar to YY2/MA0748.1/Jaspar(0.631)
		10 of 18 (1e-85) similar to ISL2/MA0914.1/Jaspar(0.841)
		11 of 18 (1e-75) similar to Brn1(POU,Homeobox)/NPC-Brn1-ChIP-Seq(GSE35496)/Homer(0.769)
		12 of 18 (1e-72) similar to Sox17(HMG)/Endoderm-Sox17-ChIP-Seq(GSE61475)/Homer(0.777)
		13 of 18 (1e-71) similar to PB0060.1_Smad3_1/Jaspar(0.670)
		14 of 18 (1e-54) similar to DUX(Homeobox)/C2C12-Dux-ChIP-Seq(GSE87279)/Homer(0.860)
		15 of 18 (1e-52) similar to Gata1/MA0035.3/Jaspar(0.636)
		16 of 18 (1e-47) similar to Foxo3(Forkhead)/U2OS-Foxo3-ChIP-Seq(E-MTAB-2701)/Homer(0.841)
		17 of 18 (1e-43) similar to IRF4(IRF)/GM12878-IRF4-ChIP-Seq(GSE32465)/Homer(0.773)
		18 of 18 (1e-33) similar to POL008.1_DCE_S_I/Jaspar(0.735)
	Job finished - if results look good, please send beer to ..

	Cleaning up tmp files...

