
	Position file = TSC_Tead4_1k_peaks.narrowPeak
	Genome = mm10
	Output Directory = /home1/gyang/work_space/4.ProjectET/analysis/standardize/2.1merged_narrowpeak/anno/TSC_Tead4_1k_peakAnalysis
	Using actual sizes of regions (-size given)
	Fragment size set to given
	Using 10 CPUs
	Motif length set at 8,
	Found mset for "mouse", will check against vertebrates motifs
	Peak/BED file conversion summary:
		BED/Header formatted lines: 5947
		peakfile formatted lines: 0

	Peak File Statistics:
		Total Peaks: 5947
		Redundant Peak IDs: 0
		Peaks lacking information: 0 (need at least 5 columns per peak)
		Peaks with misformatted coordinates: 0 (should be integer)
		Peaks with misformatted strand: 0 (should be either +/- or 0/1)

	Peak file looks good!

	Background fragment size set to 504 (avg size of targets)
	Could not find background files for 504 bp fragments
	Below are the sizes that are already available prepared.
		133
		200
		224
		283
		330
		332
		342
		354
		356
		368
		369
		370
		373
		378
		384
		385
		390
		392
		400
		411
		416
		418
		419
		420
		423
		424
		433
		438
		442
		443
		444
		445
		447
		448
		449
		451
		454
		455
		457
		461
		463
		468
		471
		472
		475
		476
		478
		479
		486
		487
		489
		497
		502
		519
		525
		526
		534
		536
		539
		550
		562
		565
		566
		567
		570
		588
		589
		590
		596
		598
		603
		624
		644
		648
		664
		671
		674
		676
		698
		703
		704
		709
		712
		716
		724
		735
		736
		739
		740
		741
		743
		747
		758
		780
		783
		786
		789
		828
		843
		892
		917
		956
		973
		998
		999
		1016
		1078
		1142
		1178
		1222
		1249
		1259
		1262
		1288
		1296
		1332
		1376
		1406
		1410
		1448
		1455
		1499
		1547
		1575
		1619
		1623
		1848
		1925
		1930
		1959
		2017
		2116
		2151
		2488
		2499
		7879
		7974
	HOMER will now create background files for 504 bp fragments
	To CANCEL and rerun with a differet "-size <#>", hit <CTRL+C> now!
		5
		4
		3
		2
		1
	Preparsing genome for 504 bp fragments...(will probably take 1-5 min)
	preparse size set to 504

	By default, using /usr/local/software/homer/.//data/genomes/mm10//mm10.tss for reference positions
	Output files will be placed in /usr/local/software/homer/.//data/genomes/mm10//preparsed//mm10.504.* ...
	By default, HOMER will set the the preparsed Directory to be group read/write
chmod: changing permissions of ‘/usr/local/software/homer/.//data/genomes/mm10//preparsed/’: Operation not permitted
	Extracting sequences

	Extracting sequences from directory: /usr/local/software/homer/.//data/genomes/mm10//
	Extracting 79129 sequences from chr1
	Extracting 94546 sequences from chr2
	Extracting 64864 sequences from chr3
	Extracting 71856 sequences from chr4
	Extracting 74088 sequences from chr5
	Extracting 70604 sequences from chr6
	Extracting 88353 sequences from chr7
	Extracting 54538 sequences from chr8
	Extracting 66400 sequences from chr9
	Extracting 60627 sequences from chr10
	Extracting 71439 sequences from chr11
	Extracting 45177 sequences from chr12
	Extracting 52532 sequences from chr13
	Extracting 48462 sequences from chr14
	Extracting 44779 sequences from chr15
	Extracting 41891 sequences from chr16
	Extracting 50467 sequences from chr17
	Extracting 36195 sequences from chr18
	Extracting 34663 sequences from chr19
	Extracting 68530 sequences from chrX
	Extracting 9784 sequences from chrY
	Extracting 107 sequences from chr1_GL456211_random
	Extracting 178 sequences from chr1_GL456221_random
	Extracting 67 sequences from chr4_GL456216_random
	Extracting 265 sequences from chr4_GL456350_random
	Extracting 58 sequences from chr4_JH584292_random
	Extracting 179 sequences from chr4_JH584293_random
	Extracting 172 sequences from chr4_JH584294_random
	Extracting 197 sequences from chr5_GL456354_random
	Extracting 91 sequences from chr5_JH584296_random
	Extracting 98 sequences from chr5_JH584297_random
	Extracting 189 sequences from chr5_JH584298_random
	Extracting 426 sequences from chr5_JH584299_random
	Extracting 148 sequences from chr7_GL456219_random
	Extracting 104 sequences from chrUn_JH584304
	Extracting 302 sequences from chrX_GL456233_random
		3410 of 1231351 removed because they had >70.00% Ns (i.e. masked repeats)

	Sequences processed:
		Auto detected maximum sequence length of 505 bp
		100000
		200000
		300000
		400000
		500000
		600000
		700000
		800000
		900000
		1000000
		1100000
		1200000
		1227941 total

	Frequency Bins: 0.01 0.02 0.03 0.04 0.05 0.06 0.08 0.1 0.12 0.14 0.16
	Freq	Bin	Count
	0.01	0	818472
	0.02	1	292852
	0.03	2	65178
	0.04	3	17715
	0.05	4	7907
	0.06	5	5489
	0.08	6	8003
	0.1	7	5589
	0.12	8	3497
	0.14	9	1929
	0.16	10	940
	11	11	370
	Frequency Bins: 0.2 0.25 0.3 0.35 0.4 0.45 0.5 0.6 0.7 0.8
	Freq	Bin	Count
	0.2	0	63
	0.25	1	1319
	0.3	2	17801
	0.35	3	92464
	0.4	4	251963
	0.45	5	366644
	0.5	6	294090
	0.6	7	178314
	0.7	8	19716
	0.8	9	5260
	10	10	307


	Extracting sequences from directory: /usr/local/software/homer/.//data/genomes/mm10//
	Extracting 387 sequences from chr1
	Extracting 401 sequences from chr2
	Extracting 272 sequences from chr3
	Extracting 373 sequences from chr4
	Extracting 330 sequences from chr5
	Extracting 249 sequences from chr6
	Extracting 448 sequences from chr7
	Extracting 291 sequences from chr8
	Extracting 307 sequences from chr9
	Extracting 427 sequences from chr10
	Extracting 691 sequences from chr11
	Extracting 227 sequences from chr12
	Extracting 230 sequences from chr13
	Extracting 191 sequences from chr14
	Extracting 206 sequences from chr15
	Extracting 171 sequences from chr16
	Extracting 296 sequences from chr17
	Extracting 161 sequences from chr18
	Extracting 187 sequences from chr19
	Extracting 99 sequences from chrX
	Extracting 3 sequences from chrM

	Not removing redundant sequences


	Sequences processed:
		Auto detected maximum sequence length of 356 bp
		5947 total

	Frequency Bins: 0.2 0.25 0.3 0.35 0.4 0.45 0.5 0.6 0.7 0.8
	Freq	Bin	Count
	0.3	2	4
	0.35	3	55
	0.4	4	292
	0.45	5	797
	0.5	6	1134
	0.6	7	1940
	0.7	8	1293
	0.8	9	427
	10	10	5

	Total sequences set to 50000

	Choosing background that matches in CpG/GC content...
	Bin	# Targets	# Background	Background Weight
	2	4	30	0.988
	3	55	407	1.001
	4	292	2163	1.000
	5	797	5904	1.000
	6	1134	8400	1.000
	7	1940	14371	1.000
	8	1293	9578	1.000
	9	427	3163	1.000
	10	5	37	1.001
	Assembling sequence file...
	Normalizing lower order oligos using homer2

	Reading input files...
	50000 total sequences read
	Autonormalization: 1-mers (4 total)
		A	22.86%	23.25%	0.983
		C	27.14%	26.75%	1.015
		G	27.14%	26.75%	1.015
		T	22.86%	23.25%	0.983
	Autonormalization: 2-mers (16 total)
		AA	6.17%	5.89%	1.048
		CA	6.76%	7.31%	0.924
		GA	6.23%	6.27%	0.994
		TA	3.65%	3.76%	0.972
		AC	5.06%	5.12%	0.987
		CC	8.53%	8.33%	1.024
		GC	7.36%	7.04%	1.045
		TC	6.23%	6.27%	0.994
		AG	7.60%	7.84%	0.969
		CG	4.24%	3.28%	1.291
		GG	8.53%	8.33%	1.024
		TG	6.76%	7.31%	0.924
		AT	4.05%	4.38%	0.924
		CT	7.60%	7.84%	0.969
		GT	5.06%	5.12%	0.987
		TT	6.17%	5.89%	1.048
	Autonormalization: 3-mers (64 total)
	Normalization weights can be found in file: /home1/gyang/work_space/4.ProjectET/analysis/standardize/2.1merged_narrowpeak/anno/TSC_Tead4_1k_peakAnalysis/seq.autonorm.tsv
	Converging on autonormalization solution:
	...............................................................................
	Final normalization:	Autonormalization: 1-mers (4 total)
		A	22.86%	22.83%	1.002
		C	27.14%	27.17%	0.999
		G	27.14%	27.17%	0.999
		T	22.86%	22.83%	1.002
	Autonormalization: 2-mers (16 total)
		AA	6.17%	6.07%	1.016
		CA	6.76%	6.86%	0.985
		GA	6.23%	6.22%	1.003
		TA	3.65%	3.67%	0.995
		AC	5.06%	5.00%	1.012
		CC	8.53%	8.54%	0.999
		GC	7.36%	7.42%	0.992
		TC	6.23%	6.22%	1.003
		AG	7.60%	7.60%	1.000
		CG	4.24%	4.17%	1.016
		GG	8.53%	8.54%	0.999
		TG	6.76%	6.86%	0.985
		AT	4.05%	4.16%	0.974
		CT	7.60%	7.60%	1.000
		GT	5.06%	5.00%	1.012
		TT	6.17%	6.07%	1.016
	Autonormalization: 3-mers (64 total)
	Finished preparing sequence/group files

	----------------------------------------------------------
	Known motif enrichment

	Reading input files...
	50000 total sequences read
	414 motifs loaded
	Cache length = 11180
	Using binomial scoring
	Checking enrichment of 414 motif(s)
	|0%                                    50%                                  100%|
	=================================================================================
	Preparing HTML output with sequence logos...
		1 of 414 (1e-200) TEAD1(TEAD)/HepG2-TEAD1-ChIP-Seq(Encode)/Homer
		2 of 414 (1e-196) TEAD4(TEA)/Tropoblast-Tead4-ChIP-Seq(GSE37350)/Homer
		3 of 414 (1e-181) TEAD2(TEA)/Py2T-Tead2-ChIP-Seq(GSE55709)/Homer
		4 of 414 (1e-155) TEAD(TEA)/Fibroblast-PU.1-ChIP-Seq(Unpublished)/Homer
		5 of 414 (1e-146) TEAD3(TEA)/HepG2-TEAD3-ChIP-Seq(Encode)/Homer
		6 of 414 (1e-96) OCT:OCT(POU,Homeobox,IR1)/NPC-Brn2-ChIP-Seq(GSE35496)/Homer
		7 of 414 (1e-80) Fosl2(bZIP)/3T3L1-Fosl2-ChIP-Seq(GSE56872)/Homer
		8 of 414 (1e-74) Jun-AP1(bZIP)/K562-cJun-ChIP-Seq(GSE31477)/Homer
		9 of 414 (1e-72) Fra2(bZIP)/Striatum-Fra2-ChIP-Seq(GSE43429)/Homer
		10 of 414 (1e-69) Fra1(bZIP)/BT549-Fra1-ChIP-Seq(GSE46166)/Homer
		11 of 414 (1e-66) JunB(bZIP)/DendriticCells-Junb-ChIP-Seq(GSE36099)/Homer
		12 of 414 (1e-65) Atf3(bZIP)/GBM-ATF3-ChIP-Seq(GSE33912)/Homer
		13 of 414 (1e-56) AP-1(bZIP)/ThioMac-PU.1-ChIP-Seq(GSE21512)/Homer
		14 of 414 (1e-51) Bach2(bZIP)/OCILy7-Bach2-ChIP-Seq(GSE44420)/Homer
		15 of 414 (1e-51) BATF(bZIP)/Th17-BATF-ChIP-Seq(GSE39756)/Homer
		16 of 414 (1e-39) Brn2(POU,Homeobox)/NPC-Brn2-ChIP-Seq(GSE35496)/Homer
		17 of 414 (1e-39) KLF3(Zf)/MEF-Klf3-ChIP-Seq(GSE44748)/Homer
		18 of 414 (1e-37) Klf4(Zf)/mES-Klf4-ChIP-Seq(GSE11431)/Homer
		19 of 414 (1e-28) Elk4(ETS)/Hela-Elk4-ChIP-Seq(GSE31477)/Homer
		20 of 414 (1e-27) Sp1(Zf)/Promoter/Homer
		21 of 414 (1e-24) NF-E2(bZIP)/K562-NFE2-ChIP-Seq(GSE31477)/Homer
		22 of 414 (1e-24) Bach1(bZIP)/K562-Bach1-ChIP-Seq(GSE31477)/Homer
		23 of 414 (1e-24) Elk1(ETS)/Hela-Elk1-ChIP-Seq(GSE31477)/Homer
		24 of 414 (1e-23) Sp2(Zf)/HEK293-Sp2.eGFP-ChIP-Seq(Encode)/Homer
		25 of 414 (1e-23) SPDEF(ETS)/VCaP-SPDEF-ChIP-Seq(SRA014231)/Homer
		26 of 414 (1e-23) Elf4(ETS)/BMDM-Elf4-ChIP-Seq(GSE88699)/Homer
		27 of 414 (1e-23) Nrf2(bZIP)/Lymphoblast-Nrf2-ChIP-Seq(GSE37589)/Homer
		28 of 414 (1e-23) Sp5(Zf)/mES-Sp5.Flag-ChIP-Seq(GSE72989)/Homer
		29 of 414 (1e-22) EKLF(Zf)/Erythrocyte-Klf1-ChIP-Seq(GSE20478)/Homer
		30 of 414 (1e-22) Klf9(Zf)/GBM-Klf9-ChIP-Seq(GSE62211)/Homer
		31 of 414 (1e-22) KLF5(Zf)/LoVo-KLF5-ChIP-Seq(GSE49402)/Homer
		32 of 414 (1e-21) Atf4(bZIP)/MEF-Atf4-ChIP-Seq(GSE35681)/Homer
		33 of 414 (1e-21) AP-2alpha(AP2)/Hela-AP2alpha-ChIP-Seq(GSE31477)/Homer
		34 of 414 (1e-21) ELF1(ETS)/Jurkat-ELF1-ChIP-Seq(SRA014231)/Homer
		35 of 414 (1e-21) ETV4(ETS)/HepG2-ETV4-ChIP-Seq(ENCODE)/Homer
		36 of 414 (1e-19) Fli1(ETS)/CD8-FLI-ChIP-Seq(GSE20898)/Homer
		37 of 414 (1e-19) GABPA(ETS)/Jurkat-GABPa-ChIP-Seq(GSE17954)/Homer
		38 of 414 (1e-18) MYNN(Zf)/HEK293-MYNN.eGFP-ChIP-Seq(Encode)/Homer
		39 of 414 (1e-17) AP-2gamma(AP2)/MCF7-TFAP2C-ChIP-Seq(GSE21234)/Homer
		40 of 414 (1e-16) Ronin(THAP)/ES-Thap11-ChIP-Seq(GSE51522)/Homer
		41 of 414 (1e-15) NFE2L2(bZIP)/HepG2-NFE2L2-ChIP-Seq(Encode)/Homer
		42 of 414 (1e-15) KLF6(Zf)/PDAC-KLF6-ChIP-Seq(GSE64557)/Homer
		43 of 414 (1e-14) STAT5(Stat)/mCD4+-Stat5-ChIP-Seq(GSE12346)/Homer
		44 of 414 (1e-14) ELF5(ETS)/T47D-ELF5-ChIP-Seq(GSE30407)/Homer
		45 of 414 (1e-14) ETV1(ETS)/GIST48-ETV1-ChIP-Seq(GSE22441)/Homer
		46 of 414 (1e-14) ETS(ETS)/Promoter/Homer
		47 of 414 (1e-14) Stat3(Stat)/mES-Stat3-ChIP-Seq(GSE11431)/Homer
		48 of 414 (1e-13) Tbet(T-box)/CD8-Tbet-ChIP-Seq(GSE33802)/Homer
		49 of 414 (1e-13) CEBP:AP1(bZIP)/ThioMac-CEBPb-ChIP-Seq(GSE21512)/Homer
		50 of 414 (1e-12) GFY-Staf(?,Zf)/Promoter/Homer
		51 of 414 (1e-11) ELF3(ETS)/PDAC-ELF3-ChIP-Seq(GSE64557)/Homer
		52 of 414 (1e-11) E2F4(E2F)/K562-E2F4-ChIP-Seq(GSE31477)/Homer
		53 of 414 (1e-11) CRE(bZIP)/Promoter/Homer
		54 of 414 (1e-11) RFX(HTH)/K562-RFX3-ChIP-Seq(SRA012198)/Homer
		55 of 414 (1e-11) Zfp281(Zf)/ES-Zfp281-ChIP-Seq(GSE81042)/Homer
		56 of 414 (1e-10) STAT4(Stat)/CD4-Stat4-ChIP-Seq(GSE22104)/Homer
		57 of 414 (1e-10) NFkB-p65-Rel(RHD)/ThioMac-LPS-Expression(GSE23622)/Homer
		58 of 414 (1e-10) EHF(ETS)/LoVo-EHF-ChIP-Seq(GSE49402)/Homer
		59 of 414 (1e-10) ETS1(ETS)/Jurkat-ETS1-ChIP-Seq(GSE17954)/Homer
		60 of 414 (1e-10) Atf1(bZIP)/K562-ATF1-ChIP-Seq(GSE31477)/Homer
		61 of 414 (1e-10) GFY(?)/Promoter/Homer
		62 of 414 (1e-9) Tbx21(T-box)/GM12878-TBX21-ChIP-Seq(Encode)/Homer
		63 of 414 (1e-9) Tbx6(T-box)/ESC-Tbx6-ChIP-Seq(GSE93524)/Homer
		64 of 414 (1e-9) KLF10(Zf)/HEK293-KLF10.GFP-ChIP-Seq(GSE58341)/Homer
		65 of 414 (1e-9) Rfx2(HTH)/LoVo-RFX2-ChIP-Seq(GSE49402)/Homer
		66 of 414 (1e-9) bHLHE40(bHLH)/HepG2-BHLHE40-ChIP-Seq(GSE31477)/Homer
		67 of 414 (1e-9) EWS:FLI1-fusion(ETS)/SK_N_MC-EWS:FLI1-ChIP-Seq(SRA014231)/Homer
		68 of 414 (1e-9) KLF14(Zf)/HEK293-KLF14.GFP-ChIP-Seq(GSE58341)/Homer
		69 of 414 (1e-9) Atf7(bZIP)/3T3L1-Atf7-ChIP-Seq(GSE56872)/Homer
		70 of 414 (1e-8) Pit1+1bp(Homeobox)/GCrat-Pit1-ChIP-Seq(GSE58009)/Homer
		71 of 414 (1e-8) NFkB-p65(RHD)/GM12787-p65-ChIP-Seq(GSE19485)/Homer
		72 of 414 (1e-8) Arnt:Ahr(bHLH)/MCF7-Arnt-ChIP-Seq(Lo_et_al.)/Homer
		73 of 414 (1e-8) STAT1(Stat)/HelaS3-STAT1-ChIP-Seq(GSE12782)/Homer
		74 of 414 (1e-8) Maz(Zf)/HepG2-Maz-ChIP-Seq(GSE31477)/Homer
		75 of 414 (1e-8) IRF:BATF(IRF:bZIP)/pDC-Irf8-ChIP-Seq(GSE66899)/Homer
		76 of 414 (1e-8) NRF(NRF)/Promoter/Homer
		77 of 414 (1e-8) CDX4(Homeobox)/ZebrafishEmbryos-Cdx4.Myc-ChIP-Seq(GSE48254)/Homer
		78 of 414 (1e-8) ERG(ETS)/VCaP-ERG-ChIP-Seq(GSE14097)/Homer
		79 of 414 (1e-8) NRF1(NRF)/MCF7-NRF1-ChIP-Seq(Unpublished)/Homer
		80 of 414 (1e-8) NFIL3(bZIP)/HepG2-NFIL3-ChIP-Seq(Encode)/Homer
		81 of 414 (1e-8) PBX1(Homeobox)/MCF7-PBX1-ChIP-Seq(GSE28007)/Homer
		82 of 414 (1e-7) JunD(bZIP)/K562-JunD-ChIP-Seq/Homer
		83 of 414 (1e-7) Atf2(bZIP)/3T3L1-Atf2-ChIP-Seq(GSE56872)/Homer
		84 of 414 (1e-7) Nr5a2(NR)/mES-Nr5a2-ChIP-Seq(GSE19019)/Homer
		85 of 414 (1e-7) c-Jun-CRE(bZIP)/K562-cJun-ChIP-Seq(GSE31477)/Homer
		86 of 414 (1e-7) COUP-TFII(NR)/K562-NR2F1-ChIP-Seq(Encode)/Homer
		87 of 414 (1e-7) Stat3+il21(Stat)/CD4-Stat3-ChIP-Seq(GSE19198)/Homer
		88 of 414 (1e-7) Etv2(ETS)/ES-ER71-ChIP-Seq(GSE59402)/Homer(0.967)
		89 of 414 (1e-7) E-box(bHLH)/Promoter/Homer
		90 of 414 (1e-7) USF1(bHLH)/GM12878-Usf1-ChIP-Seq(GSE32465)/Homer
		91 of 414 (1e-6) STAT6(Stat)/Macrophage-Stat6-ChIP-Seq(GSE38377)/Homer
		92 of 414 (1e-6) Gfi1b(Zf)/HPC7-Gfi1b-ChIP-Seq(GSE22178)/Homer
		93 of 414 (1e-6) Tbr1(T-box)/Cortex-Tbr1-ChIP-Seq(GSE71384)/Homer
		94 of 414 (1e-6) RUNX(Runt)/HPC7-Runx1-ChIP-Seq(GSE22178)/Homer
		95 of 414 (1e-6) TFE3(bHLH)/MEF-TFE3-ChIP-Seq(GSE75757)/Homer
		96 of 414 (1e-6) FOXP1(Forkhead)/H9-FOXP1-ChIP-Seq(GSE31006)/Homer
		97 of 414 (1e-6) CLOCK(bHLH)/Liver-Clock-ChIP-Seq(GSE39860)/Homer
		98 of 414 (1e-5) Cdx2(Homeobox)/mES-Cdx2-ChIP-Seq(GSE14586)/Homer
		99 of 414 (1e-5) Pbx3(Homeobox)/GM12878-PBX3-ChIP-Seq(GSE32465)/Homer
		100 of 414 (1e-5) E2F7(E2F)/Hela-E2F7-ChIP-Seq(GSE32673)/Homer
		101 of 414 (1e-5) RUNX-AML(Runt)/CD4+-PolII-ChIP-Seq(Barski_et_al.)/Homer
		102 of 414 (1e-5) c-Myc(bHLH)/LNCAP-cMyc-ChIP-Seq(Unpublished)/Homer
		103 of 414 (1e-4) Pitx1:Ebox(Homeobox,bHLH)/Hindlimb-Pitx1-ChIP-Seq(GSE41591)/Homer
		104 of 414 (1e-4) Hoxc9(Homeobox)/Ainv15-Hoxc9-ChIP-Seq(GSE21812)/Homer
		105 of 414 (1e-4) Brachyury(T-box)/Mesoendoderm-Brachyury-ChIP-exo(GSE54963)/Homer
		106 of 414 (1e-4) Ets1-distal(ETS)/CD4+-PolII-ChIP-Seq(Barski_et_al.)/Homer
		107 of 414 (1e-4) MafK(bZIP)/C2C12-MafK-ChIP-Seq(GSE36030)/Homer
		108 of 414 (1e-4) HIF-1b(HLH)/T47D-HIF1b-ChIP-Seq(GSE59937)/Homer
		109 of 414 (1e-4) EWS:ERG-fusion(ETS)/CADO_ES1-EWS:ERG-ChIP-Seq(SRA014231)/Homer
		110 of 414 (1e-4) Bcl6(Zf)/Liver-Bcl6-ChIP-Seq(GSE31578)/Homer
		111 of 414 (1e-4) X-box(HTH)/NPC-H3K4me1-ChIP-Seq(GSE16256)/Homer
		112 of 414 (1e-4) EAR2(NR)/K562-NR2F6-ChIP-Seq(Encode)/Homer
		113 of 414 (1e-4) Sox17(HMG)/Endoderm-Sox17-ChIP-Seq(GSE61475)/Homer
		114 of 414 (1e-4) E2F1(E2F)/Hela-E2F1-ChIP-Seq(GSE22478)/Homer
		115 of 414 (1e-4) Foxa3(Forkhead)/Liver-Foxa3-ChIP-Seq(GSE77670)/Homer
		116 of 414 (1e-4) ZFX(Zf)/mES-Zfx-ChIP-Seq(GSE11431)/Homer
		117 of 414 (1e-3) Usf2(bHLH)/C2C12-Usf2-ChIP-Seq(GSE36030)/Homer
		118 of 414 (1e-3) STAT6(Stat)/CD4-Stat6-ChIP-Seq(GSE22104)/Homer
		119 of 414 (1e-3) ETS:RUNX(ETS,Runt)/Jurkat-RUNX1-ChIP-Seq(GSE17954)/Homer
		120 of 414 (1e-3) Hoxb4(Homeobox)/ES-Hoxb4-ChIP-Seq(GSE34014)/Homer
		121 of 414 (1e-3) Foxa2(Forkhead)/Liver-Foxa2-ChIP-Seq(GSE25694)/Homer
		122 of 414 (1e-3) TR4(NR),DR1/Hela-TR4-ChIP-Seq(GSE24685)/Homer
		123 of 414 (1e-3) Isl1(Homeobox)/Neuron-Isl1-ChIP-Seq(GSE31456)/Homer
		124 of 414 (1e-3) RUNX1(Runt)/Jurkat-RUNX1-ChIP-Seq(GSE29180)/Homer
		125 of 414 (1e-3) Rfx5(HTH)/GM12878-Rfx5-ChIP-Seq(GSE31477)/Homer
		126 of 414 (1e-3) Sox15(HMG)/CPA-Sox15-ChIP-Seq(GSE62909)/Homer
		127 of 414 (1e-3) Tbox:Smad(T-box,MAD)/ESCd5-Smad2_3-ChIP-Seq(GSE29422)/Homer
		128 of 414 (1e-3) Rfx1(HTH)/NPC-H3K4me1-ChIP-Seq(GSE16256)/Homer
		129 of 414 (1e-3) Sox3(HMG)/NPC-Sox3-ChIP-Seq(GSE33059)/Homer
		130 of 414 (1e-3) Dlx3(Homeobox)/Kerainocytes-Dlx3-ChIP-Seq(GSE89884)/Homer
		131 of 414 (1e-3) OCT:OCT-short(POU,Homeobox)/NPC-OCT6-ChIP-Seq(GSE43916)/Homer
		132 of 414 (1e-3) E2F(E2F)/Hela-CellCycle-Expression/Homer
		133 of 414 (1e-3) Sox2(HMG)/mES-Sox2-ChIP-Seq(GSE11431)/Homer
		134 of 414 (1e-3) GFX(?)/Promoter/Homer
		135 of 414 (1e-3) Pknox1(Homeobox)/ES-Prep1-ChIP-Seq(GSE63282)/Homer
		136 of 414 (1e-3) Eomes(T-box)/H9-Eomes-ChIP-Seq(GSE26097)/Homer
		137 of 414 (1e-2) Hoxd12(Homeobox)/ChickenMSG-Hoxd12.Flag-ChIP-Seq(GSE86088)/Homer
		138 of 414 (1e-2) HOXB13(Homeobox)/ProstateTumor-HOXB13-ChIP-Seq(GSE56288)/Homer
		139 of 414 (1e-2) Gata1(Zf)/K562-GATA1-ChIP-Seq(GSE18829)/Homer
		140 of 414 (1e-2) BORIS(Zf)/K562-CTCFL-ChIP-Seq(GSE32465)/Homer
		141 of 414 (1e-2) Mef2b(MADS)/HEK293-Mef2b.V5-ChIP-Seq(GSE67450)/Homer
		142 of 414 (1e-2) CTCF(Zf)/CD4+-CTCF-ChIP-Seq(Barski_et_al.)/Homer
		143 of 414 (1e-2) Esrrb(NR)/mES-Esrrb-ChIP-Seq(GSE11431)/Homer
		144 of 414 (1e-2) HNF4a(NR),DR1/HepG2-HNF4a-ChIP-Seq(GSE25021)/Homer
		145 of 414 (1e-2) Foxh1(Forkhead)/hESC-FOXH1-ChIP-Seq(GSE29422)/Homer
		146 of 414 (1e-2) Foxo3(Forkhead)/U2OS-Foxo3-ChIP-Seq(E-MTAB-2701)/Homer
		147 of 414 (1e-2) CEBP(bZIP)/ThioMac-CEBPb-ChIP-Seq(GSE21512)/Homer
		148 of 414 (1e-2) CHR(?)/Hela-CellCycle-Expression/Homer
		149 of 414 (1e-2) Gata2(Zf)/K562-GATA2-ChIP-Seq(GSE18829)/Homer
		150 of 414 (1e-2) PRDM10(Zf)/HEK293-PRDM10.eGFP-ChIP-Seq(Encode)/Homer
		151 of 414 (1e-2) FOXK2(Forkhead)/U2OS-FOXK2-ChIP-Seq(E-MTAB-2204)/Homer
		152 of 414 (1e-2) Unknown(Homeobox)/Limb-p300-ChIP-Seq/Homer
		153 of 414 (1e-2) COUP-TFII(NR)/Artia-Nr2f2-ChIP-Seq(GSE46497)/Homer
		154 of 414 (1e-2) MafA(bZIP)/Islet-MafA-ChIP-Seq(GSE30298)/Homer
		155 of 414 (1e-2) EBF(EBF)/proBcell-EBF-ChIP-Seq(GSE21978)/Homer
		156 of 414 (1e-2) HRE(HSF)/HepG2-HSF1-ChIP-Seq(GSE31477)/Homer
		157 of 414 (1e-2) LXRE(NR),DR4/RAW-LXRb.biotin-ChIP-Seq(GSE21512)/Homer
		158 of 414 (1e-2) Sox9(HMG)/Limb-SOX9-ChIP-Seq(GSE73225)/Homer
	----------------------------------------------------------
	De novo motif finding (HOMER)

	Scanning input files...
	Parsing sequences...
	|0%                                   50%                                  100%|
	===============================================================================
	Total number of Oligos: 32896
	Autoadjustment for sequence coverage in background: 1.21x

	Oligos: 32896 of 34497 max
	Tree  : 67088 of 172485 max
	Optimizing memory usage...
	Cache length = 11180
	Using binomial scoring

	Global Optimization Phase: Looking for enriched oligos with up to 2 mismatches...

	Screening oligos 32896 (allowing 0 mismatches):
	|0%                                   50%                                  100%|
	================================================================================
		0.00% skipped, 100.00% checked (32896 of 32896), of those checked:
		0.00% not in target, 0.00% increased p-value, 0.00% high p-value

	Screening oligos 32896 (allowing 1 mismatches):
	|0%                                   50%                                  100%|
	================================================================================
		0.00% skipped, 100.00% checked (32896 of 32896), of those checked:
		0.00% not in target, 43.49% increased p-value, 45.70% high p-value

	Screening oligos 32896 (allowing 2 mismatches):
	|0%                                   50%                                  100%|
	================================================================================
		59.09% skipped, 40.91% checked (13458 of 32896), of those checked:
		0.00% not in target, 30.68% increased p-value, 0.00% high p-value
	Reading input files...
	50000 total sequences read
	Cache length = 11180
	Using binomial scoring

	Local Optimization Phase:
	1 of 25 Initial Sequence: GGAATGTA... (-247.698)
		Round 1: -535.75 GGAATGTA T:1661.8(24.37%),B:5316.8(9.76%),P:1e-232
		Round 2: -535.75 GGAATGTA T:1661.8(24.37%),B:5316.8(9.76%),P:1e-232
		=Final=: -481.83 GGAATGTA T:1205.0(20.26%),B:3275.7(7.65%),P:1e-209
		Performing exhaustive masking of motif...
		Reprioritizing potential motifs...
	2 of 25 Initial Sequence: CGGAATTC... (-189.275)
		Round 1: -344.12 BGGAATTC T:1963.6(28.12%),B:8353.4(14.90%),P:1e-149
		Round 2: -344.12 BGGAATTC T:1963.6(28.12%),B:8353.4(14.90%),P:1e-149
		=Final=: -180.11 BGGAATTC T:371.0(6.24%),B:853.5(1.99%),P:1e-78
		Performing exhaustive masking of motif...
		Reprioritizing potential motifs...
	3 of 25 Initial Sequence: ACATTCAG... (-103.817)
		Round 1: -115.65 ACATTCWK T:654.5(10.41%),B:2914.9(5.47%),P:1e-50
		Round 2: -115.65 ACATTCWK T:654.5(10.41%),B:2914.9(5.47%),P:1e-50
		=Final=: -121.99 ACATTCWK T:305.0(5.13%),B:796.0(1.86%),P:1e-52
		Performing exhaustive masking of motif...
		Reprioritizing potential motifs...
	4 of 25 Initial Sequence: TGAGTCAC... (-100.095)
		Round 1: -295.81 TGAGTCAC T:1325.9(19.97%),B:5206.1(9.57%),P:1e-128
		Round 2: -295.81 TGAGTCAC T:1325.9(19.97%),B:5206.1(9.57%),P:1e-128
		=Final=: -165.94 TGAGTCAC T:817.0(13.74%),B:3017.8(7.05%),P:1e-72
		Performing exhaustive masking of motif...
		Reprioritizing potential motifs...
	5 of 25 Initial Sequence: GTATTGCA... (-95.813)
		Round 1: -158.64 GTATTGCA T:297.5(4.87%),B:739.9(1.42%),P:1e-68
		Round 2: -158.64 GTATTGCA T:297.5(4.87%),B:739.9(1.42%),P:1e-68
		=Final=: -129.07 GTATTGCA T:146.0(2.46%),B:199.7(0.47%),P:1e-56
		Performing exhaustive masking of motif...
		Reprioritizing potential motifs...
	6 of 25 Initial Sequence: CATTCAGA... (-92.258)
		Round 1: -127.79 MATTCWGA T:562.4(9.02%),B:2268.3(4.29%),P:1e-55
		Round 2: -127.79 MATTCWGA T:562.4(9.02%),B:2268.3(4.29%),P:1e-55
		=Final=: -78.61 MATTCWGA T:522.0(8.78%),B:2126.2(4.96%),P:1e-34
		Performing exhaustive masking of motif...
		Reprioritizing potential motifs...
	7 of 25 Initial Sequence: GATAGTAA... (-79.476)
		Round 1: -119.20 KATAGTAA T:709.0(11.22%),B:3205.2(6.00%),P:1e-51
		Round 2: -119.20 KATAGTAA T:709.0(11.22%),B:3205.2(6.00%),P:1e-51
		=Final=: -38.70 KATAGTAA T:300.0(5.04%),B:1283.5(3.00%),P:1e-16
		Performing exhaustive masking of motif...
		Reprioritizing potential motifs...
	8 of 25 Initial Sequence: AACGCCCT... (-78.892)
		Round 1: -113.06 AACGCCCT T:1805.8(26.18%),B:10511.8(18.37%),P:1e-49
		Round 2: -113.06 AACGCCCT T:1805.8(26.18%),B:10511.8(18.37%),P:1e-49
		=Final=: -85.43 AACGCCCT T:1700.0(28.59%),B:9216.9(21.52%),P:1e-37
		Performing exhaustive masking of motif...
		Reprioritizing potential motifs...
	9 of 25 Initial Sequence: AGTATTGT... (-75.640)
		Round 1: -121.00 AGTATTGT T:289.5(4.74%),B:858.0(1.64%),P:1e-52
		Round 2: -121.00 AGTATTGT T:289.5(4.74%),B:858.0(1.64%),P:1e-52
		=Final=: -75.75 AGTATTGT T:266.0(4.47%),B:836.8(1.95%),P:1e-32
		Performing exhaustive masking of motif...
		Reprioritizing potential motifs...
	10 of 25 Initial Sequence: TAGAATTC... (-75.155)
		Round 1: -98.62 TAGAATTC T:288.3(4.73%),B:965.7(1.85%),P:1e-42
		Round 2: -98.62 TAGAATTC T:288.3(4.73%),B:965.7(1.85%),P:1e-42
		=Final=: -98.01 TAGAATTC T:186.0(3.13%),B:403.0(0.94%),P:1e-42
		Performing exhaustive masking of motif...
		Reprioritizing potential motifs...
	11 of 25 Initial Sequence: ATTCATGA... (-73.893)
		Round 1: -73.89 ATTCATGA T:170.3(2.82%),B:498.6(0.96%),P:1e-32
		Round 2: -73.89 ATTCATGA T:170.3(2.82%),B:498.6(0.96%),P:1e-32
		=Final=: -97.70 ATTCATGA T:205.0(3.45%),B:477.4(1.11%),P:1e-42
		Performing exhaustive masking of motif...
		Reprioritizing potential motifs...
	12 of 25 Initial Sequence: CTGAATAG... (-63.189)
		Round 1: -68.15 CTGAATAG T:177.7(2.93%),B:561.2(1.08%),P:1e-29
		Round 2: -85.45 CGGAATAK T:3845.0(47.62%),B:25937.3(39.40%),P:1e-37
		Round 3: -113.69 CGGRWTWN T:3990.0(48.87%),B:25896.5(39.36%),P:1e-49
		Round 4: -113.69 CGGRWTWN T:3990.0(48.87%),B:25896.5(39.36%),P:1e-49
		=Final=: -75.99 CGGRWTWN T:2975.0(50.03%),B:18099.2(42.25%),P:1e-33
		Performing exhaustive masking of motif...
		Reprioritizing potential motifs...
	13 of 25 Initial Sequence: GTTAGCTA... (-62.651)
		Round 1: -114.48 GTTAGCTA T:706.2(11.19%),B:3239.6(6.06%),P:1e-49
		Round 2: -114.48 GTTAGCTA T:706.2(11.19%),B:3239.6(6.06%),P:1e-49
		=Final=: -88.33 GTTAGCTA T:130.0(2.19%),B:230.8(0.54%),P:1e-38
		Performing exhaustive masking of motif...
		Reprioritizing potential motifs...
	14 of 25 Initial Sequence: CCCATATA... (-62.698)
		Round 1: -102.74 SCCATACA T:445.5(7.21%),B:1793.5(3.40%),P:1e-44
		Round 2: -110.70 CCCATAYA T:324.7(5.30%),B:1083.1(2.07%),P:1e-48
		Round 3: -110.70 CCCATAYA T:324.7(5.30%),B:1083.1(2.07%),P:1e-48
		=Final=: -84.14 CCCATAYA T:323.0(5.43%),B:1059.4(2.47%),P:1e-36
		Performing exhaustive masking of motif...
		Reprioritizing potential motifs...
	15 of 25 Initial Sequence: AATCAGGC... (-60.816)
		Round 1: -60.82 AATCAGGC T:148.6(2.46%),B:453.5(0.87%),P:1e-26
		Round 2: -60.82 AATCAGGC T:148.6(2.46%),B:453.5(0.87%),P:1e-26
		=Final=: -74.25 AATCAGGC T:177.0(2.98%),B:449.2(1.05%),P:1e-32
		Performing exhaustive masking of motif...
		Reprioritizing potential motifs...
	16 of 25 Initial Sequence: TGAATAGG... (-55.008)
		Round 1: -55.01 TGAATAGG T:125.3(2.08%),B:367.0(0.70%),P:1e-23
		Round 2: -55.01 TGAATAGG T:125.3(2.08%),B:367.0(0.70%),P:1e-23
		=Final=: -65.65 TGAATAGG T:148.0(2.49%),B:363.2(0.85%),P:1e-28
		Performing exhaustive masking of motif...
		Reprioritizing potential motifs...
	17 of 25 Initial Sequence: CTTAAAAG... (-54.856)
		Round 1: -79.81 CTTARAAK T:560.4(8.99%),B:2706.6(5.09%),P:1e-34
		Round 2: -105.56 CTTARAAG T:473.0(7.65%),B:1932.7(3.66%),P:1e-45
		Round 3: -105.56 CTTARAAG T:473.0(7.65%),B:1932.7(3.66%),P:1e-45
		=Final=: -73.01 CTTARAAG T:462.0(7.77%),B:1850.9(4.32%),P:1e-31
		Performing exhaustive masking of motif...
		Reprioritizing potential motifs...
	18 of 25 Initial Sequence: GATCTACT... (-48.486)
		Round 1: -49.10 GATCTACT T:162.7(2.69%),B:587.9(1.13%),P:1e-21
		Round 2: -49.10 GATCTACT T:162.7(2.69%),B:587.9(1.13%),P:1e-21
		=Final=: -70.32 GATCTACT T:204.0(3.43%),B:581.7(1.36%),P:1e-30
		Performing exhaustive masking of motif...
		Reprioritizing potential motifs...
	19 of 25 Initial Sequence: ACACTATC... (-46.562)
		Round 1: -84.07 WCACTATC T:197.7(3.26%),B:581.3(1.12%),P:1e-36
		Round 2: -84.07 WCACTATC T:197.7(3.26%),B:581.3(1.12%),P:1e-36
		=Final=: -71.11 WCACTATC T:203.0(3.41%),B:573.9(1.34%),P:1e-30
		Performing exhaustive masking of motif...
		Reprioritizing potential motifs...
	20 of 25 Initial Sequence: GGGCGGGG... (-46.186)
		Round 1: -110.29 GGGCGGGG T:4195.8(50.61%),B:27486.2(41.19%),P:1e-47
		Round 2: -124.73 GGGCGGGG T:4751.9(55.02%),B:30897.8(44.94%),P:1e-54
		Round 3: -124.73 GGGCGGGG T:4751.9(55.02%),B:30897.8(44.94%),P:1e-54
		=Final=: -60.20 GGGCGGGG T:2583.0(43.43%),B:15714.4(36.69%),P:1e-26
		Performing exhaustive masking of motif...
		Reprioritizing potential motifs...
	21 of 25 Initial Sequence: GTTTAGGA... (-44.005)
		Round 1: -73.56 GYTTAGSA T:337.5(5.51%),B:1402.6(2.67%),P:1e-31
		Round 2: -73.56 GYTTAGSA T:337.5(5.51%),B:1402.6(2.67%),P:1e-31
		=Final=: -59.08 GYTTAGSA T:350.0(5.89%),B:1369.1(3.20%),P:1e-25
		Performing exhaustive masking of motif...
		Reprioritizing potential motifs...
	22 of 25 Initial Sequence: ATGACTTG... (-41.058)
		Round 1: -43.17 ATGACTTG T:249.0(4.08%),B:1137.4(2.17%),P:1e-18
		Round 2: -50.80 GCGACTTG T:579.0(9.28%),B:3218.7(6.03%),P:1e-22
		Round 3: -50.80 GCGACTTG T:579.0(9.28%),B:3218.7(6.03%),P:1e-22
		=Final=: -36.13 GCGACTTG T:597.0(10.04%),B:3067.3(7.16%),P:1e-15
		Performing exhaustive masking of motif...
		Reprioritizing potential motifs...
	23 of 25 Initial Sequence: AGTTAGAA... (-40.815)
		Round 1: -46.61 AGTTAGAA T:257.5(4.23%),B:1161.5(2.22%),P:1e-20
		Round 2: -46.61 AGTTAGAA T:257.5(4.23%),B:1161.5(2.22%),P:1e-20
		=Final=: -54.65 AGTTAGAA T:177.0(2.98%),B:536.7(1.25%),P:1e-23
		Performing exhaustive masking of motif...
		Reprioritizing potential motifs...
	24 of 25 Initial Sequence: TTAGCTAT... (-40.123)
		Round 1: -40.12 TTAGCTAT T:94.5(1.57%),B:285.8(0.55%),P:1e-17
		Round 2: -40.12 TTAGCTAT T:94.5(1.57%),B:285.8(0.55%),P:1e-17
		=Final=: -60.23 TTAGCTAT T:122.0(2.05%),B:279.5(0.65%),P:1e-26
		Performing exhaustive masking of motif...
		Reprioritizing potential motifs...
	25 of 25 Initial Sequence: TACTACAT... (-38.462)
		Round 1: -38.46 TACTACAT T:88.4(1.47%),B:263.8(0.51%),P:1e-16
		Round 2: -38.46 TACTACAT T:88.4(1.47%),B:263.8(0.51%),P:1e-16
		=Final=: -42.67 TACTACAT T:101.0(1.70%),B:258.6(0.60%),P:1e-18
		Performing exhaustive masking of motif...
		Reprioritizing potential motifs...

	Finalizing Enrichment Statistics (new in v3.4)
	Reading input files...
	50000 total sequences read
	Cache length = 11180
	Using binomial scoring
	Checking enrichment of 25 motif(s)
	|0%                                    50%                                  100%|
	=================================================================================
	Output in file: /home1/gyang/work_space/4.ProjectET/analysis/standardize/2.1merged_narrowpeak/anno/TSC_Tead4_1k_peakAnalysis/homerMotifs.motifs8

	(Motifs in homer2 format)
	Determining similar motifs... 25 reduced to 15 motifs
	Outputing HTML and sequence logos for motif comparison...
	Checking de novo motifs against known motifs...
	Formatting HTML page...
		1 of 15 (1e-209) similar to TEAD4/MA0809.1/Jaspar(0.952)
		2 of 15 (1e-71) similar to FOSL1/MA0477.1/Jaspar(0.964)
		3 of 15 (1e-56) similar to Ddit3::Cebpa/MA0019.1/Jaspar(0.843)
		4 of 15 (1e-45) similar to PB0194.1_Zbtb12_2/Jaspar(0.662)
		5 of 15 (1e-42) similar to PB0178.1_Sox8_2/Jaspar(0.903)
		6 of 15 (1e-39) similar to PB0143.1_Klf7_2/Jaspar(0.719)
		7 of 15 (1e-37) similar to PH0168.1_Hnf1b/Jaspar(0.704)
		8 of 15 (1e-33) similar to PB0075.1_Sp100_1/Jaspar(0.700)
		9 of 15 (1e-33) similar to Dux/MA0611.1/Jaspar(0.730)
		10 of 15 (1e-31) similar to PRDM1/MA0508.2/Jaspar(0.742)
		11 of 15 (1e-31) similar to ZKSCAN1(Zf)/HepG2-ZKSCAN1-ChIP-Seq(Encode)/Homer(0.621)
		12 of 15 (1e-30) similar to MYNN(Zf)/HEK293-MYNN.eGFP-ChIP-Seq(Encode)/Homer(0.684)
		13 of 15 (1e-25) similar to PB0039.1_Klf7_1/Jaspar(0.903)
		14 of 15 (1e-16) similar to PB0096.1_Zfp187_1/Jaspar(0.695)
		15 of 15 (1e-15) similar to PH0171.1_Nkx2-1/Jaspar(0.639)
	Job finished - if results look good, please send beer to ..

	Cleaning up tmp files...

