
	Position file = ICM_Tfap2c_rep2_peaks.narrowPeak
	Genome = mm10
	Output Directory = /home1/gyang/work_space/4.ProjectET/batch27_cr/7.Peak_anno/ICM_Tfap2c_rep2_peakAnalysis
	Using actual sizes of regions (-size given)
	Fragment size set to given
	Using 7 CPUs
	Motif length set at 8,
	Found mset for "mouse", will check against vertebrates motifs
	Peak/BED file conversion summary:
		BED/Header formatted lines: 24875
		peakfile formatted lines: 0

	Peak File Statistics:
		Total Peaks: 24875
		Redundant Peak IDs: 0
		Peaks lacking information: 0 (need at least 5 columns per peak)
		Peaks with misformatted coordinates: 0 (should be integer)
		Peaks with misformatted strand: 0 (should be either +/- or 0/1)

	Peak file looks good!

	Background fragment size set to 563 (avg size of targets)
	Could not find background files for 563 bp fragments
	Below are the sizes that are already available prepared.
		133
		200
		224
		283
		330
		332
		342
		345
		354
		356
		360
		367
		368
		369
		370
		373
		378
		384
		385
		390
		391
		392
		393
		400
		405
		410
		411
		416
		418
		419
		420
		422
		423
		424
		428
		433
		436
		438
		439
		442
		443
		444
		445
		447
		448
		449
		451
		454
		455
		456
		457
		461
		463
		465
		467
		468
		471
		472
		475
		476
		478
		479
		486
		487
		489
		497
		502
		504
		510
		511
		514
		518
		519
		521
		525
		526
		533
		534
		536
		539
		543
		545
		550
		559
		560
		561
		562
		565
		566
		567
		570
		571
		572
		576
		583
		584
		586
		588
		589
		590
		595
		596
		598
		603
		607
		611
		622
		623
		624
		631
		637
		644
		648
		664
		665
		667
		671
		674
		676
		677
		685
		694
		698
		703
		704
		709
		712
		716
		724
		735
		736
		739
		740
		741
		743
		747
		758
		780
		783
		786
		789
		815
		828
		838
		843
		848
		867
		892
		917
		926
		951
		956
		972
		973
		998
		999
		1016
		1032
		1041
		1078
		1142
		1165
		1178
		1222
		1249
		1259
		1262
		1288
		1296
		1332
		1376
		1406
		1410
		1418
		1448
		1455
		1499
		1547
		1575
		1619
		1623
		1848
		1925
		1930
		1959
		2017
		2116
		2151
		2488
		2499
		3187
		3207
		3228
		3257
		3278
		5196
		5251
		5278
		7879
		7974
		41360
	HOMER will now create background files for 563 bp fragments
	To CANCEL and rerun with a differet "-size <#>", hit <CTRL+C> now!
		5
		4
		3
		2
		1
	Preparsing genome for 563 bp fragments...(will probably take 1-5 min)
	preparse size set to 563

	By default, using /home1/homer/.//data/genomes/mm10//mm10.tss for reference positions
	Output files will be placed in /home1/homer/.//data/genomes/mm10//preparsed//mm10.563.* ...
	By default, HOMER will set the the preparsed Directory to be group read/write
chmod: changing permissions of ‘/home1/homer/.//data/genomes/mm10//preparsed/’: Operation not permitted
	Extracting sequences
	Custom genome sequence directory: /home1/homer/.//data/genomes/mm10//

	Extracting sequences from directory: /home1/homer/.//data/genomes/mm10//
	Extracting 76233 sequences from chr1
	Extracting 90393 sequences from chr2
	Extracting 61669 sequences from chr3
	Extracting 69292 sequences from chr4
	Extracting 70881 sequences from chr5
	Extracting 67819 sequences from chr6
	Extracting 84105 sequences from chr7
	Extracting 52480 sequences from chr8
	Extracting 63277 sequences from chr9
	Extracting 58024 sequences from chr10
	Extracting 68318 sequences from chr11
	Extracting 43111 sequences from chr12
	Extracting 50128 sequences from chr13
	Extracting 46472 sequences from chr14
	Extracting 42711 sequences from chr15
	Extracting 40315 sequences from chr16
	Extracting 48171 sequences from chr17
	Extracting 34679 sequences from chr18
	Extracting 33234 sequences from chr19
	Extracting 65272 sequences from chrX
	Extracting 10425 sequences from chrY
	Extracting 97 sequences from chr1_GL456211_random
	Extracting 183 sequences from chr1_GL456221_random
	Extracting 63 sequences from chr4_GL456216_random
	Extracting 252 sequences from chr4_GL456350_random
	Extracting 47 sequences from chr4_JH584292_random
	Extracting 171 sequences from chr4_JH584293_random
	Extracting 169 sequences from chr4_JH584294_random
	Extracting 188 sequences from chr5_GL456354_random
	Extracting 104 sequences from chr5_JH584296_random
	Extracting 94 sequences from chr5_JH584297_random
	Extracting 169 sequences from chr5_JH584298_random
	Extracting 421 sequences from chr5_JH584299_random
	Extracting 143 sequences from chr7_GL456219_random
	Extracting 81 sequences from chrUn_JH584304
	Extracting 284 sequences from chrX_GL456233_random
		3170 of 1179345 removed because they had >70.00% Ns (i.e. masked repeats)

	Sequences processed:
		Auto detected maximum sequence length of 563 bp
		100000
		200000
		300000
		400000
		500000
		600000
		700000
		800000
		900000
		1000000
		1100000
		1176175 total

	Frequency Bins: 0.01 0.02 0.03 0.04 0.05 0.06 0.08 0.1 0.12 0.14 0.16
	Freq	Bin	Count
	0.01	0	721893
	0.02	1	342181
	0.03	2	60649
	0.04	3	19543
	0.05	4	8126
	0.06	5	4686
	0.08	6	7562
	0.1	7	5700
	0.12	8	3126
	0.14	9	1645
	0.16	10	781
	11	11	283
	Frequency Bins: 0.2 0.25 0.3 0.35 0.4 0.45 0.5 0.6 0.7 0.8
	Freq	Bin	Count
	0.2	0	61
	0.25	1	925
	0.3	2	14520
	0.35	3	89868
	0.4	4	248752
	0.45	5	348706
	0.5	6	284692
	0.6	7	165951
	0.7	8	18013
	0.8	9	4483
	10	10	204

	Custom genome sequence directory: /home1/homer/.//data/genomes/mm10//

	Extracting sequences from directory: /home1/homer/.//data/genomes/mm10//
	Extracting 1445 sequences from chr1
	Extracting 2057 sequences from chr2
	Extracting 1078 sequences from chr3
	Extracting 1909 sequences from chr4
	Extracting 1710 sequences from chr5
	Extracting 1241 sequences from chr6
	Extracting 1798 sequences from chr7
	Extracting 1306 sequences from chr8
	Extracting 1471 sequences from chr9
	Extracting 1113 sequences from chr10
	Extracting 2112 sequences from chr11
	Extracting 945 sequences from chr12
	Extracting 893 sequences from chr13
	Extracting 815 sequences from chr14
	Extracting 1048 sequences from chr15
	Extracting 841 sequences from chr16
	Extracting 1119 sequences from chr17
	Extracting 687 sequences from chr18
	Extracting 904 sequences from chr19
	Extracting 377 sequences from chrX
	Extracting 3 sequences from chrY
	Extracting 3 sequences from chrM

	Not removing redundant sequences


	Sequences processed:
		Auto detected maximum sequence length of 865 bp
		24875 total

	Frequency Bins: 0.2 0.25 0.3 0.35 0.4 0.45 0.5 0.6 0.7 0.8
	Freq	Bin	Count
	0.25	1	2
	0.3	2	15
	0.35	3	133
	0.4	4	841
	0.45	5	3206
	0.5	6	5463
	0.6	7	8617
	0.7	8	5166
	0.8	9	1419
	10	10	13

	Total sequences set to 50000

	Choosing background that matches in CpG/GC content...
	Bin	# Targets	# Background	Background Weight
	1	2	2	1.010
	2	15	15	1.010
	3	133	134	1.002
	4	841	849	1.000
	5	3206	3238	1.000
	6	5463	5518	1.000
	7	8617	8704	1.000
	8	5166	5218	1.000
	9	1419	1433	1.000
	10	13	13	1.010
	Assembling sequence file...
	Normalizing lower order oligos using homer2

	Reading input files...
	49999 total sequences read
	Autonormalization: 1-mers (4 total)
		A	23.00%	23.36%	0.985
		C	27.00%	26.64%	1.014
		G	27.00%	26.64%	1.014
		T	23.00%	23.36%	0.985
	Autonormalization: 2-mers (16 total)
		AA	6.14%	5.90%	1.040
		CA	7.01%	7.39%	0.949
		GA	6.17%	6.30%	0.981
		TA	3.64%	3.76%	0.967
		AC	5.11%	5.17%	0.989
		CC	8.39%	8.27%	1.015
		GC	7.36%	6.92%	1.063
		TC	6.17%	6.30%	0.981
		AG	7.75%	7.90%	0.981
		CG	3.83%	3.10%	1.237
		GG	8.39%	8.27%	1.015
		TG	7.01%	7.39%	0.949
		AT	4.02%	4.39%	0.916
		CT	7.75%	7.90%	0.981
		GT	5.11%	5.17%	0.989
		TT	6.14%	5.90%	1.040
	Autonormalization: 3-mers (64 total)
	Normalization weights can be found in file: /home1/gyang/work_space/4.ProjectET/batch27_cr/7.Peak_anno/ICM_Tfap2c_rep2_peakAnalysis/seq.autonorm.tsv
	Converging on autonormalization solution:
	...............................................................................
	Final normalization:	Autonormalization: 1-mers (4 total)
		A	23.00%	22.98%	1.001
		C	27.00%	27.02%	0.999
		G	27.00%	27.02%	0.999
		T	23.00%	22.98%	1.001
	Autonormalization: 2-mers (16 total)
		AA	6.14%	6.04%	1.016
		CA	7.01%	7.07%	0.992
		GA	6.17%	6.20%	0.996
		TA	3.64%	3.66%	0.994
		AC	5.11%	5.07%	1.008
		CC	8.39%	8.42%	0.997
		GC	7.36%	7.33%	1.003
		TC	6.17%	6.20%	0.996
		AG	7.75%	7.72%	1.003
		CG	3.83%	3.81%	1.007
		GG	8.39%	8.42%	0.997
		TG	7.01%	7.07%	0.992
		AT	4.02%	4.14%	0.970
		CT	7.75%	7.72%	1.003
		GT	5.11%	5.07%	1.008
		TT	6.14%	6.04%	1.016
	Autonormalization: 3-mers (64 total)
	Finished preparing sequence/group files

	----------------------------------------------------------
	Known motif enrichment

	Reading input files...
	49999 total sequences read
	440 motifs loaded
	Cache length = 11180
	Using binomial scoring
	Checking enrichment of 440 motif(s)
	|0%                                    50%                                  100%|
	=================================================================================
	Preparing HTML output with sequence logos...
		1 of 440 (1e-341) AP-2alpha(AP2)/Hela-AP2alpha-ChIP-Seq(GSE31477)/Homer
		2 of 440 (1e-245) AP-2gamma(AP2)/MCF7-TFAP2C-ChIP-Seq(GSE21234)/Homer
		3 of 440 (1e-224) Klf4(Zf)/mES-Klf4-ChIP-Seq(GSE11431)/Homer
		4 of 440 (1e-196) KLF3(Zf)/MEF-Klf3-ChIP-Seq(GSE44748)/Homer
		5 of 440 (1e-172) KLF1(Zf)/HUDEP2-KLF1-CutnRun(GSE136251)/Homer
		6 of 440 (1e-135) Sp1(Zf)/Promoter/Homer
		7 of 440 (1e-134) EKLF(Zf)/Erythrocyte-Klf1-ChIP-Seq(GSE20478)/Homer
		8 of 440 (1e-122) KLF5(Zf)/LoVo-KLF5-ChIP-Seq(GSE49402)/Homer
		9 of 440 (1e-109) TEAD1(TEAD)/HepG2-TEAD1-ChIP-Seq(Encode)/Homer
		10 of 440 (1e-97) CTCF(Zf)/CD4+-CTCF-ChIP-Seq(Barski_et_al.)/Homer
		11 of 440 (1e-97) BORIS(Zf)/K562-CTCFL-ChIP-Seq(GSE32465)/Homer
		12 of 440 (1e-95) Klf9(Zf)/GBM-Klf9-ChIP-Seq(GSE62211)/Homer
		13 of 440 (1e-94) KLF6(Zf)/PDAC-KLF6-ChIP-Seq(GSE64557)/Homer
		14 of 440 (1e-92) TEAD4(TEA)/Tropoblast-Tead4-ChIP-Seq(GSE37350)/Homer
		15 of 440 (1e-91) Gata1(Zf)/K562-GATA1-ChIP-Seq(GSE18829)/Homer
		16 of 440 (1e-84) Gata2(Zf)/K562-GATA2-ChIP-Seq(GSE18829)/Homer
		17 of 440 (1e-69) ELF1(ETS)/Jurkat-ELF1-ChIP-Seq(SRA014231)/Homer
		18 of 440 (1e-68) TEAD2(TEA)/Py2T-Tead2-ChIP-Seq(GSE55709)/Homer
		19 of 440 (1e-65) Elk4(ETS)/Hela-Elk4-ChIP-Seq(GSE31477)/Homer
		20 of 440 (1e-64) Elk1(ETS)/Hela-Elk1-ChIP-Seq(GSE31477)/Homer
		21 of 440 (1e-60) Nr5a2(NR)/mES-Nr5a2-ChIP-Seq(GSE19019)/Homer
		22 of 440 (1e-60) TEAD(TEA)/Fibroblast-PU.1-ChIP-Seq(Unpublished)/Homer
		23 of 440 (1e-60) Gata6(Zf)/HUG1N-GATA6-ChIP-Seq(GSE51936)/Homer
		24 of 440 (1e-58) TEAD3(TEA)/HepG2-TEAD3-ChIP-Seq(Encode)/Homer
		25 of 440 (1e-55) ETS(ETS)/Promoter/Homer
		26 of 440 (1e-53) Gata4(Zf)/Heart-Gata4-ChIP-Seq(GSE35151)/Homer
		27 of 440 (1e-49) Sp5(Zf)/mES-Sp5.Flag-ChIP-Seq(GSE72989)/Homer
		28 of 440 (1e-48) Sp2(Zf)/HEK293-Sp2.eGFP-ChIP-Seq(Encode)/Homer
		29 of 440 (1e-46) Nr5a2(NR)/Pancreas-LRH1-ChIP-Seq(GSE34295)/Homer
		30 of 440 (1e-39) Ronin(THAP)/ES-Thap11-ChIP-Seq(GSE51522)/Homer
		31 of 440 (1e-39) SF1(NR)/H295R-Nr5a1-ChIP-Seq(GSE44220)/Homer
		32 of 440 (1e-37) Esrrb(NR)/mES-Esrrb-ChIP-Seq(GSE11431)/Homer
		33 of 440 (1e-37) E2F4(E2F)/K562-E2F4-ChIP-Seq(GSE31477)/Homer
		34 of 440 (1e-36) RAR:RXR(NR),DR0/ES-RAR-ChIP-Seq(GSE56893)/Homer
		35 of 440 (1e-35) GATA3(Zf)/iTreg-Gata3-ChIP-Seq(GSE20898)/Homer
		36 of 440 (1e-35) KLF10(Zf)/HEK293-KLF10.GFP-ChIP-Seq(GSE58341)/Homer
		37 of 440 (1e-33) NRF1(NRF)/MCF7-NRF1-ChIP-Seq(Unpublished)/Homer
		38 of 440 (1e-32) ERRg(NR)/Kidney-ESRRG-ChIP-Seq(GSE104905)/Homer
		39 of 440 (1e-31) GABPA(ETS)/Jurkat-GABPa-ChIP-Seq(GSE17954)/Homer
		40 of 440 (1e-30) E2F1(E2F)/Hela-E2F1-ChIP-Seq(GSE22478)/Homer
		41 of 440 (1e-27) NRF(NRF)/Promoter/Homer
		42 of 440 (1e-26) E2F7(E2F)/Hela-E2F7-ChIP-Seq(GSE32673)/Homer
		43 of 440 (1e-26) ETV4(ETS)/HepG2-ETV4-ChIP-Seq(ENCODE)/Homer
		44 of 440 (1e-22) RARg(NR)/ES-RARg-ChIP-Seq(GSE30538)/Homer
		45 of 440 (1e-22) c-Myc(bHLH)/LNCAP-cMyc-ChIP-Seq(Unpublished)/Homer
		46 of 440 (1e-22) Stat3(Stat)/mES-Stat3-ChIP-Seq(GSE11431)/Homer
		47 of 440 (1e-20) CTCF-SatelliteElement(Zf?)/CD4+-CTCF-ChIP-Seq(Barski_et_al.)/Homer
		48 of 440 (1e-19) SPDEF(ETS)/VCaP-SPDEF-ChIP-Seq(SRA014231)/Homer
		49 of 440 (1e-18) GFY-Staf(?,Zf)/Promoter/Homer
		50 of 440 (1e-17) bHLHE40(bHLH)/HepG2-BHLHE40-ChIP-Seq(GSE31477)/Homer
		51 of 440 (1e-17) TRPS1(Zf)/MCF7-TRPS1-ChIP-Seq(GSE107013)/Homer
		52 of 440 (1e-17) HIF2a(bHLH)/785_O-HIF2a-ChIP-Seq(GSE34871)/Homer
		53 of 440 (1e-16) Fli1(ETS)/CD8-FLI-ChIP-Seq(GSE20898)/Homer
		54 of 440 (1e-16) Elf4(ETS)/BMDM-Elf4-ChIP-Seq(GSE88699)/Homer
		55 of 440 (1e-16) Arnt:Ahr(bHLH)/MCF7-Arnt-ChIP-Seq(Lo_et_al.)/Homer
		56 of 440 (1e-16) GATA(Zf),IR4/iTreg-Gata3-ChIP-Seq(GSE20898)/Homer
		57 of 440 (1e-15) GFY(?)/Promoter/Homer
		58 of 440 (1e-15) Zfp57(Zf)/H1-ZFP57.HA-ChIP-Seq(GSE115387)/Homer
		59 of 440 (1e-14) Usf2(bHLH)/C2C12-Usf2-ChIP-Seq(GSE36030)/Homer
		60 of 440 (1e-14) Tcfcp2l1(CP2)/mES-Tcfcp2l1-ChIP-Seq(GSE11431)/Homer
		61 of 440 (1e-14) EWS:FLI1-fusion(ETS)/SK_N_MC-EWS:FLI1-ChIP-Seq(SRA014231)/Homer
		62 of 440 (1e-13) ELF5(ETS)/T47D-ELF5-ChIP-Seq(GSE30407)/Homer
		63 of 440 (1e-12) HINFP(Zf)/K562-HINFP.eGFP-ChIP-Seq(Encode)/Homer
		64 of 440 (1e-12) Npas4(bHLH)/Neuron-Npas4-ChIP-Seq(GSE127793)/Homer
		65 of 440 (1e-12) ETS1(ETS)/Jurkat-ETS1-ChIP-Seq(GSE17954)/Homer
		66 of 440 (1e-12) E2F6(E2F)/Hela-E2F6-ChIP-Seq(GSE31477)/Homer
		67 of 440 (1e-12) E-box(bHLH)/Promoter/Homer
		68 of 440 (1e-11) ELF3(ETS)/PDAC-ELF3-ChIP-Seq(GSE64557)/Homer
		69 of 440 (1e-11) TFE3(bHLH)/MEF-TFE3-ChIP-Seq(GSE75757)/Homer
		70 of 440 (1e-11) CDX4(Homeobox)/ZebrafishEmbryos-Cdx4.Myc-ChIP-Seq(GSE48254)/Homer
		71 of 440 (1e-11) Zfp809(Zf)/ES-Zfp809-ChIP-Seq(GSE70799)/Homer
		72 of 440 (1e-10) THRb(NR)/HepG2-THRb.Flag-ChIP-Seq(Encode)/Homer
		73 of 440 (1e-10) Etv2(ETS)/ES-ER71-ChIP-Seq(GSE59402)/Homer
		74 of 440 (1e-10) RFX(HTH)/K562-RFX3-ChIP-Seq(SRA012198)/Homer
		75 of 440 (1e-10) Bach2(bZIP)/OCILy7-Bach2-ChIP-Seq(GSE44420)/Homer
		76 of 440 (1e-10) USF1(bHLH)/GM12878-Usf1-ChIP-Seq(GSE32465)/Homer
		77 of 440 (1e-10) E2F(E2F)/Hela-CellCycle-Expression/Homer
		78 of 440 (1e-10) HIF-1b(HLH)/T47D-HIF1b-ChIP-Seq(GSE59937)/Homer
		79 of 440 (1e-9) CLOCK(bHLH)/Liver-Clock-ChIP-Seq(GSE39860)/Homer
		80 of 440 (1e-9) CRE(bZIP)/Promoter/Homer
		81 of 440 (1e-9) HIF-1a(bHLH)/MCF7-HIF1a-ChIP-Seq(GSE28352)/Homer
		82 of 440 (1e-9) NF-E2(bZIP)/K562-NFE2-ChIP-Seq(GSE31477)/Homer
		83 of 440 (1e-8) Jun-AP1(bZIP)/K562-cJun-ChIP-Seq(GSE31477)/Homer
		84 of 440 (1e-8) KLF14(Zf)/HEK293-KLF14.GFP-ChIP-Seq(GSE58341)/Homer
		85 of 440 (1e-7) Egr2(Zf)/Thymocytes-Egr2-ChIP-Seq(GSE34254)/Homer
		86 of 440 (1e-7) Fosl2(bZIP)/3T3L1-Fosl2-ChIP-Seq(GSE56872)/Homer
		87 of 440 (1e-7) Rfx2(HTH)/LoVo-RFX2-ChIP-Seq(GSE49402)/Homer
		88 of 440 (1e-7) PBX1(Homeobox)/MCF7-PBX1-ChIP-Seq(GSE28007)/Homer
		89 of 440 (1e-7) GFX(?)/Promoter/Homer
		90 of 440 (1e-7) E2F3(E2F)/MEF-E2F3-ChIP-Seq(GSE71376)/Homer
		91 of 440 (1e-6) ZNF519(Zf)/HEK293-ZNF519.GFP-ChIP-Seq(GSE58341)/Homer
		92 of 440 (1e-6) ETV1(ETS)/GIST48-ETV1-ChIP-Seq(GSE22441)/Homer
		93 of 440 (1e-6) THRa(NR)/C17.2-THRa-ChIP-Seq(GSE38347)/Homer
		94 of 440 (1e-6) Nrf2(bZIP)/Lymphoblast-Nrf2-ChIP-Seq(GSE37589)/Homer
		95 of 440 (1e-6) Bach1(bZIP)/K562-Bach1-ChIP-Seq(GSE31477)/Homer
		96 of 440 (1e-6) Fra2(bZIP)/Striatum-Fra2-ChIP-Seq(GSE43429)/Homer
		97 of 440 (1e-5) GRHL2(CP2)/HBE-GRHL2-ChIP-Seq(GSE46194)/Homer
		98 of 440 (1e-5) NFE2L2(bZIP)/HepG2-NFE2L2-ChIP-Seq(Encode)/Homer
		99 of 440 (1e-5) JunB(bZIP)/DendriticCells-Junb-ChIP-Seq(GSE36099)/Homer
		100 of 440 (1e-5) LXRE(NR),DR4/RAW-LXRb.biotin-ChIP-Seq(GSE21512)/Homer
		101 of 440 (1e-5) ZBTB33(Zf)/GM12878-ZBTB33-ChIP-Seq(GSE32465)/Homer
		102 of 440 (1e-5) ZFX(Zf)/mES-Zfx-ChIP-Seq(GSE11431)/Homer
		103 of 440 (1e-5) Fra1(bZIP)/BT549-Fra1-ChIP-Seq(GSE46166)/Homer
		104 of 440 (1e-5) GATA(Zf),IR3/iTreg-Gata3-ChIP-Seq(GSE20898)/Homer
		105 of 440 (1e-4) EHF(ETS)/LoVo-EHF-ChIP-Seq(GSE49402)/Homer
		106 of 440 (1e-4) EAR2(NR)/K562-NR2F6-ChIP-Seq(Encode)/Homer
		107 of 440 (1e-4) Fos(bZIP)/TSC-Fos-ChIP-Seq(GSE110950)/Homer
		108 of 440 (1e-4) Atf3(bZIP)/GBM-ATF3-ChIP-Seq(GSE33912)/Homer
		109 of 440 (1e-4) Zfp281(Zf)/ES-Zfp281-ChIP-Seq(GSE81042)/Homer
		110 of 440 (1e-4) p73(p53)/Trachea-p73-ChIP-Seq(PRJNA310161)/Homer
		111 of 440 (1e-4) TR4(NR),DR1/Hela-TR4-ChIP-Seq(GSE24685)/Homer
		112 of 440 (1e-4) Tbx21(T-box)/GM12878-TBX21-ChIP-Seq(Encode)/Homer
		113 of 440 (1e-4) COUP-TFII(NR)/K562-NR2F1-ChIP-Seq(Encode)/Homer
		114 of 440 (1e-4) YY1(Zf)/Promoter/Homer
		115 of 440 (1e-4) STAT5(Stat)/mCD4+-Stat5-ChIP-Seq(GSE12346)/Homer
		116 of 440 (1e-4) AP-1(bZIP)/ThioMac-PU.1-ChIP-Seq(GSE21512)/Homer
		117 of 440 (1e-3) STAT1(Stat)/HelaS3-STAT1-ChIP-Seq(GSE12782)/Homer
		118 of 440 (1e-3) ERG(ETS)/VCaP-ERG-ChIP-Seq(GSE14097)/Homer
		119 of 440 (1e-3) JunD(bZIP)/K562-JunD-ChIP-Seq/Homer
		120 of 440 (1e-3) Nur77(NR)/K562-NR4A1-ChIP-Seq(GSE31363)/Homer
		121 of 440 (1e-3) BATF(bZIP)/Th17-BATF-ChIP-Seq(GSE39756)/Homer
		122 of 440 (1e-3) FOXA1:AR(Forkhead,NR)/LNCAP-AR-ChIP-Seq(GSE27824)/Homer
		123 of 440 (1e-3) GATA:SCL(Zf,bHLH)/Ter119-SCL-ChIP-Seq(GSE18720)/Homer
		124 of 440 (1e-3) PAX5(Paired,Homeobox),condensed/GM12878-PAX5-ChIP-Seq(GSE32465)/Homer
		125 of 440 (1e-3) Pknox1(Homeobox)/ES-Prep1-ChIP-Seq(GSE63282)/Homer
		126 of 440 (1e-3) EBF1(EBF)/Near-E2A-ChIP-Seq(GSE21512)/Homer
		127 of 440 (1e-3) RAR:RXR(NR),DR5/ES-RAR-ChIP-Seq(GSE56893)/Homer
		128 of 440 (1e-3) NFIL3(bZIP)/HepG2-NFIL3-ChIP-Seq(Encode)/Homer
		129 of 440 (1e-3) ZSCAN22(Zf)/HEK293-ZSCAN22.GFP-ChIP-Seq(GSE58341)/Homer
		130 of 440 (1e-3) ETS:RUNX(ETS,Runt)/Jurkat-RUNX1-ChIP-Seq(GSE17954)/Homer
		131 of 440 (1e-3) EBF(EBF)/proBcell-EBF-ChIP-Seq(GSE21978)/Homer
		132 of 440 (1e-3) MITF(bHLH)/MastCells-MITF-ChIP-Seq(GSE48085)/Homer
		133 of 440 (1e-2) NFkB-p65-Rel(RHD)/ThioMac-LPS-Expression(GSE23622)/Homer
		134 of 440 (1e-2) FXR(NR),IR1/Liver-FXR-ChIP-Seq(Chong_et_al.)/Homer
		135 of 440 (1e-2) Six4(Homeobox)/MCF7-SIX4-ChIP-Seq(Encode)/Homer
		136 of 440 (1e-2) Srebp2(bHLH)/HepG2-Srebp2-ChIP-Seq(GSE31477)/Homer
		137 of 440 (1e-2) Tbet(T-box)/CD8-Tbet-ChIP-Seq(GSE33802)/Homer
		138 of 440 (1e-2) X-box(HTH)/NPC-H3K4me1-ChIP-Seq(GSE16256)/Homer
		139 of 440 (1e-2) NFkB-p65(RHD)/GM12787-p65-ChIP-Seq(GSE19485)/Homer
		140 of 440 (1e-2) RORg(NR)/Liver-Rorc-ChIP-Seq(GSE101115)/Homer
	----------------------------------------------------------
	De novo motif finding (HOMER)

	Number of Trial motifs (-T) set to 7 (from 10) to work well with 7 CPUs
	Scanning input files...
	Parsing sequences...
	|0%                                   50%                                  100%|
	================================================================================
	Total number of Oligos: 32896
	Autoadjustment for sequence coverage in background: 1.29x

	Oligos: 32896 of 34497 max
	Tree  : 67204 of 172485 max
	Optimizing memory usage...
	Cache length = 11180
	Using binomial scoring

	Global Optimization Phase: Looking for enriched oligos with up to 2 mismatches...

	Screening oligos 32896 (allowing 0 mismatches):
	|0%                                   50%                                  100%|
	================================================================================
		0.00% skipped, 100.00% checked (32896 of 32896), of those checked:
		0.00% not in target, 0.00% increased p-value, 0.00% high p-value

	Screening oligos 32896 (allowing 1 mismatches):
	|0%                                   50%                                  100%|
	================================================================================
		0.00% skipped, 100.00% checked (32896 of 32896), of those checked:
		0.00% not in target, 47.69% increased p-value, 39.53% high p-value

	Screening oligos 32896 (allowing 2 mismatches):
	|0%                                   50%                                  100%|
	================================================================================
		56.55% skipped, 43.45% checked (14293 of 32896), of those checked:
		0.00% not in target, 33.25% increased p-value, 0.00% high p-value
	Reading input files...
	49999 total sequences read
	Cache length = 11180
	Using binomial scoring

	Local Optimization Phase:
	1 of 25 Initial Sequence: CCTTAGGC... (-420.621)
		Round 1: -893.58 CCTBAGGC T:15901.3(47.23%),B:13398.3(34.24%),P:1e-388
		Round 2: -893.58 CCTBAGGC T:15901.3(47.23%),B:13398.3(34.24%),P:1e-388
		=Final=: -478.30 CCTBAGGC T:3848.0(15.47%),B:2304.8(9.32%),P:1e-207
		Performing exhaustive masking of motif...
		Reprioritizing potential motifs...
	2 of 25 Initial Sequence: GCCACGCC... (-196.723)
		Round 1: -467.85 GCCACGCC T:16878.3(49.26%),B:16175.3(39.72%),P:1e-203
		Round 2: -467.85 GCCACGCC T:16878.3(49.26%),B:16175.3(39.72%),P:1e-203
		=Final=: -291.93 GCCACGCC T:8834.0(35.51%),B:7048.1(28.49%),P:1e-126
		Performing exhaustive masking of motif...
		Reprioritizing potential motifs...
	3 of 25 Initial Sequence: ATTCCGGC... (-173.223)
		Round 1: -310.66 ATTCCGGC T:14883.6(45.03%),B:14941.3(37.34%),P:1e-134
		Round 2: -324.24 ATTCCGGN T:16504.6(48.49%),B:16622.4(40.55%),P:1e-140
		Round 3: -324.24 ATTCCGGN T:16504.6(48.49%),B:16622.4(40.55%),P:1e-140
		=Final=: -195.76 ATTCCGGN T:4421.0(17.77%),B:3306.7(13.37%),P:1e-85
		Performing exhaustive masking of motif...
		Reprioritizing potential motifs...
	4 of 25 Initial Sequence: CCTGGGGC... (-154.799)
		Round 1: -212.99 CCTGGGGC T:5576.6(20.08%),B:5283.1(15.24%),P:1e-92
		Round 2: -227.53 CCTAGGGC T:8428.7(28.74%),B:8331.8(22.95%),P:1e-98
		Round 3: -227.53 CCTAGGGC T:8428.7(28.74%),B:8331.8(22.95%),P:1e-98
		=Final=: -299.66 CCTAGGGC T:4410.0(17.73%),B:3060.4(12.37%),P:1e-130
		Performing exhaustive masking of motif...
		Reprioritizing potential motifs...
	5 of 25 Initial Sequence: CAAGGTCA... (-106.597)
		Round 1: -133.08 CAAGGTCA T:2820.2(10.72%),B:2608.4(7.84%),P:1e-57
		Round 2: -133.08 CAAGGTCA T:2820.2(10.72%),B:2608.4(7.84%),P:1e-57
		=Final=: -131.82 CAAGGTCA T:3224.0(12.96%),B:2426.4(9.81%),P:1e-57
		Performing exhaustive masking of motif...
		Reprioritizing potential motifs...
	6 of 25 Initial Sequence: AGATAACG... (-103.975)
		Round 1: -214.22 AGATAASG T:1570.9(6.12%),B:1133.2(3.48%),P:1e-93
		Round 2: -216.54 AGATAAGG T:2819.0(10.71%),B:2360.4(7.12%),P:1e-94
		Round 3: -228.05 AGATAACA T:3744.5(13.97%),B:3281.3(9.76%),P:1e-99
		Round 4: -240.17 CGATAAGG T:5417.3(19.57%),B:5007.6(14.50%),P:1e-104
		Round 5: -248.61 AGATAAGA T:3681.6(13.76%),B:3157.4(9.41%),P:1e-107
		Round 6: -248.61 AGATAAGA T:3681.6(13.76%),B:3157.4(9.41%),P:1e-107
		=Final=: -215.38 AGATAAGA T:1819.0(7.31%),B:1087.9(4.40%),P:1e-93
		Performing exhaustive masking of motif...
		Reprioritizing potential motifs...
	7 of 25 Initial Sequence: ACATTCCT... (-98.414)
		Round 1: -334.99 ACATTCCT T:4163.8(15.41%),B:3421.5(10.15%),P:1e-145
		Round 2: -334.99 ACATTCCT T:4163.8(15.41%),B:3421.5(10.15%),P:1e-145
		=Final=: -252.56 ACATTCCT T:3384.0(13.60%),B:2288.6(9.25%),P:1e-109
		Performing exhaustive masking of motif...
		Reprioritizing potential motifs...
	8 of 25 Initial Sequence: ACGCGATT... (-88.785)
		Round 1: -146.25 ACGCGATT T:14075.8(43.21%),B:15263.9(37.97%),P:1e-63
		Round 2: -146.25 ACGCGATT T:14075.8(43.21%),B:15263.9(37.97%),P:1e-63
		=Final=: -111.70 ACGCGATT T:6869.0(27.61%),B:5833.3(23.58%),P:1e-48
		Performing exhaustive masking of motif...
		Reprioritizing potential motifs...
	9 of 25 Initial Sequence: AGACCGGT... (-80.690)
		Round 1: -177.11 AGACCGGT T:14458.1(44.08%),B:15429.0(38.29%),P:1e-76
		Round 2: -177.11 AGACCGGT T:14458.1(44.08%),B:15429.0(38.29%),P:1e-76
		=Final=: -112.38 AGACCGGT T:5960.0(23.96%),B:4978.9(20.13%),P:1e-48
		Performing exhaustive masking of motif...
		Reprioritizing potential motifs...
	10 of 25 Initial Sequence: AACAAACA... (-75.617)
		Round 1: -81.79 AACAAACA T:4088.5(15.16%),B:4251.3(12.45%),P:1e-35
		Round 2: -81.79 AACAAACA T:4088.5(15.16%),B:4251.3(12.45%),P:1e-35
		=Final=: -24.50 AACAAACA T:3156.0(12.69%),B:2805.9(11.34%),P:1e-10
		Performing exhaustive masking of motif...
		Reprioritizing potential motifs...
	11 of 25 Initial Sequence: GTTGTTGT... (-62.342)
		Round 1: -89.74 GTTGTKGT T:2639.6(10.07%),B:2575.5(7.74%),P:1e-38
		Round 2: -111.46 GGTGTGGT T:4661.8(17.09%),B:4737.3(13.78%),P:1e-48
		Round 3: -111.46 GGTGTGGT T:4661.8(17.09%),B:4737.3(13.78%),P:1e-48
		=Final=: -65.34 GGTGTGGT T:5046.0(20.29%),B:4340.8(17.55%),P:1e-28
		Performing exhaustive masking of motif...
		Reprioritizing potential motifs...
	12 of 25 Initial Sequence: TGCGGGAA... (-57.108)
		Round 1: -91.36 TGCGGGAA T:13036.3(40.79%),B:14618.2(36.71%),P:1e-39
		Round 2: -112.00 TGCGGGAA T:9762.0(32.46%),B:10585.7(28.19%),P:1e-48
		Round 3: -116.17 TGCGGRAA T:8241.9(28.20%),B:8796.9(24.06%),P:1e-50
		Round 4: -147.73 TGCGGRAA T:12993.0(40.69%),B:14007.2(35.49%),P:1e-64
		Round 5: -147.73 TGCGGRAA T:12993.0(40.69%),B:14007.2(35.49%),P:1e-64
		=Final=: -120.92 TGCGGRAA T:8426.0(33.87%),B:7269.1(29.39%),P:1e-52
		Performing exhaustive masking of motif...
		Reprioritizing potential motifs...
	13 of 25 Initial Sequence: GCTCCGCC... (-55.528)
		Round 1: -92.08 GCTCCGCC T:3434.9(12.89%),B:3454.3(10.24%),P:1e-39
		Round 2: -92.08 GCTCCGCC T:3434.9(12.89%),B:3454.3(10.24%),P:1e-39
		=Final=: -153.12 GCTCCGCC T:2629.0(10.57%),B:1859.9(7.52%),P:1e-66
		Performing exhaustive masking of motif...
		Reprioritizing potential motifs...
	14 of 25 Initial Sequence: GCCTTAAG... (-47.870)
		Round 1: -93.18 GCCTTAAG T:11445.7(36.88%),B:12727.1(32.85%),P:1e-40
		Round 2: -106.17 GCCTTGAG T:5762.4(20.68%),B:6018.4(17.16%),P:1e-46
		Round 3: -106.17 GCCTTGAG T:5762.4(20.68%),B:6018.4(17.16%),P:1e-46
		=Final=: -119.21 GCCTTGAG T:7970.0(32.04%),B:6842.2(27.66%),P:1e-51
		Performing exhaustive masking of motif...
		Reprioritizing potential motifs...
	15 of 25 Initial Sequence: GCATTCCA... (-45.960)
		Round 1: -127.36 GCATTCSW T:3672.2(13.72%),B:3557.8(10.53%),P:1e-55
		Round 2: -127.36 GCATTCSW T:3672.2(13.72%),B:3557.8(10.53%),P:1e-55
		=Final=: -105.97 GCATTCSW T:1378.0(5.54%),B:916.1(3.70%),P:1e-46
		Performing exhaustive masking of motif...
		Reprioritizing potential motifs...
	16 of 25 Initial Sequence: CTGAATGT... (-41.393)
		Round 1: -41.39 CTGAATGT T:484.1(1.93%),B:405.5(1.26%),P:1e-17
		Round 2: -41.39 CTGAATGT T:484.1(1.93%),B:405.5(1.26%),P:1e-17
		=Final=: -33.04 CTGAATGT T:571.0(2.30%),B:404.3(1.63%),P:1e-14
		Performing exhaustive masking of motif...
		Reprioritizing potential motifs...
	17 of 25 Initial Sequence: TTTACGGC... (-40.541)
		Round 1: -69.48 TTTACGGC T:1377.6(5.39%),B:1269.7(3.89%),P:1e-30
		Round 2: -69.48 TTTACGGC T:1377.6(5.39%),B:1269.7(3.89%),P:1e-30
		=Final=: -80.97 TTTACGGC T:1675.0(6.73%),B:1220.9(4.94%),P:1e-35
		Performing exhaustive masking of motif...
		Reprioritizing potential motifs...
	18 of 25 Initial Sequence: AGATAAGC... (-33.479)
		Round 1: -40.41 AGATAAGC T:3411.9(12.81%),B:3745.6(11.06%),P:1e-17
		Round 2: -70.43 AGATWAGS T:12171.7(38.69%),B:13847.9(35.16%),P:1e-30
		Round 3: -78.51 MGHTWMGS T:7536.4(26.14%),B:8279.3(22.82%),P:1e-34
		Round 4: -78.51 MGHTWMGS T:7536.4(26.14%),B:8279.3(22.82%),P:1e-34
		=Final=: -97.61 MGHTWMGS T:3869.0(15.55%),B:3111.0(12.58%),P:1e-42
		Performing exhaustive masking of motif...
		Reprioritizing potential motifs...
	19 of 25 Initial Sequence: CGTCACGT... (-32.158)
		Round 1: -53.95 CGTCACGT T:2130.1(8.21%),B:2171.3(6.57%),P:1e-23
		Round 2: -53.95 CGTCACGT T:2130.1(8.21%),B:2171.3(6.57%),P:1e-23
		=Final=: -82.84 CGTCACGT T:2445.0(9.83%),B:1885.2(7.62%),P:1e-35
		Performing exhaustive masking of motif...
		Reprioritizing potential motifs...
	20 of 25 Initial Sequence: GCTTATCA... (-30.457)
		Round 1: -67.74 GCTTATCA T:884.8(3.49%),B:752.6(2.33%),P:1e-29
		Round 2: -70.74 SCTTATCG T:591.3(2.35%),B:451.7(1.40%),P:1e-30
		Round 3: -70.74 SCTTATCG T:591.3(2.35%),B:451.7(1.40%),P:1e-30
		=Final=: -91.41 SCTTATCG T:832.0(3.34%),B:506.9(2.05%),P:1e-39
		Performing exhaustive masking of motif...
		Reprioritizing potential motifs...
	21 of 25 Initial Sequence: CGACGTTT... (-30.058)
		Round 1: -57.77 CGACGTTT T:1138.1(4.47%),B:1051.3(3.24%),P:1e-25
		Round 2: -57.77 CGACGTTT T:1138.1(4.47%),B:1051.3(3.24%),P:1e-25
		=Final=: -90.29 CGACGTTT T:1571.0(6.32%),B:1109.0(4.48%),P:1e-39
		Performing exhaustive masking of motif...
		Reprioritizing potential motifs...
	22 of 25 Initial Sequence: CGGAAGTT... (-27.169)
		Round 1: -59.28 MGGAAGTN T:2727.3(10.38%),B:2823.5(8.45%),P:1e-25
		Round 2: -62.44 CGGAAGTD T:10636.9(34.79%),B:12118.4(31.56%),P:1e-27
		Round 3: -62.44 CGGAAGTD T:10636.9(34.79%),B:12118.4(31.56%),P:1e-27
		=Final=: -94.48 CGGAAGTD T:1159.0(4.66%),B:760.7(3.08%),P:1e-41
		Performing exhaustive masking of motif...
		Reprioritizing potential motifs...
	23 of 25 Initial Sequence: ACACACCC... (-26.913)
		Round 1: -63.60 ACACACCC T:3346.2(12.59%),B:3508.3(10.40%),P:1e-27
		Round 2: -63.60 ACACACCC T:3346.2(12.59%),B:3508.3(10.40%),P:1e-27
		=Final=: -89.45 ACACACCC T:3853.0(15.49%),B:3127.2(12.64%),P:1e-38
		Performing exhaustive masking of motif...
		Reprioritizing potential motifs...
	24 of 25 Initial Sequence: GCCACTCC... (-26.748)
		Round 1: -33.30 GCCACTCC T:2313.3(8.88%),B:2505.2(7.54%),P:1e-14
		Round 2: -40.17 GCCTCACC T:2942.8(11.15%),B:3194.1(9.51%),P:1e-17
		Round 3: -40.17 GCCTCACC T:2942.8(11.15%),B:3194.1(9.51%),P:1e-17
		=Final=: -74.89 GCCTCACC T:3586.0(14.42%),B:2941.6(11.89%),P:1e-32
		Performing exhaustive masking of motif...
		Reprioritizing potential motifs...
	25 of 25 Initial Sequence: CAAATTCC... (-26.059)
		Round 1: -74.16 CAAATTCC T:2140.7(8.24%),B:2088.4(6.32%),P:1e-32
		Round 2: -74.16 CAAATTCC T:2140.7(8.24%),B:2088.4(6.32%),P:1e-32
		=Final=: -79.75 CAAATTCC T:2550.0(10.25%),B:1988.8(8.04%),P:1e-34
		Performing exhaustive masking of motif...
		Reprioritizing potential motifs...

	Finalizing Enrichment Statistics (new in v3.4)
	Reading input files...
	49999 total sequences read
	Cache length = 11180
	Using binomial scoring
	Checking enrichment of 25 motif(s)
	|0%                                    50%                                  100%|
	=================================================================================
	Output in file: /home1/gyang/work_space/4.ProjectET/batch27_cr/7.Peak_anno/ICM_Tfap2c_rep2_peakAnalysis/homerMotifs.motifs8

	(Motifs in homer2 format)
	Determining similar motifs... 25 reduced to 13 motifs
	Outputing HTML and sequence logos for motif comparison...
	Checking de novo motifs against known motifs...
	Formatting HTML page...
		1 of 13 (1e-207) similar to TFAP2A/MA0003.4/Jaspar(0.915)
		2 of 13 (1e-127) similar to KLF5(Zf)/LoVo-KLF5-ChIP-Seq(GSE49402)/Homer(0.902)
		3 of 13 (1e-112) similar to TEAD2/MA1121.1/Jaspar(0.938)
		4 of 13 (1e-94) similar to GATA3(Zf)/iTreg-Gata3-ChIP-Seq(GSE20898)/Homer(0.979)
		5 of 13 (1e-61) similar to ESRRA/MA0592.3/Jaspar(0.971)
		6 of 13 (1e-57) similar to TFDP1/MA1122.1/Jaspar(0.799)
		7 of 13 (1e-52) similar to MLX/MA0663.1/Jaspar(0.626)
		8 of 13 (1e-51) similar to GRHL1/MA0647.1/Jaspar(0.757)
		9 of 13 (1e-48) similar to ETV5/MA0765.2/Jaspar(0.927)
		10 of 13 (1e-42) similar to NR4A1/MA1112.2/Jaspar(0.703)
		11 of 13 (1e-40) similar to TFEC/MA0871.2/Jaspar(0.875)
		12 of 13 (1e-39) similar to CDX4(Homeobox)/ZebrafishEmbryos-Cdx4.Myc-ChIP-Seq(GSE48254)/Homer(0.868)
		13 of 13 (1e-10) similar to Foxd3/MA0041.1/Jaspar(0.830)
	Job finished - if results look good, please send beer to ..

	Cleaning up tmp files...

