This is cutadapt 1.18 with Python 3.7.11
Command line parameters: -j 3 -a AGATCGGAAGAGC -A AGATCGGAAGAGC --trim-n -m 50 -q 20,20 -o /home1/gyang/work_space/4.ProjectET/batch32_cr/2.cutdata/8Cell_siTfap2c_H3K4me3_rep2.R1_cut.fq -p /home1/gyang/work_space/4.ProjectET/batch32_cr/2.cutdata/8Cell_siTfap2c_H3K4me3_rep2.R2_cut.fq 8Cell_siTfap2c_H3K4me3_rep2.R1.fq.gz 8Cell_siTfap2c_H3K4me3_rep2.R2.fq.gz
Processing reads on 3 cores in paired-end mode ...
Finished in 523.42 s (21 us/read; 2.87 M reads/minute).

=== Summary ===

Total read pairs processed:         25,014,695
  Read 1 with adapter:              17,459,350 (69.8%)
  Read 2 with adapter:              15,879,112 (63.5%)
Pairs that were too short:           1,535,576 (6.1%)
Pairs written (passing filters):    23,479,119 (93.9%)

Total basepairs processed: 7,504,408,500 bp
  Read 1: 3,752,204,250 bp
  Read 2: 3,752,204,250 bp
Quality-trimmed:              45,628,766 bp (0.6%)
  Read 1:    16,012,590 bp
  Read 2:    29,616,176 bp
Total written (filtered):  6,103,612,057 bp (81.3%)
  Read 1: 3,049,677,074 bp
  Read 2: 3,053,934,983 bp

=== First read: Adapter 1 ===

Sequence: AGATCGGAAGAGC; Type: regular 3'; Length: 13; Trimmed: 17459350 times.

No. of allowed errors:
0-9 bp: 0; 10-13 bp: 1

Bases preceding removed adapters:
  A: 37.7%
  C: 2.5%
  G: 8.9%
  T: 42.8%
  none/other: 8.0%

Overview of removed sequences
length	count	expect	max.err	error counts
3	471232	390854.6	0	471232
4	370140	97713.7	0	370140
5	381472	24428.4	0	381472
6	281685	6107.1	0	281685
7	251130	1526.8	0	251130
8	237868	381.7	0	237868
9	196520	95.4	0	195266 1254
10	233246	23.9	1	219258 13988
11	276498	6.0	1	255741 20757
12	263068	1.5	1	243708 19360
13	276435	0.4	1	256106 20329
14	315366	0.4	1	292291 23075
15	341170	0.4	1	316631 24539
16	343232	0.4	1	317223 26009
17	392670	0.4	1	359547 33123
18	374714	0.4	1	349496 25218
19	351378	0.4	1	329429 21949
20	401791	0.4	1	373850 27941
21	425984	0.4	1	397195 28789
22	458827	0.4	1	429341 29486
23	500125	0.4	1	466995 33130
24	490628	0.4	1	456567 34061
25	485483	0.4	1	453568 31915
26	469188	0.4	1	440606 28582
27	459431	0.4	1	430262 29169
28	405287	0.4	1	379605 25682
29	357588	0.4	1	332648 24940
30	306151	0.4	1	288310 17841
31	249246	0.4	1	234569 14677
32	245652	0.4	1	230860 14792
33	235572	0.4	1	220535 15037
34	234010	0.4	1	219322 14688
35	241291	0.4	1	223585 17706
36	230563	0.4	1	216721 13842
37	204645	0.4	1	192895 11750
38	209151	0.4	1	195663 13488
39	205097	0.4	1	192631 12466
40	174250	0.4	1	163608 10642
41	185606	0.4	1	174546 11060
42	193499	0.4	1	182787 10712
43	167037	0.4	1	156333 10704
44	179939	0.4	1	167897 12042
45	275473	0.4	1	263535 11938
46	86495	0.4	1	77744 8751
47	144347	0.4	1	136865 7482
48	157586	0.4	1	149423 8163
49	111437	0.4	1	105026 6411
50	77727	0.4	1	72390 5337
51	104310	0.4	1	98176 6134
52	89734	0.4	1	84779 4955
53	72307	0.4	1	68167 4140
54	89395	0.4	1	84128 5267
55	125071	0.4	1	119258 5813
56	101052	0.4	1	95368 5684
57	122664	0.4	1	116991 5673
58	120873	0.4	1	115190 5683
59	116125	0.4	1	110396 5729
60	75963	0.4	1	71977 3986
61	67706	0.4	1	63758 3948
62	111964	0.4	1	107601 4363
63	77387	0.4	1	73979 3408
64	52891	0.4	1	50057 2834
65	43996	0.4	1	41040 2956
66	102378	0.4	1	99428 2950
67	41314	0.4	1	38773 2541
68	45062	0.4	1	43013 2049
69	20358	0.4	1	18905 1453
70	12916	0.4	1	11915 1001
71	5189	0.4	1	4680 509
72	8068	0.4	1	7629 439
73	14918	0.4	1	14261 657
74	20154	0.4	1	19173 981
75	23682	0.4	1	22616 1066
76	26494	0.4	1	25314 1180
77	28078	0.4	1	26792 1286
78	28696	0.4	1	27369 1327
79	28759	0.4	1	27376 1383
80	27334	0.4	1	25985 1349
81	26347	0.4	1	25018 1329
82	25157	0.4	1	23913 1244
83	23888	0.4	1	22667 1221
84	22733	0.4	1	21533 1200
85	21674	0.4	1	20574 1100
86	20327	0.4	1	19287 1040
87	18384	0.4	1	17476 908
88	16994	0.4	1	16042 952
89	20687	0.4	1	19756 931
90	12647	0.4	1	11946 701
91	10523	0.4	1	9992 531
92	8733	0.4	1	8227 506
93	7484	0.4	1	7128 356
94	6736	0.4	1	6307 429
95	5739	0.4	1	5441 298
96	5438	0.4	1	5008 430
97	4759	0.4	1	4490 269
98	4713	0.4	1	4264 449
99	4226	0.4	1	4006 220
100	4066	0.4	1	3594 472
101	3252	0.4	1	3050 202
102	3157	0.4	1	2757 400
103	3223	0.4	1	3048 175
104	2333	0.4	1	1979 354
105	1623	0.4	1	1501 122
106	1781	0.4	1	1440 341
107	1150	0.4	1	1051 99
108	1302	0.4	1	1028 274
109	886	0.4	1	800 86
110	1204	0.4	1	890 314
111	667	0.4	1	589 78
112	1175	0.4	1	868 307
113	472	0.4	1	419 53
114	1053	0.4	1	778 275
115	412	0.4	1	343 69
116	977	0.4	1	737 240
117	251	0.4	1	209 42
118	989	0.4	1	764 225
119	238	0.4	1	199 39
120	1032	0.4	1	830 202
121	238	0.4	1	187 51
122	1155	0.4	1	949 206
123	180	0.4	1	150 30
124	1447	0.4	1	1273 174
125	140	0.4	1	92 48
126	1300	0.4	1	1116 184
127	188	0.4	1	130 58
128	1324	0.4	1	1160 164
129	97	0.4	1	66 31
130	1399	0.4	1	1267 132
131	87	0.4	1	73 14
132	2346	0.4	1	2186 160
133	114	0.4	1	68 46
134	1424	0.4	1	1350 74
135	61	0.4	1	46 15
136	468	0.4	1	433 35
137	59	0.4	1	32 27
138	176	0.4	1	136 40
139	53	0.4	1	29 24
140	77	0.4	1	47 30
141	80	0.4	1	43 37
142	95	0.4	1	32 63
143	75	0.4	1	43 32
144	83	0.4	1	43 40
145	116	0.4	1	9 107
146	93	0.4	1	10 83
147	204	0.4	1	33 171
148	721	0.4	1	13 708
149	17494	0.4	1	105 17389
150	1397856	0.4	1	6228 1391628

=== Second read: Adapter 2 ===

Sequence: AGATCGGAAGAGC; Type: regular 3'; Length: 13; Trimmed: 15879112 times.

No. of allowed errors:
0-9 bp: 0; 10-13 bp: 1

Bases preceding removed adapters:
  A: 40.8%
  C: 2.8%
  G: 9.7%
  T: 46.6%
  none/other: 0.1%

Overview of removed sequences
length	count	expect	max.err	error counts
3	483377	390854.6	0	483377
4	339484	97713.7	0	339484
5	370566	24428.4	0	370566
6	274774	6107.1	0	274774
7	256363	1526.8	0	256363
8	255998	381.7	0	255998
9	152681	95.4	0	152252 429
10	242370	23.9	1	213352 29018
11	265000	6.0	1	232934 32066
12	268263	1.5	1	234796 33467
13	269063	0.4	1	239863 29200
14	353366	0.4	1	310967 42399
15	298269	0.4	1	270595 27674
16	349238	0.4	1	313944 35294
17	448368	0.4	1	396653 51715
18	277386	0.4	1	248423 28963
19	575495	0.4	1	512785 62710
20	309096	0.4	1	278426 30670
21	351378	0.4	1	320249 31129
22	441554	0.4	1	402524 39030
23	488220	0.4	1	442699 45521
24	1136616	0.4	1	1035368 101248
25	352647	0.4	1	325691 26956
26	270457	0.4	1	248508 21949
27	229661	0.4	1	209566 20095
28	605880	0.4	1	563042 42838
29	118548	0.4	1	106138 12410
30	437519	0.4	1	408913 28606
31	148104	0.4	1	134246 13858
32	617631	0.4	1	584801 32830
33	243191	0.4	1	224861 18330
34	80615	0.4	1	71541 9074
35	366173	0.4	1	346466 19707
36	126882	0.4	1	117054 9828
37	144986	0.4	1	134301 10685
38	123873	0.4	1	115633 8240
39	121809	0.4	1	112727 9082
40	78822	0.4	1	73345 5477
41	163812	0.4	1	154395 9417
42	229723	0.4	1	218024 11699
43	118618	0.4	1	110395 8223
44	185208	0.4	1	174747 10461
45	341991	0.4	1	328080 13911
46	140737	0.4	1	131177 9560
47	108680	0.4	1	101727 6953
48	210571	0.4	1	201052 9519
49	97789	0.4	1	92192 5597
50	51871	0.4	1	48415 3456
51	149254	0.4	1	142758 6496
52	205740	0.4	1	198133 7607
53	94894	0.4	1	89896 4998
54	107586	0.4	1	102141 5445
55	118987	0.4	1	113718 5269
56	59593	0.4	1	56342 3251
57	94463	0.4	1	89796 4667
58	113139	0.4	1	108544 4595
59	64485	0.4	1	60946 3539
60	41817	0.4	1	39667 2150
61	31842	0.4	1	30025 1817
62	30913	0.4	1	29294 1619
63	29818	0.4	1	28395 1423
64	35320	0.4	1	33754 1566
65	38129	0.4	1	36356 1773
66	41131	0.4	1	39441 1690
67	40032	0.4	1	38401 1631
68	36753	0.4	1	35239 1514
69	32348	0.4	1	30985 1363
70	28115	0.4	1	26966 1149
71	26118	0.4	1	25079 1039
72	24065	0.4	1	23065 1000
73	23255	0.4	1	22247 1008
74	23338	0.4	1	22344 994
75	24657	0.4	1	23681 976
76	26383	0.4	1	25368 1015
77	27433	0.4	1	26350 1083
78	28800	0.4	1	27647 1153
79	27860	0.4	1	26777 1083
80	26759	0.4	1	25775 984
81	25900	0.4	1	24972 928
82	23765	0.4	1	22856 909
83	22919	0.4	1	22100 819
84	21768	0.4	1	20926 842
85	20775	0.4	1	20020 755
86	19867	0.4	1	19138 729
87	18417	0.4	1	17773 644
88	16302	0.4	1	15776 526
89	14089	0.4	1	13637 452
90	11553	0.4	1	11081 472
91	9912	0.4	1	9560 352
92	8242	0.4	1	7897 345
93	7292	0.4	1	7041 251
94	6384	0.4	1	6115 269
95	5716	0.4	1	5508 208
96	5228	0.4	1	4919 309
97	4507	0.4	1	4335 172
98	4388	0.4	1	4096 292
99	4086	0.4	1	3922 164
100	3850	0.4	1	3505 345
101	3244	0.4	1	3076 168
102	2993	0.4	1	2675 318
103	2409	0.4	1	2273 136
104	2158	0.4	1	1827 331
105	1588	0.4	1	1503 85
106	1651	0.4	1	1355 296
107	1165	0.4	1	1089 76
108	1227	0.4	1	939 288
109	852	0.4	1	784 68
110	1107	0.4	1	792 315
111	662	0.4	1	610 52
112	1075	0.4	1	756 319
113	487	0.4	1	446 41
114	977	0.4	1	635 342
115	396	0.4	1	347 49
116	948	0.4	1	601 347
117	255	0.4	1	210 45
118	949	0.4	1	653 296
119	238	0.4	1	207 31
120	998	0.4	1	739 259
121	232	0.4	1	202 30
122	1174	0.4	1	945 229
123	173	0.4	1	145 28
124	1474	0.4	1	1282 192
125	124	0.4	1	92 32
126	1338	0.4	1	1202 136
127	173	0.4	1	140 33
128	1338	0.4	1	1228 110
129	83	0.4	1	63 20
130	1391	0.4	1	1324 67
131	90	0.4	1	62 28
132	2336	0.4	1	2254 82
133	85	0.4	1	61 24
134	1410	0.4	1	1372 38
135	59	0.4	1	43 16
136	459	0.4	1	449 10
137	44	0.4	1	30 14
138	151	0.4	1	138 13
139	50	0.4	1	30 20
140	60	0.4	1	43 17
141	59	0.4	1	49 10
142	41	0.4	1	32 9
143	63	0.4	1	45 18
144	46	0.4	1	35 11
145	23	0.4	1	3 20
146	15	0.4	1	0 15
147	41	0.4	1	29 12
148	36	0.4	1	9 27
149	356	0.4	1	125 231
150	10099	0.4	1	6311 3788

