This is cutadapt 1.18 with Python 3.7.11
Command line parameters: -j 3 -a AGATCGGAAGAGC -A AGATCGGAAGAGC --trim-n -m 50 -q 20,20 -o /home1/gyang/work_space/4.ProjectET/batch32_cr/2.cutdata/8Cell_Ctrl_input.R1_cut.fq -p /home1/gyang/work_space/4.ProjectET/batch32_cr/2.cutdata/8Cell_Ctrl_input.R2_cut.fq 8Cell_Ctrl_input.R1.fq.gz 8Cell_Ctrl_input.R2.fq.gz
Processing reads on 3 cores in paired-end mode ...
Finished in 464.00 s (22 us/read; 2.79 M reads/minute).

=== Summary ===

Total read pairs processed:         21,573,563
  Read 1 with adapter:              15,063,816 (69.8%)
  Read 2 with adapter:              14,259,761 (66.1%)
Pairs that were too short:             904,631 (4.2%)
Pairs written (passing filters):    20,668,932 (95.8%)

Total basepairs processed: 6,472,068,900 bp
  Read 1: 3,236,034,450 bp
  Read 2: 3,236,034,450 bp
Quality-trimmed:              36,848,408 bp (0.6%)
  Read 1:    14,575,191 bp
  Read 2:    22,273,217 bp
Total written (filtered):  5,232,018,956 bp (80.8%)
  Read 1: 2,614,990,440 bp
  Read 2: 2,617,028,516 bp

=== First read: Adapter 1 ===

Sequence: AGATCGGAAGAGC; Type: regular 3'; Length: 13; Trimmed: 15063816 times.

No. of allowed errors:
0-9 bp: 0; 10-13 bp: 1

Bases preceding removed adapters:
  A: 41.1%
  C: 2.5%
  G: 8.4%
  T: 43.1%
  none/other: 5.0%

Overview of removed sequences
length	count	expect	max.err	error counts
3	493937	337086.9	0	493937
4	387867	84271.7	0	387867
5	366457	21067.9	0	366457
6	268824	5267.0	0	268824
7	210489	1316.7	0	210489
8	190995	329.2	0	190995
9	165572	82.3	0	164690 882
10	178321	20.6	1	168463 9858
11	196303	5.1	1	181567 14736
12	196939	1.3	1	184486 12453
13	203258	0.3	1	190409 12849
14	216476	0.3	1	201959 14517
15	230784	0.3	1	214875 15909
16	250001	0.3	1	231366 18635
17	275704	0.3	1	253948 21756
18	245907	0.3	1	231455 14452
19	235371	0.3	1	221554 13817
20	259657	0.3	1	241839 17818
21	278579	0.3	1	260592 17987
22	293650	0.3	1	278072 15578
23	323975	0.3	1	303065 20910
24	316136	0.3	1	292543 23593
25	329735	0.3	1	306294 23441
26	329080	0.3	1	308684 20396
27	328222	0.3	1	306315 21907
28	292439	0.3	1	274307 18132
29	260478	0.3	1	241348 19130
30	212230	0.3	1	200196 12034
31	177691	0.3	1	167508 10183
32	175657	0.3	1	164543 11114
33	173222	0.3	1	161292 11930
34	188782	0.3	1	174181 14601
35	191277	0.3	1	180667 10610
36	166172	0.3	1	156527 9645
37	184743	0.3	1	174439 10304
38	193079	0.3	1	180915 12164
39	176700	0.3	1	165480 11220
40	168627	0.3	1	155729 12898
41	176343	0.3	1	163920 12423
42	171593	0.3	1	162279 9314
43	213702	0.3	1	199474 14228
44	198494	0.3	1	183794 14700
45	322038	0.3	1	305676 16362
46	112581	0.3	1	100802 11779
47	190848	0.3	1	179550 11298
48	202337	0.3	1	190601 11736
49	148639	0.3	1	139093 9546
50	99137	0.3	1	90711 8426
51	161951	0.3	1	151995 9956
52	101761	0.3	1	94996 6765
53	86119	0.3	1	80610 5509
54	136539	0.3	1	128329 8210
55	141923	0.3	1	135246 6677
56	134785	0.3	1	127316 7469
57	140201	0.3	1	132939 7262
58	132133	0.3	1	124990 7143
59	181822	0.3	1	173104 8718
60	82588	0.3	1	77070 5518
61	101333	0.3	1	95791 5542
62	143139	0.3	1	137316 5823
63	100034	0.3	1	95106 4928
64	74313	0.3	1	70263 4050
65	90226	0.3	1	84941 5285
66	162803	0.3	1	157833 4970
67	49056	0.3	1	45083 3973
68	72225	0.3	1	68936 3289
69	48727	0.3	1	45717 3010
70	39111	0.3	1	36522 2589
71	6475	0.3	1	5505 970
72	5212	0.3	1	4701 511
73	13883	0.3	1	13227 656
74	24364	0.3	1	23304 1060
75	33823	0.3	1	32341 1482
76	40847	0.3	1	38985 1862
77	44767	0.3	1	42656 2111
78	45660	0.3	1	43442 2218
79	46231	0.3	1	43859 2372
80	43428	0.3	1	41285 2143
81	42224	0.3	1	40031 2193
82	40098	0.3	1	38046 2052
83	40419	0.3	1	38302 2117
84	39688	0.3	1	37817 1871
85	40012	0.3	1	37936 2076
86	38822	0.3	1	36945 1877
87	36277	0.3	1	34476 1801
88	32463	0.3	1	31005 1458
89	31206	0.3	1	29690 1516
90	26902	0.3	1	25466 1436
91	24804	0.3	1	23602 1202
92	22349	0.3	1	21255 1094
93	22293	0.3	1	21189 1104
94	21512	0.3	1	20428 1084
95	20619	0.3	1	19642 977
96	20470	0.3	1	19441 1029
97	20049	0.3	1	19117 932
98	18803	0.3	1	17767 1036
99	16375	0.3	1	15529 846
100	13643	0.3	1	12941 702
101	12127	0.3	1	11574 553
102	10642	0.3	1	10069 573
103	9260	0.3	1	8852 408
104	7915	0.3	1	7420 495
105	6860	0.3	1	6517 343
106	5999	0.3	1	5610 389
107	4785	0.3	1	4553 232
108	4240	0.3	1	3954 286
109	3364	0.3	1	3194 170
110	2886	0.3	1	2659 227
111	2287	0.3	1	2170 117
112	1845	0.3	1	1640 205
113	1021	0.3	1	942 79
114	1206	0.3	1	1029 177
115	607	0.3	1	538 69
116	801	0.3	1	627 174
117	355	0.3	1	306 49
118	730	0.3	1	593 137
119	231	0.3	1	201 30
120	715	0.3	1	570 145
121	191	0.3	1	151 40
122	643	0.3	1	532 111
123	111	0.3	1	86 25
124	859	0.3	1	742 117
125	102	0.3	1	87 15
126	774	0.3	1	670 104
127	74	0.3	1	58 16
128	829	0.3	1	729 100
129	60	0.3	1	36 24
130	745	0.3	1	686 59
131	40	0.3	1	23 17
132	1577	0.3	1	1486 91
133	28	0.3	1	15 13
134	947	0.3	1	894 53
135	27	0.3	1	12 15
136	248	0.3	1	232 16
137	17	0.3	1	6 11
138	66	0.3	1	54 12
139	16	0.3	1	9 7
140	40	0.3	1	14 26
141	28	0.3	1	9 19
142	33	0.3	1	7 26
143	49	0.3	1	19 30
144	56	0.3	1	13 43
145	65	0.3	1	2 63
146	112	0.3	1	7 105
147	188	0.3	1	7 181
148	456	0.3	1	6 450
149	9994	0.3	1	32 9962
150	744010	0.3	1	481 743529

=== Second read: Adapter 2 ===

Sequence: AGATCGGAAGAGC; Type: regular 3'; Length: 13; Trimmed: 14259761 times.

No. of allowed errors:
0-9 bp: 0; 10-13 bp: 1

Bases preceding removed adapters:
  A: 43.3%
  C: 2.4%
  G: 8.8%
  T: 45.5%
  none/other: 0.0%

Overview of removed sequences
length	count	expect	max.err	error counts
3	492358	337086.9	0	492358
4	380260	84271.7	0	380260
5	356353	21067.9	0	356353
6	265064	5267.0	0	265064
7	220284	1316.7	0	220284
8	206783	329.2	0	206783
9	139058	82.3	0	138647 411
10	186415	20.6	1	170838 15577
11	186676	5.1	1	171371 15305
12	200473	1.3	1	182735 17738
13	202398	0.3	1	186574 15824
14	233890	0.3	1	211341 22549
15	210170	0.3	1	194507 15663
16	249661	0.3	1	230039 19622
17	299567	0.3	1	275394 24173
18	201191	0.3	1	187242 13949
19	338742	0.3	1	311150 27592
20	218144	0.3	1	200252 17892
21	245071	0.3	1	229594 15477
22	287485	0.3	1	267576 19909
23	325046	0.3	1	303712 21334
24	752677	0.3	1	704925 47752
25	234305	0.3	1	220345 13960
26	208045	0.3	1	197213 10832
27	163003	0.3	1	151619 11384
28	449601	0.3	1	426830 22771
29	84150	0.3	1	76728 7422
30	325178	0.3	1	307352 17826
31	101755	0.3	1	93942 7813
32	468372	0.3	1	449521 18851
33	165061	0.3	1	155235 9826
34	70715	0.3	1	64939 5776
35	288398	0.3	1	276670 11728
36	129577	0.3	1	122054 7523
37	114631	0.3	1	107550 7081
38	135677	0.3	1	129356 6321
39	105288	0.3	1	99347 5941
40	91182	0.3	1	86601 4581
41	163426	0.3	1	155891 7535
42	246295	0.3	1	235133 11162
43	129503	0.3	1	122446 7057
44	206936	0.3	1	197368 9568
45	372445	0.3	1	360817 11628
46	156480	0.3	1	148787 7693
47	161145	0.3	1	154065 7080
48	243131	0.3	1	233686 9445
49	134781	0.3	1	128993 5788
50	71395	0.3	1	67589 3806
51	175365	0.3	1	168686 6679
52	235492	0.3	1	227887 7605
53	148516	0.3	1	142835 5681
54	126360	0.3	1	121523 4837
55	157378	0.3	1	152161 5217
56	101689	0.3	1	97793 3896
57	132341	0.3	1	127236 5105
58	127848	0.3	1	123158 4690
59	92213	0.3	1	88398 3815
60	68517	0.3	1	65730 2787
61	56985	0.3	1	54558 2427
62	54889	0.3	1	52800 2089
63	54787	0.3	1	52257 2530
64	62676	0.3	1	60346 2330
65	68695	0.3	1	66270 2425
66	72011	0.3	1	69619 2392
67	71485	0.3	1	69100 2385
68	63603	0.3	1	61481 2122
69	54945	0.3	1	53227 1718
70	45343	0.3	1	43846 1497
71	41010	0.3	1	39544 1466
72	36637	0.3	1	35408 1229
73	36339	0.3	1	35170 1169
74	37460	0.3	1	36225 1235
75	41168	0.3	1	39901 1267
76	44362	0.3	1	43021 1341
77	46489	0.3	1	45081 1408
78	47072	0.3	1	45615 1457
79	46462	0.3	1	45047 1415
80	43632	0.3	1	42220 1412
81	42606	0.3	1	41309 1297
82	39358	0.3	1	38168 1190
83	39810	0.3	1	38584 1226
84	39177	0.3	1	38025 1152
85	39503	0.3	1	38356 1147
86	38809	0.3	1	37710 1099
87	36764	0.3	1	35722 1042
88	32951	0.3	1	32054 897
89	30346	0.3	1	29512 834
90	26407	0.3	1	25654 753
91	24072	0.3	1	23397 675
92	21775	0.3	1	21205 570
93	22001	0.3	1	21436 565
94	21185	0.3	1	20675 510
95	20449	0.3	1	19939 510
96	20349	0.3	1	19793 556
97	19721	0.3	1	19257 464
98	18528	0.3	1	18010 518
99	16262	0.3	1	15899 363
100	13654	0.3	1	13226 428
101	12027	0.3	1	11706 321
102	10483	0.3	1	10139 344
103	9134	0.3	1	8894 240
104	7729	0.3	1	7413 316
105	6718	0.3	1	6535 183
106	5935	0.3	1	5647 288
107	4768	0.3	1	4630 138
108	4238	0.3	1	3988 250
109	3383	0.3	1	3260 123
110	2856	0.3	1	2663 193
111	2294	0.3	1	2212 82
112	1813	0.3	1	1630 183
113	1050	0.3	1	984 66
114	1253	0.3	1	1050 203
115	628	0.3	1	572 56
116	828	0.3	1	663 165
117	380	0.3	1	332 48
118	759	0.3	1	595 164
119	266	0.3	1	233 33
120	750	0.3	1	596 154
121	211	0.3	1	176 35
122	671	0.3	1	572 99
123	133	0.3	1	105 28
124	880	0.3	1	799 81
125	127	0.3	1	105 22
126	792	0.3	1	727 65
127	91	0.3	1	72 19
128	842	0.3	1	782 60
129	58	0.3	1	40 18
130	751	0.3	1	711 40
131	36	0.3	1	25 11
132	1582	0.3	1	1556 26
133	29	0.3	1	18 11
134	953	0.3	1	920 33
135	24	0.3	1	12 12
136	247	0.3	1	238 9
137	16	0.3	1	6 10
138	61	0.3	1	57 4
139	11	0.3	1	7 4
140	22	0.3	1	14 8
141	14	0.3	1	9 5
142	21	0.3	1	7 14
143	26	0.3	1	20 6
144	16	0.3	1	11 5
145	13	0.3	1	2 11
146	11	0.3	1	5 6
147	14	0.3	1	5 9
148	12	0.3	1	8 4
149	66	0.3	1	40 26
150	1002	0.3	1	493 509

