INFO  @ Sun, 02 May 2021 20:45:44: 
# Command line: callpeak -t CP_EXE_E65_Gata3_rep2.duprm.bam -f BAMPE -g mm -n CP_EXE_E65_Gata3_rep2 -B -q 0.05 --keep-dup 1 --outdir /home1/gyang/work_space/4.ProjectET/batch6_cr/6.peak
# ARGUMENTS LIST:
# name = CP_EXE_E65_Gata3_rep2
# format = BAMPE
# ChIP-seq file = ['CP_EXE_E65_Gata3_rep2.duprm.bam']
# control file = None
# effective genome size = 1.87e+09
# band width = 300
# model fold = [5, 50]
# qvalue cutoff = 5.00e-02
# Larger dataset will be scaled towards smaller dataset.
# Range for calculating regional lambda is: 10000 bps
# Broad region calling is off
# Paired-End mode is on
 
INFO  @ Sun, 02 May 2021 20:45:44: #1 read fragment files... 
INFO  @ Sun, 02 May 2021 20:45:44: #1 read treatment fragments... 
INFO  @ Sun, 02 May 2021 20:46:00:  1000000 
INFO  @ Sun, 02 May 2021 20:46:19:  2000000 
INFO  @ Sun, 02 May 2021 20:46:22: #1 mean fragment size is determined as 218 bp from treatment 
INFO  @ Sun, 02 May 2021 20:46:22: #1 fragment size = 218 
INFO  @ Sun, 02 May 2021 20:46:22: #1  total fragments in treatment: 2058069 
INFO  @ Sun, 02 May 2021 20:46:22: #1 user defined the maximum fragments... 
INFO  @ Sun, 02 May 2021 20:46:22: #1 filter out redundant fragments by allowing at most 1 identical fragment(s) 
INFO  @ Sun, 02 May 2021 20:46:29: #1  fragments after filtering in treatment: 2056987 
INFO  @ Sun, 02 May 2021 20:46:29: #1  Redundant rate of treatment: 0.00 
INFO  @ Sun, 02 May 2021 20:46:29: #1 finished! 
INFO  @ Sun, 02 May 2021 20:46:29: #2 Build Peak Model... 
INFO  @ Sun, 02 May 2021 20:46:29: #2 Skipped... 
INFO  @ Sun, 02 May 2021 20:46:29: #2 Use 218 as fragment length 
INFO  @ Sun, 02 May 2021 20:46:29: #3 Call peaks... 
INFO  @ Sun, 02 May 2021 20:46:29: #3 Pre-compute pvalue-qvalue table... 
INFO  @ Sun, 02 May 2021 20:46:41: #3 In the peak calling step, the following will be performed simultaneously: 
INFO  @ Sun, 02 May 2021 20:46:41: #3   Write bedGraph files for treatment pileup (after scaling if necessary)... CP_EXE_E65_Gata3_rep2_treat_pileup.bdg 
INFO  @ Sun, 02 May 2021 20:46:41: #3   Write bedGraph files for control lambda (after scaling if necessary)... CP_EXE_E65_Gata3_rep2_control_lambda.bdg 
INFO  @ Sun, 02 May 2021 20:46:41: #3   Pileup will be based on sequencing depth in treatment. 
INFO  @ Sun, 02 May 2021 20:46:41: #3 Call peaks for each chromosome... 
INFO  @ Sun, 02 May 2021 20:47:10: #4 Write output xls file... /home1/gyang/work_space/4.ProjectET/batch6_cr/6.peak/CP_EXE_E65_Gata3_rep2_peaks.xls 
INFO  @ Sun, 02 May 2021 20:47:10: #4 Write peak in narrowPeak format file... /home1/gyang/work_space/4.ProjectET/batch6_cr/6.peak/CP_EXE_E65_Gata3_rep2_peaks.narrowPeak 
INFO  @ Sun, 02 May 2021 20:47:10: #4 Write summits bed file... /home1/gyang/work_space/4.ProjectET/batch6_cr/6.peak/CP_EXE_E65_Gata3_rep2_summits.bed 
INFO  @ Sun, 02 May 2021 20:47:10: Done! 
