This is cutadapt 1.18 with Python 3.7.0
Command line parameters: -j 3 -a AGATCGGAAGAGC -A AGATCGGAAGAGC --trim-n -m 80 -q 20,20 -o /home1/gyang/work_space/4.ProjectET/batch15_rna/2.cutdata/8Cell_siKlf5_rep1.R1.fq.gz_cut.fq -p /home1/gyang/work_space/4.ProjectET/batch15_rna/2.cutdata/8Cell_siKlf5_rep1.R2.fq.gz_cut.fq 8Cell_siKlf5_rep1.R1.fq.gz 8Cell_siKlf5_rep1.R2.fq.gz
Processing reads on 3 cores in paired-end mode ...
Finished in 655.55 s (19 us/read; 3.19 M reads/minute).

=== Summary ===

Total read pairs processed:         34,885,160
  Read 1 with adapter:                 817,524 (2.3%)
  Read 2 with adapter:               1,126,673 (3.2%)
Pairs that were too short:              82,507 (0.2%)
Pairs written (passing filters):    34,802,653 (99.8%)

Total basepairs processed: 10,465,548,000 bp
  Read 1: 5,232,774,000 bp
  Read 2: 5,232,774,000 bp
Quality-trimmed:              23,667,303 bp (0.2%)
  Read 1:    11,725,434 bp
  Read 2:    11,941,869 bp
Total written (filtered):  10,415,442,826 bp (99.5%)
  Read 1: 5,208,075,388 bp
  Read 2: 5,207,367,438 bp

=== First read: Adapter 1 ===

Sequence: AGATCGGAAGAGC; Type: regular 3'; Length: 13; Trimmed: 817524 times.

No. of allowed errors:
0-9 bp: 0; 10-13 bp: 1

Bases preceding removed adapters:
  A: 22.7%
  C: 32.8%
  G: 27.2%
  T: 17.2%
  none/other: 0.0%

Overview of removed sequences
length	count	expect	max.err	error counts
3	585482	545080.6	0	585482
4	122217	136270.2	0	122217
5	27092	34067.5	0	27092
6	4886	8516.9	0	4886
7	2331	2129.2	0	2331
8	2375	532.3	0	2375
9	3048	133.1	0	2388 660
10	2610	33.3	1	1324 1286
11	3802	8.3	1	2048 1754
12	2427	2.1	1	1454 973
13	2320	0.5	1	1346 974
14	2801	0.5	1	1570 1231
15	2435	0.5	1	1294 1141
16	3221	0.5	1	1668 1553
17	3319	0.5	1	1793 1526
18	1717	0.5	1	1025 692
19	1652	0.5	1	922 730
20	2070	0.5	1	1147 923
21	1812	0.5	1	1046 766
22	1285	0.5	1	731 554
23	1809	0.5	1	994 815
24	2403	0.5	1	1167 1236
25	2219	0.5	1	846 1373
26	1376	0.5	1	657 719
27	1552	0.5	1	830 722
28	1408	0.5	1	747 661
29	2048	0.5	1	1079 969
30	1228	0.5	1	589 639
31	1089	0.5	1	570 519
32	1122	0.5	1	579 543
33	1503	0.5	1	776 727
34	1186	0.5	1	640 546
35	778	0.5	1	413 365
36	1180	0.5	1	598 582
37	801	0.5	1	411 390
38	1105	0.5	1	572 533
39	919	0.5	1	483 436
40	893	0.5	1	448 445
41	842	0.5	1	435 407
42	843	0.5	1	452 391
43	1138	0.5	1	589 549
44	843	0.5	1	345 498
45	970	0.5	1	549 421
46	355	0.5	1	166 189
47	493	0.5	1	244 249
48	566	0.5	1	273 293
49	376	0.5	1	190 186
50	410	0.5	1	217 193
51	553	0.5	1	274 279
52	331	0.5	1	173 158
53	250	0.5	1	118 132
54	380	0.5	1	197 183
55	365	0.5	1	192 173
56	324	0.5	1	195 129
57	569	0.5	1	413 156
58	501	0.5	1	338 163
59	280	0.5	1	126 154
60	178	0.5	1	68 110
61	166	0.5	1	45 121
62	222	0.5	1	95 127
63	151	0.5	1	61 90
64	127	0.5	1	59 68
65	154	0.5	1	68 86
66	211	0.5	1	85 126
67	165	0.5	1	70 95
68	192	0.5	1	79 113
69	129	0.5	1	55 74
70	133	0.5	1	66 67
71	58	0.5	1	21 37
72	41	0.5	1	13 28
73	78	0.5	1	25 53
74	120	0.5	1	34 86
75	101	0.5	1	24 77
76	122	0.5	1	47 75
77	134	0.5	1	42 92
78	85	0.5	1	30 55
79	56	0.5	1	32 24
80	46	0.5	1	15 31
81	26	0.5	1	14 12
82	38	0.5	1	10 28
83	36	0.5	1	8 28
84	24	0.5	1	3 21
85	22	0.5	1	2 20
86	25	0.5	1	0 25
87	11	0.5	1	0 11
88	17	0.5	1	3 14
89	18	0.5	1	3 15
90	8	0.5	1	4 4
91	11	0.5	1	2 9
92	15	0.5	1	1 14
93	8	0.5	1	3 5
94	6	0.5	1	1 5
95	7	0.5	1	0 7
96	15	0.5	1	3 12
97	14	0.5	1	1 13
98	15	0.5	1	0 15
99	15	0.5	1	1 14
100	10	0.5	1	1 9
101	13	0.5	1	1 12
102	5	0.5	1	0 5
103	8	0.5	1	0 8
104	14	0.5	1	0 14
105	15	0.5	1	2 13
106	13	0.5	1	2 11
107	13	0.5	1	0 13
108	8	0.5	1	0 8
109	7	0.5	1	1 6
110	13	0.5	1	1 12
111	4	0.5	1	0 4
112	10	0.5	1	1 9
113	16	0.5	1	0 16
114	15	0.5	1	1 14
115	13	0.5	1	1 12
116	36	0.5	1	0 36
117	16	0.5	1	1 15
118	21	0.5	1	0 21
119	36	0.5	1	2 34
120	10	0.5	1	1 9
121	16	0.5	1	0 16
122	14	0.5	1	0 14
123	7	0.5	1	0 7
124	8	0.5	1	0 8
125	10	0.5	1	0 10
126	20	0.5	1	1 19
127	27	0.5	1	0 27
128	12	0.5	1	1 11
129	24	0.5	1	0 24
130	13	0.5	1	1 12
131	18	0.5	1	0 18
132	12	0.5	1	0 12
133	9	0.5	1	0 9
134	9	0.5	1	0 9
135	14	0.5	1	2 12
136	2	0.5	1	0 2
137	15	0.5	1	1 14
138	12	0.5	1	0 12
139	16	0.5	1	0 16
140	5	0.5	1	0 5
141	5	0.5	1	0 5
142	16	0.5	1	0 16
143	11	0.5	1	0 11
144	13	0.5	1	0 13
145	6	0.5	1	0 6
147	2	0.5	1	0 2
149	2	0.5	1	0 2

=== Second read: Adapter 2 ===

Sequence: AGATCGGAAGAGC; Type: regular 3'; Length: 13; Trimmed: 1126673 times.

No. of allowed errors:
0-9 bp: 0; 10-13 bp: 1

Bases preceding removed adapters:
  A: 32.2%
  C: 26.1%
  G: 28.7%
  T: 13.0%
  none/other: 0.0%

Overview of removed sequences
length	count	expect	max.err	error counts
3	838231	545080.6	0	838231
4	150827	136270.2	0	150827
5	32723	34067.5	0	32723
6	6345	8516.9	0	6345
7	3950	2129.2	0	3950
8	3377	532.3	0	3377
9	3229	133.1	0	2360 869
10	4440	33.3	1	2417 2023
11	3888	8.3	1	2372 1516
12	3703	2.1	1	2544 1159
13	2708	0.5	1	1921 787
14	3751	0.5	1	2546 1205
15	2689	0.5	1	2064 625
16	2974	0.5	1	2199 775
17	3765	0.5	1	2658 1107
18	1647	0.5	1	1139 508
19	3606	0.5	1	2496 1110
20	2171	0.5	1	1542 629
21	2100	0.5	1	1471 629
22	2120	0.5	1	1538 582
23	2034	0.5	1	1425 609
24	3225	0.5	1	2052 1173
25	1985	0.5	1	1420 565
26	1675	0.5	1	1125 550
27	1755	0.5	1	1134 621
28	1600	0.5	1	1148 452
29	1945	0.5	1	1390 555
30	2095	0.5	1	1512 583
31	1801	0.5	1	1297 504
32	2151	0.5	1	1483 668
33	2457	0.5	1	1662 795
34	3465	0.5	1	2611 854
35	1803	0.5	1	1347 456
36	2376	0.5	1	1663 713
37	663	0.5	1	453 210
38	830	0.5	1	556 274
39	675	0.5	1	412 263
40	725	0.5	1	476 249
41	931	0.5	1	638 293
42	1573	0.5	1	1076 497
43	640	0.5	1	387 253
44	1822	0.5	1	1328 494
45	767	0.5	1	488 279
46	357	0.5	1	193 164
47	621	0.5	1	426 195
48	226	0.5	1	118 108
49	331	0.5	1	193 138
50	179	0.5	1	97 82
51	221	0.5	1	117 104
52	176	0.5	1	77 99
53	266	0.5	1	164 102
54	380	0.5	1	254 126
55	215	0.5	1	113 102
56	241	0.5	1	142 99
57	481	0.5	1	266 215
58	296	0.5	1	133 163
59	123	0.5	1	51 72
60	224	0.5	1	131 93
61	106	0.5	1	48 58
62	94	0.5	1	36 58
63	173	0.5	1	103 70
64	201	0.5	1	119 82
65	96	0.5	1	42 54
66	119	0.5	1	61 58
67	133	0.5	1	38 95
68	83	0.5	1	36 47
69	95	0.5	1	28 67
70	82	0.5	1	33 49
71	60	0.5	1	27 33
72	64	0.5	1	25 39
73	84	0.5	1	28 56
74	68	0.5	1	24 44
75	74	0.5	1	27 47
76	76	0.5	1	30 46
77	97	0.5	1	32 65
78	64	0.5	1	19 45
79	80	0.5	1	32 48
80	84	0.5	1	27 57
81	75	0.5	1	25 50
82	64	0.5	1	16 48
83	70	0.5	1	12 58
84	63	0.5	1	9 54
85	43	0.5	1	6 37
86	34	0.5	1	6 28
87	48	0.5	1	5 43
88	58	0.5	1	1 57
89	24	0.5	1	2 22
90	47	0.5	1	11 36
91	39	0.5	1	2 37
92	63	0.5	1	7 56
93	52	0.5	1	2 50
94	43	0.5	1	4 39
95	54	0.5	1	6 48
96	23	0.5	1	1 22
97	28	0.5	1	1 27
98	43	0.5	1	2 41
99	42	0.5	1	6 36
100	24	0.5	1	1 23
101	39	0.5	1	2 37
102	49	0.5	1	3 46
103	35	0.5	1	4 31
104	59	0.5	1	1 58
105	58	0.5	1	3 55
106	48	0.5	1	0 48
107	43	0.5	1	4 39
108	47	0.5	1	3 44
109	65	0.5	1	6 59
110	41	0.5	1	4 37
111	32	0.5	1	2 30
112	73	0.5	1	2 71
113	43	0.5	1	4 39
114	45	0.5	1	3 42
115	62	0.5	1	5 57
116	46	0.5	1	9 37
117	53	0.5	1	4 49
118	30	0.5	1	2 28
119	45	0.5	1	2 43
120	51	0.5	1	3 48
121	35	0.5	1	1 34
122	35	0.5	1	4 31
123	39	0.5	1	1 38
124	51	0.5	1	6 45
125	31	0.5	1	0 31
126	35	0.5	1	2 33
127	36	0.5	1	1 35
128	42	0.5	1	0 42
129	31	0.5	1	1 30
130	50	0.5	1	1 49
131	63	0.5	1	2 61
132	42	0.5	1	3 39
133	44	0.5	1	5 39
134	35	0.5	1	1 34
135	19	0.5	1	0 19
136	38	0.5	1	1 37
137	59	0.5	1	0 59
138	86	0.5	1	0 86
139	87	0.5	1	0 87
140	36	0.5	1	0 36
141	49	0.5	1	0 49
142	64	0.5	1	0 64
143	39	0.5	1	1 38
144	54	0.5	1	0 54
145	65	0.5	1	1 64
146	46	0.5	1	1 45
147	53	0.5	1	0 53
149	1	0.5	1	0 1

