This is cutadapt 1.18 with Python 3.7.0
Command line parameters: -j 3 -a AGATCGGAAGAGC -A AGATCGGAAGAGC --trim-n -m 80 -q 20,20 -o /home1/gyang/work_space/4.ProjectET/batch15_rna/2.cutdata/8Cell_Ctrl_rep3.R1.fq.gz_cut.fq -p /home1/gyang/work_space/4.ProjectET/batch15_rna/2.cutdata/8Cell_Ctrl_rep3.R2.fq.gz_cut.fq 8Cell_Ctrl_rep3.R1.fq.gz 8Cell_Ctrl_rep3.R2.fq.gz
Processing reads on 3 cores in paired-end mode ...
Finished in 603.94 s (19 us/read; 3.11 M reads/minute).

=== Summary ===

Total read pairs processed:         31,316,607
  Read 1 with adapter:                 764,196 (2.4%)
  Read 2 with adapter:               1,001,806 (3.2%)
Pairs that were too short:              86,848 (0.3%)
Pairs written (passing filters):    31,229,759 (99.7%)

Total basepairs processed: 9,394,982,100 bp
  Read 1: 4,697,491,050 bp
  Read 2: 4,697,491,050 bp
Quality-trimmed:              24,137,994 bp (0.3%)
  Read 1:    10,665,254 bp
  Read 2:    13,472,740 bp
Total written (filtered):  9,344,739,502 bp (99.5%)
  Read 1: 4,673,301,437 bp
  Read 2: 4,671,438,065 bp

=== First read: Adapter 1 ===

Sequence: AGATCGGAAGAGC; Type: regular 3'; Length: 13; Trimmed: 764196 times.

No. of allowed errors:
0-9 bp: 0; 10-13 bp: 1

Bases preceding removed adapters:
  A: 23.3%
  C: 32.9%
  G: 27.0%
  T: 16.8%
  none/other: 0.0%

Overview of removed sequences
length	count	expect	max.err	error counts
3	548672	489322.0	0	548672
4	112821	122330.5	0	112821
5	24970	30582.6	0	24970
6	4520	7645.7	0	4520
7	2162	1911.4	0	2162
8	2423	477.9	0	2423
9	3075	119.5	0	2469 606
10	2518	29.9	1	1329 1189
11	3734	7.5	1	2063 1671
12	2366	1.9	1	1487 879
13	2267	0.5	1	1347 920
14	2652	0.5	1	1563 1089
15	2329	0.5	1	1359 970
16	2802	0.5	1	1546 1256
17	3205	0.5	1	1785 1420
18	1755	0.5	1	1105 650
19	1530	0.5	1	893 637
20	1920	0.5	1	1132 788
21	1666	0.5	1	1017 649
22	1318	0.5	1	774 544
23	1742	0.5	1	980 762
24	2140	0.5	1	1100 1040
25	1924	0.5	1	826 1098
26	1269	0.5	1	634 635
27	1486	0.5	1	859 627
28	1338	0.5	1	739 599
29	1801	0.5	1	963 838
30	1151	0.5	1	599 552
31	960	0.5	1	530 430
32	991	0.5	1	542 449
33	1265	0.5	1	691 574
34	1174	0.5	1	652 522
35	1264	0.5	1	666 598
36	740	0.5	1	428 312
37	1105	0.5	1	607 498
38	627	0.5	1	363 264
39	876	0.5	1	502 374
40	1138	0.5	1	619 519
41	678	0.5	1	357 321
42	727	0.5	1	390 337
43	979	0.5	1	508 471
44	923	0.5	1	402 521
45	802	0.5	1	454 348
46	356	0.5	1	195 161
47	380	0.5	1	197 183
48	494	0.5	1	270 224
49	386	0.5	1	201 185
50	361	0.5	1	180 181
51	505	0.5	1	281 224
52	343	0.5	1	195 148
53	253	0.5	1	113 140
54	308	0.5	1	156 152
55	278	0.5	1	150 128
56	294	0.5	1	172 122
57	443	0.5	1	306 137
58	446	0.5	1	307 139
59	240	0.5	1	121 119
60	161	0.5	1	68 93
61	132	0.5	1	49 83
62	165	0.5	1	83 82
63	119	0.5	1	39 80
64	117	0.5	1	52 65
65	130	0.5	1	61 69
66	211	0.5	1	90 121
67	154	0.5	1	55 99
68	178	0.5	1	74 104
69	109	0.5	1	51 58
70	135	0.5	1	59 76
71	76	0.5	1	22 54
72	62	0.5	1	27 35
73	85	0.5	1	34 51
74	94	0.5	1	38 56
75	89	0.5	1	35 54
76	97	0.5	1	33 64
77	98	0.5	1	36 62
78	94	0.5	1	37 57
79	64	0.5	1	34 30
80	45	0.5	1	21 24
81	33	0.5	1	10 23
82	22	0.5	1	6 16
83	11	0.5	1	4 7
84	25	0.5	1	4 21
85	17	0.5	1	1 16
86	35	0.5	1	1 34
87	17	0.5	1	1 16
88	11	0.5	1	1 10
89	16	0.5	1	1 15
90	12	0.5	1	2 10
91	9	0.5	1	0 9
92	14	0.5	1	1 13
93	16	0.5	1	0 16
94	7	0.5	1	0 7
95	22	0.5	1	0 22
96	14	0.5	1	1 13
97	14	0.5	1	0 14
98	12	0.5	1	0 12
99	13	0.5	1	0 13
100	12	0.5	1	3 9
101	12	0.5	1	4 8
102	6	0.5	1	0 6
103	3	0.5	1	0 3
104	21	0.5	1	1 20
105	20	0.5	1	2 18
106	4	0.5	1	1 3
107	20	0.5	1	0 20
108	11	0.5	1	2 9
109	8	0.5	1	0 8
110	22	0.5	1	0 22
111	15	0.5	1	1 14
112	17	0.5	1	2 15
113	10	0.5	1	0 10
114	18	0.5	1	0 18
115	14	0.5	1	1 13
116	42	0.5	1	0 42
117	19	0.5	1	0 19
118	25	0.5	1	0 25
119	18	0.5	1	1 17
120	7	0.5	1	0 7
121	21	0.5	1	1 20
122	9	0.5	1	0 9
123	23	0.5	1	0 23
124	13	0.5	1	0 13
125	2	0.5	1	0 2
126	23	0.5	1	1 22
127	13	0.5	1	0 13
128	6	0.5	1	1 5
129	6	0.5	1	0 6
130	23	0.5	1	0 23
131	8	0.5	1	0 8
132	11	0.5	1	1 10
133	8	0.5	1	0 8
134	5	0.5	1	1 4
135	8	0.5	1	0 8
137	8	0.5	1	0 8
138	2	0.5	1	0 2
139	3	0.5	1	0 3
140	5	0.5	1	0 5
141	5	0.5	1	0 5
142	14	0.5	1	0 14
143	8	0.5	1	0 8
144	9	0.5	1	0 9
146	8	0.5	1	0 8
148	3	0.5	1	0 3
149	1	0.5	1	0 1

=== Second read: Adapter 2 ===

Sequence: AGATCGGAAGAGC; Type: regular 3'; Length: 13; Trimmed: 1001806 times.

No. of allowed errors:
0-9 bp: 0; 10-13 bp: 1

Bases preceding removed adapters:
  A: 32.2%
  C: 26.3%
  G: 27.9%
  T: 13.5%
  none/other: 0.0%

Overview of removed sequences
length	count	expect	max.err	error counts
3	743305	489322.0	0	743305
4	138010	122330.5	0	138010
5	29284	30582.6	0	29284
6	5470	7645.7	0	5470
7	3396	1911.4	0	3396
8	2956	477.9	0	2956
9	2802	119.5	0	2069 733
10	4061	29.9	1	2154 1907
11	3501	7.5	1	1998 1503
12	3494	1.9	1	2280 1214
13	2526	0.5	1	1753 773
14	3177	0.5	1	2017 1160
15	2424	0.5	1	1779 645
16	2529	0.5	1	1740 789
17	3326	0.5	1	2280 1046
18	1362	0.5	1	939 423
19	3201	0.5	1	2144 1057
20	1837	0.5	1	1256 581
21	1824	0.5	1	1297 527
22	1866	0.5	1	1267 599
23	1735	0.5	1	1179 556
24	2846	0.5	1	1719 1127
25	1674	0.5	1	1176 498
26	1414	0.5	1	917 497
27	1470	0.5	1	904 566
28	1357	0.5	1	962 395
29	1626	0.5	1	1088 538
30	1760	0.5	1	1214 546
31	1518	0.5	1	1090 428
32	1766	0.5	1	1160 606
33	2133	0.5	1	1381 752
34	2827	0.5	1	2040 787
35	1558	0.5	1	1060 498
36	2114	0.5	1	1435 679
37	574	0.5	1	370 204
38	715	0.5	1	480 235
39	591	0.5	1	325 266
40	714	0.5	1	481 233
41	791	0.5	1	497 294
42	1356	0.5	1	913 443
43	587	0.5	1	331 256
44	1503	0.5	1	1050 453
45	744	0.5	1	460 284
46	323	0.5	1	171 152
47	502	0.5	1	331 171
48	234	0.5	1	113 121
49	269	0.5	1	153 116
50	171	0.5	1	86 85
51	212	0.5	1	114 98
52	134	0.5	1	69 65
53	207	0.5	1	116 91
54	287	0.5	1	174 113
55	183	0.5	1	86 97
56	214	0.5	1	110 104
57	383	0.5	1	214 169
58	225	0.5	1	102 123
59	115	0.5	1	53 62
60	195	0.5	1	108 87
61	101	0.5	1	42 59
62	66	0.5	1	25 41
63	139	0.5	1	83 56
64	151	0.5	1	80 71
65	87	0.5	1	31 56
66	97	0.5	1	48 49
67	92	0.5	1	28 64
68	74	0.5	1	25 49
69	82	0.5	1	23 59
70	75	0.5	1	26 49
71	58	0.5	1	18 40
72	54	0.5	1	18 36
73	58	0.5	1	14 44
74	51	0.5	1	14 37
75	75	0.5	1	21 54
76	65	0.5	1	21 44
77	82	0.5	1	29 53
78	81	0.5	1	26 55
79	71	0.5	1	23 48
80	48	0.5	1	18 30
81	66	0.5	1	15 51
82	51	0.5	1	9 42
83	52	0.5	1	8 44
84	55	0.5	1	6 49
85	30	0.5	1	7 23
86	36	0.5	1	2 34
87	43	0.5	1	5 38
88	51	0.5	1	4 47
89	61	0.5	1	4 57
90	41	0.5	1	3 38
91	31	0.5	1	1 30
92	47	0.5	1	2 45
93	36	0.5	1	2 34
94	41	0.5	1	2 39
95	59	0.5	1	2 57
96	39	0.5	1	1 38
97	29	0.5	1	6 23
98	24	0.5	1	5 19
99	36	0.5	1	4 32
100	35	0.5	1	1 34
101	40	0.5	1	6 34
102	46	0.5	1	8 38
103	48	0.5	1	5 43
104	46	0.5	1	5 41
105	35	0.5	1	1 34
106	51	0.5	1	7 44
107	48	0.5	1	4 44
108	50	0.5	1	3 47
109	79	0.5	1	2 77
110	37	0.5	1	1 36
111	30	0.5	1	4 26
112	47	0.5	1	2 45
113	29	0.5	1	3 26
114	26	0.5	1	5 21
115	39	0.5	1	3 36
116	44	0.5	1	2 42
117	44	0.5	1	5 39
118	28	0.5	1	1 27
119	31	0.5	1	0 31
120	34	0.5	1	1 33
121	15	0.5	1	0 15
122	42	0.5	1	4 38
123	41	0.5	1	2 39
124	63	0.5	1	1 62
125	36	0.5	1	3 33
126	26	0.5	1	1 25
127	39	0.5	1	1 38
128	45	0.5	1	1 44
129	44	0.5	1	2 42
130	38	0.5	1	3 35
131	44	0.5	1	0 44
132	51	0.5	1	1 50
133	40	0.5	1	5 35
134	21	0.5	1	1 20
135	19	0.5	1	0 19
136	61	0.5	1	0 61
137	63	0.5	1	1 62
138	67	0.5	1	0 67
139	41	0.5	1	0 41
140	30	0.5	1	0 30
141	47	0.5	1	0 47
142	55	0.5	1	0 55
143	28	0.5	1	0 28
144	57	0.5	1	0 57
145	36	0.5	1	0 36
146	44	0.5	1	0 44
147	31	0.5	1	0 31
148	1	0.5	1	0 1
150	1	0.5	1	0 1

