This is cutadapt 1.18 with Python 3.7.0
Command line parameters: -j 3 -a AGATCGGAAGAGC -A AGATCGGAAGAGC --trim-n -m 80 -q 20,20 -o /home1/gyang/work_space/4.ProjectET/batch15_rna/2.cutdata/8Cell_siKlf5_rep3.R1.fq.gz_cut.fq -p /home1/gyang/work_space/4.ProjectET/batch15_rna/2.cutdata/8Cell_siKlf5_rep3.R2.fq.gz_cut.fq 8Cell_siKlf5_rep3.R1.fq.gz 8Cell_siKlf5_rep3.R2.fq.gz
Processing reads on 3 cores in paired-end mode ...
Finished in 571.98 s (19 us/read; 3.18 M reads/minute).

=== Summary ===

Total read pairs processed:         30,319,139
  Read 1 with adapter:                 721,188 (2.4%)
  Read 2 with adapter:                 970,377 (3.2%)
Pairs that were too short:              78,852 (0.3%)
Pairs written (passing filters):    30,240,287 (99.7%)

Total basepairs processed: 9,095,741,700 bp
  Read 1: 4,547,870,850 bp
  Read 2: 4,547,870,850 bp
Quality-trimmed:              21,856,170 bp (0.2%)
  Read 1:    10,129,863 bp
  Read 2:    11,726,307 bp
Total written (filtered):  9,049,405,810 bp (99.5%)
  Read 1: 4,525,339,021 bp
  Read 2: 4,524,066,789 bp

=== First read: Adapter 1 ===

Sequence: AGATCGGAAGAGC; Type: regular 3'; Length: 13; Trimmed: 721188 times.

No. of allowed errors:
0-9 bp: 0; 10-13 bp: 1

Bases preceding removed adapters:
  A: 23.4%
  C: 33.3%
  G: 26.5%
  T: 16.9%
  none/other: 0.0%

Overview of removed sequences
length	count	expect	max.err	error counts
3	510026	473736.5	0	510026
4	107055	118434.1	0	107055
5	25112	29608.5	0	25112
6	4838	7402.1	0	4838
7	2258	1850.5	0	2258
8	2347	462.6	0	2347
9	2885	115.7	0	2322 563
10	2568	28.9	1	1290 1278
11	3686	7.2	1	2009 1677
12	2321	1.8	1	1421 900
13	2188	0.5	1	1282 906
14	2576	0.5	1	1392 1184
15	2336	0.5	1	1345 991
16	2910	0.5	1	1496 1414
17	3109	0.5	1	1713 1396
18	1832	0.5	1	1082 750
19	1526	0.5	1	857 669
20	1992	0.5	1	1135 857
21	1618	0.5	1	936 682
22	1278	0.5	1	704 574
23	1736	0.5	1	969 767
24	2010	0.5	1	981 1029
25	2087	0.5	1	845 1242
26	1220	0.5	1	629 591
27	1512	0.5	1	791 721
28	1324	0.5	1	706 618
29	1700	0.5	1	898 802
30	1212	0.5	1	551 661
31	1027	0.5	1	545 482
32	1041	0.5	1	552 489
33	1347	0.5	1	685 662
34	1378	0.5	1	721 657
35	712	0.5	1	401 311
36	1116	0.5	1	610 506
37	1329	0.5	1	720 609
38	844	0.5	1	466 378
39	849	0.5	1	429 420
40	825	0.5	1	449 376
41	749	0.5	1	420 329
42	825	0.5	1	447 378
43	1013	0.5	1	519 494
44	931	0.5	1	436 495
45	825	0.5	1	475 350
46	367	0.5	1	187 180
47	435	0.5	1	206 229
48	524	0.5	1	263 261
49	394	0.5	1	183 211
50	456	0.5	1	223 233
51	576	0.5	1	320 256
52	363	0.5	1	187 176
53	285	0.5	1	152 133
54	339	0.5	1	177 162
55	341	0.5	1	190 151
56	312	0.5	1	162 150
57	463	0.5	1	312 151
58	445	0.5	1	278 167
59	295	0.5	1	143 152
60	180	0.5	1	67 113
61	138	0.5	1	51 87
62	189	0.5	1	84 105
63	135	0.5	1	60 75
64	178	0.5	1	69 109
65	152	0.5	1	60 92
66	218	0.5	1	98 120
67	184	0.5	1	88 96
68	185	0.5	1	84 101
69	135	0.5	1	62 73
70	122	0.5	1	62 60
71	58	0.5	1	21 37
72	55	0.5	1	17 38
73	94	0.5	1	33 61
74	137	0.5	1	37 100
75	92	0.5	1	35 57
76	115	0.5	1	44 71
77	128	0.5	1	43 85
78	94	0.5	1	34 60
79	54	0.5	1	19 35
80	43	0.5	1	17 26
81	19	0.5	1	9 10
82	29	0.5	1	8 21
83	19	0.5	1	5 14
84	24	0.5	1	8 16
85	8	0.5	1	2 6
86	27	0.5	1	3 24
87	8	0.5	1	3 5
88	20	0.5	1	1 19
89	17	0.5	1	2 15
90	9	0.5	1	0 9
91	21	0.5	1	2 19
92	7	0.5	1	1 6
93	11	0.5	1	1 10
94	5	0.5	1	0 5
95	15	0.5	1	0 15
96	13	0.5	1	1 12
97	7	0.5	1	1 6
98	19	0.5	1	1 18
99	24	0.5	1	2 22
100	9	0.5	1	0 9
101	10	0.5	1	1 9
102	13	0.5	1	0 13
103	5	0.5	1	1 4
104	16	0.5	1	1 15
105	18	0.5	1	0 18
106	11	0.5	1	1 10
107	15	0.5	1	1 14
108	12	0.5	1	0 12
109	7	0.5	1	1 6
110	8	0.5	1	0 8
111	8	0.5	1	0 8
112	18	0.5	1	4 14
113	25	0.5	1	0 25
114	12	0.5	1	0 12
115	18	0.5	1	0 18
116	20	0.5	1	1 19
117	15	0.5	1	0 15
118	15	0.5	1	0 15
119	26	0.5	1	1 25
120	24	0.5	1	4 20
121	22	0.5	1	0 22
122	9	0.5	1	0 9
123	5	0.5	1	0 5
124	12	0.5	1	0 12
125	6	0.5	1	0 6
126	10	0.5	1	0 10
127	10	0.5	1	0 10
128	7	0.5	1	1 6
129	7	0.5	1	0 7
130	19	0.5	1	0 19
131	9	0.5	1	0 9
132	11	0.5	1	1 10
133	13	0.5	1	2 11
134	13	0.5	1	3 10
135	6	0.5	1	0 6
136	1	0.5	1	0 1
137	4	0.5	1	0 4
138	8	0.5	1	0 8
139	5	0.5	1	0 5
140	1	0.5	1	0 1
141	9	0.5	1	0 9
142	14	0.5	1	0 14
143	9	0.5	1	0 9
144	7	0.5	1	0 7
145	3	0.5	1	0 3
146	3	0.5	1	2 1
149	2	0.5	1	0 2
150	2	0.5	1	0 2

=== Second read: Adapter 2 ===

Sequence: AGATCGGAAGAGC; Type: regular 3'; Length: 13; Trimmed: 970377 times.

No. of allowed errors:
0-9 bp: 0; 10-13 bp: 1

Bases preceding removed adapters:
  A: 32.5%
  C: 26.0%
  G: 27.7%
  T: 13.8%
  none/other: 0.0%

Overview of removed sequences
length	count	expect	max.err	error counts
3	711659	473736.5	0	711659
4	133952	118434.1	0	133952
5	29011	29608.5	0	29011
6	5903	7402.1	0	5903
7	3462	1850.5	0	3462
8	3097	462.6	0	3097
9	2908	115.7	0	2160 748
10	4169	28.9	1	2292 1877
11	3619	7.2	1	2263 1356
12	3444	1.8	1	2263 1181
13	2495	0.5	1	1779 716
14	3316	0.5	1	2178 1138
15	2583	0.5	1	1910 673
16	2858	0.5	1	2069 789
17	3306	0.5	1	2283 1023
18	1519	0.5	1	1016 503
19	3244	0.5	1	2151 1093
20	1857	0.5	1	1266 591
21	1991	0.5	1	1374 617
22	1890	0.5	1	1297 593
23	1765	0.5	1	1208 557
24	2887	0.5	1	1792 1095
25	1784	0.5	1	1250 534
26	1468	0.5	1	992 476
27	1666	0.5	1	1057 609
28	1582	0.5	1	1097 485
29	1752	0.5	1	1237 515
30	1983	0.5	1	1394 589
31	1591	0.5	1	1127 464
32	1878	0.5	1	1261 617
33	2122	0.5	1	1423 699
34	2984	0.5	1	2162 822
35	1765	0.5	1	1251 514
36	2214	0.5	1	1577 637
37	659	0.5	1	418 241
38	781	0.5	1	520 261
39	636	0.5	1	386 250
40	759	0.5	1	500 259
41	814	0.5	1	532 282
42	1463	0.5	1	954 509
43	642	0.5	1	368 274
44	1583	0.5	1	1131 452
45	727	0.5	1	471 256
46	325	0.5	1	194 131
47	549	0.5	1	395 154
48	206	0.5	1	120 86
49	286	0.5	1	160 126
50	181	0.5	1	83 98
51	226	0.5	1	119 107
52	156	0.5	1	79 77
53	243	0.5	1	152 91
54	355	0.5	1	249 106
55	183	0.5	1	104 79
56	229	0.5	1	141 88
57	401	0.5	1	251 150
58	281	0.5	1	125 156
59	147	0.5	1	48 99
60	255	0.5	1	136 119
61	89	0.5	1	46 43
62	84	0.5	1	32 52
63	168	0.5	1	109 59
64	187	0.5	1	117 70
65	85	0.5	1	31 54
66	117	0.5	1	50 67
67	132	0.5	1	52 80
68	99	0.5	1	25 74
69	72	0.5	1	26 46
70	78	0.5	1	40 38
71	69	0.5	1	24 45
72	83	0.5	1	25 58
73	61	0.5	1	25 36
74	62	0.5	1	33 29
75	93	0.5	1	24 69
76	92	0.5	1	20 72
77	99	0.5	1	35 64
78	74	0.5	1	27 47
79	65	0.5	1	20 45
80	37	0.5	1	20 17
81	78	0.5	1	20 58
82	52	0.5	1	11 41
83	53	0.5	1	8 45
84	43	0.5	1	6 37
85	47	0.5	1	7 40
86	36	0.5	1	8 28
87	33	0.5	1	5 28
88	48	0.5	1	7 41
89	36	0.5	1	3 33
90	47	0.5	1	4 43
91	54	0.5	1	5 49
92	48	0.5	1	2 46
93	44	0.5	1	3 41
94	51	0.5	1	4 47
95	45	0.5	1	0 45
96	40	0.5	1	1 39
97	25	0.5	1	1 24
98	29	0.5	1	0 29
99	38	0.5	1	1 37
100	39	0.5	1	0 39
101	50	0.5	1	7 43
102	68	0.5	1	3 65
103	73	0.5	1	3 70
104	41	0.5	1	5 36
105	37	0.5	1	0 37
106	49	0.5	1	1 48
107	33	0.5	1	3 30
108	34	0.5	1	3 31
109	48	0.5	1	1 47
110	43	0.5	1	3 40
111	30	0.5	1	3 27
112	70	0.5	1	3 67
113	41	0.5	1	2 39
114	27	0.5	1	6 21
115	42	0.5	1	0 42
116	25	0.5	1	2 23
117	47	0.5	1	5 42
118	30	0.5	1	4 26
119	29	0.5	1	3 26
120	33	0.5	1	0 33
121	42	0.5	1	0 42
122	35	0.5	1	5 30
123	26	0.5	1	0 26
124	40	0.5	1	2 38
125	20	0.5	1	1 19
126	33	0.5	1	0 33
127	34	0.5	1	0 34
128	54	0.5	1	4 50
129	35	0.5	1	1 34
130	29	0.5	1	1 28
131	23	0.5	1	0 23
132	26	0.5	1	0 26
133	39	0.5	1	0 39
134	30	0.5	1	1 29
135	20	0.5	1	1 19
136	26	0.5	1	0 26
137	43	0.5	1	0 43
138	71	0.5	1	0 71
139	65	0.5	1	0 65
140	17	0.5	1	0 17
141	38	0.5	1	0 38
142	49	0.5	1	0 49
143	17	0.5	1	0 17
144	43	0.5	1	0 43
145	43	0.5	1	0 43
146	49	0.5	1	0 49
147	36	0.5	1	0 36
149	1	0.5	1	0 1

